[2021-10-21 19:01:01,759] {scheduler_job.py:182} INFO - Started process (PID=34) to work on /opt/airflow/dags/fire_incidents_glue.py
[2021-10-21 19:01:01,760] {scheduler_job.py:629} INFO - Processing file /opt/airflow/dags/fire_incidents_glue.py for tasks to queue
[2021-10-21 19:01:01,762] {logging_mixin.py:104} INFO - [2021-10-21 19:01:01,762] {dagbag.py:451} INFO - Filling up the DagBag from /opt/airflow/dags/fire_incidents_glue.py
[2021-10-21 19:01:02,329] {logging_mixin.py:104} INFO - [2021-10-21 19:01:02,328] {dagbag.py:308} ERROR - Failed to import: /opt/airflow/dags/fire_incidents_glue.py
Traceback (most recent call last):
  File "/home/airflow/.local/lib/python3.6/site-packages/airflow/models/dagbag.py", line 305, in _load_modules_from_file
    loader.exec_module(new_module)
  File "<frozen importlib._bootstrap_external>", line 678, in exec_module
  File "<frozen importlib._bootstrap>", line 219, in _call_with_frames_removed
  File "/opt/airflow/dags/fire_incidents_glue.py", line 43, in <module>
    conn = BaseHook.get_connection('aws_default')
  File "/home/airflow/.local/lib/python3.6/site-packages/airflow/hooks/base.py", line 67, in get_connection
    conn = Connection.get_connection_from_secrets(conn_id)
  File "/home/airflow/.local/lib/python3.6/site-packages/airflow/models/connection.py", line 354, in get_connection_from_secrets
    raise AirflowNotFoundException(f"The conn_id `{conn_id}` isn't defined")
airflow.exceptions.AirflowNotFoundException: The conn_id `aws_default` isn't defined
[2021-10-21 19:01:02,330] {scheduler_job.py:641} WARNING - No viable dags retrieved from /opt/airflow/dags/fire_incidents_glue.py
[2021-10-21 19:01:02,339] {scheduler_job.py:190} INFO - Processing /opt/airflow/dags/fire_incidents_glue.py took 0.585 seconds
[2021-10-21 19:01:32,472] {scheduler_job.py:182} INFO - Started process (PID=37) to work on /opt/airflow/dags/fire_incidents_glue.py
[2021-10-21 19:01:32,473] {scheduler_job.py:629} INFO - Processing file /opt/airflow/dags/fire_incidents_glue.py for tasks to queue
[2021-10-21 19:01:32,474] {logging_mixin.py:104} INFO - [2021-10-21 19:01:32,474] {dagbag.py:451} INFO - Filling up the DagBag from /opt/airflow/dags/fire_incidents_glue.py
[2021-10-21 19:01:32,556] {logging_mixin.py:104} INFO - [2021-10-21 19:01:32,556] {dagbag.py:308} ERROR - Failed to import: /opt/airflow/dags/fire_incidents_glue.py
Traceback (most recent call last):
  File "/home/airflow/.local/lib/python3.6/site-packages/airflow/models/dagbag.py", line 305, in _load_modules_from_file
    loader.exec_module(new_module)
  File "<frozen importlib._bootstrap_external>", line 678, in exec_module
  File "<frozen importlib._bootstrap>", line 219, in _call_with_frames_removed
  File "/opt/airflow/dags/fire_incidents_glue.py", line 43, in <module>
    conn = BaseHook.get_connection('aws_default')
  File "/home/airflow/.local/lib/python3.6/site-packages/airflow/hooks/base.py", line 67, in get_connection
    conn = Connection.get_connection_from_secrets(conn_id)
  File "/home/airflow/.local/lib/python3.6/site-packages/airflow/models/connection.py", line 354, in get_connection_from_secrets
    raise AirflowNotFoundException(f"The conn_id `{conn_id}` isn't defined")
airflow.exceptions.AirflowNotFoundException: The conn_id `aws_default` isn't defined
[2021-10-21 19:01:32,557] {scheduler_job.py:641} WARNING - No viable dags retrieved from /opt/airflow/dags/fire_incidents_glue.py
[2021-10-21 19:01:32,561] {scheduler_job.py:190} INFO - Processing /opt/airflow/dags/fire_incidents_glue.py took 0.091 seconds
[2021-10-21 19:02:02,671] {scheduler_job.py:182} INFO - Started process (PID=40) to work on /opt/airflow/dags/fire_incidents_glue.py
[2021-10-21 19:02:02,672] {scheduler_job.py:629} INFO - Processing file /opt/airflow/dags/fire_incidents_glue.py for tasks to queue
[2021-10-21 19:02:02,673] {logging_mixin.py:104} INFO - [2021-10-21 19:02:02,673] {dagbag.py:451} INFO - Filling up the DagBag from /opt/airflow/dags/fire_incidents_glue.py
[2021-10-21 19:02:02,756] {logging_mixin.py:104} INFO - [2021-10-21 19:02:02,756] {dagbag.py:308} ERROR - Failed to import: /opt/airflow/dags/fire_incidents_glue.py
Traceback (most recent call last):
  File "/home/airflow/.local/lib/python3.6/site-packages/airflow/models/dagbag.py", line 305, in _load_modules_from_file
    loader.exec_module(new_module)
  File "<frozen importlib._bootstrap_external>", line 678, in exec_module
  File "<frozen importlib._bootstrap>", line 219, in _call_with_frames_removed
  File "/opt/airflow/dags/fire_incidents_glue.py", line 43, in <module>
    conn = BaseHook.get_connection('aws_default')
  File "/home/airflow/.local/lib/python3.6/site-packages/airflow/hooks/base.py", line 67, in get_connection
    conn = Connection.get_connection_from_secrets(conn_id)
  File "/home/airflow/.local/lib/python3.6/site-packages/airflow/models/connection.py", line 354, in get_connection_from_secrets
    raise AirflowNotFoundException(f"The conn_id `{conn_id}` isn't defined")
airflow.exceptions.AirflowNotFoundException: The conn_id `aws_default` isn't defined
[2021-10-21 19:02:02,757] {scheduler_job.py:641} WARNING - No viable dags retrieved from /opt/airflow/dags/fire_incidents_glue.py
[2021-10-21 19:02:02,761] {scheduler_job.py:190} INFO - Processing /opt/airflow/dags/fire_incidents_glue.py took 0.092 seconds
[2021-10-21 19:02:32,868] {scheduler_job.py:182} INFO - Started process (PID=43) to work on /opt/airflow/dags/fire_incidents_glue.py
[2021-10-21 19:02:32,869] {scheduler_job.py:629} INFO - Processing file /opt/airflow/dags/fire_incidents_glue.py for tasks to queue
[2021-10-21 19:02:32,870] {logging_mixin.py:104} INFO - [2021-10-21 19:02:32,869] {dagbag.py:451} INFO - Filling up the DagBag from /opt/airflow/dags/fire_incidents_glue.py
[2021-10-21 19:02:32,995] {logging_mixin.py:104} INFO - [2021-10-21 19:02:32,994] {dagbag.py:308} ERROR - Failed to import: /opt/airflow/dags/fire_incidents_glue.py
Traceback (most recent call last):
  File "/home/airflow/.local/lib/python3.6/site-packages/airflow/models/dagbag.py", line 305, in _load_modules_from_file
    loader.exec_module(new_module)
  File "<frozen importlib._bootstrap_external>", line 678, in exec_module
  File "<frozen importlib._bootstrap>", line 219, in _call_with_frames_removed
  File "/opt/airflow/dags/fire_incidents_glue.py", line 43, in <module>
    conn = BaseHook.get_connection('aws_default')
  File "/home/airflow/.local/lib/python3.6/site-packages/airflow/hooks/base.py", line 67, in get_connection
    conn = Connection.get_connection_from_secrets(conn_id)
  File "/home/airflow/.local/lib/python3.6/site-packages/airflow/models/connection.py", line 354, in get_connection_from_secrets
    raise AirflowNotFoundException(f"The conn_id `{conn_id}` isn't defined")
airflow.exceptions.AirflowNotFoundException: The conn_id `aws_default` isn't defined
[2021-10-21 19:02:32,996] {scheduler_job.py:641} WARNING - No viable dags retrieved from /opt/airflow/dags/fire_incidents_glue.py
[2021-10-21 19:02:33,002] {scheduler_job.py:190} INFO - Processing /opt/airflow/dags/fire_incidents_glue.py took 0.136 seconds
[2021-10-21 19:03:03,090] {scheduler_job.py:182} INFO - Started process (PID=46) to work on /opt/airflow/dags/fire_incidents_glue.py
[2021-10-21 19:03:03,091] {scheduler_job.py:629} INFO - Processing file /opt/airflow/dags/fire_incidents_glue.py for tasks to queue
[2021-10-21 19:03:03,092] {logging_mixin.py:104} INFO - [2021-10-21 19:03:03,091] {dagbag.py:451} INFO - Filling up the DagBag from /opt/airflow/dags/fire_incidents_glue.py
[2021-10-21 19:03:03,195] {logging_mixin.py:104} INFO - [2021-10-21 19:03:03,195] {dagbag.py:308} ERROR - Failed to import: /opt/airflow/dags/fire_incidents_glue.py
Traceback (most recent call last):
  File "/home/airflow/.local/lib/python3.6/site-packages/airflow/models/dagbag.py", line 305, in _load_modules_from_file
    loader.exec_module(new_module)
  File "<frozen importlib._bootstrap_external>", line 678, in exec_module
  File "<frozen importlib._bootstrap>", line 219, in _call_with_frames_removed
  File "/opt/airflow/dags/fire_incidents_glue.py", line 43, in <module>
    conn = BaseHook.get_connection('aws_default')
  File "/home/airflow/.local/lib/python3.6/site-packages/airflow/hooks/base.py", line 67, in get_connection
    conn = Connection.get_connection_from_secrets(conn_id)
  File "/home/airflow/.local/lib/python3.6/site-packages/airflow/models/connection.py", line 354, in get_connection_from_secrets
    raise AirflowNotFoundException(f"The conn_id `{conn_id}` isn't defined")
airflow.exceptions.AirflowNotFoundException: The conn_id `aws_default` isn't defined
[2021-10-21 19:03:03,196] {scheduler_job.py:641} WARNING - No viable dags retrieved from /opt/airflow/dags/fire_incidents_glue.py
[2021-10-21 19:03:03,200] {scheduler_job.py:190} INFO - Processing /opt/airflow/dags/fire_incidents_glue.py took 0.112 seconds
[2021-10-21 19:03:33,327] {scheduler_job.py:182} INFO - Started process (PID=49) to work on /opt/airflow/dags/fire_incidents_glue.py
[2021-10-21 19:03:33,328] {scheduler_job.py:629} INFO - Processing file /opt/airflow/dags/fire_incidents_glue.py for tasks to queue
[2021-10-21 19:03:33,328] {logging_mixin.py:104} INFO - [2021-10-21 19:03:33,328] {dagbag.py:451} INFO - Filling up the DagBag from /opt/airflow/dags/fire_incidents_glue.py
[2021-10-21 19:03:33,448] {logging_mixin.py:104} INFO - [2021-10-21 19:03:33,447] {dagbag.py:308} ERROR - Failed to import: /opt/airflow/dags/fire_incidents_glue.py
Traceback (most recent call last):
  File "/home/airflow/.local/lib/python3.6/site-packages/airflow/models/dagbag.py", line 305, in _load_modules_from_file
    loader.exec_module(new_module)
  File "<frozen importlib._bootstrap_external>", line 678, in exec_module
  File "<frozen importlib._bootstrap>", line 219, in _call_with_frames_removed
  File "/opt/airflow/dags/fire_incidents_glue.py", line 43, in <module>
    conn = BaseHook.get_connection('aws_default')
  File "/home/airflow/.local/lib/python3.6/site-packages/airflow/hooks/base.py", line 67, in get_connection
    conn = Connection.get_connection_from_secrets(conn_id)
  File "/home/airflow/.local/lib/python3.6/site-packages/airflow/models/connection.py", line 354, in get_connection_from_secrets
    raise AirflowNotFoundException(f"The conn_id `{conn_id}` isn't defined")
airflow.exceptions.AirflowNotFoundException: The conn_id `aws_default` isn't defined
[2021-10-21 19:03:33,449] {scheduler_job.py:641} WARNING - No viable dags retrieved from /opt/airflow/dags/fire_incidents_glue.py
[2021-10-21 19:03:33,453] {scheduler_job.py:190} INFO - Processing /opt/airflow/dags/fire_incidents_glue.py took 0.129 seconds
[2021-10-21 19:04:03,557] {scheduler_job.py:182} INFO - Started process (PID=52) to work on /opt/airflow/dags/fire_incidents_glue.py
[2021-10-21 19:04:03,558] {scheduler_job.py:629} INFO - Processing file /opt/airflow/dags/fire_incidents_glue.py for tasks to queue
[2021-10-21 19:04:03,558] {logging_mixin.py:104} INFO - [2021-10-21 19:04:03,558] {dagbag.py:451} INFO - Filling up the DagBag from /opt/airflow/dags/fire_incidents_glue.py
[2021-10-21 19:04:03,682] {logging_mixin.py:104} INFO - [2021-10-21 19:04:03,682] {dagbag.py:308} ERROR - Failed to import: /opt/airflow/dags/fire_incidents_glue.py
Traceback (most recent call last):
  File "/home/airflow/.local/lib/python3.6/site-packages/airflow/models/dagbag.py", line 305, in _load_modules_from_file
    loader.exec_module(new_module)
  File "<frozen importlib._bootstrap_external>", line 678, in exec_module
  File "<frozen importlib._bootstrap>", line 219, in _call_with_frames_removed
  File "/opt/airflow/dags/fire_incidents_glue.py", line 43, in <module>
    conn = BaseHook.get_connection('aws_default')
  File "/home/airflow/.local/lib/python3.6/site-packages/airflow/hooks/base.py", line 67, in get_connection
    conn = Connection.get_connection_from_secrets(conn_id)
  File "/home/airflow/.local/lib/python3.6/site-packages/airflow/models/connection.py", line 354, in get_connection_from_secrets
    raise AirflowNotFoundException(f"The conn_id `{conn_id}` isn't defined")
airflow.exceptions.AirflowNotFoundException: The conn_id `aws_default` isn't defined
[2021-10-21 19:04:03,683] {scheduler_job.py:641} WARNING - No viable dags retrieved from /opt/airflow/dags/fire_incidents_glue.py
[2021-10-21 19:04:03,688] {scheduler_job.py:190} INFO - Processing /opt/airflow/dags/fire_incidents_glue.py took 0.133 seconds
[2021-10-21 19:04:33,786] {scheduler_job.py:182} INFO - Started process (PID=55) to work on /opt/airflow/dags/fire_incidents_glue.py
[2021-10-21 19:04:33,787] {scheduler_job.py:629} INFO - Processing file /opt/airflow/dags/fire_incidents_glue.py for tasks to queue
[2021-10-21 19:04:33,787] {logging_mixin.py:104} INFO - [2021-10-21 19:04:33,787] {dagbag.py:451} INFO - Filling up the DagBag from /opt/airflow/dags/fire_incidents_glue.py
[2021-10-21 19:04:33,911] {scheduler_job.py:639} INFO - DAG(s) dict_keys(['Fire_Incidents']) retrieved from /opt/airflow/dags/fire_incidents_glue.py
[2021-10-21 19:04:33,915] {logging_mixin.py:104} INFO - [2021-10-21 19:04:33,915] {dag.py:1824} INFO - Sync 1 DAGs
[2021-10-21 19:04:33,928] {logging_mixin.py:104} INFO - [2021-10-21 19:04:33,928] {dag.py:2280} INFO - Setting next_dagrun for Fire_Incidents to 2021-10-19 00:00:00+00:00
[2021-10-21 19:04:33,938] {scheduler_job.py:190} INFO - Processing /opt/airflow/dags/fire_incidents_glue.py took 0.154 seconds
[2021-10-21 19:04:55,511] {scheduler_job.py:182} INFO - Started process (PID=61) to work on /opt/airflow/dags/fire_incidents_glue.py
[2021-10-21 19:04:55,511] {scheduler_job.py:629} INFO - Processing file /opt/airflow/dags/fire_incidents_glue.py for tasks to queue
[2021-10-21 19:04:55,512] {logging_mixin.py:104} INFO - [2021-10-21 19:04:55,512] {dagbag.py:451} INFO - Filling up the DagBag from /opt/airflow/dags/fire_incidents_glue.py
[2021-10-21 19:04:55,603] {scheduler_job.py:639} INFO - DAG(s) dict_keys(['Fire_Incidents']) retrieved from /opt/airflow/dags/fire_incidents_glue.py
[2021-10-21 19:04:55,605] {logging_mixin.py:104} INFO - [2021-10-21 19:04:55,605] {dag.py:1824} INFO - Sync 1 DAGs
[2021-10-21 19:04:55,616] {logging_mixin.py:104} INFO - [2021-10-21 19:04:55,616] {dag.py:2280} INFO - Setting next_dagrun for Fire_Incidents to 2021-10-21 00:00:00+00:00
[2021-10-21 19:04:55,624] {scheduler_job.py:190} INFO - Processing /opt/airflow/dags/fire_incidents_glue.py took 0.115 seconds
[2021-10-21 19:05:25,704] {scheduler_job.py:182} INFO - Started process (PID=64) to work on /opt/airflow/dags/fire_incidents_glue.py
[2021-10-21 19:05:25,706] {scheduler_job.py:629} INFO - Processing file /opt/airflow/dags/fire_incidents_glue.py for tasks to queue
[2021-10-21 19:05:25,707] {logging_mixin.py:104} INFO - [2021-10-21 19:05:25,707] {dagbag.py:451} INFO - Filling up the DagBag from /opt/airflow/dags/fire_incidents_glue.py
[2021-10-21 19:05:25,789] {scheduler_job.py:639} INFO - DAG(s) dict_keys(['Fire_Incidents']) retrieved from /opt/airflow/dags/fire_incidents_glue.py
[2021-10-21 19:05:25,799] {logging_mixin.py:104} INFO - [2021-10-21 19:05:25,799] {dag.py:1824} INFO - Sync 1 DAGs
[2021-10-21 19:05:25,810] {logging_mixin.py:104} INFO - [2021-10-21 19:05:25,810] {dag.py:2280} INFO - Setting next_dagrun for Fire_Incidents to 2021-10-21 00:00:00+00:00
[2021-10-21 19:05:25,820] {scheduler_job.py:190} INFO - Processing /opt/airflow/dags/fire_incidents_glue.py took 0.121 seconds
[2021-10-21 19:05:55,893] {scheduler_job.py:182} INFO - Started process (PID=72) to work on /opt/airflow/dags/fire_incidents_glue.py
[2021-10-21 19:05:55,894] {scheduler_job.py:629} INFO - Processing file /opt/airflow/dags/fire_incidents_glue.py for tasks to queue
[2021-10-21 19:05:55,895] {logging_mixin.py:104} INFO - [2021-10-21 19:05:55,894] {dagbag.py:451} INFO - Filling up the DagBag from /opt/airflow/dags/fire_incidents_glue.py
[2021-10-21 19:05:56,016] {scheduler_job.py:639} INFO - DAG(s) dict_keys(['Fire_Incidents_glue']) retrieved from /opt/airflow/dags/fire_incidents_glue.py
[2021-10-21 19:05:56,027] {logging_mixin.py:104} INFO - [2021-10-21 19:05:56,027] {dag.py:1824} INFO - Sync 1 DAGs
[2021-10-21 19:05:56,035] {logging_mixin.py:104} INFO - [2021-10-21 19:05:56,034] {dag.py:1843} INFO - Creating ORM DAG for Fire_Incidents_glue
[2021-10-21 19:05:56,039] {logging_mixin.py:104} INFO - [2021-10-21 19:05:56,039] {dag.py:2280} INFO - Setting next_dagrun for Fire_Incidents_glue to 2021-10-19 00:00:00+00:00
[2021-10-21 19:05:56,051] {scheduler_job.py:190} INFO - Processing /opt/airflow/dags/fire_incidents_glue.py took 0.162 seconds
[2021-10-21 19:06:26,213] {scheduler_job.py:182} INFO - Started process (PID=90) to work on /opt/airflow/dags/fire_incidents_glue.py
[2021-10-21 19:06:26,214] {scheduler_job.py:629} INFO - Processing file /opt/airflow/dags/fire_incidents_glue.py for tasks to queue
[2021-10-21 19:06:26,215] {logging_mixin.py:104} INFO - [2021-10-21 19:06:26,215] {dagbag.py:451} INFO - Filling up the DagBag from /opt/airflow/dags/fire_incidents_glue.py
[2021-10-21 19:06:26,316] {scheduler_job.py:639} INFO - DAG(s) dict_keys(['Fire_Incidents_glue']) retrieved from /opt/airflow/dags/fire_incidents_glue.py
[2021-10-21 19:06:26,324] {logging_mixin.py:104} INFO - [2021-10-21 19:06:26,324] {dag.py:1824} INFO - Sync 1 DAGs
[2021-10-21 19:06:26,334] {logging_mixin.py:104} INFO - [2021-10-21 19:06:26,334] {dag.py:2280} INFO - Setting next_dagrun for Fire_Incidents_glue to 2021-10-21 00:00:00+00:00
[2021-10-21 19:06:26,343] {scheduler_job.py:190} INFO - Processing /opt/airflow/dags/fire_incidents_glue.py took 0.134 seconds
[2021-10-21 19:06:56,411] {scheduler_job.py:182} INFO - Started process (PID=93) to work on /opt/airflow/dags/fire_incidents_glue.py
[2021-10-21 19:06:56,411] {scheduler_job.py:629} INFO - Processing file /opt/airflow/dags/fire_incidents_glue.py for tasks to queue
[2021-10-21 19:06:56,412] {logging_mixin.py:104} INFO - [2021-10-21 19:06:56,412] {dagbag.py:451} INFO - Filling up the DagBag from /opt/airflow/dags/fire_incidents_glue.py
[2021-10-21 19:06:56,505] {scheduler_job.py:639} INFO - DAG(s) dict_keys(['Fire_Incidents_glue']) retrieved from /opt/airflow/dags/fire_incidents_glue.py
[2021-10-21 19:06:56,513] {logging_mixin.py:104} INFO - [2021-10-21 19:06:56,513] {dag.py:1824} INFO - Sync 1 DAGs
[2021-10-21 19:06:56,526] {logging_mixin.py:104} INFO - [2021-10-21 19:06:56,526] {dag.py:2280} INFO - Setting next_dagrun for Fire_Incidents_glue to 2021-10-21 00:00:00+00:00
[2021-10-21 19:06:56,534] {scheduler_job.py:190} INFO - Processing /opt/airflow/dags/fire_incidents_glue.py took 0.125 seconds
[2021-10-21 19:07:26,625] {scheduler_job.py:182} INFO - Started process (PID=96) to work on /opt/airflow/dags/fire_incidents_glue.py
[2021-10-21 19:07:26,626] {scheduler_job.py:629} INFO - Processing file /opt/airflow/dags/fire_incidents_glue.py for tasks to queue
[2021-10-21 19:07:26,627] {logging_mixin.py:104} INFO - [2021-10-21 19:07:26,627] {dagbag.py:451} INFO - Filling up the DagBag from /opt/airflow/dags/fire_incidents_glue.py
[2021-10-21 19:07:26,718] {scheduler_job.py:639} INFO - DAG(s) dict_keys(['Fire_Incidents_glue']) retrieved from /opt/airflow/dags/fire_incidents_glue.py
[2021-10-21 19:07:26,727] {logging_mixin.py:104} INFO - [2021-10-21 19:07:26,727] {dag.py:1824} INFO - Sync 1 DAGs
[2021-10-21 19:07:26,738] {logging_mixin.py:104} INFO - [2021-10-21 19:07:26,738] {dag.py:2280} INFO - Setting next_dagrun for Fire_Incidents_glue to 2021-10-21 00:00:00+00:00
[2021-10-21 19:07:26,745] {scheduler_job.py:190} INFO - Processing /opt/airflow/dags/fire_incidents_glue.py took 0.126 seconds
[2021-10-21 19:07:56,844] {scheduler_job.py:182} INFO - Started process (PID=99) to work on /opt/airflow/dags/fire_incidents_glue.py
[2021-10-21 19:07:56,845] {scheduler_job.py:629} INFO - Processing file /opt/airflow/dags/fire_incidents_glue.py for tasks to queue
[2021-10-21 19:07:56,846] {logging_mixin.py:104} INFO - [2021-10-21 19:07:56,846] {dagbag.py:451} INFO - Filling up the DagBag from /opt/airflow/dags/fire_incidents_glue.py
[2021-10-21 19:07:56,953] {scheduler_job.py:639} INFO - DAG(s) dict_keys(['Fire_Incidents_glue']) retrieved from /opt/airflow/dags/fire_incidents_glue.py
[2021-10-21 19:07:56,961] {logging_mixin.py:104} INFO - [2021-10-21 19:07:56,961] {dag.py:1824} INFO - Sync 1 DAGs
[2021-10-21 19:07:56,974] {logging_mixin.py:104} INFO - [2021-10-21 19:07:56,974] {dag.py:2280} INFO - Setting next_dagrun for Fire_Incidents_glue to 2021-10-21 00:00:00+00:00
[2021-10-21 19:07:56,983] {scheduler_job.py:190} INFO - Processing /opt/airflow/dags/fire_incidents_glue.py took 0.141 seconds
[2021-10-21 19:08:27,047] {scheduler_job.py:182} INFO - Started process (PID=102) to work on /opt/airflow/dags/fire_incidents_glue.py
[2021-10-21 19:08:27,048] {scheduler_job.py:629} INFO - Processing file /opt/airflow/dags/fire_incidents_glue.py for tasks to queue
[2021-10-21 19:08:27,049] {logging_mixin.py:104} INFO - [2021-10-21 19:08:27,049] {dagbag.py:451} INFO - Filling up the DagBag from /opt/airflow/dags/fire_incidents_glue.py
[2021-10-21 19:08:27,139] {scheduler_job.py:639} INFO - DAG(s) dict_keys(['Fire_Incidents_glue']) retrieved from /opt/airflow/dags/fire_incidents_glue.py
[2021-10-21 19:08:27,147] {logging_mixin.py:104} INFO - [2021-10-21 19:08:27,146] {dag.py:1824} INFO - Sync 1 DAGs
[2021-10-21 19:08:27,156] {logging_mixin.py:104} INFO - [2021-10-21 19:08:27,156] {dag.py:2280} INFO - Setting next_dagrun for Fire_Incidents_glue to 2021-10-21 00:00:00+00:00
[2021-10-21 19:08:27,163] {scheduler_job.py:190} INFO - Processing /opt/airflow/dags/fire_incidents_glue.py took 0.121 seconds
[2021-10-21 19:08:57,227] {scheduler_job.py:182} INFO - Started process (PID=105) to work on /opt/airflow/dags/fire_incidents_glue.py
[2021-10-21 19:08:57,228] {scheduler_job.py:629} INFO - Processing file /opt/airflow/dags/fire_incidents_glue.py for tasks to queue
[2021-10-21 19:08:57,229] {logging_mixin.py:104} INFO - [2021-10-21 19:08:57,228] {dagbag.py:451} INFO - Filling up the DagBag from /opt/airflow/dags/fire_incidents_glue.py
[2021-10-21 19:08:57,319] {scheduler_job.py:639} INFO - DAG(s) dict_keys(['Fire_Incidents_glue']) retrieved from /opt/airflow/dags/fire_incidents_glue.py
[2021-10-21 19:08:57,327] {logging_mixin.py:104} INFO - [2021-10-21 19:08:57,327] {dag.py:1824} INFO - Sync 1 DAGs
[2021-10-21 19:08:57,336] {logging_mixin.py:104} INFO - [2021-10-21 19:08:57,336] {dag.py:2280} INFO - Setting next_dagrun for Fire_Incidents_glue to 2021-10-21 00:00:00+00:00
[2021-10-21 19:08:57,352] {scheduler_job.py:190} INFO - Processing /opt/airflow/dags/fire_incidents_glue.py took 0.128 seconds
[2021-10-21 19:09:27,413] {scheduler_job.py:182} INFO - Started process (PID=108) to work on /opt/airflow/dags/fire_incidents_glue.py
[2021-10-21 19:09:27,414] {scheduler_job.py:629} INFO - Processing file /opt/airflow/dags/fire_incidents_glue.py for tasks to queue
[2021-10-21 19:09:27,415] {logging_mixin.py:104} INFO - [2021-10-21 19:09:27,415] {dagbag.py:451} INFO - Filling up the DagBag from /opt/airflow/dags/fire_incidents_glue.py
[2021-10-21 19:09:27,504] {scheduler_job.py:639} INFO - DAG(s) dict_keys(['Fire_Incidents_glue']) retrieved from /opt/airflow/dags/fire_incidents_glue.py
[2021-10-21 19:09:27,513] {logging_mixin.py:104} INFO - [2021-10-21 19:09:27,513] {dag.py:1824} INFO - Sync 1 DAGs
[2021-10-21 19:09:27,524] {logging_mixin.py:104} INFO - [2021-10-21 19:09:27,524] {dag.py:2280} INFO - Setting next_dagrun for Fire_Incidents_glue to 2021-10-21 00:00:00+00:00
[2021-10-21 19:09:27,532] {scheduler_job.py:190} INFO - Processing /opt/airflow/dags/fire_incidents_glue.py took 0.123 seconds
[2021-10-21 19:09:57,606] {scheduler_job.py:182} INFO - Started process (PID=111) to work on /opt/airflow/dags/fire_incidents_glue.py
[2021-10-21 19:09:57,608] {scheduler_job.py:629} INFO - Processing file /opt/airflow/dags/fire_incidents_glue.py for tasks to queue
[2021-10-21 19:09:57,609] {logging_mixin.py:104} INFO - [2021-10-21 19:09:57,609] {dagbag.py:451} INFO - Filling up the DagBag from /opt/airflow/dags/fire_incidents_glue.py
[2021-10-21 19:09:57,702] {scheduler_job.py:639} INFO - DAG(s) dict_keys(['Fire_Incidents_glue']) retrieved from /opt/airflow/dags/fire_incidents_glue.py
[2021-10-21 19:09:57,710] {logging_mixin.py:104} INFO - [2021-10-21 19:09:57,710] {dag.py:1824} INFO - Sync 1 DAGs
[2021-10-21 19:09:57,721] {logging_mixin.py:104} INFO - [2021-10-21 19:09:57,721] {dag.py:2280} INFO - Setting next_dagrun for Fire_Incidents_glue to 2021-10-21 00:00:00+00:00
[2021-10-21 19:09:57,729] {scheduler_job.py:190} INFO - Processing /opt/airflow/dags/fire_incidents_glue.py took 0.127 seconds
[2021-10-21 19:10:27,796] {scheduler_job.py:182} INFO - Started process (PID=114) to work on /opt/airflow/dags/fire_incidents_glue.py
[2021-10-21 19:10:27,798] {scheduler_job.py:629} INFO - Processing file /opt/airflow/dags/fire_incidents_glue.py for tasks to queue
[2021-10-21 19:10:27,798] {logging_mixin.py:104} INFO - [2021-10-21 19:10:27,798] {dagbag.py:451} INFO - Filling up the DagBag from /opt/airflow/dags/fire_incidents_glue.py
[2021-10-21 19:10:27,884] {scheduler_job.py:639} INFO - DAG(s) dict_keys(['Fire_Incidents_glue']) retrieved from /opt/airflow/dags/fire_incidents_glue.py
[2021-10-21 19:10:27,891] {logging_mixin.py:104} INFO - [2021-10-21 19:10:27,891] {dag.py:1824} INFO - Sync 1 DAGs
[2021-10-21 19:10:27,902] {logging_mixin.py:104} INFO - [2021-10-21 19:10:27,901] {dag.py:2280} INFO - Setting next_dagrun for Fire_Incidents_glue to 2021-10-21 00:00:00+00:00
[2021-10-21 19:10:27,909] {scheduler_job.py:190} INFO - Processing /opt/airflow/dags/fire_incidents_glue.py took 0.115 seconds
[2021-10-21 19:10:57,987] {scheduler_job.py:182} INFO - Started process (PID=117) to work on /opt/airflow/dags/fire_incidents_glue.py
[2021-10-21 19:10:57,989] {scheduler_job.py:629} INFO - Processing file /opt/airflow/dags/fire_incidents_glue.py for tasks to queue
[2021-10-21 19:10:57,989] {logging_mixin.py:104} INFO - [2021-10-21 19:10:57,989] {dagbag.py:451} INFO - Filling up the DagBag from /opt/airflow/dags/fire_incidents_glue.py
[2021-10-21 19:10:58,083] {scheduler_job.py:639} INFO - DAG(s) dict_keys(['Fire_Incidents_glue']) retrieved from /opt/airflow/dags/fire_incidents_glue.py
[2021-10-21 19:10:58,091] {logging_mixin.py:104} INFO - [2021-10-21 19:10:58,091] {dag.py:1824} INFO - Sync 1 DAGs
[2021-10-21 19:10:58,101] {logging_mixin.py:104} INFO - [2021-10-21 19:10:58,101] {dag.py:2280} INFO - Setting next_dagrun for Fire_Incidents_glue to 2021-10-21 00:00:00+00:00
[2021-10-21 19:10:58,112] {scheduler_job.py:190} INFO - Processing /opt/airflow/dags/fire_incidents_glue.py took 0.128 seconds
[2021-10-21 19:11:28,193] {scheduler_job.py:182} INFO - Started process (PID=120) to work on /opt/airflow/dags/fire_incidents_glue.py
[2021-10-21 19:11:28,195] {scheduler_job.py:629} INFO - Processing file /opt/airflow/dags/fire_incidents_glue.py for tasks to queue
[2021-10-21 19:11:28,195] {logging_mixin.py:104} INFO - [2021-10-21 19:11:28,195] {dagbag.py:451} INFO - Filling up the DagBag from /opt/airflow/dags/fire_incidents_glue.py
[2021-10-21 19:11:28,284] {scheduler_job.py:639} INFO - DAG(s) dict_keys(['Fire_Incidents_glue']) retrieved from /opt/airflow/dags/fire_incidents_glue.py
[2021-10-21 19:11:28,291] {logging_mixin.py:104} INFO - [2021-10-21 19:11:28,291] {dag.py:1824} INFO - Sync 1 DAGs
[2021-10-21 19:11:28,301] {logging_mixin.py:104} INFO - [2021-10-21 19:11:28,301] {dag.py:2280} INFO - Setting next_dagrun for Fire_Incidents_glue to 2021-10-21 00:00:00+00:00
[2021-10-21 19:11:28,316] {scheduler_job.py:190} INFO - Processing /opt/airflow/dags/fire_incidents_glue.py took 0.127 seconds
[2021-10-21 19:11:58,384] {scheduler_job.py:182} INFO - Started process (PID=123) to work on /opt/airflow/dags/fire_incidents_glue.py
[2021-10-21 19:11:58,386] {scheduler_job.py:629} INFO - Processing file /opt/airflow/dags/fire_incidents_glue.py for tasks to queue
[2021-10-21 19:11:58,386] {logging_mixin.py:104} INFO - [2021-10-21 19:11:58,386] {dagbag.py:451} INFO - Filling up the DagBag from /opt/airflow/dags/fire_incidents_glue.py
[2021-10-21 19:11:58,475] {scheduler_job.py:639} INFO - DAG(s) dict_keys(['Fire_Incidents_glue']) retrieved from /opt/airflow/dags/fire_incidents_glue.py
[2021-10-21 19:11:58,483] {logging_mixin.py:104} INFO - [2021-10-21 19:11:58,483] {dag.py:1824} INFO - Sync 1 DAGs
[2021-10-21 19:11:58,493] {logging_mixin.py:104} INFO - [2021-10-21 19:11:58,493] {dag.py:2280} INFO - Setting next_dagrun for Fire_Incidents_glue to 2021-10-21 00:00:00+00:00
[2021-10-21 19:11:58,500] {scheduler_job.py:190} INFO - Processing /opt/airflow/dags/fire_incidents_glue.py took 0.119 seconds
[2021-10-21 19:12:28,574] {scheduler_job.py:182} INFO - Started process (PID=126) to work on /opt/airflow/dags/fire_incidents_glue.py
[2021-10-21 19:12:28,575] {scheduler_job.py:629} INFO - Processing file /opt/airflow/dags/fire_incidents_glue.py for tasks to queue
[2021-10-21 19:12:28,576] {logging_mixin.py:104} INFO - [2021-10-21 19:12:28,576] {dagbag.py:451} INFO - Filling up the DagBag from /opt/airflow/dags/fire_incidents_glue.py
[2021-10-21 19:12:28,664] {scheduler_job.py:639} INFO - DAG(s) dict_keys(['Fire_Incidents_glue']) retrieved from /opt/airflow/dags/fire_incidents_glue.py
[2021-10-21 19:12:28,672] {logging_mixin.py:104} INFO - [2021-10-21 19:12:28,672] {dag.py:1824} INFO - Sync 1 DAGs
[2021-10-21 19:12:28,682] {logging_mixin.py:104} INFO - [2021-10-21 19:12:28,682] {dag.py:2280} INFO - Setting next_dagrun for Fire_Incidents_glue to 2021-10-21 00:00:00+00:00
[2021-10-21 19:12:28,689] {scheduler_job.py:190} INFO - Processing /opt/airflow/dags/fire_incidents_glue.py took 0.118 seconds
[2021-10-21 19:12:58,772] {scheduler_job.py:182} INFO - Started process (PID=129) to work on /opt/airflow/dags/fire_incidents_glue.py
[2021-10-21 19:12:58,773] {scheduler_job.py:629} INFO - Processing file /opt/airflow/dags/fire_incidents_glue.py for tasks to queue
[2021-10-21 19:12:58,774] {logging_mixin.py:104} INFO - [2021-10-21 19:12:58,774] {dagbag.py:451} INFO - Filling up the DagBag from /opt/airflow/dags/fire_incidents_glue.py
[2021-10-21 19:12:58,857] {scheduler_job.py:639} INFO - DAG(s) dict_keys(['Fire_Incidents_glue']) retrieved from /opt/airflow/dags/fire_incidents_glue.py
[2021-10-21 19:12:58,865] {logging_mixin.py:104} INFO - [2021-10-21 19:12:58,865] {dag.py:1824} INFO - Sync 1 DAGs
[2021-10-21 19:12:58,876] {logging_mixin.py:104} INFO - [2021-10-21 19:12:58,876] {dag.py:2280} INFO - Setting next_dagrun for Fire_Incidents_glue to 2021-10-21 00:00:00+00:00
[2021-10-21 19:12:58,884] {scheduler_job.py:190} INFO - Processing /opt/airflow/dags/fire_incidents_glue.py took 0.115 seconds
[2021-10-21 19:13:28,989] {scheduler_job.py:182} INFO - Started process (PID=132) to work on /opt/airflow/dags/fire_incidents_glue.py
[2021-10-21 19:13:28,991] {scheduler_job.py:629} INFO - Processing file /opt/airflow/dags/fire_incidents_glue.py for tasks to queue
[2021-10-21 19:13:28,992] {logging_mixin.py:104} INFO - [2021-10-21 19:13:28,992] {dagbag.py:451} INFO - Filling up the DagBag from /opt/airflow/dags/fire_incidents_glue.py
[2021-10-21 19:13:29,089] {scheduler_job.py:639} INFO - DAG(s) dict_keys(['Fire_Incidents_glue']) retrieved from /opt/airflow/dags/fire_incidents_glue.py
[2021-10-21 19:13:29,097] {logging_mixin.py:104} INFO - [2021-10-21 19:13:29,097] {dag.py:1824} INFO - Sync 1 DAGs
[2021-10-21 19:13:29,109] {logging_mixin.py:104} INFO - [2021-10-21 19:13:29,109] {dag.py:2280} INFO - Setting next_dagrun for Fire_Incidents_glue to 2021-10-21 00:00:00+00:00
[2021-10-21 19:13:29,117] {scheduler_job.py:190} INFO - Processing /opt/airflow/dags/fire_incidents_glue.py took 0.133 seconds
[2021-10-21 19:13:59,182] {scheduler_job.py:182} INFO - Started process (PID=135) to work on /opt/airflow/dags/fire_incidents_glue.py
[2021-10-21 19:13:59,184] {scheduler_job.py:629} INFO - Processing file /opt/airflow/dags/fire_incidents_glue.py for tasks to queue
[2021-10-21 19:13:59,185] {logging_mixin.py:104} INFO - [2021-10-21 19:13:59,185] {dagbag.py:451} INFO - Filling up the DagBag from /opt/airflow/dags/fire_incidents_glue.py
[2021-10-21 19:13:59,278] {scheduler_job.py:639} INFO - DAG(s) dict_keys(['Fire_Incidents_glue']) retrieved from /opt/airflow/dags/fire_incidents_glue.py
[2021-10-21 19:13:59,287] {logging_mixin.py:104} INFO - [2021-10-21 19:13:59,287] {dag.py:1824} INFO - Sync 1 DAGs
[2021-10-21 19:13:59,298] {logging_mixin.py:104} INFO - [2021-10-21 19:13:59,297] {dag.py:2280} INFO - Setting next_dagrun for Fire_Incidents_glue to 2021-10-21 00:00:00+00:00
[2021-10-21 19:13:59,305] {scheduler_job.py:190} INFO - Processing /opt/airflow/dags/fire_incidents_glue.py took 0.129 seconds
[2021-10-21 19:14:29,372] {scheduler_job.py:182} INFO - Started process (PID=138) to work on /opt/airflow/dags/fire_incidents_glue.py
[2021-10-21 19:14:29,373] {scheduler_job.py:629} INFO - Processing file /opt/airflow/dags/fire_incidents_glue.py for tasks to queue
[2021-10-21 19:14:29,373] {logging_mixin.py:104} INFO - [2021-10-21 19:14:29,373] {dagbag.py:451} INFO - Filling up the DagBag from /opt/airflow/dags/fire_incidents_glue.py
[2021-10-21 19:14:29,458] {scheduler_job.py:639} INFO - DAG(s) dict_keys(['Fire_Incidents_glue']) retrieved from /opt/airflow/dags/fire_incidents_glue.py
[2021-10-21 19:14:29,466] {logging_mixin.py:104} INFO - [2021-10-21 19:14:29,466] {dag.py:1824} INFO - Sync 1 DAGs
[2021-10-21 19:14:29,476] {logging_mixin.py:104} INFO - [2021-10-21 19:14:29,476] {dag.py:2280} INFO - Setting next_dagrun for Fire_Incidents_glue to 2021-10-21 00:00:00+00:00
[2021-10-21 19:14:29,487] {scheduler_job.py:190} INFO - Processing /opt/airflow/dags/fire_incidents_glue.py took 0.118 seconds
