[2021-10-21 18:54:31,650] {taskinstance.py:877} INFO - Dependencies all met for <TaskInstance: Fire_Incidents.Process_finished 2021-10-21T18:54:15.048956+00:00 [queued]>
[2021-10-21 18:54:31,667] {taskinstance.py:877} INFO - Dependencies all met for <TaskInstance: Fire_Incidents.Process_finished 2021-10-21T18:54:15.048956+00:00 [queued]>
[2021-10-21 18:54:31,667] {taskinstance.py:1068} INFO - 
--------------------------------------------------------------------------------
[2021-10-21 18:54:31,667] {taskinstance.py:1069} INFO - Starting attempt 1 of 2
[2021-10-21 18:54:31,667] {taskinstance.py:1070} INFO - 
--------------------------------------------------------------------------------
[2021-10-21 18:54:31,675] {taskinstance.py:1089} INFO - Executing <Task(PythonOperator): Process_finished> on 2021-10-21T18:54:15.048956+00:00
[2021-10-21 18:54:31,679] {standard_task_runner.py:52} INFO - Started process 68 to run task
[2021-10-21 18:54:31,682] {standard_task_runner.py:76} INFO - Running: ['airflow', 'tasks', 'run', 'Fire_Incidents', 'Process_finished', '2021-10-21T18:54:15.048956+00:00', '--job-id', '12', '--pool', 'default_pool', '--raw', '--subdir', 'DAGS_FOLDER/tutorial.py', '--cfg-path', '/tmp/tmp89j0umr7', '--error-file', '/tmp/tmpjbipnbvb']
[2021-10-21 18:54:31,682] {standard_task_runner.py:77} INFO - Job 12: Subtask Process_finished
[2021-10-21 18:54:31,710] {logging_mixin.py:104} INFO - Running <TaskInstance: Fire_Incidents.Process_finished 2021-10-21T18:54:15.048956+00:00 [running]> on host 8ad12bb33883
[2021-10-21 18:54:31,738] {taskinstance.py:1283} INFO - Exporting the following env vars:
AIRFLOW_CTX_DAG_EMAIL=airflow@example.com
AIRFLOW_CTX_DAG_OWNER=airflow
AIRFLOW_CTX_DAG_ID=Fire_Incidents
AIRFLOW_CTX_TASK_ID=Process_finished
AIRFLOW_CTX_EXECUTION_DATE=2021-10-21T18:54:15.048956+00:00
AIRFLOW_CTX_DAG_RUN_ID=manual__2021-10-21T18:54:15.048956+00:00
[2021-10-21 18:54:31,738] {python.py:118} INFO - Done. Returned value was: Process Finished!
[2021-10-21 18:54:31,756] {taskinstance.py:1192} INFO - Marking task as SUCCESS. dag_id=Fire_Incidents, task_id=Process_finished, execution_date=20211021T185415, start_date=20211021T185431, end_date=20211021T185431
[2021-10-21 18:54:31,777] {taskinstance.py:1246} INFO - 0 downstream tasks scheduled from follow-on schedule check
[2021-10-21 18:54:31,815] {local_task_job.py:146} INFO - Task exited with return code 0
