[2021-10-21 18:50:09,608] {taskinstance.py:877} INFO - Dependencies all met for <TaskInstance: Fire_Incidents.Check_credentials 2021-10-21T18:50:09.074331+00:00 [queued]>
[2021-10-21 18:50:09,621] {taskinstance.py:877} INFO - Dependencies all met for <TaskInstance: Fire_Incidents.Check_credentials 2021-10-21T18:50:09.074331+00:00 [queued]>
[2021-10-21 18:50:09,621] {taskinstance.py:1068} INFO - 
--------------------------------------------------------------------------------
[2021-10-21 18:50:09,622] {taskinstance.py:1069} INFO - Starting attempt 1 of 2
[2021-10-21 18:50:09,622] {taskinstance.py:1070} INFO - 
--------------------------------------------------------------------------------
[2021-10-21 18:50:09,630] {taskinstance.py:1089} INFO - Executing <Task(PythonOperator): Check_credentials> on 2021-10-21T18:50:09.074331+00:00
[2021-10-21 18:50:09,634] {standard_task_runner.py:52} INFO - Started process 56 to run task
[2021-10-21 18:50:09,637] {standard_task_runner.py:76} INFO - Running: ['airflow', 'tasks', 'run', 'Fire_Incidents', 'Check_credentials', '2021-10-21T18:50:09.074331+00:00', '--job-id', '6', '--pool', 'default_pool', '--raw', '--subdir', 'DAGS_FOLDER/tutorial.py', '--cfg-path', '/tmp/tmpuzdoqgof', '--error-file', '/tmp/tmp10b2tr0q']
[2021-10-21 18:50:09,638] {standard_task_runner.py:77} INFO - Job 6: Subtask Check_credentials
[2021-10-21 18:50:09,670] {logging_mixin.py:104} INFO - Running <TaskInstance: Fire_Incidents.Check_credentials 2021-10-21T18:50:09.074331+00:00 [running]> on host 8ad12bb33883
[2021-10-21 18:50:09,701] {taskinstance.py:1283} INFO - Exporting the following env vars:
AIRFLOW_CTX_DAG_EMAIL=airflow@example.com
AIRFLOW_CTX_DAG_OWNER=airflow
AIRFLOW_CTX_DAG_ID=Fire_Incidents
AIRFLOW_CTX_TASK_ID=Check_credentials
AIRFLOW_CTX_EXECUTION_DATE=2021-10-21T18:50:09.074331+00:00
AIRFLOW_CTX_DAG_RUN_ID=manual__2021-10-21T18:50:09.074331+00:00
[2021-10-21 18:50:09,702] {logging_mixin.py:104} INFO - The Connection is:
[2021-10-21 18:50:09,702] {logging_mixin.py:104} INFO - {'region_name': 'us-west-2', 'aws_session_token': 'FwoGZXIvYXdzEGoaDJReBSrOlfC09PeS7SKGAZYj8TJ17+aoC63as7iG5hoBR6sd977vDzKvgWTMf7J1mFWT3CBpgmPbT2hsPhjLMqX6qepk+EEKQgPTWaApYSUDed6XjBkZHt1mKVAH8TpjdS9+8MgDcEZJbapU8wizUZPzy0Yer2ot+23uFsHEWmWBJ9Oaf/mtLOmzdf/1uz3TsCOcbXRIKMvhwosGMij2XzeTshWnu45hR8qAGzfLMl4Zqr9PrjEI3oI7wOhJJWhks7mxcYAB'}
[2021-10-21 18:50:09,702] {logging_mixin.py:104} INFO - us-west-2
[2021-10-21 18:50:09,702] {logging_mixin.py:104} INFO - FwoGZXIvYXdzEGoaDJReBSrOlfC09PeS7SKGAZYj8TJ17+aoC63as7iG5hoBR6sd977vDzKvgWTMf7J1mFWT3CBpgmPbT2hsPhjLMqX6qepk+EEKQgPTWaApYSUDed6XjBkZHt1mKVAH8TpjdS9+8MgDcEZJbapU8wizUZPzy0Yer2ot+23uFsHEWmWBJ9Oaf/mtLOmzdf/1uz3TsCOcbXRIKMvhwosGMij2XzeTshWnu45hR8qAGzfLMl4Zqr9PrjEI3oI7wOhJJWhks7mxcYAB
[2021-10-21 18:50:09,702] {python.py:118} INFO - Done. Returned value was: None
[2021-10-21 18:50:09,713] {taskinstance.py:1192} INFO - Marking task as SUCCESS. dag_id=Fire_Incidents, task_id=Check_credentials, execution_date=20211021T185009, start_date=20211021T185009, end_date=20211021T185009
[2021-10-21 18:50:09,739] {taskinstance.py:1246} INFO - 1 downstream tasks scheduled from follow-on schedule check
[2021-10-21 18:50:09,770] {local_task_job.py:146} INFO - Task exited with return code 0
