[2021-08-07 19:16:17,238] {scheduler_job.py:182} INFO - Started process (PID=282) to work on /home/airflow/.local/lib/python3.6/site-packages/airflow/example_dags/example_complex.py
[2021-08-07 19:16:17,239] {scheduler_job.py:633} INFO - Processing file /home/airflow/.local/lib/python3.6/site-packages/airflow/example_dags/example_complex.py for tasks to queue
[2021-08-07 19:16:17,240] {logging_mixin.py:104} INFO - [2021-08-07 19:16:17,240] {dagbag.py:496} INFO - Filling up the DagBag from /home/airflow/.local/lib/python3.6/site-packages/airflow/example_dags/example_complex.py
[2021-08-07 19:16:17,273] {scheduler_job.py:643} INFO - DAG(s) dict_keys(['example_complex']) retrieved from /home/airflow/.local/lib/python3.6/site-packages/airflow/example_dags/example_complex.py
[2021-08-07 19:16:19,872] {logging_mixin.py:104} INFO - [2021-08-07 19:16:19,870] {dag.py:1833} INFO - Sync 1 DAGs
[2021-08-07 19:16:19,884] {logging_mixin.py:104} INFO - [2021-08-07 19:16:19,883] {dag.py:1852} INFO - Creating ORM DAG for example_complex
[2021-08-07 19:16:19,889] {logging_mixin.py:104} INFO - [2021-08-07 19:16:19,889] {dag.py:2306} INFO - Setting next_dagrun for example_complex to None
[2021-08-07 19:16:19,901] {scheduler_job.py:190} INFO - Processing /home/airflow/.local/lib/python3.6/site-packages/airflow/example_dags/example_complex.py took 2.667 seconds
[2021-08-07 19:16:50,637] {scheduler_job.py:182} INFO - Started process (PID=397) to work on /home/airflow/.local/lib/python3.6/site-packages/airflow/example_dags/example_complex.py
[2021-08-07 19:16:50,639] {scheduler_job.py:633} INFO - Processing file /home/airflow/.local/lib/python3.6/site-packages/airflow/example_dags/example_complex.py for tasks to queue
[2021-08-07 19:16:50,640] {logging_mixin.py:104} INFO - [2021-08-07 19:16:50,640] {dagbag.py:496} INFO - Filling up the DagBag from /home/airflow/.local/lib/python3.6/site-packages/airflow/example_dags/example_complex.py
[2021-08-07 19:16:50,682] {scheduler_job.py:643} INFO - DAG(s) dict_keys(['example_complex']) retrieved from /home/airflow/.local/lib/python3.6/site-packages/airflow/example_dags/example_complex.py
[2021-08-07 19:16:50,733] {logging_mixin.py:104} INFO - [2021-08-07 19:16:50,733] {dag.py:1833} INFO - Sync 1 DAGs
[2021-08-07 19:16:50,766] {logging_mixin.py:104} INFO - [2021-08-07 19:16:50,766] {dag.py:2306} INFO - Setting next_dagrun for example_complex to None
[2021-08-07 19:16:50,787] {scheduler_job.py:190} INFO - Processing /home/airflow/.local/lib/python3.6/site-packages/airflow/example_dags/example_complex.py took 0.154 seconds
[2021-08-07 19:17:20,882] {scheduler_job.py:182} INFO - Started process (PID=453) to work on /home/airflow/.local/lib/python3.6/site-packages/airflow/example_dags/example_complex.py
[2021-08-07 19:17:20,883] {scheduler_job.py:633} INFO - Processing file /home/airflow/.local/lib/python3.6/site-packages/airflow/example_dags/example_complex.py for tasks to queue
[2021-08-07 19:17:20,884] {logging_mixin.py:104} INFO - [2021-08-07 19:17:20,884] {dagbag.py:496} INFO - Filling up the DagBag from /home/airflow/.local/lib/python3.6/site-packages/airflow/example_dags/example_complex.py
[2021-08-07 19:17:20,909] {scheduler_job.py:643} INFO - DAG(s) dict_keys(['example_complex']) retrieved from /home/airflow/.local/lib/python3.6/site-packages/airflow/example_dags/example_complex.py
[2021-08-07 19:17:20,937] {logging_mixin.py:104} INFO - [2021-08-07 19:17:20,937] {dag.py:1833} INFO - Sync 1 DAGs
[2021-08-07 19:17:20,954] {logging_mixin.py:104} INFO - [2021-08-07 19:17:20,954] {dag.py:2306} INFO - Setting next_dagrun for example_complex to None
[2021-08-07 19:17:20,962] {scheduler_job.py:190} INFO - Processing /home/airflow/.local/lib/python3.6/site-packages/airflow/example_dags/example_complex.py took 0.082 seconds
[2021-08-07 19:17:51,070] {scheduler_job.py:182} INFO - Started process (PID=506) to work on /home/airflow/.local/lib/python3.6/site-packages/airflow/example_dags/example_complex.py
[2021-08-07 19:17:51,076] {scheduler_job.py:633} INFO - Processing file /home/airflow/.local/lib/python3.6/site-packages/airflow/example_dags/example_complex.py for tasks to queue
[2021-08-07 19:17:51,076] {logging_mixin.py:104} INFO - [2021-08-07 19:17:51,076] {dagbag.py:496} INFO - Filling up the DagBag from /home/airflow/.local/lib/python3.6/site-packages/airflow/example_dags/example_complex.py
[2021-08-07 19:17:51,104] {scheduler_job.py:643} INFO - DAG(s) dict_keys(['example_complex']) retrieved from /home/airflow/.local/lib/python3.6/site-packages/airflow/example_dags/example_complex.py
[2021-08-07 19:17:51,145] {logging_mixin.py:104} INFO - [2021-08-07 19:17:51,144] {dag.py:1833} INFO - Sync 1 DAGs
[2021-08-07 19:17:51,165] {logging_mixin.py:104} INFO - [2021-08-07 19:17:51,165] {dag.py:2306} INFO - Setting next_dagrun for example_complex to None
[2021-08-07 19:17:51,176] {scheduler_job.py:190} INFO - Processing /home/airflow/.local/lib/python3.6/site-packages/airflow/example_dags/example_complex.py took 0.110 seconds
[2021-08-07 19:18:21,335] {scheduler_job.py:182} INFO - Started process (PID=570) to work on /home/airflow/.local/lib/python3.6/site-packages/airflow/example_dags/example_complex.py
[2021-08-07 19:18:21,336] {scheduler_job.py:633} INFO - Processing file /home/airflow/.local/lib/python3.6/site-packages/airflow/example_dags/example_complex.py for tasks to queue
[2021-08-07 19:18:21,337] {logging_mixin.py:104} INFO - [2021-08-07 19:18:21,337] {dagbag.py:496} INFO - Filling up the DagBag from /home/airflow/.local/lib/python3.6/site-packages/airflow/example_dags/example_complex.py
[2021-08-07 19:18:21,368] {scheduler_job.py:643} INFO - DAG(s) dict_keys(['example_complex']) retrieved from /home/airflow/.local/lib/python3.6/site-packages/airflow/example_dags/example_complex.py
[2021-08-07 19:18:21,404] {logging_mixin.py:104} INFO - [2021-08-07 19:18:21,404] {dag.py:1833} INFO - Sync 1 DAGs
[2021-08-07 19:18:21,428] {logging_mixin.py:104} INFO - [2021-08-07 19:18:21,428] {dag.py:2306} INFO - Setting next_dagrun for example_complex to None
[2021-08-07 19:18:21,445] {scheduler_job.py:190} INFO - Processing /home/airflow/.local/lib/python3.6/site-packages/airflow/example_dags/example_complex.py took 0.113 seconds
[2021-08-07 19:18:51,724] {scheduler_job.py:182} INFO - Started process (PID=624) to work on /home/airflow/.local/lib/python3.6/site-packages/airflow/example_dags/example_complex.py
[2021-08-07 19:18:51,725] {scheduler_job.py:633} INFO - Processing file /home/airflow/.local/lib/python3.6/site-packages/airflow/example_dags/example_complex.py for tasks to queue
[2021-08-07 19:18:51,726] {logging_mixin.py:104} INFO - [2021-08-07 19:18:51,726] {dagbag.py:496} INFO - Filling up the DagBag from /home/airflow/.local/lib/python3.6/site-packages/airflow/example_dags/example_complex.py
[2021-08-07 19:18:51,762] {scheduler_job.py:643} INFO - DAG(s) dict_keys(['example_complex']) retrieved from /home/airflow/.local/lib/python3.6/site-packages/airflow/example_dags/example_complex.py
[2021-08-07 19:18:51,802] {logging_mixin.py:104} INFO - [2021-08-07 19:18:51,802] {dag.py:1833} INFO - Sync 1 DAGs
[2021-08-07 19:18:51,828] {logging_mixin.py:104} INFO - [2021-08-07 19:18:51,828] {dag.py:2306} INFO - Setting next_dagrun for example_complex to None
[2021-08-07 19:18:51,844] {scheduler_job.py:190} INFO - Processing /home/airflow/.local/lib/python3.6/site-packages/airflow/example_dags/example_complex.py took 0.123 seconds
[2021-08-07 19:19:21,879] {scheduler_job.py:182} INFO - Started process (PID=688) to work on /home/airflow/.local/lib/python3.6/site-packages/airflow/example_dags/example_complex.py
[2021-08-07 19:19:21,881] {scheduler_job.py:633} INFO - Processing file /home/airflow/.local/lib/python3.6/site-packages/airflow/example_dags/example_complex.py for tasks to queue
[2021-08-07 19:19:21,882] {logging_mixin.py:104} INFO - [2021-08-07 19:19:21,881] {dagbag.py:496} INFO - Filling up the DagBag from /home/airflow/.local/lib/python3.6/site-packages/airflow/example_dags/example_complex.py
[2021-08-07 19:19:21,908] {scheduler_job.py:643} INFO - DAG(s) dict_keys(['example_complex']) retrieved from /home/airflow/.local/lib/python3.6/site-packages/airflow/example_dags/example_complex.py
[2021-08-07 19:19:21,942] {logging_mixin.py:104} INFO - [2021-08-07 19:19:21,942] {dag.py:1833} INFO - Sync 1 DAGs
[2021-08-07 19:19:21,967] {logging_mixin.py:104} INFO - [2021-08-07 19:19:21,966] {dag.py:2306} INFO - Setting next_dagrun for example_complex to None
[2021-08-07 19:19:21,983] {scheduler_job.py:190} INFO - Processing /home/airflow/.local/lib/python3.6/site-packages/airflow/example_dags/example_complex.py took 0.107 seconds
[2021-08-07 19:19:52,142] {scheduler_job.py:182} INFO - Started process (PID=744) to work on /home/airflow/.local/lib/python3.6/site-packages/airflow/example_dags/example_complex.py
[2021-08-07 19:19:52,144] {scheduler_job.py:633} INFO - Processing file /home/airflow/.local/lib/python3.6/site-packages/airflow/example_dags/example_complex.py for tasks to queue
[2021-08-07 19:19:52,145] {logging_mixin.py:104} INFO - [2021-08-07 19:19:52,145] {dagbag.py:496} INFO - Filling up the DagBag from /home/airflow/.local/lib/python3.6/site-packages/airflow/example_dags/example_complex.py
[2021-08-07 19:19:52,181] {scheduler_job.py:643} INFO - DAG(s) dict_keys(['example_complex']) retrieved from /home/airflow/.local/lib/python3.6/site-packages/airflow/example_dags/example_complex.py
[2021-08-07 19:19:52,216] {logging_mixin.py:104} INFO - [2021-08-07 19:19:52,216] {dag.py:1833} INFO - Sync 1 DAGs
[2021-08-07 19:19:52,235] {logging_mixin.py:104} INFO - [2021-08-07 19:19:52,234] {dag.py:2306} INFO - Setting next_dagrun for example_complex to None
[2021-08-07 19:19:52,244] {scheduler_job.py:190} INFO - Processing /home/airflow/.local/lib/python3.6/site-packages/airflow/example_dags/example_complex.py took 0.106 seconds
[2021-08-07 19:20:22,321] {scheduler_job.py:182} INFO - Started process (PID=807) to work on /home/airflow/.local/lib/python3.6/site-packages/airflow/example_dags/example_complex.py
[2021-08-07 19:20:22,323] {scheduler_job.py:633} INFO - Processing file /home/airflow/.local/lib/python3.6/site-packages/airflow/example_dags/example_complex.py for tasks to queue
[2021-08-07 19:20:22,324] {logging_mixin.py:104} INFO - [2021-08-07 19:20:22,324] {dagbag.py:496} INFO - Filling up the DagBag from /home/airflow/.local/lib/python3.6/site-packages/airflow/example_dags/example_complex.py
[2021-08-07 19:20:22,366] {scheduler_job.py:643} INFO - DAG(s) dict_keys(['example_complex']) retrieved from /home/airflow/.local/lib/python3.6/site-packages/airflow/example_dags/example_complex.py
[2021-08-07 19:20:22,426] {logging_mixin.py:104} INFO - [2021-08-07 19:20:22,426] {dag.py:1833} INFO - Sync 1 DAGs
[2021-08-07 19:20:22,451] {logging_mixin.py:104} INFO - [2021-08-07 19:20:22,451] {dag.py:2306} INFO - Setting next_dagrun for example_complex to None
[2021-08-07 19:20:22,466] {scheduler_job.py:190} INFO - Processing /home/airflow/.local/lib/python3.6/site-packages/airflow/example_dags/example_complex.py took 0.150 seconds
[2021-08-07 19:20:52,634] {scheduler_job.py:182} INFO - Started process (PID=861) to work on /home/airflow/.local/lib/python3.6/site-packages/airflow/example_dags/example_complex.py
[2021-08-07 19:20:52,635] {scheduler_job.py:633} INFO - Processing file /home/airflow/.local/lib/python3.6/site-packages/airflow/example_dags/example_complex.py for tasks to queue
[2021-08-07 19:20:52,636] {logging_mixin.py:104} INFO - [2021-08-07 19:20:52,636] {dagbag.py:496} INFO - Filling up the DagBag from /home/airflow/.local/lib/python3.6/site-packages/airflow/example_dags/example_complex.py
[2021-08-07 19:20:52,667] {scheduler_job.py:643} INFO - DAG(s) dict_keys(['example_complex']) retrieved from /home/airflow/.local/lib/python3.6/site-packages/airflow/example_dags/example_complex.py
[2021-08-07 19:20:52,703] {logging_mixin.py:104} INFO - [2021-08-07 19:20:52,703] {dag.py:1833} INFO - Sync 1 DAGs
[2021-08-07 19:20:52,724] {logging_mixin.py:104} INFO - [2021-08-07 19:20:52,724] {dag.py:2306} INFO - Setting next_dagrun for example_complex to None
[2021-08-07 19:20:52,737] {scheduler_job.py:190} INFO - Processing /home/airflow/.local/lib/python3.6/site-packages/airflow/example_dags/example_complex.py took 0.105 seconds
[2021-08-07 19:21:22,789] {scheduler_job.py:182} INFO - Started process (PID=915) to work on /home/airflow/.local/lib/python3.6/site-packages/airflow/example_dags/example_complex.py
[2021-08-07 19:21:22,790] {scheduler_job.py:633} INFO - Processing file /home/airflow/.local/lib/python3.6/site-packages/airflow/example_dags/example_complex.py for tasks to queue
[2021-08-07 19:21:22,791] {logging_mixin.py:104} INFO - [2021-08-07 19:21:22,791] {dagbag.py:496} INFO - Filling up the DagBag from /home/airflow/.local/lib/python3.6/site-packages/airflow/example_dags/example_complex.py
[2021-08-07 19:21:22,814] {scheduler_job.py:643} INFO - DAG(s) dict_keys(['example_complex']) retrieved from /home/airflow/.local/lib/python3.6/site-packages/airflow/example_dags/example_complex.py
[2021-08-07 19:21:22,852] {logging_mixin.py:104} INFO - [2021-08-07 19:21:22,851] {dag.py:1833} INFO - Sync 1 DAGs
[2021-08-07 19:21:22,873] {logging_mixin.py:104} INFO - [2021-08-07 19:21:22,872] {dag.py:2306} INFO - Setting next_dagrun for example_complex to None
[2021-08-07 19:21:22,886] {scheduler_job.py:190} INFO - Processing /home/airflow/.local/lib/python3.6/site-packages/airflow/example_dags/example_complex.py took 0.101 seconds
[2021-08-07 19:21:53,872] {scheduler_job.py:182} INFO - Started process (PID=978) to work on /home/airflow/.local/lib/python3.6/site-packages/airflow/example_dags/example_complex.py
[2021-08-07 19:21:53,874] {scheduler_job.py:633} INFO - Processing file /home/airflow/.local/lib/python3.6/site-packages/airflow/example_dags/example_complex.py for tasks to queue
[2021-08-07 19:21:53,874] {logging_mixin.py:104} INFO - [2021-08-07 19:21:53,874] {dagbag.py:496} INFO - Filling up the DagBag from /home/airflow/.local/lib/python3.6/site-packages/airflow/example_dags/example_complex.py
[2021-08-07 19:21:53,902] {scheduler_job.py:643} INFO - DAG(s) dict_keys(['example_complex']) retrieved from /home/airflow/.local/lib/python3.6/site-packages/airflow/example_dags/example_complex.py
[2021-08-07 19:21:53,945] {logging_mixin.py:104} INFO - [2021-08-07 19:21:53,944] {dag.py:1833} INFO - Sync 1 DAGs
[2021-08-07 19:21:53,968] {logging_mixin.py:104} INFO - [2021-08-07 19:21:53,968] {dag.py:2306} INFO - Setting next_dagrun for example_complex to None
[2021-08-07 19:21:53,985] {scheduler_job.py:190} INFO - Processing /home/airflow/.local/lib/python3.6/site-packages/airflow/example_dags/example_complex.py took 0.117 seconds
[2021-08-07 19:22:48,944] {scheduler_job.py:182} INFO - Started process (PID=1065) to work on /home/airflow/.local/lib/python3.6/site-packages/airflow/example_dags/example_complex.py
[2021-08-07 19:22:48,947] {scheduler_job.py:633} INFO - Processing file /home/airflow/.local/lib/python3.6/site-packages/airflow/example_dags/example_complex.py for tasks to queue
[2021-08-07 19:22:48,948] {logging_mixin.py:104} INFO - [2021-08-07 19:22:48,947] {dagbag.py:496} INFO - Filling up the DagBag from /home/airflow/.local/lib/python3.6/site-packages/airflow/example_dags/example_complex.py
[2021-08-07 19:22:48,971] {scheduler_job.py:643} INFO - DAG(s) dict_keys(['example_complex']) retrieved from /home/airflow/.local/lib/python3.6/site-packages/airflow/example_dags/example_complex.py
[2021-08-07 19:22:49,001] {logging_mixin.py:104} INFO - [2021-08-07 19:22:49,001] {dag.py:1833} INFO - Sync 1 DAGs
[2021-08-07 19:22:49,018] {logging_mixin.py:104} INFO - [2021-08-07 19:22:49,018] {dag.py:2306} INFO - Setting next_dagrun for example_complex to None
[2021-08-07 19:22:49,030] {scheduler_job.py:190} INFO - Processing /home/airflow/.local/lib/python3.6/site-packages/airflow/example_dags/example_complex.py took 0.089 seconds
[2021-08-07 19:23:19,154] {scheduler_job.py:182} INFO - Started process (PID=1117) to work on /home/airflow/.local/lib/python3.6/site-packages/airflow/example_dags/example_complex.py
[2021-08-07 19:23:19,155] {scheduler_job.py:633} INFO - Processing file /home/airflow/.local/lib/python3.6/site-packages/airflow/example_dags/example_complex.py for tasks to queue
[2021-08-07 19:23:19,155] {logging_mixin.py:104} INFO - [2021-08-07 19:23:19,155] {dagbag.py:496} INFO - Filling up the DagBag from /home/airflow/.local/lib/python3.6/site-packages/airflow/example_dags/example_complex.py
[2021-08-07 19:23:19,177] {scheduler_job.py:643} INFO - DAG(s) dict_keys(['example_complex']) retrieved from /home/airflow/.local/lib/python3.6/site-packages/airflow/example_dags/example_complex.py
[2021-08-07 19:23:19,202] {logging_mixin.py:104} INFO - [2021-08-07 19:23:19,202] {dag.py:1833} INFO - Sync 1 DAGs
[2021-08-07 19:23:19,216] {logging_mixin.py:104} INFO - [2021-08-07 19:23:19,216] {dag.py:2306} INFO - Setting next_dagrun for example_complex to None
[2021-08-07 19:23:19,226] {scheduler_job.py:190} INFO - Processing /home/airflow/.local/lib/python3.6/site-packages/airflow/example_dags/example_complex.py took 0.075 seconds
[2021-08-07 19:23:50,327] {scheduler_job.py:182} INFO - Started process (PID=1179) to work on /home/airflow/.local/lib/python3.6/site-packages/airflow/example_dags/example_complex.py
[2021-08-07 19:23:50,328] {scheduler_job.py:633} INFO - Processing file /home/airflow/.local/lib/python3.6/site-packages/airflow/example_dags/example_complex.py for tasks to queue
[2021-08-07 19:23:50,328] {logging_mixin.py:104} INFO - [2021-08-07 19:23:50,328] {dagbag.py:496} INFO - Filling up the DagBag from /home/airflow/.local/lib/python3.6/site-packages/airflow/example_dags/example_complex.py
[2021-08-07 19:23:50,345] {scheduler_job.py:643} INFO - DAG(s) dict_keys(['example_complex']) retrieved from /home/airflow/.local/lib/python3.6/site-packages/airflow/example_dags/example_complex.py
[2021-08-07 19:23:50,367] {logging_mixin.py:104} INFO - [2021-08-07 19:23:50,367] {dag.py:1833} INFO - Sync 1 DAGs
[2021-08-07 19:23:50,380] {logging_mixin.py:104} INFO - [2021-08-07 19:23:50,380] {dag.py:2306} INFO - Setting next_dagrun for example_complex to None
[2021-08-07 19:23:50,389] {scheduler_job.py:190} INFO - Processing /home/airflow/.local/lib/python3.6/site-packages/airflow/example_dags/example_complex.py took 0.064 seconds
[2021-08-07 19:24:21,068] {scheduler_job.py:182} INFO - Started process (PID=1232) to work on /home/airflow/.local/lib/python3.6/site-packages/airflow/example_dags/example_complex.py
[2021-08-07 19:24:21,068] {scheduler_job.py:633} INFO - Processing file /home/airflow/.local/lib/python3.6/site-packages/airflow/example_dags/example_complex.py for tasks to queue
[2021-08-07 19:24:21,069] {logging_mixin.py:104} INFO - [2021-08-07 19:24:21,069] {dagbag.py:496} INFO - Filling up the DagBag from /home/airflow/.local/lib/python3.6/site-packages/airflow/example_dags/example_complex.py
[2021-08-07 19:24:21,089] {scheduler_job.py:643} INFO - DAG(s) dict_keys(['example_complex']) retrieved from /home/airflow/.local/lib/python3.6/site-packages/airflow/example_dags/example_complex.py
[2021-08-07 19:24:21,112] {logging_mixin.py:104} INFO - [2021-08-07 19:24:21,111] {dag.py:1833} INFO - Sync 1 DAGs
[2021-08-07 19:24:21,129] {logging_mixin.py:104} INFO - [2021-08-07 19:24:21,129] {dag.py:2306} INFO - Setting next_dagrun for example_complex to None
[2021-08-07 19:24:21,144] {scheduler_job.py:190} INFO - Processing /home/airflow/.local/lib/python3.6/site-packages/airflow/example_dags/example_complex.py took 0.078 seconds
[2021-08-07 19:24:51,832] {scheduler_job.py:182} INFO - Started process (PID=1296) to work on /home/airflow/.local/lib/python3.6/site-packages/airflow/example_dags/example_complex.py
[2021-08-07 19:24:51,833] {scheduler_job.py:633} INFO - Processing file /home/airflow/.local/lib/python3.6/site-packages/airflow/example_dags/example_complex.py for tasks to queue
[2021-08-07 19:24:51,833] {logging_mixin.py:104} INFO - [2021-08-07 19:24:51,833] {dagbag.py:496} INFO - Filling up the DagBag from /home/airflow/.local/lib/python3.6/site-packages/airflow/example_dags/example_complex.py
[2021-08-07 19:24:51,850] {scheduler_job.py:643} INFO - DAG(s) dict_keys(['example_complex']) retrieved from /home/airflow/.local/lib/python3.6/site-packages/airflow/example_dags/example_complex.py
[2021-08-07 19:24:51,871] {logging_mixin.py:104} INFO - [2021-08-07 19:24:51,871] {dag.py:1833} INFO - Sync 1 DAGs
[2021-08-07 19:24:51,884] {logging_mixin.py:104} INFO - [2021-08-07 19:24:51,884] {dag.py:2306} INFO - Setting next_dagrun for example_complex to None
[2021-08-07 19:24:51,893] {scheduler_job.py:190} INFO - Processing /home/airflow/.local/lib/python3.6/site-packages/airflow/example_dags/example_complex.py took 0.064 seconds
