[2021-08-07 19:16:19,924] {scheduler_job.py:182} INFO - Started process (PID=300) to work on /home/airflow/.local/lib/python3.6/site-packages/airflow/example_dags/example_branch_python_dop_operator_3.py
[2021-08-07 19:16:19,925] {scheduler_job.py:633} INFO - Processing file /home/airflow/.local/lib/python3.6/site-packages/airflow/example_dags/example_branch_python_dop_operator_3.py for tasks to queue
[2021-08-07 19:16:19,926] {logging_mixin.py:104} INFO - [2021-08-07 19:16:19,926] {dagbag.py:496} INFO - Filling up the DagBag from /home/airflow/.local/lib/python3.6/site-packages/airflow/example_dags/example_branch_python_dop_operator_3.py
[2021-08-07 19:16:19,942] {scheduler_job.py:643} INFO - DAG(s) dict_keys(['example_branch_dop_operator_v3']) retrieved from /home/airflow/.local/lib/python3.6/site-packages/airflow/example_dags/example_branch_python_dop_operator_3.py
[2021-08-07 19:16:23,506] {logging_mixin.py:104} INFO - [2021-08-07 19:16:23,504] {dag.py:1833} INFO - Sync 1 DAGs
[2021-08-07 19:16:23,520] {logging_mixin.py:104} INFO - [2021-08-07 19:16:23,518] {dag.py:1852} INFO - Creating ORM DAG for example_branch_dop_operator_v3
[2021-08-07 19:16:23,542] {logging_mixin.py:104} INFO - [2021-08-07 19:16:23,542] {dag.py:2306} INFO - Setting next_dagrun for example_branch_dop_operator_v3 to 2021-08-05 00:00:00+00:00
[2021-08-07 19:16:23,557] {scheduler_job.py:190} INFO - Processing /home/airflow/.local/lib/python3.6/site-packages/airflow/example_dags/example_branch_python_dop_operator_3.py took 3.635 seconds
[2021-08-07 19:16:53,816] {scheduler_job.py:182} INFO - Started process (PID=399) to work on /home/airflow/.local/lib/python3.6/site-packages/airflow/example_dags/example_branch_python_dop_operator_3.py
[2021-08-07 19:16:53,817] {scheduler_job.py:633} INFO - Processing file /home/airflow/.local/lib/python3.6/site-packages/airflow/example_dags/example_branch_python_dop_operator_3.py for tasks to queue
[2021-08-07 19:16:53,818] {logging_mixin.py:104} INFO - [2021-08-07 19:16:53,818] {dagbag.py:496} INFO - Filling up the DagBag from /home/airflow/.local/lib/python3.6/site-packages/airflow/example_dags/example_branch_python_dop_operator_3.py
[2021-08-07 19:16:53,834] {scheduler_job.py:643} INFO - DAG(s) dict_keys(['example_branch_dop_operator_v3']) retrieved from /home/airflow/.local/lib/python3.6/site-packages/airflow/example_dags/example_branch_python_dop_operator_3.py
[2021-08-07 19:16:53,852] {logging_mixin.py:104} INFO - [2021-08-07 19:16:53,852] {dag.py:1833} INFO - Sync 1 DAGs
[2021-08-07 19:16:53,878] {logging_mixin.py:104} INFO - [2021-08-07 19:16:53,877] {dag.py:2306} INFO - Setting next_dagrun for example_branch_dop_operator_v3 to 2021-08-05 00:00:00+00:00
[2021-08-07 19:16:53,886] {scheduler_job.py:190} INFO - Processing /home/airflow/.local/lib/python3.6/site-packages/airflow/example_dags/example_branch_python_dop_operator_3.py took 0.072 seconds
[2021-08-07 19:17:23,979] {scheduler_job.py:182} INFO - Started process (PID=455) to work on /home/airflow/.local/lib/python3.6/site-packages/airflow/example_dags/example_branch_python_dop_operator_3.py
[2021-08-07 19:17:23,980] {scheduler_job.py:633} INFO - Processing file /home/airflow/.local/lib/python3.6/site-packages/airflow/example_dags/example_branch_python_dop_operator_3.py for tasks to queue
[2021-08-07 19:17:23,981] {logging_mixin.py:104} INFO - [2021-08-07 19:17:23,981] {dagbag.py:496} INFO - Filling up the DagBag from /home/airflow/.local/lib/python3.6/site-packages/airflow/example_dags/example_branch_python_dop_operator_3.py
[2021-08-07 19:17:24,001] {scheduler_job.py:643} INFO - DAG(s) dict_keys(['example_branch_dop_operator_v3']) retrieved from /home/airflow/.local/lib/python3.6/site-packages/airflow/example_dags/example_branch_python_dop_operator_3.py
[2021-08-07 19:17:24,020] {logging_mixin.py:104} INFO - [2021-08-07 19:17:24,020] {dag.py:1833} INFO - Sync 1 DAGs
[2021-08-07 19:17:24,043] {logging_mixin.py:104} INFO - [2021-08-07 19:17:24,043] {dag.py:2306} INFO - Setting next_dagrun for example_branch_dop_operator_v3 to 2021-08-05 00:00:00+00:00
[2021-08-07 19:17:24,057] {scheduler_job.py:190} INFO - Processing /home/airflow/.local/lib/python3.6/site-packages/airflow/example_dags/example_branch_python_dop_operator_3.py took 0.082 seconds
[2021-08-07 19:17:54,186] {scheduler_job.py:182} INFO - Started process (PID=508) to work on /home/airflow/.local/lib/python3.6/site-packages/airflow/example_dags/example_branch_python_dop_operator_3.py
[2021-08-07 19:17:54,192] {scheduler_job.py:633} INFO - Processing file /home/airflow/.local/lib/python3.6/site-packages/airflow/example_dags/example_branch_python_dop_operator_3.py for tasks to queue
[2021-08-07 19:17:54,192] {logging_mixin.py:104} INFO - [2021-08-07 19:17:54,192] {dagbag.py:496} INFO - Filling up the DagBag from /home/airflow/.local/lib/python3.6/site-packages/airflow/example_dags/example_branch_python_dop_operator_3.py
[2021-08-07 19:17:54,207] {scheduler_job.py:643} INFO - DAG(s) dict_keys(['example_branch_dop_operator_v3']) retrieved from /home/airflow/.local/lib/python3.6/site-packages/airflow/example_dags/example_branch_python_dop_operator_3.py
[2021-08-07 19:17:54,227] {logging_mixin.py:104} INFO - [2021-08-07 19:17:54,227] {dag.py:1833} INFO - Sync 1 DAGs
[2021-08-07 19:17:54,253] {logging_mixin.py:104} INFO - [2021-08-07 19:17:54,253] {dag.py:2306} INFO - Setting next_dagrun for example_branch_dop_operator_v3 to 2021-08-05 00:00:00+00:00
[2021-08-07 19:17:54,262] {scheduler_job.py:190} INFO - Processing /home/airflow/.local/lib/python3.6/site-packages/airflow/example_dags/example_branch_python_dop_operator_3.py took 0.078 seconds
[2021-08-07 19:18:24,471] {scheduler_job.py:182} INFO - Started process (PID=572) to work on /home/airflow/.local/lib/python3.6/site-packages/airflow/example_dags/example_branch_python_dop_operator_3.py
[2021-08-07 19:18:24,472] {scheduler_job.py:633} INFO - Processing file /home/airflow/.local/lib/python3.6/site-packages/airflow/example_dags/example_branch_python_dop_operator_3.py for tasks to queue
[2021-08-07 19:18:24,472] {logging_mixin.py:104} INFO - [2021-08-07 19:18:24,472] {dagbag.py:496} INFO - Filling up the DagBag from /home/airflow/.local/lib/python3.6/site-packages/airflow/example_dags/example_branch_python_dop_operator_3.py
[2021-08-07 19:18:24,487] {scheduler_job.py:643} INFO - DAG(s) dict_keys(['example_branch_dop_operator_v3']) retrieved from /home/airflow/.local/lib/python3.6/site-packages/airflow/example_dags/example_branch_python_dop_operator_3.py
[2021-08-07 19:18:24,543] {logging_mixin.py:104} INFO - [2021-08-07 19:18:24,543] {dag.py:1833} INFO - Sync 1 DAGs
[2021-08-07 19:18:24,577] {logging_mixin.py:104} INFO - [2021-08-07 19:18:24,577] {dag.py:2306} INFO - Setting next_dagrun for example_branch_dop_operator_v3 to 2021-08-05 00:00:00+00:00
[2021-08-07 19:18:24,588] {scheduler_job.py:190} INFO - Processing /home/airflow/.local/lib/python3.6/site-packages/airflow/example_dags/example_branch_python_dop_operator_3.py took 0.120 seconds
[2021-08-07 19:18:54,847] {scheduler_job.py:182} INFO - Started process (PID=626) to work on /home/airflow/.local/lib/python3.6/site-packages/airflow/example_dags/example_branch_python_dop_operator_3.py
[2021-08-07 19:18:54,847] {scheduler_job.py:633} INFO - Processing file /home/airflow/.local/lib/python3.6/site-packages/airflow/example_dags/example_branch_python_dop_operator_3.py for tasks to queue
[2021-08-07 19:18:54,848] {logging_mixin.py:104} INFO - [2021-08-07 19:18:54,848] {dagbag.py:496} INFO - Filling up the DagBag from /home/airflow/.local/lib/python3.6/site-packages/airflow/example_dags/example_branch_python_dop_operator_3.py
[2021-08-07 19:18:54,858] {scheduler_job.py:643} INFO - DAG(s) dict_keys(['example_branch_dop_operator_v3']) retrieved from /home/airflow/.local/lib/python3.6/site-packages/airflow/example_dags/example_branch_python_dop_operator_3.py
[2021-08-07 19:18:54,874] {logging_mixin.py:104} INFO - [2021-08-07 19:18:54,874] {dag.py:1833} INFO - Sync 1 DAGs
[2021-08-07 19:18:54,895] {logging_mixin.py:104} INFO - [2021-08-07 19:18:54,894] {dag.py:2306} INFO - Setting next_dagrun for example_branch_dop_operator_v3 to 2021-08-05 00:00:00+00:00
[2021-08-07 19:18:54,903] {scheduler_job.py:190} INFO - Processing /home/airflow/.local/lib/python3.6/site-packages/airflow/example_dags/example_branch_python_dop_operator_3.py took 0.059 seconds
[2021-08-07 19:19:25,109] {scheduler_job.py:182} INFO - Started process (PID=690) to work on /home/airflow/.local/lib/python3.6/site-packages/airflow/example_dags/example_branch_python_dop_operator_3.py
[2021-08-07 19:19:25,110] {scheduler_job.py:633} INFO - Processing file /home/airflow/.local/lib/python3.6/site-packages/airflow/example_dags/example_branch_python_dop_operator_3.py for tasks to queue
[2021-08-07 19:19:25,112] {logging_mixin.py:104} INFO - [2021-08-07 19:19:25,111] {dagbag.py:496} INFO - Filling up the DagBag from /home/airflow/.local/lib/python3.6/site-packages/airflow/example_dags/example_branch_python_dop_operator_3.py
[2021-08-07 19:19:25,126] {scheduler_job.py:643} INFO - DAG(s) dict_keys(['example_branch_dop_operator_v3']) retrieved from /home/airflow/.local/lib/python3.6/site-packages/airflow/example_dags/example_branch_python_dop_operator_3.py
[2021-08-07 19:19:25,143] {logging_mixin.py:104} INFO - [2021-08-07 19:19:25,143] {dag.py:1833} INFO - Sync 1 DAGs
[2021-08-07 19:19:25,172] {logging_mixin.py:104} INFO - [2021-08-07 19:19:25,172] {dag.py:2306} INFO - Setting next_dagrun for example_branch_dop_operator_v3 to 2021-08-05 00:00:00+00:00
[2021-08-07 19:19:25,181] {scheduler_job.py:190} INFO - Processing /home/airflow/.local/lib/python3.6/site-packages/airflow/example_dags/example_branch_python_dop_operator_3.py took 0.074 seconds
[2021-08-07 19:19:55,270] {scheduler_job.py:182} INFO - Started process (PID=747) to work on /home/airflow/.local/lib/python3.6/site-packages/airflow/example_dags/example_branch_python_dop_operator_3.py
[2021-08-07 19:19:55,271] {scheduler_job.py:633} INFO - Processing file /home/airflow/.local/lib/python3.6/site-packages/airflow/example_dags/example_branch_python_dop_operator_3.py for tasks to queue
[2021-08-07 19:19:55,272] {logging_mixin.py:104} INFO - [2021-08-07 19:19:55,272] {dagbag.py:496} INFO - Filling up the DagBag from /home/airflow/.local/lib/python3.6/site-packages/airflow/example_dags/example_branch_python_dop_operator_3.py
[2021-08-07 19:19:55,289] {scheduler_job.py:643} INFO - DAG(s) dict_keys(['example_branch_dop_operator_v3']) retrieved from /home/airflow/.local/lib/python3.6/site-packages/airflow/example_dags/example_branch_python_dop_operator_3.py
[2021-08-07 19:19:55,328] {logging_mixin.py:104} INFO - [2021-08-07 19:19:55,328] {dag.py:1833} INFO - Sync 1 DAGs
[2021-08-07 19:19:55,360] {logging_mixin.py:104} INFO - [2021-08-07 19:19:55,360] {dag.py:2306} INFO - Setting next_dagrun for example_branch_dop_operator_v3 to 2021-08-05 00:00:00+00:00
[2021-08-07 19:19:55,380] {scheduler_job.py:190} INFO - Processing /home/airflow/.local/lib/python3.6/site-packages/airflow/example_dags/example_branch_python_dop_operator_3.py took 0.112 seconds
[2021-08-07 19:20:25,491] {scheduler_job.py:182} INFO - Started process (PID=811) to work on /home/airflow/.local/lib/python3.6/site-packages/airflow/example_dags/example_branch_python_dop_operator_3.py
[2021-08-07 19:20:25,493] {scheduler_job.py:633} INFO - Processing file /home/airflow/.local/lib/python3.6/site-packages/airflow/example_dags/example_branch_python_dop_operator_3.py for tasks to queue
[2021-08-07 19:20:25,494] {logging_mixin.py:104} INFO - [2021-08-07 19:20:25,493] {dagbag.py:496} INFO - Filling up the DagBag from /home/airflow/.local/lib/python3.6/site-packages/airflow/example_dags/example_branch_python_dop_operator_3.py
[2021-08-07 19:20:25,511] {scheduler_job.py:643} INFO - DAG(s) dict_keys(['example_branch_dop_operator_v3']) retrieved from /home/airflow/.local/lib/python3.6/site-packages/airflow/example_dags/example_branch_python_dop_operator_3.py
[2021-08-07 19:20:25,529] {logging_mixin.py:104} INFO - [2021-08-07 19:20:25,528] {dag.py:1833} INFO - Sync 1 DAGs
[2021-08-07 19:20:25,549] {logging_mixin.py:104} INFO - [2021-08-07 19:20:25,549] {dag.py:2306} INFO - Setting next_dagrun for example_branch_dop_operator_v3 to 2021-08-05 00:00:00+00:00
[2021-08-07 19:20:25,558] {scheduler_job.py:190} INFO - Processing /home/airflow/.local/lib/python3.6/site-packages/airflow/example_dags/example_branch_python_dop_operator_3.py took 0.071 seconds
[2021-08-07 19:20:55,756] {scheduler_job.py:182} INFO - Started process (PID=864) to work on /home/airflow/.local/lib/python3.6/site-packages/airflow/example_dags/example_branch_python_dop_operator_3.py
[2021-08-07 19:20:55,757] {scheduler_job.py:633} INFO - Processing file /home/airflow/.local/lib/python3.6/site-packages/airflow/example_dags/example_branch_python_dop_operator_3.py for tasks to queue
[2021-08-07 19:20:55,758] {logging_mixin.py:104} INFO - [2021-08-07 19:20:55,758] {dagbag.py:496} INFO - Filling up the DagBag from /home/airflow/.local/lib/python3.6/site-packages/airflow/example_dags/example_branch_python_dop_operator_3.py
[2021-08-07 19:20:55,770] {scheduler_job.py:643} INFO - DAG(s) dict_keys(['example_branch_dop_operator_v3']) retrieved from /home/airflow/.local/lib/python3.6/site-packages/airflow/example_dags/example_branch_python_dop_operator_3.py
[2021-08-07 19:20:55,790] {logging_mixin.py:104} INFO - [2021-08-07 19:20:55,790] {dag.py:1833} INFO - Sync 1 DAGs
[2021-08-07 19:20:55,820] {logging_mixin.py:104} INFO - [2021-08-07 19:20:55,820] {dag.py:2306} INFO - Setting next_dagrun for example_branch_dop_operator_v3 to 2021-08-05 00:00:00+00:00
[2021-08-07 19:20:55,829] {scheduler_job.py:190} INFO - Processing /home/airflow/.local/lib/python3.6/site-packages/airflow/example_dags/example_branch_python_dop_operator_3.py took 0.075 seconds
[2021-08-07 19:21:25,914] {scheduler_job.py:182} INFO - Started process (PID=928) to work on /home/airflow/.local/lib/python3.6/site-packages/airflow/example_dags/example_branch_python_dop_operator_3.py
[2021-08-07 19:21:25,915] {scheduler_job.py:633} INFO - Processing file /home/airflow/.local/lib/python3.6/site-packages/airflow/example_dags/example_branch_python_dop_operator_3.py for tasks to queue
[2021-08-07 19:21:25,916] {logging_mixin.py:104} INFO - [2021-08-07 19:21:25,916] {dagbag.py:496} INFO - Filling up the DagBag from /home/airflow/.local/lib/python3.6/site-packages/airflow/example_dags/example_branch_python_dop_operator_3.py
[2021-08-07 19:21:25,929] {scheduler_job.py:643} INFO - DAG(s) dict_keys(['example_branch_dop_operator_v3']) retrieved from /home/airflow/.local/lib/python3.6/site-packages/airflow/example_dags/example_branch_python_dop_operator_3.py
[2021-08-07 19:21:25,954] {logging_mixin.py:104} INFO - [2021-08-07 19:21:25,954] {dag.py:1833} INFO - Sync 1 DAGs
[2021-08-07 19:21:25,979] {logging_mixin.py:104} INFO - [2021-08-07 19:21:25,978] {dag.py:2306} INFO - Setting next_dagrun for example_branch_dop_operator_v3 to 2021-08-05 00:00:00+00:00
[2021-08-07 19:21:25,989] {scheduler_job.py:190} INFO - Processing /home/airflow/.local/lib/python3.6/site-packages/airflow/example_dags/example_branch_python_dop_operator_3.py took 0.078 seconds
[2021-08-07 19:21:56,101] {scheduler_job.py:182} INFO - Started process (PID=980) to work on /home/airflow/.local/lib/python3.6/site-packages/airflow/example_dags/example_branch_python_dop_operator_3.py
[2021-08-07 19:21:56,102] {scheduler_job.py:633} INFO - Processing file /home/airflow/.local/lib/python3.6/site-packages/airflow/example_dags/example_branch_python_dop_operator_3.py for tasks to queue
[2021-08-07 19:21:56,102] {logging_mixin.py:104} INFO - [2021-08-07 19:21:56,102] {dagbag.py:496} INFO - Filling up the DagBag from /home/airflow/.local/lib/python3.6/site-packages/airflow/example_dags/example_branch_python_dop_operator_3.py
[2021-08-07 19:21:56,113] {scheduler_job.py:643} INFO - DAG(s) dict_keys(['example_branch_dop_operator_v3']) retrieved from /home/airflow/.local/lib/python3.6/site-packages/airflow/example_dags/example_branch_python_dop_operator_3.py
[2021-08-07 19:21:56,129] {logging_mixin.py:104} INFO - [2021-08-07 19:21:56,129] {dag.py:1833} INFO - Sync 1 DAGs
[2021-08-07 19:21:56,148] {logging_mixin.py:104} INFO - [2021-08-07 19:21:56,148] {dag.py:2306} INFO - Setting next_dagrun for example_branch_dop_operator_v3 to 2021-08-05 00:00:00+00:00
[2021-08-07 19:21:56,160] {scheduler_job.py:190} INFO - Processing /home/airflow/.local/lib/python3.6/site-packages/airflow/example_dags/example_branch_python_dop_operator_3.py took 0.062 seconds
[2021-08-07 19:22:49,134] {scheduler_job.py:182} INFO - Started process (PID=1067) to work on /home/airflow/.local/lib/python3.6/site-packages/airflow/example_dags/example_branch_python_dop_operator_3.py
[2021-08-07 19:22:49,135] {scheduler_job.py:633} INFO - Processing file /home/airflow/.local/lib/python3.6/site-packages/airflow/example_dags/example_branch_python_dop_operator_3.py for tasks to queue
[2021-08-07 19:22:49,136] {logging_mixin.py:104} INFO - [2021-08-07 19:22:49,136] {dagbag.py:496} INFO - Filling up the DagBag from /home/airflow/.local/lib/python3.6/site-packages/airflow/example_dags/example_branch_python_dop_operator_3.py
[2021-08-07 19:22:49,148] {scheduler_job.py:643} INFO - DAG(s) dict_keys(['example_branch_dop_operator_v3']) retrieved from /home/airflow/.local/lib/python3.6/site-packages/airflow/example_dags/example_branch_python_dop_operator_3.py
[2021-08-07 19:22:49,167] {logging_mixin.py:104} INFO - [2021-08-07 19:22:49,167] {dag.py:1833} INFO - Sync 1 DAGs
[2021-08-07 19:22:49,200] {logging_mixin.py:104} INFO - [2021-08-07 19:22:49,200] {dag.py:2306} INFO - Setting next_dagrun for example_branch_dop_operator_v3 to 2021-08-05 00:00:00+00:00
[2021-08-07 19:22:49,212] {scheduler_job.py:190} INFO - Processing /home/airflow/.local/lib/python3.6/site-packages/airflow/example_dags/example_branch_python_dop_operator_3.py took 0.080 seconds
[2021-08-07 19:23:19,439] {scheduler_job.py:182} INFO - Started process (PID=1120) to work on /home/airflow/.local/lib/python3.6/site-packages/airflow/example_dags/example_branch_python_dop_operator_3.py
[2021-08-07 19:23:19,441] {scheduler_job.py:633} INFO - Processing file /home/airflow/.local/lib/python3.6/site-packages/airflow/example_dags/example_branch_python_dop_operator_3.py for tasks to queue
[2021-08-07 19:23:19,442] {logging_mixin.py:104} INFO - [2021-08-07 19:23:19,441] {dagbag.py:496} INFO - Filling up the DagBag from /home/airflow/.local/lib/python3.6/site-packages/airflow/example_dags/example_branch_python_dop_operator_3.py
[2021-08-07 19:23:19,456] {scheduler_job.py:643} INFO - DAG(s) dict_keys(['example_branch_dop_operator_v3']) retrieved from /home/airflow/.local/lib/python3.6/site-packages/airflow/example_dags/example_branch_python_dop_operator_3.py
[2021-08-07 19:23:19,477] {logging_mixin.py:104} INFO - [2021-08-07 19:23:19,477] {dag.py:1833} INFO - Sync 1 DAGs
[2021-08-07 19:23:19,500] {logging_mixin.py:104} INFO - [2021-08-07 19:23:19,500] {dag.py:2306} INFO - Setting next_dagrun for example_branch_dop_operator_v3 to 2021-08-05 00:00:00+00:00
[2021-08-07 19:23:19,509] {scheduler_job.py:190} INFO - Processing /home/airflow/.local/lib/python3.6/site-packages/airflow/example_dags/example_branch_python_dop_operator_3.py took 0.073 seconds
[2021-08-07 19:23:50,403] {scheduler_job.py:182} INFO - Started process (PID=1181) to work on /home/airflow/.local/lib/python3.6/site-packages/airflow/example_dags/example_branch_python_dop_operator_3.py
[2021-08-07 19:23:50,404] {scheduler_job.py:633} INFO - Processing file /home/airflow/.local/lib/python3.6/site-packages/airflow/example_dags/example_branch_python_dop_operator_3.py for tasks to queue
[2021-08-07 19:23:50,404] {logging_mixin.py:104} INFO - [2021-08-07 19:23:50,404] {dagbag.py:496} INFO - Filling up the DagBag from /home/airflow/.local/lib/python3.6/site-packages/airflow/example_dags/example_branch_python_dop_operator_3.py
[2021-08-07 19:23:50,415] {scheduler_job.py:643} INFO - DAG(s) dict_keys(['example_branch_dop_operator_v3']) retrieved from /home/airflow/.local/lib/python3.6/site-packages/airflow/example_dags/example_branch_python_dop_operator_3.py
[2021-08-07 19:23:50,432] {logging_mixin.py:104} INFO - [2021-08-07 19:23:50,432] {dag.py:1833} INFO - Sync 1 DAGs
[2021-08-07 19:23:50,455] {logging_mixin.py:104} INFO - [2021-08-07 19:23:50,454] {dag.py:2306} INFO - Setting next_dagrun for example_branch_dop_operator_v3 to 2021-08-05 00:00:00+00:00
[2021-08-07 19:23:50,465] {scheduler_job.py:190} INFO - Processing /home/airflow/.local/lib/python3.6/site-packages/airflow/example_dags/example_branch_python_dop_operator_3.py took 0.064 seconds
[2021-08-07 19:24:21,185] {scheduler_job.py:182} INFO - Started process (PID=1236) to work on /home/airflow/.local/lib/python3.6/site-packages/airflow/example_dags/example_branch_python_dop_operator_3.py
[2021-08-07 19:24:21,187] {scheduler_job.py:633} INFO - Processing file /home/airflow/.local/lib/python3.6/site-packages/airflow/example_dags/example_branch_python_dop_operator_3.py for tasks to queue
[2021-08-07 19:24:21,188] {logging_mixin.py:104} INFO - [2021-08-07 19:24:21,188] {dagbag.py:496} INFO - Filling up the DagBag from /home/airflow/.local/lib/python3.6/site-packages/airflow/example_dags/example_branch_python_dop_operator_3.py
[2021-08-07 19:24:21,206] {scheduler_job.py:643} INFO - DAG(s) dict_keys(['example_branch_dop_operator_v3']) retrieved from /home/airflow/.local/lib/python3.6/site-packages/airflow/example_dags/example_branch_python_dop_operator_3.py
[2021-08-07 19:24:21,227] {logging_mixin.py:104} INFO - [2021-08-07 19:24:21,226] {dag.py:1833} INFO - Sync 1 DAGs
[2021-08-07 19:24:21,252] {logging_mixin.py:104} INFO - [2021-08-07 19:24:21,252] {dag.py:2306} INFO - Setting next_dagrun for example_branch_dop_operator_v3 to 2021-08-05 00:00:00+00:00
[2021-08-07 19:24:21,262] {scheduler_job.py:190} INFO - Processing /home/airflow/.local/lib/python3.6/site-packages/airflow/example_dags/example_branch_python_dop_operator_3.py took 0.081 seconds
[2021-08-07 19:24:51,908] {scheduler_job.py:182} INFO - Started process (PID=1298) to work on /home/airflow/.local/lib/python3.6/site-packages/airflow/example_dags/example_branch_python_dop_operator_3.py
[2021-08-07 19:24:51,909] {scheduler_job.py:633} INFO - Processing file /home/airflow/.local/lib/python3.6/site-packages/airflow/example_dags/example_branch_python_dop_operator_3.py for tasks to queue
[2021-08-07 19:24:51,910] {logging_mixin.py:104} INFO - [2021-08-07 19:24:51,910] {dagbag.py:496} INFO - Filling up the DagBag from /home/airflow/.local/lib/python3.6/site-packages/airflow/example_dags/example_branch_python_dop_operator_3.py
[2021-08-07 19:24:51,925] {scheduler_job.py:643} INFO - DAG(s) dict_keys(['example_branch_dop_operator_v3']) retrieved from /home/airflow/.local/lib/python3.6/site-packages/airflow/example_dags/example_branch_python_dop_operator_3.py
[2021-08-07 19:24:51,944] {logging_mixin.py:104} INFO - [2021-08-07 19:24:51,944] {dag.py:1833} INFO - Sync 1 DAGs
[2021-08-07 19:24:51,966] {logging_mixin.py:104} INFO - [2021-08-07 19:24:51,966] {dag.py:2306} INFO - Setting next_dagrun for example_branch_dop_operator_v3 to 2021-08-05 00:00:00+00:00
[2021-08-07 19:24:51,974] {scheduler_job.py:190} INFO - Processing /home/airflow/.local/lib/python3.6/site-packages/airflow/example_dags/example_branch_python_dop_operator_3.py took 0.069 seconds
