[2021-08-07 19:15:38,246] {scheduler_job.py:182} INFO - Started process (PID=55) to work on /home/airflow/.local/lib/python3.6/site-packages/airflow/example_dags/example_nested_branch_dag.py
[2021-08-07 19:15:38,247] {scheduler_job.py:633} INFO - Processing file /home/airflow/.local/lib/python3.6/site-packages/airflow/example_dags/example_nested_branch_dag.py for tasks to queue
[2021-08-07 19:15:38,248] {logging_mixin.py:104} INFO - [2021-08-07 19:15:38,248] {dagbag.py:496} INFO - Filling up the DagBag from /home/airflow/.local/lib/python3.6/site-packages/airflow/example_dags/example_nested_branch_dag.py
[2021-08-07 19:15:38,271] {scheduler_job.py:643} INFO - DAG(s) dict_keys(['example_nested_branch_dag']) retrieved from /home/airflow/.local/lib/python3.6/site-packages/airflow/example_dags/example_nested_branch_dag.py
[2021-08-07 19:15:41,902] {logging_mixin.py:104} INFO - [2021-08-07 19:15:41,900] {dag.py:1833} INFO - Sync 1 DAGs
[2021-08-07 19:15:41,919] {logging_mixin.py:104} INFO - [2021-08-07 19:15:41,917] {dag.py:1852} INFO - Creating ORM DAG for example_nested_branch_dag
[2021-08-07 19:15:41,931] {logging_mixin.py:104} INFO - [2021-08-07 19:15:41,931] {dag.py:2306} INFO - Setting next_dagrun for example_nested_branch_dag to 2021-08-05 00:00:00+00:00
[2021-08-07 19:15:41,951] {scheduler_job.py:190} INFO - Processing /home/airflow/.local/lib/python3.6/site-packages/airflow/example_dags/example_nested_branch_dag.py took 3.708 seconds
[2021-08-07 19:16:28,096] {scheduler_job.py:182} INFO - Started process (PID=353) to work on /home/airflow/.local/lib/python3.6/site-packages/airflow/example_dags/example_nested_branch_dag.py
[2021-08-07 19:16:28,097] {scheduler_job.py:633} INFO - Processing file /home/airflow/.local/lib/python3.6/site-packages/airflow/example_dags/example_nested_branch_dag.py for tasks to queue
[2021-08-07 19:16:28,097] {logging_mixin.py:104} INFO - [2021-08-07 19:16:28,097] {dagbag.py:496} INFO - Filling up the DagBag from /home/airflow/.local/lib/python3.6/site-packages/airflow/example_dags/example_nested_branch_dag.py
[2021-08-07 19:16:28,114] {scheduler_job.py:643} INFO - DAG(s) dict_keys(['example_nested_branch_dag']) retrieved from /home/airflow/.local/lib/python3.6/site-packages/airflow/example_dags/example_nested_branch_dag.py
[2021-08-07 19:16:28,136] {logging_mixin.py:104} INFO - [2021-08-07 19:16:28,136] {dag.py:1833} INFO - Sync 1 DAGs
[2021-08-07 19:16:28,159] {logging_mixin.py:104} INFO - [2021-08-07 19:16:28,158] {dag.py:2306} INFO - Setting next_dagrun for example_nested_branch_dag to 2021-08-05 00:00:00+00:00
[2021-08-07 19:16:28,171] {scheduler_job.py:190} INFO - Processing /home/airflow/.local/lib/python3.6/site-packages/airflow/example_dags/example_nested_branch_dag.py took 0.078 seconds
[2021-08-07 19:16:58,336] {scheduler_job.py:182} INFO - Started process (PID=408) to work on /home/airflow/.local/lib/python3.6/site-packages/airflow/example_dags/example_nested_branch_dag.py
[2021-08-07 19:16:58,337] {scheduler_job.py:633} INFO - Processing file /home/airflow/.local/lib/python3.6/site-packages/airflow/example_dags/example_nested_branch_dag.py for tasks to queue
[2021-08-07 19:16:58,338] {logging_mixin.py:104} INFO - [2021-08-07 19:16:58,338] {dagbag.py:496} INFO - Filling up the DagBag from /home/airflow/.local/lib/python3.6/site-packages/airflow/example_dags/example_nested_branch_dag.py
[2021-08-07 19:16:58,362] {scheduler_job.py:643} INFO - DAG(s) dict_keys(['example_nested_branch_dag']) retrieved from /home/airflow/.local/lib/python3.6/site-packages/airflow/example_dags/example_nested_branch_dag.py
[2021-08-07 19:16:58,395] {logging_mixin.py:104} INFO - [2021-08-07 19:16:58,395] {dag.py:1833} INFO - Sync 1 DAGs
[2021-08-07 19:16:58,423] {logging_mixin.py:104} INFO - [2021-08-07 19:16:58,423] {dag.py:2306} INFO - Setting next_dagrun for example_nested_branch_dag to 2021-08-05 00:00:00+00:00
[2021-08-07 19:16:58,436] {scheduler_job.py:190} INFO - Processing /home/airflow/.local/lib/python3.6/site-packages/airflow/example_dags/example_nested_branch_dag.py took 0.104 seconds
[2021-08-07 19:17:29,743] {scheduler_job.py:182} INFO - Started process (PID=471) to work on /home/airflow/.local/lib/python3.6/site-packages/airflow/example_dags/example_nested_branch_dag.py
[2021-08-07 19:17:29,746] {scheduler_job.py:633} INFO - Processing file /home/airflow/.local/lib/python3.6/site-packages/airflow/example_dags/example_nested_branch_dag.py for tasks to queue
[2021-08-07 19:17:29,748] {logging_mixin.py:104} INFO - [2021-08-07 19:17:29,747] {dagbag.py:496} INFO - Filling up the DagBag from /home/airflow/.local/lib/python3.6/site-packages/airflow/example_dags/example_nested_branch_dag.py
[2021-08-07 19:17:29,791] {scheduler_job.py:643} INFO - DAG(s) dict_keys(['example_nested_branch_dag']) retrieved from /home/airflow/.local/lib/python3.6/site-packages/airflow/example_dags/example_nested_branch_dag.py
[2021-08-07 19:17:29,837] {logging_mixin.py:104} INFO - [2021-08-07 19:17:29,837] {dag.py:1833} INFO - Sync 1 DAGs
[2021-08-07 19:17:29,884] {logging_mixin.py:104} INFO - [2021-08-07 19:17:29,884] {dag.py:2306} INFO - Setting next_dagrun for example_nested_branch_dag to 2021-08-05 00:00:00+00:00
[2021-08-07 19:17:29,931] {scheduler_job.py:190} INFO - Processing /home/airflow/.local/lib/python3.6/site-packages/airflow/example_dags/example_nested_branch_dag.py took 0.193 seconds
[2021-08-07 19:18:00,755] {scheduler_job.py:182} INFO - Started process (PID=525) to work on /home/airflow/.local/lib/python3.6/site-packages/airflow/example_dags/example_nested_branch_dag.py
[2021-08-07 19:18:00,765] {scheduler_job.py:633} INFO - Processing file /home/airflow/.local/lib/python3.6/site-packages/airflow/example_dags/example_nested_branch_dag.py for tasks to queue
[2021-08-07 19:18:00,766] {logging_mixin.py:104} INFO - [2021-08-07 19:18:00,766] {dagbag.py:496} INFO - Filling up the DagBag from /home/airflow/.local/lib/python3.6/site-packages/airflow/example_dags/example_nested_branch_dag.py
[2021-08-07 19:18:00,792] {scheduler_job.py:643} INFO - DAG(s) dict_keys(['example_nested_branch_dag']) retrieved from /home/airflow/.local/lib/python3.6/site-packages/airflow/example_dags/example_nested_branch_dag.py
[2021-08-07 19:18:00,831] {logging_mixin.py:104} INFO - [2021-08-07 19:18:00,831] {dag.py:1833} INFO - Sync 1 DAGs
[2021-08-07 19:18:00,865] {logging_mixin.py:104} INFO - [2021-08-07 19:18:00,864] {dag.py:2306} INFO - Setting next_dagrun for example_nested_branch_dag to 2021-08-05 00:00:00+00:00
[2021-08-07 19:18:00,880] {scheduler_job.py:190} INFO - Processing /home/airflow/.local/lib/python3.6/site-packages/airflow/example_dags/example_nested_branch_dag.py took 0.129 seconds
[2021-08-07 19:18:30,912] {scheduler_job.py:182} INFO - Started process (PID=579) to work on /home/airflow/.local/lib/python3.6/site-packages/airflow/example_dags/example_nested_branch_dag.py
[2021-08-07 19:18:30,914] {scheduler_job.py:633} INFO - Processing file /home/airflow/.local/lib/python3.6/site-packages/airflow/example_dags/example_nested_branch_dag.py for tasks to queue
[2021-08-07 19:18:30,915] {logging_mixin.py:104} INFO - [2021-08-07 19:18:30,915] {dagbag.py:496} INFO - Filling up the DagBag from /home/airflow/.local/lib/python3.6/site-packages/airflow/example_dags/example_nested_branch_dag.py
[2021-08-07 19:18:30,940] {scheduler_job.py:643} INFO - DAG(s) dict_keys(['example_nested_branch_dag']) retrieved from /home/airflow/.local/lib/python3.6/site-packages/airflow/example_dags/example_nested_branch_dag.py
[2021-08-07 19:18:30,965] {logging_mixin.py:104} INFO - [2021-08-07 19:18:30,965] {dag.py:1833} INFO - Sync 1 DAGs
[2021-08-07 19:18:30,988] {logging_mixin.py:104} INFO - [2021-08-07 19:18:30,988] {dag.py:2306} INFO - Setting next_dagrun for example_nested_branch_dag to 2021-08-05 00:00:00+00:00
[2021-08-07 19:18:31,004] {scheduler_job.py:190} INFO - Processing /home/airflow/.local/lib/python3.6/site-packages/airflow/example_dags/example_nested_branch_dag.py took 0.095 seconds
[2021-08-07 19:19:01,294] {scheduler_job.py:182} INFO - Started process (PID=644) to work on /home/airflow/.local/lib/python3.6/site-packages/airflow/example_dags/example_nested_branch_dag.py
[2021-08-07 19:19:01,295] {scheduler_job.py:633} INFO - Processing file /home/airflow/.local/lib/python3.6/site-packages/airflow/example_dags/example_nested_branch_dag.py for tasks to queue
[2021-08-07 19:19:01,296] {logging_mixin.py:104} INFO - [2021-08-07 19:19:01,296] {dagbag.py:496} INFO - Filling up the DagBag from /home/airflow/.local/lib/python3.6/site-packages/airflow/example_dags/example_nested_branch_dag.py
[2021-08-07 19:19:01,320] {scheduler_job.py:643} INFO - DAG(s) dict_keys(['example_nested_branch_dag']) retrieved from /home/airflow/.local/lib/python3.6/site-packages/airflow/example_dags/example_nested_branch_dag.py
[2021-08-07 19:19:01,352] {logging_mixin.py:104} INFO - [2021-08-07 19:19:01,351] {dag.py:1833} INFO - Sync 1 DAGs
[2021-08-07 19:19:01,380] {logging_mixin.py:104} INFO - [2021-08-07 19:19:01,380] {dag.py:2306} INFO - Setting next_dagrun for example_nested_branch_dag to 2021-08-05 00:00:00+00:00
[2021-08-07 19:19:01,391] {scheduler_job.py:190} INFO - Processing /home/airflow/.local/lib/python3.6/site-packages/airflow/example_dags/example_nested_branch_dag.py took 0.101 seconds
[2021-08-07 19:19:31,585] {scheduler_job.py:182} INFO - Started process (PID=697) to work on /home/airflow/.local/lib/python3.6/site-packages/airflow/example_dags/example_nested_branch_dag.py
[2021-08-07 19:19:31,587] {scheduler_job.py:633} INFO - Processing file /home/airflow/.local/lib/python3.6/site-packages/airflow/example_dags/example_nested_branch_dag.py for tasks to queue
[2021-08-07 19:19:31,588] {logging_mixin.py:104} INFO - [2021-08-07 19:19:31,588] {dagbag.py:496} INFO - Filling up the DagBag from /home/airflow/.local/lib/python3.6/site-packages/airflow/example_dags/example_nested_branch_dag.py
[2021-08-07 19:19:31,612] {scheduler_job.py:643} INFO - DAG(s) dict_keys(['example_nested_branch_dag']) retrieved from /home/airflow/.local/lib/python3.6/site-packages/airflow/example_dags/example_nested_branch_dag.py
[2021-08-07 19:19:31,645] {logging_mixin.py:104} INFO - [2021-08-07 19:19:31,645] {dag.py:1833} INFO - Sync 1 DAGs
[2021-08-07 19:19:31,672] {logging_mixin.py:104} INFO - [2021-08-07 19:19:31,672] {dag.py:2306} INFO - Setting next_dagrun for example_nested_branch_dag to 2021-08-05 00:00:00+00:00
[2021-08-07 19:19:31,694] {scheduler_job.py:190} INFO - Processing /home/airflow/.local/lib/python3.6/site-packages/airflow/example_dags/example_nested_branch_dag.py took 0.112 seconds
[2021-08-07 19:20:01,747] {scheduler_job.py:182} INFO - Started process (PID=764) to work on /home/airflow/.local/lib/python3.6/site-packages/airflow/example_dags/example_nested_branch_dag.py
[2021-08-07 19:20:01,749] {scheduler_job.py:633} INFO - Processing file /home/airflow/.local/lib/python3.6/site-packages/airflow/example_dags/example_nested_branch_dag.py for tasks to queue
[2021-08-07 19:20:01,750] {logging_mixin.py:104} INFO - [2021-08-07 19:20:01,750] {dagbag.py:496} INFO - Filling up the DagBag from /home/airflow/.local/lib/python3.6/site-packages/airflow/example_dags/example_nested_branch_dag.py
[2021-08-07 19:20:01,776] {scheduler_job.py:643} INFO - DAG(s) dict_keys(['example_nested_branch_dag']) retrieved from /home/airflow/.local/lib/python3.6/site-packages/airflow/example_dags/example_nested_branch_dag.py
[2021-08-07 19:20:01,806] {logging_mixin.py:104} INFO - [2021-08-07 19:20:01,806] {dag.py:1833} INFO - Sync 1 DAGs
[2021-08-07 19:20:01,833] {logging_mixin.py:104} INFO - [2021-08-07 19:20:01,833] {dag.py:2306} INFO - Setting next_dagrun for example_nested_branch_dag to 2021-08-05 00:00:00+00:00
[2021-08-07 19:20:01,845] {scheduler_job.py:190} INFO - Processing /home/airflow/.local/lib/python3.6/site-packages/airflow/example_dags/example_nested_branch_dag.py took 0.101 seconds
[2021-08-07 19:20:31,942] {scheduler_job.py:182} INFO - Started process (PID=818) to work on /home/airflow/.local/lib/python3.6/site-packages/airflow/example_dags/example_nested_branch_dag.py
[2021-08-07 19:20:31,943] {scheduler_job.py:633} INFO - Processing file /home/airflow/.local/lib/python3.6/site-packages/airflow/example_dags/example_nested_branch_dag.py for tasks to queue
[2021-08-07 19:20:31,945] {logging_mixin.py:104} INFO - [2021-08-07 19:20:31,944] {dagbag.py:496} INFO - Filling up the DagBag from /home/airflow/.local/lib/python3.6/site-packages/airflow/example_dags/example_nested_branch_dag.py
[2021-08-07 19:20:31,970] {scheduler_job.py:643} INFO - DAG(s) dict_keys(['example_nested_branch_dag']) retrieved from /home/airflow/.local/lib/python3.6/site-packages/airflow/example_dags/example_nested_branch_dag.py
[2021-08-07 19:20:32,027] {logging_mixin.py:104} INFO - [2021-08-07 19:20:32,027] {dag.py:1833} INFO - Sync 1 DAGs
[2021-08-07 19:20:32,061] {logging_mixin.py:104} INFO - [2021-08-07 19:20:32,060] {dag.py:2306} INFO - Setting next_dagrun for example_nested_branch_dag to 2021-08-05 00:00:00+00:00
[2021-08-07 19:20:32,076] {scheduler_job.py:190} INFO - Processing /home/airflow/.local/lib/python3.6/site-packages/airflow/example_dags/example_nested_branch_dag.py took 0.139 seconds
[2021-08-07 19:21:02,246] {scheduler_job.py:182} INFO - Started process (PID=881) to work on /home/airflow/.local/lib/python3.6/site-packages/airflow/example_dags/example_nested_branch_dag.py
[2021-08-07 19:21:02,247] {scheduler_job.py:633} INFO - Processing file /home/airflow/.local/lib/python3.6/site-packages/airflow/example_dags/example_nested_branch_dag.py for tasks to queue
[2021-08-07 19:21:02,248] {logging_mixin.py:104} INFO - [2021-08-07 19:21:02,248] {dagbag.py:496} INFO - Filling up the DagBag from /home/airflow/.local/lib/python3.6/site-packages/airflow/example_dags/example_nested_branch_dag.py
[2021-08-07 19:21:02,271] {scheduler_job.py:643} INFO - DAG(s) dict_keys(['example_nested_branch_dag']) retrieved from /home/airflow/.local/lib/python3.6/site-packages/airflow/example_dags/example_nested_branch_dag.py
[2021-08-07 19:21:02,303] {logging_mixin.py:104} INFO - [2021-08-07 19:21:02,303] {dag.py:1833} INFO - Sync 1 DAGs
[2021-08-07 19:21:02,329] {logging_mixin.py:104} INFO - [2021-08-07 19:21:02,329] {dag.py:2306} INFO - Setting next_dagrun for example_nested_branch_dag to 2021-08-05 00:00:00+00:00
[2021-08-07 19:21:02,341] {scheduler_job.py:190} INFO - Processing /home/airflow/.local/lib/python3.6/site-packages/airflow/example_dags/example_nested_branch_dag.py took 0.099 seconds
[2021-08-07 19:21:33,254] {scheduler_job.py:182} INFO - Started process (PID=935) to work on /home/airflow/.local/lib/python3.6/site-packages/airflow/example_dags/example_nested_branch_dag.py
[2021-08-07 19:21:33,255] {scheduler_job.py:633} INFO - Processing file /home/airflow/.local/lib/python3.6/site-packages/airflow/example_dags/example_nested_branch_dag.py for tasks to queue
[2021-08-07 19:21:33,255] {logging_mixin.py:104} INFO - [2021-08-07 19:21:33,255] {dagbag.py:496} INFO - Filling up the DagBag from /home/airflow/.local/lib/python3.6/site-packages/airflow/example_dags/example_nested_branch_dag.py
[2021-08-07 19:21:33,274] {scheduler_job.py:643} INFO - DAG(s) dict_keys(['example_nested_branch_dag']) retrieved from /home/airflow/.local/lib/python3.6/site-packages/airflow/example_dags/example_nested_branch_dag.py
[2021-08-07 19:21:33,301] {logging_mixin.py:104} INFO - [2021-08-07 19:21:33,300] {dag.py:1833} INFO - Sync 1 DAGs
[2021-08-07 19:21:33,326] {logging_mixin.py:104} INFO - [2021-08-07 19:21:33,326] {dag.py:2306} INFO - Setting next_dagrun for example_nested_branch_dag to 2021-08-05 00:00:00+00:00
[2021-08-07 19:21:33,338] {scheduler_job.py:190} INFO - Processing /home/airflow/.local/lib/python3.6/site-packages/airflow/example_dags/example_nested_branch_dag.py took 0.088 seconds
[2021-08-07 19:22:03,477] {scheduler_job.py:182} INFO - Started process (PID=998) to work on /home/airflow/.local/lib/python3.6/site-packages/airflow/example_dags/example_nested_branch_dag.py
[2021-08-07 19:22:03,478] {scheduler_job.py:633} INFO - Processing file /home/airflow/.local/lib/python3.6/site-packages/airflow/example_dags/example_nested_branch_dag.py for tasks to queue
[2021-08-07 19:22:03,479] {logging_mixin.py:104} INFO - [2021-08-07 19:22:03,479] {dagbag.py:496} INFO - Filling up the DagBag from /home/airflow/.local/lib/python3.6/site-packages/airflow/example_dags/example_nested_branch_dag.py
[2021-08-07 19:22:03,495] {scheduler_job.py:643} INFO - DAG(s) dict_keys(['example_nested_branch_dag']) retrieved from /home/airflow/.local/lib/python3.6/site-packages/airflow/example_dags/example_nested_branch_dag.py
[2021-08-07 19:22:03,519] {logging_mixin.py:104} INFO - [2021-08-07 19:22:03,519] {dag.py:1833} INFO - Sync 1 DAGs
[2021-08-07 19:22:03,544] {logging_mixin.py:104} INFO - [2021-08-07 19:22:03,544] {dag.py:2306} INFO - Setting next_dagrun for example_nested_branch_dag to 2021-08-05 00:00:00+00:00
[2021-08-07 19:22:03,556] {scheduler_job.py:190} INFO - Processing /home/airflow/.local/lib/python3.6/site-packages/airflow/example_dags/example_nested_branch_dag.py took 0.084 seconds
[2021-08-07 19:22:47,191] {scheduler_job.py:182} INFO - Started process (PID=1033) to work on /home/airflow/.local/lib/python3.6/site-packages/airflow/example_dags/example_nested_branch_dag.py
[2021-08-07 19:22:47,193] {scheduler_job.py:633} INFO - Processing file /home/airflow/.local/lib/python3.6/site-packages/airflow/example_dags/example_nested_branch_dag.py for tasks to queue
[2021-08-07 19:22:47,194] {logging_mixin.py:104} INFO - [2021-08-07 19:22:47,193] {dagbag.py:496} INFO - Filling up the DagBag from /home/airflow/.local/lib/python3.6/site-packages/airflow/example_dags/example_nested_branch_dag.py
[2021-08-07 19:22:47,209] {scheduler_job.py:643} INFO - DAG(s) dict_keys(['example_nested_branch_dag']) retrieved from /home/airflow/.local/lib/python3.6/site-packages/airflow/example_dags/example_nested_branch_dag.py
[2021-08-07 19:22:47,231] {logging_mixin.py:104} INFO - [2021-08-07 19:22:47,231] {dag.py:1833} INFO - Sync 1 DAGs
[2021-08-07 19:22:47,253] {logging_mixin.py:104} INFO - [2021-08-07 19:22:47,253] {dag.py:2306} INFO - Setting next_dagrun for example_nested_branch_dag to 2021-08-05 00:00:00+00:00
[2021-08-07 19:22:47,265] {scheduler_job.py:190} INFO - Processing /home/airflow/.local/lib/python3.6/site-packages/airflow/example_dags/example_nested_branch_dag.py took 0.077 seconds
[2021-08-07 19:23:17,859] {scheduler_job.py:182} INFO - Started process (PID=1097) to work on /home/airflow/.local/lib/python3.6/site-packages/airflow/example_dags/example_nested_branch_dag.py
[2021-08-07 19:23:17,859] {scheduler_job.py:633} INFO - Processing file /home/airflow/.local/lib/python3.6/site-packages/airflow/example_dags/example_nested_branch_dag.py for tasks to queue
[2021-08-07 19:23:17,860] {logging_mixin.py:104} INFO - [2021-08-07 19:23:17,860] {dagbag.py:496} INFO - Filling up the DagBag from /home/airflow/.local/lib/python3.6/site-packages/airflow/example_dags/example_nested_branch_dag.py
[2021-08-07 19:23:17,872] {scheduler_job.py:643} INFO - DAG(s) dict_keys(['example_nested_branch_dag']) retrieved from /home/airflow/.local/lib/python3.6/site-packages/airflow/example_dags/example_nested_branch_dag.py
[2021-08-07 19:23:17,889] {logging_mixin.py:104} INFO - [2021-08-07 19:23:17,889] {dag.py:1833} INFO - Sync 1 DAGs
[2021-08-07 19:23:17,904] {logging_mixin.py:104} INFO - [2021-08-07 19:23:17,904] {dag.py:2306} INFO - Setting next_dagrun for example_nested_branch_dag to 2021-08-05 00:00:00+00:00
[2021-08-07 19:23:17,914] {scheduler_job.py:190} INFO - Processing /home/airflow/.local/lib/python3.6/site-packages/airflow/example_dags/example_nested_branch_dag.py took 0.058 seconds
[2021-08-07 19:23:48,123] {scheduler_job.py:182} INFO - Started process (PID=1158) to work on /home/airflow/.local/lib/python3.6/site-packages/airflow/example_dags/example_nested_branch_dag.py
[2021-08-07 19:23:48,124] {scheduler_job.py:633} INFO - Processing file /home/airflow/.local/lib/python3.6/site-packages/airflow/example_dags/example_nested_branch_dag.py for tasks to queue
[2021-08-07 19:23:48,125] {logging_mixin.py:104} INFO - [2021-08-07 19:23:48,125] {dagbag.py:496} INFO - Filling up the DagBag from /home/airflow/.local/lib/python3.6/site-packages/airflow/example_dags/example_nested_branch_dag.py
[2021-08-07 19:23:48,138] {scheduler_job.py:643} INFO - DAG(s) dict_keys(['example_nested_branch_dag']) retrieved from /home/airflow/.local/lib/python3.6/site-packages/airflow/example_dags/example_nested_branch_dag.py
[2021-08-07 19:23:48,157] {logging_mixin.py:104} INFO - [2021-08-07 19:23:48,156] {dag.py:1833} INFO - Sync 1 DAGs
[2021-08-07 19:23:48,171] {logging_mixin.py:104} INFO - [2021-08-07 19:23:48,171] {dag.py:2306} INFO - Setting next_dagrun for example_nested_branch_dag to 2021-08-05 00:00:00+00:00
[2021-08-07 19:23:48,179] {scheduler_job.py:190} INFO - Processing /home/airflow/.local/lib/python3.6/site-packages/airflow/example_dags/example_nested_branch_dag.py took 0.058 seconds
[2021-08-07 19:24:18,929] {scheduler_job.py:182} INFO - Started process (PID=1211) to work on /home/airflow/.local/lib/python3.6/site-packages/airflow/example_dags/example_nested_branch_dag.py
[2021-08-07 19:24:18,930] {scheduler_job.py:633} INFO - Processing file /home/airflow/.local/lib/python3.6/site-packages/airflow/example_dags/example_nested_branch_dag.py for tasks to queue
[2021-08-07 19:24:18,931] {logging_mixin.py:104} INFO - [2021-08-07 19:24:18,931] {dagbag.py:496} INFO - Filling up the DagBag from /home/airflow/.local/lib/python3.6/site-packages/airflow/example_dags/example_nested_branch_dag.py
[2021-08-07 19:24:18,941] {scheduler_job.py:643} INFO - DAG(s) dict_keys(['example_nested_branch_dag']) retrieved from /home/airflow/.local/lib/python3.6/site-packages/airflow/example_dags/example_nested_branch_dag.py
[2021-08-07 19:24:18,960] {logging_mixin.py:104} INFO - [2021-08-07 19:24:18,960] {dag.py:1833} INFO - Sync 1 DAGs
[2021-08-07 19:24:18,974] {logging_mixin.py:104} INFO - [2021-08-07 19:24:18,974] {dag.py:2306} INFO - Setting next_dagrun for example_nested_branch_dag to 2021-08-05 00:00:00+00:00
[2021-08-07 19:24:18,981] {scheduler_job.py:190} INFO - Processing /home/airflow/.local/lib/python3.6/site-packages/airflow/example_dags/example_nested_branch_dag.py took 0.054 seconds
[2021-08-07 19:24:49,687] {scheduler_job.py:182} INFO - Started process (PID=1275) to work on /home/airflow/.local/lib/python3.6/site-packages/airflow/example_dags/example_nested_branch_dag.py
[2021-08-07 19:24:49,688] {scheduler_job.py:633} INFO - Processing file /home/airflow/.local/lib/python3.6/site-packages/airflow/example_dags/example_nested_branch_dag.py for tasks to queue
[2021-08-07 19:24:49,688] {logging_mixin.py:104} INFO - [2021-08-07 19:24:49,688] {dagbag.py:496} INFO - Filling up the DagBag from /home/airflow/.local/lib/python3.6/site-packages/airflow/example_dags/example_nested_branch_dag.py
[2021-08-07 19:24:49,701] {scheduler_job.py:643} INFO - DAG(s) dict_keys(['example_nested_branch_dag']) retrieved from /home/airflow/.local/lib/python3.6/site-packages/airflow/example_dags/example_nested_branch_dag.py
[2021-08-07 19:24:49,719] {logging_mixin.py:104} INFO - [2021-08-07 19:24:49,719] {dag.py:1833} INFO - Sync 1 DAGs
[2021-08-07 19:24:49,735] {logging_mixin.py:104} INFO - [2021-08-07 19:24:49,735] {dag.py:2306} INFO - Setting next_dagrun for example_nested_branch_dag to 2021-08-05 00:00:00+00:00
[2021-08-07 19:24:49,743] {scheduler_job.py:190} INFO - Processing /home/airflow/.local/lib/python3.6/site-packages/airflow/example_dags/example_nested_branch_dag.py took 0.058 seconds
