[2021-08-07 19:16:13,289] {scheduler_job.py:182} INFO - Started process (PID=264) to work on /home/airflow/.local/lib/python3.6/site-packages/airflow/example_dags/example_dag_decorator.py
[2021-08-07 19:16:13,290] {scheduler_job.py:633} INFO - Processing file /home/airflow/.local/lib/python3.6/site-packages/airflow/example_dags/example_dag_decorator.py for tasks to queue
[2021-08-07 19:16:13,291] {logging_mixin.py:104} INFO - [2021-08-07 19:16:13,291] {dagbag.py:496} INFO - Filling up the DagBag from /home/airflow/.local/lib/python3.6/site-packages/airflow/example_dags/example_dag_decorator.py
[2021-08-07 19:16:13,337] {scheduler_job.py:643} INFO - DAG(s) dict_keys(['example_dag_decorator']) retrieved from /home/airflow/.local/lib/python3.6/site-packages/airflow/example_dags/example_dag_decorator.py
[2021-08-07 19:16:17,143] {logging_mixin.py:104} INFO - [2021-08-07 19:16:17,141] {dag.py:1833} INFO - Sync 1 DAGs
[2021-08-07 19:16:17,156] {logging_mixin.py:104} INFO - [2021-08-07 19:16:17,154] {dag.py:1852} INFO - Creating ORM DAG for example_dag_decorator
[2021-08-07 19:16:17,166] {logging_mixin.py:104} INFO - [2021-08-07 19:16:17,166] {dag.py:2306} INFO - Setting next_dagrun for example_dag_decorator to None
[2021-08-07 19:16:17,181] {scheduler_job.py:190} INFO - Processing /home/airflow/.local/lib/python3.6/site-packages/airflow/example_dags/example_dag_decorator.py took 3.896 seconds
[2021-08-07 19:16:47,604] {scheduler_job.py:182} INFO - Started process (PID=381) to work on /home/airflow/.local/lib/python3.6/site-packages/airflow/example_dags/example_dag_decorator.py
[2021-08-07 19:16:47,610] {scheduler_job.py:633} INFO - Processing file /home/airflow/.local/lib/python3.6/site-packages/airflow/example_dags/example_dag_decorator.py for tasks to queue
[2021-08-07 19:16:47,610] {logging_mixin.py:104} INFO - [2021-08-07 19:16:47,610] {dagbag.py:496} INFO - Filling up the DagBag from /home/airflow/.local/lib/python3.6/site-packages/airflow/example_dags/example_dag_decorator.py
[2021-08-07 19:16:47,635] {scheduler_job.py:643} INFO - DAG(s) dict_keys(['example_dag_decorator']) retrieved from /home/airflow/.local/lib/python3.6/site-packages/airflow/example_dags/example_dag_decorator.py
[2021-08-07 19:16:47,837] {logging_mixin.py:104} INFO - [2021-08-07 19:16:47,837] {dag.py:1833} INFO - Sync 1 DAGs
[2021-08-07 19:16:47,848] {logging_mixin.py:104} INFO - [2021-08-07 19:16:47,848] {dag.py:2306} INFO - Setting next_dagrun for example_dag_decorator to None
[2021-08-07 19:16:47,856] {scheduler_job.py:190} INFO - Processing /home/airflow/.local/lib/python3.6/site-packages/airflow/example_dags/example_dag_decorator.py took 0.255 seconds
[2021-08-07 19:17:18,610] {scheduler_job.py:182} INFO - Started process (PID=451) to work on /home/airflow/.local/lib/python3.6/site-packages/airflow/example_dags/example_dag_decorator.py
[2021-08-07 19:17:18,611] {scheduler_job.py:633} INFO - Processing file /home/airflow/.local/lib/python3.6/site-packages/airflow/example_dags/example_dag_decorator.py for tasks to queue
[2021-08-07 19:17:18,612] {logging_mixin.py:104} INFO - [2021-08-07 19:17:18,612] {dagbag.py:496} INFO - Filling up the DagBag from /home/airflow/.local/lib/python3.6/site-packages/airflow/example_dags/example_dag_decorator.py
[2021-08-07 19:17:18,660] {scheduler_job.py:643} INFO - DAG(s) dict_keys(['example_dag_decorator']) retrieved from /home/airflow/.local/lib/python3.6/site-packages/airflow/example_dags/example_dag_decorator.py
[2021-08-07 19:17:19,030] {logging_mixin.py:104} INFO - [2021-08-07 19:17:19,029] {dag.py:1833} INFO - Sync 1 DAGs
[2021-08-07 19:17:19,059] {logging_mixin.py:104} INFO - [2021-08-07 19:17:19,059] {dag.py:2306} INFO - Setting next_dagrun for example_dag_decorator to None
[2021-08-07 19:17:19,076] {scheduler_job.py:190} INFO - Processing /home/airflow/.local/lib/python3.6/site-packages/airflow/example_dags/example_dag_decorator.py took 0.471 seconds
[2021-08-07 19:17:50,001] {scheduler_job.py:182} INFO - Started process (PID=505) to work on /home/airflow/.local/lib/python3.6/site-packages/airflow/example_dags/example_dag_decorator.py
[2021-08-07 19:17:50,008] {scheduler_job.py:633} INFO - Processing file /home/airflow/.local/lib/python3.6/site-packages/airflow/example_dags/example_dag_decorator.py for tasks to queue
[2021-08-07 19:17:50,009] {logging_mixin.py:104} INFO - [2021-08-07 19:17:50,009] {dagbag.py:496} INFO - Filling up the DagBag from /home/airflow/.local/lib/python3.6/site-packages/airflow/example_dags/example_dag_decorator.py
[2021-08-07 19:17:50,028] {scheduler_job.py:643} INFO - DAG(s) dict_keys(['example_dag_decorator']) retrieved from /home/airflow/.local/lib/python3.6/site-packages/airflow/example_dags/example_dag_decorator.py
[2021-08-07 19:17:50,216] {logging_mixin.py:104} INFO - [2021-08-07 19:17:50,216] {dag.py:1833} INFO - Sync 1 DAGs
[2021-08-07 19:17:50,229] {logging_mixin.py:104} INFO - [2021-08-07 19:17:50,229] {dag.py:2306} INFO - Setting next_dagrun for example_dag_decorator to None
[2021-08-07 19:17:50,239] {scheduler_job.py:190} INFO - Processing /home/airflow/.local/lib/python3.6/site-packages/airflow/example_dags/example_dag_decorator.py took 0.240 seconds
[2021-08-07 19:18:20,936] {scheduler_job.py:182} INFO - Started process (PID=569) to work on /home/airflow/.local/lib/python3.6/site-packages/airflow/example_dags/example_dag_decorator.py
[2021-08-07 19:18:20,938] {scheduler_job.py:633} INFO - Processing file /home/airflow/.local/lib/python3.6/site-packages/airflow/example_dags/example_dag_decorator.py for tasks to queue
[2021-08-07 19:18:20,939] {logging_mixin.py:104} INFO - [2021-08-07 19:18:20,939] {dagbag.py:496} INFO - Filling up the DagBag from /home/airflow/.local/lib/python3.6/site-packages/airflow/example_dags/example_dag_decorator.py
[2021-08-07 19:18:20,969] {scheduler_job.py:643} INFO - DAG(s) dict_keys(['example_dag_decorator']) retrieved from /home/airflow/.local/lib/python3.6/site-packages/airflow/example_dags/example_dag_decorator.py
[2021-08-07 19:18:21,281] {logging_mixin.py:104} INFO - [2021-08-07 19:18:21,281] {dag.py:1833} INFO - Sync 1 DAGs
[2021-08-07 19:18:21,300] {logging_mixin.py:104} INFO - [2021-08-07 19:18:21,300] {dag.py:2306} INFO - Setting next_dagrun for example_dag_decorator to None
[2021-08-07 19:18:21,312] {scheduler_job.py:190} INFO - Processing /home/airflow/.local/lib/python3.6/site-packages/airflow/example_dags/example_dag_decorator.py took 0.382 seconds
[2021-08-07 19:18:51,384] {scheduler_job.py:182} INFO - Started process (PID=623) to work on /home/airflow/.local/lib/python3.6/site-packages/airflow/example_dags/example_dag_decorator.py
[2021-08-07 19:18:51,385] {scheduler_job.py:633} INFO - Processing file /home/airflow/.local/lib/python3.6/site-packages/airflow/example_dags/example_dag_decorator.py for tasks to queue
[2021-08-07 19:18:51,386] {logging_mixin.py:104} INFO - [2021-08-07 19:18:51,386] {dagbag.py:496} INFO - Filling up the DagBag from /home/airflow/.local/lib/python3.6/site-packages/airflow/example_dags/example_dag_decorator.py
[2021-08-07 19:18:51,406] {scheduler_job.py:643} INFO - DAG(s) dict_keys(['example_dag_decorator']) retrieved from /home/airflow/.local/lib/python3.6/site-packages/airflow/example_dags/example_dag_decorator.py
[2021-08-07 19:18:51,673] {logging_mixin.py:104} INFO - [2021-08-07 19:18:51,672] {dag.py:1833} INFO - Sync 1 DAGs
[2021-08-07 19:18:51,690] {logging_mixin.py:104} INFO - [2021-08-07 19:18:51,690] {dag.py:2306} INFO - Setting next_dagrun for example_dag_decorator to None
[2021-08-07 19:18:51,705] {scheduler_job.py:190} INFO - Processing /home/airflow/.local/lib/python3.6/site-packages/airflow/example_dags/example_dag_decorator.py took 0.323 seconds
[2021-08-07 19:19:21,874] {scheduler_job.py:182} INFO - Started process (PID=687) to work on /home/airflow/.local/lib/python3.6/site-packages/airflow/example_dags/example_dag_decorator.py
[2021-08-07 19:19:21,876] {scheduler_job.py:633} INFO - Processing file /home/airflow/.local/lib/python3.6/site-packages/airflow/example_dags/example_dag_decorator.py for tasks to queue
[2021-08-07 19:19:21,877] {logging_mixin.py:104} INFO - [2021-08-07 19:19:21,877] {dagbag.py:496} INFO - Filling up the DagBag from /home/airflow/.local/lib/python3.6/site-packages/airflow/example_dags/example_dag_decorator.py
[2021-08-07 19:19:21,902] {scheduler_job.py:643} INFO - DAG(s) dict_keys(['example_dag_decorator']) retrieved from /home/airflow/.local/lib/python3.6/site-packages/airflow/example_dags/example_dag_decorator.py
[2021-08-07 19:19:22,212] {logging_mixin.py:104} INFO - [2021-08-07 19:19:22,212] {dag.py:1833} INFO - Sync 1 DAGs
[2021-08-07 19:19:22,228] {logging_mixin.py:104} INFO - [2021-08-07 19:19:22,228] {dag.py:2306} INFO - Setting next_dagrun for example_dag_decorator to None
[2021-08-07 19:19:22,242] {scheduler_job.py:190} INFO - Processing /home/airflow/.local/lib/python3.6/site-packages/airflow/example_dags/example_dag_decorator.py took 0.370 seconds
[2021-08-07 19:19:52,260] {scheduler_job.py:182} INFO - Started process (PID=746) to work on /home/airflow/.local/lib/python3.6/site-packages/airflow/example_dags/example_dag_decorator.py
[2021-08-07 19:19:52,261] {scheduler_job.py:633} INFO - Processing file /home/airflow/.local/lib/python3.6/site-packages/airflow/example_dags/example_dag_decorator.py for tasks to queue
[2021-08-07 19:19:52,262] {logging_mixin.py:104} INFO - [2021-08-07 19:19:52,262] {dagbag.py:496} INFO - Filling up the DagBag from /home/airflow/.local/lib/python3.6/site-packages/airflow/example_dags/example_dag_decorator.py
[2021-08-07 19:19:52,282] {scheduler_job.py:643} INFO - DAG(s) dict_keys(['example_dag_decorator']) retrieved from /home/airflow/.local/lib/python3.6/site-packages/airflow/example_dags/example_dag_decorator.py
[2021-08-07 19:19:52,527] {logging_mixin.py:104} INFO - [2021-08-07 19:19:52,527] {dag.py:1833} INFO - Sync 1 DAGs
[2021-08-07 19:19:52,542] {logging_mixin.py:104} INFO - [2021-08-07 19:19:52,542] {dag.py:2306} INFO - Setting next_dagrun for example_dag_decorator to None
[2021-08-07 19:19:52,556] {scheduler_job.py:190} INFO - Processing /home/airflow/.local/lib/python3.6/site-packages/airflow/example_dags/example_dag_decorator.py took 0.298 seconds
[2021-08-07 19:20:23,469] {scheduler_job.py:182} INFO - Started process (PID=810) to work on /home/airflow/.local/lib/python3.6/site-packages/airflow/example_dags/example_dag_decorator.py
[2021-08-07 19:20:23,471] {scheduler_job.py:633} INFO - Processing file /home/airflow/.local/lib/python3.6/site-packages/airflow/example_dags/example_dag_decorator.py for tasks to queue
[2021-08-07 19:20:23,472] {logging_mixin.py:104} INFO - [2021-08-07 19:20:23,472] {dagbag.py:496} INFO - Filling up the DagBag from /home/airflow/.local/lib/python3.6/site-packages/airflow/example_dags/example_dag_decorator.py
[2021-08-07 19:20:23,500] {scheduler_job.py:643} INFO - DAG(s) dict_keys(['example_dag_decorator']) retrieved from /home/airflow/.local/lib/python3.6/site-packages/airflow/example_dags/example_dag_decorator.py
[2021-08-07 19:20:23,892] {logging_mixin.py:104} INFO - [2021-08-07 19:20:23,892] {dag.py:1833} INFO - Sync 1 DAGs
[2021-08-07 19:20:23,922] {logging_mixin.py:104} INFO - [2021-08-07 19:20:23,921] {dag.py:2306} INFO - Setting next_dagrun for example_dag_decorator to None
[2021-08-07 19:20:23,950] {scheduler_job.py:190} INFO - Processing /home/airflow/.local/lib/python3.6/site-packages/airflow/example_dags/example_dag_decorator.py took 0.485 seconds
[2021-08-07 19:20:54,734] {scheduler_job.py:182} INFO - Started process (PID=863) to work on /home/airflow/.local/lib/python3.6/site-packages/airflow/example_dags/example_dag_decorator.py
[2021-08-07 19:20:54,735] {scheduler_job.py:633} INFO - Processing file /home/airflow/.local/lib/python3.6/site-packages/airflow/example_dags/example_dag_decorator.py for tasks to queue
[2021-08-07 19:20:54,736] {logging_mixin.py:104} INFO - [2021-08-07 19:20:54,735] {dagbag.py:496} INFO - Filling up the DagBag from /home/airflow/.local/lib/python3.6/site-packages/airflow/example_dags/example_dag_decorator.py
[2021-08-07 19:20:54,752] {scheduler_job.py:643} INFO - DAG(s) dict_keys(['example_dag_decorator']) retrieved from /home/airflow/.local/lib/python3.6/site-packages/airflow/example_dags/example_dag_decorator.py
[2021-08-07 19:20:54,932] {logging_mixin.py:104} INFO - [2021-08-07 19:20:54,932] {dag.py:1833} INFO - Sync 1 DAGs
[2021-08-07 19:20:54,946] {logging_mixin.py:104} INFO - [2021-08-07 19:20:54,945] {dag.py:2306} INFO - Setting next_dagrun for example_dag_decorator to None
[2021-08-07 19:20:54,955] {scheduler_job.py:190} INFO - Processing /home/airflow/.local/lib/python3.6/site-packages/airflow/example_dags/example_dag_decorator.py took 0.223 seconds
[2021-08-07 19:21:25,910] {scheduler_job.py:182} INFO - Started process (PID=927) to work on /home/airflow/.local/lib/python3.6/site-packages/airflow/example_dags/example_dag_decorator.py
[2021-08-07 19:21:25,911] {scheduler_job.py:633} INFO - Processing file /home/airflow/.local/lib/python3.6/site-packages/airflow/example_dags/example_dag_decorator.py for tasks to queue
[2021-08-07 19:21:25,911] {logging_mixin.py:104} INFO - [2021-08-07 19:21:25,911] {dagbag.py:496} INFO - Filling up the DagBag from /home/airflow/.local/lib/python3.6/site-packages/airflow/example_dags/example_dag_decorator.py
[2021-08-07 19:21:25,933] {scheduler_job.py:643} INFO - DAG(s) dict_keys(['example_dag_decorator']) retrieved from /home/airflow/.local/lib/python3.6/site-packages/airflow/example_dags/example_dag_decorator.py
[2021-08-07 19:21:26,166] {logging_mixin.py:104} INFO - [2021-08-07 19:21:26,166] {dag.py:1833} INFO - Sync 1 DAGs
[2021-08-07 19:21:26,181] {logging_mixin.py:104} INFO - [2021-08-07 19:21:26,181] {dag.py:2306} INFO - Setting next_dagrun for example_dag_decorator to None
[2021-08-07 19:21:26,193] {scheduler_job.py:190} INFO - Processing /home/airflow/.local/lib/python3.6/site-packages/airflow/example_dags/example_dag_decorator.py took 0.285 seconds
[2021-08-07 19:21:57,115] {scheduler_job.py:182} INFO - Started process (PID=981) to work on /home/airflow/.local/lib/python3.6/site-packages/airflow/example_dags/example_dag_decorator.py
[2021-08-07 19:21:57,117] {scheduler_job.py:633} INFO - Processing file /home/airflow/.local/lib/python3.6/site-packages/airflow/example_dags/example_dag_decorator.py for tasks to queue
[2021-08-07 19:21:57,118] {logging_mixin.py:104} INFO - [2021-08-07 19:21:57,117] {dagbag.py:496} INFO - Filling up the DagBag from /home/airflow/.local/lib/python3.6/site-packages/airflow/example_dags/example_dag_decorator.py
[2021-08-07 19:21:57,149] {scheduler_job.py:643} INFO - DAG(s) dict_keys(['example_dag_decorator']) retrieved from /home/airflow/.local/lib/python3.6/site-packages/airflow/example_dags/example_dag_decorator.py
[2021-08-07 19:21:57,400] {logging_mixin.py:104} INFO - [2021-08-07 19:21:57,400] {dag.py:1833} INFO - Sync 1 DAGs
[2021-08-07 19:21:57,416] {logging_mixin.py:104} INFO - [2021-08-07 19:21:57,416] {dag.py:2306} INFO - Setting next_dagrun for example_dag_decorator to None
[2021-08-07 19:21:57,429] {scheduler_job.py:190} INFO - Processing /home/airflow/.local/lib/python3.6/site-packages/airflow/example_dags/example_dag_decorator.py took 0.318 seconds
[2021-08-07 19:22:48,768] {scheduler_job.py:182} INFO - Started process (PID=1062) to work on /home/airflow/.local/lib/python3.6/site-packages/airflow/example_dags/example_dag_decorator.py
[2021-08-07 19:22:48,770] {scheduler_job.py:633} INFO - Processing file /home/airflow/.local/lib/python3.6/site-packages/airflow/example_dags/example_dag_decorator.py for tasks to queue
[2021-08-07 19:22:48,771] {logging_mixin.py:104} INFO - [2021-08-07 19:22:48,770] {dagbag.py:496} INFO - Filling up the DagBag from /home/airflow/.local/lib/python3.6/site-packages/airflow/example_dags/example_dag_decorator.py
[2021-08-07 19:22:48,791] {scheduler_job.py:643} INFO - DAG(s) dict_keys(['example_dag_decorator']) retrieved from /home/airflow/.local/lib/python3.6/site-packages/airflow/example_dags/example_dag_decorator.py
[2021-08-07 19:22:49,082] {logging_mixin.py:104} INFO - [2021-08-07 19:22:49,082] {dag.py:1833} INFO - Sync 1 DAGs
[2021-08-07 19:22:49,103] {logging_mixin.py:104} INFO - [2021-08-07 19:22:49,103] {dag.py:2306} INFO - Setting next_dagrun for example_dag_decorator to None
[2021-08-07 19:22:49,118] {scheduler_job.py:190} INFO - Processing /home/airflow/.local/lib/python3.6/site-packages/airflow/example_dags/example_dag_decorator.py took 0.353 seconds
[2021-08-07 19:23:19,240] {scheduler_job.py:182} INFO - Started process (PID=1118) to work on /home/airflow/.local/lib/python3.6/site-packages/airflow/example_dags/example_dag_decorator.py
[2021-08-07 19:23:19,241] {scheduler_job.py:633} INFO - Processing file /home/airflow/.local/lib/python3.6/site-packages/airflow/example_dags/example_dag_decorator.py for tasks to queue
[2021-08-07 19:23:19,241] {logging_mixin.py:104} INFO - [2021-08-07 19:23:19,241] {dagbag.py:496} INFO - Filling up the DagBag from /home/airflow/.local/lib/python3.6/site-packages/airflow/example_dags/example_dag_decorator.py
[2021-08-07 19:23:19,256] {scheduler_job.py:643} INFO - DAG(s) dict_keys(['example_dag_decorator']) retrieved from /home/airflow/.local/lib/python3.6/site-packages/airflow/example_dags/example_dag_decorator.py
[2021-08-07 19:23:19,475] {logging_mixin.py:104} INFO - [2021-08-07 19:23:19,475] {dag.py:1833} INFO - Sync 1 DAGs
[2021-08-07 19:23:19,491] {logging_mixin.py:104} INFO - [2021-08-07 19:23:19,490] {dag.py:2306} INFO - Setting next_dagrun for example_dag_decorator to None
[2021-08-07 19:23:19,502] {scheduler_job.py:190} INFO - Processing /home/airflow/.local/lib/python3.6/site-packages/airflow/example_dags/example_dag_decorator.py took 0.264 seconds
[2021-08-07 19:23:50,092] {scheduler_job.py:182} INFO - Started process (PID=1177) to work on /home/airflow/.local/lib/python3.6/site-packages/airflow/example_dags/example_dag_decorator.py
[2021-08-07 19:23:50,093] {scheduler_job.py:633} INFO - Processing file /home/airflow/.local/lib/python3.6/site-packages/airflow/example_dags/example_dag_decorator.py for tasks to queue
[2021-08-07 19:23:50,093] {logging_mixin.py:104} INFO - [2021-08-07 19:23:50,093] {dagbag.py:496} INFO - Filling up the DagBag from /home/airflow/.local/lib/python3.6/site-packages/airflow/example_dags/example_dag_decorator.py
[2021-08-07 19:23:50,107] {scheduler_job.py:643} INFO - DAG(s) dict_keys(['example_dag_decorator']) retrieved from /home/airflow/.local/lib/python3.6/site-packages/airflow/example_dags/example_dag_decorator.py
[2021-08-07 19:23:50,285] {logging_mixin.py:104} INFO - [2021-08-07 19:23:50,284] {dag.py:1833} INFO - Sync 1 DAGs
[2021-08-07 19:23:50,297] {logging_mixin.py:104} INFO - [2021-08-07 19:23:50,297] {dag.py:2306} INFO - Setting next_dagrun for example_dag_decorator to None
[2021-08-07 19:23:50,305] {scheduler_job.py:190} INFO - Processing /home/airflow/.local/lib/python3.6/site-packages/airflow/example_dags/example_dag_decorator.py took 0.216 seconds
[2021-08-07 19:24:20,782] {scheduler_job.py:182} INFO - Started process (PID=1230) to work on /home/airflow/.local/lib/python3.6/site-packages/airflow/example_dags/example_dag_decorator.py
[2021-08-07 19:24:20,784] {scheduler_job.py:633} INFO - Processing file /home/airflow/.local/lib/python3.6/site-packages/airflow/example_dags/example_dag_decorator.py for tasks to queue
[2021-08-07 19:24:20,784] {logging_mixin.py:104} INFO - [2021-08-07 19:24:20,784] {dagbag.py:496} INFO - Filling up the DagBag from /home/airflow/.local/lib/python3.6/site-packages/airflow/example_dags/example_dag_decorator.py
[2021-08-07 19:24:20,799] {scheduler_job.py:643} INFO - DAG(s) dict_keys(['example_dag_decorator']) retrieved from /home/airflow/.local/lib/python3.6/site-packages/airflow/example_dags/example_dag_decorator.py
[2021-08-07 19:24:20,976] {logging_mixin.py:104} INFO - [2021-08-07 19:24:20,976] {dag.py:1833} INFO - Sync 1 DAGs
[2021-08-07 19:24:20,987] {logging_mixin.py:104} INFO - [2021-08-07 19:24:20,987] {dag.py:2306} INFO - Setting next_dagrun for example_dag_decorator to None
[2021-08-07 19:24:20,997] {scheduler_job.py:190} INFO - Processing /home/airflow/.local/lib/python3.6/site-packages/airflow/example_dags/example_dag_decorator.py took 0.220 seconds
[2021-08-07 19:24:51,610] {scheduler_job.py:182} INFO - Started process (PID=1294) to work on /home/airflow/.local/lib/python3.6/site-packages/airflow/example_dags/example_dag_decorator.py
[2021-08-07 19:24:51,611] {scheduler_job.py:633} INFO - Processing file /home/airflow/.local/lib/python3.6/site-packages/airflow/example_dags/example_dag_decorator.py for tasks to queue
[2021-08-07 19:24:51,611] {logging_mixin.py:104} INFO - [2021-08-07 19:24:51,611] {dagbag.py:496} INFO - Filling up the DagBag from /home/airflow/.local/lib/python3.6/site-packages/airflow/example_dags/example_dag_decorator.py
[2021-08-07 19:24:51,626] {scheduler_job.py:643} INFO - DAG(s) dict_keys(['example_dag_decorator']) retrieved from /home/airflow/.local/lib/python3.6/site-packages/airflow/example_dags/example_dag_decorator.py
[2021-08-07 19:24:51,791] {logging_mixin.py:104} INFO - [2021-08-07 19:24:51,791] {dag.py:1833} INFO - Sync 1 DAGs
[2021-08-07 19:24:51,803] {logging_mixin.py:104} INFO - [2021-08-07 19:24:51,803] {dag.py:2306} INFO - Setting next_dagrun for example_dag_decorator to None
[2021-08-07 19:24:51,814] {scheduler_job.py:190} INFO - Processing /home/airflow/.local/lib/python3.6/site-packages/airflow/example_dags/example_dag_decorator.py took 0.208 seconds
