[2021-08-07 19:16:05,524] {scheduler_job.py:182} INFO - Started process (PID=226) to work on /home/airflow/.local/lib/python3.6/site-packages/airflow/example_dags/example_xcom.py
[2021-08-07 19:16:05,526] {scheduler_job.py:633} INFO - Processing file /home/airflow/.local/lib/python3.6/site-packages/airflow/example_dags/example_xcom.py for tasks to queue
[2021-08-07 19:16:05,527] {logging_mixin.py:104} INFO - [2021-08-07 19:16:05,527] {dagbag.py:496} INFO - Filling up the DagBag from /home/airflow/.local/lib/python3.6/site-packages/airflow/example_dags/example_xcom.py
[2021-08-07 19:16:05,559] {scheduler_job.py:643} INFO - DAG(s) dict_keys(['example_xcom']) retrieved from /home/airflow/.local/lib/python3.6/site-packages/airflow/example_dags/example_xcom.py
[2021-08-07 19:16:09,959] {logging_mixin.py:104} INFO - [2021-08-07 19:16:09,957] {dag.py:1833} INFO - Sync 1 DAGs
[2021-08-07 19:16:09,982] {logging_mixin.py:104} INFO - [2021-08-07 19:16:09,979] {dag.py:1852} INFO - Creating ORM DAG for example_xcom
[2021-08-07 19:16:09,991] {logging_mixin.py:104} INFO - [2021-08-07 19:16:09,991] {dag.py:2306} INFO - Setting next_dagrun for example_xcom to 2021-08-05 00:00:00+00:00
[2021-08-07 19:16:10,016] {scheduler_job.py:190} INFO - Processing /home/airflow/.local/lib/python3.6/site-packages/airflow/example_dags/example_xcom.py took 4.497 seconds
[2021-08-07 19:16:40,197] {scheduler_job.py:182} INFO - Started process (PID=378) to work on /home/airflow/.local/lib/python3.6/site-packages/airflow/example_dags/example_xcom.py
[2021-08-07 19:16:40,198] {scheduler_job.py:633} INFO - Processing file /home/airflow/.local/lib/python3.6/site-packages/airflow/example_dags/example_xcom.py for tasks to queue
[2021-08-07 19:16:40,198] {logging_mixin.py:104} INFO - [2021-08-07 19:16:40,198] {dagbag.py:496} INFO - Filling up the DagBag from /home/airflow/.local/lib/python3.6/site-packages/airflow/example_dags/example_xcom.py
[2021-08-07 19:16:40,208] {scheduler_job.py:643} INFO - DAG(s) dict_keys(['example_xcom']) retrieved from /home/airflow/.local/lib/python3.6/site-packages/airflow/example_dags/example_xcom.py
[2021-08-07 19:16:40,226] {logging_mixin.py:104} INFO - [2021-08-07 19:16:40,226] {dag.py:1833} INFO - Sync 1 DAGs
[2021-08-07 19:16:40,240] {logging_mixin.py:104} INFO - [2021-08-07 19:16:40,240] {dag.py:2306} INFO - Setting next_dagrun for example_xcom to 2021-08-05 00:00:00+00:00
[2021-08-07 19:16:40,247] {scheduler_job.py:190} INFO - Processing /home/airflow/.local/lib/python3.6/site-packages/airflow/example_dags/example_xcom.py took 0.052 seconds
[2021-08-07 19:17:10,653] {scheduler_job.py:182} INFO - Started process (PID=435) to work on /home/airflow/.local/lib/python3.6/site-packages/airflow/example_dags/example_xcom.py
[2021-08-07 19:17:10,654] {scheduler_job.py:633} INFO - Processing file /home/airflow/.local/lib/python3.6/site-packages/airflow/example_dags/example_xcom.py for tasks to queue
[2021-08-07 19:17:10,654] {logging_mixin.py:104} INFO - [2021-08-07 19:17:10,654] {dagbag.py:496} INFO - Filling up the DagBag from /home/airflow/.local/lib/python3.6/site-packages/airflow/example_dags/example_xcom.py
[2021-08-07 19:17:10,666] {scheduler_job.py:643} INFO - DAG(s) dict_keys(['example_xcom']) retrieved from /home/airflow/.local/lib/python3.6/site-packages/airflow/example_dags/example_xcom.py
[2021-08-07 19:17:10,681] {logging_mixin.py:104} INFO - [2021-08-07 19:17:10,681] {dag.py:1833} INFO - Sync 1 DAGs
[2021-08-07 19:17:10,694] {logging_mixin.py:104} INFO - [2021-08-07 19:17:10,694] {dag.py:2306} INFO - Setting next_dagrun for example_xcom to 2021-08-05 00:00:00+00:00
[2021-08-07 19:17:10,701] {scheduler_job.py:190} INFO - Processing /home/airflow/.local/lib/python3.6/site-packages/airflow/example_dags/example_xcom.py took 0.050 seconds
[2021-08-07 19:17:40,908] {scheduler_job.py:182} INFO - Started process (PID=491) to work on /home/airflow/.local/lib/python3.6/site-packages/airflow/example_dags/example_xcom.py
[2021-08-07 19:17:40,910] {scheduler_job.py:633} INFO - Processing file /home/airflow/.local/lib/python3.6/site-packages/airflow/example_dags/example_xcom.py for tasks to queue
[2021-08-07 19:17:40,911] {logging_mixin.py:104} INFO - [2021-08-07 19:17:40,911] {dagbag.py:496} INFO - Filling up the DagBag from /home/airflow/.local/lib/python3.6/site-packages/airflow/example_dags/example_xcom.py
[2021-08-07 19:17:40,925] {scheduler_job.py:643} INFO - DAG(s) dict_keys(['example_xcom']) retrieved from /home/airflow/.local/lib/python3.6/site-packages/airflow/example_dags/example_xcom.py
[2021-08-07 19:17:40,940] {logging_mixin.py:104} INFO - [2021-08-07 19:17:40,940] {dag.py:1833} INFO - Sync 1 DAGs
[2021-08-07 19:17:40,953] {logging_mixin.py:104} INFO - [2021-08-07 19:17:40,953] {dag.py:2306} INFO - Setting next_dagrun for example_xcom to 2021-08-05 00:00:00+00:00
[2021-08-07 19:17:40,961] {scheduler_job.py:190} INFO - Processing /home/airflow/.local/lib/python3.6/site-packages/airflow/example_dags/example_xcom.py took 0.056 seconds
[2021-08-07 19:18:11,496] {scheduler_job.py:182} INFO - Started process (PID=555) to work on /home/airflow/.local/lib/python3.6/site-packages/airflow/example_dags/example_xcom.py
[2021-08-07 19:18:11,496] {scheduler_job.py:633} INFO - Processing file /home/airflow/.local/lib/python3.6/site-packages/airflow/example_dags/example_xcom.py for tasks to queue
[2021-08-07 19:18:11,497] {logging_mixin.py:104} INFO - [2021-08-07 19:18:11,497] {dagbag.py:496} INFO - Filling up the DagBag from /home/airflow/.local/lib/python3.6/site-packages/airflow/example_dags/example_xcom.py
[2021-08-07 19:18:11,508] {scheduler_job.py:643} INFO - DAG(s) dict_keys(['example_xcom']) retrieved from /home/airflow/.local/lib/python3.6/site-packages/airflow/example_dags/example_xcom.py
[2021-08-07 19:18:11,533] {logging_mixin.py:104} INFO - [2021-08-07 19:18:11,533] {dag.py:1833} INFO - Sync 1 DAGs
[2021-08-07 19:18:11,546] {logging_mixin.py:104} INFO - [2021-08-07 19:18:11,546] {dag.py:2306} INFO - Setting next_dagrun for example_xcom to 2021-08-05 00:00:00+00:00
[2021-08-07 19:18:11,556] {scheduler_job.py:190} INFO - Processing /home/airflow/.local/lib/python3.6/site-packages/airflow/example_dags/example_xcom.py took 0.063 seconds
[2021-08-07 19:18:42,198] {scheduler_job.py:182} INFO - Started process (PID=609) to work on /home/airflow/.local/lib/python3.6/site-packages/airflow/example_dags/example_xcom.py
[2021-08-07 19:18:42,199] {scheduler_job.py:633} INFO - Processing file /home/airflow/.local/lib/python3.6/site-packages/airflow/example_dags/example_xcom.py for tasks to queue
[2021-08-07 19:18:42,200] {logging_mixin.py:104} INFO - [2021-08-07 19:18:42,199] {dagbag.py:496} INFO - Filling up the DagBag from /home/airflow/.local/lib/python3.6/site-packages/airflow/example_dags/example_xcom.py
[2021-08-07 19:18:42,214] {scheduler_job.py:643} INFO - DAG(s) dict_keys(['example_xcom']) retrieved from /home/airflow/.local/lib/python3.6/site-packages/airflow/example_dags/example_xcom.py
[2021-08-07 19:18:42,238] {logging_mixin.py:104} INFO - [2021-08-07 19:18:42,237] {dag.py:1833} INFO - Sync 1 DAGs
[2021-08-07 19:18:42,255] {logging_mixin.py:104} INFO - [2021-08-07 19:18:42,255] {dag.py:2306} INFO - Setting next_dagrun for example_xcom to 2021-08-05 00:00:00+00:00
[2021-08-07 19:18:42,264] {scheduler_job.py:190} INFO - Processing /home/airflow/.local/lib/python3.6/site-packages/airflow/example_dags/example_xcom.py took 0.069 seconds
[2021-08-07 19:19:12,386] {scheduler_job.py:182} INFO - Started process (PID=673) to work on /home/airflow/.local/lib/python3.6/site-packages/airflow/example_dags/example_xcom.py
[2021-08-07 19:19:12,387] {scheduler_job.py:633} INFO - Processing file /home/airflow/.local/lib/python3.6/site-packages/airflow/example_dags/example_xcom.py for tasks to queue
[2021-08-07 19:19:12,388] {logging_mixin.py:104} INFO - [2021-08-07 19:19:12,388] {dagbag.py:496} INFO - Filling up the DagBag from /home/airflow/.local/lib/python3.6/site-packages/airflow/example_dags/example_xcom.py
[2021-08-07 19:19:12,401] {scheduler_job.py:643} INFO - DAG(s) dict_keys(['example_xcom']) retrieved from /home/airflow/.local/lib/python3.6/site-packages/airflow/example_dags/example_xcom.py
[2021-08-07 19:19:12,428] {logging_mixin.py:104} INFO - [2021-08-07 19:19:12,428] {dag.py:1833} INFO - Sync 1 DAGs
[2021-08-07 19:19:12,448] {logging_mixin.py:104} INFO - [2021-08-07 19:19:12,447] {dag.py:2306} INFO - Setting next_dagrun for example_xcom to 2021-08-05 00:00:00+00:00
[2021-08-07 19:19:12,455] {scheduler_job.py:190} INFO - Processing /home/airflow/.local/lib/python3.6/site-packages/airflow/example_dags/example_xcom.py took 0.071 seconds
[2021-08-07 19:19:42,741] {scheduler_job.py:182} INFO - Started process (PID=730) to work on /home/airflow/.local/lib/python3.6/site-packages/airflow/example_dags/example_xcom.py
[2021-08-07 19:19:42,742] {scheduler_job.py:633} INFO - Processing file /home/airflow/.local/lib/python3.6/site-packages/airflow/example_dags/example_xcom.py for tasks to queue
[2021-08-07 19:19:42,743] {logging_mixin.py:104} INFO - [2021-08-07 19:19:42,743] {dagbag.py:496} INFO - Filling up the DagBag from /home/airflow/.local/lib/python3.6/site-packages/airflow/example_dags/example_xcom.py
[2021-08-07 19:19:42,764] {scheduler_job.py:643} INFO - DAG(s) dict_keys(['example_xcom']) retrieved from /home/airflow/.local/lib/python3.6/site-packages/airflow/example_dags/example_xcom.py
[2021-08-07 19:19:42,802] {logging_mixin.py:104} INFO - [2021-08-07 19:19:42,802] {dag.py:1833} INFO - Sync 1 DAGs
[2021-08-07 19:19:42,822] {logging_mixin.py:104} INFO - [2021-08-07 19:19:42,822] {dag.py:2306} INFO - Setting next_dagrun for example_xcom to 2021-08-05 00:00:00+00:00
[2021-08-07 19:19:42,835] {scheduler_job.py:190} INFO - Processing /home/airflow/.local/lib/python3.6/site-packages/airflow/example_dags/example_xcom.py took 0.098 seconds
[2021-08-07 19:20:13,026] {scheduler_job.py:182} INFO - Started process (PID=794) to work on /home/airflow/.local/lib/python3.6/site-packages/airflow/example_dags/example_xcom.py
[2021-08-07 19:20:13,027] {scheduler_job.py:633} INFO - Processing file /home/airflow/.local/lib/python3.6/site-packages/airflow/example_dags/example_xcom.py for tasks to queue
[2021-08-07 19:20:13,028] {logging_mixin.py:104} INFO - [2021-08-07 19:20:13,028] {dagbag.py:496} INFO - Filling up the DagBag from /home/airflow/.local/lib/python3.6/site-packages/airflow/example_dags/example_xcom.py
[2021-08-07 19:20:13,040] {scheduler_job.py:643} INFO - DAG(s) dict_keys(['example_xcom']) retrieved from /home/airflow/.local/lib/python3.6/site-packages/airflow/example_dags/example_xcom.py
[2021-08-07 19:20:13,056] {logging_mixin.py:104} INFO - [2021-08-07 19:20:13,056] {dag.py:1833} INFO - Sync 1 DAGs
[2021-08-07 19:20:13,071] {logging_mixin.py:104} INFO - [2021-08-07 19:20:13,071] {dag.py:2306} INFO - Setting next_dagrun for example_xcom to 2021-08-05 00:00:00+00:00
[2021-08-07 19:20:13,080] {scheduler_job.py:190} INFO - Processing /home/airflow/.local/lib/python3.6/site-packages/airflow/example_dags/example_xcom.py took 0.055 seconds
[2021-08-07 19:20:43,131] {scheduler_job.py:182} INFO - Started process (PID=847) to work on /home/airflow/.local/lib/python3.6/site-packages/airflow/example_dags/example_xcom.py
[2021-08-07 19:20:43,132] {scheduler_job.py:633} INFO - Processing file /home/airflow/.local/lib/python3.6/site-packages/airflow/example_dags/example_xcom.py for tasks to queue
[2021-08-07 19:20:43,133] {logging_mixin.py:104} INFO - [2021-08-07 19:20:43,133] {dagbag.py:496} INFO - Filling up the DagBag from /home/airflow/.local/lib/python3.6/site-packages/airflow/example_dags/example_xcom.py
[2021-08-07 19:20:43,144] {scheduler_job.py:643} INFO - DAG(s) dict_keys(['example_xcom']) retrieved from /home/airflow/.local/lib/python3.6/site-packages/airflow/example_dags/example_xcom.py
[2021-08-07 19:20:43,161] {logging_mixin.py:104} INFO - [2021-08-07 19:20:43,161] {dag.py:1833} INFO - Sync 1 DAGs
[2021-08-07 19:20:43,174] {logging_mixin.py:104} INFO - [2021-08-07 19:20:43,174] {dag.py:2306} INFO - Setting next_dagrun for example_xcom to 2021-08-05 00:00:00+00:00
[2021-08-07 19:20:43,183] {scheduler_job.py:190} INFO - Processing /home/airflow/.local/lib/python3.6/site-packages/airflow/example_dags/example_xcom.py took 0.053 seconds
[2021-08-07 19:21:13,397] {scheduler_job.py:182} INFO - Started process (PID=911) to work on /home/airflow/.local/lib/python3.6/site-packages/airflow/example_dags/example_xcom.py
[2021-08-07 19:21:13,398] {scheduler_job.py:633} INFO - Processing file /home/airflow/.local/lib/python3.6/site-packages/airflow/example_dags/example_xcom.py for tasks to queue
[2021-08-07 19:21:13,399] {logging_mixin.py:104} INFO - [2021-08-07 19:21:13,399] {dagbag.py:496} INFO - Filling up the DagBag from /home/airflow/.local/lib/python3.6/site-packages/airflow/example_dags/example_xcom.py
[2021-08-07 19:21:13,408] {scheduler_job.py:643} INFO - DAG(s) dict_keys(['example_xcom']) retrieved from /home/airflow/.local/lib/python3.6/site-packages/airflow/example_dags/example_xcom.py
[2021-08-07 19:21:13,433] {logging_mixin.py:104} INFO - [2021-08-07 19:21:13,433] {dag.py:1833} INFO - Sync 1 DAGs
[2021-08-07 19:21:13,449] {logging_mixin.py:104} INFO - [2021-08-07 19:21:13,449] {dag.py:2306} INFO - Setting next_dagrun for example_xcom to 2021-08-05 00:00:00+00:00
[2021-08-07 19:21:13,456] {scheduler_job.py:190} INFO - Processing /home/airflow/.local/lib/python3.6/site-packages/airflow/example_dags/example_xcom.py took 0.061 seconds
[2021-08-07 19:21:43,628] {scheduler_job.py:182} INFO - Started process (PID=964) to work on /home/airflow/.local/lib/python3.6/site-packages/airflow/example_dags/example_xcom.py
[2021-08-07 19:21:43,629] {scheduler_job.py:633} INFO - Processing file /home/airflow/.local/lib/python3.6/site-packages/airflow/example_dags/example_xcom.py for tasks to queue
[2021-08-07 19:21:43,630] {logging_mixin.py:104} INFO - [2021-08-07 19:21:43,630] {dagbag.py:496} INFO - Filling up the DagBag from /home/airflow/.local/lib/python3.6/site-packages/airflow/example_dags/example_xcom.py
[2021-08-07 19:21:43,641] {scheduler_job.py:643} INFO - DAG(s) dict_keys(['example_xcom']) retrieved from /home/airflow/.local/lib/python3.6/site-packages/airflow/example_dags/example_xcom.py
[2021-08-07 19:21:43,658] {logging_mixin.py:104} INFO - [2021-08-07 19:21:43,658] {dag.py:1833} INFO - Sync 1 DAGs
[2021-08-07 19:21:43,676] {logging_mixin.py:104} INFO - [2021-08-07 19:21:43,675] {dag.py:2306} INFO - Setting next_dagrun for example_xcom to 2021-08-05 00:00:00+00:00
[2021-08-07 19:21:43,688] {scheduler_job.py:190} INFO - Processing /home/airflow/.local/lib/python3.6/site-packages/airflow/example_dags/example_xcom.py took 0.062 seconds
[2021-08-07 19:22:13,825] {scheduler_job.py:182} INFO - Started process (PID=1027) to work on /home/airflow/.local/lib/python3.6/site-packages/airflow/example_dags/example_xcom.py
[2021-08-07 19:22:13,826] {scheduler_job.py:633} INFO - Processing file /home/airflow/.local/lib/python3.6/site-packages/airflow/example_dags/example_xcom.py for tasks to queue
[2021-08-07 19:22:13,827] {logging_mixin.py:104} INFO - [2021-08-07 19:22:13,827] {dagbag.py:496} INFO - Filling up the DagBag from /home/airflow/.local/lib/python3.6/site-packages/airflow/example_dags/example_xcom.py
[2021-08-07 19:22:13,836] {scheduler_job.py:643} INFO - DAG(s) dict_keys(['example_xcom']) retrieved from /home/airflow/.local/lib/python3.6/site-packages/airflow/example_dags/example_xcom.py
[2021-08-07 19:22:13,852] {logging_mixin.py:104} INFO - [2021-08-07 19:22:13,851] {dag.py:1833} INFO - Sync 1 DAGs
[2021-08-07 19:22:13,865] {logging_mixin.py:104} INFO - [2021-08-07 19:22:13,864] {dag.py:2306} INFO - Setting next_dagrun for example_xcom to 2021-08-05 00:00:00+00:00
[2021-08-07 19:22:13,872] {scheduler_job.py:190} INFO - Processing /home/airflow/.local/lib/python3.6/site-packages/airflow/example_dags/example_xcom.py took 0.050 seconds
[2021-08-07 19:22:48,283] {scheduler_job.py:182} INFO - Started process (PID=1059) to work on /home/airflow/.local/lib/python3.6/site-packages/airflow/example_dags/example_xcom.py
[2021-08-07 19:22:48,286] {scheduler_job.py:633} INFO - Processing file /home/airflow/.local/lib/python3.6/site-packages/airflow/example_dags/example_xcom.py for tasks to queue
[2021-08-07 19:22:48,287] {logging_mixin.py:104} INFO - [2021-08-07 19:22:48,286] {dagbag.py:496} INFO - Filling up the DagBag from /home/airflow/.local/lib/python3.6/site-packages/airflow/example_dags/example_xcom.py
[2021-08-07 19:22:48,299] {scheduler_job.py:643} INFO - DAG(s) dict_keys(['example_xcom']) retrieved from /home/airflow/.local/lib/python3.6/site-packages/airflow/example_dags/example_xcom.py
[2021-08-07 19:22:48,322] {logging_mixin.py:104} INFO - [2021-08-07 19:22:48,322] {dag.py:1833} INFO - Sync 1 DAGs
[2021-08-07 19:22:48,340] {logging_mixin.py:104} INFO - [2021-08-07 19:22:48,340] {dag.py:2306} INFO - Setting next_dagrun for example_xcom to 2021-08-05 00:00:00+00:00
[2021-08-07 19:22:48,352] {scheduler_job.py:190} INFO - Processing /home/airflow/.local/lib/python3.6/site-packages/airflow/example_dags/example_xcom.py took 0.072 seconds
[2021-08-07 19:23:18,607] {scheduler_job.py:182} INFO - Started process (PID=1113) to work on /home/airflow/.local/lib/python3.6/site-packages/airflow/example_dags/example_xcom.py
[2021-08-07 19:23:18,608] {scheduler_job.py:633} INFO - Processing file /home/airflow/.local/lib/python3.6/site-packages/airflow/example_dags/example_xcom.py for tasks to queue
[2021-08-07 19:23:18,608] {logging_mixin.py:104} INFO - [2021-08-07 19:23:18,608] {dagbag.py:496} INFO - Filling up the DagBag from /home/airflow/.local/lib/python3.6/site-packages/airflow/example_dags/example_xcom.py
[2021-08-07 19:23:18,617] {scheduler_job.py:643} INFO - DAG(s) dict_keys(['example_xcom']) retrieved from /home/airflow/.local/lib/python3.6/site-packages/airflow/example_dags/example_xcom.py
[2021-08-07 19:23:18,632] {logging_mixin.py:104} INFO - [2021-08-07 19:23:18,632] {dag.py:1833} INFO - Sync 1 DAGs
[2021-08-07 19:23:18,644] {logging_mixin.py:104} INFO - [2021-08-07 19:23:18,644] {dag.py:2306} INFO - Setting next_dagrun for example_xcom to 2021-08-05 00:00:00+00:00
[2021-08-07 19:23:18,652] {scheduler_job.py:190} INFO - Processing /home/airflow/.local/lib/python3.6/site-packages/airflow/example_dags/example_xcom.py took 0.047 seconds
[2021-08-07 19:23:48,844] {scheduler_job.py:182} INFO - Started process (PID=1173) to work on /home/airflow/.local/lib/python3.6/site-packages/airflow/example_dags/example_xcom.py
[2021-08-07 19:23:48,844] {scheduler_job.py:633} INFO - Processing file /home/airflow/.local/lib/python3.6/site-packages/airflow/example_dags/example_xcom.py for tasks to queue
[2021-08-07 19:23:48,845] {logging_mixin.py:104} INFO - [2021-08-07 19:23:48,845] {dagbag.py:496} INFO - Filling up the DagBag from /home/airflow/.local/lib/python3.6/site-packages/airflow/example_dags/example_xcom.py
[2021-08-07 19:23:48,855] {scheduler_job.py:643} INFO - DAG(s) dict_keys(['example_xcom']) retrieved from /home/airflow/.local/lib/python3.6/site-packages/airflow/example_dags/example_xcom.py
[2021-08-07 19:23:48,870] {logging_mixin.py:104} INFO - [2021-08-07 19:23:48,870] {dag.py:1833} INFO - Sync 1 DAGs
[2021-08-07 19:23:48,884] {logging_mixin.py:104} INFO - [2021-08-07 19:23:48,884] {dag.py:2306} INFO - Setting next_dagrun for example_xcom to 2021-08-05 00:00:00+00:00
[2021-08-07 19:23:48,893] {scheduler_job.py:190} INFO - Processing /home/airflow/.local/lib/python3.6/site-packages/airflow/example_dags/example_xcom.py took 0.051 seconds
[2021-08-07 19:24:19,610] {scheduler_job.py:182} INFO - Started process (PID=1227) to work on /home/airflow/.local/lib/python3.6/site-packages/airflow/example_dags/example_xcom.py
[2021-08-07 19:24:19,611] {scheduler_job.py:633} INFO - Processing file /home/airflow/.local/lib/python3.6/site-packages/airflow/example_dags/example_xcom.py for tasks to queue
[2021-08-07 19:24:19,612] {logging_mixin.py:104} INFO - [2021-08-07 19:24:19,611] {dagbag.py:496} INFO - Filling up the DagBag from /home/airflow/.local/lib/python3.6/site-packages/airflow/example_dags/example_xcom.py
[2021-08-07 19:24:19,620] {scheduler_job.py:643} INFO - DAG(s) dict_keys(['example_xcom']) retrieved from /home/airflow/.local/lib/python3.6/site-packages/airflow/example_dags/example_xcom.py
[2021-08-07 19:24:19,636] {logging_mixin.py:104} INFO - [2021-08-07 19:24:19,636] {dag.py:1833} INFO - Sync 1 DAGs
[2021-08-07 19:24:19,649] {logging_mixin.py:104} INFO - [2021-08-07 19:24:19,649] {dag.py:2306} INFO - Setting next_dagrun for example_xcom to 2021-08-05 00:00:00+00:00
[2021-08-07 19:24:19,656] {scheduler_job.py:190} INFO - Processing /home/airflow/.local/lib/python3.6/site-packages/airflow/example_dags/example_xcom.py took 0.049 seconds
[2021-08-07 19:24:50,482] {scheduler_job.py:182} INFO - Started process (PID=1291) to work on /home/airflow/.local/lib/python3.6/site-packages/airflow/example_dags/example_xcom.py
[2021-08-07 19:24:50,483] {scheduler_job.py:633} INFO - Processing file /home/airflow/.local/lib/python3.6/site-packages/airflow/example_dags/example_xcom.py for tasks to queue
[2021-08-07 19:24:50,484] {logging_mixin.py:104} INFO - [2021-08-07 19:24:50,483] {dagbag.py:496} INFO - Filling up the DagBag from /home/airflow/.local/lib/python3.6/site-packages/airflow/example_dags/example_xcom.py
[2021-08-07 19:24:50,492] {scheduler_job.py:643} INFO - DAG(s) dict_keys(['example_xcom']) retrieved from /home/airflow/.local/lib/python3.6/site-packages/airflow/example_dags/example_xcom.py
[2021-08-07 19:24:50,509] {logging_mixin.py:104} INFO - [2021-08-07 19:24:50,509] {dag.py:1833} INFO - Sync 1 DAGs
[2021-08-07 19:24:50,522] {logging_mixin.py:104} INFO - [2021-08-07 19:24:50,522] {dag.py:2306} INFO - Setting next_dagrun for example_xcom to 2021-08-05 00:00:00+00:00
[2021-08-07 19:24:50,531] {scheduler_job.py:190} INFO - Processing /home/airflow/.local/lib/python3.6/site-packages/airflow/example_dags/example_xcom.py took 0.051 seconds
