[2021-08-07 19:15:50,917] {scheduler_job.py:182} INFO - Started process (PID=137) to work on /home/airflow/.local/lib/python3.6/site-packages/airflow/example_dags/example_bash_operator.py
[2021-08-07 19:15:50,919] {scheduler_job.py:633} INFO - Processing file /home/airflow/.local/lib/python3.6/site-packages/airflow/example_dags/example_bash_operator.py for tasks to queue
[2021-08-07 19:15:50,919] {logging_mixin.py:104} INFO - [2021-08-07 19:15:50,919] {dagbag.py:496} INFO - Filling up the DagBag from /home/airflow/.local/lib/python3.6/site-packages/airflow/example_dags/example_bash_operator.py
[2021-08-07 19:15:50,938] {scheduler_job.py:643} INFO - DAG(s) dict_keys(['example_bash_operator']) retrieved from /home/airflow/.local/lib/python3.6/site-packages/airflow/example_dags/example_bash_operator.py
[2021-08-07 19:15:55,158] {logging_mixin.py:104} INFO - [2021-08-07 19:15:55,148] {dag.py:1833} INFO - Sync 1 DAGs
[2021-08-07 19:15:55,190] {logging_mixin.py:104} INFO - [2021-08-07 19:15:55,187] {dag.py:1852} INFO - Creating ORM DAG for example_bash_operator
[2021-08-07 19:15:55,212] {logging_mixin.py:104} INFO - [2021-08-07 19:15:55,212] {dag.py:2306} INFO - Setting next_dagrun for example_bash_operator to 2021-08-05 00:00:00+00:00
[2021-08-07 19:15:55,242] {scheduler_job.py:190} INFO - Processing /home/airflow/.local/lib/python3.6/site-packages/airflow/example_dags/example_bash_operator.py took 4.327 seconds
[2021-08-07 19:16:28,812] {scheduler_job.py:182} INFO - Started process (PID=361) to work on /home/airflow/.local/lib/python3.6/site-packages/airflow/example_dags/example_bash_operator.py
[2021-08-07 19:16:28,813] {scheduler_job.py:633} INFO - Processing file /home/airflow/.local/lib/python3.6/site-packages/airflow/example_dags/example_bash_operator.py for tasks to queue
[2021-08-07 19:16:28,814] {logging_mixin.py:104} INFO - [2021-08-07 19:16:28,814] {dagbag.py:496} INFO - Filling up the DagBag from /home/airflow/.local/lib/python3.6/site-packages/airflow/example_dags/example_bash_operator.py
[2021-08-07 19:16:28,836] {scheduler_job.py:643} INFO - DAG(s) dict_keys(['example_bash_operator']) retrieved from /home/airflow/.local/lib/python3.6/site-packages/airflow/example_dags/example_bash_operator.py
[2021-08-07 19:16:28,861] {logging_mixin.py:104} INFO - [2021-08-07 19:16:28,861] {dag.py:1833} INFO - Sync 1 DAGs
[2021-08-07 19:16:28,886] {logging_mixin.py:104} INFO - [2021-08-07 19:16:28,885] {dag.py:2306} INFO - Setting next_dagrun for example_bash_operator to 2021-08-05 00:00:00+00:00
[2021-08-07 19:16:28,898] {scheduler_job.py:190} INFO - Processing /home/airflow/.local/lib/python3.6/site-packages/airflow/example_dags/example_bash_operator.py took 0.089 seconds
[2021-08-07 19:16:59,198] {scheduler_job.py:182} INFO - Started process (PID=417) to work on /home/airflow/.local/lib/python3.6/site-packages/airflow/example_dags/example_bash_operator.py
[2021-08-07 19:16:59,201] {scheduler_job.py:633} INFO - Processing file /home/airflow/.local/lib/python3.6/site-packages/airflow/example_dags/example_bash_operator.py for tasks to queue
[2021-08-07 19:16:59,202] {logging_mixin.py:104} INFO - [2021-08-07 19:16:59,202] {dagbag.py:496} INFO - Filling up the DagBag from /home/airflow/.local/lib/python3.6/site-packages/airflow/example_dags/example_bash_operator.py
[2021-08-07 19:16:59,230] {scheduler_job.py:643} INFO - DAG(s) dict_keys(['example_bash_operator']) retrieved from /home/airflow/.local/lib/python3.6/site-packages/airflow/example_dags/example_bash_operator.py
[2021-08-07 19:16:59,259] {logging_mixin.py:104} INFO - [2021-08-07 19:16:59,258] {dag.py:1833} INFO - Sync 1 DAGs
[2021-08-07 19:16:59,283] {logging_mixin.py:104} INFO - [2021-08-07 19:16:59,282] {dag.py:2306} INFO - Setting next_dagrun for example_bash_operator to 2021-08-05 00:00:00+00:00
[2021-08-07 19:16:59,297] {scheduler_job.py:190} INFO - Processing /home/airflow/.local/lib/python3.6/site-packages/airflow/example_dags/example_bash_operator.py took 0.103 seconds
[2021-08-07 19:17:31,139] {scheduler_job.py:182} INFO - Started process (PID=483) to work on /home/airflow/.local/lib/python3.6/site-packages/airflow/example_dags/example_bash_operator.py
[2021-08-07 19:17:31,142] {scheduler_job.py:633} INFO - Processing file /home/airflow/.local/lib/python3.6/site-packages/airflow/example_dags/example_bash_operator.py for tasks to queue
[2021-08-07 19:17:31,148] {logging_mixin.py:104} INFO - [2021-08-07 19:17:31,148] {dagbag.py:496} INFO - Filling up the DagBag from /home/airflow/.local/lib/python3.6/site-packages/airflow/example_dags/example_bash_operator.py
[2021-08-07 19:17:31,183] {scheduler_job.py:643} INFO - DAG(s) dict_keys(['example_bash_operator']) retrieved from /home/airflow/.local/lib/python3.6/site-packages/airflow/example_dags/example_bash_operator.py
[2021-08-07 19:17:31,248] {logging_mixin.py:104} INFO - [2021-08-07 19:17:31,248] {dag.py:1833} INFO - Sync 1 DAGs
[2021-08-07 19:17:31,298] {logging_mixin.py:104} INFO - [2021-08-07 19:17:31,298] {dag.py:2306} INFO - Setting next_dagrun for example_bash_operator to 2021-08-05 00:00:00+00:00
[2021-08-07 19:17:31,328] {scheduler_job.py:190} INFO - Processing /home/airflow/.local/lib/python3.6/site-packages/airflow/example_dags/example_bash_operator.py took 0.196 seconds
[2021-08-07 19:18:02,171] {scheduler_job.py:182} INFO - Started process (PID=536) to work on /home/airflow/.local/lib/python3.6/site-packages/airflow/example_dags/example_bash_operator.py
[2021-08-07 19:18:02,180] {scheduler_job.py:633} INFO - Processing file /home/airflow/.local/lib/python3.6/site-packages/airflow/example_dags/example_bash_operator.py for tasks to queue
[2021-08-07 19:18:02,180] {logging_mixin.py:104} INFO - [2021-08-07 19:18:02,180] {dagbag.py:496} INFO - Filling up the DagBag from /home/airflow/.local/lib/python3.6/site-packages/airflow/example_dags/example_bash_operator.py
[2021-08-07 19:18:02,201] {scheduler_job.py:643} INFO - DAG(s) dict_keys(['example_bash_operator']) retrieved from /home/airflow/.local/lib/python3.6/site-packages/airflow/example_dags/example_bash_operator.py
[2021-08-07 19:18:02,228] {logging_mixin.py:104} INFO - [2021-08-07 19:18:02,228] {dag.py:1833} INFO - Sync 1 DAGs
[2021-08-07 19:18:02,255] {logging_mixin.py:104} INFO - [2021-08-07 19:18:02,255] {dag.py:2306} INFO - Setting next_dagrun for example_bash_operator to 2021-08-05 00:00:00+00:00
[2021-08-07 19:18:02,268] {scheduler_job.py:190} INFO - Processing /home/airflow/.local/lib/python3.6/site-packages/airflow/example_dags/example_bash_operator.py took 0.101 seconds
[2021-08-07 19:18:32,611] {scheduler_job.py:182} INFO - Started process (PID=600) to work on /home/airflow/.local/lib/python3.6/site-packages/airflow/example_dags/example_bash_operator.py
[2021-08-07 19:18:32,613] {scheduler_job.py:633} INFO - Processing file /home/airflow/.local/lib/python3.6/site-packages/airflow/example_dags/example_bash_operator.py for tasks to queue
[2021-08-07 19:18:32,614] {logging_mixin.py:104} INFO - [2021-08-07 19:18:32,614] {dagbag.py:496} INFO - Filling up the DagBag from /home/airflow/.local/lib/python3.6/site-packages/airflow/example_dags/example_bash_operator.py
[2021-08-07 19:18:32,637] {scheduler_job.py:643} INFO - DAG(s) dict_keys(['example_bash_operator']) retrieved from /home/airflow/.local/lib/python3.6/site-packages/airflow/example_dags/example_bash_operator.py
[2021-08-07 19:18:32,668] {logging_mixin.py:104} INFO - [2021-08-07 19:18:32,667] {dag.py:1833} INFO - Sync 1 DAGs
[2021-08-07 19:18:32,699] {logging_mixin.py:104} INFO - [2021-08-07 19:18:32,699] {dag.py:2306} INFO - Setting next_dagrun for example_bash_operator to 2021-08-05 00:00:00+00:00
[2021-08-07 19:18:32,715] {scheduler_job.py:190} INFO - Processing /home/airflow/.local/lib/python3.6/site-packages/airflow/example_dags/example_bash_operator.py took 0.109 seconds
[2021-08-07 19:19:02,815] {scheduler_job.py:182} INFO - Started process (PID=654) to work on /home/airflow/.local/lib/python3.6/site-packages/airflow/example_dags/example_bash_operator.py
[2021-08-07 19:19:02,817] {scheduler_job.py:633} INFO - Processing file /home/airflow/.local/lib/python3.6/site-packages/airflow/example_dags/example_bash_operator.py for tasks to queue
[2021-08-07 19:19:02,818] {logging_mixin.py:104} INFO - [2021-08-07 19:19:02,817] {dagbag.py:496} INFO - Filling up the DagBag from /home/airflow/.local/lib/python3.6/site-packages/airflow/example_dags/example_bash_operator.py
[2021-08-07 19:19:02,837] {scheduler_job.py:643} INFO - DAG(s) dict_keys(['example_bash_operator']) retrieved from /home/airflow/.local/lib/python3.6/site-packages/airflow/example_dags/example_bash_operator.py
[2021-08-07 19:19:02,869] {logging_mixin.py:104} INFO - [2021-08-07 19:19:02,869] {dag.py:1833} INFO - Sync 1 DAGs
[2021-08-07 19:19:02,895] {logging_mixin.py:104} INFO - [2021-08-07 19:19:02,895] {dag.py:2306} INFO - Setting next_dagrun for example_bash_operator to 2021-08-05 00:00:00+00:00
[2021-08-07 19:19:02,908] {scheduler_job.py:190} INFO - Processing /home/airflow/.local/lib/python3.6/site-packages/airflow/example_dags/example_bash_operator.py took 0.096 seconds
[2021-08-07 19:19:33,178] {scheduler_job.py:182} INFO - Started process (PID=717) to work on /home/airflow/.local/lib/python3.6/site-packages/airflow/example_dags/example_bash_operator.py
[2021-08-07 19:19:33,180] {scheduler_job.py:633} INFO - Processing file /home/airflow/.local/lib/python3.6/site-packages/airflow/example_dags/example_bash_operator.py for tasks to queue
[2021-08-07 19:19:33,181] {logging_mixin.py:104} INFO - [2021-08-07 19:19:33,181] {dagbag.py:496} INFO - Filling up the DagBag from /home/airflow/.local/lib/python3.6/site-packages/airflow/example_dags/example_bash_operator.py
[2021-08-07 19:19:33,211] {scheduler_job.py:643} INFO - DAG(s) dict_keys(['example_bash_operator']) retrieved from /home/airflow/.local/lib/python3.6/site-packages/airflow/example_dags/example_bash_operator.py
[2021-08-07 19:19:33,256] {logging_mixin.py:104} INFO - [2021-08-07 19:19:33,256] {dag.py:1833} INFO - Sync 1 DAGs
[2021-08-07 19:19:33,291] {logging_mixin.py:104} INFO - [2021-08-07 19:19:33,291] {dag.py:2306} INFO - Setting next_dagrun for example_bash_operator to 2021-08-05 00:00:00+00:00
[2021-08-07 19:19:33,309] {scheduler_job.py:190} INFO - Processing /home/airflow/.local/lib/python3.6/site-packages/airflow/example_dags/example_bash_operator.py took 0.143 seconds
[2021-08-07 19:20:03,394] {scheduler_job.py:182} INFO - Started process (PID=773) to work on /home/airflow/.local/lib/python3.6/site-packages/airflow/example_dags/example_bash_operator.py
[2021-08-07 19:20:03,396] {scheduler_job.py:633} INFO - Processing file /home/airflow/.local/lib/python3.6/site-packages/airflow/example_dags/example_bash_operator.py for tasks to queue
[2021-08-07 19:20:03,398] {logging_mixin.py:104} INFO - [2021-08-07 19:20:03,397] {dagbag.py:496} INFO - Filling up the DagBag from /home/airflow/.local/lib/python3.6/site-packages/airflow/example_dags/example_bash_operator.py
[2021-08-07 19:20:03,422] {scheduler_job.py:643} INFO - DAG(s) dict_keys(['example_bash_operator']) retrieved from /home/airflow/.local/lib/python3.6/site-packages/airflow/example_dags/example_bash_operator.py
[2021-08-07 19:20:03,452] {logging_mixin.py:104} INFO - [2021-08-07 19:20:03,451] {dag.py:1833} INFO - Sync 1 DAGs
[2021-08-07 19:20:03,480] {logging_mixin.py:104} INFO - [2021-08-07 19:20:03,480] {dag.py:2306} INFO - Setting next_dagrun for example_bash_operator to 2021-08-05 00:00:00+00:00
[2021-08-07 19:20:03,496] {scheduler_job.py:190} INFO - Processing /home/airflow/.local/lib/python3.6/site-packages/airflow/example_dags/example_bash_operator.py took 0.106 seconds
[2021-08-07 19:20:33,542] {scheduler_job.py:182} INFO - Started process (PID=827) to work on /home/airflow/.local/lib/python3.6/site-packages/airflow/example_dags/example_bash_operator.py
[2021-08-07 19:20:33,544] {scheduler_job.py:633} INFO - Processing file /home/airflow/.local/lib/python3.6/site-packages/airflow/example_dags/example_bash_operator.py for tasks to queue
[2021-08-07 19:20:33,545] {logging_mixin.py:104} INFO - [2021-08-07 19:20:33,545] {dagbag.py:496} INFO - Filling up the DagBag from /home/airflow/.local/lib/python3.6/site-packages/airflow/example_dags/example_bash_operator.py
[2021-08-07 19:20:33,571] {scheduler_job.py:643} INFO - DAG(s) dict_keys(['example_bash_operator']) retrieved from /home/airflow/.local/lib/python3.6/site-packages/airflow/example_dags/example_bash_operator.py
[2021-08-07 19:20:33,610] {logging_mixin.py:104} INFO - [2021-08-07 19:20:33,610] {dag.py:1833} INFO - Sync 1 DAGs
[2021-08-07 19:20:33,636] {logging_mixin.py:104} INFO - [2021-08-07 19:20:33,636] {dag.py:2306} INFO - Setting next_dagrun for example_bash_operator to 2021-08-05 00:00:00+00:00
[2021-08-07 19:20:33,650] {scheduler_job.py:190} INFO - Processing /home/airflow/.local/lib/python3.6/site-packages/airflow/example_dags/example_bash_operator.py took 0.112 seconds
[2021-08-07 19:21:03,755] {scheduler_job.py:182} INFO - Started process (PID=890) to work on /home/airflow/.local/lib/python3.6/site-packages/airflow/example_dags/example_bash_operator.py
[2021-08-07 19:21:03,756] {scheduler_job.py:633} INFO - Processing file /home/airflow/.local/lib/python3.6/site-packages/airflow/example_dags/example_bash_operator.py for tasks to queue
[2021-08-07 19:21:03,758] {logging_mixin.py:104} INFO - [2021-08-07 19:21:03,757] {dagbag.py:496} INFO - Filling up the DagBag from /home/airflow/.local/lib/python3.6/site-packages/airflow/example_dags/example_bash_operator.py
[2021-08-07 19:21:03,781] {scheduler_job.py:643} INFO - DAG(s) dict_keys(['example_bash_operator']) retrieved from /home/airflow/.local/lib/python3.6/site-packages/airflow/example_dags/example_bash_operator.py
[2021-08-07 19:21:03,816] {logging_mixin.py:104} INFO - [2021-08-07 19:21:03,816] {dag.py:1833} INFO - Sync 1 DAGs
[2021-08-07 19:21:03,845] {logging_mixin.py:104} INFO - [2021-08-07 19:21:03,845] {dag.py:2306} INFO - Setting next_dagrun for example_bash_operator to 2021-08-05 00:00:00+00:00
[2021-08-07 19:21:03,859] {scheduler_job.py:190} INFO - Processing /home/airflow/.local/lib/python3.6/site-packages/airflow/example_dags/example_bash_operator.py took 0.109 seconds
[2021-08-07 19:21:34,574] {scheduler_job.py:182} INFO - Started process (PID=942) to work on /home/airflow/.local/lib/python3.6/site-packages/airflow/example_dags/example_bash_operator.py
[2021-08-07 19:21:34,575] {scheduler_job.py:633} INFO - Processing file /home/airflow/.local/lib/python3.6/site-packages/airflow/example_dags/example_bash_operator.py for tasks to queue
[2021-08-07 19:21:34,576] {logging_mixin.py:104} INFO - [2021-08-07 19:21:34,575] {dagbag.py:496} INFO - Filling up the DagBag from /home/airflow/.local/lib/python3.6/site-packages/airflow/example_dags/example_bash_operator.py
[2021-08-07 19:21:34,598] {scheduler_job.py:643} INFO - DAG(s) dict_keys(['example_bash_operator']) retrieved from /home/airflow/.local/lib/python3.6/site-packages/airflow/example_dags/example_bash_operator.py
[2021-08-07 19:21:34,632] {logging_mixin.py:104} INFO - [2021-08-07 19:21:34,632] {dag.py:1833} INFO - Sync 1 DAGs
[2021-08-07 19:21:34,661] {logging_mixin.py:104} INFO - [2021-08-07 19:21:34,661] {dag.py:2306} INFO - Setting next_dagrun for example_bash_operator to 2021-08-05 00:00:00+00:00
[2021-08-07 19:21:34,674] {scheduler_job.py:190} INFO - Processing /home/airflow/.local/lib/python3.6/site-packages/airflow/example_dags/example_bash_operator.py took 0.104 seconds
[2021-08-07 19:22:04,799] {scheduler_job.py:182} INFO - Started process (PID=1005) to work on /home/airflow/.local/lib/python3.6/site-packages/airflow/example_dags/example_bash_operator.py
[2021-08-07 19:22:04,801] {scheduler_job.py:633} INFO - Processing file /home/airflow/.local/lib/python3.6/site-packages/airflow/example_dags/example_bash_operator.py for tasks to queue
[2021-08-07 19:22:04,802] {logging_mixin.py:104} INFO - [2021-08-07 19:22:04,802] {dagbag.py:496} INFO - Filling up the DagBag from /home/airflow/.local/lib/python3.6/site-packages/airflow/example_dags/example_bash_operator.py
[2021-08-07 19:22:04,822] {scheduler_job.py:643} INFO - DAG(s) dict_keys(['example_bash_operator']) retrieved from /home/airflow/.local/lib/python3.6/site-packages/airflow/example_dags/example_bash_operator.py
[2021-08-07 19:22:04,850] {logging_mixin.py:104} INFO - [2021-08-07 19:22:04,850] {dag.py:1833} INFO - Sync 1 DAGs
[2021-08-07 19:22:04,878] {logging_mixin.py:104} INFO - [2021-08-07 19:22:04,877] {dag.py:2306} INFO - Setting next_dagrun for example_bash_operator to 2021-08-05 00:00:00+00:00
[2021-08-07 19:22:04,891] {scheduler_job.py:190} INFO - Processing /home/airflow/.local/lib/python3.6/site-packages/airflow/example_dags/example_bash_operator.py took 0.096 seconds
[2021-08-07 19:22:47,762] {scheduler_job.py:182} INFO - Started process (PID=1041) to work on /home/airflow/.local/lib/python3.6/site-packages/airflow/example_dags/example_bash_operator.py
[2021-08-07 19:22:47,763] {scheduler_job.py:633} INFO - Processing file /home/airflow/.local/lib/python3.6/site-packages/airflow/example_dags/example_bash_operator.py for tasks to queue
[2021-08-07 19:22:47,764] {logging_mixin.py:104} INFO - [2021-08-07 19:22:47,764] {dagbag.py:496} INFO - Filling up the DagBag from /home/airflow/.local/lib/python3.6/site-packages/airflow/example_dags/example_bash_operator.py
[2021-08-07 19:22:47,780] {scheduler_job.py:643} INFO - DAG(s) dict_keys(['example_bash_operator']) retrieved from /home/airflow/.local/lib/python3.6/site-packages/airflow/example_dags/example_bash_operator.py
[2021-08-07 19:22:47,804] {logging_mixin.py:104} INFO - [2021-08-07 19:22:47,804] {dag.py:1833} INFO - Sync 1 DAGs
[2021-08-07 19:22:47,829] {logging_mixin.py:104} INFO - [2021-08-07 19:22:47,828] {dag.py:2306} INFO - Setting next_dagrun for example_bash_operator to 2021-08-05 00:00:00+00:00
[2021-08-07 19:22:47,841] {scheduler_job.py:190} INFO - Processing /home/airflow/.local/lib/python3.6/site-packages/airflow/example_dags/example_bash_operator.py took 0.082 seconds
[2021-08-07 19:23:18,248] {scheduler_job.py:182} INFO - Started process (PID=1105) to work on /home/airflow/.local/lib/python3.6/site-packages/airflow/example_dags/example_bash_operator.py
[2021-08-07 19:23:18,249] {scheduler_job.py:633} INFO - Processing file /home/airflow/.local/lib/python3.6/site-packages/airflow/example_dags/example_bash_operator.py for tasks to queue
[2021-08-07 19:23:18,250] {logging_mixin.py:104} INFO - [2021-08-07 19:23:18,250] {dagbag.py:496} INFO - Filling up the DagBag from /home/airflow/.local/lib/python3.6/site-packages/airflow/example_dags/example_bash_operator.py
[2021-08-07 19:23:18,263] {scheduler_job.py:643} INFO - DAG(s) dict_keys(['example_bash_operator']) retrieved from /home/airflow/.local/lib/python3.6/site-packages/airflow/example_dags/example_bash_operator.py
[2021-08-07 19:23:18,279] {logging_mixin.py:104} INFO - [2021-08-07 19:23:18,279] {dag.py:1833} INFO - Sync 1 DAGs
[2021-08-07 19:23:18,295] {logging_mixin.py:104} INFO - [2021-08-07 19:23:18,295] {dag.py:2306} INFO - Setting next_dagrun for example_bash_operator to 2021-08-05 00:00:00+00:00
[2021-08-07 19:23:18,305] {scheduler_job.py:190} INFO - Processing /home/airflow/.local/lib/python3.6/site-packages/airflow/example_dags/example_bash_operator.py took 0.059 seconds
[2021-08-07 19:23:48,513] {scheduler_job.py:182} INFO - Started process (PID=1166) to work on /home/airflow/.local/lib/python3.6/site-packages/airflow/example_dags/example_bash_operator.py
[2021-08-07 19:23:48,514] {scheduler_job.py:633} INFO - Processing file /home/airflow/.local/lib/python3.6/site-packages/airflow/example_dags/example_bash_operator.py for tasks to queue
[2021-08-07 19:23:48,514] {logging_mixin.py:104} INFO - [2021-08-07 19:23:48,514] {dagbag.py:496} INFO - Filling up the DagBag from /home/airflow/.local/lib/python3.6/site-packages/airflow/example_dags/example_bash_operator.py
[2021-08-07 19:23:48,527] {scheduler_job.py:643} INFO - DAG(s) dict_keys(['example_bash_operator']) retrieved from /home/airflow/.local/lib/python3.6/site-packages/airflow/example_dags/example_bash_operator.py
[2021-08-07 19:23:48,545] {logging_mixin.py:104} INFO - [2021-08-07 19:23:48,545] {dag.py:1833} INFO - Sync 1 DAGs
[2021-08-07 19:23:48,560] {logging_mixin.py:104} INFO - [2021-08-07 19:23:48,560] {dag.py:2306} INFO - Setting next_dagrun for example_bash_operator to 2021-08-05 00:00:00+00:00
[2021-08-07 19:23:48,567] {scheduler_job.py:190} INFO - Processing /home/airflow/.local/lib/python3.6/site-packages/airflow/example_dags/example_bash_operator.py took 0.056 seconds
[2021-08-07 19:24:19,313] {scheduler_job.py:182} INFO - Started process (PID=1219) to work on /home/airflow/.local/lib/python3.6/site-packages/airflow/example_dags/example_bash_operator.py
[2021-08-07 19:24:19,313] {scheduler_job.py:633} INFO - Processing file /home/airflow/.local/lib/python3.6/site-packages/airflow/example_dags/example_bash_operator.py for tasks to queue
[2021-08-07 19:24:19,314] {logging_mixin.py:104} INFO - [2021-08-07 19:24:19,314] {dagbag.py:496} INFO - Filling up the DagBag from /home/airflow/.local/lib/python3.6/site-packages/airflow/example_dags/example_bash_operator.py
[2021-08-07 19:24:19,326] {scheduler_job.py:643} INFO - DAG(s) dict_keys(['example_bash_operator']) retrieved from /home/airflow/.local/lib/python3.6/site-packages/airflow/example_dags/example_bash_operator.py
[2021-08-07 19:24:19,342] {logging_mixin.py:104} INFO - [2021-08-07 19:24:19,342] {dag.py:1833} INFO - Sync 1 DAGs
[2021-08-07 19:24:19,361] {logging_mixin.py:104} INFO - [2021-08-07 19:24:19,361] {dag.py:2306} INFO - Setting next_dagrun for example_bash_operator to 2021-08-05 00:00:00+00:00
[2021-08-07 19:24:19,369] {scheduler_job.py:190} INFO - Processing /home/airflow/.local/lib/python3.6/site-packages/airflow/example_dags/example_bash_operator.py took 0.058 seconds
[2021-08-07 19:24:50,077] {scheduler_job.py:182} INFO - Started process (PID=1283) to work on /home/airflow/.local/lib/python3.6/site-packages/airflow/example_dags/example_bash_operator.py
[2021-08-07 19:24:50,078] {scheduler_job.py:633} INFO - Processing file /home/airflow/.local/lib/python3.6/site-packages/airflow/example_dags/example_bash_operator.py for tasks to queue
[2021-08-07 19:24:50,079] {logging_mixin.py:104} INFO - [2021-08-07 19:24:50,079] {dagbag.py:496} INFO - Filling up the DagBag from /home/airflow/.local/lib/python3.6/site-packages/airflow/example_dags/example_bash_operator.py
[2021-08-07 19:24:50,091] {scheduler_job.py:643} INFO - DAG(s) dict_keys(['example_bash_operator']) retrieved from /home/airflow/.local/lib/python3.6/site-packages/airflow/example_dags/example_bash_operator.py
[2021-08-07 19:24:50,111] {logging_mixin.py:104} INFO - [2021-08-07 19:24:50,111] {dag.py:1833} INFO - Sync 1 DAGs
[2021-08-07 19:24:50,126] {logging_mixin.py:104} INFO - [2021-08-07 19:24:50,125] {dag.py:2306} INFO - Setting next_dagrun for example_bash_operator to 2021-08-05 00:00:00+00:00
[2021-08-07 19:24:50,136] {scheduler_job.py:190} INFO - Processing /home/airflow/.local/lib/python3.6/site-packages/airflow/example_dags/example_bash_operator.py took 0.061 seconds
