[2021-08-07 19:16:01,407] {scheduler_job.py:182} INFO - Started process (PID=199) to work on /home/airflow/.local/lib/python3.6/site-packages/airflow/example_dags/example_branch_labels.py
[2021-08-07 19:16:01,408] {scheduler_job.py:633} INFO - Processing file /home/airflow/.local/lib/python3.6/site-packages/airflow/example_dags/example_branch_labels.py for tasks to queue
[2021-08-07 19:16:01,408] {logging_mixin.py:104} INFO - [2021-08-07 19:16:01,408] {dagbag.py:496} INFO - Filling up the DagBag from /home/airflow/.local/lib/python3.6/site-packages/airflow/example_dags/example_branch_labels.py
[2021-08-07 19:16:01,426] {scheduler_job.py:643} INFO - DAG(s) dict_keys(['example_branch_labels']) retrieved from /home/airflow/.local/lib/python3.6/site-packages/airflow/example_dags/example_branch_labels.py
[2021-08-07 19:16:04,541] {logging_mixin.py:104} INFO - [2021-08-07 19:16:04,539] {dag.py:1833} INFO - Sync 1 DAGs
[2021-08-07 19:16:04,557] {logging_mixin.py:104} INFO - [2021-08-07 19:16:04,555] {dag.py:1852} INFO - Creating ORM DAG for example_branch_labels
[2021-08-07 19:16:04,573] {logging_mixin.py:104} INFO - [2021-08-07 19:16:04,573] {dag.py:2306} INFO - Setting next_dagrun for example_branch_labels to 2021-08-05 00:00:00+00:00
[2021-08-07 19:16:04,592] {scheduler_job.py:190} INFO - Processing /home/airflow/.local/lib/python3.6/site-packages/airflow/example_dags/example_branch_labels.py took 3.190 seconds
[2021-08-07 19:16:35,086] {scheduler_job.py:182} INFO - Started process (PID=366) to work on /home/airflow/.local/lib/python3.6/site-packages/airflow/example_dags/example_branch_labels.py
[2021-08-07 19:16:35,087] {scheduler_job.py:633} INFO - Processing file /home/airflow/.local/lib/python3.6/site-packages/airflow/example_dags/example_branch_labels.py for tasks to queue
[2021-08-07 19:16:35,088] {logging_mixin.py:104} INFO - [2021-08-07 19:16:35,088] {dagbag.py:496} INFO - Filling up the DagBag from /home/airflow/.local/lib/python3.6/site-packages/airflow/example_dags/example_branch_labels.py
[2021-08-07 19:16:35,101] {scheduler_job.py:643} INFO - DAG(s) dict_keys(['example_branch_labels']) retrieved from /home/airflow/.local/lib/python3.6/site-packages/airflow/example_dags/example_branch_labels.py
[2021-08-07 19:16:35,124] {logging_mixin.py:104} INFO - [2021-08-07 19:16:35,124] {dag.py:1833} INFO - Sync 1 DAGs
[2021-08-07 19:16:35,148] {logging_mixin.py:104} INFO - [2021-08-07 19:16:35,148] {dag.py:2306} INFO - Setting next_dagrun for example_branch_labels to 2021-08-05 00:00:00+00:00
[2021-08-07 19:16:35,157] {scheduler_job.py:190} INFO - Processing /home/airflow/.local/lib/python3.6/site-packages/airflow/example_dags/example_branch_labels.py took 0.073 seconds
[2021-08-07 19:17:05,529] {scheduler_job.py:182} INFO - Started process (PID=432) to work on /home/airflow/.local/lib/python3.6/site-packages/airflow/example_dags/example_branch_labels.py
[2021-08-07 19:17:05,530] {scheduler_job.py:633} INFO - Processing file /home/airflow/.local/lib/python3.6/site-packages/airflow/example_dags/example_branch_labels.py for tasks to queue
[2021-08-07 19:17:05,531] {logging_mixin.py:104} INFO - [2021-08-07 19:17:05,531] {dagbag.py:496} INFO - Filling up the DagBag from /home/airflow/.local/lib/python3.6/site-packages/airflow/example_dags/example_branch_labels.py
[2021-08-07 19:17:05,550] {scheduler_job.py:643} INFO - DAG(s) dict_keys(['example_branch_labels']) retrieved from /home/airflow/.local/lib/python3.6/site-packages/airflow/example_dags/example_branch_labels.py
[2021-08-07 19:17:05,577] {logging_mixin.py:104} INFO - [2021-08-07 19:17:05,577] {dag.py:1833} INFO - Sync 1 DAGs
[2021-08-07 19:17:05,612] {logging_mixin.py:104} INFO - [2021-08-07 19:17:05,612] {dag.py:2306} INFO - Setting next_dagrun for example_branch_labels to 2021-08-05 00:00:00+00:00
[2021-08-07 19:17:05,622] {scheduler_job.py:190} INFO - Processing /home/airflow/.local/lib/python3.6/site-packages/airflow/example_dags/example_branch_labels.py took 0.097 seconds
[2021-08-07 19:17:35,824] {scheduler_job.py:182} INFO - Started process (PID=488) to work on /home/airflow/.local/lib/python3.6/site-packages/airflow/example_dags/example_branch_labels.py
[2021-08-07 19:17:35,825] {scheduler_job.py:633} INFO - Processing file /home/airflow/.local/lib/python3.6/site-packages/airflow/example_dags/example_branch_labels.py for tasks to queue
[2021-08-07 19:17:35,826] {logging_mixin.py:104} INFO - [2021-08-07 19:17:35,826] {dagbag.py:496} INFO - Filling up the DagBag from /home/airflow/.local/lib/python3.6/site-packages/airflow/example_dags/example_branch_labels.py
[2021-08-07 19:17:35,839] {scheduler_job.py:643} INFO - DAG(s) dict_keys(['example_branch_labels']) retrieved from /home/airflow/.local/lib/python3.6/site-packages/airflow/example_dags/example_branch_labels.py
[2021-08-07 19:17:35,854] {logging_mixin.py:104} INFO - [2021-08-07 19:17:35,854] {dag.py:1833} INFO - Sync 1 DAGs
[2021-08-07 19:17:35,868] {logging_mixin.py:104} INFO - [2021-08-07 19:17:35,868] {dag.py:2306} INFO - Setting next_dagrun for example_branch_labels to 2021-08-05 00:00:00+00:00
[2021-08-07 19:17:35,875] {scheduler_job.py:190} INFO - Processing /home/airflow/.local/lib/python3.6/site-packages/airflow/example_dags/example_branch_labels.py took 0.053 seconds
[2021-08-07 19:18:06,400] {scheduler_job.py:182} INFO - Started process (PID=541) to work on /home/airflow/.local/lib/python3.6/site-packages/airflow/example_dags/example_branch_labels.py
[2021-08-07 19:18:06,401] {scheduler_job.py:633} INFO - Processing file /home/airflow/.local/lib/python3.6/site-packages/airflow/example_dags/example_branch_labels.py for tasks to queue
[2021-08-07 19:18:06,401] {logging_mixin.py:104} INFO - [2021-08-07 19:18:06,401] {dagbag.py:496} INFO - Filling up the DagBag from /home/airflow/.local/lib/python3.6/site-packages/airflow/example_dags/example_branch_labels.py
[2021-08-07 19:18:06,415] {scheduler_job.py:643} INFO - DAG(s) dict_keys(['example_branch_labels']) retrieved from /home/airflow/.local/lib/python3.6/site-packages/airflow/example_dags/example_branch_labels.py
[2021-08-07 19:18:06,438] {logging_mixin.py:104} INFO - [2021-08-07 19:18:06,438] {dag.py:1833} INFO - Sync 1 DAGs
[2021-08-07 19:18:06,459] {logging_mixin.py:104} INFO - [2021-08-07 19:18:06,459] {dag.py:2306} INFO - Setting next_dagrun for example_branch_labels to 2021-08-05 00:00:00+00:00
[2021-08-07 19:18:06,467] {scheduler_job.py:190} INFO - Processing /home/airflow/.local/lib/python3.6/site-packages/airflow/example_dags/example_branch_labels.py took 0.070 seconds
[2021-08-07 19:18:37,092] {scheduler_job.py:182} INFO - Started process (PID=606) to work on /home/airflow/.local/lib/python3.6/site-packages/airflow/example_dags/example_branch_labels.py
[2021-08-07 19:18:37,094] {scheduler_job.py:633} INFO - Processing file /home/airflow/.local/lib/python3.6/site-packages/airflow/example_dags/example_branch_labels.py for tasks to queue
[2021-08-07 19:18:37,096] {logging_mixin.py:104} INFO - [2021-08-07 19:18:37,095] {dagbag.py:496} INFO - Filling up the DagBag from /home/airflow/.local/lib/python3.6/site-packages/airflow/example_dags/example_branch_labels.py
[2021-08-07 19:18:37,110] {scheduler_job.py:643} INFO - DAG(s) dict_keys(['example_branch_labels']) retrieved from /home/airflow/.local/lib/python3.6/site-packages/airflow/example_dags/example_branch_labels.py
[2021-08-07 19:18:37,136] {logging_mixin.py:104} INFO - [2021-08-07 19:18:37,136] {dag.py:1833} INFO - Sync 1 DAGs
[2021-08-07 19:18:37,160] {logging_mixin.py:104} INFO - [2021-08-07 19:18:37,160] {dag.py:2306} INFO - Setting next_dagrun for example_branch_labels to 2021-08-05 00:00:00+00:00
[2021-08-07 19:18:37,167] {scheduler_job.py:190} INFO - Processing /home/airflow/.local/lib/python3.6/site-packages/airflow/example_dags/example_branch_labels.py took 0.079 seconds
[2021-08-07 19:19:07,258] {scheduler_job.py:182} INFO - Started process (PID=660) to work on /home/airflow/.local/lib/python3.6/site-packages/airflow/example_dags/example_branch_labels.py
[2021-08-07 19:19:07,259] {scheduler_job.py:633} INFO - Processing file /home/airflow/.local/lib/python3.6/site-packages/airflow/example_dags/example_branch_labels.py for tasks to queue
[2021-08-07 19:19:07,260] {logging_mixin.py:104} INFO - [2021-08-07 19:19:07,260] {dagbag.py:496} INFO - Filling up the DagBag from /home/airflow/.local/lib/python3.6/site-packages/airflow/example_dags/example_branch_labels.py
[2021-08-07 19:19:07,279] {scheduler_job.py:643} INFO - DAG(s) dict_keys(['example_branch_labels']) retrieved from /home/airflow/.local/lib/python3.6/site-packages/airflow/example_dags/example_branch_labels.py
[2021-08-07 19:19:07,313] {logging_mixin.py:104} INFO - [2021-08-07 19:19:07,313] {dag.py:1833} INFO - Sync 1 DAGs
[2021-08-07 19:19:07,336] {logging_mixin.py:104} INFO - [2021-08-07 19:19:07,336] {dag.py:2306} INFO - Setting next_dagrun for example_branch_labels to 2021-08-05 00:00:00+00:00
[2021-08-07 19:19:07,345] {scheduler_job.py:190} INFO - Processing /home/airflow/.local/lib/python3.6/site-packages/airflow/example_dags/example_branch_labels.py took 0.089 seconds
[2021-08-07 19:19:37,649] {scheduler_job.py:182} INFO - Started process (PID=727) to work on /home/airflow/.local/lib/python3.6/site-packages/airflow/example_dags/example_branch_labels.py
[2021-08-07 19:19:37,650] {scheduler_job.py:633} INFO - Processing file /home/airflow/.local/lib/python3.6/site-packages/airflow/example_dags/example_branch_labels.py for tasks to queue
[2021-08-07 19:19:37,651] {logging_mixin.py:104} INFO - [2021-08-07 19:19:37,651] {dagbag.py:496} INFO - Filling up the DagBag from /home/airflow/.local/lib/python3.6/site-packages/airflow/example_dags/example_branch_labels.py
[2021-08-07 19:19:37,662] {scheduler_job.py:643} INFO - DAG(s) dict_keys(['example_branch_labels']) retrieved from /home/airflow/.local/lib/python3.6/site-packages/airflow/example_dags/example_branch_labels.py
[2021-08-07 19:19:37,679] {logging_mixin.py:104} INFO - [2021-08-07 19:19:37,678] {dag.py:1833} INFO - Sync 1 DAGs
[2021-08-07 19:19:37,695] {logging_mixin.py:104} INFO - [2021-08-07 19:19:37,695] {dag.py:2306} INFO - Setting next_dagrun for example_branch_labels to 2021-08-05 00:00:00+00:00
[2021-08-07 19:19:37,703] {scheduler_job.py:190} INFO - Processing /home/airflow/.local/lib/python3.6/site-packages/airflow/example_dags/example_branch_labels.py took 0.057 seconds
[2021-08-07 19:20:07,930] {scheduler_job.py:182} INFO - Started process (PID=780) to work on /home/airflow/.local/lib/python3.6/site-packages/airflow/example_dags/example_branch_labels.py
[2021-08-07 19:20:07,932] {scheduler_job.py:633} INFO - Processing file /home/airflow/.local/lib/python3.6/site-packages/airflow/example_dags/example_branch_labels.py for tasks to queue
[2021-08-07 19:20:07,932] {logging_mixin.py:104} INFO - [2021-08-07 19:20:07,932] {dagbag.py:496} INFO - Filling up the DagBag from /home/airflow/.local/lib/python3.6/site-packages/airflow/example_dags/example_branch_labels.py
[2021-08-07 19:20:07,944] {scheduler_job.py:643} INFO - DAG(s) dict_keys(['example_branch_labels']) retrieved from /home/airflow/.local/lib/python3.6/site-packages/airflow/example_dags/example_branch_labels.py
[2021-08-07 19:20:07,961] {logging_mixin.py:104} INFO - [2021-08-07 19:20:07,961] {dag.py:1833} INFO - Sync 1 DAGs
[2021-08-07 19:20:07,981] {logging_mixin.py:104} INFO - [2021-08-07 19:20:07,981] {dag.py:2306} INFO - Setting next_dagrun for example_branch_labels to 2021-08-05 00:00:00+00:00
[2021-08-07 19:20:07,992] {scheduler_job.py:190} INFO - Processing /home/airflow/.local/lib/python3.6/site-packages/airflow/example_dags/example_branch_labels.py took 0.064 seconds
[2021-08-07 19:20:38,018] {scheduler_job.py:182} INFO - Started process (PID=844) to work on /home/airflow/.local/lib/python3.6/site-packages/airflow/example_dags/example_branch_labels.py
[2021-08-07 19:20:38,023] {scheduler_job.py:633} INFO - Processing file /home/airflow/.local/lib/python3.6/site-packages/airflow/example_dags/example_branch_labels.py for tasks to queue
[2021-08-07 19:20:38,024] {logging_mixin.py:104} INFO - [2021-08-07 19:20:38,023] {dagbag.py:496} INFO - Filling up the DagBag from /home/airflow/.local/lib/python3.6/site-packages/airflow/example_dags/example_branch_labels.py
[2021-08-07 19:20:38,036] {scheduler_job.py:643} INFO - DAG(s) dict_keys(['example_branch_labels']) retrieved from /home/airflow/.local/lib/python3.6/site-packages/airflow/example_dags/example_branch_labels.py
[2021-08-07 19:20:38,056] {logging_mixin.py:104} INFO - [2021-08-07 19:20:38,056] {dag.py:1833} INFO - Sync 1 DAGs
[2021-08-07 19:20:38,085] {logging_mixin.py:104} INFO - [2021-08-07 19:20:38,085] {dag.py:2306} INFO - Setting next_dagrun for example_branch_labels to 2021-08-05 00:00:00+00:00
[2021-08-07 19:20:38,098] {scheduler_job.py:190} INFO - Processing /home/airflow/.local/lib/python3.6/site-packages/airflow/example_dags/example_branch_labels.py took 0.083 seconds
[2021-08-07 19:21:08,305] {scheduler_job.py:182} INFO - Started process (PID=897) to work on /home/airflow/.local/lib/python3.6/site-packages/airflow/example_dags/example_branch_labels.py
[2021-08-07 19:21:08,306] {scheduler_job.py:633} INFO - Processing file /home/airflow/.local/lib/python3.6/site-packages/airflow/example_dags/example_branch_labels.py for tasks to queue
[2021-08-07 19:21:08,307] {logging_mixin.py:104} INFO - [2021-08-07 19:21:08,306] {dagbag.py:496} INFO - Filling up the DagBag from /home/airflow/.local/lib/python3.6/site-packages/airflow/example_dags/example_branch_labels.py
[2021-08-07 19:21:08,319] {scheduler_job.py:643} INFO - DAG(s) dict_keys(['example_branch_labels']) retrieved from /home/airflow/.local/lib/python3.6/site-packages/airflow/example_dags/example_branch_labels.py
[2021-08-07 19:21:08,340] {logging_mixin.py:104} INFO - [2021-08-07 19:21:08,340] {dag.py:1833} INFO - Sync 1 DAGs
[2021-08-07 19:21:08,361] {logging_mixin.py:104} INFO - [2021-08-07 19:21:08,361] {dag.py:2306} INFO - Setting next_dagrun for example_branch_labels to 2021-08-05 00:00:00+00:00
[2021-08-07 19:21:08,370] {scheduler_job.py:190} INFO - Processing /home/airflow/.local/lib/python3.6/site-packages/airflow/example_dags/example_branch_labels.py took 0.068 seconds
[2021-08-07 19:21:39,282] {scheduler_job.py:182} INFO - Started process (PID=961) to work on /home/airflow/.local/lib/python3.6/site-packages/airflow/example_dags/example_branch_labels.py
[2021-08-07 19:21:39,283] {scheduler_job.py:633} INFO - Processing file /home/airflow/.local/lib/python3.6/site-packages/airflow/example_dags/example_branch_labels.py for tasks to queue
[2021-08-07 19:21:39,283] {logging_mixin.py:104} INFO - [2021-08-07 19:21:39,283] {dagbag.py:496} INFO - Filling up the DagBag from /home/airflow/.local/lib/python3.6/site-packages/airflow/example_dags/example_branch_labels.py
[2021-08-07 19:21:39,297] {scheduler_job.py:643} INFO - DAG(s) dict_keys(['example_branch_labels']) retrieved from /home/airflow/.local/lib/python3.6/site-packages/airflow/example_dags/example_branch_labels.py
[2021-08-07 19:21:39,317] {logging_mixin.py:104} INFO - [2021-08-07 19:21:39,317] {dag.py:1833} INFO - Sync 1 DAGs
[2021-08-07 19:21:39,337] {logging_mixin.py:104} INFO - [2021-08-07 19:21:39,337] {dag.py:2306} INFO - Setting next_dagrun for example_branch_labels to 2021-08-05 00:00:00+00:00
[2021-08-07 19:21:39,344] {scheduler_job.py:190} INFO - Processing /home/airflow/.local/lib/python3.6/site-packages/airflow/example_dags/example_branch_labels.py took 0.065 seconds
[2021-08-07 19:22:09,511] {scheduler_job.py:182} INFO - Started process (PID=1014) to work on /home/airflow/.local/lib/python3.6/site-packages/airflow/example_dags/example_branch_labels.py
[2021-08-07 19:22:09,513] {scheduler_job.py:633} INFO - Processing file /home/airflow/.local/lib/python3.6/site-packages/airflow/example_dags/example_branch_labels.py for tasks to queue
[2021-08-07 19:22:09,515] {logging_mixin.py:104} INFO - [2021-08-07 19:22:09,514] {dagbag.py:496} INFO - Filling up the DagBag from /home/airflow/.local/lib/python3.6/site-packages/airflow/example_dags/example_branch_labels.py
[2021-08-07 19:22:09,526] {scheduler_job.py:643} INFO - DAG(s) dict_keys(['example_branch_labels']) retrieved from /home/airflow/.local/lib/python3.6/site-packages/airflow/example_dags/example_branch_labels.py
[2021-08-07 19:22:09,542] {logging_mixin.py:104} INFO - [2021-08-07 19:22:09,542] {dag.py:1833} INFO - Sync 1 DAGs
[2021-08-07 19:22:09,557] {logging_mixin.py:104} INFO - [2021-08-07 19:22:09,556] {dag.py:2306} INFO - Setting next_dagrun for example_branch_labels to 2021-08-05 00:00:00+00:00
[2021-08-07 19:22:09,568] {scheduler_job.py:190} INFO - Processing /home/airflow/.local/lib/python3.6/site-packages/airflow/example_dags/example_branch_labels.py took 0.059 seconds
[2021-08-07 19:22:48,029] {scheduler_job.py:182} INFO - Started process (PID=1053) to work on /home/airflow/.local/lib/python3.6/site-packages/airflow/example_dags/example_branch_labels.py
[2021-08-07 19:22:48,031] {scheduler_job.py:633} INFO - Processing file /home/airflow/.local/lib/python3.6/site-packages/airflow/example_dags/example_branch_labels.py for tasks to queue
[2021-08-07 19:22:48,032] {logging_mixin.py:104} INFO - [2021-08-07 19:22:48,032] {dagbag.py:496} INFO - Filling up the DagBag from /home/airflow/.local/lib/python3.6/site-packages/airflow/example_dags/example_branch_labels.py
[2021-08-07 19:22:48,047] {scheduler_job.py:643} INFO - DAG(s) dict_keys(['example_branch_labels']) retrieved from /home/airflow/.local/lib/python3.6/site-packages/airflow/example_dags/example_branch_labels.py
[2021-08-07 19:22:48,071] {logging_mixin.py:104} INFO - [2021-08-07 19:22:48,071] {dag.py:1833} INFO - Sync 1 DAGs
[2021-08-07 19:22:48,093] {logging_mixin.py:104} INFO - [2021-08-07 19:22:48,093] {dag.py:2306} INFO - Setting next_dagrun for example_branch_labels to 2021-08-05 00:00:00+00:00
[2021-08-07 19:22:48,103] {scheduler_job.py:190} INFO - Processing /home/airflow/.local/lib/python3.6/site-packages/airflow/example_dags/example_branch_labels.py took 0.077 seconds
[2021-08-07 19:23:18,466] {scheduler_job.py:182} INFO - Started process (PID=1110) to work on /home/airflow/.local/lib/python3.6/site-packages/airflow/example_dags/example_branch_labels.py
[2021-08-07 19:23:18,467] {scheduler_job.py:633} INFO - Processing file /home/airflow/.local/lib/python3.6/site-packages/airflow/example_dags/example_branch_labels.py for tasks to queue
[2021-08-07 19:23:18,468] {logging_mixin.py:104} INFO - [2021-08-07 19:23:18,468] {dagbag.py:496} INFO - Filling up the DagBag from /home/airflow/.local/lib/python3.6/site-packages/airflow/example_dags/example_branch_labels.py
[2021-08-07 19:23:18,477] {scheduler_job.py:643} INFO - DAG(s) dict_keys(['example_branch_labels']) retrieved from /home/airflow/.local/lib/python3.6/site-packages/airflow/example_dags/example_branch_labels.py
[2021-08-07 19:23:18,496] {logging_mixin.py:104} INFO - [2021-08-07 19:23:18,496] {dag.py:1833} INFO - Sync 1 DAGs
[2021-08-07 19:23:18,516] {logging_mixin.py:104} INFO - [2021-08-07 19:23:18,516] {dag.py:2306} INFO - Setting next_dagrun for example_branch_labels to 2021-08-05 00:00:00+00:00
[2021-08-07 19:23:18,525] {scheduler_job.py:190} INFO - Processing /home/airflow/.local/lib/python3.6/site-packages/airflow/example_dags/example_branch_labels.py took 0.061 seconds
[2021-08-07 19:23:48,711] {scheduler_job.py:182} INFO - Started process (PID=1171) to work on /home/airflow/.local/lib/python3.6/site-packages/airflow/example_dags/example_branch_labels.py
[2021-08-07 19:23:48,711] {scheduler_job.py:633} INFO - Processing file /home/airflow/.local/lib/python3.6/site-packages/airflow/example_dags/example_branch_labels.py for tasks to queue
[2021-08-07 19:23:48,712] {logging_mixin.py:104} INFO - [2021-08-07 19:23:48,712] {dagbag.py:496} INFO - Filling up the DagBag from /home/airflow/.local/lib/python3.6/site-packages/airflow/example_dags/example_branch_labels.py
[2021-08-07 19:23:48,723] {scheduler_job.py:643} INFO - DAG(s) dict_keys(['example_branch_labels']) retrieved from /home/airflow/.local/lib/python3.6/site-packages/airflow/example_dags/example_branch_labels.py
[2021-08-07 19:23:48,742] {logging_mixin.py:104} INFO - [2021-08-07 19:23:48,742] {dag.py:1833} INFO - Sync 1 DAGs
[2021-08-07 19:23:48,760] {logging_mixin.py:104} INFO - [2021-08-07 19:23:48,760] {dag.py:2306} INFO - Setting next_dagrun for example_branch_labels to 2021-08-05 00:00:00+00:00
[2021-08-07 19:23:48,767] {scheduler_job.py:190} INFO - Processing /home/airflow/.local/lib/python3.6/site-packages/airflow/example_dags/example_branch_labels.py took 0.058 seconds
[2021-08-07 19:24:19,466] {scheduler_job.py:182} INFO - Started process (PID=1224) to work on /home/airflow/.local/lib/python3.6/site-packages/airflow/example_dags/example_branch_labels.py
[2021-08-07 19:24:19,466] {scheduler_job.py:633} INFO - Processing file /home/airflow/.local/lib/python3.6/site-packages/airflow/example_dags/example_branch_labels.py for tasks to queue
[2021-08-07 19:24:19,467] {logging_mixin.py:104} INFO - [2021-08-07 19:24:19,467] {dagbag.py:496} INFO - Filling up the DagBag from /home/airflow/.local/lib/python3.6/site-packages/airflow/example_dags/example_branch_labels.py
[2021-08-07 19:24:19,479] {scheduler_job.py:643} INFO - DAG(s) dict_keys(['example_branch_labels']) retrieved from /home/airflow/.local/lib/python3.6/site-packages/airflow/example_dags/example_branch_labels.py
[2021-08-07 19:24:19,499] {logging_mixin.py:104} INFO - [2021-08-07 19:24:19,499] {dag.py:1833} INFO - Sync 1 DAGs
[2021-08-07 19:24:19,516] {logging_mixin.py:104} INFO - [2021-08-07 19:24:19,516] {dag.py:2306} INFO - Setting next_dagrun for example_branch_labels to 2021-08-05 00:00:00+00:00
[2021-08-07 19:24:19,523] {scheduler_job.py:190} INFO - Processing /home/airflow/.local/lib/python3.6/site-packages/airflow/example_dags/example_branch_labels.py took 0.060 seconds
[2021-08-07 19:24:50,281] {scheduler_job.py:182} INFO - Started process (PID=1288) to work on /home/airflow/.local/lib/python3.6/site-packages/airflow/example_dags/example_branch_labels.py
[2021-08-07 19:24:50,282] {scheduler_job.py:633} INFO - Processing file /home/airflow/.local/lib/python3.6/site-packages/airflow/example_dags/example_branch_labels.py for tasks to queue
[2021-08-07 19:24:50,283] {logging_mixin.py:104} INFO - [2021-08-07 19:24:50,283] {dagbag.py:496} INFO - Filling up the DagBag from /home/airflow/.local/lib/python3.6/site-packages/airflow/example_dags/example_branch_labels.py
[2021-08-07 19:24:50,292] {scheduler_job.py:643} INFO - DAG(s) dict_keys(['example_branch_labels']) retrieved from /home/airflow/.local/lib/python3.6/site-packages/airflow/example_dags/example_branch_labels.py
[2021-08-07 19:24:50,308] {logging_mixin.py:104} INFO - [2021-08-07 19:24:50,308] {dag.py:1833} INFO - Sync 1 DAGs
[2021-08-07 19:24:50,324] {logging_mixin.py:104} INFO - [2021-08-07 19:24:50,324] {dag.py:2306} INFO - Setting next_dagrun for example_branch_labels to 2021-08-05 00:00:00+00:00
[2021-08-07 19:24:50,332] {scheduler_job.py:190} INFO - Processing /home/airflow/.local/lib/python3.6/site-packages/airflow/example_dags/example_branch_labels.py took 0.053 seconds
