[2021-08-07 19:16:14,507] {scheduler_job.py:182} INFO - Started process (PID=273) to work on /home/airflow/.local/lib/python3.6/site-packages/airflow/example_dags/example_trigger_controller_dag.py
[2021-08-07 19:16:14,509] {scheduler_job.py:633} INFO - Processing file /home/airflow/.local/lib/python3.6/site-packages/airflow/example_dags/example_trigger_controller_dag.py for tasks to queue
[2021-08-07 19:16:14,510] {logging_mixin.py:104} INFO - [2021-08-07 19:16:14,509] {dagbag.py:496} INFO - Filling up the DagBag from /home/airflow/.local/lib/python3.6/site-packages/airflow/example_dags/example_trigger_controller_dag.py
[2021-08-07 19:16:14,537] {scheduler_job.py:643} INFO - DAG(s) dict_keys(['example_trigger_controller_dag']) retrieved from /home/airflow/.local/lib/python3.6/site-packages/airflow/example_dags/example_trigger_controller_dag.py
[2021-08-07 19:16:17,822] {logging_mixin.py:104} INFO - [2021-08-07 19:16:17,820] {dag.py:1833} INFO - Sync 1 DAGs
[2021-08-07 19:16:17,860] {logging_mixin.py:104} INFO - [2021-08-07 19:16:17,858] {dag.py:1852} INFO - Creating ORM DAG for example_trigger_controller_dag
[2021-08-07 19:16:17,872] {logging_mixin.py:104} INFO - [2021-08-07 19:16:17,872] {dag.py:2306} INFO - Setting next_dagrun for example_trigger_controller_dag to 2021-08-05 00:00:00+00:00
[2021-08-07 19:16:17,886] {scheduler_job.py:190} INFO - Processing /home/airflow/.local/lib/python3.6/site-packages/airflow/example_dags/example_trigger_controller_dag.py took 3.382 seconds
[2021-08-07 19:16:48,612] {scheduler_job.py:182} INFO - Started process (PID=382) to work on /home/airflow/.local/lib/python3.6/site-packages/airflow/example_dags/example_trigger_controller_dag.py
[2021-08-07 19:16:48,613] {scheduler_job.py:633} INFO - Processing file /home/airflow/.local/lib/python3.6/site-packages/airflow/example_dags/example_trigger_controller_dag.py for tasks to queue
[2021-08-07 19:16:48,614] {logging_mixin.py:104} INFO - [2021-08-07 19:16:48,614] {dagbag.py:496} INFO - Filling up the DagBag from /home/airflow/.local/lib/python3.6/site-packages/airflow/example_dags/example_trigger_controller_dag.py
[2021-08-07 19:16:48,631] {scheduler_job.py:643} INFO - DAG(s) dict_keys(['example_trigger_controller_dag']) retrieved from /home/airflow/.local/lib/python3.6/site-packages/airflow/example_dags/example_trigger_controller_dag.py
[2021-08-07 19:16:48,657] {logging_mixin.py:104} INFO - [2021-08-07 19:16:48,657] {dag.py:1833} INFO - Sync 1 DAGs
[2021-08-07 19:16:48,678] {logging_mixin.py:104} INFO - [2021-08-07 19:16:48,677] {dag.py:2306} INFO - Setting next_dagrun for example_trigger_controller_dag to 2021-08-05 00:00:00+00:00
[2021-08-07 19:16:48,691] {scheduler_job.py:190} INFO - Processing /home/airflow/.local/lib/python3.6/site-packages/airflow/example_dags/example_trigger_controller_dag.py took 0.083 seconds
[2021-08-07 19:17:18,775] {scheduler_job.py:182} INFO - Started process (PID=452) to work on /home/airflow/.local/lib/python3.6/site-packages/airflow/example_dags/example_trigger_controller_dag.py
[2021-08-07 19:17:18,776] {scheduler_job.py:633} INFO - Processing file /home/airflow/.local/lib/python3.6/site-packages/airflow/example_dags/example_trigger_controller_dag.py for tasks to queue
[2021-08-07 19:17:18,777] {logging_mixin.py:104} INFO - [2021-08-07 19:17:18,776] {dagbag.py:496} INFO - Filling up the DagBag from /home/airflow/.local/lib/python3.6/site-packages/airflow/example_dags/example_trigger_controller_dag.py
[2021-08-07 19:17:18,795] {scheduler_job.py:643} INFO - DAG(s) dict_keys(['example_trigger_controller_dag']) retrieved from /home/airflow/.local/lib/python3.6/site-packages/airflow/example_dags/example_trigger_controller_dag.py
[2021-08-07 19:17:18,821] {logging_mixin.py:104} INFO - [2021-08-07 19:17:18,820] {dag.py:1833} INFO - Sync 1 DAGs
[2021-08-07 19:17:18,841] {logging_mixin.py:104} INFO - [2021-08-07 19:17:18,840] {dag.py:2306} INFO - Setting next_dagrun for example_trigger_controller_dag to 2021-08-05 00:00:00+00:00
[2021-08-07 19:17:18,859] {scheduler_job.py:190} INFO - Processing /home/airflow/.local/lib/python3.6/site-packages/airflow/example_dags/example_trigger_controller_dag.py took 0.087 seconds
[2021-08-07 19:17:48,995] {scheduler_job.py:182} INFO - Started process (PID=504) to work on /home/airflow/.local/lib/python3.6/site-packages/airflow/example_dags/example_trigger_controller_dag.py
[2021-08-07 19:17:49,000] {scheduler_job.py:633} INFO - Processing file /home/airflow/.local/lib/python3.6/site-packages/airflow/example_dags/example_trigger_controller_dag.py for tasks to queue
[2021-08-07 19:17:49,001] {logging_mixin.py:104} INFO - [2021-08-07 19:17:49,001] {dagbag.py:496} INFO - Filling up the DagBag from /home/airflow/.local/lib/python3.6/site-packages/airflow/example_dags/example_trigger_controller_dag.py
[2021-08-07 19:17:49,012] {scheduler_job.py:643} INFO - DAG(s) dict_keys(['example_trigger_controller_dag']) retrieved from /home/airflow/.local/lib/python3.6/site-packages/airflow/example_dags/example_trigger_controller_dag.py
[2021-08-07 19:17:49,028] {logging_mixin.py:104} INFO - [2021-08-07 19:17:49,028] {dag.py:1833} INFO - Sync 1 DAGs
[2021-08-07 19:17:49,041] {logging_mixin.py:104} INFO - [2021-08-07 19:17:49,041] {dag.py:2306} INFO - Setting next_dagrun for example_trigger_controller_dag to 2021-08-05 00:00:00+00:00
[2021-08-07 19:17:49,049] {scheduler_job.py:190} INFO - Processing /home/airflow/.local/lib/python3.6/site-packages/airflow/example_dags/example_trigger_controller_dag.py took 0.056 seconds
[2021-08-07 19:18:19,900] {scheduler_job.py:182} INFO - Started process (PID=567) to work on /home/airflow/.local/lib/python3.6/site-packages/airflow/example_dags/example_trigger_controller_dag.py
[2021-08-07 19:18:19,901] {scheduler_job.py:633} INFO - Processing file /home/airflow/.local/lib/python3.6/site-packages/airflow/example_dags/example_trigger_controller_dag.py for tasks to queue
[2021-08-07 19:18:19,902] {logging_mixin.py:104} INFO - [2021-08-07 19:18:19,902] {dagbag.py:496} INFO - Filling up the DagBag from /home/airflow/.local/lib/python3.6/site-packages/airflow/example_dags/example_trigger_controller_dag.py
[2021-08-07 19:18:19,916] {scheduler_job.py:643} INFO - DAG(s) dict_keys(['example_trigger_controller_dag']) retrieved from /home/airflow/.local/lib/python3.6/site-packages/airflow/example_dags/example_trigger_controller_dag.py
[2021-08-07 19:18:19,946] {logging_mixin.py:104} INFO - [2021-08-07 19:18:19,946] {dag.py:1833} INFO - Sync 1 DAGs
[2021-08-07 19:18:19,966] {logging_mixin.py:104} INFO - [2021-08-07 19:18:19,966] {dag.py:2306} INFO - Setting next_dagrun for example_trigger_controller_dag to 2021-08-05 00:00:00+00:00
[2021-08-07 19:18:19,977] {scheduler_job.py:190} INFO - Processing /home/airflow/.local/lib/python3.6/site-packages/airflow/example_dags/example_trigger_controller_dag.py took 0.079 seconds
[2021-08-07 19:18:50,312] {scheduler_job.py:182} INFO - Started process (PID=622) to work on /home/airflow/.local/lib/python3.6/site-packages/airflow/example_dags/example_trigger_controller_dag.py
[2021-08-07 19:18:50,313] {scheduler_job.py:633} INFO - Processing file /home/airflow/.local/lib/python3.6/site-packages/airflow/example_dags/example_trigger_controller_dag.py for tasks to queue
[2021-08-07 19:18:50,314] {logging_mixin.py:104} INFO - [2021-08-07 19:18:50,314] {dagbag.py:496} INFO - Filling up the DagBag from /home/airflow/.local/lib/python3.6/site-packages/airflow/example_dags/example_trigger_controller_dag.py
[2021-08-07 19:18:50,324] {scheduler_job.py:643} INFO - DAG(s) dict_keys(['example_trigger_controller_dag']) retrieved from /home/airflow/.local/lib/python3.6/site-packages/airflow/example_dags/example_trigger_controller_dag.py
[2021-08-07 19:18:50,344] {logging_mixin.py:104} INFO - [2021-08-07 19:18:50,344] {dag.py:1833} INFO - Sync 1 DAGs
[2021-08-07 19:18:50,358] {logging_mixin.py:104} INFO - [2021-08-07 19:18:50,358] {dag.py:2306} INFO - Setting next_dagrun for example_trigger_controller_dag to 2021-08-05 00:00:00+00:00
[2021-08-07 19:18:50,368] {scheduler_job.py:190} INFO - Processing /home/airflow/.local/lib/python3.6/site-packages/airflow/example_dags/example_trigger_controller_dag.py took 0.059 seconds
[2021-08-07 19:19:20,871] {scheduler_job.py:182} INFO - Started process (PID=682) to work on /home/airflow/.local/lib/python3.6/site-packages/airflow/example_dags/example_trigger_controller_dag.py
[2021-08-07 19:19:20,872] {scheduler_job.py:633} INFO - Processing file /home/airflow/.local/lib/python3.6/site-packages/airflow/example_dags/example_trigger_controller_dag.py for tasks to queue
[2021-08-07 19:19:20,873] {logging_mixin.py:104} INFO - [2021-08-07 19:19:20,872] {dagbag.py:496} INFO - Filling up the DagBag from /home/airflow/.local/lib/python3.6/site-packages/airflow/example_dags/example_trigger_controller_dag.py
[2021-08-07 19:19:20,888] {scheduler_job.py:643} INFO - DAG(s) dict_keys(['example_trigger_controller_dag']) retrieved from /home/airflow/.local/lib/python3.6/site-packages/airflow/example_dags/example_trigger_controller_dag.py
[2021-08-07 19:19:20,912] {logging_mixin.py:104} INFO - [2021-08-07 19:19:20,912] {dag.py:1833} INFO - Sync 1 DAGs
[2021-08-07 19:19:20,928] {logging_mixin.py:104} INFO - [2021-08-07 19:19:20,928] {dag.py:2306} INFO - Setting next_dagrun for example_trigger_controller_dag to 2021-08-05 00:00:00+00:00
[2021-08-07 19:19:20,939] {scheduler_job.py:190} INFO - Processing /home/airflow/.local/lib/python3.6/site-packages/airflow/example_dags/example_trigger_controller_dag.py took 0.073 seconds
[2021-08-07 19:19:51,135] {scheduler_job.py:182} INFO - Started process (PID=743) to work on /home/airflow/.local/lib/python3.6/site-packages/airflow/example_dags/example_trigger_controller_dag.py
[2021-08-07 19:19:51,136] {scheduler_job.py:633} INFO - Processing file /home/airflow/.local/lib/python3.6/site-packages/airflow/example_dags/example_trigger_controller_dag.py for tasks to queue
[2021-08-07 19:19:51,137] {logging_mixin.py:104} INFO - [2021-08-07 19:19:51,137] {dagbag.py:496} INFO - Filling up the DagBag from /home/airflow/.local/lib/python3.6/site-packages/airflow/example_dags/example_trigger_controller_dag.py
[2021-08-07 19:19:51,146] {scheduler_job.py:643} INFO - DAG(s) dict_keys(['example_trigger_controller_dag']) retrieved from /home/airflow/.local/lib/python3.6/site-packages/airflow/example_dags/example_trigger_controller_dag.py
[2021-08-07 19:19:51,163] {logging_mixin.py:104} INFO - [2021-08-07 19:19:51,163] {dag.py:1833} INFO - Sync 1 DAGs
[2021-08-07 19:19:51,183] {logging_mixin.py:104} INFO - [2021-08-07 19:19:51,183] {dag.py:2306} INFO - Setting next_dagrun for example_trigger_controller_dag to 2021-08-05 00:00:00+00:00
[2021-08-07 19:19:51,194] {scheduler_job.py:190} INFO - Processing /home/airflow/.local/lib/python3.6/site-packages/airflow/example_dags/example_trigger_controller_dag.py took 0.062 seconds
[2021-08-07 19:20:21,308] {scheduler_job.py:182} INFO - Started process (PID=797) to work on /home/airflow/.local/lib/python3.6/site-packages/airflow/example_dags/example_trigger_controller_dag.py
[2021-08-07 19:20:21,309] {scheduler_job.py:633} INFO - Processing file /home/airflow/.local/lib/python3.6/site-packages/airflow/example_dags/example_trigger_controller_dag.py for tasks to queue
[2021-08-07 19:20:21,310] {logging_mixin.py:104} INFO - [2021-08-07 19:20:21,309] {dagbag.py:496} INFO - Filling up the DagBag from /home/airflow/.local/lib/python3.6/site-packages/airflow/example_dags/example_trigger_controller_dag.py
[2021-08-07 19:20:21,317] {scheduler_job.py:643} INFO - DAG(s) dict_keys(['example_trigger_controller_dag']) retrieved from /home/airflow/.local/lib/python3.6/site-packages/airflow/example_dags/example_trigger_controller_dag.py
[2021-08-07 19:20:21,333] {logging_mixin.py:104} INFO - [2021-08-07 19:20:21,333] {dag.py:1833} INFO - Sync 1 DAGs
[2021-08-07 19:20:21,345] {logging_mixin.py:104} INFO - [2021-08-07 19:20:21,345] {dag.py:2306} INFO - Setting next_dagrun for example_trigger_controller_dag to 2021-08-05 00:00:00+00:00
[2021-08-07 19:20:21,353] {scheduler_job.py:190} INFO - Processing /home/airflow/.local/lib/python3.6/site-packages/airflow/example_dags/example_trigger_controller_dag.py took 0.047 seconds
[2021-08-07 19:20:51,617] {scheduler_job.py:182} INFO - Started process (PID=860) to work on /home/airflow/.local/lib/python3.6/site-packages/airflow/example_dags/example_trigger_controller_dag.py
[2021-08-07 19:20:51,618] {scheduler_job.py:633} INFO - Processing file /home/airflow/.local/lib/python3.6/site-packages/airflow/example_dags/example_trigger_controller_dag.py for tasks to queue
[2021-08-07 19:20:51,619] {logging_mixin.py:104} INFO - [2021-08-07 19:20:51,619] {dagbag.py:496} INFO - Filling up the DagBag from /home/airflow/.local/lib/python3.6/site-packages/airflow/example_dags/example_trigger_controller_dag.py
[2021-08-07 19:20:51,630] {scheduler_job.py:643} INFO - DAG(s) dict_keys(['example_trigger_controller_dag']) retrieved from /home/airflow/.local/lib/python3.6/site-packages/airflow/example_dags/example_trigger_controller_dag.py
[2021-08-07 19:20:51,651] {logging_mixin.py:104} INFO - [2021-08-07 19:20:51,651] {dag.py:1833} INFO - Sync 1 DAGs
[2021-08-07 19:20:51,669] {logging_mixin.py:104} INFO - [2021-08-07 19:20:51,669] {dag.py:2306} INFO - Setting next_dagrun for example_trigger_controller_dag to 2021-08-05 00:00:00+00:00
[2021-08-07 19:20:51,680] {scheduler_job.py:190} INFO - Processing /home/airflow/.local/lib/python3.6/site-packages/airflow/example_dags/example_trigger_controller_dag.py took 0.068 seconds
[2021-08-07 19:21:22,761] {scheduler_job.py:182} INFO - Started process (PID=914) to work on /home/airflow/.local/lib/python3.6/site-packages/airflow/example_dags/example_trigger_controller_dag.py
[2021-08-07 19:21:22,762] {scheduler_job.py:633} INFO - Processing file /home/airflow/.local/lib/python3.6/site-packages/airflow/example_dags/example_trigger_controller_dag.py for tasks to queue
[2021-08-07 19:21:22,763] {logging_mixin.py:104} INFO - [2021-08-07 19:21:22,763] {dagbag.py:496} INFO - Filling up the DagBag from /home/airflow/.local/lib/python3.6/site-packages/airflow/example_dags/example_trigger_controller_dag.py
[2021-08-07 19:21:22,776] {scheduler_job.py:643} INFO - DAG(s) dict_keys(['example_trigger_controller_dag']) retrieved from /home/airflow/.local/lib/python3.6/site-packages/airflow/example_dags/example_trigger_controller_dag.py
[2021-08-07 19:21:22,798] {logging_mixin.py:104} INFO - [2021-08-07 19:21:22,798] {dag.py:1833} INFO - Sync 1 DAGs
[2021-08-07 19:21:22,815] {logging_mixin.py:104} INFO - [2021-08-07 19:21:22,815] {dag.py:2306} INFO - Setting next_dagrun for example_trigger_controller_dag to 2021-08-05 00:00:00+00:00
[2021-08-07 19:21:22,828] {scheduler_job.py:190} INFO - Processing /home/airflow/.local/lib/python3.6/site-packages/airflow/example_dags/example_trigger_controller_dag.py took 0.069 seconds
[2021-08-07 19:21:53,774] {scheduler_job.py:182} INFO - Started process (PID=977) to work on /home/airflow/.local/lib/python3.6/site-packages/airflow/example_dags/example_trigger_controller_dag.py
[2021-08-07 19:21:53,775] {scheduler_job.py:633} INFO - Processing file /home/airflow/.local/lib/python3.6/site-packages/airflow/example_dags/example_trigger_controller_dag.py for tasks to queue
[2021-08-07 19:21:53,776] {logging_mixin.py:104} INFO - [2021-08-07 19:21:53,776] {dagbag.py:496} INFO - Filling up the DagBag from /home/airflow/.local/lib/python3.6/site-packages/airflow/example_dags/example_trigger_controller_dag.py
[2021-08-07 19:21:53,788] {scheduler_job.py:643} INFO - DAG(s) dict_keys(['example_trigger_controller_dag']) retrieved from /home/airflow/.local/lib/python3.6/site-packages/airflow/example_dags/example_trigger_controller_dag.py
[2021-08-07 19:21:53,818] {logging_mixin.py:104} INFO - [2021-08-07 19:21:53,818] {dag.py:1833} INFO - Sync 1 DAGs
[2021-08-07 19:21:53,843] {logging_mixin.py:104} INFO - [2021-08-07 19:21:53,843] {dag.py:2306} INFO - Setting next_dagrun for example_trigger_controller_dag to 2021-08-05 00:00:00+00:00
[2021-08-07 19:21:53,854] {scheduler_job.py:190} INFO - Processing /home/airflow/.local/lib/python3.6/site-packages/airflow/example_dags/example_trigger_controller_dag.py took 0.083 seconds
[2021-08-07 19:22:48,854] {scheduler_job.py:182} INFO - Started process (PID=1064) to work on /home/airflow/.local/lib/python3.6/site-packages/airflow/example_dags/example_trigger_controller_dag.py
[2021-08-07 19:22:48,857] {scheduler_job.py:633} INFO - Processing file /home/airflow/.local/lib/python3.6/site-packages/airflow/example_dags/example_trigger_controller_dag.py for tasks to queue
[2021-08-07 19:22:48,858] {logging_mixin.py:104} INFO - [2021-08-07 19:22:48,857] {dagbag.py:496} INFO - Filling up the DagBag from /home/airflow/.local/lib/python3.6/site-packages/airflow/example_dags/example_trigger_controller_dag.py
[2021-08-07 19:22:48,872] {scheduler_job.py:643} INFO - DAG(s) dict_keys(['example_trigger_controller_dag']) retrieved from /home/airflow/.local/lib/python3.6/site-packages/airflow/example_dags/example_trigger_controller_dag.py
[2021-08-07 19:22:48,893] {logging_mixin.py:104} INFO - [2021-08-07 19:22:48,893] {dag.py:1833} INFO - Sync 1 DAGs
[2021-08-07 19:22:48,913] {logging_mixin.py:104} INFO - [2021-08-07 19:22:48,913] {dag.py:2306} INFO - Setting next_dagrun for example_trigger_controller_dag to 2021-08-05 00:00:00+00:00
[2021-08-07 19:22:48,925] {scheduler_job.py:190} INFO - Processing /home/airflow/.local/lib/python3.6/site-packages/airflow/example_dags/example_trigger_controller_dag.py took 0.075 seconds
[2021-08-07 19:23:19,087] {scheduler_job.py:182} INFO - Started process (PID=1116) to work on /home/airflow/.local/lib/python3.6/site-packages/airflow/example_dags/example_trigger_controller_dag.py
[2021-08-07 19:23:19,088] {scheduler_job.py:633} INFO - Processing file /home/airflow/.local/lib/python3.6/site-packages/airflow/example_dags/example_trigger_controller_dag.py for tasks to queue
[2021-08-07 19:23:19,088] {logging_mixin.py:104} INFO - [2021-08-07 19:23:19,088] {dagbag.py:496} INFO - Filling up the DagBag from /home/airflow/.local/lib/python3.6/site-packages/airflow/example_dags/example_trigger_controller_dag.py
[2021-08-07 19:23:19,097] {scheduler_job.py:643} INFO - DAG(s) dict_keys(['example_trigger_controller_dag']) retrieved from /home/airflow/.local/lib/python3.6/site-packages/airflow/example_dags/example_trigger_controller_dag.py
[2021-08-07 19:23:19,115] {logging_mixin.py:104} INFO - [2021-08-07 19:23:19,115] {dag.py:1833} INFO - Sync 1 DAGs
[2021-08-07 19:23:19,128] {logging_mixin.py:104} INFO - [2021-08-07 19:23:19,128] {dag.py:2306} INFO - Setting next_dagrun for example_trigger_controller_dag to 2021-08-05 00:00:00+00:00
[2021-08-07 19:23:19,138] {scheduler_job.py:190} INFO - Processing /home/airflow/.local/lib/python3.6/site-packages/airflow/example_dags/example_trigger_controller_dag.py took 0.055 seconds
[2021-08-07 19:23:50,318] {scheduler_job.py:182} INFO - Started process (PID=1178) to work on /home/airflow/.local/lib/python3.6/site-packages/airflow/example_dags/example_trigger_controller_dag.py
[2021-08-07 19:23:50,319] {scheduler_job.py:633} INFO - Processing file /home/airflow/.local/lib/python3.6/site-packages/airflow/example_dags/example_trigger_controller_dag.py for tasks to queue
[2021-08-07 19:23:50,320] {logging_mixin.py:104} INFO - [2021-08-07 19:23:50,319] {dagbag.py:496} INFO - Filling up the DagBag from /home/airflow/.local/lib/python3.6/site-packages/airflow/example_dags/example_trigger_controller_dag.py
[2021-08-07 19:23:50,328] {scheduler_job.py:643} INFO - DAG(s) dict_keys(['example_trigger_controller_dag']) retrieved from /home/airflow/.local/lib/python3.6/site-packages/airflow/example_dags/example_trigger_controller_dag.py
[2021-08-07 19:23:50,344] {logging_mixin.py:104} INFO - [2021-08-07 19:23:50,343] {dag.py:1833} INFO - Sync 1 DAGs
[2021-08-07 19:23:50,356] {logging_mixin.py:104} INFO - [2021-08-07 19:23:50,356] {dag.py:2306} INFO - Setting next_dagrun for example_trigger_controller_dag to 2021-08-05 00:00:00+00:00
[2021-08-07 19:23:50,364] {scheduler_job.py:190} INFO - Processing /home/airflow/.local/lib/python3.6/site-packages/airflow/example_dags/example_trigger_controller_dag.py took 0.049 seconds
[2021-08-07 19:24:21,011] {scheduler_job.py:182} INFO - Started process (PID=1231) to work on /home/airflow/.local/lib/python3.6/site-packages/airflow/example_dags/example_trigger_controller_dag.py
[2021-08-07 19:24:21,012] {scheduler_job.py:633} INFO - Processing file /home/airflow/.local/lib/python3.6/site-packages/airflow/example_dags/example_trigger_controller_dag.py for tasks to queue
[2021-08-07 19:24:21,012] {logging_mixin.py:104} INFO - [2021-08-07 19:24:21,012] {dagbag.py:496} INFO - Filling up the DagBag from /home/airflow/.local/lib/python3.6/site-packages/airflow/example_dags/example_trigger_controller_dag.py
[2021-08-07 19:24:21,020] {scheduler_job.py:643} INFO - DAG(s) dict_keys(['example_trigger_controller_dag']) retrieved from /home/airflow/.local/lib/python3.6/site-packages/airflow/example_dags/example_trigger_controller_dag.py
[2021-08-07 19:24:21,035] {logging_mixin.py:104} INFO - [2021-08-07 19:24:21,035] {dag.py:1833} INFO - Sync 1 DAGs
[2021-08-07 19:24:21,048] {logging_mixin.py:104} INFO - [2021-08-07 19:24:21,047] {dag.py:2306} INFO - Setting next_dagrun for example_trigger_controller_dag to 2021-08-05 00:00:00+00:00
[2021-08-07 19:24:21,056] {scheduler_job.py:190} INFO - Processing /home/airflow/.local/lib/python3.6/site-packages/airflow/example_dags/example_trigger_controller_dag.py took 0.047 seconds
[2021-08-07 19:24:51,827] {scheduler_job.py:182} INFO - Started process (PID=1295) to work on /home/airflow/.local/lib/python3.6/site-packages/airflow/example_dags/example_trigger_controller_dag.py
[2021-08-07 19:24:51,827] {scheduler_job.py:633} INFO - Processing file /home/airflow/.local/lib/python3.6/site-packages/airflow/example_dags/example_trigger_controller_dag.py for tasks to queue
[2021-08-07 19:24:51,828] {logging_mixin.py:104} INFO - [2021-08-07 19:24:51,828] {dagbag.py:496} INFO - Filling up the DagBag from /home/airflow/.local/lib/python3.6/site-packages/airflow/example_dags/example_trigger_controller_dag.py
[2021-08-07 19:24:51,838] {scheduler_job.py:643} INFO - DAG(s) dict_keys(['example_trigger_controller_dag']) retrieved from /home/airflow/.local/lib/python3.6/site-packages/airflow/example_dags/example_trigger_controller_dag.py
[2021-08-07 19:24:51,853] {logging_mixin.py:104} INFO - [2021-08-07 19:24:51,853] {dag.py:1833} INFO - Sync 1 DAGs
[2021-08-07 19:24:51,865] {logging_mixin.py:104} INFO - [2021-08-07 19:24:51,865] {dag.py:2306} INFO - Setting next_dagrun for example_trigger_controller_dag to 2021-08-05 00:00:00+00:00
[2021-08-07 19:24:51,872] {scheduler_job.py:190} INFO - Processing /home/airflow/.local/lib/python3.6/site-packages/airflow/example_dags/example_trigger_controller_dag.py took 0.048 seconds
