[2021-08-07 19:15:45,144] {scheduler_job.py:182} INFO - Started process (PID=91) to work on /home/airflow/.local/lib/python3.6/site-packages/airflow/example_dags/example_short_circuit_operator.py
[2021-08-07 19:15:45,146] {scheduler_job.py:633} INFO - Processing file /home/airflow/.local/lib/python3.6/site-packages/airflow/example_dags/example_short_circuit_operator.py for tasks to queue
[2021-08-07 19:15:45,147] {logging_mixin.py:104} INFO - [2021-08-07 19:15:45,146] {dagbag.py:496} INFO - Filling up the DagBag from /home/airflow/.local/lib/python3.6/site-packages/airflow/example_dags/example_short_circuit_operator.py
[2021-08-07 19:15:45,164] {scheduler_job.py:643} INFO - DAG(s) dict_keys(['example_short_circuit_operator']) retrieved from /home/airflow/.local/lib/python3.6/site-packages/airflow/example_dags/example_short_circuit_operator.py
[2021-08-07 19:15:48,127] {logging_mixin.py:104} INFO - [2021-08-07 19:15:48,126] {dag.py:1833} INFO - Sync 1 DAGs
[2021-08-07 19:15:48,143] {logging_mixin.py:104} INFO - [2021-08-07 19:15:48,140] {dag.py:1852} INFO - Creating ORM DAG for example_short_circuit_operator
[2021-08-07 19:15:48,151] {logging_mixin.py:104} INFO - [2021-08-07 19:15:48,151] {dag.py:2306} INFO - Setting next_dagrun for example_short_circuit_operator to 2021-08-05 00:00:00+00:00
[2021-08-07 19:15:48,170] {scheduler_job.py:190} INFO - Processing /home/airflow/.local/lib/python3.6/site-packages/airflow/example_dags/example_short_circuit_operator.py took 3.030 seconds
[2021-08-07 19:16:28,600] {scheduler_job.py:182} INFO - Started process (PID=357) to work on /home/airflow/.local/lib/python3.6/site-packages/airflow/example_dags/example_short_circuit_operator.py
[2021-08-07 19:16:28,601] {scheduler_job.py:633} INFO - Processing file /home/airflow/.local/lib/python3.6/site-packages/airflow/example_dags/example_short_circuit_operator.py for tasks to queue
[2021-08-07 19:16:28,602] {logging_mixin.py:104} INFO - [2021-08-07 19:16:28,602] {dagbag.py:496} INFO - Filling up the DagBag from /home/airflow/.local/lib/python3.6/site-packages/airflow/example_dags/example_short_circuit_operator.py
[2021-08-07 19:16:28,623] {scheduler_job.py:643} INFO - DAG(s) dict_keys(['example_short_circuit_operator']) retrieved from /home/airflow/.local/lib/python3.6/site-packages/airflow/example_dags/example_short_circuit_operator.py
[2021-08-07 19:16:28,651] {logging_mixin.py:104} INFO - [2021-08-07 19:16:28,651] {dag.py:1833} INFO - Sync 1 DAGs
[2021-08-07 19:16:28,673] {logging_mixin.py:104} INFO - [2021-08-07 19:16:28,672] {dag.py:2306} INFO - Setting next_dagrun for example_short_circuit_operator to 2021-08-05 00:00:00+00:00
[2021-08-07 19:16:28,687] {scheduler_job.py:190} INFO - Processing /home/airflow/.local/lib/python3.6/site-packages/airflow/example_dags/example_short_circuit_operator.py took 0.091 seconds
[2021-08-07 19:16:58,817] {scheduler_job.py:182} INFO - Started process (PID=413) to work on /home/airflow/.local/lib/python3.6/site-packages/airflow/example_dags/example_short_circuit_operator.py
[2021-08-07 19:16:58,819] {scheduler_job.py:633} INFO - Processing file /home/airflow/.local/lib/python3.6/site-packages/airflow/example_dags/example_short_circuit_operator.py for tasks to queue
[2021-08-07 19:16:58,820] {logging_mixin.py:104} INFO - [2021-08-07 19:16:58,820] {dagbag.py:496} INFO - Filling up the DagBag from /home/airflow/.local/lib/python3.6/site-packages/airflow/example_dags/example_short_circuit_operator.py
[2021-08-07 19:16:58,844] {scheduler_job.py:643} INFO - DAG(s) dict_keys(['example_short_circuit_operator']) retrieved from /home/airflow/.local/lib/python3.6/site-packages/airflow/example_dags/example_short_circuit_operator.py
[2021-08-07 19:16:58,874] {logging_mixin.py:104} INFO - [2021-08-07 19:16:58,874] {dag.py:1833} INFO - Sync 1 DAGs
[2021-08-07 19:16:58,897] {logging_mixin.py:104} INFO - [2021-08-07 19:16:58,897] {dag.py:2306} INFO - Setting next_dagrun for example_short_circuit_operator to 2021-08-05 00:00:00+00:00
[2021-08-07 19:16:58,911] {scheduler_job.py:190} INFO - Processing /home/airflow/.local/lib/python3.6/site-packages/airflow/example_dags/example_short_circuit_operator.py took 0.098 seconds
[2021-08-07 19:17:29,989] {scheduler_job.py:182} INFO - Started process (PID=474) to work on /home/airflow/.local/lib/python3.6/site-packages/airflow/example_dags/example_short_circuit_operator.py
[2021-08-07 19:17:29,996] {scheduler_job.py:633} INFO - Processing file /home/airflow/.local/lib/python3.6/site-packages/airflow/example_dags/example_short_circuit_operator.py for tasks to queue
[2021-08-07 19:17:29,997] {logging_mixin.py:104} INFO - [2021-08-07 19:17:29,996] {dagbag.py:496} INFO - Filling up the DagBag from /home/airflow/.local/lib/python3.6/site-packages/airflow/example_dags/example_short_circuit_operator.py
[2021-08-07 19:17:30,044] {scheduler_job.py:643} INFO - DAG(s) dict_keys(['example_short_circuit_operator']) retrieved from /home/airflow/.local/lib/python3.6/site-packages/airflow/example_dags/example_short_circuit_operator.py
[2021-08-07 19:17:30,133] {logging_mixin.py:104} INFO - [2021-08-07 19:17:30,133] {dag.py:1833} INFO - Sync 1 DAGs
[2021-08-07 19:17:30,167] {logging_mixin.py:104} INFO - [2021-08-07 19:17:30,167] {dag.py:2306} INFO - Setting next_dagrun for example_short_circuit_operator to 2021-08-05 00:00:00+00:00
[2021-08-07 19:17:30,195] {scheduler_job.py:190} INFO - Processing /home/airflow/.local/lib/python3.6/site-packages/airflow/example_dags/example_short_circuit_operator.py took 0.216 seconds
[2021-08-07 19:18:01,108] {scheduler_job.py:182} INFO - Started process (PID=528) to work on /home/airflow/.local/lib/python3.6/site-packages/airflow/example_dags/example_short_circuit_operator.py
[2021-08-07 19:18:01,117] {scheduler_job.py:633} INFO - Processing file /home/airflow/.local/lib/python3.6/site-packages/airflow/example_dags/example_short_circuit_operator.py for tasks to queue
[2021-08-07 19:18:01,119] {logging_mixin.py:104} INFO - [2021-08-07 19:18:01,118] {dagbag.py:496} INFO - Filling up the DagBag from /home/airflow/.local/lib/python3.6/site-packages/airflow/example_dags/example_short_circuit_operator.py
[2021-08-07 19:18:01,140] {scheduler_job.py:643} INFO - DAG(s) dict_keys(['example_short_circuit_operator']) retrieved from /home/airflow/.local/lib/python3.6/site-packages/airflow/example_dags/example_short_circuit_operator.py
[2021-08-07 19:18:01,177] {logging_mixin.py:104} INFO - [2021-08-07 19:18:01,177] {dag.py:1833} INFO - Sync 1 DAGs
[2021-08-07 19:18:01,202] {logging_mixin.py:104} INFO - [2021-08-07 19:18:01,201] {dag.py:2306} INFO - Setting next_dagrun for example_short_circuit_operator to 2021-08-05 00:00:00+00:00
[2021-08-07 19:18:01,215] {scheduler_job.py:190} INFO - Processing /home/airflow/.local/lib/python3.6/site-packages/airflow/example_dags/example_short_circuit_operator.py took 0.112 seconds
[2021-08-07 19:18:32,027] {scheduler_job.py:182} INFO - Started process (PID=589) to work on /home/airflow/.local/lib/python3.6/site-packages/airflow/example_dags/example_short_circuit_operator.py
[2021-08-07 19:18:32,032] {scheduler_job.py:633} INFO - Processing file /home/airflow/.local/lib/python3.6/site-packages/airflow/example_dags/example_short_circuit_operator.py for tasks to queue
[2021-08-07 19:18:32,033] {logging_mixin.py:104} INFO - [2021-08-07 19:18:32,032] {dagbag.py:496} INFO - Filling up the DagBag from /home/airflow/.local/lib/python3.6/site-packages/airflow/example_dags/example_short_circuit_operator.py
[2021-08-07 19:18:32,058] {scheduler_job.py:643} INFO - DAG(s) dict_keys(['example_short_circuit_operator']) retrieved from /home/airflow/.local/lib/python3.6/site-packages/airflow/example_dags/example_short_circuit_operator.py
[2021-08-07 19:18:32,091] {logging_mixin.py:104} INFO - [2021-08-07 19:18:32,090] {dag.py:1833} INFO - Sync 1 DAGs
[2021-08-07 19:18:32,116] {logging_mixin.py:104} INFO - [2021-08-07 19:18:32,116] {dag.py:2306} INFO - Setting next_dagrun for example_short_circuit_operator to 2021-08-05 00:00:00+00:00
[2021-08-07 19:18:32,131] {scheduler_job.py:190} INFO - Processing /home/airflow/.local/lib/python3.6/site-packages/airflow/example_dags/example_short_circuit_operator.py took 0.108 seconds
[2021-08-07 19:19:02,309] {scheduler_job.py:182} INFO - Started process (PID=647) to work on /home/airflow/.local/lib/python3.6/site-packages/airflow/example_dags/example_short_circuit_operator.py
[2021-08-07 19:19:02,310] {scheduler_job.py:633} INFO - Processing file /home/airflow/.local/lib/python3.6/site-packages/airflow/example_dags/example_short_circuit_operator.py for tasks to queue
[2021-08-07 19:19:02,311] {logging_mixin.py:104} INFO - [2021-08-07 19:19:02,311] {dagbag.py:496} INFO - Filling up the DagBag from /home/airflow/.local/lib/python3.6/site-packages/airflow/example_dags/example_short_circuit_operator.py
[2021-08-07 19:19:02,327] {scheduler_job.py:643} INFO - DAG(s) dict_keys(['example_short_circuit_operator']) retrieved from /home/airflow/.local/lib/python3.6/site-packages/airflow/example_dags/example_short_circuit_operator.py
[2021-08-07 19:19:02,360] {logging_mixin.py:104} INFO - [2021-08-07 19:19:02,359] {dag.py:1833} INFO - Sync 1 DAGs
[2021-08-07 19:19:02,381] {logging_mixin.py:104} INFO - [2021-08-07 19:19:02,381] {dag.py:2306} INFO - Setting next_dagrun for example_short_circuit_operator to 2021-08-05 00:00:00+00:00
[2021-08-07 19:19:02,395] {scheduler_job.py:190} INFO - Processing /home/airflow/.local/lib/python3.6/site-packages/airflow/example_dags/example_short_circuit_operator.py took 0.090 seconds
[2021-08-07 19:19:32,718] {scheduler_job.py:182} INFO - Started process (PID=700) to work on /home/airflow/.local/lib/python3.6/site-packages/airflow/example_dags/example_short_circuit_operator.py
[2021-08-07 19:19:32,720] {scheduler_job.py:633} INFO - Processing file /home/airflow/.local/lib/python3.6/site-packages/airflow/example_dags/example_short_circuit_operator.py for tasks to queue
[2021-08-07 19:19:32,722] {logging_mixin.py:104} INFO - [2021-08-07 19:19:32,721] {dagbag.py:496} INFO - Filling up the DagBag from /home/airflow/.local/lib/python3.6/site-packages/airflow/example_dags/example_short_circuit_operator.py
[2021-08-07 19:19:32,744] {scheduler_job.py:643} INFO - DAG(s) dict_keys(['example_short_circuit_operator']) retrieved from /home/airflow/.local/lib/python3.6/site-packages/airflow/example_dags/example_short_circuit_operator.py
[2021-08-07 19:19:32,775] {logging_mixin.py:104} INFO - [2021-08-07 19:19:32,775] {dag.py:1833} INFO - Sync 1 DAGs
[2021-08-07 19:19:32,796] {logging_mixin.py:104} INFO - [2021-08-07 19:19:32,795] {dag.py:2306} INFO - Setting next_dagrun for example_short_circuit_operator to 2021-08-05 00:00:00+00:00
[2021-08-07 19:19:32,808] {scheduler_job.py:190} INFO - Processing /home/airflow/.local/lib/python3.6/site-packages/airflow/example_dags/example_short_circuit_operator.py took 0.094 seconds
[2021-08-07 19:20:02,871] {scheduler_job.py:182} INFO - Started process (PID=767) to work on /home/airflow/.local/lib/python3.6/site-packages/airflow/example_dags/example_short_circuit_operator.py
[2021-08-07 19:20:02,872] {scheduler_job.py:633} INFO - Processing file /home/airflow/.local/lib/python3.6/site-packages/airflow/example_dags/example_short_circuit_operator.py for tasks to queue
[2021-08-07 19:20:02,872] {logging_mixin.py:104} INFO - [2021-08-07 19:20:02,872] {dagbag.py:496} INFO - Filling up the DagBag from /home/airflow/.local/lib/python3.6/site-packages/airflow/example_dags/example_short_circuit_operator.py
[2021-08-07 19:20:02,893] {scheduler_job.py:643} INFO - DAG(s) dict_keys(['example_short_circuit_operator']) retrieved from /home/airflow/.local/lib/python3.6/site-packages/airflow/example_dags/example_short_circuit_operator.py
[2021-08-07 19:20:02,917] {logging_mixin.py:104} INFO - [2021-08-07 19:20:02,917] {dag.py:1833} INFO - Sync 1 DAGs
[2021-08-07 19:20:02,935] {logging_mixin.py:104} INFO - [2021-08-07 19:20:02,935] {dag.py:2306} INFO - Setting next_dagrun for example_short_circuit_operator to 2021-08-05 00:00:00+00:00
[2021-08-07 19:20:02,947] {scheduler_job.py:190} INFO - Processing /home/airflow/.local/lib/python3.6/site-packages/airflow/example_dags/example_short_circuit_operator.py took 0.080 seconds
[2021-08-07 19:20:33,103] {scheduler_job.py:182} INFO - Started process (PID=821) to work on /home/airflow/.local/lib/python3.6/site-packages/airflow/example_dags/example_short_circuit_operator.py
[2021-08-07 19:20:33,105] {scheduler_job.py:633} INFO - Processing file /home/airflow/.local/lib/python3.6/site-packages/airflow/example_dags/example_short_circuit_operator.py for tasks to queue
[2021-08-07 19:20:33,106] {logging_mixin.py:104} INFO - [2021-08-07 19:20:33,106] {dagbag.py:496} INFO - Filling up the DagBag from /home/airflow/.local/lib/python3.6/site-packages/airflow/example_dags/example_short_circuit_operator.py
[2021-08-07 19:20:33,125] {scheduler_job.py:643} INFO - DAG(s) dict_keys(['example_short_circuit_operator']) retrieved from /home/airflow/.local/lib/python3.6/site-packages/airflow/example_dags/example_short_circuit_operator.py
[2021-08-07 19:20:33,152] {logging_mixin.py:104} INFO - [2021-08-07 19:20:33,151] {dag.py:1833} INFO - Sync 1 DAGs
[2021-08-07 19:20:33,174] {logging_mixin.py:104} INFO - [2021-08-07 19:20:33,174] {dag.py:2306} INFO - Setting next_dagrun for example_short_circuit_operator to 2021-08-05 00:00:00+00:00
[2021-08-07 19:20:33,188] {scheduler_job.py:190} INFO - Processing /home/airflow/.local/lib/python3.6/site-packages/airflow/example_dags/example_short_circuit_operator.py took 0.089 seconds
[2021-08-07 19:21:03,369] {scheduler_job.py:182} INFO - Started process (PID=884) to work on /home/airflow/.local/lib/python3.6/site-packages/airflow/example_dags/example_short_circuit_operator.py
[2021-08-07 19:21:03,370] {scheduler_job.py:633} INFO - Processing file /home/airflow/.local/lib/python3.6/site-packages/airflow/example_dags/example_short_circuit_operator.py for tasks to queue
[2021-08-07 19:21:03,371] {logging_mixin.py:104} INFO - [2021-08-07 19:21:03,371] {dagbag.py:496} INFO - Filling up the DagBag from /home/airflow/.local/lib/python3.6/site-packages/airflow/example_dags/example_short_circuit_operator.py
[2021-08-07 19:21:03,389] {scheduler_job.py:643} INFO - DAG(s) dict_keys(['example_short_circuit_operator']) retrieved from /home/airflow/.local/lib/python3.6/site-packages/airflow/example_dags/example_short_circuit_operator.py
[2021-08-07 19:21:03,422] {logging_mixin.py:104} INFO - [2021-08-07 19:21:03,422] {dag.py:1833} INFO - Sync 1 DAGs
[2021-08-07 19:21:03,444] {logging_mixin.py:104} INFO - [2021-08-07 19:21:03,444] {dag.py:2306} INFO - Setting next_dagrun for example_short_circuit_operator to 2021-08-05 00:00:00+00:00
[2021-08-07 19:21:03,457] {scheduler_job.py:190} INFO - Processing /home/airflow/.local/lib/python3.6/site-packages/airflow/example_dags/example_short_circuit_operator.py took 0.092 seconds
[2021-08-07 19:21:34,364] {scheduler_job.py:182} INFO - Started process (PID=938) to work on /home/airflow/.local/lib/python3.6/site-packages/airflow/example_dags/example_short_circuit_operator.py
[2021-08-07 19:21:34,365] {scheduler_job.py:633} INFO - Processing file /home/airflow/.local/lib/python3.6/site-packages/airflow/example_dags/example_short_circuit_operator.py for tasks to queue
[2021-08-07 19:21:34,366] {logging_mixin.py:104} INFO - [2021-08-07 19:21:34,366] {dagbag.py:496} INFO - Filling up the DagBag from /home/airflow/.local/lib/python3.6/site-packages/airflow/example_dags/example_short_circuit_operator.py
[2021-08-07 19:21:34,383] {scheduler_job.py:643} INFO - DAG(s) dict_keys(['example_short_circuit_operator']) retrieved from /home/airflow/.local/lib/python3.6/site-packages/airflow/example_dags/example_short_circuit_operator.py
[2021-08-07 19:21:34,405] {logging_mixin.py:104} INFO - [2021-08-07 19:21:34,405] {dag.py:1833} INFO - Sync 1 DAGs
[2021-08-07 19:21:34,423] {logging_mixin.py:104} INFO - [2021-08-07 19:21:34,423] {dag.py:2306} INFO - Setting next_dagrun for example_short_circuit_operator to 2021-08-05 00:00:00+00:00
[2021-08-07 19:21:34,434] {scheduler_job.py:190} INFO - Processing /home/airflow/.local/lib/python3.6/site-packages/airflow/example_dags/example_short_circuit_operator.py took 0.074 seconds
[2021-08-07 19:22:04,581] {scheduler_job.py:182} INFO - Started process (PID=1001) to work on /home/airflow/.local/lib/python3.6/site-packages/airflow/example_dags/example_short_circuit_operator.py
[2021-08-07 19:22:04,583] {scheduler_job.py:633} INFO - Processing file /home/airflow/.local/lib/python3.6/site-packages/airflow/example_dags/example_short_circuit_operator.py for tasks to queue
[2021-08-07 19:22:04,584] {logging_mixin.py:104} INFO - [2021-08-07 19:22:04,584] {dagbag.py:496} INFO - Filling up the DagBag from /home/airflow/.local/lib/python3.6/site-packages/airflow/example_dags/example_short_circuit_operator.py
[2021-08-07 19:22:04,603] {scheduler_job.py:643} INFO - DAG(s) dict_keys(['example_short_circuit_operator']) retrieved from /home/airflow/.local/lib/python3.6/site-packages/airflow/example_dags/example_short_circuit_operator.py
[2021-08-07 19:22:04,627] {logging_mixin.py:104} INFO - [2021-08-07 19:22:04,627] {dag.py:1833} INFO - Sync 1 DAGs
[2021-08-07 19:22:04,650] {logging_mixin.py:104} INFO - [2021-08-07 19:22:04,650] {dag.py:2306} INFO - Setting next_dagrun for example_short_circuit_operator to 2021-08-05 00:00:00+00:00
[2021-08-07 19:22:04,662] {scheduler_job.py:190} INFO - Processing /home/airflow/.local/lib/python3.6/site-packages/airflow/example_dags/example_short_circuit_operator.py took 0.086 seconds
[2021-08-07 19:22:47,504] {scheduler_job.py:182} INFO - Started process (PID=1037) to work on /home/airflow/.local/lib/python3.6/site-packages/airflow/example_dags/example_short_circuit_operator.py
[2021-08-07 19:22:47,506] {scheduler_job.py:633} INFO - Processing file /home/airflow/.local/lib/python3.6/site-packages/airflow/example_dags/example_short_circuit_operator.py for tasks to queue
[2021-08-07 19:22:47,507] {logging_mixin.py:104} INFO - [2021-08-07 19:22:47,506] {dagbag.py:496} INFO - Filling up the DagBag from /home/airflow/.local/lib/python3.6/site-packages/airflow/example_dags/example_short_circuit_operator.py
[2021-08-07 19:22:47,518] {scheduler_job.py:643} INFO - DAG(s) dict_keys(['example_short_circuit_operator']) retrieved from /home/airflow/.local/lib/python3.6/site-packages/airflow/example_dags/example_short_circuit_operator.py
[2021-08-07 19:22:47,545] {logging_mixin.py:104} INFO - [2021-08-07 19:22:47,545] {dag.py:1833} INFO - Sync 1 DAGs
[2021-08-07 19:22:47,566] {logging_mixin.py:104} INFO - [2021-08-07 19:22:47,566] {dag.py:2306} INFO - Setting next_dagrun for example_short_circuit_operator to 2021-08-05 00:00:00+00:00
[2021-08-07 19:22:47,581] {scheduler_job.py:190} INFO - Processing /home/airflow/.local/lib/python3.6/site-packages/airflow/example_dags/example_short_circuit_operator.py took 0.079 seconds
[2021-08-07 19:23:17,996] {scheduler_job.py:182} INFO - Started process (PID=1101) to work on /home/airflow/.local/lib/python3.6/site-packages/airflow/example_dags/example_short_circuit_operator.py
[2021-08-07 19:23:17,997] {scheduler_job.py:633} INFO - Processing file /home/airflow/.local/lib/python3.6/site-packages/airflow/example_dags/example_short_circuit_operator.py for tasks to queue
[2021-08-07 19:23:17,997] {logging_mixin.py:104} INFO - [2021-08-07 19:23:17,997] {dagbag.py:496} INFO - Filling up the DagBag from /home/airflow/.local/lib/python3.6/site-packages/airflow/example_dags/example_short_circuit_operator.py
[2021-08-07 19:23:18,008] {scheduler_job.py:643} INFO - DAG(s) dict_keys(['example_short_circuit_operator']) retrieved from /home/airflow/.local/lib/python3.6/site-packages/airflow/example_dags/example_short_circuit_operator.py
[2021-08-07 19:23:18,027] {logging_mixin.py:104} INFO - [2021-08-07 19:23:18,027] {dag.py:1833} INFO - Sync 1 DAGs
[2021-08-07 19:23:18,044] {logging_mixin.py:104} INFO - [2021-08-07 19:23:18,044] {dag.py:2306} INFO - Setting next_dagrun for example_short_circuit_operator to 2021-08-05 00:00:00+00:00
[2021-08-07 19:23:18,054] {scheduler_job.py:190} INFO - Processing /home/airflow/.local/lib/python3.6/site-packages/airflow/example_dags/example_short_circuit_operator.py took 0.060 seconds
[2021-08-07 19:23:48,267] {scheduler_job.py:182} INFO - Started process (PID=1162) to work on /home/airflow/.local/lib/python3.6/site-packages/airflow/example_dags/example_short_circuit_operator.py
[2021-08-07 19:23:48,268] {scheduler_job.py:633} INFO - Processing file /home/airflow/.local/lib/python3.6/site-packages/airflow/example_dags/example_short_circuit_operator.py for tasks to queue
[2021-08-07 19:23:48,269] {logging_mixin.py:104} INFO - [2021-08-07 19:23:48,269] {dagbag.py:496} INFO - Filling up the DagBag from /home/airflow/.local/lib/python3.6/site-packages/airflow/example_dags/example_short_circuit_operator.py
[2021-08-07 19:23:48,279] {scheduler_job.py:643} INFO - DAG(s) dict_keys(['example_short_circuit_operator']) retrieved from /home/airflow/.local/lib/python3.6/site-packages/airflow/example_dags/example_short_circuit_operator.py
[2021-08-07 19:23:48,295] {logging_mixin.py:104} INFO - [2021-08-07 19:23:48,295] {dag.py:1833} INFO - Sync 1 DAGs
[2021-08-07 19:23:48,308] {logging_mixin.py:104} INFO - [2021-08-07 19:23:48,308] {dag.py:2306} INFO - Setting next_dagrun for example_short_circuit_operator to 2021-08-05 00:00:00+00:00
[2021-08-07 19:23:48,315] {scheduler_job.py:190} INFO - Processing /home/airflow/.local/lib/python3.6/site-packages/airflow/example_dags/example_short_circuit_operator.py took 0.049 seconds
[2021-08-07 19:24:19,137] {scheduler_job.py:182} INFO - Started process (PID=1215) to work on /home/airflow/.local/lib/python3.6/site-packages/airflow/example_dags/example_short_circuit_operator.py
[2021-08-07 19:24:19,137] {scheduler_job.py:633} INFO - Processing file /home/airflow/.local/lib/python3.6/site-packages/airflow/example_dags/example_short_circuit_operator.py for tasks to queue
[2021-08-07 19:24:19,138] {logging_mixin.py:104} INFO - [2021-08-07 19:24:19,138] {dagbag.py:496} INFO - Filling up the DagBag from /home/airflow/.local/lib/python3.6/site-packages/airflow/example_dags/example_short_circuit_operator.py
[2021-08-07 19:24:19,149] {scheduler_job.py:643} INFO - DAG(s) dict_keys(['example_short_circuit_operator']) retrieved from /home/airflow/.local/lib/python3.6/site-packages/airflow/example_dags/example_short_circuit_operator.py
[2021-08-07 19:24:19,164] {logging_mixin.py:104} INFO - [2021-08-07 19:24:19,164] {dag.py:1833} INFO - Sync 1 DAGs
[2021-08-07 19:24:19,177] {logging_mixin.py:104} INFO - [2021-08-07 19:24:19,177] {dag.py:2306} INFO - Setting next_dagrun for example_short_circuit_operator to 2021-08-05 00:00:00+00:00
[2021-08-07 19:24:19,185] {scheduler_job.py:190} INFO - Processing /home/airflow/.local/lib/python3.6/site-packages/airflow/example_dags/example_short_circuit_operator.py took 0.050 seconds
[2021-08-07 19:24:49,885] {scheduler_job.py:182} INFO - Started process (PID=1279) to work on /home/airflow/.local/lib/python3.6/site-packages/airflow/example_dags/example_short_circuit_operator.py
[2021-08-07 19:24:49,886] {scheduler_job.py:633} INFO - Processing file /home/airflow/.local/lib/python3.6/site-packages/airflow/example_dags/example_short_circuit_operator.py for tasks to queue
[2021-08-07 19:24:49,887] {logging_mixin.py:104} INFO - [2021-08-07 19:24:49,887] {dagbag.py:496} INFO - Filling up the DagBag from /home/airflow/.local/lib/python3.6/site-packages/airflow/example_dags/example_short_circuit_operator.py
[2021-08-07 19:24:49,899] {scheduler_job.py:643} INFO - DAG(s) dict_keys(['example_short_circuit_operator']) retrieved from /home/airflow/.local/lib/python3.6/site-packages/airflow/example_dags/example_short_circuit_operator.py
[2021-08-07 19:24:49,917] {logging_mixin.py:104} INFO - [2021-08-07 19:24:49,917] {dag.py:1833} INFO - Sync 1 DAGs
[2021-08-07 19:24:49,930] {logging_mixin.py:104} INFO - [2021-08-07 19:24:49,929] {dag.py:2306} INFO - Setting next_dagrun for example_short_circuit_operator to 2021-08-05 00:00:00+00:00
[2021-08-07 19:24:49,938] {scheduler_job.py:190} INFO - Processing /home/airflow/.local/lib/python3.6/site-packages/airflow/example_dags/example_short_circuit_operator.py took 0.055 seconds
