[2021-08-07 19:15:41,980] {scheduler_job.py:182} INFO - Started process (PID=72) to work on /home/airflow/.local/lib/python3.6/site-packages/airflow/example_dags/example_xcomargs.py
[2021-08-07 19:15:41,981] {scheduler_job.py:633} INFO - Processing file /home/airflow/.local/lib/python3.6/site-packages/airflow/example_dags/example_xcomargs.py for tasks to queue
[2021-08-07 19:15:41,981] {logging_mixin.py:104} INFO - [2021-08-07 19:15:41,981] {dagbag.py:496} INFO - Filling up the DagBag from /home/airflow/.local/lib/python3.6/site-packages/airflow/example_dags/example_xcomargs.py
[2021-08-07 19:15:42,022] {scheduler_job.py:643} INFO - DAG(s) dict_keys(['example_xcom_args', 'example_xcom_args_with_operators']) retrieved from /home/airflow/.local/lib/python3.6/site-packages/airflow/example_dags/example_xcomargs.py
[2021-08-07 19:15:45,031] {logging_mixin.py:104} INFO - [2021-08-07 19:15:45,030] {dag.py:1833} INFO - Sync 2 DAGs
[2021-08-07 19:15:45,043] {logging_mixin.py:104} INFO - [2021-08-07 19:15:45,042] {dag.py:1852} INFO - Creating ORM DAG for example_xcom_args_with_operators
[2021-08-07 19:15:45,043] {logging_mixin.py:104} INFO - [2021-08-07 19:15:45,043] {dag.py:1852} INFO - Creating ORM DAG for example_xcom_args
[2021-08-07 19:15:45,048] {logging_mixin.py:104} INFO - [2021-08-07 19:15:45,048] {dag.py:2306} INFO - Setting next_dagrun for example_xcom_args to None
[2021-08-07 19:15:45,049] {logging_mixin.py:104} INFO - [2021-08-07 19:15:45,049] {dag.py:2306} INFO - Setting next_dagrun for example_xcom_args_with_operators to None
[2021-08-07 19:15:45,059] {scheduler_job.py:190} INFO - Processing /home/airflow/.local/lib/python3.6/site-packages/airflow/example_dags/example_xcomargs.py took 3.082 seconds
[2021-08-07 19:16:28,188] {scheduler_job.py:182} INFO - Started process (PID=354) to work on /home/airflow/.local/lib/python3.6/site-packages/airflow/example_dags/example_xcomargs.py
[2021-08-07 19:16:28,189] {scheduler_job.py:633} INFO - Processing file /home/airflow/.local/lib/python3.6/site-packages/airflow/example_dags/example_xcomargs.py for tasks to queue
[2021-08-07 19:16:28,190] {logging_mixin.py:104} INFO - [2021-08-07 19:16:28,190] {dagbag.py:496} INFO - Filling up the DagBag from /home/airflow/.local/lib/python3.6/site-packages/airflow/example_dags/example_xcomargs.py
[2021-08-07 19:16:28,215] {scheduler_job.py:643} INFO - DAG(s) dict_keys(['example_xcom_args', 'example_xcom_args_with_operators']) retrieved from /home/airflow/.local/lib/python3.6/site-packages/airflow/example_dags/example_xcomargs.py
[2021-08-07 19:16:28,532] {logging_mixin.py:104} INFO - [2021-08-07 19:16:28,531] {dag.py:1833} INFO - Sync 2 DAGs
[2021-08-07 19:16:28,556] {logging_mixin.py:104} INFO - [2021-08-07 19:16:28,556] {dag.py:2306} INFO - Setting next_dagrun for example_xcom_args to None
[2021-08-07 19:16:28,557] {logging_mixin.py:104} INFO - [2021-08-07 19:16:28,557] {dag.py:2306} INFO - Setting next_dagrun for example_xcom_args_with_operators to None
[2021-08-07 19:16:28,576] {scheduler_job.py:190} INFO - Processing /home/airflow/.local/lib/python3.6/site-packages/airflow/example_dags/example_xcomargs.py took 0.390 seconds
[2021-08-07 19:16:58,653] {scheduler_job.py:182} INFO - Started process (PID=411) to work on /home/airflow/.local/lib/python3.6/site-packages/airflow/example_dags/example_xcomargs.py
[2021-08-07 19:16:58,655] {scheduler_job.py:633} INFO - Processing file /home/airflow/.local/lib/python3.6/site-packages/airflow/example_dags/example_xcomargs.py for tasks to queue
[2021-08-07 19:16:58,656] {logging_mixin.py:104} INFO - [2021-08-07 19:16:58,655] {dagbag.py:496} INFO - Filling up the DagBag from /home/airflow/.local/lib/python3.6/site-packages/airflow/example_dags/example_xcomargs.py
[2021-08-07 19:16:58,685] {scheduler_job.py:643} INFO - DAG(s) dict_keys(['example_xcom_args', 'example_xcom_args_with_operators']) retrieved from /home/airflow/.local/lib/python3.6/site-packages/airflow/example_dags/example_xcomargs.py
[2021-08-07 19:16:59,041] {logging_mixin.py:104} INFO - [2021-08-07 19:16:59,041] {dag.py:1833} INFO - Sync 2 DAGs
[2021-08-07 19:16:59,073] {logging_mixin.py:104} INFO - [2021-08-07 19:16:59,073] {dag.py:2306} INFO - Setting next_dagrun for example_xcom_args to None
[2021-08-07 19:16:59,075] {logging_mixin.py:104} INFO - [2021-08-07 19:16:59,074] {dag.py:2306} INFO - Setting next_dagrun for example_xcom_args_with_operators to None
[2021-08-07 19:16:59,091] {scheduler_job.py:190} INFO - Processing /home/airflow/.local/lib/python3.6/site-packages/airflow/example_dags/example_xcomargs.py took 0.442 seconds
[2021-08-07 19:17:30,539] {scheduler_job.py:182} INFO - Started process (PID=480) to work on /home/airflow/.local/lib/python3.6/site-packages/airflow/example_dags/example_xcomargs.py
[2021-08-07 19:17:30,541] {scheduler_job.py:633} INFO - Processing file /home/airflow/.local/lib/python3.6/site-packages/airflow/example_dags/example_xcomargs.py for tasks to queue
[2021-08-07 19:17:30,543] {logging_mixin.py:104} INFO - [2021-08-07 19:17:30,542] {dagbag.py:496} INFO - Filling up the DagBag from /home/airflow/.local/lib/python3.6/site-packages/airflow/example_dags/example_xcomargs.py
[2021-08-07 19:17:30,584] {scheduler_job.py:643} INFO - DAG(s) dict_keys(['example_xcom_args', 'example_xcom_args_with_operators']) retrieved from /home/airflow/.local/lib/python3.6/site-packages/airflow/example_dags/example_xcomargs.py
[2021-08-07 19:17:31,324] {logging_mixin.py:104} INFO - [2021-08-07 19:17:31,324] {dag.py:1833} INFO - Sync 2 DAGs
[2021-08-07 19:17:31,350] {logging_mixin.py:104} INFO - [2021-08-07 19:17:31,349] {dag.py:2306} INFO - Setting next_dagrun for example_xcom_args to None
[2021-08-07 19:17:31,351] {logging_mixin.py:104} INFO - [2021-08-07 19:17:31,351] {dag.py:2306} INFO - Setting next_dagrun for example_xcom_args_with_operators to None
[2021-08-07 19:17:31,373] {scheduler_job.py:190} INFO - Processing /home/airflow/.local/lib/python3.6/site-packages/airflow/example_dags/example_xcomargs.py took 0.839 seconds
[2021-08-07 19:18:01,677] {scheduler_job.py:182} INFO - Started process (PID=535) to work on /home/airflow/.local/lib/python3.6/site-packages/airflow/example_dags/example_xcomargs.py
[2021-08-07 19:18:01,686] {scheduler_job.py:633} INFO - Processing file /home/airflow/.local/lib/python3.6/site-packages/airflow/example_dags/example_xcomargs.py for tasks to queue
[2021-08-07 19:18:01,686] {logging_mixin.py:104} INFO - [2021-08-07 19:18:01,686] {dagbag.py:496} INFO - Filling up the DagBag from /home/airflow/.local/lib/python3.6/site-packages/airflow/example_dags/example_xcomargs.py
[2021-08-07 19:18:01,720] {scheduler_job.py:643} INFO - DAG(s) dict_keys(['example_xcom_args', 'example_xcom_args_with_operators']) retrieved from /home/airflow/.local/lib/python3.6/site-packages/airflow/example_dags/example_xcomargs.py
[2021-08-07 19:18:02,089] {logging_mixin.py:104} INFO - [2021-08-07 19:18:02,088] {dag.py:1833} INFO - Sync 2 DAGs
[2021-08-07 19:18:02,128] {logging_mixin.py:104} INFO - [2021-08-07 19:18:02,128] {dag.py:2306} INFO - Setting next_dagrun for example_xcom_args to None
[2021-08-07 19:18:02,130] {logging_mixin.py:104} INFO - [2021-08-07 19:18:02,130] {dag.py:2306} INFO - Setting next_dagrun for example_xcom_args_with_operators to None
[2021-08-07 19:18:02,151] {scheduler_job.py:190} INFO - Processing /home/airflow/.local/lib/python3.6/site-packages/airflow/example_dags/example_xcomargs.py took 0.479 seconds
[2021-08-07 19:18:32,513] {scheduler_job.py:182} INFO - Started process (PID=599) to work on /home/airflow/.local/lib/python3.6/site-packages/airflow/example_dags/example_xcomargs.py
[2021-08-07 19:18:32,515] {scheduler_job.py:633} INFO - Processing file /home/airflow/.local/lib/python3.6/site-packages/airflow/example_dags/example_xcomargs.py for tasks to queue
[2021-08-07 19:18:32,516] {logging_mixin.py:104} INFO - [2021-08-07 19:18:32,516] {dagbag.py:496} INFO - Filling up the DagBag from /home/airflow/.local/lib/python3.6/site-packages/airflow/example_dags/example_xcomargs.py
[2021-08-07 19:18:32,558] {scheduler_job.py:643} INFO - DAG(s) dict_keys(['example_xcom_args', 'example_xcom_args_with_operators']) retrieved from /home/airflow/.local/lib/python3.6/site-packages/airflow/example_dags/example_xcomargs.py
[2021-08-07 19:18:32,936] {logging_mixin.py:104} INFO - [2021-08-07 19:18:32,936] {dag.py:1833} INFO - Sync 2 DAGs
[2021-08-07 19:18:32,960] {logging_mixin.py:104} INFO - [2021-08-07 19:18:32,960] {dag.py:2306} INFO - Setting next_dagrun for example_xcom_args to None
[2021-08-07 19:18:32,962] {logging_mixin.py:104} INFO - [2021-08-07 19:18:32,962] {dag.py:2306} INFO - Setting next_dagrun for example_xcom_args_with_operators to None
[2021-08-07 19:18:32,987] {scheduler_job.py:190} INFO - Processing /home/airflow/.local/lib/python3.6/site-packages/airflow/example_dags/example_xcomargs.py took 0.478 seconds
[2021-08-07 19:19:03,029] {scheduler_job.py:182} INFO - Started process (PID=656) to work on /home/airflow/.local/lib/python3.6/site-packages/airflow/example_dags/example_xcomargs.py
[2021-08-07 19:19:03,030] {scheduler_job.py:633} INFO - Processing file /home/airflow/.local/lib/python3.6/site-packages/airflow/example_dags/example_xcomargs.py for tasks to queue
[2021-08-07 19:19:03,031] {logging_mixin.py:104} INFO - [2021-08-07 19:19:03,031] {dagbag.py:496} INFO - Filling up the DagBag from /home/airflow/.local/lib/python3.6/site-packages/airflow/example_dags/example_xcomargs.py
[2021-08-07 19:19:03,059] {scheduler_job.py:643} INFO - DAG(s) dict_keys(['example_xcom_args', 'example_xcom_args_with_operators']) retrieved from /home/airflow/.local/lib/python3.6/site-packages/airflow/example_dags/example_xcomargs.py
[2021-08-07 19:19:03,365] {logging_mixin.py:104} INFO - [2021-08-07 19:19:03,365] {dag.py:1833} INFO - Sync 2 DAGs
[2021-08-07 19:19:03,382] {logging_mixin.py:104} INFO - [2021-08-07 19:19:03,382] {dag.py:2306} INFO - Setting next_dagrun for example_xcom_args to None
[2021-08-07 19:19:03,383] {logging_mixin.py:104} INFO - [2021-08-07 19:19:03,383] {dag.py:2306} INFO - Setting next_dagrun for example_xcom_args_with_operators to None
[2021-08-07 19:19:03,397] {scheduler_job.py:190} INFO - Processing /home/airflow/.local/lib/python3.6/site-packages/airflow/example_dags/example_xcomargs.py took 0.371 seconds
[2021-08-07 19:19:33,467] {scheduler_job.py:182} INFO - Started process (PID=723) to work on /home/airflow/.local/lib/python3.6/site-packages/airflow/example_dags/example_xcomargs.py
[2021-08-07 19:19:33,469] {scheduler_job.py:633} INFO - Processing file /home/airflow/.local/lib/python3.6/site-packages/airflow/example_dags/example_xcomargs.py for tasks to queue
[2021-08-07 19:19:33,470] {logging_mixin.py:104} INFO - [2021-08-07 19:19:33,470] {dagbag.py:496} INFO - Filling up the DagBag from /home/airflow/.local/lib/python3.6/site-packages/airflow/example_dags/example_xcomargs.py
[2021-08-07 19:19:33,510] {scheduler_job.py:643} INFO - DAG(s) dict_keys(['example_xcom_args', 'example_xcom_args_with_operators']) retrieved from /home/airflow/.local/lib/python3.6/site-packages/airflow/example_dags/example_xcomargs.py
[2021-08-07 19:19:33,895] {logging_mixin.py:104} INFO - [2021-08-07 19:19:33,895] {dag.py:1833} INFO - Sync 2 DAGs
[2021-08-07 19:19:33,914] {logging_mixin.py:104} INFO - [2021-08-07 19:19:33,914] {dag.py:2306} INFO - Setting next_dagrun for example_xcom_args to None
[2021-08-07 19:19:33,915] {logging_mixin.py:104} INFO - [2021-08-07 19:19:33,915] {dag.py:2306} INFO - Setting next_dagrun for example_xcom_args_with_operators to None
[2021-08-07 19:19:33,930] {scheduler_job.py:190} INFO - Processing /home/airflow/.local/lib/python3.6/site-packages/airflow/example_dags/example_xcomargs.py took 0.467 seconds
[2021-08-07 19:20:04,615] {scheduler_job.py:182} INFO - Started process (PID=777) to work on /home/airflow/.local/lib/python3.6/site-packages/airflow/example_dags/example_xcomargs.py
[2021-08-07 19:20:04,616] {scheduler_job.py:633} INFO - Processing file /home/airflow/.local/lib/python3.6/site-packages/airflow/example_dags/example_xcomargs.py for tasks to queue
[2021-08-07 19:20:04,617] {logging_mixin.py:104} INFO - [2021-08-07 19:20:04,617] {dagbag.py:496} INFO - Filling up the DagBag from /home/airflow/.local/lib/python3.6/site-packages/airflow/example_dags/example_xcomargs.py
[2021-08-07 19:20:04,633] {scheduler_job.py:643} INFO - DAG(s) dict_keys(['example_xcom_args', 'example_xcom_args_with_operators']) retrieved from /home/airflow/.local/lib/python3.6/site-packages/airflow/example_dags/example_xcomargs.py
[2021-08-07 19:20:04,871] {logging_mixin.py:104} INFO - [2021-08-07 19:20:04,870] {dag.py:1833} INFO - Sync 2 DAGs
[2021-08-07 19:20:04,888] {logging_mixin.py:104} INFO - [2021-08-07 19:20:04,888] {dag.py:2306} INFO - Setting next_dagrun for example_xcom_args to None
[2021-08-07 19:20:04,889] {logging_mixin.py:104} INFO - [2021-08-07 19:20:04,889] {dag.py:2306} INFO - Setting next_dagrun for example_xcom_args_with_operators to None
[2021-08-07 19:20:04,905] {scheduler_job.py:190} INFO - Processing /home/airflow/.local/lib/python3.6/site-packages/airflow/example_dags/example_xcomargs.py took 0.291 seconds
[2021-08-07 19:20:35,001] {scheduler_job.py:182} INFO - Started process (PID=841) to work on /home/airflow/.local/lib/python3.6/site-packages/airflow/example_dags/example_xcomargs.py
[2021-08-07 19:20:35,003] {scheduler_job.py:633} INFO - Processing file /home/airflow/.local/lib/python3.6/site-packages/airflow/example_dags/example_xcomargs.py for tasks to queue
[2021-08-07 19:20:35,004] {logging_mixin.py:104} INFO - [2021-08-07 19:20:35,004] {dagbag.py:496} INFO - Filling up the DagBag from /home/airflow/.local/lib/python3.6/site-packages/airflow/example_dags/example_xcomargs.py
[2021-08-07 19:20:35,031] {scheduler_job.py:643} INFO - DAG(s) dict_keys(['example_xcom_args', 'example_xcom_args_with_operators']) retrieved from /home/airflow/.local/lib/python3.6/site-packages/airflow/example_dags/example_xcomargs.py
[2021-08-07 19:20:35,430] {logging_mixin.py:104} INFO - [2021-08-07 19:20:35,429] {dag.py:1833} INFO - Sync 2 DAGs
[2021-08-07 19:20:35,452] {logging_mixin.py:104} INFO - [2021-08-07 19:20:35,452] {dag.py:2306} INFO - Setting next_dagrun for example_xcom_args to None
[2021-08-07 19:20:35,453] {logging_mixin.py:104} INFO - [2021-08-07 19:20:35,453] {dag.py:2306} INFO - Setting next_dagrun for example_xcom_args_with_operators to None
[2021-08-07 19:20:35,472] {scheduler_job.py:190} INFO - Processing /home/airflow/.local/lib/python3.6/site-packages/airflow/example_dags/example_xcomargs.py took 0.476 seconds
[2021-08-07 19:21:06,010] {scheduler_job.py:182} INFO - Started process (PID=895) to work on /home/airflow/.local/lib/python3.6/site-packages/airflow/example_dags/example_xcomargs.py
[2021-08-07 19:21:06,011] {scheduler_job.py:633} INFO - Processing file /home/airflow/.local/lib/python3.6/site-packages/airflow/example_dags/example_xcomargs.py for tasks to queue
[2021-08-07 19:21:06,012] {logging_mixin.py:104} INFO - [2021-08-07 19:21:06,012] {dagbag.py:496} INFO - Filling up the DagBag from /home/airflow/.local/lib/python3.6/site-packages/airflow/example_dags/example_xcomargs.py
[2021-08-07 19:21:06,033] {scheduler_job.py:643} INFO - DAG(s) dict_keys(['example_xcom_args', 'example_xcom_args_with_operators']) retrieved from /home/airflow/.local/lib/python3.6/site-packages/airflow/example_dags/example_xcomargs.py
[2021-08-07 19:21:06,246] {logging_mixin.py:104} INFO - [2021-08-07 19:21:06,245] {dag.py:1833} INFO - Sync 2 DAGs
[2021-08-07 19:21:06,266] {logging_mixin.py:104} INFO - [2021-08-07 19:21:06,265] {dag.py:2306} INFO - Setting next_dagrun for example_xcom_args to None
[2021-08-07 19:21:06,267] {logging_mixin.py:104} INFO - [2021-08-07 19:21:06,267] {dag.py:2306} INFO - Setting next_dagrun for example_xcom_args_with_operators to None
[2021-08-07 19:21:06,279] {scheduler_job.py:190} INFO - Processing /home/airflow/.local/lib/python3.6/site-packages/airflow/example_dags/example_xcomargs.py took 0.274 seconds
[2021-08-07 19:21:36,940] {scheduler_job.py:182} INFO - Started process (PID=959) to work on /home/airflow/.local/lib/python3.6/site-packages/airflow/example_dags/example_xcomargs.py
[2021-08-07 19:21:36,942] {scheduler_job.py:633} INFO - Processing file /home/airflow/.local/lib/python3.6/site-packages/airflow/example_dags/example_xcomargs.py for tasks to queue
[2021-08-07 19:21:36,943] {logging_mixin.py:104} INFO - [2021-08-07 19:21:36,943] {dagbag.py:496} INFO - Filling up the DagBag from /home/airflow/.local/lib/python3.6/site-packages/airflow/example_dags/example_xcomargs.py
[2021-08-07 19:21:36,969] {scheduler_job.py:643} INFO - DAG(s) dict_keys(['example_xcom_args', 'example_xcom_args_with_operators']) retrieved from /home/airflow/.local/lib/python3.6/site-packages/airflow/example_dags/example_xcomargs.py
[2021-08-07 19:21:37,230] {logging_mixin.py:104} INFO - [2021-08-07 19:21:37,230] {dag.py:1833} INFO - Sync 2 DAGs
[2021-08-07 19:21:37,247] {logging_mixin.py:104} INFO - [2021-08-07 19:21:37,247] {dag.py:2306} INFO - Setting next_dagrun for example_xcom_args to None
[2021-08-07 19:21:37,248] {logging_mixin.py:104} INFO - [2021-08-07 19:21:37,248] {dag.py:2306} INFO - Setting next_dagrun for example_xcom_args_with_operators to None
[2021-08-07 19:21:37,262] {scheduler_job.py:190} INFO - Processing /home/airflow/.local/lib/python3.6/site-packages/airflow/example_dags/example_xcomargs.py took 0.326 seconds
[2021-08-07 19:22:08,207] {scheduler_job.py:182} INFO - Started process (PID=1012) to work on /home/airflow/.local/lib/python3.6/site-packages/airflow/example_dags/example_xcomargs.py
[2021-08-07 19:22:08,209] {scheduler_job.py:633} INFO - Processing file /home/airflow/.local/lib/python3.6/site-packages/airflow/example_dags/example_xcomargs.py for tasks to queue
[2021-08-07 19:22:08,210] {logging_mixin.py:104} INFO - [2021-08-07 19:22:08,210] {dagbag.py:496} INFO - Filling up the DagBag from /home/airflow/.local/lib/python3.6/site-packages/airflow/example_dags/example_xcomargs.py
[2021-08-07 19:22:08,232] {scheduler_job.py:643} INFO - DAG(s) dict_keys(['example_xcom_args', 'example_xcom_args_with_operators']) retrieved from /home/airflow/.local/lib/python3.6/site-packages/airflow/example_dags/example_xcomargs.py
[2021-08-07 19:22:08,468] {logging_mixin.py:104} INFO - [2021-08-07 19:22:08,468] {dag.py:1833} INFO - Sync 2 DAGs
[2021-08-07 19:22:08,482] {logging_mixin.py:104} INFO - [2021-08-07 19:22:08,482] {dag.py:2306} INFO - Setting next_dagrun for example_xcom_args to None
[2021-08-07 19:22:08,482] {logging_mixin.py:104} INFO - [2021-08-07 19:22:08,482] {dag.py:2306} INFO - Setting next_dagrun for example_xcom_args_with_operators to None
[2021-08-07 19:22:08,492] {scheduler_job.py:190} INFO - Processing /home/airflow/.local/lib/python3.6/site-packages/airflow/example_dags/example_xcomargs.py took 0.290 seconds
[2021-08-07 19:22:47,273] {scheduler_job.py:182} INFO - Started process (PID=1034) to work on /home/airflow/.local/lib/python3.6/site-packages/airflow/example_dags/example_xcomargs.py
[2021-08-07 19:22:47,275] {scheduler_job.py:633} INFO - Processing file /home/airflow/.local/lib/python3.6/site-packages/airflow/example_dags/example_xcomargs.py for tasks to queue
[2021-08-07 19:22:47,276] {logging_mixin.py:104} INFO - [2021-08-07 19:22:47,275] {dagbag.py:496} INFO - Filling up the DagBag from /home/airflow/.local/lib/python3.6/site-packages/airflow/example_dags/example_xcomargs.py
[2021-08-07 19:22:47,303] {scheduler_job.py:643} INFO - DAG(s) dict_keys(['example_xcom_args', 'example_xcom_args_with_operators']) retrieved from /home/airflow/.local/lib/python3.6/site-packages/airflow/example_dags/example_xcomargs.py
[2021-08-07 19:22:47,626] {logging_mixin.py:104} INFO - [2021-08-07 19:22:47,626] {dag.py:1833} INFO - Sync 2 DAGs
[2021-08-07 19:22:47,648] {logging_mixin.py:104} INFO - [2021-08-07 19:22:47,648] {dag.py:2306} INFO - Setting next_dagrun for example_xcom_args to None
[2021-08-07 19:22:47,649] {logging_mixin.py:104} INFO - [2021-08-07 19:22:47,649] {dag.py:2306} INFO - Setting next_dagrun for example_xcom_args_with_operators to None
[2021-08-07 19:22:47,662] {scheduler_job.py:190} INFO - Processing /home/airflow/.local/lib/python3.6/site-packages/airflow/example_dags/example_xcomargs.py took 0.393 seconds
[2021-08-07 19:23:17,993] {scheduler_job.py:182} INFO - Started process (PID=1100) to work on /home/airflow/.local/lib/python3.6/site-packages/airflow/example_dags/example_xcomargs.py
[2021-08-07 19:23:17,994] {scheduler_job.py:633} INFO - Processing file /home/airflow/.local/lib/python3.6/site-packages/airflow/example_dags/example_xcomargs.py for tasks to queue
[2021-08-07 19:23:17,994] {logging_mixin.py:104} INFO - [2021-08-07 19:23:17,994] {dagbag.py:496} INFO - Filling up the DagBag from /home/airflow/.local/lib/python3.6/site-packages/airflow/example_dags/example_xcomargs.py
[2021-08-07 19:23:18,011] {scheduler_job.py:643} INFO - DAG(s) dict_keys(['example_xcom_args', 'example_xcom_args_with_operators']) retrieved from /home/airflow/.local/lib/python3.6/site-packages/airflow/example_dags/example_xcomargs.py
[2021-08-07 19:23:18,210] {logging_mixin.py:104} INFO - [2021-08-07 19:23:18,210] {dag.py:1833} INFO - Sync 2 DAGs
[2021-08-07 19:23:18,225] {logging_mixin.py:104} INFO - [2021-08-07 19:23:18,225] {dag.py:2306} INFO - Setting next_dagrun for example_xcom_args to None
[2021-08-07 19:23:18,225] {logging_mixin.py:104} INFO - [2021-08-07 19:23:18,225] {dag.py:2306} INFO - Setting next_dagrun for example_xcom_args_with_operators to None
[2021-08-07 19:23:18,234] {scheduler_job.py:190} INFO - Processing /home/airflow/.local/lib/python3.6/site-packages/airflow/example_dags/example_xcomargs.py took 0.243 seconds
[2021-08-07 19:23:48,253] {scheduler_job.py:182} INFO - Started process (PID=1161) to work on /home/airflow/.local/lib/python3.6/site-packages/airflow/example_dags/example_xcomargs.py
[2021-08-07 19:23:48,254] {scheduler_job.py:633} INFO - Processing file /home/airflow/.local/lib/python3.6/site-packages/airflow/example_dags/example_xcomargs.py for tasks to queue
[2021-08-07 19:23:48,255] {logging_mixin.py:104} INFO - [2021-08-07 19:23:48,254] {dagbag.py:496} INFO - Filling up the DagBag from /home/airflow/.local/lib/python3.6/site-packages/airflow/example_dags/example_xcomargs.py
[2021-08-07 19:23:48,273] {scheduler_job.py:643} INFO - DAG(s) dict_keys(['example_xcom_args', 'example_xcom_args_with_operators']) retrieved from /home/airflow/.local/lib/python3.6/site-packages/airflow/example_dags/example_xcomargs.py
[2021-08-07 19:23:48,477] {logging_mixin.py:104} INFO - [2021-08-07 19:23:48,477] {dag.py:1833} INFO - Sync 2 DAGs
[2021-08-07 19:23:48,491] {logging_mixin.py:104} INFO - [2021-08-07 19:23:48,491] {dag.py:2306} INFO - Setting next_dagrun for example_xcom_args to None
[2021-08-07 19:23:48,492] {logging_mixin.py:104} INFO - [2021-08-07 19:23:48,492] {dag.py:2306} INFO - Setting next_dagrun for example_xcom_args_with_operators to None
[2021-08-07 19:23:48,500] {scheduler_job.py:190} INFO - Processing /home/airflow/.local/lib/python3.6/site-packages/airflow/example_dags/example_xcomargs.py took 0.250 seconds
[2021-08-07 19:24:18,993] {scheduler_job.py:182} INFO - Started process (PID=1212) to work on /home/airflow/.local/lib/python3.6/site-packages/airflow/example_dags/example_xcomargs.py
[2021-08-07 19:24:18,994] {scheduler_job.py:633} INFO - Processing file /home/airflow/.local/lib/python3.6/site-packages/airflow/example_dags/example_xcomargs.py for tasks to queue
[2021-08-07 19:24:18,994] {logging_mixin.py:104} INFO - [2021-08-07 19:24:18,994] {dagbag.py:496} INFO - Filling up the DagBag from /home/airflow/.local/lib/python3.6/site-packages/airflow/example_dags/example_xcomargs.py
[2021-08-07 19:24:19,011] {scheduler_job.py:643} INFO - DAG(s) dict_keys(['example_xcom_args', 'example_xcom_args_with_operators']) retrieved from /home/airflow/.local/lib/python3.6/site-packages/airflow/example_dags/example_xcomargs.py
[2021-08-07 19:24:19,207] {logging_mixin.py:104} INFO - [2021-08-07 19:24:19,207] {dag.py:1833} INFO - Sync 2 DAGs
[2021-08-07 19:24:19,220] {logging_mixin.py:104} INFO - [2021-08-07 19:24:19,220] {dag.py:2306} INFO - Setting next_dagrun for example_xcom_args to None
[2021-08-07 19:24:19,221] {logging_mixin.py:104} INFO - [2021-08-07 19:24:19,221] {dag.py:2306} INFO - Setting next_dagrun for example_xcom_args_with_operators to None
[2021-08-07 19:24:19,233] {scheduler_job.py:190} INFO - Processing /home/airflow/.local/lib/python3.6/site-packages/airflow/example_dags/example_xcomargs.py took 0.242 seconds
[2021-08-07 19:24:49,743] {scheduler_job.py:182} INFO - Started process (PID=1276) to work on /home/airflow/.local/lib/python3.6/site-packages/airflow/example_dags/example_xcomargs.py
[2021-08-07 19:24:49,744] {scheduler_job.py:633} INFO - Processing file /home/airflow/.local/lib/python3.6/site-packages/airflow/example_dags/example_xcomargs.py for tasks to queue
[2021-08-07 19:24:49,745] {logging_mixin.py:104} INFO - [2021-08-07 19:24:49,745] {dagbag.py:496} INFO - Filling up the DagBag from /home/airflow/.local/lib/python3.6/site-packages/airflow/example_dags/example_xcomargs.py
[2021-08-07 19:24:49,766] {scheduler_job.py:643} INFO - DAG(s) dict_keys(['example_xcom_args', 'example_xcom_args_with_operators']) retrieved from /home/airflow/.local/lib/python3.6/site-packages/airflow/example_dags/example_xcomargs.py
[2021-08-07 19:24:49,958] {logging_mixin.py:104} INFO - [2021-08-07 19:24:49,958] {dag.py:1833} INFO - Sync 2 DAGs
[2021-08-07 19:24:49,971] {logging_mixin.py:104} INFO - [2021-08-07 19:24:49,971] {dag.py:2306} INFO - Setting next_dagrun for example_xcom_args to None
[2021-08-07 19:24:49,972] {logging_mixin.py:104} INFO - [2021-08-07 19:24:49,972] {dag.py:2306} INFO - Setting next_dagrun for example_xcom_args_with_operators to None
[2021-08-07 19:24:49,983] {scheduler_job.py:190} INFO - Processing /home/airflow/.local/lib/python3.6/site-packages/airflow/example_dags/example_xcomargs.py took 0.242 seconds
