[2021-08-07 19:15:28,548] {scheduler_job.py:182} INFO - Started process (PID=26) to work on /home/airflow/.local/lib/python3.6/site-packages/airflow/example_dags/example_trigger_target_dag.py
[2021-08-07 19:15:28,550] {scheduler_job.py:633} INFO - Processing file /home/airflow/.local/lib/python3.6/site-packages/airflow/example_dags/example_trigger_target_dag.py for tasks to queue
[2021-08-07 19:15:28,551] {logging_mixin.py:104} INFO - [2021-08-07 19:15:28,550] {dagbag.py:496} INFO - Filling up the DagBag from /home/airflow/.local/lib/python3.6/site-packages/airflow/example_dags/example_trigger_target_dag.py
[2021-08-07 19:15:28,605] {scheduler_job.py:643} INFO - DAG(s) dict_keys(['example_trigger_target_dag']) retrieved from /home/airflow/.local/lib/python3.6/site-packages/airflow/example_dags/example_trigger_target_dag.py
[2021-08-07 19:15:38,124] {logging_mixin.py:104} INFO - [2021-08-07 19:15:38,123] {dag.py:1833} INFO - Sync 1 DAGs
[2021-08-07 19:15:38,138] {logging_mixin.py:104} INFO - [2021-08-07 19:15:38,137] {dag.py:1852} INFO - Creating ORM DAG for example_trigger_target_dag
[2021-08-07 19:15:38,148] {logging_mixin.py:104} INFO - [2021-08-07 19:15:38,147] {dag.py:2306} INFO - Setting next_dagrun for example_trigger_target_dag to None
[2021-08-07 19:15:38,162] {scheduler_job.py:190} INFO - Processing /home/airflow/.local/lib/python3.6/site-packages/airflow/example_dags/example_trigger_target_dag.py took 9.618 seconds
[2021-08-07 19:16:27,837] {scheduler_job.py:182} INFO - Started process (PID=349) to work on /home/airflow/.local/lib/python3.6/site-packages/airflow/example_dags/example_trigger_target_dag.py
[2021-08-07 19:16:27,838] {scheduler_job.py:633} INFO - Processing file /home/airflow/.local/lib/python3.6/site-packages/airflow/example_dags/example_trigger_target_dag.py for tasks to queue
[2021-08-07 19:16:27,839] {logging_mixin.py:104} INFO - [2021-08-07 19:16:27,839] {dagbag.py:496} INFO - Filling up the DagBag from /home/airflow/.local/lib/python3.6/site-packages/airflow/example_dags/example_trigger_target_dag.py
[2021-08-07 19:16:27,856] {scheduler_job.py:643} INFO - DAG(s) dict_keys(['example_trigger_target_dag']) retrieved from /home/airflow/.local/lib/python3.6/site-packages/airflow/example_dags/example_trigger_target_dag.py
[2021-08-07 19:16:27,876] {logging_mixin.py:104} INFO - [2021-08-07 19:16:27,876] {dag.py:1833} INFO - Sync 1 DAGs
[2021-08-07 19:16:27,895] {logging_mixin.py:104} INFO - [2021-08-07 19:16:27,894] {dag.py:2306} INFO - Setting next_dagrun for example_trigger_target_dag to None
[2021-08-07 19:16:27,906] {scheduler_job.py:190} INFO - Processing /home/airflow/.local/lib/python3.6/site-packages/airflow/example_dags/example_trigger_target_dag.py took 0.072 seconds
[2021-08-07 19:16:58,226] {scheduler_job.py:182} INFO - Started process (PID=405) to work on /home/airflow/.local/lib/python3.6/site-packages/airflow/example_dags/example_trigger_target_dag.py
[2021-08-07 19:16:58,227] {scheduler_job.py:633} INFO - Processing file /home/airflow/.local/lib/python3.6/site-packages/airflow/example_dags/example_trigger_target_dag.py for tasks to queue
[2021-08-07 19:16:58,228] {logging_mixin.py:104} INFO - [2021-08-07 19:16:58,228] {dagbag.py:496} INFO - Filling up the DagBag from /home/airflow/.local/lib/python3.6/site-packages/airflow/example_dags/example_trigger_target_dag.py
[2021-08-07 19:16:58,249] {scheduler_job.py:643} INFO - DAG(s) dict_keys(['example_trigger_target_dag']) retrieved from /home/airflow/.local/lib/python3.6/site-packages/airflow/example_dags/example_trigger_target_dag.py
[2021-08-07 19:16:58,276] {logging_mixin.py:104} INFO - [2021-08-07 19:16:58,276] {dag.py:1833} INFO - Sync 1 DAGs
[2021-08-07 19:16:58,295] {logging_mixin.py:104} INFO - [2021-08-07 19:16:58,295] {dag.py:2306} INFO - Setting next_dagrun for example_trigger_target_dag to None
[2021-08-07 19:16:58,307] {scheduler_job.py:190} INFO - Processing /home/airflow/.local/lib/python3.6/site-packages/airflow/example_dags/example_trigger_target_dag.py took 0.087 seconds
[2021-08-07 19:17:29,417] {scheduler_job.py:182} INFO - Started process (PID=468) to work on /home/airflow/.local/lib/python3.6/site-packages/airflow/example_dags/example_trigger_target_dag.py
[2021-08-07 19:17:29,418] {scheduler_job.py:633} INFO - Processing file /home/airflow/.local/lib/python3.6/site-packages/airflow/example_dags/example_trigger_target_dag.py for tasks to queue
[2021-08-07 19:17:29,419] {logging_mixin.py:104} INFO - [2021-08-07 19:17:29,419] {dagbag.py:496} INFO - Filling up the DagBag from /home/airflow/.local/lib/python3.6/site-packages/airflow/example_dags/example_trigger_target_dag.py
[2021-08-07 19:17:29,457] {scheduler_job.py:643} INFO - DAG(s) dict_keys(['example_trigger_target_dag']) retrieved from /home/airflow/.local/lib/python3.6/site-packages/airflow/example_dags/example_trigger_target_dag.py
[2021-08-07 19:17:29,496] {logging_mixin.py:104} INFO - [2021-08-07 19:17:29,496] {dag.py:1833} INFO - Sync 1 DAGs
[2021-08-07 19:17:29,537] {logging_mixin.py:104} INFO - [2021-08-07 19:17:29,536] {dag.py:2306} INFO - Setting next_dagrun for example_trigger_target_dag to None
[2021-08-07 19:17:29,569] {scheduler_job.py:190} INFO - Processing /home/airflow/.local/lib/python3.6/site-packages/airflow/example_dags/example_trigger_target_dag.py took 0.158 seconds
[2021-08-07 19:18:00,525] {scheduler_job.py:182} INFO - Started process (PID=522) to work on /home/airflow/.local/lib/python3.6/site-packages/airflow/example_dags/example_trigger_target_dag.py
[2021-08-07 19:18:00,536] {scheduler_job.py:633} INFO - Processing file /home/airflow/.local/lib/python3.6/site-packages/airflow/example_dags/example_trigger_target_dag.py for tasks to queue
[2021-08-07 19:18:00,537] {logging_mixin.py:104} INFO - [2021-08-07 19:18:00,537] {dagbag.py:496} INFO - Filling up the DagBag from /home/airflow/.local/lib/python3.6/site-packages/airflow/example_dags/example_trigger_target_dag.py
[2021-08-07 19:18:00,556] {scheduler_job.py:643} INFO - DAG(s) dict_keys(['example_trigger_target_dag']) retrieved from /home/airflow/.local/lib/python3.6/site-packages/airflow/example_dags/example_trigger_target_dag.py
[2021-08-07 19:18:00,582] {logging_mixin.py:104} INFO - [2021-08-07 19:18:00,582] {dag.py:1833} INFO - Sync 1 DAGs
[2021-08-07 19:18:00,609] {logging_mixin.py:104} INFO - [2021-08-07 19:18:00,608] {dag.py:2306} INFO - Setting next_dagrun for example_trigger_target_dag to None
[2021-08-07 19:18:00,624] {scheduler_job.py:190} INFO - Processing /home/airflow/.local/lib/python3.6/site-packages/airflow/example_dags/example_trigger_target_dag.py took 0.103 seconds
[2021-08-07 19:18:30,732] {scheduler_job.py:182} INFO - Started process (PID=576) to work on /home/airflow/.local/lib/python3.6/site-packages/airflow/example_dags/example_trigger_target_dag.py
[2021-08-07 19:18:30,734] {scheduler_job.py:633} INFO - Processing file /home/airflow/.local/lib/python3.6/site-packages/airflow/example_dags/example_trigger_target_dag.py for tasks to queue
[2021-08-07 19:18:30,735] {logging_mixin.py:104} INFO - [2021-08-07 19:18:30,735] {dagbag.py:496} INFO - Filling up the DagBag from /home/airflow/.local/lib/python3.6/site-packages/airflow/example_dags/example_trigger_target_dag.py
[2021-08-07 19:18:30,753] {scheduler_job.py:643} INFO - DAG(s) dict_keys(['example_trigger_target_dag']) retrieved from /home/airflow/.local/lib/python3.6/site-packages/airflow/example_dags/example_trigger_target_dag.py
[2021-08-07 19:18:30,775] {logging_mixin.py:104} INFO - [2021-08-07 19:18:30,775] {dag.py:1833} INFO - Sync 1 DAGs
[2021-08-07 19:18:30,793] {logging_mixin.py:104} INFO - [2021-08-07 19:18:30,793] {dag.py:2306} INFO - Setting next_dagrun for example_trigger_target_dag to None
[2021-08-07 19:18:30,805] {scheduler_job.py:190} INFO - Processing /home/airflow/.local/lib/python3.6/site-packages/airflow/example_dags/example_trigger_target_dag.py took 0.077 seconds
[2021-08-07 19:19:01,109] {scheduler_job.py:182} INFO - Started process (PID=641) to work on /home/airflow/.local/lib/python3.6/site-packages/airflow/example_dags/example_trigger_target_dag.py
[2021-08-07 19:19:01,110] {scheduler_job.py:633} INFO - Processing file /home/airflow/.local/lib/python3.6/site-packages/airflow/example_dags/example_trigger_target_dag.py for tasks to queue
[2021-08-07 19:19:01,111] {logging_mixin.py:104} INFO - [2021-08-07 19:19:01,111] {dagbag.py:496} INFO - Filling up the DagBag from /home/airflow/.local/lib/python3.6/site-packages/airflow/example_dags/example_trigger_target_dag.py
[2021-08-07 19:19:01,130] {scheduler_job.py:643} INFO - DAG(s) dict_keys(['example_trigger_target_dag']) retrieved from /home/airflow/.local/lib/python3.6/site-packages/airflow/example_dags/example_trigger_target_dag.py
[2021-08-07 19:19:01,162] {logging_mixin.py:104} INFO - [2021-08-07 19:19:01,162] {dag.py:1833} INFO - Sync 1 DAGs
[2021-08-07 19:19:01,182] {logging_mixin.py:104} INFO - [2021-08-07 19:19:01,182] {dag.py:2306} INFO - Setting next_dagrun for example_trigger_target_dag to None
[2021-08-07 19:19:01,196] {scheduler_job.py:190} INFO - Processing /home/airflow/.local/lib/python3.6/site-packages/airflow/example_dags/example_trigger_target_dag.py took 0.090 seconds
[2021-08-07 19:19:31,342] {scheduler_job.py:182} INFO - Started process (PID=694) to work on /home/airflow/.local/lib/python3.6/site-packages/airflow/example_dags/example_trigger_target_dag.py
[2021-08-07 19:19:31,344] {scheduler_job.py:633} INFO - Processing file /home/airflow/.local/lib/python3.6/site-packages/airflow/example_dags/example_trigger_target_dag.py for tasks to queue
[2021-08-07 19:19:31,345] {logging_mixin.py:104} INFO - [2021-08-07 19:19:31,345] {dagbag.py:496} INFO - Filling up the DagBag from /home/airflow/.local/lib/python3.6/site-packages/airflow/example_dags/example_trigger_target_dag.py
[2021-08-07 19:19:31,367] {scheduler_job.py:643} INFO - DAG(s) dict_keys(['example_trigger_target_dag']) retrieved from /home/airflow/.local/lib/python3.6/site-packages/airflow/example_dags/example_trigger_target_dag.py
[2021-08-07 19:19:31,396] {logging_mixin.py:104} INFO - [2021-08-07 19:19:31,396] {dag.py:1833} INFO - Sync 1 DAGs
[2021-08-07 19:19:31,421] {logging_mixin.py:104} INFO - [2021-08-07 19:19:31,420] {dag.py:2306} INFO - Setting next_dagrun for example_trigger_target_dag to None
[2021-08-07 19:19:31,441] {scheduler_job.py:190} INFO - Processing /home/airflow/.local/lib/python3.6/site-packages/airflow/example_dags/example_trigger_target_dag.py took 0.103 seconds
[2021-08-07 19:20:01,554] {scheduler_job.py:182} INFO - Started process (PID=761) to work on /home/airflow/.local/lib/python3.6/site-packages/airflow/example_dags/example_trigger_target_dag.py
[2021-08-07 19:20:01,555] {scheduler_job.py:633} INFO - Processing file /home/airflow/.local/lib/python3.6/site-packages/airflow/example_dags/example_trigger_target_dag.py for tasks to queue
[2021-08-07 19:20:01,555] {logging_mixin.py:104} INFO - [2021-08-07 19:20:01,555] {dagbag.py:496} INFO - Filling up the DagBag from /home/airflow/.local/lib/python3.6/site-packages/airflow/example_dags/example_trigger_target_dag.py
[2021-08-07 19:20:01,573] {scheduler_job.py:643} INFO - DAG(s) dict_keys(['example_trigger_target_dag']) retrieved from /home/airflow/.local/lib/python3.6/site-packages/airflow/example_dags/example_trigger_target_dag.py
[2021-08-07 19:20:01,597] {logging_mixin.py:104} INFO - [2021-08-07 19:20:01,597] {dag.py:1833} INFO - Sync 1 DAGs
[2021-08-07 19:20:01,614] {logging_mixin.py:104} INFO - [2021-08-07 19:20:01,613] {dag.py:2306} INFO - Setting next_dagrun for example_trigger_target_dag to None
[2021-08-07 19:20:01,624] {scheduler_job.py:190} INFO - Processing /home/airflow/.local/lib/python3.6/site-packages/airflow/example_dags/example_trigger_target_dag.py took 0.073 seconds
[2021-08-07 19:20:31,825] {scheduler_job.py:182} INFO - Started process (PID=815) to work on /home/airflow/.local/lib/python3.6/site-packages/airflow/example_dags/example_trigger_target_dag.py
[2021-08-07 19:20:31,826] {scheduler_job.py:633} INFO - Processing file /home/airflow/.local/lib/python3.6/site-packages/airflow/example_dags/example_trigger_target_dag.py for tasks to queue
[2021-08-07 19:20:31,827] {logging_mixin.py:104} INFO - [2021-08-07 19:20:31,826] {dagbag.py:496} INFO - Filling up the DagBag from /home/airflow/.local/lib/python3.6/site-packages/airflow/example_dags/example_trigger_target_dag.py
[2021-08-07 19:20:31,844] {scheduler_job.py:643} INFO - DAG(s) dict_keys(['example_trigger_target_dag']) retrieved from /home/airflow/.local/lib/python3.6/site-packages/airflow/example_dags/example_trigger_target_dag.py
[2021-08-07 19:20:31,867] {logging_mixin.py:104} INFO - [2021-08-07 19:20:31,867] {dag.py:1833} INFO - Sync 1 DAGs
[2021-08-07 19:20:31,886] {logging_mixin.py:104} INFO - [2021-08-07 19:20:31,886] {dag.py:2306} INFO - Setting next_dagrun for example_trigger_target_dag to None
[2021-08-07 19:20:31,897] {scheduler_job.py:190} INFO - Processing /home/airflow/.local/lib/python3.6/site-packages/airflow/example_dags/example_trigger_target_dag.py took 0.076 seconds
[2021-08-07 19:21:02,021] {scheduler_job.py:182} INFO - Started process (PID=878) to work on /home/airflow/.local/lib/python3.6/site-packages/airflow/example_dags/example_trigger_target_dag.py
[2021-08-07 19:21:02,023] {scheduler_job.py:633} INFO - Processing file /home/airflow/.local/lib/python3.6/site-packages/airflow/example_dags/example_trigger_target_dag.py for tasks to queue
[2021-08-07 19:21:02,024] {logging_mixin.py:104} INFO - [2021-08-07 19:21:02,024] {dagbag.py:496} INFO - Filling up the DagBag from /home/airflow/.local/lib/python3.6/site-packages/airflow/example_dags/example_trigger_target_dag.py
[2021-08-07 19:21:02,038] {scheduler_job.py:643} INFO - DAG(s) dict_keys(['example_trigger_target_dag']) retrieved from /home/airflow/.local/lib/python3.6/site-packages/airflow/example_dags/example_trigger_target_dag.py
[2021-08-07 19:21:02,058] {logging_mixin.py:104} INFO - [2021-08-07 19:21:02,058] {dag.py:1833} INFO - Sync 1 DAGs
[2021-08-07 19:21:02,074] {logging_mixin.py:104} INFO - [2021-08-07 19:21:02,074] {dag.py:2306} INFO - Setting next_dagrun for example_trigger_target_dag to None
[2021-08-07 19:21:02,088] {scheduler_job.py:190} INFO - Processing /home/airflow/.local/lib/python3.6/site-packages/airflow/example_dags/example_trigger_target_dag.py took 0.072 seconds
[2021-08-07 19:21:32,175] {scheduler_job.py:182} INFO - Started process (PID=932) to work on /home/airflow/.local/lib/python3.6/site-packages/airflow/example_dags/example_trigger_target_dag.py
[2021-08-07 19:21:32,176] {scheduler_job.py:633} INFO - Processing file /home/airflow/.local/lib/python3.6/site-packages/airflow/example_dags/example_trigger_target_dag.py for tasks to queue
[2021-08-07 19:21:32,176] {logging_mixin.py:104} INFO - [2021-08-07 19:21:32,176] {dagbag.py:496} INFO - Filling up the DagBag from /home/airflow/.local/lib/python3.6/site-packages/airflow/example_dags/example_trigger_target_dag.py
[2021-08-07 19:21:32,189] {scheduler_job.py:643} INFO - DAG(s) dict_keys(['example_trigger_target_dag']) retrieved from /home/airflow/.local/lib/python3.6/site-packages/airflow/example_dags/example_trigger_target_dag.py
[2021-08-07 19:21:32,209] {logging_mixin.py:104} INFO - [2021-08-07 19:21:32,208] {dag.py:1833} INFO - Sync 1 DAGs
[2021-08-07 19:21:32,222] {logging_mixin.py:104} INFO - [2021-08-07 19:21:32,222] {dag.py:2306} INFO - Setting next_dagrun for example_trigger_target_dag to None
[2021-08-07 19:21:32,230] {scheduler_job.py:190} INFO - Processing /home/airflow/.local/lib/python3.6/site-packages/airflow/example_dags/example_trigger_target_dag.py took 0.058 seconds
[2021-08-07 19:22:02,376] {scheduler_job.py:182} INFO - Started process (PID=995) to work on /home/airflow/.local/lib/python3.6/site-packages/airflow/example_dags/example_trigger_target_dag.py
[2021-08-07 19:22:02,377] {scheduler_job.py:633} INFO - Processing file /home/airflow/.local/lib/python3.6/site-packages/airflow/example_dags/example_trigger_target_dag.py for tasks to queue
[2021-08-07 19:22:02,377] {logging_mixin.py:104} INFO - [2021-08-07 19:22:02,377] {dagbag.py:496} INFO - Filling up the DagBag from /home/airflow/.local/lib/python3.6/site-packages/airflow/example_dags/example_trigger_target_dag.py
[2021-08-07 19:22:02,393] {scheduler_job.py:643} INFO - DAG(s) dict_keys(['example_trigger_target_dag']) retrieved from /home/airflow/.local/lib/python3.6/site-packages/airflow/example_dags/example_trigger_target_dag.py
[2021-08-07 19:22:02,416] {logging_mixin.py:104} INFO - [2021-08-07 19:22:02,415] {dag.py:1833} INFO - Sync 1 DAGs
[2021-08-07 19:22:02,433] {logging_mixin.py:104} INFO - [2021-08-07 19:22:02,433] {dag.py:2306} INFO - Setting next_dagrun for example_trigger_target_dag to None
[2021-08-07 19:22:02,443] {scheduler_job.py:190} INFO - Processing /home/airflow/.local/lib/python3.6/site-packages/airflow/example_dags/example_trigger_target_dag.py took 0.070 seconds
[2021-08-07 19:22:47,080] {scheduler_job.py:182} INFO - Started process (PID=1030) to work on /home/airflow/.local/lib/python3.6/site-packages/airflow/example_dags/example_trigger_target_dag.py
[2021-08-07 19:22:47,082] {scheduler_job.py:633} INFO - Processing file /home/airflow/.local/lib/python3.6/site-packages/airflow/example_dags/example_trigger_target_dag.py for tasks to queue
[2021-08-07 19:22:47,083] {logging_mixin.py:104} INFO - [2021-08-07 19:22:47,083] {dagbag.py:496} INFO - Filling up the DagBag from /home/airflow/.local/lib/python3.6/site-packages/airflow/example_dags/example_trigger_target_dag.py
[2021-08-07 19:22:47,097] {scheduler_job.py:643} INFO - DAG(s) dict_keys(['example_trigger_target_dag']) retrieved from /home/airflow/.local/lib/python3.6/site-packages/airflow/example_dags/example_trigger_target_dag.py
[2021-08-07 19:22:47,128] {logging_mixin.py:104} INFO - [2021-08-07 19:22:47,128] {dag.py:1833} INFO - Sync 1 DAGs
[2021-08-07 19:22:47,149] {logging_mixin.py:104} INFO - [2021-08-07 19:22:47,149] {dag.py:2306} INFO - Setting next_dagrun for example_trigger_target_dag to None
[2021-08-07 19:22:47,163] {scheduler_job.py:190} INFO - Processing /home/airflow/.local/lib/python3.6/site-packages/airflow/example_dags/example_trigger_target_dag.py took 0.085 seconds
[2021-08-07 19:23:17,695] {scheduler_job.py:182} INFO - Started process (PID=1094) to work on /home/airflow/.local/lib/python3.6/site-packages/airflow/example_dags/example_trigger_target_dag.py
[2021-08-07 19:23:17,696] {scheduler_job.py:633} INFO - Processing file /home/airflow/.local/lib/python3.6/site-packages/airflow/example_dags/example_trigger_target_dag.py for tasks to queue
[2021-08-07 19:23:17,697] {logging_mixin.py:104} INFO - [2021-08-07 19:23:17,697] {dagbag.py:496} INFO - Filling up the DagBag from /home/airflow/.local/lib/python3.6/site-packages/airflow/example_dags/example_trigger_target_dag.py
[2021-08-07 19:23:17,709] {scheduler_job.py:643} INFO - DAG(s) dict_keys(['example_trigger_target_dag']) retrieved from /home/airflow/.local/lib/python3.6/site-packages/airflow/example_dags/example_trigger_target_dag.py
[2021-08-07 19:23:17,723] {logging_mixin.py:104} INFO - [2021-08-07 19:23:17,723] {dag.py:1833} INFO - Sync 1 DAGs
[2021-08-07 19:23:17,736] {logging_mixin.py:104} INFO - [2021-08-07 19:23:17,736] {dag.py:2306} INFO - Setting next_dagrun for example_trigger_target_dag to None
[2021-08-07 19:23:17,747] {scheduler_job.py:190} INFO - Processing /home/airflow/.local/lib/python3.6/site-packages/airflow/example_dags/example_trigger_target_dag.py took 0.054 seconds
[2021-08-07 19:23:47,938] {scheduler_job.py:182} INFO - Started process (PID=1155) to work on /home/airflow/.local/lib/python3.6/site-packages/airflow/example_dags/example_trigger_target_dag.py
[2021-08-07 19:23:47,939] {scheduler_job.py:633} INFO - Processing file /home/airflow/.local/lib/python3.6/site-packages/airflow/example_dags/example_trigger_target_dag.py for tasks to queue
[2021-08-07 19:23:47,940] {logging_mixin.py:104} INFO - [2021-08-07 19:23:47,940] {dagbag.py:496} INFO - Filling up the DagBag from /home/airflow/.local/lib/python3.6/site-packages/airflow/example_dags/example_trigger_target_dag.py
[2021-08-07 19:23:47,953] {scheduler_job.py:643} INFO - DAG(s) dict_keys(['example_trigger_target_dag']) retrieved from /home/airflow/.local/lib/python3.6/site-packages/airflow/example_dags/example_trigger_target_dag.py
[2021-08-07 19:23:47,973] {logging_mixin.py:104} INFO - [2021-08-07 19:23:47,973] {dag.py:1833} INFO - Sync 1 DAGs
[2021-08-07 19:23:47,992] {logging_mixin.py:104} INFO - [2021-08-07 19:23:47,991] {dag.py:2306} INFO - Setting next_dagrun for example_trigger_target_dag to None
[2021-08-07 19:23:48,002] {scheduler_job.py:190} INFO - Processing /home/airflow/.local/lib/python3.6/site-packages/airflow/example_dags/example_trigger_target_dag.py took 0.067 seconds
[2021-08-07 19:24:18,809] {scheduler_job.py:182} INFO - Started process (PID=1208) to work on /home/airflow/.local/lib/python3.6/site-packages/airflow/example_dags/example_trigger_target_dag.py
[2021-08-07 19:24:18,810] {scheduler_job.py:633} INFO - Processing file /home/airflow/.local/lib/python3.6/site-packages/airflow/example_dags/example_trigger_target_dag.py for tasks to queue
[2021-08-07 19:24:18,811] {logging_mixin.py:104} INFO - [2021-08-07 19:24:18,811] {dagbag.py:496} INFO - Filling up the DagBag from /home/airflow/.local/lib/python3.6/site-packages/airflow/example_dags/example_trigger_target_dag.py
[2021-08-07 19:24:18,821] {scheduler_job.py:643} INFO - DAG(s) dict_keys(['example_trigger_target_dag']) retrieved from /home/airflow/.local/lib/python3.6/site-packages/airflow/example_dags/example_trigger_target_dag.py
[2021-08-07 19:24:18,836] {logging_mixin.py:104} INFO - [2021-08-07 19:24:18,835] {dag.py:1833} INFO - Sync 1 DAGs
[2021-08-07 19:24:18,848] {logging_mixin.py:104} INFO - [2021-08-07 19:24:18,848] {dag.py:2306} INFO - Setting next_dagrun for example_trigger_target_dag to None
[2021-08-07 19:24:18,856] {scheduler_job.py:190} INFO - Processing /home/airflow/.local/lib/python3.6/site-packages/airflow/example_dags/example_trigger_target_dag.py took 0.049 seconds
[2021-08-07 19:24:49,616] {scheduler_job.py:182} INFO - Started process (PID=1272) to work on /home/airflow/.local/lib/python3.6/site-packages/airflow/example_dags/example_trigger_target_dag.py
[2021-08-07 19:24:49,617] {scheduler_job.py:633} INFO - Processing file /home/airflow/.local/lib/python3.6/site-packages/airflow/example_dags/example_trigger_target_dag.py for tasks to queue
[2021-08-07 19:24:49,617] {logging_mixin.py:104} INFO - [2021-08-07 19:24:49,617] {dagbag.py:496} INFO - Filling up the DagBag from /home/airflow/.local/lib/python3.6/site-packages/airflow/example_dags/example_trigger_target_dag.py
[2021-08-07 19:24:49,629] {scheduler_job.py:643} INFO - DAG(s) dict_keys(['example_trigger_target_dag']) retrieved from /home/airflow/.local/lib/python3.6/site-packages/airflow/example_dags/example_trigger_target_dag.py
[2021-08-07 19:24:49,647] {logging_mixin.py:104} INFO - [2021-08-07 19:24:49,647] {dag.py:1833} INFO - Sync 1 DAGs
[2021-08-07 19:24:49,660] {logging_mixin.py:104} INFO - [2021-08-07 19:24:49,660] {dag.py:2306} INFO - Setting next_dagrun for example_trigger_target_dag to None
[2021-08-07 19:24:49,669] {scheduler_job.py:190} INFO - Processing /home/airflow/.local/lib/python3.6/site-packages/airflow/example_dags/example_trigger_target_dag.py took 0.055 seconds
