[2021-08-07 19:15:58,134] {scheduler_job.py:182} INFO - Started process (PID=171) to work on /home/airflow/.local/lib/python3.6/site-packages/airflow/example_dags/example_external_task_marker_dag.py
[2021-08-07 19:15:58,135] {scheduler_job.py:633} INFO - Processing file /home/airflow/.local/lib/python3.6/site-packages/airflow/example_dags/example_external_task_marker_dag.py for tasks to queue
[2021-08-07 19:15:58,135] {logging_mixin.py:104} INFO - [2021-08-07 19:15:58,135] {dagbag.py:496} INFO - Filling up the DagBag from /home/airflow/.local/lib/python3.6/site-packages/airflow/example_dags/example_external_task_marker_dag.py
[2021-08-07 19:15:58,159] {scheduler_job.py:643} INFO - DAG(s) dict_keys(['example_external_task_marker_parent', 'example_external_task_marker_child']) retrieved from /home/airflow/.local/lib/python3.6/site-packages/airflow/example_dags/example_external_task_marker_dag.py
[2021-08-07 19:16:01,334] {logging_mixin.py:104} INFO - [2021-08-07 19:16:01,332] {dag.py:1833} INFO - Sync 2 DAGs
[2021-08-07 19:16:01,348] {logging_mixin.py:104} INFO - [2021-08-07 19:16:01,347] {dag.py:1852} INFO - Creating ORM DAG for example_external_task_marker_child
[2021-08-07 19:16:01,349] {logging_mixin.py:104} INFO - [2021-08-07 19:16:01,349] {dag.py:1852} INFO - Creating ORM DAG for example_external_task_marker_parent
[2021-08-07 19:16:01,361] {logging_mixin.py:104} INFO - [2021-08-07 19:16:01,361] {dag.py:2306} INFO - Setting next_dagrun for example_external_task_marker_child to None
[2021-08-07 19:16:01,362] {logging_mixin.py:104} INFO - [2021-08-07 19:16:01,362] {dag.py:2306} INFO - Setting next_dagrun for example_external_task_marker_parent to None
[2021-08-07 19:16:01,378] {scheduler_job.py:190} INFO - Processing /home/airflow/.local/lib/python3.6/site-packages/airflow/example_dags/example_external_task_marker_dag.py took 3.246 seconds
[2021-08-07 19:16:31,961] {scheduler_job.py:182} INFO - Started process (PID=364) to work on /home/airflow/.local/lib/python3.6/site-packages/airflow/example_dags/example_external_task_marker_dag.py
[2021-08-07 19:16:31,963] {scheduler_job.py:633} INFO - Processing file /home/airflow/.local/lib/python3.6/site-packages/airflow/example_dags/example_external_task_marker_dag.py for tasks to queue
[2021-08-07 19:16:31,964] {logging_mixin.py:104} INFO - [2021-08-07 19:16:31,964] {dagbag.py:496} INFO - Filling up the DagBag from /home/airflow/.local/lib/python3.6/site-packages/airflow/example_dags/example_external_task_marker_dag.py
[2021-08-07 19:16:31,991] {scheduler_job.py:643} INFO - DAG(s) dict_keys(['example_external_task_marker_parent', 'example_external_task_marker_child']) retrieved from /home/airflow/.local/lib/python3.6/site-packages/airflow/example_dags/example_external_task_marker_dag.py
[2021-08-07 19:16:32,248] {logging_mixin.py:104} INFO - [2021-08-07 19:16:32,248] {dag.py:1833} INFO - Sync 2 DAGs
[2021-08-07 19:16:32,261] {logging_mixin.py:104} INFO - [2021-08-07 19:16:32,260] {dag.py:2306} INFO - Setting next_dagrun for example_external_task_marker_child to None
[2021-08-07 19:16:32,261] {logging_mixin.py:104} INFO - [2021-08-07 19:16:32,261] {dag.py:2306} INFO - Setting next_dagrun for example_external_task_marker_parent to None
[2021-08-07 19:16:32,271] {scheduler_job.py:190} INFO - Processing /home/airflow/.local/lib/python3.6/site-packages/airflow/example_dags/example_external_task_marker_dag.py took 0.313 seconds
[2021-08-07 19:17:02,377] {scheduler_job.py:182} INFO - Started process (PID=430) to work on /home/airflow/.local/lib/python3.6/site-packages/airflow/example_dags/example_external_task_marker_dag.py
[2021-08-07 19:17:02,378] {scheduler_job.py:633} INFO - Processing file /home/airflow/.local/lib/python3.6/site-packages/airflow/example_dags/example_external_task_marker_dag.py for tasks to queue
[2021-08-07 19:17:02,379] {logging_mixin.py:104} INFO - [2021-08-07 19:17:02,379] {dagbag.py:496} INFO - Filling up the DagBag from /home/airflow/.local/lib/python3.6/site-packages/airflow/example_dags/example_external_task_marker_dag.py
[2021-08-07 19:17:02,409] {scheduler_job.py:643} INFO - DAG(s) dict_keys(['example_external_task_marker_parent', 'example_external_task_marker_child']) retrieved from /home/airflow/.local/lib/python3.6/site-packages/airflow/example_dags/example_external_task_marker_dag.py
[2021-08-07 19:17:02,725] {logging_mixin.py:104} INFO - [2021-08-07 19:17:02,725] {dag.py:1833} INFO - Sync 2 DAGs
[2021-08-07 19:17:02,745] {logging_mixin.py:104} INFO - [2021-08-07 19:17:02,745] {dag.py:2306} INFO - Setting next_dagrun for example_external_task_marker_child to None
[2021-08-07 19:17:02,746] {logging_mixin.py:104} INFO - [2021-08-07 19:17:02,746] {dag.py:2306} INFO - Setting next_dagrun for example_external_task_marker_parent to None
[2021-08-07 19:17:02,762] {scheduler_job.py:190} INFO - Processing /home/airflow/.local/lib/python3.6/site-packages/airflow/example_dags/example_external_task_marker_dag.py took 0.388 seconds
[2021-08-07 19:17:32,813] {scheduler_job.py:182} INFO - Started process (PID=487) to work on /home/airflow/.local/lib/python3.6/site-packages/airflow/example_dags/example_external_task_marker_dag.py
[2021-08-07 19:17:32,815] {scheduler_job.py:633} INFO - Processing file /home/airflow/.local/lib/python3.6/site-packages/airflow/example_dags/example_external_task_marker_dag.py for tasks to queue
[2021-08-07 19:17:32,816] {logging_mixin.py:104} INFO - [2021-08-07 19:17:32,816] {dagbag.py:496} INFO - Filling up the DagBag from /home/airflow/.local/lib/python3.6/site-packages/airflow/example_dags/example_external_task_marker_dag.py
[2021-08-07 19:17:32,858] {scheduler_job.py:643} INFO - DAG(s) dict_keys(['example_external_task_marker_parent', 'example_external_task_marker_child']) retrieved from /home/airflow/.local/lib/python3.6/site-packages/airflow/example_dags/example_external_task_marker_dag.py
[2021-08-07 19:17:33,415] {logging_mixin.py:104} INFO - [2021-08-07 19:17:33,415] {dag.py:1833} INFO - Sync 2 DAGs
[2021-08-07 19:17:33,451] {logging_mixin.py:104} INFO - [2021-08-07 19:17:33,451] {dag.py:2306} INFO - Setting next_dagrun for example_external_task_marker_child to None
[2021-08-07 19:17:33,453] {logging_mixin.py:104} INFO - [2021-08-07 19:17:33,453] {dag.py:2306} INFO - Setting next_dagrun for example_external_task_marker_parent to None
[2021-08-07 19:17:33,477] {scheduler_job.py:190} INFO - Processing /home/airflow/.local/lib/python3.6/site-packages/airflow/example_dags/example_external_task_marker_dag.py took 0.669 seconds
[2021-08-07 19:18:04,311] {scheduler_job.py:182} INFO - Started process (PID=540) to work on /home/airflow/.local/lib/python3.6/site-packages/airflow/example_dags/example_external_task_marker_dag.py
[2021-08-07 19:18:04,313] {scheduler_job.py:633} INFO - Processing file /home/airflow/.local/lib/python3.6/site-packages/airflow/example_dags/example_external_task_marker_dag.py for tasks to queue
[2021-08-07 19:18:04,314] {logging_mixin.py:104} INFO - [2021-08-07 19:18:04,314] {dagbag.py:496} INFO - Filling up the DagBag from /home/airflow/.local/lib/python3.6/site-packages/airflow/example_dags/example_external_task_marker_dag.py
[2021-08-07 19:18:04,331] {scheduler_job.py:643} INFO - DAG(s) dict_keys(['example_external_task_marker_parent', 'example_external_task_marker_child']) retrieved from /home/airflow/.local/lib/python3.6/site-packages/airflow/example_dags/example_external_task_marker_dag.py
[2021-08-07 19:18:04,359] {logging_mixin.py:104} INFO - [2021-08-07 19:18:04,359] {dag.py:1833} INFO - Sync 2 DAGs
[2021-08-07 19:18:04,378] {logging_mixin.py:104} INFO - [2021-08-07 19:18:04,377] {dag.py:2306} INFO - Setting next_dagrun for example_external_task_marker_child to None
[2021-08-07 19:18:04,378] {logging_mixin.py:104} INFO - [2021-08-07 19:18:04,378] {dag.py:2306} INFO - Setting next_dagrun for example_external_task_marker_parent to None
[2021-08-07 19:18:04,389] {scheduler_job.py:190} INFO - Processing /home/airflow/.local/lib/python3.6/site-packages/airflow/example_dags/example_external_task_marker_dag.py took 0.083 seconds
[2021-08-07 19:18:35,018] {scheduler_job.py:182} INFO - Started process (PID=605) to work on /home/airflow/.local/lib/python3.6/site-packages/airflow/example_dags/example_external_task_marker_dag.py
[2021-08-07 19:18:35,019] {scheduler_job.py:633} INFO - Processing file /home/airflow/.local/lib/python3.6/site-packages/airflow/example_dags/example_external_task_marker_dag.py for tasks to queue
[2021-08-07 19:18:35,020] {logging_mixin.py:104} INFO - [2021-08-07 19:18:35,020] {dagbag.py:496} INFO - Filling up the DagBag from /home/airflow/.local/lib/python3.6/site-packages/airflow/example_dags/example_external_task_marker_dag.py
[2021-08-07 19:18:35,036] {scheduler_job.py:643} INFO - DAG(s) dict_keys(['example_external_task_marker_parent', 'example_external_task_marker_child']) retrieved from /home/airflow/.local/lib/python3.6/site-packages/airflow/example_dags/example_external_task_marker_dag.py
[2021-08-07 19:18:35,232] {logging_mixin.py:104} INFO - [2021-08-07 19:18:35,232] {dag.py:1833} INFO - Sync 2 DAGs
[2021-08-07 19:18:35,245] {logging_mixin.py:104} INFO - [2021-08-07 19:18:35,245] {dag.py:2306} INFO - Setting next_dagrun for example_external_task_marker_child to None
[2021-08-07 19:18:35,246] {logging_mixin.py:104} INFO - [2021-08-07 19:18:35,246] {dag.py:2306} INFO - Setting next_dagrun for example_external_task_marker_parent to None
[2021-08-07 19:18:35,256] {scheduler_job.py:190} INFO - Processing /home/airflow/.local/lib/python3.6/site-packages/airflow/example_dags/example_external_task_marker_dag.py took 0.241 seconds
[2021-08-07 19:19:06,190] {scheduler_job.py:182} INFO - Started process (PID=659) to work on /home/airflow/.local/lib/python3.6/site-packages/airflow/example_dags/example_external_task_marker_dag.py
[2021-08-07 19:19:06,192] {scheduler_job.py:633} INFO - Processing file /home/airflow/.local/lib/python3.6/site-packages/airflow/example_dags/example_external_task_marker_dag.py for tasks to queue
[2021-08-07 19:19:06,193] {logging_mixin.py:104} INFO - [2021-08-07 19:19:06,193] {dagbag.py:496} INFO - Filling up the DagBag from /home/airflow/.local/lib/python3.6/site-packages/airflow/example_dags/example_external_task_marker_dag.py
[2021-08-07 19:19:06,216] {scheduler_job.py:643} INFO - DAG(s) dict_keys(['example_external_task_marker_parent', 'example_external_task_marker_child']) retrieved from /home/airflow/.local/lib/python3.6/site-packages/airflow/example_dags/example_external_task_marker_dag.py
[2021-08-07 19:19:06,266] {logging_mixin.py:104} INFO - [2021-08-07 19:19:06,266] {dag.py:1833} INFO - Sync 2 DAGs
[2021-08-07 19:19:06,291] {logging_mixin.py:104} INFO - [2021-08-07 19:19:06,290] {dag.py:2306} INFO - Setting next_dagrun for example_external_task_marker_child to None
[2021-08-07 19:19:06,292] {logging_mixin.py:104} INFO - [2021-08-07 19:19:06,292] {dag.py:2306} INFO - Setting next_dagrun for example_external_task_marker_parent to None
[2021-08-07 19:19:06,309] {scheduler_job.py:190} INFO - Processing /home/airflow/.local/lib/python3.6/site-packages/airflow/example_dags/example_external_task_marker_dag.py took 0.125 seconds
[2021-08-07 19:19:36,536] {scheduler_job.py:182} INFO - Started process (PID=726) to work on /home/airflow/.local/lib/python3.6/site-packages/airflow/example_dags/example_external_task_marker_dag.py
[2021-08-07 19:19:36,537] {scheduler_job.py:633} INFO - Processing file /home/airflow/.local/lib/python3.6/site-packages/airflow/example_dags/example_external_task_marker_dag.py for tasks to queue
[2021-08-07 19:19:36,538] {logging_mixin.py:104} INFO - [2021-08-07 19:19:36,538] {dagbag.py:496} INFO - Filling up the DagBag from /home/airflow/.local/lib/python3.6/site-packages/airflow/example_dags/example_external_task_marker_dag.py
[2021-08-07 19:19:36,547] {scheduler_job.py:643} INFO - DAG(s) dict_keys(['example_external_task_marker_parent', 'example_external_task_marker_child']) retrieved from /home/airflow/.local/lib/python3.6/site-packages/airflow/example_dags/example_external_task_marker_dag.py
[2021-08-07 19:19:36,789] {logging_mixin.py:104} INFO - [2021-08-07 19:19:36,789] {dag.py:1833} INFO - Sync 2 DAGs
[2021-08-07 19:19:36,803] {logging_mixin.py:104} INFO - [2021-08-07 19:19:36,803] {dag.py:2306} INFO - Setting next_dagrun for example_external_task_marker_child to None
[2021-08-07 19:19:36,804] {logging_mixin.py:104} INFO - [2021-08-07 19:19:36,804] {dag.py:2306} INFO - Setting next_dagrun for example_external_task_marker_parent to None
[2021-08-07 19:19:36,814] {scheduler_job.py:190} INFO - Processing /home/airflow/.local/lib/python3.6/site-packages/airflow/example_dags/example_external_task_marker_dag.py took 0.281 seconds
[2021-08-07 19:20:06,834] {scheduler_job.py:182} INFO - Started process (PID=779) to work on /home/airflow/.local/lib/python3.6/site-packages/airflow/example_dags/example_external_task_marker_dag.py
[2021-08-07 19:20:06,835] {scheduler_job.py:633} INFO - Processing file /home/airflow/.local/lib/python3.6/site-packages/airflow/example_dags/example_external_task_marker_dag.py for tasks to queue
[2021-08-07 19:20:06,835] {logging_mixin.py:104} INFO - [2021-08-07 19:20:06,835] {dagbag.py:496} INFO - Filling up the DagBag from /home/airflow/.local/lib/python3.6/site-packages/airflow/example_dags/example_external_task_marker_dag.py
[2021-08-07 19:20:06,848] {scheduler_job.py:643} INFO - DAG(s) dict_keys(['example_external_task_marker_parent', 'example_external_task_marker_child']) retrieved from /home/airflow/.local/lib/python3.6/site-packages/airflow/example_dags/example_external_task_marker_dag.py
[2021-08-07 19:20:06,872] {logging_mixin.py:104} INFO - [2021-08-07 19:20:06,872] {dag.py:1833} INFO - Sync 2 DAGs
[2021-08-07 19:20:06,900] {logging_mixin.py:104} INFO - [2021-08-07 19:20:06,899] {dag.py:2306} INFO - Setting next_dagrun for example_external_task_marker_child to None
[2021-08-07 19:20:06,901] {logging_mixin.py:104} INFO - [2021-08-07 19:20:06,901] {dag.py:2306} INFO - Setting next_dagrun for example_external_task_marker_parent to None
[2021-08-07 19:20:06,916] {scheduler_job.py:190} INFO - Processing /home/airflow/.local/lib/python3.6/site-packages/airflow/example_dags/example_external_task_marker_dag.py took 0.084 seconds
[2021-08-07 19:20:37,012] {scheduler_job.py:182} INFO - Started process (PID=843) to work on /home/airflow/.local/lib/python3.6/site-packages/airflow/example_dags/example_external_task_marker_dag.py
[2021-08-07 19:20:37,014] {scheduler_job.py:633} INFO - Processing file /home/airflow/.local/lib/python3.6/site-packages/airflow/example_dags/example_external_task_marker_dag.py for tasks to queue
[2021-08-07 19:20:37,015] {logging_mixin.py:104} INFO - [2021-08-07 19:20:37,015] {dagbag.py:496} INFO - Filling up the DagBag from /home/airflow/.local/lib/python3.6/site-packages/airflow/example_dags/example_external_task_marker_dag.py
[2021-08-07 19:20:37,031] {scheduler_job.py:643} INFO - DAG(s) dict_keys(['example_external_task_marker_parent', 'example_external_task_marker_child']) retrieved from /home/airflow/.local/lib/python3.6/site-packages/airflow/example_dags/example_external_task_marker_dag.py
[2021-08-07 19:20:37,062] {logging_mixin.py:104} INFO - [2021-08-07 19:20:37,062] {dag.py:1833} INFO - Sync 2 DAGs
[2021-08-07 19:20:37,085] {logging_mixin.py:104} INFO - [2021-08-07 19:20:37,085] {dag.py:2306} INFO - Setting next_dagrun for example_external_task_marker_child to None
[2021-08-07 19:20:37,087] {logging_mixin.py:104} INFO - [2021-08-07 19:20:37,086] {dag.py:2306} INFO - Setting next_dagrun for example_external_task_marker_parent to None
[2021-08-07 19:20:37,102] {scheduler_job.py:190} INFO - Processing /home/airflow/.local/lib/python3.6/site-packages/airflow/example_dags/example_external_task_marker_dag.py took 0.094 seconds
[2021-08-07 19:21:07,299] {scheduler_job.py:182} INFO - Started process (PID=896) to work on /home/airflow/.local/lib/python3.6/site-packages/airflow/example_dags/example_external_task_marker_dag.py
[2021-08-07 19:21:07,300] {scheduler_job.py:633} INFO - Processing file /home/airflow/.local/lib/python3.6/site-packages/airflow/example_dags/example_external_task_marker_dag.py for tasks to queue
[2021-08-07 19:21:07,301] {logging_mixin.py:104} INFO - [2021-08-07 19:21:07,301] {dagbag.py:496} INFO - Filling up the DagBag from /home/airflow/.local/lib/python3.6/site-packages/airflow/example_dags/example_external_task_marker_dag.py
[2021-08-07 19:21:07,316] {scheduler_job.py:643} INFO - DAG(s) dict_keys(['example_external_task_marker_parent', 'example_external_task_marker_child']) retrieved from /home/airflow/.local/lib/python3.6/site-packages/airflow/example_dags/example_external_task_marker_dag.py
[2021-08-07 19:21:07,616] {logging_mixin.py:104} INFO - [2021-08-07 19:21:07,615] {dag.py:1833} INFO - Sync 2 DAGs
[2021-08-07 19:21:07,630] {logging_mixin.py:104} INFO - [2021-08-07 19:21:07,630] {dag.py:2306} INFO - Setting next_dagrun for example_external_task_marker_child to None
[2021-08-07 19:21:07,631] {logging_mixin.py:104} INFO - [2021-08-07 19:21:07,631] {dag.py:2306} INFO - Setting next_dagrun for example_external_task_marker_parent to None
[2021-08-07 19:21:07,642] {scheduler_job.py:190} INFO - Processing /home/airflow/.local/lib/python3.6/site-packages/airflow/example_dags/example_external_task_marker_dag.py took 0.346 seconds
[2021-08-07 19:21:38,013] {scheduler_job.py:182} INFO - Started process (PID=960) to work on /home/airflow/.local/lib/python3.6/site-packages/airflow/example_dags/example_external_task_marker_dag.py
[2021-08-07 19:21:38,014] {scheduler_job.py:633} INFO - Processing file /home/airflow/.local/lib/python3.6/site-packages/airflow/example_dags/example_external_task_marker_dag.py for tasks to queue
[2021-08-07 19:21:38,014] {logging_mixin.py:104} INFO - [2021-08-07 19:21:38,014] {dagbag.py:496} INFO - Filling up the DagBag from /home/airflow/.local/lib/python3.6/site-packages/airflow/example_dags/example_external_task_marker_dag.py
[2021-08-07 19:21:38,028] {scheduler_job.py:643} INFO - DAG(s) dict_keys(['example_external_task_marker_parent', 'example_external_task_marker_child']) retrieved from /home/airflow/.local/lib/python3.6/site-packages/airflow/example_dags/example_external_task_marker_dag.py
[2021-08-07 19:21:38,257] {logging_mixin.py:104} INFO - [2021-08-07 19:21:38,257] {dag.py:1833} INFO - Sync 2 DAGs
[2021-08-07 19:21:38,272] {logging_mixin.py:104} INFO - [2021-08-07 19:21:38,272] {dag.py:2306} INFO - Setting next_dagrun for example_external_task_marker_child to None
[2021-08-07 19:21:38,273] {logging_mixin.py:104} INFO - [2021-08-07 19:21:38,273] {dag.py:2306} INFO - Setting next_dagrun for example_external_task_marker_parent to None
[2021-08-07 19:21:38,284] {scheduler_job.py:190} INFO - Processing /home/airflow/.local/lib/python3.6/site-packages/airflow/example_dags/example_external_task_marker_dag.py took 0.274 seconds
[2021-08-07 19:22:08,506] {scheduler_job.py:182} INFO - Started process (PID=1013) to work on /home/airflow/.local/lib/python3.6/site-packages/airflow/example_dags/example_external_task_marker_dag.py
[2021-08-07 19:22:08,507] {scheduler_job.py:633} INFO - Processing file /home/airflow/.local/lib/python3.6/site-packages/airflow/example_dags/example_external_task_marker_dag.py for tasks to queue
[2021-08-07 19:22:08,508] {logging_mixin.py:104} INFO - [2021-08-07 19:22:08,507] {dagbag.py:496} INFO - Filling up the DagBag from /home/airflow/.local/lib/python3.6/site-packages/airflow/example_dags/example_external_task_marker_dag.py
[2021-08-07 19:22:08,519] {scheduler_job.py:643} INFO - DAG(s) dict_keys(['example_external_task_marker_parent', 'example_external_task_marker_child']) retrieved from /home/airflow/.local/lib/python3.6/site-packages/airflow/example_dags/example_external_task_marker_dag.py
[2021-08-07 19:22:08,539] {logging_mixin.py:104} INFO - [2021-08-07 19:22:08,539] {dag.py:1833} INFO - Sync 2 DAGs
[2021-08-07 19:22:08,552] {logging_mixin.py:104} INFO - [2021-08-07 19:22:08,552] {dag.py:2306} INFO - Setting next_dagrun for example_external_task_marker_child to None
[2021-08-07 19:22:08,553] {logging_mixin.py:104} INFO - [2021-08-07 19:22:08,553] {dag.py:2306} INFO - Setting next_dagrun for example_external_task_marker_parent to None
[2021-08-07 19:22:08,562] {scheduler_job.py:190} INFO - Processing /home/airflow/.local/lib/python3.6/site-packages/airflow/example_dags/example_external_task_marker_dag.py took 0.059 seconds
[2021-08-07 19:22:47,868] {scheduler_job.py:182} INFO - Started process (PID=1044) to work on /home/airflow/.local/lib/python3.6/site-packages/airflow/example_dags/example_external_task_marker_dag.py
[2021-08-07 19:22:47,870] {scheduler_job.py:633} INFO - Processing file /home/airflow/.local/lib/python3.6/site-packages/airflow/example_dags/example_external_task_marker_dag.py for tasks to queue
[2021-08-07 19:22:47,871] {logging_mixin.py:104} INFO - [2021-08-07 19:22:47,871] {dagbag.py:496} INFO - Filling up the DagBag from /home/airflow/.local/lib/python3.6/site-packages/airflow/example_dags/example_external_task_marker_dag.py
[2021-08-07 19:22:47,885] {scheduler_job.py:643} INFO - DAG(s) dict_keys(['example_external_task_marker_parent', 'example_external_task_marker_child']) retrieved from /home/airflow/.local/lib/python3.6/site-packages/airflow/example_dags/example_external_task_marker_dag.py
[2021-08-07 19:22:48,139] {logging_mixin.py:104} INFO - [2021-08-07 19:22:48,139] {dag.py:1833} INFO - Sync 2 DAGs
[2021-08-07 19:22:48,159] {logging_mixin.py:104} INFO - [2021-08-07 19:22:48,159] {dag.py:2306} INFO - Setting next_dagrun for example_external_task_marker_child to None
[2021-08-07 19:22:48,160] {logging_mixin.py:104} INFO - [2021-08-07 19:22:48,160] {dag.py:2306} INFO - Setting next_dagrun for example_external_task_marker_parent to None
[2021-08-07 19:22:48,179] {scheduler_job.py:190} INFO - Processing /home/airflow/.local/lib/python3.6/site-packages/airflow/example_dags/example_external_task_marker_dag.py took 0.313 seconds
[2021-08-07 19:23:18,339] {scheduler_job.py:182} INFO - Started process (PID=1108) to work on /home/airflow/.local/lib/python3.6/site-packages/airflow/example_dags/example_external_task_marker_dag.py
[2021-08-07 19:23:18,340] {scheduler_job.py:633} INFO - Processing file /home/airflow/.local/lib/python3.6/site-packages/airflow/example_dags/example_external_task_marker_dag.py for tasks to queue
[2021-08-07 19:23:18,341] {logging_mixin.py:104} INFO - [2021-08-07 19:23:18,341] {dagbag.py:496} INFO - Filling up the DagBag from /home/airflow/.local/lib/python3.6/site-packages/airflow/example_dags/example_external_task_marker_dag.py
[2021-08-07 19:23:18,354] {scheduler_job.py:643} INFO - DAG(s) dict_keys(['example_external_task_marker_parent', 'example_external_task_marker_child']) retrieved from /home/airflow/.local/lib/python3.6/site-packages/airflow/example_dags/example_external_task_marker_dag.py
[2021-08-07 19:23:18,552] {logging_mixin.py:104} INFO - [2021-08-07 19:23:18,552] {dag.py:1833} INFO - Sync 2 DAGs
[2021-08-07 19:23:18,566] {logging_mixin.py:104} INFO - [2021-08-07 19:23:18,566] {dag.py:2306} INFO - Setting next_dagrun for example_external_task_marker_child to None
[2021-08-07 19:23:18,568] {logging_mixin.py:104} INFO - [2021-08-07 19:23:18,568] {dag.py:2306} INFO - Setting next_dagrun for example_external_task_marker_parent to None
[2021-08-07 19:23:18,580] {scheduler_job.py:190} INFO - Processing /home/airflow/.local/lib/python3.6/site-packages/airflow/example_dags/example_external_task_marker_dag.py took 0.244 seconds
[2021-08-07 19:23:48,604] {scheduler_job.py:182} INFO - Started process (PID=1169) to work on /home/airflow/.local/lib/python3.6/site-packages/airflow/example_dags/example_external_task_marker_dag.py
[2021-08-07 19:23:48,604] {scheduler_job.py:633} INFO - Processing file /home/airflow/.local/lib/python3.6/site-packages/airflow/example_dags/example_external_task_marker_dag.py for tasks to queue
[2021-08-07 19:23:48,605] {logging_mixin.py:104} INFO - [2021-08-07 19:23:48,605] {dagbag.py:496} INFO - Filling up the DagBag from /home/airflow/.local/lib/python3.6/site-packages/airflow/example_dags/example_external_task_marker_dag.py
[2021-08-07 19:23:48,614] {scheduler_job.py:643} INFO - DAG(s) dict_keys(['example_external_task_marker_parent', 'example_external_task_marker_child']) retrieved from /home/airflow/.local/lib/python3.6/site-packages/airflow/example_dags/example_external_task_marker_dag.py
[2021-08-07 19:23:48,806] {logging_mixin.py:104} INFO - [2021-08-07 19:23:48,806] {dag.py:1833} INFO - Sync 2 DAGs
[2021-08-07 19:23:48,820] {logging_mixin.py:104} INFO - [2021-08-07 19:23:48,820] {dag.py:2306} INFO - Setting next_dagrun for example_external_task_marker_child to None
[2021-08-07 19:23:48,821] {logging_mixin.py:104} INFO - [2021-08-07 19:23:48,821] {dag.py:2306} INFO - Setting next_dagrun for example_external_task_marker_parent to None
[2021-08-07 19:23:48,832] {scheduler_job.py:190} INFO - Processing /home/airflow/.local/lib/python3.6/site-packages/airflow/example_dags/example_external_task_marker_dag.py took 0.232 seconds
[2021-08-07 19:24:19,398] {scheduler_job.py:182} INFO - Started process (PID=1222) to work on /home/airflow/.local/lib/python3.6/site-packages/airflow/example_dags/example_external_task_marker_dag.py
[2021-08-07 19:24:19,399] {scheduler_job.py:633} INFO - Processing file /home/airflow/.local/lib/python3.6/site-packages/airflow/example_dags/example_external_task_marker_dag.py for tasks to queue
[2021-08-07 19:24:19,400] {logging_mixin.py:104} INFO - [2021-08-07 19:24:19,399] {dagbag.py:496} INFO - Filling up the DagBag from /home/airflow/.local/lib/python3.6/site-packages/airflow/example_dags/example_external_task_marker_dag.py
[2021-08-07 19:24:19,409] {scheduler_job.py:643} INFO - DAG(s) dict_keys(['example_external_task_marker_parent', 'example_external_task_marker_child']) retrieved from /home/airflow/.local/lib/python3.6/site-packages/airflow/example_dags/example_external_task_marker_dag.py
[2021-08-07 19:24:19,430] {logging_mixin.py:104} INFO - [2021-08-07 19:24:19,429] {dag.py:1833} INFO - Sync 2 DAGs
[2021-08-07 19:24:19,443] {logging_mixin.py:104} INFO - [2021-08-07 19:24:19,443] {dag.py:2306} INFO - Setting next_dagrun for example_external_task_marker_child to None
[2021-08-07 19:24:19,444] {logging_mixin.py:104} INFO - [2021-08-07 19:24:19,444] {dag.py:2306} INFO - Setting next_dagrun for example_external_task_marker_parent to None
[2021-08-07 19:24:19,453] {scheduler_job.py:190} INFO - Processing /home/airflow/.local/lib/python3.6/site-packages/airflow/example_dags/example_external_task_marker_dag.py took 0.057 seconds
[2021-08-07 19:24:50,170] {scheduler_job.py:182} INFO - Started process (PID=1286) to work on /home/airflow/.local/lib/python3.6/site-packages/airflow/example_dags/example_external_task_marker_dag.py
[2021-08-07 19:24:50,172] {scheduler_job.py:633} INFO - Processing file /home/airflow/.local/lib/python3.6/site-packages/airflow/example_dags/example_external_task_marker_dag.py for tasks to queue
[2021-08-07 19:24:50,172] {logging_mixin.py:104} INFO - [2021-08-07 19:24:50,172] {dagbag.py:496} INFO - Filling up the DagBag from /home/airflow/.local/lib/python3.6/site-packages/airflow/example_dags/example_external_task_marker_dag.py
[2021-08-07 19:24:50,183] {scheduler_job.py:643} INFO - DAG(s) dict_keys(['example_external_task_marker_parent', 'example_external_task_marker_child']) retrieved from /home/airflow/.local/lib/python3.6/site-packages/airflow/example_dags/example_external_task_marker_dag.py
[2021-08-07 19:24:50,371] {logging_mixin.py:104} INFO - [2021-08-07 19:24:50,371] {dag.py:1833} INFO - Sync 2 DAGs
[2021-08-07 19:24:50,388] {logging_mixin.py:104} INFO - [2021-08-07 19:24:50,388] {dag.py:2306} INFO - Setting next_dagrun for example_external_task_marker_child to None
[2021-08-07 19:24:50,389] {logging_mixin.py:104} INFO - [2021-08-07 19:24:50,389] {dag.py:2306} INFO - Setting next_dagrun for example_external_task_marker_parent to None
[2021-08-07 19:24:50,400] {scheduler_job.py:190} INFO - Processing /home/airflow/.local/lib/python3.6/site-packages/airflow/example_dags/example_external_task_marker_dag.py took 0.232 seconds
