[2021-08-07 19:15:38,204] {scheduler_job.py:182} INFO - Started process (PID=54) to work on /home/airflow/.local/lib/python3.6/site-packages/airflow/example_dags/example_skip_dag.py
[2021-08-07 19:15:38,205] {scheduler_job.py:633} INFO - Processing file /home/airflow/.local/lib/python3.6/site-packages/airflow/example_dags/example_skip_dag.py for tasks to queue
[2021-08-07 19:15:38,206] {logging_mixin.py:104} INFO - [2021-08-07 19:15:38,206] {dagbag.py:496} INFO - Filling up the DagBag from /home/airflow/.local/lib/python3.6/site-packages/airflow/example_dags/example_skip_dag.py
[2021-08-07 19:15:38,226] {scheduler_job.py:643} INFO - DAG(s) dict_keys(['example_skip_dag']) retrieved from /home/airflow/.local/lib/python3.6/site-packages/airflow/example_dags/example_skip_dag.py
[2021-08-07 19:15:41,913] {logging_mixin.py:104} INFO - [2021-08-07 19:15:41,912] {dag.py:1833} INFO - Sync 1 DAGs
[2021-08-07 19:15:41,926] {logging_mixin.py:104} INFO - [2021-08-07 19:15:41,925] {dag.py:1852} INFO - Creating ORM DAG for example_skip_dag
[2021-08-07 19:15:41,932] {logging_mixin.py:104} INFO - [2021-08-07 19:15:41,932] {dag.py:2306} INFO - Setting next_dagrun for example_skip_dag to 2021-08-05 00:00:00+00:00
[2021-08-07 19:15:41,950] {scheduler_job.py:190} INFO - Processing /home/airflow/.local/lib/python3.6/site-packages/airflow/example_dags/example_skip_dag.py took 3.749 seconds
[2021-08-07 19:16:28,015] {scheduler_job.py:182} INFO - Started process (PID=351) to work on /home/airflow/.local/lib/python3.6/site-packages/airflow/example_dags/example_skip_dag.py
[2021-08-07 19:16:28,016] {scheduler_job.py:633} INFO - Processing file /home/airflow/.local/lib/python3.6/site-packages/airflow/example_dags/example_skip_dag.py for tasks to queue
[2021-08-07 19:16:28,017] {logging_mixin.py:104} INFO - [2021-08-07 19:16:28,017] {dagbag.py:496} INFO - Filling up the DagBag from /home/airflow/.local/lib/python3.6/site-packages/airflow/example_dags/example_skip_dag.py
[2021-08-07 19:16:28,031] {scheduler_job.py:643} INFO - DAG(s) dict_keys(['example_skip_dag']) retrieved from /home/airflow/.local/lib/python3.6/site-packages/airflow/example_dags/example_skip_dag.py
[2021-08-07 19:16:28,053] {logging_mixin.py:104} INFO - [2021-08-07 19:16:28,053] {dag.py:1833} INFO - Sync 1 DAGs
[2021-08-07 19:16:28,071] {logging_mixin.py:104} INFO - [2021-08-07 19:16:28,071] {dag.py:2306} INFO - Setting next_dagrun for example_skip_dag to 2021-08-05 00:00:00+00:00
[2021-08-07 19:16:28,081] {scheduler_job.py:190} INFO - Processing /home/airflow/.local/lib/python3.6/site-packages/airflow/example_dags/example_skip_dag.py took 0.069 seconds
[2021-08-07 19:16:58,327] {scheduler_job.py:182} INFO - Started process (PID=407) to work on /home/airflow/.local/lib/python3.6/site-packages/airflow/example_dags/example_skip_dag.py
[2021-08-07 19:16:58,328] {scheduler_job.py:633} INFO - Processing file /home/airflow/.local/lib/python3.6/site-packages/airflow/example_dags/example_skip_dag.py for tasks to queue
[2021-08-07 19:16:58,328] {logging_mixin.py:104} INFO - [2021-08-07 19:16:58,328] {dagbag.py:496} INFO - Filling up the DagBag from /home/airflow/.local/lib/python3.6/site-packages/airflow/example_dags/example_skip_dag.py
[2021-08-07 19:16:58,347] {scheduler_job.py:643} INFO - DAG(s) dict_keys(['example_skip_dag']) retrieved from /home/airflow/.local/lib/python3.6/site-packages/airflow/example_dags/example_skip_dag.py
[2021-08-07 19:16:58,375] {logging_mixin.py:104} INFO - [2021-08-07 19:16:58,375] {dag.py:1833} INFO - Sync 1 DAGs
[2021-08-07 19:16:58,401] {logging_mixin.py:104} INFO - [2021-08-07 19:16:58,401] {dag.py:2306} INFO - Setting next_dagrun for example_skip_dag to 2021-08-05 00:00:00+00:00
[2021-08-07 19:16:58,413] {scheduler_job.py:190} INFO - Processing /home/airflow/.local/lib/python3.6/site-packages/airflow/example_dags/example_skip_dag.py took 0.090 seconds
[2021-08-07 19:17:29,597] {scheduler_job.py:182} INFO - Started process (PID=470) to work on /home/airflow/.local/lib/python3.6/site-packages/airflow/example_dags/example_skip_dag.py
[2021-08-07 19:17:29,599] {scheduler_job.py:633} INFO - Processing file /home/airflow/.local/lib/python3.6/site-packages/airflow/example_dags/example_skip_dag.py for tasks to queue
[2021-08-07 19:17:29,600] {logging_mixin.py:104} INFO - [2021-08-07 19:17:29,600] {dagbag.py:496} INFO - Filling up the DagBag from /home/airflow/.local/lib/python3.6/site-packages/airflow/example_dags/example_skip_dag.py
[2021-08-07 19:17:29,626] {scheduler_job.py:643} INFO - DAG(s) dict_keys(['example_skip_dag']) retrieved from /home/airflow/.local/lib/python3.6/site-packages/airflow/example_dags/example_skip_dag.py
[2021-08-07 19:17:29,667] {logging_mixin.py:104} INFO - [2021-08-07 19:17:29,667] {dag.py:1833} INFO - Sync 1 DAGs
[2021-08-07 19:17:29,702] {logging_mixin.py:104} INFO - [2021-08-07 19:17:29,702] {dag.py:2306} INFO - Setting next_dagrun for example_skip_dag to 2021-08-05 00:00:00+00:00
[2021-08-07 19:17:29,721] {scheduler_job.py:190} INFO - Processing /home/airflow/.local/lib/python3.6/site-packages/airflow/example_dags/example_skip_dag.py took 0.128 seconds
[2021-08-07 19:18:00,644] {scheduler_job.py:182} INFO - Started process (PID=524) to work on /home/airflow/.local/lib/python3.6/site-packages/airflow/example_dags/example_skip_dag.py
[2021-08-07 19:18:00,650] {scheduler_job.py:633} INFO - Processing file /home/airflow/.local/lib/python3.6/site-packages/airflow/example_dags/example_skip_dag.py for tasks to queue
[2021-08-07 19:18:00,651] {logging_mixin.py:104} INFO - [2021-08-07 19:18:00,651] {dagbag.py:496} INFO - Filling up the DagBag from /home/airflow/.local/lib/python3.6/site-packages/airflow/example_dags/example_skip_dag.py
[2021-08-07 19:18:00,663] {scheduler_job.py:643} INFO - DAG(s) dict_keys(['example_skip_dag']) retrieved from /home/airflow/.local/lib/python3.6/site-packages/airflow/example_dags/example_skip_dag.py
[2021-08-07 19:18:00,685] {logging_mixin.py:104} INFO - [2021-08-07 19:18:00,685] {dag.py:1833} INFO - Sync 1 DAGs
[2021-08-07 19:18:00,710] {logging_mixin.py:104} INFO - [2021-08-07 19:18:00,710] {dag.py:2306} INFO - Setting next_dagrun for example_skip_dag to 2021-08-05 00:00:00+00:00
[2021-08-07 19:18:00,733] {scheduler_job.py:190} INFO - Processing /home/airflow/.local/lib/python3.6/site-packages/airflow/example_dags/example_skip_dag.py took 0.093 seconds
[2021-08-07 19:18:30,826] {scheduler_job.py:182} INFO - Started process (PID=578) to work on /home/airflow/.local/lib/python3.6/site-packages/airflow/example_dags/example_skip_dag.py
[2021-08-07 19:18:30,828] {scheduler_job.py:633} INFO - Processing file /home/airflow/.local/lib/python3.6/site-packages/airflow/example_dags/example_skip_dag.py for tasks to queue
[2021-08-07 19:18:30,828] {logging_mixin.py:104} INFO - [2021-08-07 19:18:30,828] {dagbag.py:496} INFO - Filling up the DagBag from /home/airflow/.local/lib/python3.6/site-packages/airflow/example_dags/example_skip_dag.py
[2021-08-07 19:18:30,845] {scheduler_job.py:643} INFO - DAG(s) dict_keys(['example_skip_dag']) retrieved from /home/airflow/.local/lib/python3.6/site-packages/airflow/example_dags/example_skip_dag.py
[2021-08-07 19:18:30,868] {logging_mixin.py:104} INFO - [2021-08-07 19:18:30,868] {dag.py:1833} INFO - Sync 1 DAGs
[2021-08-07 19:18:30,885] {logging_mixin.py:104} INFO - [2021-08-07 19:18:30,885] {dag.py:2306} INFO - Setting next_dagrun for example_skip_dag to 2021-08-05 00:00:00+00:00
[2021-08-07 19:18:30,895] {scheduler_job.py:190} INFO - Processing /home/airflow/.local/lib/python3.6/site-packages/airflow/example_dags/example_skip_dag.py took 0.072 seconds
[2021-08-07 19:19:01,213] {scheduler_job.py:182} INFO - Started process (PID=643) to work on /home/airflow/.local/lib/python3.6/site-packages/airflow/example_dags/example_skip_dag.py
[2021-08-07 19:19:01,214] {scheduler_job.py:633} INFO - Processing file /home/airflow/.local/lib/python3.6/site-packages/airflow/example_dags/example_skip_dag.py for tasks to queue
[2021-08-07 19:19:01,215] {logging_mixin.py:104} INFO - [2021-08-07 19:19:01,215] {dagbag.py:496} INFO - Filling up the DagBag from /home/airflow/.local/lib/python3.6/site-packages/airflow/example_dags/example_skip_dag.py
[2021-08-07 19:19:01,228] {scheduler_job.py:643} INFO - DAG(s) dict_keys(['example_skip_dag']) retrieved from /home/airflow/.local/lib/python3.6/site-packages/airflow/example_dags/example_skip_dag.py
[2021-08-07 19:19:01,250] {logging_mixin.py:104} INFO - [2021-08-07 19:19:01,250] {dag.py:1833} INFO - Sync 1 DAGs
[2021-08-07 19:19:01,269] {logging_mixin.py:104} INFO - [2021-08-07 19:19:01,268] {dag.py:2306} INFO - Setting next_dagrun for example_skip_dag to 2021-08-05 00:00:00+00:00
[2021-08-07 19:19:01,278] {scheduler_job.py:190} INFO - Processing /home/airflow/.local/lib/python3.6/site-packages/airflow/example_dags/example_skip_dag.py took 0.067 seconds
[2021-08-07 19:19:31,469] {scheduler_job.py:182} INFO - Started process (PID=696) to work on /home/airflow/.local/lib/python3.6/site-packages/airflow/example_dags/example_skip_dag.py
[2021-08-07 19:19:31,471] {scheduler_job.py:633} INFO - Processing file /home/airflow/.local/lib/python3.6/site-packages/airflow/example_dags/example_skip_dag.py for tasks to queue
[2021-08-07 19:19:31,473] {logging_mixin.py:104} INFO - [2021-08-07 19:19:31,472] {dagbag.py:496} INFO - Filling up the DagBag from /home/airflow/.local/lib/python3.6/site-packages/airflow/example_dags/example_skip_dag.py
[2021-08-07 19:19:31,495] {scheduler_job.py:643} INFO - DAG(s) dict_keys(['example_skip_dag']) retrieved from /home/airflow/.local/lib/python3.6/site-packages/airflow/example_dags/example_skip_dag.py
[2021-08-07 19:19:31,532] {logging_mixin.py:104} INFO - [2021-08-07 19:19:31,532] {dag.py:1833} INFO - Sync 1 DAGs
[2021-08-07 19:19:31,555] {logging_mixin.py:104} INFO - [2021-08-07 19:19:31,555] {dag.py:2306} INFO - Setting next_dagrun for example_skip_dag to 2021-08-05 00:00:00+00:00
[2021-08-07 19:19:31,574] {scheduler_job.py:190} INFO - Processing /home/airflow/.local/lib/python3.6/site-packages/airflow/example_dags/example_skip_dag.py took 0.109 seconds
[2021-08-07 19:20:01,650] {scheduler_job.py:182} INFO - Started process (PID=763) to work on /home/airflow/.local/lib/python3.6/site-packages/airflow/example_dags/example_skip_dag.py
[2021-08-07 19:20:01,651] {scheduler_job.py:633} INFO - Processing file /home/airflow/.local/lib/python3.6/site-packages/airflow/example_dags/example_skip_dag.py for tasks to queue
[2021-08-07 19:20:01,652] {logging_mixin.py:104} INFO - [2021-08-07 19:20:01,652] {dagbag.py:496} INFO - Filling up the DagBag from /home/airflow/.local/lib/python3.6/site-packages/airflow/example_dags/example_skip_dag.py
[2021-08-07 19:20:01,670] {scheduler_job.py:643} INFO - DAG(s) dict_keys(['example_skip_dag']) retrieved from /home/airflow/.local/lib/python3.6/site-packages/airflow/example_dags/example_skip_dag.py
[2021-08-07 19:20:01,696] {logging_mixin.py:104} INFO - [2021-08-07 19:20:01,696] {dag.py:1833} INFO - Sync 1 DAGs
[2021-08-07 19:20:01,720] {logging_mixin.py:104} INFO - [2021-08-07 19:20:01,720] {dag.py:2306} INFO - Setting next_dagrun for example_skip_dag to 2021-08-05 00:00:00+00:00
[2021-08-07 19:20:01,736] {scheduler_job.py:190} INFO - Processing /home/airflow/.local/lib/python3.6/site-packages/airflow/example_dags/example_skip_dag.py took 0.090 seconds
[2021-08-07 19:20:31,917] {scheduler_job.py:182} INFO - Started process (PID=817) to work on /home/airflow/.local/lib/python3.6/site-packages/airflow/example_dags/example_skip_dag.py
[2021-08-07 19:20:31,919] {scheduler_job.py:633} INFO - Processing file /home/airflow/.local/lib/python3.6/site-packages/airflow/example_dags/example_skip_dag.py for tasks to queue
[2021-08-07 19:20:31,920] {logging_mixin.py:104} INFO - [2021-08-07 19:20:31,920] {dagbag.py:496} INFO - Filling up the DagBag from /home/airflow/.local/lib/python3.6/site-packages/airflow/example_dags/example_skip_dag.py
[2021-08-07 19:20:31,938] {scheduler_job.py:643} INFO - DAG(s) dict_keys(['example_skip_dag']) retrieved from /home/airflow/.local/lib/python3.6/site-packages/airflow/example_dags/example_skip_dag.py
[2021-08-07 19:20:31,965] {logging_mixin.py:104} INFO - [2021-08-07 19:20:31,965] {dag.py:1833} INFO - Sync 1 DAGs
[2021-08-07 19:20:32,003] {logging_mixin.py:104} INFO - [2021-08-07 19:20:32,003] {dag.py:2306} INFO - Setting next_dagrun for example_skip_dag to 2021-08-05 00:00:00+00:00
[2021-08-07 19:20:32,022] {scheduler_job.py:190} INFO - Processing /home/airflow/.local/lib/python3.6/site-packages/airflow/example_dags/example_skip_dag.py took 0.109 seconds
[2021-08-07 19:21:02,242] {scheduler_job.py:182} INFO - Started process (PID=880) to work on /home/airflow/.local/lib/python3.6/site-packages/airflow/example_dags/example_skip_dag.py
[2021-08-07 19:21:02,243] {scheduler_job.py:633} INFO - Processing file /home/airflow/.local/lib/python3.6/site-packages/airflow/example_dags/example_skip_dag.py for tasks to queue
[2021-08-07 19:21:02,244] {logging_mixin.py:104} INFO - [2021-08-07 19:21:02,244] {dagbag.py:496} INFO - Filling up the DagBag from /home/airflow/.local/lib/python3.6/site-packages/airflow/example_dags/example_skip_dag.py
[2021-08-07 19:21:02,259] {scheduler_job.py:643} INFO - DAG(s) dict_keys(['example_skip_dag']) retrieved from /home/airflow/.local/lib/python3.6/site-packages/airflow/example_dags/example_skip_dag.py
[2021-08-07 19:21:02,289] {logging_mixin.py:104} INFO - [2021-08-07 19:21:02,288] {dag.py:1833} INFO - Sync 1 DAGs
[2021-08-07 19:21:02,311] {logging_mixin.py:104} INFO - [2021-08-07 19:21:02,311] {dag.py:2306} INFO - Setting next_dagrun for example_skip_dag to 2021-08-05 00:00:00+00:00
[2021-08-07 19:21:02,325] {scheduler_job.py:190} INFO - Processing /home/airflow/.local/lib/python3.6/site-packages/airflow/example_dags/example_skip_dag.py took 0.087 seconds
[2021-08-07 19:21:33,249] {scheduler_job.py:182} INFO - Started process (PID=934) to work on /home/airflow/.local/lib/python3.6/site-packages/airflow/example_dags/example_skip_dag.py
[2021-08-07 19:21:33,250] {scheduler_job.py:633} INFO - Processing file /home/airflow/.local/lib/python3.6/site-packages/airflow/example_dags/example_skip_dag.py for tasks to queue
[2021-08-07 19:21:33,251] {logging_mixin.py:104} INFO - [2021-08-07 19:21:33,251] {dagbag.py:496} INFO - Filling up the DagBag from /home/airflow/.local/lib/python3.6/site-packages/airflow/example_dags/example_skip_dag.py
[2021-08-07 19:21:33,265] {scheduler_job.py:643} INFO - DAG(s) dict_keys(['example_skip_dag']) retrieved from /home/airflow/.local/lib/python3.6/site-packages/airflow/example_dags/example_skip_dag.py
[2021-08-07 19:21:33,290] {logging_mixin.py:104} INFO - [2021-08-07 19:21:33,290] {dag.py:1833} INFO - Sync 1 DAGs
[2021-08-07 19:21:33,310] {logging_mixin.py:104} INFO - [2021-08-07 19:21:33,310] {dag.py:2306} INFO - Setting next_dagrun for example_skip_dag to 2021-08-05 00:00:00+00:00
[2021-08-07 19:21:33,331] {scheduler_job.py:190} INFO - Processing /home/airflow/.local/lib/python3.6/site-packages/airflow/example_dags/example_skip_dag.py took 0.085 seconds
[2021-08-07 19:22:03,472] {scheduler_job.py:182} INFO - Started process (PID=997) to work on /home/airflow/.local/lib/python3.6/site-packages/airflow/example_dags/example_skip_dag.py
[2021-08-07 19:22:03,473] {scheduler_job.py:633} INFO - Processing file /home/airflow/.local/lib/python3.6/site-packages/airflow/example_dags/example_skip_dag.py for tasks to queue
[2021-08-07 19:22:03,474] {logging_mixin.py:104} INFO - [2021-08-07 19:22:03,474] {dagbag.py:496} INFO - Filling up the DagBag from /home/airflow/.local/lib/python3.6/site-packages/airflow/example_dags/example_skip_dag.py
[2021-08-07 19:22:03,488] {scheduler_job.py:643} INFO - DAG(s) dict_keys(['example_skip_dag']) retrieved from /home/airflow/.local/lib/python3.6/site-packages/airflow/example_dags/example_skip_dag.py
[2021-08-07 19:22:03,515] {logging_mixin.py:104} INFO - [2021-08-07 19:22:03,515] {dag.py:1833} INFO - Sync 1 DAGs
[2021-08-07 19:22:03,535] {logging_mixin.py:104} INFO - [2021-08-07 19:22:03,535] {dag.py:2306} INFO - Setting next_dagrun for example_skip_dag to 2021-08-05 00:00:00+00:00
[2021-08-07 19:22:03,547] {scheduler_job.py:190} INFO - Processing /home/airflow/.local/lib/python3.6/site-packages/airflow/example_dags/example_skip_dag.py took 0.079 seconds
[2021-08-07 19:22:47,181] {scheduler_job.py:182} INFO - Started process (PID=1032) to work on /home/airflow/.local/lib/python3.6/site-packages/airflow/example_dags/example_skip_dag.py
[2021-08-07 19:22:47,183] {scheduler_job.py:633} INFO - Processing file /home/airflow/.local/lib/python3.6/site-packages/airflow/example_dags/example_skip_dag.py for tasks to queue
[2021-08-07 19:22:47,184] {logging_mixin.py:104} INFO - [2021-08-07 19:22:47,184] {dagbag.py:496} INFO - Filling up the DagBag from /home/airflow/.local/lib/python3.6/site-packages/airflow/example_dags/example_skip_dag.py
[2021-08-07 19:22:47,198] {scheduler_job.py:643} INFO - DAG(s) dict_keys(['example_skip_dag']) retrieved from /home/airflow/.local/lib/python3.6/site-packages/airflow/example_dags/example_skip_dag.py
[2021-08-07 19:22:47,221] {logging_mixin.py:104} INFO - [2021-08-07 19:22:47,221] {dag.py:1833} INFO - Sync 1 DAGs
[2021-08-07 19:22:47,241] {logging_mixin.py:104} INFO - [2021-08-07 19:22:47,241] {dag.py:2306} INFO - Setting next_dagrun for example_skip_dag to 2021-08-05 00:00:00+00:00
[2021-08-07 19:22:47,254] {scheduler_job.py:190} INFO - Processing /home/airflow/.local/lib/python3.6/site-packages/airflow/example_dags/example_skip_dag.py took 0.077 seconds
[2021-08-07 19:23:17,791] {scheduler_job.py:182} INFO - Started process (PID=1096) to work on /home/airflow/.local/lib/python3.6/site-packages/airflow/example_dags/example_skip_dag.py
[2021-08-07 19:23:17,792] {scheduler_job.py:633} INFO - Processing file /home/airflow/.local/lib/python3.6/site-packages/airflow/example_dags/example_skip_dag.py for tasks to queue
[2021-08-07 19:23:17,793] {logging_mixin.py:104} INFO - [2021-08-07 19:23:17,793] {dagbag.py:496} INFO - Filling up the DagBag from /home/airflow/.local/lib/python3.6/site-packages/airflow/example_dags/example_skip_dag.py
[2021-08-07 19:23:17,806] {scheduler_job.py:643} INFO - DAG(s) dict_keys(['example_skip_dag']) retrieved from /home/airflow/.local/lib/python3.6/site-packages/airflow/example_dags/example_skip_dag.py
[2021-08-07 19:23:17,829] {logging_mixin.py:104} INFO - [2021-08-07 19:23:17,829] {dag.py:1833} INFO - Sync 1 DAGs
[2021-08-07 19:23:17,843] {logging_mixin.py:104} INFO - [2021-08-07 19:23:17,843] {dag.py:2306} INFO - Setting next_dagrun for example_skip_dag to 2021-08-05 00:00:00+00:00
[2021-08-07 19:23:17,853] {scheduler_job.py:190} INFO - Processing /home/airflow/.local/lib/python3.6/site-packages/airflow/example_dags/example_skip_dag.py took 0.064 seconds
[2021-08-07 19:23:48,021] {scheduler_job.py:182} INFO - Started process (PID=1157) to work on /home/airflow/.local/lib/python3.6/site-packages/airflow/example_dags/example_skip_dag.py
[2021-08-07 19:23:48,023] {scheduler_job.py:633} INFO - Processing file /home/airflow/.local/lib/python3.6/site-packages/airflow/example_dags/example_skip_dag.py for tasks to queue
[2021-08-07 19:23:48,024] {logging_mixin.py:104} INFO - [2021-08-07 19:23:48,023] {dagbag.py:496} INFO - Filling up the DagBag from /home/airflow/.local/lib/python3.6/site-packages/airflow/example_dags/example_skip_dag.py
[2021-08-07 19:23:48,038] {scheduler_job.py:643} INFO - DAG(s) dict_keys(['example_skip_dag']) retrieved from /home/airflow/.local/lib/python3.6/site-packages/airflow/example_dags/example_skip_dag.py
[2021-08-07 19:23:48,078] {logging_mixin.py:104} INFO - [2021-08-07 19:23:48,078] {dag.py:1833} INFO - Sync 1 DAGs
[2021-08-07 19:23:48,095] {logging_mixin.py:104} INFO - [2021-08-07 19:23:48,095] {dag.py:2306} INFO - Setting next_dagrun for example_skip_dag to 2021-08-05 00:00:00+00:00
[2021-08-07 19:23:48,111] {scheduler_job.py:190} INFO - Processing /home/airflow/.local/lib/python3.6/site-packages/airflow/example_dags/example_skip_dag.py took 0.093 seconds
[2021-08-07 19:24:18,872] {scheduler_job.py:182} INFO - Started process (PID=1210) to work on /home/airflow/.local/lib/python3.6/site-packages/airflow/example_dags/example_skip_dag.py
[2021-08-07 19:24:18,873] {scheduler_job.py:633} INFO - Processing file /home/airflow/.local/lib/python3.6/site-packages/airflow/example_dags/example_skip_dag.py for tasks to queue
[2021-08-07 19:24:18,873] {logging_mixin.py:104} INFO - [2021-08-07 19:24:18,873] {dagbag.py:496} INFO - Filling up the DagBag from /home/airflow/.local/lib/python3.6/site-packages/airflow/example_dags/example_skip_dag.py
[2021-08-07 19:24:18,882] {scheduler_job.py:643} INFO - DAG(s) dict_keys(['example_skip_dag']) retrieved from /home/airflow/.local/lib/python3.6/site-packages/airflow/example_dags/example_skip_dag.py
[2021-08-07 19:24:18,897] {logging_mixin.py:104} INFO - [2021-08-07 19:24:18,897] {dag.py:1833} INFO - Sync 1 DAGs
[2021-08-07 19:24:18,909] {logging_mixin.py:104} INFO - [2021-08-07 19:24:18,909] {dag.py:2306} INFO - Setting next_dagrun for example_skip_dag to 2021-08-05 00:00:00+00:00
[2021-08-07 19:24:18,917] {scheduler_job.py:190} INFO - Processing /home/airflow/.local/lib/python3.6/site-packages/airflow/example_dags/example_skip_dag.py took 0.047 seconds
[2021-08-07 19:24:49,683] {scheduler_job.py:182} INFO - Started process (PID=1274) to work on /home/airflow/.local/lib/python3.6/site-packages/airflow/example_dags/example_skip_dag.py
[2021-08-07 19:24:49,684] {scheduler_job.py:633} INFO - Processing file /home/airflow/.local/lib/python3.6/site-packages/airflow/example_dags/example_skip_dag.py for tasks to queue
[2021-08-07 19:24:49,684] {logging_mixin.py:104} INFO - [2021-08-07 19:24:49,684] {dagbag.py:496} INFO - Filling up the DagBag from /home/airflow/.local/lib/python3.6/site-packages/airflow/example_dags/example_skip_dag.py
[2021-08-07 19:24:49,693] {scheduler_job.py:643} INFO - DAG(s) dict_keys(['example_skip_dag']) retrieved from /home/airflow/.local/lib/python3.6/site-packages/airflow/example_dags/example_skip_dag.py
[2021-08-07 19:24:49,712] {logging_mixin.py:104} INFO - [2021-08-07 19:24:49,712] {dag.py:1833} INFO - Sync 1 DAGs
[2021-08-07 19:24:49,724] {logging_mixin.py:104} INFO - [2021-08-07 19:24:49,724] {dag.py:2306} INFO - Setting next_dagrun for example_skip_dag to 2021-08-05 00:00:00+00:00
[2021-08-07 19:24:49,732] {scheduler_job.py:190} INFO - Processing /home/airflow/.local/lib/python3.6/site-packages/airflow/example_dags/example_skip_dag.py took 0.052 seconds
