[2021-08-07 19:16:24,575] {scheduler_job.py:182} INFO - Started process (PID=334) to work on /home/airflow/.local/lib/python3.6/site-packages/airflow/example_dags/example_subdag_operator.py
[2021-08-07 19:16:24,577] {scheduler_job.py:633} INFO - Processing file /home/airflow/.local/lib/python3.6/site-packages/airflow/example_dags/example_subdag_operator.py for tasks to queue
[2021-08-07 19:16:24,578] {logging_mixin.py:104} INFO - [2021-08-07 19:16:24,577] {dagbag.py:496} INFO - Filling up the DagBag from /home/airflow/.local/lib/python3.6/site-packages/airflow/example_dags/example_subdag_operator.py
[2021-08-07 19:16:24,634] {scheduler_job.py:643} INFO - DAG(s) dict_keys(['example_subdag_operator.section-1', 'example_subdag_operator.section-2', 'example_subdag_operator']) retrieved from /home/airflow/.local/lib/python3.6/site-packages/airflow/example_dags/example_subdag_operator.py
[2021-08-07 19:16:28,303] {logging_mixin.py:104} INFO - [2021-08-07 19:16:28,301] {dag.py:1833} INFO - Sync 3 DAGs
[2021-08-07 19:16:28,321] {logging_mixin.py:104} INFO - [2021-08-07 19:16:28,319] {dag.py:1852} INFO - Creating ORM DAG for example_subdag_operator.section-2
[2021-08-07 19:16:28,322] {logging_mixin.py:104} INFO - [2021-08-07 19:16:28,321] {dag.py:1852} INFO - Creating ORM DAG for example_subdag_operator.section-1
[2021-08-07 19:16:28,322] {logging_mixin.py:104} INFO - [2021-08-07 19:16:28,322] {dag.py:1852} INFO - Creating ORM DAG for example_subdag_operator
[2021-08-07 19:16:28,329] {logging_mixin.py:104} INFO - [2021-08-07 19:16:28,329] {dag.py:2306} INFO - Setting next_dagrun for example_subdag_operator to 2021-08-05 00:00:00+00:00
[2021-08-07 19:16:28,330] {logging_mixin.py:104} INFO - [2021-08-07 19:16:28,330] {dag.py:2306} INFO - Setting next_dagrun for example_subdag_operator.section-1 to None
[2021-08-07 19:16:28,331] {logging_mixin.py:104} INFO - [2021-08-07 19:16:28,330] {dag.py:2306} INFO - Setting next_dagrun for example_subdag_operator.section-2 to None
[2021-08-07 19:16:28,344] {logging_mixin.py:104} INFO - [2021-08-07 19:16:28,344] {dag.py:1833} INFO - Sync 2 DAGs
[2021-08-07 19:16:28,354] {logging_mixin.py:104} INFO - [2021-08-07 19:16:28,354] {dag.py:2306} INFO - Setting next_dagrun for example_subdag_operator.section-1 to None
[2021-08-07 19:16:28,354] {logging_mixin.py:104} INFO - [2021-08-07 19:16:28,354] {dag.py:2306} INFO - Setting next_dagrun for example_subdag_operator.section-2 to None
[2021-08-07 19:16:28,364] {scheduler_job.py:190} INFO - Processing /home/airflow/.local/lib/python3.6/site-packages/airflow/example_dags/example_subdag_operator.py took 3.794 seconds
[2021-08-07 19:16:58,432] {scheduler_job.py:182} INFO - Started process (PID=409) to work on /home/airflow/.local/lib/python3.6/site-packages/airflow/example_dags/example_subdag_operator.py
[2021-08-07 19:16:58,433] {scheduler_job.py:633} INFO - Processing file /home/airflow/.local/lib/python3.6/site-packages/airflow/example_dags/example_subdag_operator.py for tasks to queue
[2021-08-07 19:16:58,435] {logging_mixin.py:104} INFO - [2021-08-07 19:16:58,434] {dagbag.py:496} INFO - Filling up the DagBag from /home/airflow/.local/lib/python3.6/site-packages/airflow/example_dags/example_subdag_operator.py
[2021-08-07 19:16:58,475] {scheduler_job.py:643} INFO - DAG(s) dict_keys(['example_subdag_operator.section-1', 'example_subdag_operator.section-2', 'example_subdag_operator']) retrieved from /home/airflow/.local/lib/python3.6/site-packages/airflow/example_dags/example_subdag_operator.py
[2021-08-07 19:16:58,487] {logging_mixin.py:104} INFO - [2021-08-07 19:16:58,487] {dag.py:1833} INFO - Sync 3 DAGs
[2021-08-07 19:16:58,511] {logging_mixin.py:104} INFO - [2021-08-07 19:16:58,511] {dag.py:2306} INFO - Setting next_dagrun for example_subdag_operator to 2021-08-05 00:00:00+00:00
[2021-08-07 19:16:58,512] {logging_mixin.py:104} INFO - [2021-08-07 19:16:58,512] {dag.py:2306} INFO - Setting next_dagrun for example_subdag_operator.section-1 to None
[2021-08-07 19:16:58,512] {logging_mixin.py:104} INFO - [2021-08-07 19:16:58,512] {dag.py:2306} INFO - Setting next_dagrun for example_subdag_operator.section-2 to None
[2021-08-07 19:16:58,520] {logging_mixin.py:104} INFO - [2021-08-07 19:16:58,520] {dag.py:1833} INFO - Sync 2 DAGs
[2021-08-07 19:16:58,529] {logging_mixin.py:104} INFO - [2021-08-07 19:16:58,529] {dag.py:2306} INFO - Setting next_dagrun for example_subdag_operator.section-1 to None
[2021-08-07 19:16:58,530] {logging_mixin.py:104} INFO - [2021-08-07 19:16:58,530] {dag.py:2306} INFO - Setting next_dagrun for example_subdag_operator.section-2 to None
[2021-08-07 19:16:58,537] {scheduler_job.py:190} INFO - Processing /home/airflow/.local/lib/python3.6/site-packages/airflow/example_dags/example_subdag_operator.py took 0.108 seconds
[2021-08-07 19:17:30,400] {scheduler_job.py:182} INFO - Started process (PID=478) to work on /home/airflow/.local/lib/python3.6/site-packages/airflow/example_dags/example_subdag_operator.py
[2021-08-07 19:17:30,402] {scheduler_job.py:633} INFO - Processing file /home/airflow/.local/lib/python3.6/site-packages/airflow/example_dags/example_subdag_operator.py for tasks to queue
[2021-08-07 19:17:30,403] {logging_mixin.py:104} INFO - [2021-08-07 19:17:30,402] {dagbag.py:496} INFO - Filling up the DagBag from /home/airflow/.local/lib/python3.6/site-packages/airflow/example_dags/example_subdag_operator.py
[2021-08-07 19:17:30,496] {scheduler_job.py:643} INFO - DAG(s) dict_keys(['example_subdag_operator.section-1', 'example_subdag_operator.section-2', 'example_subdag_operator']) retrieved from /home/airflow/.local/lib/python3.6/site-packages/airflow/example_dags/example_subdag_operator.py
[2021-08-07 19:17:30,532] {logging_mixin.py:104} INFO - [2021-08-07 19:17:30,532] {dag.py:1833} INFO - Sync 3 DAGs
[2021-08-07 19:17:30,587] {logging_mixin.py:104} INFO - [2021-08-07 19:17:30,587] {dag.py:2306} INFO - Setting next_dagrun for example_subdag_operator to 2021-08-05 00:00:00+00:00
[2021-08-07 19:17:30,589] {logging_mixin.py:104} INFO - [2021-08-07 19:17:30,589] {dag.py:2306} INFO - Setting next_dagrun for example_subdag_operator.section-1 to None
[2021-08-07 19:17:30,590] {logging_mixin.py:104} INFO - [2021-08-07 19:17:30,590] {dag.py:2306} INFO - Setting next_dagrun for example_subdag_operator.section-2 to None
[2021-08-07 19:17:30,613] {logging_mixin.py:104} INFO - [2021-08-07 19:17:30,612] {dag.py:1833} INFO - Sync 2 DAGs
[2021-08-07 19:17:30,631] {logging_mixin.py:104} INFO - [2021-08-07 19:17:30,630] {dag.py:2306} INFO - Setting next_dagrun for example_subdag_operator.section-1 to None
[2021-08-07 19:17:30,631] {logging_mixin.py:104} INFO - [2021-08-07 19:17:30,631] {dag.py:2306} INFO - Setting next_dagrun for example_subdag_operator.section-2 to None
[2021-08-07 19:17:30,651] {scheduler_job.py:190} INFO - Processing /home/airflow/.local/lib/python3.6/site-packages/airflow/example_dags/example_subdag_operator.py took 0.264 seconds
[2021-08-07 19:18:01,486] {scheduler_job.py:182} INFO - Started process (PID=533) to work on /home/airflow/.local/lib/python3.6/site-packages/airflow/example_dags/example_subdag_operator.py
[2021-08-07 19:18:01,495] {scheduler_job.py:633} INFO - Processing file /home/airflow/.local/lib/python3.6/site-packages/airflow/example_dags/example_subdag_operator.py for tasks to queue
[2021-08-07 19:18:01,496] {logging_mixin.py:104} INFO - [2021-08-07 19:18:01,496] {dagbag.py:496} INFO - Filling up the DagBag from /home/airflow/.local/lib/python3.6/site-packages/airflow/example_dags/example_subdag_operator.py
[2021-08-07 19:18:01,555] {scheduler_job.py:643} INFO - DAG(s) dict_keys(['example_subdag_operator.section-1', 'example_subdag_operator.section-2', 'example_subdag_operator']) retrieved from /home/airflow/.local/lib/python3.6/site-packages/airflow/example_dags/example_subdag_operator.py
[2021-08-07 19:18:01,579] {logging_mixin.py:104} INFO - [2021-08-07 19:18:01,579] {dag.py:1833} INFO - Sync 3 DAGs
[2021-08-07 19:18:01,606] {logging_mixin.py:104} INFO - [2021-08-07 19:18:01,605] {dag.py:2306} INFO - Setting next_dagrun for example_subdag_operator to 2021-08-05 00:00:00+00:00
[2021-08-07 19:18:01,611] {logging_mixin.py:104} INFO - [2021-08-07 19:18:01,610] {dag.py:2306} INFO - Setting next_dagrun for example_subdag_operator.section-1 to None
[2021-08-07 19:18:01,611] {logging_mixin.py:104} INFO - [2021-08-07 19:18:01,611] {dag.py:2306} INFO - Setting next_dagrun for example_subdag_operator.section-2 to None
[2021-08-07 19:18:01,624] {logging_mixin.py:104} INFO - [2021-08-07 19:18:01,623] {dag.py:1833} INFO - Sync 2 DAGs
[2021-08-07 19:18:01,639] {logging_mixin.py:104} INFO - [2021-08-07 19:18:01,639] {dag.py:2306} INFO - Setting next_dagrun for example_subdag_operator.section-1 to None
[2021-08-07 19:18:01,640] {logging_mixin.py:104} INFO - [2021-08-07 19:18:01,640] {dag.py:2306} INFO - Setting next_dagrun for example_subdag_operator.section-2 to None
[2021-08-07 19:18:01,654] {scheduler_job.py:190} INFO - Processing /home/airflow/.local/lib/python3.6/site-packages/airflow/example_dags/example_subdag_operator.py took 0.173 seconds
[2021-08-07 19:18:32,421] {scheduler_job.py:182} INFO - Started process (PID=597) to work on /home/airflow/.local/lib/python3.6/site-packages/airflow/example_dags/example_subdag_operator.py
[2021-08-07 19:18:32,423] {scheduler_job.py:633} INFO - Processing file /home/airflow/.local/lib/python3.6/site-packages/airflow/example_dags/example_subdag_operator.py for tasks to queue
[2021-08-07 19:18:32,424] {logging_mixin.py:104} INFO - [2021-08-07 19:18:32,423] {dagbag.py:496} INFO - Filling up the DagBag from /home/airflow/.local/lib/python3.6/site-packages/airflow/example_dags/example_subdag_operator.py
[2021-08-07 19:18:32,476] {scheduler_job.py:643} INFO - DAG(s) dict_keys(['example_subdag_operator.section-1', 'example_subdag_operator.section-2', 'example_subdag_operator']) retrieved from /home/airflow/.local/lib/python3.6/site-packages/airflow/example_dags/example_subdag_operator.py
[2021-08-07 19:18:32,499] {logging_mixin.py:104} INFO - [2021-08-07 19:18:32,499] {dag.py:1833} INFO - Sync 3 DAGs
[2021-08-07 19:18:32,537] {logging_mixin.py:104} INFO - [2021-08-07 19:18:32,536] {dag.py:2306} INFO - Setting next_dagrun for example_subdag_operator to 2021-08-05 00:00:00+00:00
[2021-08-07 19:18:32,539] {logging_mixin.py:104} INFO - [2021-08-07 19:18:32,539] {dag.py:2306} INFO - Setting next_dagrun for example_subdag_operator.section-1 to None
[2021-08-07 19:18:32,539] {logging_mixin.py:104} INFO - [2021-08-07 19:18:32,539] {dag.py:2306} INFO - Setting next_dagrun for example_subdag_operator.section-2 to None
[2021-08-07 19:18:32,555] {logging_mixin.py:104} INFO - [2021-08-07 19:18:32,555] {dag.py:1833} INFO - Sync 2 DAGs
[2021-08-07 19:18:32,575] {logging_mixin.py:104} INFO - [2021-08-07 19:18:32,575] {dag.py:2306} INFO - Setting next_dagrun for example_subdag_operator.section-1 to None
[2021-08-07 19:18:32,575] {logging_mixin.py:104} INFO - [2021-08-07 19:18:32,575] {dag.py:2306} INFO - Setting next_dagrun for example_subdag_operator.section-2 to None
[2021-08-07 19:18:32,588] {scheduler_job.py:190} INFO - Processing /home/airflow/.local/lib/python3.6/site-packages/airflow/example_dags/example_subdag_operator.py took 0.170 seconds
[2021-08-07 19:19:02,662] {scheduler_job.py:182} INFO - Started process (PID=653) to work on /home/airflow/.local/lib/python3.6/site-packages/airflow/example_dags/example_subdag_operator.py
[2021-08-07 19:19:02,663] {scheduler_job.py:633} INFO - Processing file /home/airflow/.local/lib/python3.6/site-packages/airflow/example_dags/example_subdag_operator.py for tasks to queue
[2021-08-07 19:19:02,664] {logging_mixin.py:104} INFO - [2021-08-07 19:19:02,664] {dagbag.py:496} INFO - Filling up the DagBag from /home/airflow/.local/lib/python3.6/site-packages/airflow/example_dags/example_subdag_operator.py
[2021-08-07 19:19:02,710] {scheduler_job.py:643} INFO - DAG(s) dict_keys(['example_subdag_operator.section-1', 'example_subdag_operator.section-2', 'example_subdag_operator']) retrieved from /home/airflow/.local/lib/python3.6/site-packages/airflow/example_dags/example_subdag_operator.py
[2021-08-07 19:19:02,735] {logging_mixin.py:104} INFO - [2021-08-07 19:19:02,734] {dag.py:1833} INFO - Sync 3 DAGs
[2021-08-07 19:19:02,765] {logging_mixin.py:104} INFO - [2021-08-07 19:19:02,765] {dag.py:2306} INFO - Setting next_dagrun for example_subdag_operator to 2021-08-05 00:00:00+00:00
[2021-08-07 19:19:02,767] {logging_mixin.py:104} INFO - [2021-08-07 19:19:02,767] {dag.py:2306} INFO - Setting next_dagrun for example_subdag_operator.section-1 to None
[2021-08-07 19:19:02,768] {logging_mixin.py:104} INFO - [2021-08-07 19:19:02,768] {dag.py:2306} INFO - Setting next_dagrun for example_subdag_operator.section-2 to None
[2021-08-07 19:19:02,778] {logging_mixin.py:104} INFO - [2021-08-07 19:19:02,778] {dag.py:1833} INFO - Sync 2 DAGs
[2021-08-07 19:19:02,789] {logging_mixin.py:104} INFO - [2021-08-07 19:19:02,789] {dag.py:2306} INFO - Setting next_dagrun for example_subdag_operator.section-1 to None
[2021-08-07 19:19:02,789] {logging_mixin.py:104} INFO - [2021-08-07 19:19:02,789] {dag.py:2306} INFO - Setting next_dagrun for example_subdag_operator.section-2 to None
[2021-08-07 19:19:02,797] {scheduler_job.py:190} INFO - Processing /home/airflow/.local/lib/python3.6/site-packages/airflow/example_dags/example_subdag_operator.py took 0.138 seconds
[2021-08-07 19:19:33,347] {scheduler_job.py:182} INFO - Started process (PID=720) to work on /home/airflow/.local/lib/python3.6/site-packages/airflow/example_dags/example_subdag_operator.py
[2021-08-07 19:19:33,348] {scheduler_job.py:633} INFO - Processing file /home/airflow/.local/lib/python3.6/site-packages/airflow/example_dags/example_subdag_operator.py for tasks to queue
[2021-08-07 19:19:33,349] {logging_mixin.py:104} INFO - [2021-08-07 19:19:33,349] {dagbag.py:496} INFO - Filling up the DagBag from /home/airflow/.local/lib/python3.6/site-packages/airflow/example_dags/example_subdag_operator.py
[2021-08-07 19:19:33,408] {scheduler_job.py:643} INFO - DAG(s) dict_keys(['example_subdag_operator.section-1', 'example_subdag_operator.section-2', 'example_subdag_operator']) retrieved from /home/airflow/.local/lib/python3.6/site-packages/airflow/example_dags/example_subdag_operator.py
[2021-08-07 19:19:33,429] {logging_mixin.py:104} INFO - [2021-08-07 19:19:33,429] {dag.py:1833} INFO - Sync 3 DAGs
[2021-08-07 19:19:33,455] {logging_mixin.py:104} INFO - [2021-08-07 19:19:33,454] {dag.py:2306} INFO - Setting next_dagrun for example_subdag_operator to 2021-08-05 00:00:00+00:00
[2021-08-07 19:19:33,456] {logging_mixin.py:104} INFO - [2021-08-07 19:19:33,456] {dag.py:2306} INFO - Setting next_dagrun for example_subdag_operator.section-1 to None
[2021-08-07 19:19:33,457] {logging_mixin.py:104} INFO - [2021-08-07 19:19:33,457] {dag.py:2306} INFO - Setting next_dagrun for example_subdag_operator.section-2 to None
[2021-08-07 19:19:33,476] {logging_mixin.py:104} INFO - [2021-08-07 19:19:33,476] {dag.py:1833} INFO - Sync 2 DAGs
[2021-08-07 19:19:33,491] {logging_mixin.py:104} INFO - [2021-08-07 19:19:33,491] {dag.py:2306} INFO - Setting next_dagrun for example_subdag_operator.section-1 to None
[2021-08-07 19:19:33,492] {logging_mixin.py:104} INFO - [2021-08-07 19:19:33,492] {dag.py:2306} INFO - Setting next_dagrun for example_subdag_operator.section-2 to None
[2021-08-07 19:19:33,502] {scheduler_job.py:190} INFO - Processing /home/airflow/.local/lib/python3.6/site-packages/airflow/example_dags/example_subdag_operator.py took 0.160 seconds
[2021-08-07 19:20:03,614] {scheduler_job.py:182} INFO - Started process (PID=776) to work on /home/airflow/.local/lib/python3.6/site-packages/airflow/example_dags/example_subdag_operator.py
[2021-08-07 19:20:03,615] {scheduler_job.py:633} INFO - Processing file /home/airflow/.local/lib/python3.6/site-packages/airflow/example_dags/example_subdag_operator.py for tasks to queue
[2021-08-07 19:20:03,616] {logging_mixin.py:104} INFO - [2021-08-07 19:20:03,616] {dagbag.py:496} INFO - Filling up the DagBag from /home/airflow/.local/lib/python3.6/site-packages/airflow/example_dags/example_subdag_operator.py
[2021-08-07 19:20:03,653] {scheduler_job.py:643} INFO - DAG(s) dict_keys(['example_subdag_operator.section-1', 'example_subdag_operator.section-2', 'example_subdag_operator']) retrieved from /home/airflow/.local/lib/python3.6/site-packages/airflow/example_dags/example_subdag_operator.py
[2021-08-07 19:20:03,669] {logging_mixin.py:104} INFO - [2021-08-07 19:20:03,669] {dag.py:1833} INFO - Sync 3 DAGs
[2021-08-07 19:20:03,689] {logging_mixin.py:104} INFO - [2021-08-07 19:20:03,689] {dag.py:2306} INFO - Setting next_dagrun for example_subdag_operator to 2021-08-05 00:00:00+00:00
[2021-08-07 19:20:03,691] {logging_mixin.py:104} INFO - [2021-08-07 19:20:03,691] {dag.py:2306} INFO - Setting next_dagrun for example_subdag_operator.section-1 to None
[2021-08-07 19:20:03,691] {logging_mixin.py:104} INFO - [2021-08-07 19:20:03,691] {dag.py:2306} INFO - Setting next_dagrun for example_subdag_operator.section-2 to None
[2021-08-07 19:20:03,702] {logging_mixin.py:104} INFO - [2021-08-07 19:20:03,702] {dag.py:1833} INFO - Sync 2 DAGs
[2021-08-07 19:20:03,714] {logging_mixin.py:104} INFO - [2021-08-07 19:20:03,714] {dag.py:2306} INFO - Setting next_dagrun for example_subdag_operator.section-1 to None
[2021-08-07 19:20:03,714] {logging_mixin.py:104} INFO - [2021-08-07 19:20:03,714] {dag.py:2306} INFO - Setting next_dagrun for example_subdag_operator.section-2 to None
[2021-08-07 19:20:03,722] {scheduler_job.py:190} INFO - Processing /home/airflow/.local/lib/python3.6/site-packages/airflow/example_dags/example_subdag_operator.py took 0.113 seconds
[2021-08-07 19:20:33,769] {scheduler_job.py:182} INFO - Started process (PID=830) to work on /home/airflow/.local/lib/python3.6/site-packages/airflow/example_dags/example_subdag_operator.py
[2021-08-07 19:20:33,771] {scheduler_job.py:633} INFO - Processing file /home/airflow/.local/lib/python3.6/site-packages/airflow/example_dags/example_subdag_operator.py for tasks to queue
[2021-08-07 19:20:33,771] {logging_mixin.py:104} INFO - [2021-08-07 19:20:33,771] {dagbag.py:496} INFO - Filling up the DagBag from /home/airflow/.local/lib/python3.6/site-packages/airflow/example_dags/example_subdag_operator.py
[2021-08-07 19:20:33,814] {scheduler_job.py:643} INFO - DAG(s) dict_keys(['example_subdag_operator.section-1', 'example_subdag_operator.section-2', 'example_subdag_operator']) retrieved from /home/airflow/.local/lib/python3.6/site-packages/airflow/example_dags/example_subdag_operator.py
[2021-08-07 19:20:33,832] {logging_mixin.py:104} INFO - [2021-08-07 19:20:33,832] {dag.py:1833} INFO - Sync 3 DAGs
[2021-08-07 19:20:33,854] {logging_mixin.py:104} INFO - [2021-08-07 19:20:33,853] {dag.py:2306} INFO - Setting next_dagrun for example_subdag_operator to 2021-08-05 00:00:00+00:00
[2021-08-07 19:20:33,855] {logging_mixin.py:104} INFO - [2021-08-07 19:20:33,854] {dag.py:2306} INFO - Setting next_dagrun for example_subdag_operator.section-1 to None
[2021-08-07 19:20:33,855] {logging_mixin.py:104} INFO - [2021-08-07 19:20:33,855] {dag.py:2306} INFO - Setting next_dagrun for example_subdag_operator.section-2 to None
[2021-08-07 19:20:33,865] {logging_mixin.py:104} INFO - [2021-08-07 19:20:33,864] {dag.py:1833} INFO - Sync 2 DAGs
[2021-08-07 19:20:33,876] {logging_mixin.py:104} INFO - [2021-08-07 19:20:33,875] {dag.py:2306} INFO - Setting next_dagrun for example_subdag_operator.section-1 to None
[2021-08-07 19:20:33,876] {logging_mixin.py:104} INFO - [2021-08-07 19:20:33,876] {dag.py:2306} INFO - Setting next_dagrun for example_subdag_operator.section-2 to None
[2021-08-07 19:20:33,885] {scheduler_job.py:190} INFO - Processing /home/airflow/.local/lib/python3.6/site-packages/airflow/example_dags/example_subdag_operator.py took 0.120 seconds
[2021-08-07 19:21:03,994] {scheduler_job.py:182} INFO - Started process (PID=893) to work on /home/airflow/.local/lib/python3.6/site-packages/airflow/example_dags/example_subdag_operator.py
[2021-08-07 19:21:03,996] {scheduler_job.py:633} INFO - Processing file /home/airflow/.local/lib/python3.6/site-packages/airflow/example_dags/example_subdag_operator.py for tasks to queue
[2021-08-07 19:21:03,996] {logging_mixin.py:104} INFO - [2021-08-07 19:21:03,996] {dagbag.py:496} INFO - Filling up the DagBag from /home/airflow/.local/lib/python3.6/site-packages/airflow/example_dags/example_subdag_operator.py
[2021-08-07 19:21:04,043] {scheduler_job.py:643} INFO - DAG(s) dict_keys(['example_subdag_operator.section-1', 'example_subdag_operator.section-2', 'example_subdag_operator']) retrieved from /home/airflow/.local/lib/python3.6/site-packages/airflow/example_dags/example_subdag_operator.py
[2021-08-07 19:21:04,059] {logging_mixin.py:104} INFO - [2021-08-07 19:21:04,059] {dag.py:1833} INFO - Sync 3 DAGs
[2021-08-07 19:21:04,081] {logging_mixin.py:104} INFO - [2021-08-07 19:21:04,081] {dag.py:2306} INFO - Setting next_dagrun for example_subdag_operator to 2021-08-05 00:00:00+00:00
[2021-08-07 19:21:04,082] {logging_mixin.py:104} INFO - [2021-08-07 19:21:04,082] {dag.py:2306} INFO - Setting next_dagrun for example_subdag_operator.section-1 to None
[2021-08-07 19:21:04,083] {logging_mixin.py:104} INFO - [2021-08-07 19:21:04,083] {dag.py:2306} INFO - Setting next_dagrun for example_subdag_operator.section-2 to None
[2021-08-07 19:21:04,095] {logging_mixin.py:104} INFO - [2021-08-07 19:21:04,095] {dag.py:1833} INFO - Sync 2 DAGs
[2021-08-07 19:21:04,105] {logging_mixin.py:104} INFO - [2021-08-07 19:21:04,105] {dag.py:2306} INFO - Setting next_dagrun for example_subdag_operator.section-1 to None
[2021-08-07 19:21:04,106] {logging_mixin.py:104} INFO - [2021-08-07 19:21:04,106] {dag.py:2306} INFO - Setting next_dagrun for example_subdag_operator.section-2 to None
[2021-08-07 19:21:04,115] {scheduler_job.py:190} INFO - Processing /home/airflow/.local/lib/python3.6/site-packages/airflow/example_dags/example_subdag_operator.py took 0.124 seconds
[2021-08-07 19:21:34,801] {scheduler_job.py:182} INFO - Started process (PID=946) to work on /home/airflow/.local/lib/python3.6/site-packages/airflow/example_dags/example_subdag_operator.py
[2021-08-07 19:21:34,802] {scheduler_job.py:633} INFO - Processing file /home/airflow/.local/lib/python3.6/site-packages/airflow/example_dags/example_subdag_operator.py for tasks to queue
[2021-08-07 19:21:34,803] {logging_mixin.py:104} INFO - [2021-08-07 19:21:34,803] {dagbag.py:496} INFO - Filling up the DagBag from /home/airflow/.local/lib/python3.6/site-packages/airflow/example_dags/example_subdag_operator.py
[2021-08-07 19:21:34,845] {scheduler_job.py:643} INFO - DAG(s) dict_keys(['example_subdag_operator.section-1', 'example_subdag_operator.section-2', 'example_subdag_operator']) retrieved from /home/airflow/.local/lib/python3.6/site-packages/airflow/example_dags/example_subdag_operator.py
[2021-08-07 19:21:34,862] {logging_mixin.py:104} INFO - [2021-08-07 19:21:34,862] {dag.py:1833} INFO - Sync 3 DAGs
[2021-08-07 19:21:34,885] {logging_mixin.py:104} INFO - [2021-08-07 19:21:34,885] {dag.py:2306} INFO - Setting next_dagrun for example_subdag_operator to 2021-08-05 00:00:00+00:00
[2021-08-07 19:21:34,886] {logging_mixin.py:104} INFO - [2021-08-07 19:21:34,886] {dag.py:2306} INFO - Setting next_dagrun for example_subdag_operator.section-1 to None
[2021-08-07 19:21:34,887] {logging_mixin.py:104} INFO - [2021-08-07 19:21:34,887] {dag.py:2306} INFO - Setting next_dagrun for example_subdag_operator.section-2 to None
[2021-08-07 19:21:34,898] {logging_mixin.py:104} INFO - [2021-08-07 19:21:34,898] {dag.py:1833} INFO - Sync 2 DAGs
[2021-08-07 19:21:34,908] {logging_mixin.py:104} INFO - [2021-08-07 19:21:34,908] {dag.py:2306} INFO - Setting next_dagrun for example_subdag_operator.section-1 to None
[2021-08-07 19:21:34,908] {logging_mixin.py:104} INFO - [2021-08-07 19:21:34,908] {dag.py:2306} INFO - Setting next_dagrun for example_subdag_operator.section-2 to None
[2021-08-07 19:21:34,916] {scheduler_job.py:190} INFO - Processing /home/airflow/.local/lib/python3.6/site-packages/airflow/example_dags/example_subdag_operator.py took 0.119 seconds
[2021-08-07 19:22:05,081] {scheduler_job.py:182} INFO - Started process (PID=1009) to work on /home/airflow/.local/lib/python3.6/site-packages/airflow/example_dags/example_subdag_operator.py
[2021-08-07 19:22:05,083] {scheduler_job.py:633} INFO - Processing file /home/airflow/.local/lib/python3.6/site-packages/airflow/example_dags/example_subdag_operator.py for tasks to queue
[2021-08-07 19:22:05,084] {logging_mixin.py:104} INFO - [2021-08-07 19:22:05,084] {dagbag.py:496} INFO - Filling up the DagBag from /home/airflow/.local/lib/python3.6/site-packages/airflow/example_dags/example_subdag_operator.py
[2021-08-07 19:22:05,120] {scheduler_job.py:643} INFO - DAG(s) dict_keys(['example_subdag_operator.section-1', 'example_subdag_operator.section-2', 'example_subdag_operator']) retrieved from /home/airflow/.local/lib/python3.6/site-packages/airflow/example_dags/example_subdag_operator.py
[2021-08-07 19:22:05,132] {logging_mixin.py:104} INFO - [2021-08-07 19:22:05,132] {dag.py:1833} INFO - Sync 3 DAGs
[2021-08-07 19:22:05,151] {logging_mixin.py:104} INFO - [2021-08-07 19:22:05,151] {dag.py:2306} INFO - Setting next_dagrun for example_subdag_operator to 2021-08-05 00:00:00+00:00
[2021-08-07 19:22:05,152] {logging_mixin.py:104} INFO - [2021-08-07 19:22:05,152] {dag.py:2306} INFO - Setting next_dagrun for example_subdag_operator.section-1 to None
[2021-08-07 19:22:05,152] {logging_mixin.py:104} INFO - [2021-08-07 19:22:05,152] {dag.py:2306} INFO - Setting next_dagrun for example_subdag_operator.section-2 to None
[2021-08-07 19:22:05,163] {logging_mixin.py:104} INFO - [2021-08-07 19:22:05,163] {dag.py:1833} INFO - Sync 2 DAGs
[2021-08-07 19:22:05,173] {logging_mixin.py:104} INFO - [2021-08-07 19:22:05,173] {dag.py:2306} INFO - Setting next_dagrun for example_subdag_operator.section-1 to None
[2021-08-07 19:22:05,173] {logging_mixin.py:104} INFO - [2021-08-07 19:22:05,173] {dag.py:2306} INFO - Setting next_dagrun for example_subdag_operator.section-2 to None
[2021-08-07 19:22:05,181] {scheduler_job.py:190} INFO - Processing /home/airflow/.local/lib/python3.6/site-packages/airflow/example_dags/example_subdag_operator.py took 0.103 seconds
[2021-08-07 19:22:49,319] {scheduler_job.py:182} INFO - Started process (PID=1070) to work on /home/airflow/.local/lib/python3.6/site-packages/airflow/example_dags/example_subdag_operator.py
[2021-08-07 19:22:49,321] {scheduler_job.py:633} INFO - Processing file /home/airflow/.local/lib/python3.6/site-packages/airflow/example_dags/example_subdag_operator.py for tasks to queue
[2021-08-07 19:22:49,322] {logging_mixin.py:104} INFO - [2021-08-07 19:22:49,322] {dagbag.py:496} INFO - Filling up the DagBag from /home/airflow/.local/lib/python3.6/site-packages/airflow/example_dags/example_subdag_operator.py
[2021-08-07 19:22:49,374] {scheduler_job.py:643} INFO - DAG(s) dict_keys(['example_subdag_operator.section-1', 'example_subdag_operator.section-2', 'example_subdag_operator']) retrieved from /home/airflow/.local/lib/python3.6/site-packages/airflow/example_dags/example_subdag_operator.py
[2021-08-07 19:22:49,390] {logging_mixin.py:104} INFO - [2021-08-07 19:22:49,390] {dag.py:1833} INFO - Sync 3 DAGs
[2021-08-07 19:22:49,410] {logging_mixin.py:104} INFO - [2021-08-07 19:22:49,409] {dag.py:2306} INFO - Setting next_dagrun for example_subdag_operator to 2021-08-05 00:00:00+00:00
[2021-08-07 19:22:49,411] {logging_mixin.py:104} INFO - [2021-08-07 19:22:49,411] {dag.py:2306} INFO - Setting next_dagrun for example_subdag_operator.section-1 to None
[2021-08-07 19:22:49,411] {logging_mixin.py:104} INFO - [2021-08-07 19:22:49,411] {dag.py:2306} INFO - Setting next_dagrun for example_subdag_operator.section-2 to None
[2021-08-07 19:22:49,420] {logging_mixin.py:104} INFO - [2021-08-07 19:22:49,420] {dag.py:1833} INFO - Sync 2 DAGs
[2021-08-07 19:22:49,431] {logging_mixin.py:104} INFO - [2021-08-07 19:22:49,430] {dag.py:2306} INFO - Setting next_dagrun for example_subdag_operator.section-1 to None
[2021-08-07 19:22:49,431] {logging_mixin.py:104} INFO - [2021-08-07 19:22:49,431] {dag.py:2306} INFO - Setting next_dagrun for example_subdag_operator.section-2 to None
[2021-08-07 19:22:49,438] {scheduler_job.py:190} INFO - Processing /home/airflow/.local/lib/python3.6/site-packages/airflow/example_dags/example_subdag_operator.py took 0.124 seconds
[2021-08-07 19:23:19,591] {scheduler_job.py:182} INFO - Started process (PID=1123) to work on /home/airflow/.local/lib/python3.6/site-packages/airflow/example_dags/example_subdag_operator.py
[2021-08-07 19:23:19,592] {scheduler_job.py:633} INFO - Processing file /home/airflow/.local/lib/python3.6/site-packages/airflow/example_dags/example_subdag_operator.py for tasks to queue
[2021-08-07 19:23:19,592] {logging_mixin.py:104} INFO - [2021-08-07 19:23:19,592] {dagbag.py:496} INFO - Filling up the DagBag from /home/airflow/.local/lib/python3.6/site-packages/airflow/example_dags/example_subdag_operator.py
[2021-08-07 19:23:19,617] {scheduler_job.py:643} INFO - DAG(s) dict_keys(['example_subdag_operator.section-1', 'example_subdag_operator.section-2', 'example_subdag_operator']) retrieved from /home/airflow/.local/lib/python3.6/site-packages/airflow/example_dags/example_subdag_operator.py
[2021-08-07 19:23:19,628] {logging_mixin.py:104} INFO - [2021-08-07 19:23:19,628] {dag.py:1833} INFO - Sync 3 DAGs
[2021-08-07 19:23:19,641] {logging_mixin.py:104} INFO - [2021-08-07 19:23:19,641] {dag.py:2306} INFO - Setting next_dagrun for example_subdag_operator to 2021-08-05 00:00:00+00:00
[2021-08-07 19:23:19,642] {logging_mixin.py:104} INFO - [2021-08-07 19:23:19,642] {dag.py:2306} INFO - Setting next_dagrun for example_subdag_operator.section-1 to None
[2021-08-07 19:23:19,642] {logging_mixin.py:104} INFO - [2021-08-07 19:23:19,642] {dag.py:2306} INFO - Setting next_dagrun for example_subdag_operator.section-2 to None
[2021-08-07 19:23:19,649] {logging_mixin.py:104} INFO - [2021-08-07 19:23:19,649] {dag.py:1833} INFO - Sync 2 DAGs
[2021-08-07 19:23:19,656] {logging_mixin.py:104} INFO - [2021-08-07 19:23:19,656] {dag.py:2306} INFO - Setting next_dagrun for example_subdag_operator.section-1 to None
[2021-08-07 19:23:19,657] {logging_mixin.py:104} INFO - [2021-08-07 19:23:19,657] {dag.py:2306} INFO - Setting next_dagrun for example_subdag_operator.section-2 to None
[2021-08-07 19:23:19,661] {scheduler_job.py:190} INFO - Processing /home/airflow/.local/lib/python3.6/site-packages/airflow/example_dags/example_subdag_operator.py took 0.074 seconds
[2021-08-07 19:23:50,523] {scheduler_job.py:182} INFO - Started process (PID=1184) to work on /home/airflow/.local/lib/python3.6/site-packages/airflow/example_dags/example_subdag_operator.py
[2021-08-07 19:23:50,524] {scheduler_job.py:633} INFO - Processing file /home/airflow/.local/lib/python3.6/site-packages/airflow/example_dags/example_subdag_operator.py for tasks to queue
[2021-08-07 19:23:50,525] {logging_mixin.py:104} INFO - [2021-08-07 19:23:50,524] {dagbag.py:496} INFO - Filling up the DagBag from /home/airflow/.local/lib/python3.6/site-packages/airflow/example_dags/example_subdag_operator.py
[2021-08-07 19:23:50,549] {scheduler_job.py:643} INFO - DAG(s) dict_keys(['example_subdag_operator.section-1', 'example_subdag_operator.section-2', 'example_subdag_operator']) retrieved from /home/airflow/.local/lib/python3.6/site-packages/airflow/example_dags/example_subdag_operator.py
[2021-08-07 19:23:50,560] {logging_mixin.py:104} INFO - [2021-08-07 19:23:50,560] {dag.py:1833} INFO - Sync 3 DAGs
[2021-08-07 19:23:50,573] {logging_mixin.py:104} INFO - [2021-08-07 19:23:50,573] {dag.py:2306} INFO - Setting next_dagrun for example_subdag_operator to 2021-08-05 00:00:00+00:00
[2021-08-07 19:23:50,574] {logging_mixin.py:104} INFO - [2021-08-07 19:23:50,574] {dag.py:2306} INFO - Setting next_dagrun for example_subdag_operator.section-1 to None
[2021-08-07 19:23:50,574] {logging_mixin.py:104} INFO - [2021-08-07 19:23:50,574] {dag.py:2306} INFO - Setting next_dagrun for example_subdag_operator.section-2 to None
[2021-08-07 19:23:50,581] {logging_mixin.py:104} INFO - [2021-08-07 19:23:50,581] {dag.py:1833} INFO - Sync 2 DAGs
[2021-08-07 19:23:50,588] {logging_mixin.py:104} INFO - [2021-08-07 19:23:50,588] {dag.py:2306} INFO - Setting next_dagrun for example_subdag_operator.section-1 to None
[2021-08-07 19:23:50,588] {logging_mixin.py:104} INFO - [2021-08-07 19:23:50,588] {dag.py:2306} INFO - Setting next_dagrun for example_subdag_operator.section-2 to None
[2021-08-07 19:23:50,593] {scheduler_job.py:190} INFO - Processing /home/airflow/.local/lib/python3.6/site-packages/airflow/example_dags/example_subdag_operator.py took 0.073 seconds
[2021-08-07 19:24:21,282] {scheduler_job.py:182} INFO - Started process (PID=1245) to work on /home/airflow/.local/lib/python3.6/site-packages/airflow/example_dags/example_subdag_operator.py
[2021-08-07 19:24:21,282] {scheduler_job.py:633} INFO - Processing file /home/airflow/.local/lib/python3.6/site-packages/airflow/example_dags/example_subdag_operator.py for tasks to queue
[2021-08-07 19:24:21,283] {logging_mixin.py:104} INFO - [2021-08-07 19:24:21,283] {dagbag.py:496} INFO - Filling up the DagBag from /home/airflow/.local/lib/python3.6/site-packages/airflow/example_dags/example_subdag_operator.py
[2021-08-07 19:24:21,311] {scheduler_job.py:643} INFO - DAG(s) dict_keys(['example_subdag_operator.section-1', 'example_subdag_operator.section-2', 'example_subdag_operator']) retrieved from /home/airflow/.local/lib/python3.6/site-packages/airflow/example_dags/example_subdag_operator.py
[2021-08-07 19:24:21,322] {logging_mixin.py:104} INFO - [2021-08-07 19:24:21,322] {dag.py:1833} INFO - Sync 3 DAGs
[2021-08-07 19:24:21,337] {logging_mixin.py:104} INFO - [2021-08-07 19:24:21,337] {dag.py:2306} INFO - Setting next_dagrun for example_subdag_operator to 2021-08-05 00:00:00+00:00
[2021-08-07 19:24:21,338] {logging_mixin.py:104} INFO - [2021-08-07 19:24:21,338] {dag.py:2306} INFO - Setting next_dagrun for example_subdag_operator.section-1 to None
[2021-08-07 19:24:21,338] {logging_mixin.py:104} INFO - [2021-08-07 19:24:21,338] {dag.py:2306} INFO - Setting next_dagrun for example_subdag_operator.section-2 to None
[2021-08-07 19:24:21,345] {logging_mixin.py:104} INFO - [2021-08-07 19:24:21,345] {dag.py:1833} INFO - Sync 2 DAGs
[2021-08-07 19:24:21,353] {logging_mixin.py:104} INFO - [2021-08-07 19:24:21,353] {dag.py:2306} INFO - Setting next_dagrun for example_subdag_operator.section-1 to None
[2021-08-07 19:24:21,354] {logging_mixin.py:104} INFO - [2021-08-07 19:24:21,353] {dag.py:2306} INFO - Setting next_dagrun for example_subdag_operator.section-2 to None
[2021-08-07 19:24:21,363] {scheduler_job.py:190} INFO - Processing /home/airflow/.local/lib/python3.6/site-packages/airflow/example_dags/example_subdag_operator.py took 0.084 seconds
[2021-08-07 19:24:52,017] {scheduler_job.py:182} INFO - Started process (PID=1301) to work on /home/airflow/.local/lib/python3.6/site-packages/airflow/example_dags/example_subdag_operator.py
[2021-08-07 19:24:52,018] {scheduler_job.py:633} INFO - Processing file /home/airflow/.local/lib/python3.6/site-packages/airflow/example_dags/example_subdag_operator.py for tasks to queue
[2021-08-07 19:24:52,019] {logging_mixin.py:104} INFO - [2021-08-07 19:24:52,019] {dagbag.py:496} INFO - Filling up the DagBag from /home/airflow/.local/lib/python3.6/site-packages/airflow/example_dags/example_subdag_operator.py
[2021-08-07 19:24:52,044] {scheduler_job.py:643} INFO - DAG(s) dict_keys(['example_subdag_operator.section-1', 'example_subdag_operator.section-2', 'example_subdag_operator']) retrieved from /home/airflow/.local/lib/python3.6/site-packages/airflow/example_dags/example_subdag_operator.py
[2021-08-07 19:24:52,054] {logging_mixin.py:104} INFO - [2021-08-07 19:24:52,054] {dag.py:1833} INFO - Sync 3 DAGs
[2021-08-07 19:24:52,069] {logging_mixin.py:104} INFO - [2021-08-07 19:24:52,069] {dag.py:2306} INFO - Setting next_dagrun for example_subdag_operator to 2021-08-05 00:00:00+00:00
[2021-08-07 19:24:52,070] {logging_mixin.py:104} INFO - [2021-08-07 19:24:52,070] {dag.py:2306} INFO - Setting next_dagrun for example_subdag_operator.section-1 to None
[2021-08-07 19:24:52,070] {logging_mixin.py:104} INFO - [2021-08-07 19:24:52,070] {dag.py:2306} INFO - Setting next_dagrun for example_subdag_operator.section-2 to None
[2021-08-07 19:24:52,077] {logging_mixin.py:104} INFO - [2021-08-07 19:24:52,077] {dag.py:1833} INFO - Sync 2 DAGs
[2021-08-07 19:24:52,084] {logging_mixin.py:104} INFO - [2021-08-07 19:24:52,084] {dag.py:2306} INFO - Setting next_dagrun for example_subdag_operator.section-1 to None
[2021-08-07 19:24:52,084] {logging_mixin.py:104} INFO - [2021-08-07 19:24:52,084] {dag.py:2306} INFO - Setting next_dagrun for example_subdag_operator.section-2 to None
[2021-08-07 19:24:52,090] {scheduler_job.py:190} INFO - Processing /home/airflow/.local/lib/python3.6/site-packages/airflow/example_dags/example_subdag_operator.py took 0.074 seconds
