[2021-08-07 19:15:58,810] {scheduler_job.py:182} INFO - Started process (PID=189) to work on /home/airflow/.local/lib/python3.6/site-packages/airflow/example_dags/example_branch_day_of_week_operator.py
[2021-08-07 19:15:58,811] {scheduler_job.py:633} INFO - Processing file /home/airflow/.local/lib/python3.6/site-packages/airflow/example_dags/example_branch_day_of_week_operator.py for tasks to queue
[2021-08-07 19:15:58,812] {logging_mixin.py:104} INFO - [2021-08-07 19:15:58,812] {dagbag.py:496} INFO - Filling up the DagBag from /home/airflow/.local/lib/python3.6/site-packages/airflow/example_dags/example_branch_day_of_week_operator.py
[2021-08-07 19:15:58,832] {scheduler_job.py:643} INFO - DAG(s) dict_keys(['example_weekday_branch_operator']) retrieved from /home/airflow/.local/lib/python3.6/site-packages/airflow/example_dags/example_branch_day_of_week_operator.py
[2021-08-07 19:16:01,813] {logging_mixin.py:104} INFO - [2021-08-07 19:16:01,812] {dag.py:1833} INFO - Sync 1 DAGs
[2021-08-07 19:16:01,825] {logging_mixin.py:104} INFO - [2021-08-07 19:16:01,824] {dag.py:1852} INFO - Creating ORM DAG for example_weekday_branch_operator
[2021-08-07 19:16:01,836] {logging_mixin.py:104} INFO - [2021-08-07 19:16:01,836] {dag.py:2306} INFO - Setting next_dagrun for example_weekday_branch_operator to 2021-08-05 00:00:00+00:00
[2021-08-07 19:16:01,848] {scheduler_job.py:190} INFO - Processing /home/airflow/.local/lib/python3.6/site-packages/airflow/example_dags/example_branch_day_of_week_operator.py took 3.041 seconds
[2021-08-07 19:16:31,968] {scheduler_job.py:182} INFO - Started process (PID=365) to work on /home/airflow/.local/lib/python3.6/site-packages/airflow/example_dags/example_branch_day_of_week_operator.py
[2021-08-07 19:16:31,970] {scheduler_job.py:633} INFO - Processing file /home/airflow/.local/lib/python3.6/site-packages/airflow/example_dags/example_branch_day_of_week_operator.py for tasks to queue
[2021-08-07 19:16:31,972] {logging_mixin.py:104} INFO - [2021-08-07 19:16:31,972] {dagbag.py:496} INFO - Filling up the DagBag from /home/airflow/.local/lib/python3.6/site-packages/airflow/example_dags/example_branch_day_of_week_operator.py
[2021-08-07 19:16:32,001] {scheduler_job.py:643} INFO - DAG(s) dict_keys(['example_weekday_branch_operator']) retrieved from /home/airflow/.local/lib/python3.6/site-packages/airflow/example_dags/example_branch_day_of_week_operator.py
[2021-08-07 19:16:32,032] {logging_mixin.py:104} INFO - [2021-08-07 19:16:32,032] {dag.py:1833} INFO - Sync 1 DAGs
[2021-08-07 19:16:32,054] {logging_mixin.py:104} INFO - [2021-08-07 19:16:32,054] {dag.py:2306} INFO - Setting next_dagrun for example_weekday_branch_operator to 2021-08-05 00:00:00+00:00
[2021-08-07 19:16:32,066] {scheduler_job.py:190} INFO - Processing /home/airflow/.local/lib/python3.6/site-packages/airflow/example_dags/example_branch_day_of_week_operator.py took 0.102 seconds
[2021-08-07 19:17:02,386] {scheduler_job.py:182} INFO - Started process (PID=431) to work on /home/airflow/.local/lib/python3.6/site-packages/airflow/example_dags/example_branch_day_of_week_operator.py
[2021-08-07 19:17:02,388] {scheduler_job.py:633} INFO - Processing file /home/airflow/.local/lib/python3.6/site-packages/airflow/example_dags/example_branch_day_of_week_operator.py for tasks to queue
[2021-08-07 19:17:02,389] {logging_mixin.py:104} INFO - [2021-08-07 19:17:02,388] {dagbag.py:496} INFO - Filling up the DagBag from /home/airflow/.local/lib/python3.6/site-packages/airflow/example_dags/example_branch_day_of_week_operator.py
[2021-08-07 19:17:02,421] {scheduler_job.py:643} INFO - DAG(s) dict_keys(['example_weekday_branch_operator']) retrieved from /home/airflow/.local/lib/python3.6/site-packages/airflow/example_dags/example_branch_day_of_week_operator.py
[2021-08-07 19:17:02,457] {logging_mixin.py:104} INFO - [2021-08-07 19:17:02,457] {dag.py:1833} INFO - Sync 1 DAGs
[2021-08-07 19:17:02,486] {logging_mixin.py:104} INFO - [2021-08-07 19:17:02,486] {dag.py:2306} INFO - Setting next_dagrun for example_weekday_branch_operator to 2021-08-05 00:00:00+00:00
[2021-08-07 19:17:02,501] {scheduler_job.py:190} INFO - Processing /home/airflow/.local/lib/python3.6/site-packages/airflow/example_dags/example_branch_day_of_week_operator.py took 0.122 seconds
[2021-08-07 19:17:32,611] {scheduler_job.py:182} INFO - Started process (PID=486) to work on /home/airflow/.local/lib/python3.6/site-packages/airflow/example_dags/example_branch_day_of_week_operator.py
[2021-08-07 19:17:32,613] {scheduler_job.py:633} INFO - Processing file /home/airflow/.local/lib/python3.6/site-packages/airflow/example_dags/example_branch_day_of_week_operator.py for tasks to queue
[2021-08-07 19:17:32,614] {logging_mixin.py:104} INFO - [2021-08-07 19:17:32,614] {dagbag.py:496} INFO - Filling up the DagBag from /home/airflow/.local/lib/python3.6/site-packages/airflow/example_dags/example_branch_day_of_week_operator.py
[2021-08-07 19:17:32,655] {scheduler_job.py:643} INFO - DAG(s) dict_keys(['example_weekday_branch_operator']) retrieved from /home/airflow/.local/lib/python3.6/site-packages/airflow/example_dags/example_branch_day_of_week_operator.py
[2021-08-07 19:17:32,705] {logging_mixin.py:104} INFO - [2021-08-07 19:17:32,704] {dag.py:1833} INFO - Sync 1 DAGs
[2021-08-07 19:17:32,754] {logging_mixin.py:104} INFO - [2021-08-07 19:17:32,754] {dag.py:2306} INFO - Setting next_dagrun for example_weekday_branch_operator to 2021-08-05 00:00:00+00:00
[2021-08-07 19:17:32,777] {scheduler_job.py:190} INFO - Processing /home/airflow/.local/lib/python3.6/site-packages/airflow/example_dags/example_branch_day_of_week_operator.py took 0.172 seconds
[2021-08-07 19:18:03,303] {scheduler_job.py:182} INFO - Started process (PID=539) to work on /home/airflow/.local/lib/python3.6/site-packages/airflow/example_dags/example_branch_day_of_week_operator.py
[2021-08-07 19:18:03,305] {scheduler_job.py:633} INFO - Processing file /home/airflow/.local/lib/python3.6/site-packages/airflow/example_dags/example_branch_day_of_week_operator.py for tasks to queue
[2021-08-07 19:18:03,307] {logging_mixin.py:104} INFO - [2021-08-07 19:18:03,306] {dagbag.py:496} INFO - Filling up the DagBag from /home/airflow/.local/lib/python3.6/site-packages/airflow/example_dags/example_branch_day_of_week_operator.py
[2021-08-07 19:18:03,330] {scheduler_job.py:643} INFO - DAG(s) dict_keys(['example_weekday_branch_operator']) retrieved from /home/airflow/.local/lib/python3.6/site-packages/airflow/example_dags/example_branch_day_of_week_operator.py
[2021-08-07 19:18:03,347] {logging_mixin.py:104} INFO - [2021-08-07 19:18:03,347] {dag.py:1833} INFO - Sync 1 DAGs
[2021-08-07 19:18:03,365] {logging_mixin.py:104} INFO - [2021-08-07 19:18:03,365] {dag.py:2306} INFO - Setting next_dagrun for example_weekday_branch_operator to 2021-08-05 00:00:00+00:00
[2021-08-07 19:18:03,378] {scheduler_job.py:190} INFO - Processing /home/airflow/.local/lib/python3.6/site-packages/airflow/example_dags/example_branch_day_of_week_operator.py took 0.078 seconds
[2021-08-07 19:18:33,983] {scheduler_job.py:182} INFO - Started process (PID=604) to work on /home/airflow/.local/lib/python3.6/site-packages/airflow/example_dags/example_branch_day_of_week_operator.py
[2021-08-07 19:18:33,984] {scheduler_job.py:633} INFO - Processing file /home/airflow/.local/lib/python3.6/site-packages/airflow/example_dags/example_branch_day_of_week_operator.py for tasks to queue
[2021-08-07 19:18:33,985] {logging_mixin.py:104} INFO - [2021-08-07 19:18:33,984] {dagbag.py:496} INFO - Filling up the DagBag from /home/airflow/.local/lib/python3.6/site-packages/airflow/example_dags/example_branch_day_of_week_operator.py
[2021-08-07 19:18:34,001] {scheduler_job.py:643} INFO - DAG(s) dict_keys(['example_weekday_branch_operator']) retrieved from /home/airflow/.local/lib/python3.6/site-packages/airflow/example_dags/example_branch_day_of_week_operator.py
[2021-08-07 19:18:34,023] {logging_mixin.py:104} INFO - [2021-08-07 19:18:34,023] {dag.py:1833} INFO - Sync 1 DAGs
[2021-08-07 19:18:34,051] {logging_mixin.py:104} INFO - [2021-08-07 19:18:34,050] {dag.py:2306} INFO - Setting next_dagrun for example_weekday_branch_operator to 2021-08-05 00:00:00+00:00
[2021-08-07 19:18:34,063] {scheduler_job.py:190} INFO - Processing /home/airflow/.local/lib/python3.6/site-packages/airflow/example_dags/example_branch_day_of_week_operator.py took 0.084 seconds
[2021-08-07 19:19:04,158] {scheduler_job.py:182} INFO - Started process (PID=658) to work on /home/airflow/.local/lib/python3.6/site-packages/airflow/example_dags/example_branch_day_of_week_operator.py
[2021-08-07 19:19:04,159] {scheduler_job.py:633} INFO - Processing file /home/airflow/.local/lib/python3.6/site-packages/airflow/example_dags/example_branch_day_of_week_operator.py for tasks to queue
[2021-08-07 19:19:04,160] {logging_mixin.py:104} INFO - [2021-08-07 19:19:04,159] {dagbag.py:496} INFO - Filling up the DagBag from /home/airflow/.local/lib/python3.6/site-packages/airflow/example_dags/example_branch_day_of_week_operator.py
[2021-08-07 19:19:04,175] {scheduler_job.py:643} INFO - DAG(s) dict_keys(['example_weekday_branch_operator']) retrieved from /home/airflow/.local/lib/python3.6/site-packages/airflow/example_dags/example_branch_day_of_week_operator.py
[2021-08-07 19:19:04,200] {logging_mixin.py:104} INFO - [2021-08-07 19:19:04,200] {dag.py:1833} INFO - Sync 1 DAGs
[2021-08-07 19:19:04,222] {logging_mixin.py:104} INFO - [2021-08-07 19:19:04,222] {dag.py:2306} INFO - Setting next_dagrun for example_weekday_branch_operator to 2021-08-05 00:00:00+00:00
[2021-08-07 19:19:04,233] {scheduler_job.py:190} INFO - Processing /home/airflow/.local/lib/python3.6/site-packages/airflow/example_dags/example_branch_day_of_week_operator.py took 0.079 seconds
[2021-08-07 19:19:34,530] {scheduler_job.py:182} INFO - Started process (PID=725) to work on /home/airflow/.local/lib/python3.6/site-packages/airflow/example_dags/example_branch_day_of_week_operator.py
[2021-08-07 19:19:34,532] {scheduler_job.py:633} INFO - Processing file /home/airflow/.local/lib/python3.6/site-packages/airflow/example_dags/example_branch_day_of_week_operator.py for tasks to queue
[2021-08-07 19:19:34,533] {logging_mixin.py:104} INFO - [2021-08-07 19:19:34,532] {dagbag.py:496} INFO - Filling up the DagBag from /home/airflow/.local/lib/python3.6/site-packages/airflow/example_dags/example_branch_day_of_week_operator.py
[2021-08-07 19:19:34,548] {scheduler_job.py:643} INFO - DAG(s) dict_keys(['example_weekday_branch_operator']) retrieved from /home/airflow/.local/lib/python3.6/site-packages/airflow/example_dags/example_branch_day_of_week_operator.py
[2021-08-07 19:19:34,578] {logging_mixin.py:104} INFO - [2021-08-07 19:19:34,578] {dag.py:1833} INFO - Sync 1 DAGs
[2021-08-07 19:19:34,608] {logging_mixin.py:104} INFO - [2021-08-07 19:19:34,608] {dag.py:2306} INFO - Setting next_dagrun for example_weekday_branch_operator to 2021-08-05 00:00:00+00:00
[2021-08-07 19:19:34,622] {scheduler_job.py:190} INFO - Processing /home/airflow/.local/lib/python3.6/site-packages/airflow/example_dags/example_branch_day_of_week_operator.py took 0.094 seconds
[2021-08-07 19:20:04,741] {scheduler_job.py:182} INFO - Started process (PID=778) to work on /home/airflow/.local/lib/python3.6/site-packages/airflow/example_dags/example_branch_day_of_week_operator.py
[2021-08-07 19:20:04,743] {scheduler_job.py:633} INFO - Processing file /home/airflow/.local/lib/python3.6/site-packages/airflow/example_dags/example_branch_day_of_week_operator.py for tasks to queue
[2021-08-07 19:20:04,743] {logging_mixin.py:104} INFO - [2021-08-07 19:20:04,743] {dagbag.py:496} INFO - Filling up the DagBag from /home/airflow/.local/lib/python3.6/site-packages/airflow/example_dags/example_branch_day_of_week_operator.py
[2021-08-07 19:20:04,755] {scheduler_job.py:643} INFO - DAG(s) dict_keys(['example_weekday_branch_operator']) retrieved from /home/airflow/.local/lib/python3.6/site-packages/airflow/example_dags/example_branch_day_of_week_operator.py
[2021-08-07 19:20:04,781] {logging_mixin.py:104} INFO - [2021-08-07 19:20:04,780] {dag.py:1833} INFO - Sync 1 DAGs
[2021-08-07 19:20:04,802] {logging_mixin.py:104} INFO - [2021-08-07 19:20:04,802] {dag.py:2306} INFO - Setting next_dagrun for example_weekday_branch_operator to 2021-08-05 00:00:00+00:00
[2021-08-07 19:20:04,814] {scheduler_job.py:190} INFO - Processing /home/airflow/.local/lib/python3.6/site-packages/airflow/example_dags/example_branch_day_of_week_operator.py took 0.076 seconds
[2021-08-07 19:20:34,904] {scheduler_job.py:182} INFO - Started process (PID=840) to work on /home/airflow/.local/lib/python3.6/site-packages/airflow/example_dags/example_branch_day_of_week_operator.py
[2021-08-07 19:20:34,906] {scheduler_job.py:633} INFO - Processing file /home/airflow/.local/lib/python3.6/site-packages/airflow/example_dags/example_branch_day_of_week_operator.py for tasks to queue
[2021-08-07 19:20:34,906] {logging_mixin.py:104} INFO - [2021-08-07 19:20:34,906] {dagbag.py:496} INFO - Filling up the DagBag from /home/airflow/.local/lib/python3.6/site-packages/airflow/example_dags/example_branch_day_of_week_operator.py
[2021-08-07 19:20:34,921] {scheduler_job.py:643} INFO - DAG(s) dict_keys(['example_weekday_branch_operator']) retrieved from /home/airflow/.local/lib/python3.6/site-packages/airflow/example_dags/example_branch_day_of_week_operator.py
[2021-08-07 19:20:34,945] {logging_mixin.py:104} INFO - [2021-08-07 19:20:34,945] {dag.py:1833} INFO - Sync 1 DAGs
[2021-08-07 19:20:34,967] {logging_mixin.py:104} INFO - [2021-08-07 19:20:34,967] {dag.py:2306} INFO - Setting next_dagrun for example_weekday_branch_operator to 2021-08-05 00:00:00+00:00
[2021-08-07 19:20:34,977] {scheduler_job.py:190} INFO - Processing /home/airflow/.local/lib/python3.6/site-packages/airflow/example_dags/example_branch_day_of_week_operator.py took 0.075 seconds
[2021-08-07 19:21:05,001] {scheduler_job.py:182} INFO - Started process (PID=894) to work on /home/airflow/.local/lib/python3.6/site-packages/airflow/example_dags/example_branch_day_of_week_operator.py
[2021-08-07 19:21:05,003] {scheduler_job.py:633} INFO - Processing file /home/airflow/.local/lib/python3.6/site-packages/airflow/example_dags/example_branch_day_of_week_operator.py for tasks to queue
[2021-08-07 19:21:05,005] {logging_mixin.py:104} INFO - [2021-08-07 19:21:05,005] {dagbag.py:496} INFO - Filling up the DagBag from /home/airflow/.local/lib/python3.6/site-packages/airflow/example_dags/example_branch_day_of_week_operator.py
[2021-08-07 19:21:05,021] {scheduler_job.py:643} INFO - DAG(s) dict_keys(['example_weekday_branch_operator']) retrieved from /home/airflow/.local/lib/python3.6/site-packages/airflow/example_dags/example_branch_day_of_week_operator.py
[2021-08-07 19:21:05,042] {logging_mixin.py:104} INFO - [2021-08-07 19:21:05,042] {dag.py:1833} INFO - Sync 1 DAGs
[2021-08-07 19:21:05,062] {logging_mixin.py:104} INFO - [2021-08-07 19:21:05,062] {dag.py:2306} INFO - Setting next_dagrun for example_weekday_branch_operator to 2021-08-05 00:00:00+00:00
[2021-08-07 19:21:05,074] {scheduler_job.py:190} INFO - Processing /home/airflow/.local/lib/python3.6/site-packages/airflow/example_dags/example_branch_day_of_week_operator.py took 0.078 seconds
[2021-08-07 19:21:35,926] {scheduler_job.py:182} INFO - Started process (PID=958) to work on /home/airflow/.local/lib/python3.6/site-packages/airflow/example_dags/example_branch_day_of_week_operator.py
[2021-08-07 19:21:35,927] {scheduler_job.py:633} INFO - Processing file /home/airflow/.local/lib/python3.6/site-packages/airflow/example_dags/example_branch_day_of_week_operator.py for tasks to queue
[2021-08-07 19:21:35,928] {logging_mixin.py:104} INFO - [2021-08-07 19:21:35,928] {dagbag.py:496} INFO - Filling up the DagBag from /home/airflow/.local/lib/python3.6/site-packages/airflow/example_dags/example_branch_day_of_week_operator.py
[2021-08-07 19:21:35,942] {scheduler_job.py:643} INFO - DAG(s) dict_keys(['example_weekday_branch_operator']) retrieved from /home/airflow/.local/lib/python3.6/site-packages/airflow/example_dags/example_branch_day_of_week_operator.py
[2021-08-07 19:21:35,961] {logging_mixin.py:104} INFO - [2021-08-07 19:21:35,961] {dag.py:1833} INFO - Sync 1 DAGs
[2021-08-07 19:21:35,980] {logging_mixin.py:104} INFO - [2021-08-07 19:21:35,980] {dag.py:2306} INFO - Setting next_dagrun for example_weekday_branch_operator to 2021-08-05 00:00:00+00:00
[2021-08-07 19:21:35,992] {scheduler_job.py:190} INFO - Processing /home/airflow/.local/lib/python3.6/site-packages/airflow/example_dags/example_branch_day_of_week_operator.py took 0.069 seconds
[2021-08-07 19:22:06,126] {scheduler_job.py:182} INFO - Started process (PID=1011) to work on /home/airflow/.local/lib/python3.6/site-packages/airflow/example_dags/example_branch_day_of_week_operator.py
[2021-08-07 19:22:06,128] {scheduler_job.py:633} INFO - Processing file /home/airflow/.local/lib/python3.6/site-packages/airflow/example_dags/example_branch_day_of_week_operator.py for tasks to queue
[2021-08-07 19:22:06,129] {logging_mixin.py:104} INFO - [2021-08-07 19:22:06,129] {dagbag.py:496} INFO - Filling up the DagBag from /home/airflow/.local/lib/python3.6/site-packages/airflow/example_dags/example_branch_day_of_week_operator.py
[2021-08-07 19:22:06,143] {scheduler_job.py:643} INFO - DAG(s) dict_keys(['example_weekday_branch_operator']) retrieved from /home/airflow/.local/lib/python3.6/site-packages/airflow/example_dags/example_branch_day_of_week_operator.py
[2021-08-07 19:22:06,165] {logging_mixin.py:104} INFO - [2021-08-07 19:22:06,165] {dag.py:1833} INFO - Sync 1 DAGs
[2021-08-07 19:22:06,186] {logging_mixin.py:104} INFO - [2021-08-07 19:22:06,186] {dag.py:2306} INFO - Setting next_dagrun for example_weekday_branch_operator to 2021-08-05 00:00:00+00:00
[2021-08-07 19:22:06,201] {scheduler_job.py:190} INFO - Processing /home/airflow/.local/lib/python3.6/site-packages/airflow/example_dags/example_branch_day_of_week_operator.py took 0.078 seconds
[2021-08-07 19:22:47,936] {scheduler_job.py:182} INFO - Started process (PID=1045) to work on /home/airflow/.local/lib/python3.6/site-packages/airflow/example_dags/example_branch_day_of_week_operator.py
[2021-08-07 19:22:47,938] {scheduler_job.py:633} INFO - Processing file /home/airflow/.local/lib/python3.6/site-packages/airflow/example_dags/example_branch_day_of_week_operator.py for tasks to queue
[2021-08-07 19:22:47,939] {logging_mixin.py:104} INFO - [2021-08-07 19:22:47,939] {dagbag.py:496} INFO - Filling up the DagBag from /home/airflow/.local/lib/python3.6/site-packages/airflow/example_dags/example_branch_day_of_week_operator.py
[2021-08-07 19:22:47,950] {scheduler_job.py:643} INFO - DAG(s) dict_keys(['example_weekday_branch_operator']) retrieved from /home/airflow/.local/lib/python3.6/site-packages/airflow/example_dags/example_branch_day_of_week_operator.py
[2021-08-07 19:22:47,970] {logging_mixin.py:104} INFO - [2021-08-07 19:22:47,970] {dag.py:1833} INFO - Sync 1 DAGs
[2021-08-07 19:22:47,992] {logging_mixin.py:104} INFO - [2021-08-07 19:22:47,992] {dag.py:2306} INFO - Setting next_dagrun for example_weekday_branch_operator to 2021-08-05 00:00:00+00:00
[2021-08-07 19:22:48,004] {scheduler_job.py:190} INFO - Processing /home/airflow/.local/lib/python3.6/site-packages/airflow/example_dags/example_branch_day_of_week_operator.py took 0.071 seconds
[2021-08-07 19:23:18,399] {scheduler_job.py:182} INFO - Started process (PID=1109) to work on /home/airflow/.local/lib/python3.6/site-packages/airflow/example_dags/example_branch_day_of_week_operator.py
[2021-08-07 19:23:18,400] {scheduler_job.py:633} INFO - Processing file /home/airflow/.local/lib/python3.6/site-packages/airflow/example_dags/example_branch_day_of_week_operator.py for tasks to queue
[2021-08-07 19:23:18,401] {logging_mixin.py:104} INFO - [2021-08-07 19:23:18,400] {dagbag.py:496} INFO - Filling up the DagBag from /home/airflow/.local/lib/python3.6/site-packages/airflow/example_dags/example_branch_day_of_week_operator.py
[2021-08-07 19:23:18,409] {scheduler_job.py:643} INFO - DAG(s) dict_keys(['example_weekday_branch_operator']) retrieved from /home/airflow/.local/lib/python3.6/site-packages/airflow/example_dags/example_branch_day_of_week_operator.py
[2021-08-07 19:23:18,426] {logging_mixin.py:104} INFO - [2021-08-07 19:23:18,425] {dag.py:1833} INFO - Sync 1 DAGs
[2021-08-07 19:23:18,444] {logging_mixin.py:104} INFO - [2021-08-07 19:23:18,444] {dag.py:2306} INFO - Setting next_dagrun for example_weekday_branch_operator to 2021-08-05 00:00:00+00:00
[2021-08-07 19:23:18,454] {scheduler_job.py:190} INFO - Processing /home/airflow/.local/lib/python3.6/site-packages/airflow/example_dags/example_branch_day_of_week_operator.py took 0.057 seconds
[2021-08-07 19:23:48,647] {scheduler_job.py:182} INFO - Started process (PID=1170) to work on /home/airflow/.local/lib/python3.6/site-packages/airflow/example_dags/example_branch_day_of_week_operator.py
[2021-08-07 19:23:48,648] {scheduler_job.py:633} INFO - Processing file /home/airflow/.local/lib/python3.6/site-packages/airflow/example_dags/example_branch_day_of_week_operator.py for tasks to queue
[2021-08-07 19:23:48,648] {logging_mixin.py:104} INFO - [2021-08-07 19:23:48,648] {dagbag.py:496} INFO - Filling up the DagBag from /home/airflow/.local/lib/python3.6/site-packages/airflow/example_dags/example_branch_day_of_week_operator.py
[2021-08-07 19:23:48,658] {scheduler_job.py:643} INFO - DAG(s) dict_keys(['example_weekday_branch_operator']) retrieved from /home/airflow/.local/lib/python3.6/site-packages/airflow/example_dags/example_branch_day_of_week_operator.py
[2021-08-07 19:23:48,675] {logging_mixin.py:104} INFO - [2021-08-07 19:23:48,675] {dag.py:1833} INFO - Sync 1 DAGs
[2021-08-07 19:23:48,692] {logging_mixin.py:104} INFO - [2021-08-07 19:23:48,691] {dag.py:2306} INFO - Setting next_dagrun for example_weekday_branch_operator to 2021-08-05 00:00:00+00:00
[2021-08-07 19:23:48,700] {scheduler_job.py:190} INFO - Processing /home/airflow/.local/lib/python3.6/site-packages/airflow/example_dags/example_branch_day_of_week_operator.py took 0.055 seconds
[2021-08-07 19:24:19,448] {scheduler_job.py:182} INFO - Started process (PID=1223) to work on /home/airflow/.local/lib/python3.6/site-packages/airflow/example_dags/example_branch_day_of_week_operator.py
[2021-08-07 19:24:19,449] {scheduler_job.py:633} INFO - Processing file /home/airflow/.local/lib/python3.6/site-packages/airflow/example_dags/example_branch_day_of_week_operator.py for tasks to queue
[2021-08-07 19:24:19,450] {logging_mixin.py:104} INFO - [2021-08-07 19:24:19,450] {dagbag.py:496} INFO - Filling up the DagBag from /home/airflow/.local/lib/python3.6/site-packages/airflow/example_dags/example_branch_day_of_week_operator.py
[2021-08-07 19:24:19,461] {scheduler_job.py:643} INFO - DAG(s) dict_keys(['example_weekday_branch_operator']) retrieved from /home/airflow/.local/lib/python3.6/site-packages/airflow/example_dags/example_branch_day_of_week_operator.py
[2021-08-07 19:24:19,478] {logging_mixin.py:104} INFO - [2021-08-07 19:24:19,478] {dag.py:1833} INFO - Sync 1 DAGs
[2021-08-07 19:24:19,498] {logging_mixin.py:104} INFO - [2021-08-07 19:24:19,498] {dag.py:2306} INFO - Setting next_dagrun for example_weekday_branch_operator to 2021-08-05 00:00:00+00:00
[2021-08-07 19:24:19,508] {scheduler_job.py:190} INFO - Processing /home/airflow/.local/lib/python3.6/site-packages/airflow/example_dags/example_branch_day_of_week_operator.py took 0.061 seconds
[2021-08-07 19:24:50,216] {scheduler_job.py:182} INFO - Started process (PID=1287) to work on /home/airflow/.local/lib/python3.6/site-packages/airflow/example_dags/example_branch_day_of_week_operator.py
[2021-08-07 19:24:50,217] {scheduler_job.py:633} INFO - Processing file /home/airflow/.local/lib/python3.6/site-packages/airflow/example_dags/example_branch_day_of_week_operator.py for tasks to queue
[2021-08-07 19:24:50,218] {logging_mixin.py:104} INFO - [2021-08-07 19:24:50,218] {dagbag.py:496} INFO - Filling up the DagBag from /home/airflow/.local/lib/python3.6/site-packages/airflow/example_dags/example_branch_day_of_week_operator.py
[2021-08-07 19:24:50,227] {scheduler_job.py:643} INFO - DAG(s) dict_keys(['example_weekday_branch_operator']) retrieved from /home/airflow/.local/lib/python3.6/site-packages/airflow/example_dags/example_branch_day_of_week_operator.py
[2021-08-07 19:24:50,242] {logging_mixin.py:104} INFO - [2021-08-07 19:24:50,242] {dag.py:1833} INFO - Sync 1 DAGs
[2021-08-07 19:24:50,259] {logging_mixin.py:104} INFO - [2021-08-07 19:24:50,259] {dag.py:2306} INFO - Setting next_dagrun for example_weekday_branch_operator to 2021-08-05 00:00:00+00:00
[2021-08-07 19:24:50,268] {scheduler_job.py:190} INFO - Processing /home/airflow/.local/lib/python3.6/site-packages/airflow/example_dags/example_branch_day_of_week_operator.py took 0.054 seconds
