[2021-08-07 19:16:10,054] {scheduler_job.py:182} INFO - Started process (PID=244) to work on /home/airflow/.local/lib/python3.6/site-packages/airflow/example_dags/example_task_group_decorator.py
[2021-08-07 19:16:10,055] {scheduler_job.py:633} INFO - Processing file /home/airflow/.local/lib/python3.6/site-packages/airflow/example_dags/example_task_group_decorator.py for tasks to queue
[2021-08-07 19:16:10,056] {logging_mixin.py:104} INFO - [2021-08-07 19:16:10,056] {dagbag.py:496} INFO - Filling up the DagBag from /home/airflow/.local/lib/python3.6/site-packages/airflow/example_dags/example_task_group_decorator.py
[2021-08-07 19:16:10,106] {scheduler_job.py:643} INFO - DAG(s) dict_keys(['example_task_group_decorator']) retrieved from /home/airflow/.local/lib/python3.6/site-packages/airflow/example_dags/example_task_group_decorator.py
[2021-08-07 19:16:14,429] {logging_mixin.py:104} INFO - [2021-08-07 19:16:14,427] {dag.py:1833} INFO - Sync 1 DAGs
[2021-08-07 19:16:14,449] {logging_mixin.py:104} INFO - [2021-08-07 19:16:14,447] {dag.py:1852} INFO - Creating ORM DAG for example_task_group_decorator
[2021-08-07 19:16:14,457] {logging_mixin.py:104} INFO - [2021-08-07 19:16:14,457] {dag.py:2306} INFO - Setting next_dagrun for example_task_group_decorator to 2021-08-05 00:00:00+00:00
[2021-08-07 19:16:14,473] {scheduler_job.py:190} INFO - Processing /home/airflow/.local/lib/python3.6/site-packages/airflow/example_dags/example_task_group_decorator.py took 4.424 seconds
[2021-08-07 19:16:44,574] {scheduler_job.py:182} INFO - Started process (PID=380) to work on /home/airflow/.local/lib/python3.6/site-packages/airflow/example_dags/example_task_group_decorator.py
[2021-08-07 19:16:44,576] {scheduler_job.py:633} INFO - Processing file /home/airflow/.local/lib/python3.6/site-packages/airflow/example_dags/example_task_group_decorator.py for tasks to queue
[2021-08-07 19:16:44,577] {logging_mixin.py:104} INFO - [2021-08-07 19:16:44,577] {dagbag.py:496} INFO - Filling up the DagBag from /home/airflow/.local/lib/python3.6/site-packages/airflow/example_dags/example_task_group_decorator.py
[2021-08-07 19:16:44,627] {scheduler_job.py:643} INFO - DAG(s) dict_keys(['example_task_group_decorator']) retrieved from /home/airflow/.local/lib/python3.6/site-packages/airflow/example_dags/example_task_group_decorator.py
[2021-08-07 19:16:44,895] {logging_mixin.py:104} INFO - [2021-08-07 19:16:44,895] {dag.py:1833} INFO - Sync 1 DAGs
[2021-08-07 19:16:44,910] {logging_mixin.py:104} INFO - [2021-08-07 19:16:44,910] {dag.py:2306} INFO - Setting next_dagrun for example_task_group_decorator to 2021-08-05 00:00:00+00:00
[2021-08-07 19:16:44,923] {scheduler_job.py:190} INFO - Processing /home/airflow/.local/lib/python3.6/site-packages/airflow/example_dags/example_task_group_decorator.py took 0.353 seconds
[2021-08-07 19:17:15,717] {scheduler_job.py:182} INFO - Started process (PID=450) to work on /home/airflow/.local/lib/python3.6/site-packages/airflow/example_dags/example_task_group_decorator.py
[2021-08-07 19:17:15,719] {scheduler_job.py:633} INFO - Processing file /home/airflow/.local/lib/python3.6/site-packages/airflow/example_dags/example_task_group_decorator.py for tasks to queue
[2021-08-07 19:17:15,720] {logging_mixin.py:104} INFO - [2021-08-07 19:17:15,719] {dagbag.py:496} INFO - Filling up the DagBag from /home/airflow/.local/lib/python3.6/site-packages/airflow/example_dags/example_task_group_decorator.py
[2021-08-07 19:17:15,801] {scheduler_job.py:643} INFO - DAG(s) dict_keys(['example_task_group_decorator']) retrieved from /home/airflow/.local/lib/python3.6/site-packages/airflow/example_dags/example_task_group_decorator.py
[2021-08-07 19:17:16,492] {logging_mixin.py:104} INFO - [2021-08-07 19:17:16,492] {dag.py:1833} INFO - Sync 1 DAGs
[2021-08-07 19:17:16,538] {logging_mixin.py:104} INFO - [2021-08-07 19:17:16,538] {dag.py:2306} INFO - Setting next_dagrun for example_task_group_decorator to 2021-08-05 00:00:00+00:00
[2021-08-07 19:17:16,574] {scheduler_job.py:190} INFO - Processing /home/airflow/.local/lib/python3.6/site-packages/airflow/example_dags/example_task_group_decorator.py took 0.874 seconds
[2021-08-07 19:17:46,990] {scheduler_job.py:182} INFO - Started process (PID=503) to work on /home/airflow/.local/lib/python3.6/site-packages/airflow/example_dags/example_task_group_decorator.py
[2021-08-07 19:17:46,998] {scheduler_job.py:633} INFO - Processing file /home/airflow/.local/lib/python3.6/site-packages/airflow/example_dags/example_task_group_decorator.py for tasks to queue
[2021-08-07 19:17:46,999] {logging_mixin.py:104} INFO - [2021-08-07 19:17:46,998] {dagbag.py:496} INFO - Filling up the DagBag from /home/airflow/.local/lib/python3.6/site-packages/airflow/example_dags/example_task_group_decorator.py
[2021-08-07 19:17:47,027] {scheduler_job.py:643} INFO - DAG(s) dict_keys(['example_task_group_decorator']) retrieved from /home/airflow/.local/lib/python3.6/site-packages/airflow/example_dags/example_task_group_decorator.py
[2021-08-07 19:17:47,296] {logging_mixin.py:104} INFO - [2021-08-07 19:17:47,296] {dag.py:1833} INFO - Sync 1 DAGs
[2021-08-07 19:17:47,318] {logging_mixin.py:104} INFO - [2021-08-07 19:17:47,318] {dag.py:2306} INFO - Setting next_dagrun for example_task_group_decorator to 2021-08-05 00:00:00+00:00
[2021-08-07 19:17:47,336] {scheduler_job.py:190} INFO - Processing /home/airflow/.local/lib/python3.6/site-packages/airflow/example_dags/example_task_group_decorator.py took 0.350 seconds
[2021-08-07 19:18:17,593] {scheduler_job.py:182} INFO - Started process (PID=557) to work on /home/airflow/.local/lib/python3.6/site-packages/airflow/example_dags/example_task_group_decorator.py
[2021-08-07 19:18:17,594] {scheduler_job.py:633} INFO - Processing file /home/airflow/.local/lib/python3.6/site-packages/airflow/example_dags/example_task_group_decorator.py for tasks to queue
[2021-08-07 19:18:17,595] {logging_mixin.py:104} INFO - [2021-08-07 19:18:17,595] {dagbag.py:496} INFO - Filling up the DagBag from /home/airflow/.local/lib/python3.6/site-packages/airflow/example_dags/example_task_group_decorator.py
[2021-08-07 19:18:17,621] {scheduler_job.py:643} INFO - DAG(s) dict_keys(['example_task_group_decorator']) retrieved from /home/airflow/.local/lib/python3.6/site-packages/airflow/example_dags/example_task_group_decorator.py
[2021-08-07 19:18:17,873] {logging_mixin.py:104} INFO - [2021-08-07 19:18:17,873] {dag.py:1833} INFO - Sync 1 DAGs
[2021-08-07 19:18:17,889] {logging_mixin.py:104} INFO - [2021-08-07 19:18:17,889] {dag.py:2306} INFO - Setting next_dagrun for example_task_group_decorator to 2021-08-05 00:00:00+00:00
[2021-08-07 19:18:17,903] {scheduler_job.py:190} INFO - Processing /home/airflow/.local/lib/python3.6/site-packages/airflow/example_dags/example_task_group_decorator.py took 0.314 seconds
[2021-08-07 19:18:48,305] {scheduler_job.py:182} INFO - Started process (PID=621) to work on /home/airflow/.local/lib/python3.6/site-packages/airflow/example_dags/example_task_group_decorator.py
[2021-08-07 19:18:48,306] {scheduler_job.py:633} INFO - Processing file /home/airflow/.local/lib/python3.6/site-packages/airflow/example_dags/example_task_group_decorator.py for tasks to queue
[2021-08-07 19:18:48,307] {logging_mixin.py:104} INFO - [2021-08-07 19:18:48,307] {dagbag.py:496} INFO - Filling up the DagBag from /home/airflow/.local/lib/python3.6/site-packages/airflow/example_dags/example_task_group_decorator.py
[2021-08-07 19:18:48,328] {scheduler_job.py:643} INFO - DAG(s) dict_keys(['example_task_group_decorator']) retrieved from /home/airflow/.local/lib/python3.6/site-packages/airflow/example_dags/example_task_group_decorator.py
[2021-08-07 19:18:48,509] {logging_mixin.py:104} INFO - [2021-08-07 19:18:48,509] {dag.py:1833} INFO - Sync 1 DAGs
[2021-08-07 19:18:48,526] {logging_mixin.py:104} INFO - [2021-08-07 19:18:48,526] {dag.py:2306} INFO - Setting next_dagrun for example_task_group_decorator to 2021-08-05 00:00:00+00:00
[2021-08-07 19:18:48,541] {scheduler_job.py:190} INFO - Processing /home/airflow/.local/lib/python3.6/site-packages/airflow/example_dags/example_task_group_decorator.py took 0.238 seconds
[2021-08-07 19:19:18,860] {scheduler_job.py:182} INFO - Started process (PID=675) to work on /home/airflow/.local/lib/python3.6/site-packages/airflow/example_dags/example_task_group_decorator.py
[2021-08-07 19:19:18,861] {scheduler_job.py:633} INFO - Processing file /home/airflow/.local/lib/python3.6/site-packages/airflow/example_dags/example_task_group_decorator.py for tasks to queue
[2021-08-07 19:19:18,862] {logging_mixin.py:104} INFO - [2021-08-07 19:19:18,862] {dagbag.py:496} INFO - Filling up the DagBag from /home/airflow/.local/lib/python3.6/site-packages/airflow/example_dags/example_task_group_decorator.py
[2021-08-07 19:19:18,908] {scheduler_job.py:643} INFO - DAG(s) dict_keys(['example_task_group_decorator']) retrieved from /home/airflow/.local/lib/python3.6/site-packages/airflow/example_dags/example_task_group_decorator.py
[2021-08-07 19:19:19,215] {logging_mixin.py:104} INFO - [2021-08-07 19:19:19,215] {dag.py:1833} INFO - Sync 1 DAGs
[2021-08-07 19:19:19,235] {logging_mixin.py:104} INFO - [2021-08-07 19:19:19,235] {dag.py:2306} INFO - Setting next_dagrun for example_task_group_decorator to 2021-08-05 00:00:00+00:00
[2021-08-07 19:19:19,255] {scheduler_job.py:190} INFO - Processing /home/airflow/.local/lib/python3.6/site-packages/airflow/example_dags/example_task_group_decorator.py took 0.399 seconds
[2021-08-07 19:19:49,867] {scheduler_job.py:182} INFO - Started process (PID=742) to work on /home/airflow/.local/lib/python3.6/site-packages/airflow/example_dags/example_task_group_decorator.py
[2021-08-07 19:19:49,868] {scheduler_job.py:633} INFO - Processing file /home/airflow/.local/lib/python3.6/site-packages/airflow/example_dags/example_task_group_decorator.py for tasks to queue
[2021-08-07 19:19:49,868] {logging_mixin.py:104} INFO - [2021-08-07 19:19:49,868] {dagbag.py:496} INFO - Filling up the DagBag from /home/airflow/.local/lib/python3.6/site-packages/airflow/example_dags/example_task_group_decorator.py
[2021-08-07 19:19:49,892] {scheduler_job.py:643} INFO - DAG(s) dict_keys(['example_task_group_decorator']) retrieved from /home/airflow/.local/lib/python3.6/site-packages/airflow/example_dags/example_task_group_decorator.py
[2021-08-07 19:19:50,093] {logging_mixin.py:104} INFO - [2021-08-07 19:19:50,093] {dag.py:1833} INFO - Sync 1 DAGs
[2021-08-07 19:19:50,107] {logging_mixin.py:104} INFO - [2021-08-07 19:19:50,107] {dag.py:2306} INFO - Setting next_dagrun for example_task_group_decorator to 2021-08-05 00:00:00+00:00
[2021-08-07 19:19:50,117] {scheduler_job.py:190} INFO - Processing /home/airflow/.local/lib/python3.6/site-packages/airflow/example_dags/example_task_group_decorator.py took 0.252 seconds
[2021-08-07 19:20:20,304] {scheduler_job.py:182} INFO - Started process (PID=796) to work on /home/airflow/.local/lib/python3.6/site-packages/airflow/example_dags/example_task_group_decorator.py
[2021-08-07 19:20:20,306] {scheduler_job.py:633} INFO - Processing file /home/airflow/.local/lib/python3.6/site-packages/airflow/example_dags/example_task_group_decorator.py for tasks to queue
[2021-08-07 19:20:20,307] {logging_mixin.py:104} INFO - [2021-08-07 19:20:20,306] {dagbag.py:496} INFO - Filling up the DagBag from /home/airflow/.local/lib/python3.6/site-packages/airflow/example_dags/example_task_group_decorator.py
[2021-08-07 19:20:20,332] {scheduler_job.py:643} INFO - DAG(s) dict_keys(['example_task_group_decorator']) retrieved from /home/airflow/.local/lib/python3.6/site-packages/airflow/example_dags/example_task_group_decorator.py
[2021-08-07 19:20:20,555] {logging_mixin.py:104} INFO - [2021-08-07 19:20:20,555] {dag.py:1833} INFO - Sync 1 DAGs
[2021-08-07 19:20:20,572] {logging_mixin.py:104} INFO - [2021-08-07 19:20:20,572] {dag.py:2306} INFO - Setting next_dagrun for example_task_group_decorator to 2021-08-05 00:00:00+00:00
[2021-08-07 19:20:20,590] {scheduler_job.py:190} INFO - Processing /home/airflow/.local/lib/python3.6/site-packages/airflow/example_dags/example_task_group_decorator.py took 0.288 seconds
[2021-08-07 19:20:51,237] {scheduler_job.py:182} INFO - Started process (PID=859) to work on /home/airflow/.local/lib/python3.6/site-packages/airflow/example_dags/example_task_group_decorator.py
[2021-08-07 19:20:51,238] {scheduler_job.py:633} INFO - Processing file /home/airflow/.local/lib/python3.6/site-packages/airflow/example_dags/example_task_group_decorator.py for tasks to queue
[2021-08-07 19:20:51,239] {logging_mixin.py:104} INFO - [2021-08-07 19:20:51,239] {dagbag.py:496} INFO - Filling up the DagBag from /home/airflow/.local/lib/python3.6/site-packages/airflow/example_dags/example_task_group_decorator.py
[2021-08-07 19:20:51,271] {scheduler_job.py:643} INFO - DAG(s) dict_keys(['example_task_group_decorator']) retrieved from /home/airflow/.local/lib/python3.6/site-packages/airflow/example_dags/example_task_group_decorator.py
[2021-08-07 19:20:51,572] {logging_mixin.py:104} INFO - [2021-08-07 19:20:51,572] {dag.py:1833} INFO - Sync 1 DAGs
[2021-08-07 19:20:51,594] {logging_mixin.py:104} INFO - [2021-08-07 19:20:51,594] {dag.py:2306} INFO - Setting next_dagrun for example_task_group_decorator to 2021-08-05 00:00:00+00:00
[2021-08-07 19:20:51,615] {scheduler_job.py:190} INFO - Processing /home/airflow/.local/lib/python3.6/site-packages/airflow/example_dags/example_task_group_decorator.py took 0.384 seconds
[2021-08-07 19:21:22,439] {scheduler_job.py:182} INFO - Started process (PID=913) to work on /home/airflow/.local/lib/python3.6/site-packages/airflow/example_dags/example_task_group_decorator.py
[2021-08-07 19:21:22,441] {scheduler_job.py:633} INFO - Processing file /home/airflow/.local/lib/python3.6/site-packages/airflow/example_dags/example_task_group_decorator.py for tasks to queue
[2021-08-07 19:21:22,442] {logging_mixin.py:104} INFO - [2021-08-07 19:21:22,442] {dagbag.py:496} INFO - Filling up the DagBag from /home/airflow/.local/lib/python3.6/site-packages/airflow/example_dags/example_task_group_decorator.py
[2021-08-07 19:21:22,482] {scheduler_job.py:643} INFO - DAG(s) dict_keys(['example_task_group_decorator']) retrieved from /home/airflow/.local/lib/python3.6/site-packages/airflow/example_dags/example_task_group_decorator.py
[2021-08-07 19:21:22,738] {logging_mixin.py:104} INFO - [2021-08-07 19:21:22,737] {dag.py:1833} INFO - Sync 1 DAGs
[2021-08-07 19:21:22,756] {logging_mixin.py:104} INFO - [2021-08-07 19:21:22,756] {dag.py:2306} INFO - Setting next_dagrun for example_task_group_decorator to 2021-08-05 00:00:00+00:00
[2021-08-07 19:21:22,770] {scheduler_job.py:190} INFO - Processing /home/airflow/.local/lib/python3.6/site-packages/airflow/example_dags/example_task_group_decorator.py took 0.336 seconds
[2021-08-07 19:21:53,669] {scheduler_job.py:182} INFO - Started process (PID=976) to work on /home/airflow/.local/lib/python3.6/site-packages/airflow/example_dags/example_task_group_decorator.py
[2021-08-07 19:21:53,670] {scheduler_job.py:633} INFO - Processing file /home/airflow/.local/lib/python3.6/site-packages/airflow/example_dags/example_task_group_decorator.py for tasks to queue
[2021-08-07 19:21:53,671] {logging_mixin.py:104} INFO - [2021-08-07 19:21:53,671] {dagbag.py:496} INFO - Filling up the DagBag from /home/airflow/.local/lib/python3.6/site-packages/airflow/example_dags/example_task_group_decorator.py
[2021-08-07 19:21:53,706] {scheduler_job.py:643} INFO - DAG(s) dict_keys(['example_task_group_decorator']) retrieved from /home/airflow/.local/lib/python3.6/site-packages/airflow/example_dags/example_task_group_decorator.py
[2021-08-07 19:21:54,050] {logging_mixin.py:104} INFO - [2021-08-07 19:21:54,050] {dag.py:1833} INFO - Sync 1 DAGs
[2021-08-07 19:21:54,071] {logging_mixin.py:104} INFO - [2021-08-07 19:21:54,071] {dag.py:2306} INFO - Setting next_dagrun for example_task_group_decorator to 2021-08-05 00:00:00+00:00
[2021-08-07 19:21:54,090] {scheduler_job.py:190} INFO - Processing /home/airflow/.local/lib/python3.6/site-packages/airflow/example_dags/example_task_group_decorator.py took 0.425 seconds
[2021-08-07 19:22:48,455] {scheduler_job.py:182} INFO - Started process (PID=1061) to work on /home/airflow/.local/lib/python3.6/site-packages/airflow/example_dags/example_task_group_decorator.py
[2021-08-07 19:22:48,457] {scheduler_job.py:633} INFO - Processing file /home/airflow/.local/lib/python3.6/site-packages/airflow/example_dags/example_task_group_decorator.py for tasks to queue
[2021-08-07 19:22:48,457] {logging_mixin.py:104} INFO - [2021-08-07 19:22:48,457] {dagbag.py:496} INFO - Filling up the DagBag from /home/airflow/.local/lib/python3.6/site-packages/airflow/example_dags/example_task_group_decorator.py
[2021-08-07 19:22:48,486] {scheduler_job.py:643} INFO - DAG(s) dict_keys(['example_task_group_decorator']) retrieved from /home/airflow/.local/lib/python3.6/site-packages/airflow/example_dags/example_task_group_decorator.py
[2021-08-07 19:22:48,801] {logging_mixin.py:104} INFO - [2021-08-07 19:22:48,800] {dag.py:1833} INFO - Sync 1 DAGs
[2021-08-07 19:22:48,819] {logging_mixin.py:104} INFO - [2021-08-07 19:22:48,818] {dag.py:2306} INFO - Setting next_dagrun for example_task_group_decorator to 2021-08-05 00:00:00+00:00
[2021-08-07 19:22:48,834] {scheduler_job.py:190} INFO - Processing /home/airflow/.local/lib/python3.6/site-packages/airflow/example_dags/example_task_group_decorator.py took 0.382 seconds
[2021-08-07 19:23:19,082] {scheduler_job.py:182} INFO - Started process (PID=1115) to work on /home/airflow/.local/lib/python3.6/site-packages/airflow/example_dags/example_task_group_decorator.py
[2021-08-07 19:23:19,083] {scheduler_job.py:633} INFO - Processing file /home/airflow/.local/lib/python3.6/site-packages/airflow/example_dags/example_task_group_decorator.py for tasks to queue
[2021-08-07 19:23:19,084] {logging_mixin.py:104} INFO - [2021-08-07 19:23:19,083] {dagbag.py:496} INFO - Filling up the DagBag from /home/airflow/.local/lib/python3.6/site-packages/airflow/example_dags/example_task_group_decorator.py
[2021-08-07 19:23:19,109] {scheduler_job.py:643} INFO - DAG(s) dict_keys(['example_task_group_decorator']) retrieved from /home/airflow/.local/lib/python3.6/site-packages/airflow/example_dags/example_task_group_decorator.py
[2021-08-07 19:23:19,313] {logging_mixin.py:104} INFO - [2021-08-07 19:23:19,313] {dag.py:1833} INFO - Sync 1 DAGs
[2021-08-07 19:23:19,329] {logging_mixin.py:104} INFO - [2021-08-07 19:23:19,328] {dag.py:2306} INFO - Setting next_dagrun for example_task_group_decorator to 2021-08-05 00:00:00+00:00
[2021-08-07 19:23:19,341] {scheduler_job.py:190} INFO - Processing /home/airflow/.local/lib/python3.6/site-packages/airflow/example_dags/example_task_group_decorator.py took 0.263 seconds
[2021-08-07 19:23:50,089] {scheduler_job.py:182} INFO - Started process (PID=1176) to work on /home/airflow/.local/lib/python3.6/site-packages/airflow/example_dags/example_task_group_decorator.py
[2021-08-07 19:23:50,089] {scheduler_job.py:633} INFO - Processing file /home/airflow/.local/lib/python3.6/site-packages/airflow/example_dags/example_task_group_decorator.py for tasks to queue
[2021-08-07 19:23:50,090] {logging_mixin.py:104} INFO - [2021-08-07 19:23:50,090] {dagbag.py:496} INFO - Filling up the DagBag from /home/airflow/.local/lib/python3.6/site-packages/airflow/example_dags/example_task_group_decorator.py
[2021-08-07 19:23:50,110] {scheduler_job.py:643} INFO - DAG(s) dict_keys(['example_task_group_decorator']) retrieved from /home/airflow/.local/lib/python3.6/site-packages/airflow/example_dags/example_task_group_decorator.py
[2021-08-07 19:23:50,291] {logging_mixin.py:104} INFO - [2021-08-07 19:23:50,291] {dag.py:1833} INFO - Sync 1 DAGs
[2021-08-07 19:23:50,303] {logging_mixin.py:104} INFO - [2021-08-07 19:23:50,303] {dag.py:2306} INFO - Setting next_dagrun for example_task_group_decorator to 2021-08-05 00:00:00+00:00
[2021-08-07 19:23:50,313] {scheduler_job.py:190} INFO - Processing /home/airflow/.local/lib/python3.6/site-packages/airflow/example_dags/example_task_group_decorator.py took 0.226 seconds
[2021-08-07 19:24:20,777] {scheduler_job.py:182} INFO - Started process (PID=1229) to work on /home/airflow/.local/lib/python3.6/site-packages/airflow/example_dags/example_task_group_decorator.py
[2021-08-07 19:24:20,779] {scheduler_job.py:633} INFO - Processing file /home/airflow/.local/lib/python3.6/site-packages/airflow/example_dags/example_task_group_decorator.py for tasks to queue
[2021-08-07 19:24:20,780] {logging_mixin.py:104} INFO - [2021-08-07 19:24:20,780] {dagbag.py:496} INFO - Filling up the DagBag from /home/airflow/.local/lib/python3.6/site-packages/airflow/example_dags/example_task_group_decorator.py
[2021-08-07 19:24:20,801] {scheduler_job.py:643} INFO - DAG(s) dict_keys(['example_task_group_decorator']) retrieved from /home/airflow/.local/lib/python3.6/site-packages/airflow/example_dags/example_task_group_decorator.py
[2021-08-07 19:24:20,977] {logging_mixin.py:104} INFO - [2021-08-07 19:24:20,977] {dag.py:1833} INFO - Sync 1 DAGs
[2021-08-07 19:24:20,989] {logging_mixin.py:104} INFO - [2021-08-07 19:24:20,989] {dag.py:2306} INFO - Setting next_dagrun for example_task_group_decorator to 2021-08-05 00:00:00+00:00
[2021-08-07 19:24:21,000] {scheduler_job.py:190} INFO - Processing /home/airflow/.local/lib/python3.6/site-packages/airflow/example_dags/example_task_group_decorator.py took 0.228 seconds
[2021-08-07 19:24:51,605] {scheduler_job.py:182} INFO - Started process (PID=1293) to work on /home/airflow/.local/lib/python3.6/site-packages/airflow/example_dags/example_task_group_decorator.py
[2021-08-07 19:24:51,606] {scheduler_job.py:633} INFO - Processing file /home/airflow/.local/lib/python3.6/site-packages/airflow/example_dags/example_task_group_decorator.py for tasks to queue
[2021-08-07 19:24:51,607] {logging_mixin.py:104} INFO - [2021-08-07 19:24:51,607] {dagbag.py:496} INFO - Filling up the DagBag from /home/airflow/.local/lib/python3.6/site-packages/airflow/example_dags/example_task_group_decorator.py
[2021-08-07 19:24:51,630] {scheduler_job.py:643} INFO - DAG(s) dict_keys(['example_task_group_decorator']) retrieved from /home/airflow/.local/lib/python3.6/site-packages/airflow/example_dags/example_task_group_decorator.py
[2021-08-07 19:24:51,797] {logging_mixin.py:104} INFO - [2021-08-07 19:24:51,796] {dag.py:1833} INFO - Sync 1 DAGs
[2021-08-07 19:24:51,808] {logging_mixin.py:104} INFO - [2021-08-07 19:24:51,807] {dag.py:2306} INFO - Setting next_dagrun for example_task_group_decorator to 2021-08-05 00:00:00+00:00
[2021-08-07 19:24:51,819] {scheduler_job.py:190} INFO - Processing /home/airflow/.local/lib/python3.6/site-packages/airflow/example_dags/example_task_group_decorator.py took 0.217 seconds
