[2021-08-07 19:15:42,259] {scheduler_job.py:182} INFO - Started process (PID=73) to work on /home/airflow/.local/lib/python3.6/site-packages/airflow/example_dags/example_kubernetes_executor.py
[2021-08-07 19:15:42,260] {scheduler_job.py:633} INFO - Processing file /home/airflow/.local/lib/python3.6/site-packages/airflow/example_dags/example_kubernetes_executor.py for tasks to queue
[2021-08-07 19:15:42,261] {logging_mixin.py:104} INFO - [2021-08-07 19:15:42,260] {dagbag.py:496} INFO - Filling up the DagBag from /home/airflow/.local/lib/python3.6/site-packages/airflow/example_dags/example_kubernetes_executor.py
[2021-08-07 19:15:42,279] {scheduler_job.py:643} INFO - DAG(s) dict_keys(['example_kubernetes_executor']) retrieved from /home/airflow/.local/lib/python3.6/site-packages/airflow/example_dags/example_kubernetes_executor.py
[2021-08-07 19:15:45,083] {logging_mixin.py:104} INFO - [2021-08-07 19:15:45,082] {dag.py:1833} INFO - Sync 1 DAGs
[2021-08-07 19:15:45,097] {logging_mixin.py:104} INFO - [2021-08-07 19:15:45,096] {dag.py:1852} INFO - Creating ORM DAG for example_kubernetes_executor
[2021-08-07 19:15:45,104] {logging_mixin.py:104} INFO - [2021-08-07 19:15:45,104] {dag.py:2306} INFO - Setting next_dagrun for example_kubernetes_executor to None
[2021-08-07 19:15:45,117] {scheduler_job.py:190} INFO - Processing /home/airflow/.local/lib/python3.6/site-packages/airflow/example_dags/example_kubernetes_executor.py took 2.863 seconds
[2021-08-07 19:16:28,395] {scheduler_job.py:182} INFO - Started process (PID=355) to work on /home/airflow/.local/lib/python3.6/site-packages/airflow/example_dags/example_kubernetes_executor.py
[2021-08-07 19:16:28,395] {scheduler_job.py:633} INFO - Processing file /home/airflow/.local/lib/python3.6/site-packages/airflow/example_dags/example_kubernetes_executor.py for tasks to queue
[2021-08-07 19:16:28,396] {logging_mixin.py:104} INFO - [2021-08-07 19:16:28,396] {dagbag.py:496} INFO - Filling up the DagBag from /home/airflow/.local/lib/python3.6/site-packages/airflow/example_dags/example_kubernetes_executor.py
[2021-08-07 19:16:28,413] {scheduler_job.py:643} INFO - DAG(s) dict_keys(['example_kubernetes_executor']) retrieved from /home/airflow/.local/lib/python3.6/site-packages/airflow/example_dags/example_kubernetes_executor.py
[2021-08-07 19:16:28,439] {logging_mixin.py:104} INFO - [2021-08-07 19:16:28,439] {dag.py:1833} INFO - Sync 1 DAGs
[2021-08-07 19:16:28,459] {logging_mixin.py:104} INFO - [2021-08-07 19:16:28,459] {dag.py:2306} INFO - Setting next_dagrun for example_kubernetes_executor to None
[2021-08-07 19:16:28,472] {scheduler_job.py:190} INFO - Processing /home/airflow/.local/lib/python3.6/site-packages/airflow/example_dags/example_kubernetes_executor.py took 0.081 seconds
[2021-08-07 19:16:58,554] {scheduler_job.py:182} INFO - Started process (PID=410) to work on /home/airflow/.local/lib/python3.6/site-packages/airflow/example_dags/example_kubernetes_executor.py
[2021-08-07 19:16:58,555] {scheduler_job.py:633} INFO - Processing file /home/airflow/.local/lib/python3.6/site-packages/airflow/example_dags/example_kubernetes_executor.py for tasks to queue
[2021-08-07 19:16:58,556] {logging_mixin.py:104} INFO - [2021-08-07 19:16:58,556] {dagbag.py:496} INFO - Filling up the DagBag from /home/airflow/.local/lib/python3.6/site-packages/airflow/example_dags/example_kubernetes_executor.py
[2021-08-07 19:16:58,574] {scheduler_job.py:643} INFO - DAG(s) dict_keys(['example_kubernetes_executor']) retrieved from /home/airflow/.local/lib/python3.6/site-packages/airflow/example_dags/example_kubernetes_executor.py
[2021-08-07 19:16:58,607] {logging_mixin.py:104} INFO - [2021-08-07 19:16:58,606] {dag.py:1833} INFO - Sync 1 DAGs
[2021-08-07 19:16:58,623] {logging_mixin.py:104} INFO - [2021-08-07 19:16:58,623] {dag.py:2306} INFO - Setting next_dagrun for example_kubernetes_executor to None
[2021-08-07 19:16:58,633] {scheduler_job.py:190} INFO - Processing /home/airflow/.local/lib/python3.6/site-packages/airflow/example_dags/example_kubernetes_executor.py took 0.084 seconds
[2021-08-07 19:17:29,754] {scheduler_job.py:182} INFO - Started process (PID=472) to work on /home/airflow/.local/lib/python3.6/site-packages/airflow/example_dags/example_kubernetes_executor.py
[2021-08-07 19:17:29,756] {scheduler_job.py:633} INFO - Processing file /home/airflow/.local/lib/python3.6/site-packages/airflow/example_dags/example_kubernetes_executor.py for tasks to queue
[2021-08-07 19:17:29,758] {logging_mixin.py:104} INFO - [2021-08-07 19:17:29,757] {dagbag.py:496} INFO - Filling up the DagBag from /home/airflow/.local/lib/python3.6/site-packages/airflow/example_dags/example_kubernetes_executor.py
[2021-08-07 19:17:29,791] {scheduler_job.py:643} INFO - DAG(s) dict_keys(['example_kubernetes_executor']) retrieved from /home/airflow/.local/lib/python3.6/site-packages/airflow/example_dags/example_kubernetes_executor.py
[2021-08-07 19:17:29,831] {logging_mixin.py:104} INFO - [2021-08-07 19:17:29,831] {dag.py:1833} INFO - Sync 1 DAGs
[2021-08-07 19:17:29,876] {logging_mixin.py:104} INFO - [2021-08-07 19:17:29,876] {dag.py:2306} INFO - Setting next_dagrun for example_kubernetes_executor to None
[2021-08-07 19:17:29,908] {scheduler_job.py:190} INFO - Processing /home/airflow/.local/lib/python3.6/site-packages/airflow/example_dags/example_kubernetes_executor.py took 0.160 seconds
[2021-08-07 19:18:00,761] {scheduler_job.py:182} INFO - Started process (PID=526) to work on /home/airflow/.local/lib/python3.6/site-packages/airflow/example_dags/example_kubernetes_executor.py
[2021-08-07 19:18:00,770] {scheduler_job.py:633} INFO - Processing file /home/airflow/.local/lib/python3.6/site-packages/airflow/example_dags/example_kubernetes_executor.py for tasks to queue
[2021-08-07 19:18:00,771] {logging_mixin.py:104} INFO - [2021-08-07 19:18:00,771] {dagbag.py:496} INFO - Filling up the DagBag from /home/airflow/.local/lib/python3.6/site-packages/airflow/example_dags/example_kubernetes_executor.py
[2021-08-07 19:18:00,792] {scheduler_job.py:643} INFO - DAG(s) dict_keys(['example_kubernetes_executor']) retrieved from /home/airflow/.local/lib/python3.6/site-packages/airflow/example_dags/example_kubernetes_executor.py
[2021-08-07 19:18:00,836] {logging_mixin.py:104} INFO - [2021-08-07 19:18:00,836] {dag.py:1833} INFO - Sync 1 DAGs
[2021-08-07 19:18:00,864] {logging_mixin.py:104} INFO - [2021-08-07 19:18:00,864] {dag.py:2306} INFO - Setting next_dagrun for example_kubernetes_executor to None
[2021-08-07 19:18:00,884] {scheduler_job.py:190} INFO - Processing /home/airflow/.local/lib/python3.6/site-packages/airflow/example_dags/example_kubernetes_executor.py took 0.128 seconds
[2021-08-07 19:18:30,917] {scheduler_job.py:182} INFO - Started process (PID=580) to work on /home/airflow/.local/lib/python3.6/site-packages/airflow/example_dags/example_kubernetes_executor.py
[2021-08-07 19:18:30,919] {scheduler_job.py:633} INFO - Processing file /home/airflow/.local/lib/python3.6/site-packages/airflow/example_dags/example_kubernetes_executor.py for tasks to queue
[2021-08-07 19:18:30,919] {logging_mixin.py:104} INFO - [2021-08-07 19:18:30,919] {dagbag.py:496} INFO - Filling up the DagBag from /home/airflow/.local/lib/python3.6/site-packages/airflow/example_dags/example_kubernetes_executor.py
[2021-08-07 19:18:30,939] {scheduler_job.py:643} INFO - DAG(s) dict_keys(['example_kubernetes_executor']) retrieved from /home/airflow/.local/lib/python3.6/site-packages/airflow/example_dags/example_kubernetes_executor.py
[2021-08-07 19:18:30,964] {logging_mixin.py:104} INFO - [2021-08-07 19:18:30,963] {dag.py:1833} INFO - Sync 1 DAGs
[2021-08-07 19:18:30,986] {logging_mixin.py:104} INFO - [2021-08-07 19:18:30,986] {dag.py:2306} INFO - Setting next_dagrun for example_kubernetes_executor to None
[2021-08-07 19:18:31,000] {scheduler_job.py:190} INFO - Processing /home/airflow/.local/lib/python3.6/site-packages/airflow/example_dags/example_kubernetes_executor.py took 0.087 seconds
[2021-08-07 19:19:01,299] {scheduler_job.py:182} INFO - Started process (PID=645) to work on /home/airflow/.local/lib/python3.6/site-packages/airflow/example_dags/example_kubernetes_executor.py
[2021-08-07 19:19:01,302] {scheduler_job.py:633} INFO - Processing file /home/airflow/.local/lib/python3.6/site-packages/airflow/example_dags/example_kubernetes_executor.py for tasks to queue
[2021-08-07 19:19:01,303] {logging_mixin.py:104} INFO - [2021-08-07 19:19:01,303] {dagbag.py:496} INFO - Filling up the DagBag from /home/airflow/.local/lib/python3.6/site-packages/airflow/example_dags/example_kubernetes_executor.py
[2021-08-07 19:19:01,326] {scheduler_job.py:643} INFO - DAG(s) dict_keys(['example_kubernetes_executor']) retrieved from /home/airflow/.local/lib/python3.6/site-packages/airflow/example_dags/example_kubernetes_executor.py
[2021-08-07 19:19:01,360] {logging_mixin.py:104} INFO - [2021-08-07 19:19:01,360] {dag.py:1833} INFO - Sync 1 DAGs
[2021-08-07 19:19:01,379] {logging_mixin.py:104} INFO - [2021-08-07 19:19:01,379] {dag.py:2306} INFO - Setting next_dagrun for example_kubernetes_executor to None
[2021-08-07 19:19:01,391] {scheduler_job.py:190} INFO - Processing /home/airflow/.local/lib/python3.6/site-packages/airflow/example_dags/example_kubernetes_executor.py took 0.096 seconds
[2021-08-07 19:19:31,597] {scheduler_job.py:182} INFO - Started process (PID=698) to work on /home/airflow/.local/lib/python3.6/site-packages/airflow/example_dags/example_kubernetes_executor.py
[2021-08-07 19:19:31,598] {scheduler_job.py:633} INFO - Processing file /home/airflow/.local/lib/python3.6/site-packages/airflow/example_dags/example_kubernetes_executor.py for tasks to queue
[2021-08-07 19:19:31,599] {logging_mixin.py:104} INFO - [2021-08-07 19:19:31,598] {dagbag.py:496} INFO - Filling up the DagBag from /home/airflow/.local/lib/python3.6/site-packages/airflow/example_dags/example_kubernetes_executor.py
[2021-08-07 19:19:31,616] {scheduler_job.py:643} INFO - DAG(s) dict_keys(['example_kubernetes_executor']) retrieved from /home/airflow/.local/lib/python3.6/site-packages/airflow/example_dags/example_kubernetes_executor.py
[2021-08-07 19:19:31,648] {logging_mixin.py:104} INFO - [2021-08-07 19:19:31,648] {dag.py:1833} INFO - Sync 1 DAGs
[2021-08-07 19:19:31,674] {logging_mixin.py:104} INFO - [2021-08-07 19:19:31,674] {dag.py:2306} INFO - Setting next_dagrun for example_kubernetes_executor to None
[2021-08-07 19:19:31,692] {scheduler_job.py:190} INFO - Processing /home/airflow/.local/lib/python3.6/site-packages/airflow/example_dags/example_kubernetes_executor.py took 0.098 seconds
[2021-08-07 19:20:01,757] {scheduler_job.py:182} INFO - Started process (PID=765) to work on /home/airflow/.local/lib/python3.6/site-packages/airflow/example_dags/example_kubernetes_executor.py
[2021-08-07 19:20:01,758] {scheduler_job.py:633} INFO - Processing file /home/airflow/.local/lib/python3.6/site-packages/airflow/example_dags/example_kubernetes_executor.py for tasks to queue
[2021-08-07 19:20:01,759] {logging_mixin.py:104} INFO - [2021-08-07 19:20:01,759] {dagbag.py:496} INFO - Filling up the DagBag from /home/airflow/.local/lib/python3.6/site-packages/airflow/example_dags/example_kubernetes_executor.py
[2021-08-07 19:20:01,783] {scheduler_job.py:643} INFO - DAG(s) dict_keys(['example_kubernetes_executor']) retrieved from /home/airflow/.local/lib/python3.6/site-packages/airflow/example_dags/example_kubernetes_executor.py
[2021-08-07 19:20:01,811] {logging_mixin.py:104} INFO - [2021-08-07 19:20:01,810] {dag.py:1833} INFO - Sync 1 DAGs
[2021-08-07 19:20:01,831] {logging_mixin.py:104} INFO - [2021-08-07 19:20:01,831] {dag.py:2306} INFO - Setting next_dagrun for example_kubernetes_executor to None
[2021-08-07 19:20:01,846] {scheduler_job.py:190} INFO - Processing /home/airflow/.local/lib/python3.6/site-packages/airflow/example_dags/example_kubernetes_executor.py took 0.093 seconds
[2021-08-07 19:20:32,045] {scheduler_job.py:182} INFO - Started process (PID=819) to work on /home/airflow/.local/lib/python3.6/site-packages/airflow/example_dags/example_kubernetes_executor.py
[2021-08-07 19:20:32,047] {scheduler_job.py:633} INFO - Processing file /home/airflow/.local/lib/python3.6/site-packages/airflow/example_dags/example_kubernetes_executor.py for tasks to queue
[2021-08-07 19:20:32,049] {logging_mixin.py:104} INFO - [2021-08-07 19:20:32,049] {dagbag.py:496} INFO - Filling up the DagBag from /home/airflow/.local/lib/python3.6/site-packages/airflow/example_dags/example_kubernetes_executor.py
[2021-08-07 19:20:32,069] {scheduler_job.py:643} INFO - DAG(s) dict_keys(['example_kubernetes_executor']) retrieved from /home/airflow/.local/lib/python3.6/site-packages/airflow/example_dags/example_kubernetes_executor.py
[2021-08-07 19:20:32,095] {logging_mixin.py:104} INFO - [2021-08-07 19:20:32,094] {dag.py:1833} INFO - Sync 1 DAGs
[2021-08-07 19:20:32,115] {logging_mixin.py:104} INFO - [2021-08-07 19:20:32,115] {dag.py:2306} INFO - Setting next_dagrun for example_kubernetes_executor to None
[2021-08-07 19:20:32,128] {scheduler_job.py:190} INFO - Processing /home/airflow/.local/lib/python3.6/site-packages/airflow/example_dags/example_kubernetes_executor.py took 0.086 seconds
[2021-08-07 19:21:02,343] {scheduler_job.py:182} INFO - Started process (PID=882) to work on /home/airflow/.local/lib/python3.6/site-packages/airflow/example_dags/example_kubernetes_executor.py
[2021-08-07 19:21:02,344] {scheduler_job.py:633} INFO - Processing file /home/airflow/.local/lib/python3.6/site-packages/airflow/example_dags/example_kubernetes_executor.py for tasks to queue
[2021-08-07 19:21:02,345] {logging_mixin.py:104} INFO - [2021-08-07 19:21:02,345] {dagbag.py:496} INFO - Filling up the DagBag from /home/airflow/.local/lib/python3.6/site-packages/airflow/example_dags/example_kubernetes_executor.py
[2021-08-07 19:21:02,360] {scheduler_job.py:643} INFO - DAG(s) dict_keys(['example_kubernetes_executor']) retrieved from /home/airflow/.local/lib/python3.6/site-packages/airflow/example_dags/example_kubernetes_executor.py
[2021-08-07 19:21:02,382] {logging_mixin.py:104} INFO - [2021-08-07 19:21:02,382] {dag.py:1833} INFO - Sync 1 DAGs
[2021-08-07 19:21:02,406] {logging_mixin.py:104} INFO - [2021-08-07 19:21:02,405] {dag.py:2306} INFO - Setting next_dagrun for example_kubernetes_executor to None
[2021-08-07 19:21:02,418] {scheduler_job.py:190} INFO - Processing /home/airflow/.local/lib/python3.6/site-packages/airflow/example_dags/example_kubernetes_executor.py took 0.079 seconds
[2021-08-07 19:21:33,349] {scheduler_job.py:182} INFO - Started process (PID=936) to work on /home/airflow/.local/lib/python3.6/site-packages/airflow/example_dags/example_kubernetes_executor.py
[2021-08-07 19:21:33,350] {scheduler_job.py:633} INFO - Processing file /home/airflow/.local/lib/python3.6/site-packages/airflow/example_dags/example_kubernetes_executor.py for tasks to queue
[2021-08-07 19:21:33,351] {logging_mixin.py:104} INFO - [2021-08-07 19:21:33,351] {dagbag.py:496} INFO - Filling up the DagBag from /home/airflow/.local/lib/python3.6/site-packages/airflow/example_dags/example_kubernetes_executor.py
[2021-08-07 19:21:33,367] {scheduler_job.py:643} INFO - DAG(s) dict_keys(['example_kubernetes_executor']) retrieved from /home/airflow/.local/lib/python3.6/site-packages/airflow/example_dags/example_kubernetes_executor.py
[2021-08-07 19:21:33,396] {logging_mixin.py:104} INFO - [2021-08-07 19:21:33,396] {dag.py:1833} INFO - Sync 1 DAGs
[2021-08-07 19:21:33,416] {logging_mixin.py:104} INFO - [2021-08-07 19:21:33,416] {dag.py:2306} INFO - Setting next_dagrun for example_kubernetes_executor to None
[2021-08-07 19:21:33,430] {scheduler_job.py:190} INFO - Processing /home/airflow/.local/lib/python3.6/site-packages/airflow/example_dags/example_kubernetes_executor.py took 0.083 seconds
[2021-08-07 19:22:03,564] {scheduler_job.py:182} INFO - Started process (PID=999) to work on /home/airflow/.local/lib/python3.6/site-packages/airflow/example_dags/example_kubernetes_executor.py
[2021-08-07 19:22:03,566] {scheduler_job.py:633} INFO - Processing file /home/airflow/.local/lib/python3.6/site-packages/airflow/example_dags/example_kubernetes_executor.py for tasks to queue
[2021-08-07 19:22:03,567] {logging_mixin.py:104} INFO - [2021-08-07 19:22:03,566] {dagbag.py:496} INFO - Filling up the DagBag from /home/airflow/.local/lib/python3.6/site-packages/airflow/example_dags/example_kubernetes_executor.py
[2021-08-07 19:22:03,580] {scheduler_job.py:643} INFO - DAG(s) dict_keys(['example_kubernetes_executor']) retrieved from /home/airflow/.local/lib/python3.6/site-packages/airflow/example_dags/example_kubernetes_executor.py
[2021-08-07 19:22:03,604] {logging_mixin.py:104} INFO - [2021-08-07 19:22:03,604] {dag.py:1833} INFO - Sync 1 DAGs
[2021-08-07 19:22:03,624] {logging_mixin.py:104} INFO - [2021-08-07 19:22:03,623] {dag.py:2306} INFO - Setting next_dagrun for example_kubernetes_executor to None
[2021-08-07 19:22:03,635] {scheduler_job.py:190} INFO - Processing /home/airflow/.local/lib/python3.6/site-packages/airflow/example_dags/example_kubernetes_executor.py took 0.075 seconds
[2021-08-07 19:22:47,283] {scheduler_job.py:182} INFO - Started process (PID=1035) to work on /home/airflow/.local/lib/python3.6/site-packages/airflow/example_dags/example_kubernetes_executor.py
[2021-08-07 19:22:47,285] {scheduler_job.py:633} INFO - Processing file /home/airflow/.local/lib/python3.6/site-packages/airflow/example_dags/example_kubernetes_executor.py for tasks to queue
[2021-08-07 19:22:47,286] {logging_mixin.py:104} INFO - [2021-08-07 19:22:47,286] {dagbag.py:496} INFO - Filling up the DagBag from /home/airflow/.local/lib/python3.6/site-packages/airflow/example_dags/example_kubernetes_executor.py
[2021-08-07 19:22:47,299] {scheduler_job.py:643} INFO - DAG(s) dict_keys(['example_kubernetes_executor']) retrieved from /home/airflow/.local/lib/python3.6/site-packages/airflow/example_dags/example_kubernetes_executor.py
[2021-08-07 19:22:47,322] {logging_mixin.py:104} INFO - [2021-08-07 19:22:47,322] {dag.py:1833} INFO - Sync 1 DAGs
[2021-08-07 19:22:47,341] {logging_mixin.py:104} INFO - [2021-08-07 19:22:47,341] {dag.py:2306} INFO - Setting next_dagrun for example_kubernetes_executor to None
[2021-08-07 19:22:47,354] {scheduler_job.py:190} INFO - Processing /home/airflow/.local/lib/python3.6/site-packages/airflow/example_dags/example_kubernetes_executor.py took 0.074 seconds
[2021-08-07 19:23:17,866] {scheduler_job.py:182} INFO - Started process (PID=1098) to work on /home/airflow/.local/lib/python3.6/site-packages/airflow/example_dags/example_kubernetes_executor.py
[2021-08-07 19:23:17,866] {scheduler_job.py:633} INFO - Processing file /home/airflow/.local/lib/python3.6/site-packages/airflow/example_dags/example_kubernetes_executor.py for tasks to queue
[2021-08-07 19:23:17,867] {logging_mixin.py:104} INFO - [2021-08-07 19:23:17,867] {dagbag.py:496} INFO - Filling up the DagBag from /home/airflow/.local/lib/python3.6/site-packages/airflow/example_dags/example_kubernetes_executor.py
[2021-08-07 19:23:17,877] {scheduler_job.py:643} INFO - DAG(s) dict_keys(['example_kubernetes_executor']) retrieved from /home/airflow/.local/lib/python3.6/site-packages/airflow/example_dags/example_kubernetes_executor.py
[2021-08-07 19:23:17,894] {logging_mixin.py:104} INFO - [2021-08-07 19:23:17,894] {dag.py:1833} INFO - Sync 1 DAGs
[2021-08-07 19:23:17,907] {logging_mixin.py:104} INFO - [2021-08-07 19:23:17,907] {dag.py:2306} INFO - Setting next_dagrun for example_kubernetes_executor to None
[2021-08-07 19:23:17,917] {scheduler_job.py:190} INFO - Processing /home/airflow/.local/lib/python3.6/site-packages/airflow/example_dags/example_kubernetes_executor.py took 0.054 seconds
[2021-08-07 19:23:48,190] {scheduler_job.py:182} INFO - Started process (PID=1159) to work on /home/airflow/.local/lib/python3.6/site-packages/airflow/example_dags/example_kubernetes_executor.py
[2021-08-07 19:23:48,191] {scheduler_job.py:633} INFO - Processing file /home/airflow/.local/lib/python3.6/site-packages/airflow/example_dags/example_kubernetes_executor.py for tasks to queue
[2021-08-07 19:23:48,192] {logging_mixin.py:104} INFO - [2021-08-07 19:23:48,192] {dagbag.py:496} INFO - Filling up the DagBag from /home/airflow/.local/lib/python3.6/site-packages/airflow/example_dags/example_kubernetes_executor.py
[2021-08-07 19:23:48,203] {scheduler_job.py:643} INFO - DAG(s) dict_keys(['example_kubernetes_executor']) retrieved from /home/airflow/.local/lib/python3.6/site-packages/airflow/example_dags/example_kubernetes_executor.py
[2021-08-07 19:23:48,220] {logging_mixin.py:104} INFO - [2021-08-07 19:23:48,220] {dag.py:1833} INFO - Sync 1 DAGs
[2021-08-07 19:23:48,232] {logging_mixin.py:104} INFO - [2021-08-07 19:23:48,232] {dag.py:2306} INFO - Setting next_dagrun for example_kubernetes_executor to None
[2021-08-07 19:23:48,240] {scheduler_job.py:190} INFO - Processing /home/airflow/.local/lib/python3.6/site-packages/airflow/example_dags/example_kubernetes_executor.py took 0.052 seconds
[2021-08-07 19:24:18,996] {scheduler_job.py:182} INFO - Started process (PID=1213) to work on /home/airflow/.local/lib/python3.6/site-packages/airflow/example_dags/example_kubernetes_executor.py
[2021-08-07 19:24:18,997] {scheduler_job.py:633} INFO - Processing file /home/airflow/.local/lib/python3.6/site-packages/airflow/example_dags/example_kubernetes_executor.py for tasks to queue
[2021-08-07 19:24:18,997] {logging_mixin.py:104} INFO - [2021-08-07 19:24:18,997] {dagbag.py:496} INFO - Filling up the DagBag from /home/airflow/.local/lib/python3.6/site-packages/airflow/example_dags/example_kubernetes_executor.py
[2021-08-07 19:24:19,007] {scheduler_job.py:643} INFO - DAG(s) dict_keys(['example_kubernetes_executor']) retrieved from /home/airflow/.local/lib/python3.6/site-packages/airflow/example_dags/example_kubernetes_executor.py
[2021-08-07 19:24:19,026] {logging_mixin.py:104} INFO - [2021-08-07 19:24:19,026] {dag.py:1833} INFO - Sync 1 DAGs
[2021-08-07 19:24:19,042] {logging_mixin.py:104} INFO - [2021-08-07 19:24:19,042] {dag.py:2306} INFO - Setting next_dagrun for example_kubernetes_executor to None
[2021-08-07 19:24:19,053] {scheduler_job.py:190} INFO - Processing /home/airflow/.local/lib/python3.6/site-packages/airflow/example_dags/example_kubernetes_executor.py took 0.059 seconds
[2021-08-07 19:24:49,756] {scheduler_job.py:182} INFO - Started process (PID=1277) to work on /home/airflow/.local/lib/python3.6/site-packages/airflow/example_dags/example_kubernetes_executor.py
[2021-08-07 19:24:49,757] {scheduler_job.py:633} INFO - Processing file /home/airflow/.local/lib/python3.6/site-packages/airflow/example_dags/example_kubernetes_executor.py for tasks to queue
[2021-08-07 19:24:49,757] {logging_mixin.py:104} INFO - [2021-08-07 19:24:49,757] {dagbag.py:496} INFO - Filling up the DagBag from /home/airflow/.local/lib/python3.6/site-packages/airflow/example_dags/example_kubernetes_executor.py
[2021-08-07 19:24:49,768] {scheduler_job.py:643} INFO - DAG(s) dict_keys(['example_kubernetes_executor']) retrieved from /home/airflow/.local/lib/python3.6/site-packages/airflow/example_dags/example_kubernetes_executor.py
[2021-08-07 19:24:49,784] {logging_mixin.py:104} INFO - [2021-08-07 19:24:49,784] {dag.py:1833} INFO - Sync 1 DAGs
[2021-08-07 19:24:49,797] {logging_mixin.py:104} INFO - [2021-08-07 19:24:49,797] {dag.py:2306} INFO - Setting next_dagrun for example_kubernetes_executor to None
[2021-08-07 19:24:49,805] {scheduler_job.py:190} INFO - Processing /home/airflow/.local/lib/python3.6/site-packages/airflow/example_dags/example_kubernetes_executor.py took 0.051 seconds
