[2021-08-07 19:16:04,649] {scheduler_job.py:182} INFO - Started process (PID=217) to work on /home/airflow/.local/lib/python3.6/site-packages/airflow/example_dags/example_latest_only.py
[2021-08-07 19:16:04,651] {scheduler_job.py:633} INFO - Processing file /home/airflow/.local/lib/python3.6/site-packages/airflow/example_dags/example_latest_only.py for tasks to queue
[2021-08-07 19:16:04,653] {logging_mixin.py:104} INFO - [2021-08-07 19:16:04,652] {dagbag.py:496} INFO - Filling up the DagBag from /home/airflow/.local/lib/python3.6/site-packages/airflow/example_dags/example_latest_only.py
[2021-08-07 19:16:04,682] {scheduler_job.py:643} INFO - DAG(s) dict_keys(['latest_only']) retrieved from /home/airflow/.local/lib/python3.6/site-packages/airflow/example_dags/example_latest_only.py
[2021-08-07 19:16:08,853] {logging_mixin.py:104} INFO - [2021-08-07 19:16:08,850] {dag.py:1833} INFO - Sync 1 DAGs
[2021-08-07 19:16:08,872] {logging_mixin.py:104} INFO - [2021-08-07 19:16:08,870] {dag.py:1852} INFO - Creating ORM DAG for latest_only
[2021-08-07 19:16:08,881] {logging_mixin.py:104} INFO - [2021-08-07 19:16:08,880] {dag.py:2306} INFO - Setting next_dagrun for latest_only to 2021-08-05 00:00:00+00:00
[2021-08-07 19:16:08,906] {scheduler_job.py:190} INFO - Processing /home/airflow/.local/lib/python3.6/site-packages/airflow/example_dags/example_latest_only.py took 4.262 seconds
[2021-08-07 19:16:39,189] {scheduler_job.py:182} INFO - Started process (PID=377) to work on /home/airflow/.local/lib/python3.6/site-packages/airflow/example_dags/example_latest_only.py
[2021-08-07 19:16:39,190] {scheduler_job.py:633} INFO - Processing file /home/airflow/.local/lib/python3.6/site-packages/airflow/example_dags/example_latest_only.py for tasks to queue
[2021-08-07 19:16:39,191] {logging_mixin.py:104} INFO - [2021-08-07 19:16:39,191] {dagbag.py:496} INFO - Filling up the DagBag from /home/airflow/.local/lib/python3.6/site-packages/airflow/example_dags/example_latest_only.py
[2021-08-07 19:16:39,210] {scheduler_job.py:643} INFO - DAG(s) dict_keys(['latest_only']) retrieved from /home/airflow/.local/lib/python3.6/site-packages/airflow/example_dags/example_latest_only.py
[2021-08-07 19:16:39,234] {logging_mixin.py:104} INFO - [2021-08-07 19:16:39,234] {dag.py:1833} INFO - Sync 1 DAGs
[2021-08-07 19:16:39,254] {logging_mixin.py:104} INFO - [2021-08-07 19:16:39,254] {dag.py:2306} INFO - Setting next_dagrun for latest_only to 2021-08-05 00:00:00+00:00
[2021-08-07 19:16:39,266] {scheduler_job.py:190} INFO - Processing /home/airflow/.local/lib/python3.6/site-packages/airflow/example_dags/example_latest_only.py took 0.081 seconds
[2021-08-07 19:17:09,650] {scheduler_job.py:182} INFO - Started process (PID=434) to work on /home/airflow/.local/lib/python3.6/site-packages/airflow/example_dags/example_latest_only.py
[2021-08-07 19:17:09,650] {scheduler_job.py:633} INFO - Processing file /home/airflow/.local/lib/python3.6/site-packages/airflow/example_dags/example_latest_only.py for tasks to queue
[2021-08-07 19:17:09,651] {logging_mixin.py:104} INFO - [2021-08-07 19:17:09,651] {dagbag.py:496} INFO - Filling up the DagBag from /home/airflow/.local/lib/python3.6/site-packages/airflow/example_dags/example_latest_only.py
[2021-08-07 19:17:09,664] {scheduler_job.py:643} INFO - DAG(s) dict_keys(['latest_only']) retrieved from /home/airflow/.local/lib/python3.6/site-packages/airflow/example_dags/example_latest_only.py
[2021-08-07 19:17:09,684] {logging_mixin.py:104} INFO - [2021-08-07 19:17:09,684] {dag.py:1833} INFO - Sync 1 DAGs
[2021-08-07 19:17:09,705] {logging_mixin.py:104} INFO - [2021-08-07 19:17:09,705] {dag.py:2306} INFO - Setting next_dagrun for latest_only to 2021-08-05 00:00:00+00:00
[2021-08-07 19:17:09,716] {scheduler_job.py:190} INFO - Processing /home/airflow/.local/lib/python3.6/site-packages/airflow/example_dags/example_latest_only.py took 0.069 seconds
[2021-08-07 19:17:39,906] {scheduler_job.py:182} INFO - Started process (PID=490) to work on /home/airflow/.local/lib/python3.6/site-packages/airflow/example_dags/example_latest_only.py
[2021-08-07 19:17:39,907] {scheduler_job.py:633} INFO - Processing file /home/airflow/.local/lib/python3.6/site-packages/airflow/example_dags/example_latest_only.py for tasks to queue
[2021-08-07 19:17:39,908] {logging_mixin.py:104} INFO - [2021-08-07 19:17:39,908] {dagbag.py:496} INFO - Filling up the DagBag from /home/airflow/.local/lib/python3.6/site-packages/airflow/example_dags/example_latest_only.py
[2021-08-07 19:17:39,925] {scheduler_job.py:643} INFO - DAG(s) dict_keys(['latest_only']) retrieved from /home/airflow/.local/lib/python3.6/site-packages/airflow/example_dags/example_latest_only.py
[2021-08-07 19:17:39,950] {logging_mixin.py:104} INFO - [2021-08-07 19:17:39,949] {dag.py:1833} INFO - Sync 1 DAGs
[2021-08-07 19:17:39,964] {logging_mixin.py:104} INFO - [2021-08-07 19:17:39,964] {dag.py:2306} INFO - Setting next_dagrun for latest_only to 2021-08-05 00:00:00+00:00
[2021-08-07 19:17:39,972] {scheduler_job.py:190} INFO - Processing /home/airflow/.local/lib/python3.6/site-packages/airflow/example_dags/example_latest_only.py took 0.069 seconds
[2021-08-07 19:18:10,490] {scheduler_job.py:182} INFO - Started process (PID=554) to work on /home/airflow/.local/lib/python3.6/site-packages/airflow/example_dags/example_latest_only.py
[2021-08-07 19:18:10,491] {scheduler_job.py:633} INFO - Processing file /home/airflow/.local/lib/python3.6/site-packages/airflow/example_dags/example_latest_only.py for tasks to queue
[2021-08-07 19:18:10,491] {logging_mixin.py:104} INFO - [2021-08-07 19:18:10,491] {dagbag.py:496} INFO - Filling up the DagBag from /home/airflow/.local/lib/python3.6/site-packages/airflow/example_dags/example_latest_only.py
[2021-08-07 19:18:10,500] {scheduler_job.py:643} INFO - DAG(s) dict_keys(['latest_only']) retrieved from /home/airflow/.local/lib/python3.6/site-packages/airflow/example_dags/example_latest_only.py
[2021-08-07 19:18:10,518] {logging_mixin.py:104} INFO - [2021-08-07 19:18:10,518] {dag.py:1833} INFO - Sync 1 DAGs
[2021-08-07 19:18:10,536] {logging_mixin.py:104} INFO - [2021-08-07 19:18:10,536] {dag.py:2306} INFO - Setting next_dagrun for latest_only to 2021-08-05 00:00:00+00:00
[2021-08-07 19:18:10,548] {scheduler_job.py:190} INFO - Processing /home/airflow/.local/lib/python3.6/site-packages/airflow/example_dags/example_latest_only.py took 0.060 seconds
[2021-08-07 19:18:41,191] {scheduler_job.py:182} INFO - Started process (PID=608) to work on /home/airflow/.local/lib/python3.6/site-packages/airflow/example_dags/example_latest_only.py
[2021-08-07 19:18:41,192] {scheduler_job.py:633} INFO - Processing file /home/airflow/.local/lib/python3.6/site-packages/airflow/example_dags/example_latest_only.py for tasks to queue
[2021-08-07 19:18:41,193] {logging_mixin.py:104} INFO - [2021-08-07 19:18:41,193] {dagbag.py:496} INFO - Filling up the DagBag from /home/airflow/.local/lib/python3.6/site-packages/airflow/example_dags/example_latest_only.py
[2021-08-07 19:18:41,204] {scheduler_job.py:643} INFO - DAG(s) dict_keys(['latest_only']) retrieved from /home/airflow/.local/lib/python3.6/site-packages/airflow/example_dags/example_latest_only.py
[2021-08-07 19:18:41,225] {logging_mixin.py:104} INFO - [2021-08-07 19:18:41,225] {dag.py:1833} INFO - Sync 1 DAGs
[2021-08-07 19:18:41,240] {logging_mixin.py:104} INFO - [2021-08-07 19:18:41,240] {dag.py:2306} INFO - Setting next_dagrun for latest_only to 2021-08-05 00:00:00+00:00
[2021-08-07 19:18:41,249] {scheduler_job.py:190} INFO - Processing /home/airflow/.local/lib/python3.6/site-packages/airflow/example_dags/example_latest_only.py took 0.061 seconds
[2021-08-07 19:19:11,383] {scheduler_job.py:182} INFO - Started process (PID=672) to work on /home/airflow/.local/lib/python3.6/site-packages/airflow/example_dags/example_latest_only.py
[2021-08-07 19:19:11,383] {scheduler_job.py:633} INFO - Processing file /home/airflow/.local/lib/python3.6/site-packages/airflow/example_dags/example_latest_only.py for tasks to queue
[2021-08-07 19:19:11,384] {logging_mixin.py:104} INFO - [2021-08-07 19:19:11,384] {dagbag.py:496} INFO - Filling up the DagBag from /home/airflow/.local/lib/python3.6/site-packages/airflow/example_dags/example_latest_only.py
[2021-08-07 19:19:11,396] {scheduler_job.py:643} INFO - DAG(s) dict_keys(['latest_only']) retrieved from /home/airflow/.local/lib/python3.6/site-packages/airflow/example_dags/example_latest_only.py
[2021-08-07 19:19:11,417] {logging_mixin.py:104} INFO - [2021-08-07 19:19:11,417] {dag.py:1833} INFO - Sync 1 DAGs
[2021-08-07 19:19:11,435] {logging_mixin.py:104} INFO - [2021-08-07 19:19:11,435] {dag.py:2306} INFO - Setting next_dagrun for latest_only to 2021-08-05 00:00:00+00:00
[2021-08-07 19:19:11,449] {scheduler_job.py:190} INFO - Processing /home/airflow/.local/lib/python3.6/site-packages/airflow/example_dags/example_latest_only.py took 0.068 seconds
[2021-08-07 19:19:41,730] {scheduler_job.py:182} INFO - Started process (PID=729) to work on /home/airflow/.local/lib/python3.6/site-packages/airflow/example_dags/example_latest_only.py
[2021-08-07 19:19:41,732] {scheduler_job.py:633} INFO - Processing file /home/airflow/.local/lib/python3.6/site-packages/airflow/example_dags/example_latest_only.py for tasks to queue
[2021-08-07 19:19:41,733] {logging_mixin.py:104} INFO - [2021-08-07 19:19:41,732] {dagbag.py:496} INFO - Filling up the DagBag from /home/airflow/.local/lib/python3.6/site-packages/airflow/example_dags/example_latest_only.py
[2021-08-07 19:19:41,742] {scheduler_job.py:643} INFO - DAG(s) dict_keys(['latest_only']) retrieved from /home/airflow/.local/lib/python3.6/site-packages/airflow/example_dags/example_latest_only.py
[2021-08-07 19:19:41,759] {logging_mixin.py:104} INFO - [2021-08-07 19:19:41,759] {dag.py:1833} INFO - Sync 1 DAGs
[2021-08-07 19:19:41,777] {logging_mixin.py:104} INFO - [2021-08-07 19:19:41,777] {dag.py:2306} INFO - Setting next_dagrun for latest_only to 2021-08-05 00:00:00+00:00
[2021-08-07 19:19:41,790] {scheduler_job.py:190} INFO - Processing /home/airflow/.local/lib/python3.6/site-packages/airflow/example_dags/example_latest_only.py took 0.063 seconds
[2021-08-07 19:20:12,023] {scheduler_job.py:182} INFO - Started process (PID=793) to work on /home/airflow/.local/lib/python3.6/site-packages/airflow/example_dags/example_latest_only.py
[2021-08-07 19:20:12,024] {scheduler_job.py:633} INFO - Processing file /home/airflow/.local/lib/python3.6/site-packages/airflow/example_dags/example_latest_only.py for tasks to queue
[2021-08-07 19:20:12,025] {logging_mixin.py:104} INFO - [2021-08-07 19:20:12,025] {dagbag.py:496} INFO - Filling up the DagBag from /home/airflow/.local/lib/python3.6/site-packages/airflow/example_dags/example_latest_only.py
[2021-08-07 19:20:12,038] {scheduler_job.py:643} INFO - DAG(s) dict_keys(['latest_only']) retrieved from /home/airflow/.local/lib/python3.6/site-packages/airflow/example_dags/example_latest_only.py
[2021-08-07 19:20:12,060] {logging_mixin.py:104} INFO - [2021-08-07 19:20:12,059] {dag.py:1833} INFO - Sync 1 DAGs
[2021-08-07 19:20:12,080] {logging_mixin.py:104} INFO - [2021-08-07 19:20:12,080] {dag.py:2306} INFO - Setting next_dagrun for latest_only to 2021-08-05 00:00:00+00:00
[2021-08-07 19:20:12,093] {scheduler_job.py:190} INFO - Processing /home/airflow/.local/lib/python3.6/site-packages/airflow/example_dags/example_latest_only.py took 0.073 seconds
[2021-08-07 19:20:42,127] {scheduler_job.py:182} INFO - Started process (PID=846) to work on /home/airflow/.local/lib/python3.6/site-packages/airflow/example_dags/example_latest_only.py
[2021-08-07 19:20:42,128] {scheduler_job.py:633} INFO - Processing file /home/airflow/.local/lib/python3.6/site-packages/airflow/example_dags/example_latest_only.py for tasks to queue
[2021-08-07 19:20:42,128] {logging_mixin.py:104} INFO - [2021-08-07 19:20:42,128] {dagbag.py:496} INFO - Filling up the DagBag from /home/airflow/.local/lib/python3.6/site-packages/airflow/example_dags/example_latest_only.py
[2021-08-07 19:20:42,136] {scheduler_job.py:643} INFO - DAG(s) dict_keys(['latest_only']) retrieved from /home/airflow/.local/lib/python3.6/site-packages/airflow/example_dags/example_latest_only.py
[2021-08-07 19:20:42,153] {logging_mixin.py:104} INFO - [2021-08-07 19:20:42,152] {dag.py:1833} INFO - Sync 1 DAGs
[2021-08-07 19:20:42,167] {logging_mixin.py:104} INFO - [2021-08-07 19:20:42,167] {dag.py:2306} INFO - Setting next_dagrun for latest_only to 2021-08-05 00:00:00+00:00
[2021-08-07 19:20:42,176] {scheduler_job.py:190} INFO - Processing /home/airflow/.local/lib/python3.6/site-packages/airflow/example_dags/example_latest_only.py took 0.052 seconds
[2021-08-07 19:21:12,394] {scheduler_job.py:182} INFO - Started process (PID=910) to work on /home/airflow/.local/lib/python3.6/site-packages/airflow/example_dags/example_latest_only.py
[2021-08-07 19:21:12,396] {scheduler_job.py:633} INFO - Processing file /home/airflow/.local/lib/python3.6/site-packages/airflow/example_dags/example_latest_only.py for tasks to queue
[2021-08-07 19:21:12,397] {logging_mixin.py:104} INFO - [2021-08-07 19:21:12,397] {dagbag.py:496} INFO - Filling up the DagBag from /home/airflow/.local/lib/python3.6/site-packages/airflow/example_dags/example_latest_only.py
[2021-08-07 19:21:12,409] {scheduler_job.py:643} INFO - DAG(s) dict_keys(['latest_only']) retrieved from /home/airflow/.local/lib/python3.6/site-packages/airflow/example_dags/example_latest_only.py
[2021-08-07 19:21:12,444] {logging_mixin.py:104} INFO - [2021-08-07 19:21:12,443] {dag.py:1833} INFO - Sync 1 DAGs
[2021-08-07 19:21:12,463] {logging_mixin.py:104} INFO - [2021-08-07 19:21:12,463] {dag.py:2306} INFO - Setting next_dagrun for latest_only to 2021-08-05 00:00:00+00:00
[2021-08-07 19:21:12,473] {scheduler_job.py:190} INFO - Processing /home/airflow/.local/lib/python3.6/site-packages/airflow/example_dags/example_latest_only.py took 0.082 seconds
[2021-08-07 19:21:42,624] {scheduler_job.py:182} INFO - Started process (PID=963) to work on /home/airflow/.local/lib/python3.6/site-packages/airflow/example_dags/example_latest_only.py
[2021-08-07 19:21:42,625] {scheduler_job.py:633} INFO - Processing file /home/airflow/.local/lib/python3.6/site-packages/airflow/example_dags/example_latest_only.py for tasks to queue
[2021-08-07 19:21:42,626] {logging_mixin.py:104} INFO - [2021-08-07 19:21:42,626] {dagbag.py:496} INFO - Filling up the DagBag from /home/airflow/.local/lib/python3.6/site-packages/airflow/example_dags/example_latest_only.py
[2021-08-07 19:21:42,640] {scheduler_job.py:643} INFO - DAG(s) dict_keys(['latest_only']) retrieved from /home/airflow/.local/lib/python3.6/site-packages/airflow/example_dags/example_latest_only.py
[2021-08-07 19:21:42,663] {logging_mixin.py:104} INFO - [2021-08-07 19:21:42,663] {dag.py:1833} INFO - Sync 1 DAGs
[2021-08-07 19:21:42,682] {logging_mixin.py:104} INFO - [2021-08-07 19:21:42,682] {dag.py:2306} INFO - Setting next_dagrun for latest_only to 2021-08-05 00:00:00+00:00
[2021-08-07 19:21:42,693] {scheduler_job.py:190} INFO - Processing /home/airflow/.local/lib/python3.6/site-packages/airflow/example_dags/example_latest_only.py took 0.071 seconds
[2021-08-07 19:22:13,612] {scheduler_job.py:182} INFO - Started process (PID=1026) to work on /home/airflow/.local/lib/python3.6/site-packages/airflow/example_dags/example_latest_only.py
[2021-08-07 19:22:13,614] {scheduler_job.py:633} INFO - Processing file /home/airflow/.local/lib/python3.6/site-packages/airflow/example_dags/example_latest_only.py for tasks to queue
[2021-08-07 19:22:13,614] {logging_mixin.py:104} INFO - [2021-08-07 19:22:13,614] {dagbag.py:496} INFO - Filling up the DagBag from /home/airflow/.local/lib/python3.6/site-packages/airflow/example_dags/example_latest_only.py
[2021-08-07 19:22:13,623] {scheduler_job.py:643} INFO - DAG(s) dict_keys(['latest_only']) retrieved from /home/airflow/.local/lib/python3.6/site-packages/airflow/example_dags/example_latest_only.py
[2021-08-07 19:22:13,639] {logging_mixin.py:104} INFO - [2021-08-07 19:22:13,639] {dag.py:1833} INFO - Sync 1 DAGs
[2021-08-07 19:22:13,652] {logging_mixin.py:104} INFO - [2021-08-07 19:22:13,652] {dag.py:2306} INFO - Setting next_dagrun for latest_only to 2021-08-05 00:00:00+00:00
[2021-08-07 19:22:13,660] {scheduler_job.py:190} INFO - Processing /home/airflow/.local/lib/python3.6/site-packages/airflow/example_dags/example_latest_only.py took 0.052 seconds
[2021-08-07 19:22:48,198] {scheduler_job.py:182} INFO - Started process (PID=1056) to work on /home/airflow/.local/lib/python3.6/site-packages/airflow/example_dags/example_latest_only.py
[2021-08-07 19:22:48,200] {scheduler_job.py:633} INFO - Processing file /home/airflow/.local/lib/python3.6/site-packages/airflow/example_dags/example_latest_only.py for tasks to queue
[2021-08-07 19:22:48,201] {logging_mixin.py:104} INFO - [2021-08-07 19:22:48,201] {dagbag.py:496} INFO - Filling up the DagBag from /home/airflow/.local/lib/python3.6/site-packages/airflow/example_dags/example_latest_only.py
[2021-08-07 19:22:48,213] {scheduler_job.py:643} INFO - DAG(s) dict_keys(['latest_only']) retrieved from /home/airflow/.local/lib/python3.6/site-packages/airflow/example_dags/example_latest_only.py
[2021-08-07 19:22:48,238] {logging_mixin.py:104} INFO - [2021-08-07 19:22:48,238] {dag.py:1833} INFO - Sync 1 DAGs
[2021-08-07 19:22:48,257] {logging_mixin.py:104} INFO - [2021-08-07 19:22:48,257] {dag.py:2306} INFO - Setting next_dagrun for latest_only to 2021-08-05 00:00:00+00:00
[2021-08-07 19:22:48,268] {scheduler_job.py:190} INFO - Processing /home/airflow/.local/lib/python3.6/site-packages/airflow/example_dags/example_latest_only.py took 0.073 seconds
[2021-08-07 19:23:18,539] {scheduler_job.py:182} INFO - Started process (PID=1111) to work on /home/airflow/.local/lib/python3.6/site-packages/airflow/example_dags/example_latest_only.py
[2021-08-07 19:23:18,540] {scheduler_job.py:633} INFO - Processing file /home/airflow/.local/lib/python3.6/site-packages/airflow/example_dags/example_latest_only.py for tasks to queue
[2021-08-07 19:23:18,540] {logging_mixin.py:104} INFO - [2021-08-07 19:23:18,540] {dagbag.py:496} INFO - Filling up the DagBag from /home/airflow/.local/lib/python3.6/site-packages/airflow/example_dags/example_latest_only.py
[2021-08-07 19:23:18,551] {scheduler_job.py:643} INFO - DAG(s) dict_keys(['latest_only']) retrieved from /home/airflow/.local/lib/python3.6/site-packages/airflow/example_dags/example_latest_only.py
[2021-08-07 19:23:18,571] {logging_mixin.py:104} INFO - [2021-08-07 19:23:18,571] {dag.py:1833} INFO - Sync 1 DAGs
[2021-08-07 19:23:18,586] {logging_mixin.py:104} INFO - [2021-08-07 19:23:18,586] {dag.py:2306} INFO - Setting next_dagrun for latest_only to 2021-08-05 00:00:00+00:00
[2021-08-07 19:23:18,594] {scheduler_job.py:190} INFO - Processing /home/airflow/.local/lib/python3.6/site-packages/airflow/example_dags/example_latest_only.py took 0.058 seconds
[2021-08-07 19:23:48,779] {scheduler_job.py:182} INFO - Started process (PID=1172) to work on /home/airflow/.local/lib/python3.6/site-packages/airflow/example_dags/example_latest_only.py
[2021-08-07 19:23:48,780] {scheduler_job.py:633} INFO - Processing file /home/airflow/.local/lib/python3.6/site-packages/airflow/example_dags/example_latest_only.py for tasks to queue
[2021-08-07 19:23:48,780] {logging_mixin.py:104} INFO - [2021-08-07 19:23:48,780] {dagbag.py:496} INFO - Filling up the DagBag from /home/airflow/.local/lib/python3.6/site-packages/airflow/example_dags/example_latest_only.py
[2021-08-07 19:23:48,789] {scheduler_job.py:643} INFO - DAG(s) dict_keys(['latest_only']) retrieved from /home/airflow/.local/lib/python3.6/site-packages/airflow/example_dags/example_latest_only.py
[2021-08-07 19:23:48,806] {logging_mixin.py:104} INFO - [2021-08-07 19:23:48,806] {dag.py:1833} INFO - Sync 1 DAGs
[2021-08-07 19:23:48,819] {logging_mixin.py:104} INFO - [2021-08-07 19:23:48,819] {dag.py:2306} INFO - Setting next_dagrun for latest_only to 2021-08-05 00:00:00+00:00
[2021-08-07 19:23:48,829] {scheduler_job.py:190} INFO - Processing /home/airflow/.local/lib/python3.6/site-packages/airflow/example_dags/example_latest_only.py took 0.052 seconds
[2021-08-07 19:24:19,536] {scheduler_job.py:182} INFO - Started process (PID=1226) to work on /home/airflow/.local/lib/python3.6/site-packages/airflow/example_dags/example_latest_only.py
[2021-08-07 19:24:19,537] {scheduler_job.py:633} INFO - Processing file /home/airflow/.local/lib/python3.6/site-packages/airflow/example_dags/example_latest_only.py for tasks to queue
[2021-08-07 19:24:19,538] {logging_mixin.py:104} INFO - [2021-08-07 19:24:19,538] {dagbag.py:496} INFO - Filling up the DagBag from /home/airflow/.local/lib/python3.6/site-packages/airflow/example_dags/example_latest_only.py
[2021-08-07 19:24:19,552] {scheduler_job.py:643} INFO - DAG(s) dict_keys(['latest_only']) retrieved from /home/airflow/.local/lib/python3.6/site-packages/airflow/example_dags/example_latest_only.py
[2021-08-07 19:24:19,572] {logging_mixin.py:104} INFO - [2021-08-07 19:24:19,572] {dag.py:1833} INFO - Sync 1 DAGs
[2021-08-07 19:24:19,588] {logging_mixin.py:104} INFO - [2021-08-07 19:24:19,588] {dag.py:2306} INFO - Setting next_dagrun for latest_only to 2021-08-05 00:00:00+00:00
[2021-08-07 19:24:19,597] {scheduler_job.py:190} INFO - Processing /home/airflow/.local/lib/python3.6/site-packages/airflow/example_dags/example_latest_only.py took 0.064 seconds
[2021-08-07 19:24:50,413] {scheduler_job.py:182} INFO - Started process (PID=1290) to work on /home/airflow/.local/lib/python3.6/site-packages/airflow/example_dags/example_latest_only.py
[2021-08-07 19:24:50,415] {scheduler_job.py:633} INFO - Processing file /home/airflow/.local/lib/python3.6/site-packages/airflow/example_dags/example_latest_only.py for tasks to queue
[2021-08-07 19:24:50,415] {logging_mixin.py:104} INFO - [2021-08-07 19:24:50,415] {dagbag.py:496} INFO - Filling up the DagBag from /home/airflow/.local/lib/python3.6/site-packages/airflow/example_dags/example_latest_only.py
[2021-08-07 19:24:50,424] {scheduler_job.py:643} INFO - DAG(s) dict_keys(['latest_only']) retrieved from /home/airflow/.local/lib/python3.6/site-packages/airflow/example_dags/example_latest_only.py
[2021-08-07 19:24:50,444] {logging_mixin.py:104} INFO - [2021-08-07 19:24:50,444] {dag.py:1833} INFO - Sync 1 DAGs
[2021-08-07 19:24:50,460] {logging_mixin.py:104} INFO - [2021-08-07 19:24:50,459] {dag.py:2306} INFO - Setting next_dagrun for latest_only to 2021-08-05 00:00:00+00:00
[2021-08-07 19:24:50,470] {scheduler_job.py:190} INFO - Processing /home/airflow/.local/lib/python3.6/site-packages/airflow/example_dags/example_latest_only.py took 0.059 seconds
