[2021-08-07 19:16:23,605] {scheduler_job.py:182} INFO - Started process (PID=318) to work on /home/airflow/.local/lib/python3.6/site-packages/airflow/example_dags/example_kubernetes_executor_config.py
[2021-08-07 19:16:23,607] {scheduler_job.py:633} INFO - Processing file /home/airflow/.local/lib/python3.6/site-packages/airflow/example_dags/example_kubernetes_executor_config.py for tasks to queue
[2021-08-07 19:16:23,608] {logging_mixin.py:104} INFO - [2021-08-07 19:16:23,608] {dagbag.py:496} INFO - Filling up the DagBag from /home/airflow/.local/lib/python3.6/site-packages/airflow/example_dags/example_kubernetes_executor_config.py
[2021-08-07 19:16:23,637] {scheduler_job.py:643} INFO - DAG(s) dict_keys(['example_kubernetes_executor_config']) retrieved from /home/airflow/.local/lib/python3.6/site-packages/airflow/example_dags/example_kubernetes_executor_config.py
[2021-08-07 19:16:27,291] {logging_mixin.py:104} INFO - [2021-08-07 19:16:27,289] {dag.py:1833} INFO - Sync 1 DAGs
[2021-08-07 19:16:27,316] {logging_mixin.py:104} INFO - [2021-08-07 19:16:27,314] {dag.py:1852} INFO - Creating ORM DAG for example_kubernetes_executor_config
[2021-08-07 19:16:27,328] {logging_mixin.py:104} INFO - [2021-08-07 19:16:27,327] {dag.py:2306} INFO - Setting next_dagrun for example_kubernetes_executor_config to None
[2021-08-07 19:16:27,349] {scheduler_job.py:190} INFO - Processing /home/airflow/.local/lib/python3.6/site-packages/airflow/example_dags/example_kubernetes_executor_config.py took 3.755 seconds
[2021-08-07 19:16:58,097] {scheduler_job.py:182} INFO - Started process (PID=403) to work on /home/airflow/.local/lib/python3.6/site-packages/airflow/example_dags/example_kubernetes_executor_config.py
[2021-08-07 19:16:58,098] {scheduler_job.py:633} INFO - Processing file /home/airflow/.local/lib/python3.6/site-packages/airflow/example_dags/example_kubernetes_executor_config.py for tasks to queue
[2021-08-07 19:16:58,098] {logging_mixin.py:104} INFO - [2021-08-07 19:16:58,098] {dagbag.py:496} INFO - Filling up the DagBag from /home/airflow/.local/lib/python3.6/site-packages/airflow/example_dags/example_kubernetes_executor_config.py
[2021-08-07 19:16:58,114] {scheduler_job.py:643} INFO - DAG(s) dict_keys(['example_kubernetes_executor_config']) retrieved from /home/airflow/.local/lib/python3.6/site-packages/airflow/example_dags/example_kubernetes_executor_config.py
[2021-08-07 19:16:58,133] {logging_mixin.py:104} INFO - [2021-08-07 19:16:58,133] {dag.py:1833} INFO - Sync 1 DAGs
[2021-08-07 19:16:58,148] {logging_mixin.py:104} INFO - [2021-08-07 19:16:58,148] {dag.py:2306} INFO - Setting next_dagrun for example_kubernetes_executor_config to None
[2021-08-07 19:16:58,159] {scheduler_job.py:190} INFO - Processing /home/airflow/.local/lib/python3.6/site-packages/airflow/example_dags/example_kubernetes_executor_config.py took 0.065 seconds
[2021-08-07 19:17:30,227] {scheduler_job.py:182} INFO - Started process (PID=477) to work on /home/airflow/.local/lib/python3.6/site-packages/airflow/example_dags/example_kubernetes_executor_config.py
[2021-08-07 19:17:30,230] {scheduler_job.py:633} INFO - Processing file /home/airflow/.local/lib/python3.6/site-packages/airflow/example_dags/example_kubernetes_executor_config.py for tasks to queue
[2021-08-07 19:17:30,232] {logging_mixin.py:104} INFO - [2021-08-07 19:17:30,232] {dagbag.py:496} INFO - Filling up the DagBag from /home/airflow/.local/lib/python3.6/site-packages/airflow/example_dags/example_kubernetes_executor_config.py
[2021-08-07 19:17:30,283] {scheduler_job.py:643} INFO - DAG(s) dict_keys(['example_kubernetes_executor_config']) retrieved from /home/airflow/.local/lib/python3.6/site-packages/airflow/example_dags/example_kubernetes_executor_config.py
[2021-08-07 19:17:30,348] {logging_mixin.py:104} INFO - [2021-08-07 19:17:30,348] {dag.py:1833} INFO - Sync 1 DAGs
[2021-08-07 19:17:30,391] {logging_mixin.py:104} INFO - [2021-08-07 19:17:30,391] {dag.py:2306} INFO - Setting next_dagrun for example_kubernetes_executor_config to None
[2021-08-07 19:17:30,425] {scheduler_job.py:190} INFO - Processing /home/airflow/.local/lib/python3.6/site-packages/airflow/example_dags/example_kubernetes_executor_config.py took 0.205 seconds
[2021-08-07 19:18:01,481] {scheduler_job.py:182} INFO - Started process (PID=532) to work on /home/airflow/.local/lib/python3.6/site-packages/airflow/example_dags/example_kubernetes_executor_config.py
[2021-08-07 19:18:01,487] {scheduler_job.py:633} INFO - Processing file /home/airflow/.local/lib/python3.6/site-packages/airflow/example_dags/example_kubernetes_executor_config.py for tasks to queue
[2021-08-07 19:18:01,487] {logging_mixin.py:104} INFO - [2021-08-07 19:18:01,487] {dagbag.py:496} INFO - Filling up the DagBag from /home/airflow/.local/lib/python3.6/site-packages/airflow/example_dags/example_kubernetes_executor_config.py
[2021-08-07 19:18:01,507] {scheduler_job.py:643} INFO - DAG(s) dict_keys(['example_kubernetes_executor_config']) retrieved from /home/airflow/.local/lib/python3.6/site-packages/airflow/example_dags/example_kubernetes_executor_config.py
[2021-08-07 19:18:01,553] {logging_mixin.py:104} INFO - [2021-08-07 19:18:01,553] {dag.py:1833} INFO - Sync 1 DAGs
[2021-08-07 19:18:01,583] {logging_mixin.py:104} INFO - [2021-08-07 19:18:01,583] {dag.py:2306} INFO - Setting next_dagrun for example_kubernetes_executor_config to None
[2021-08-07 19:18:01,596] {scheduler_job.py:190} INFO - Processing /home/airflow/.local/lib/python3.6/site-packages/airflow/example_dags/example_kubernetes_executor_config.py took 0.120 seconds
[2021-08-07 19:18:32,329] {scheduler_job.py:182} INFO - Started process (PID=596) to work on /home/airflow/.local/lib/python3.6/site-packages/airflow/example_dags/example_kubernetes_executor_config.py
[2021-08-07 19:18:32,332] {scheduler_job.py:633} INFO - Processing file /home/airflow/.local/lib/python3.6/site-packages/airflow/example_dags/example_kubernetes_executor_config.py for tasks to queue
[2021-08-07 19:18:32,334] {logging_mixin.py:104} INFO - [2021-08-07 19:18:32,333] {dagbag.py:496} INFO - Filling up the DagBag from /home/airflow/.local/lib/python3.6/site-packages/airflow/example_dags/example_kubernetes_executor_config.py
[2021-08-07 19:18:32,356] {scheduler_job.py:643} INFO - DAG(s) dict_keys(['example_kubernetes_executor_config']) retrieved from /home/airflow/.local/lib/python3.6/site-packages/airflow/example_dags/example_kubernetes_executor_config.py
[2021-08-07 19:18:32,405] {logging_mixin.py:104} INFO - [2021-08-07 19:18:32,405] {dag.py:1833} INFO - Sync 1 DAGs
[2021-08-07 19:18:32,428] {logging_mixin.py:104} INFO - [2021-08-07 19:18:32,428] {dag.py:2306} INFO - Setting next_dagrun for example_kubernetes_executor_config to None
[2021-08-07 19:18:32,444] {scheduler_job.py:190} INFO - Processing /home/airflow/.local/lib/python3.6/site-packages/airflow/example_dags/example_kubernetes_executor_config.py took 0.121 seconds
[2021-08-07 19:19:02,544] {scheduler_job.py:182} INFO - Started process (PID=651) to work on /home/airflow/.local/lib/python3.6/site-packages/airflow/example_dags/example_kubernetes_executor_config.py
[2021-08-07 19:19:02,545] {scheduler_job.py:633} INFO - Processing file /home/airflow/.local/lib/python3.6/site-packages/airflow/example_dags/example_kubernetes_executor_config.py for tasks to queue
[2021-08-07 19:19:02,546] {logging_mixin.py:104} INFO - [2021-08-07 19:19:02,546] {dagbag.py:496} INFO - Filling up the DagBag from /home/airflow/.local/lib/python3.6/site-packages/airflow/example_dags/example_kubernetes_executor_config.py
[2021-08-07 19:19:02,573] {scheduler_job.py:643} INFO - DAG(s) dict_keys(['example_kubernetes_executor_config']) retrieved from /home/airflow/.local/lib/python3.6/site-packages/airflow/example_dags/example_kubernetes_executor_config.py
[2021-08-07 19:19:02,605] {logging_mixin.py:104} INFO - [2021-08-07 19:19:02,605] {dag.py:1833} INFO - Sync 1 DAGs
[2021-08-07 19:19:02,626] {logging_mixin.py:104} INFO - [2021-08-07 19:19:02,626] {dag.py:2306} INFO - Setting next_dagrun for example_kubernetes_executor_config to None
[2021-08-07 19:19:02,641] {scheduler_job.py:190} INFO - Processing /home/airflow/.local/lib/python3.6/site-packages/airflow/example_dags/example_kubernetes_executor_config.py took 0.101 seconds
[2021-08-07 19:19:32,966] {scheduler_job.py:182} INFO - Started process (PID=704) to work on /home/airflow/.local/lib/python3.6/site-packages/airflow/example_dags/example_kubernetes_executor_config.py
[2021-08-07 19:19:32,968] {scheduler_job.py:633} INFO - Processing file /home/airflow/.local/lib/python3.6/site-packages/airflow/example_dags/example_kubernetes_executor_config.py for tasks to queue
[2021-08-07 19:19:32,969] {logging_mixin.py:104} INFO - [2021-08-07 19:19:32,969] {dagbag.py:496} INFO - Filling up the DagBag from /home/airflow/.local/lib/python3.6/site-packages/airflow/example_dags/example_kubernetes_executor_config.py
[2021-08-07 19:19:33,000] {scheduler_job.py:643} INFO - DAG(s) dict_keys(['example_kubernetes_executor_config']) retrieved from /home/airflow/.local/lib/python3.6/site-packages/airflow/example_dags/example_kubernetes_executor_config.py
[2021-08-07 19:19:33,085] {logging_mixin.py:104} INFO - [2021-08-07 19:19:33,084] {dag.py:1833} INFO - Sync 1 DAGs
[2021-08-07 19:19:33,115] {logging_mixin.py:104} INFO - [2021-08-07 19:19:33,115] {dag.py:2306} INFO - Setting next_dagrun for example_kubernetes_executor_config to None
[2021-08-07 19:19:33,133] {scheduler_job.py:190} INFO - Processing /home/airflow/.local/lib/python3.6/site-packages/airflow/example_dags/example_kubernetes_executor_config.py took 0.176 seconds
[2021-08-07 19:20:03,273] {scheduler_job.py:182} INFO - Started process (PID=771) to work on /home/airflow/.local/lib/python3.6/site-packages/airflow/example_dags/example_kubernetes_executor_config.py
[2021-08-07 19:20:03,274] {scheduler_job.py:633} INFO - Processing file /home/airflow/.local/lib/python3.6/site-packages/airflow/example_dags/example_kubernetes_executor_config.py for tasks to queue
[2021-08-07 19:20:03,276] {logging_mixin.py:104} INFO - [2021-08-07 19:20:03,276] {dagbag.py:496} INFO - Filling up the DagBag from /home/airflow/.local/lib/python3.6/site-packages/airflow/example_dags/example_kubernetes_executor_config.py
[2021-08-07 19:20:03,298] {scheduler_job.py:643} INFO - DAG(s) dict_keys(['example_kubernetes_executor_config']) retrieved from /home/airflow/.local/lib/python3.6/site-packages/airflow/example_dags/example_kubernetes_executor_config.py
[2021-08-07 19:20:03,333] {logging_mixin.py:104} INFO - [2021-08-07 19:20:03,333] {dag.py:1833} INFO - Sync 1 DAGs
[2021-08-07 19:20:03,355] {logging_mixin.py:104} INFO - [2021-08-07 19:20:03,355] {dag.py:2306} INFO - Setting next_dagrun for example_kubernetes_executor_config to None
[2021-08-07 19:20:03,370] {scheduler_job.py:190} INFO - Processing /home/airflow/.local/lib/python3.6/site-packages/airflow/example_dags/example_kubernetes_executor_config.py took 0.101 seconds
[2021-08-07 19:20:33,433] {scheduler_job.py:182} INFO - Started process (PID=826) to work on /home/airflow/.local/lib/python3.6/site-packages/airflow/example_dags/example_kubernetes_executor_config.py
[2021-08-07 19:20:33,435] {scheduler_job.py:633} INFO - Processing file /home/airflow/.local/lib/python3.6/site-packages/airflow/example_dags/example_kubernetes_executor_config.py for tasks to queue
[2021-08-07 19:20:33,436] {logging_mixin.py:104} INFO - [2021-08-07 19:20:33,435] {dagbag.py:496} INFO - Filling up the DagBag from /home/airflow/.local/lib/python3.6/site-packages/airflow/example_dags/example_kubernetes_executor_config.py
[2021-08-07 19:20:33,455] {scheduler_job.py:643} INFO - DAG(s) dict_keys(['example_kubernetes_executor_config']) retrieved from /home/airflow/.local/lib/python3.6/site-packages/airflow/example_dags/example_kubernetes_executor_config.py
[2021-08-07 19:20:33,484] {logging_mixin.py:104} INFO - [2021-08-07 19:20:33,484] {dag.py:1833} INFO - Sync 1 DAGs
[2021-08-07 19:20:33,507] {logging_mixin.py:104} INFO - [2021-08-07 19:20:33,507] {dag.py:2306} INFO - Setting next_dagrun for example_kubernetes_executor_config to None
[2021-08-07 19:20:33,522] {scheduler_job.py:190} INFO - Processing /home/airflow/.local/lib/python3.6/site-packages/airflow/example_dags/example_kubernetes_executor_config.py took 0.093 seconds
[2021-08-07 19:21:03,631] {scheduler_job.py:182} INFO - Started process (PID=888) to work on /home/airflow/.local/lib/python3.6/site-packages/airflow/example_dags/example_kubernetes_executor_config.py
[2021-08-07 19:21:03,632] {scheduler_job.py:633} INFO - Processing file /home/airflow/.local/lib/python3.6/site-packages/airflow/example_dags/example_kubernetes_executor_config.py for tasks to queue
[2021-08-07 19:21:03,633] {logging_mixin.py:104} INFO - [2021-08-07 19:21:03,633] {dagbag.py:496} INFO - Filling up the DagBag from /home/airflow/.local/lib/python3.6/site-packages/airflow/example_dags/example_kubernetes_executor_config.py
[2021-08-07 19:21:03,655] {scheduler_job.py:643} INFO - DAG(s) dict_keys(['example_kubernetes_executor_config']) retrieved from /home/airflow/.local/lib/python3.6/site-packages/airflow/example_dags/example_kubernetes_executor_config.py
[2021-08-07 19:21:03,692] {logging_mixin.py:104} INFO - [2021-08-07 19:21:03,692] {dag.py:1833} INFO - Sync 1 DAGs
[2021-08-07 19:21:03,717] {logging_mixin.py:104} INFO - [2021-08-07 19:21:03,717] {dag.py:2306} INFO - Setting next_dagrun for example_kubernetes_executor_config to None
[2021-08-07 19:21:03,732] {scheduler_job.py:190} INFO - Processing /home/airflow/.local/lib/python3.6/site-packages/airflow/example_dags/example_kubernetes_executor_config.py took 0.106 seconds
[2021-08-07 19:21:34,782] {scheduler_job.py:182} INFO - Started process (PID=945) to work on /home/airflow/.local/lib/python3.6/site-packages/airflow/example_dags/example_kubernetes_executor_config.py
[2021-08-07 19:21:34,783] {scheduler_job.py:633} INFO - Processing file /home/airflow/.local/lib/python3.6/site-packages/airflow/example_dags/example_kubernetes_executor_config.py for tasks to queue
[2021-08-07 19:21:34,784] {logging_mixin.py:104} INFO - [2021-08-07 19:21:34,784] {dagbag.py:496} INFO - Filling up the DagBag from /home/airflow/.local/lib/python3.6/site-packages/airflow/example_dags/example_kubernetes_executor_config.py
[2021-08-07 19:21:34,804] {scheduler_job.py:643} INFO - DAG(s) dict_keys(['example_kubernetes_executor_config']) retrieved from /home/airflow/.local/lib/python3.6/site-packages/airflow/example_dags/example_kubernetes_executor_config.py
[2021-08-07 19:21:34,832] {logging_mixin.py:104} INFO - [2021-08-07 19:21:34,832] {dag.py:1833} INFO - Sync 1 DAGs
[2021-08-07 19:21:34,853] {logging_mixin.py:104} INFO - [2021-08-07 19:21:34,853] {dag.py:2306} INFO - Setting next_dagrun for example_kubernetes_executor_config to None
[2021-08-07 19:21:34,867] {scheduler_job.py:190} INFO - Processing /home/airflow/.local/lib/python3.6/site-packages/airflow/example_dags/example_kubernetes_executor_config.py took 0.088 seconds
[2021-08-07 19:22:04,999] {scheduler_job.py:182} INFO - Started process (PID=1008) to work on /home/airflow/.local/lib/python3.6/site-packages/airflow/example_dags/example_kubernetes_executor_config.py
[2021-08-07 19:22:05,000] {scheduler_job.py:633} INFO - Processing file /home/airflow/.local/lib/python3.6/site-packages/airflow/example_dags/example_kubernetes_executor_config.py for tasks to queue
[2021-08-07 19:22:05,001] {logging_mixin.py:104} INFO - [2021-08-07 19:22:05,001] {dagbag.py:496} INFO - Filling up the DagBag from /home/airflow/.local/lib/python3.6/site-packages/airflow/example_dags/example_kubernetes_executor_config.py
[2021-08-07 19:22:05,017] {scheduler_job.py:643} INFO - DAG(s) dict_keys(['example_kubernetes_executor_config']) retrieved from /home/airflow/.local/lib/python3.6/site-packages/airflow/example_dags/example_kubernetes_executor_config.py
[2021-08-07 19:22:05,039] {logging_mixin.py:104} INFO - [2021-08-07 19:22:05,039] {dag.py:1833} INFO - Sync 1 DAGs
[2021-08-07 19:22:05,054] {logging_mixin.py:104} INFO - [2021-08-07 19:22:05,054] {dag.py:2306} INFO - Setting next_dagrun for example_kubernetes_executor_config to None
[2021-08-07 19:22:05,064] {scheduler_job.py:190} INFO - Processing /home/airflow/.local/lib/python3.6/site-packages/airflow/example_dags/example_kubernetes_executor_config.py took 0.068 seconds
[2021-08-07 19:22:49,231] {scheduler_job.py:182} INFO - Started process (PID=1069) to work on /home/airflow/.local/lib/python3.6/site-packages/airflow/example_dags/example_kubernetes_executor_config.py
[2021-08-07 19:22:49,233] {scheduler_job.py:633} INFO - Processing file /home/airflow/.local/lib/python3.6/site-packages/airflow/example_dags/example_kubernetes_executor_config.py for tasks to queue
[2021-08-07 19:22:49,234] {logging_mixin.py:104} INFO - [2021-08-07 19:22:49,234] {dagbag.py:496} INFO - Filling up the DagBag from /home/airflow/.local/lib/python3.6/site-packages/airflow/example_dags/example_kubernetes_executor_config.py
[2021-08-07 19:22:49,250] {scheduler_job.py:643} INFO - DAG(s) dict_keys(['example_kubernetes_executor_config']) retrieved from /home/airflow/.local/lib/python3.6/site-packages/airflow/example_dags/example_kubernetes_executor_config.py
[2021-08-07 19:22:49,273] {logging_mixin.py:104} INFO - [2021-08-07 19:22:49,273] {dag.py:1833} INFO - Sync 1 DAGs
[2021-08-07 19:22:49,290] {logging_mixin.py:104} INFO - [2021-08-07 19:22:49,290] {dag.py:2306} INFO - Setting next_dagrun for example_kubernetes_executor_config to None
[2021-08-07 19:22:49,301] {scheduler_job.py:190} INFO - Processing /home/airflow/.local/lib/python3.6/site-packages/airflow/example_dags/example_kubernetes_executor_config.py took 0.073 seconds
[2021-08-07 19:23:19,524] {scheduler_job.py:182} INFO - Started process (PID=1122) to work on /home/airflow/.local/lib/python3.6/site-packages/airflow/example_dags/example_kubernetes_executor_config.py
[2021-08-07 19:23:19,525] {scheduler_job.py:633} INFO - Processing file /home/airflow/.local/lib/python3.6/site-packages/airflow/example_dags/example_kubernetes_executor_config.py for tasks to queue
[2021-08-07 19:23:19,525] {logging_mixin.py:104} INFO - [2021-08-07 19:23:19,525] {dagbag.py:496} INFO - Filling up the DagBag from /home/airflow/.local/lib/python3.6/site-packages/airflow/example_dags/example_kubernetes_executor_config.py
[2021-08-07 19:23:19,539] {scheduler_job.py:643} INFO - DAG(s) dict_keys(['example_kubernetes_executor_config']) retrieved from /home/airflow/.local/lib/python3.6/site-packages/airflow/example_dags/example_kubernetes_executor_config.py
[2021-08-07 19:23:19,563] {logging_mixin.py:104} INFO - [2021-08-07 19:23:19,563] {dag.py:1833} INFO - Sync 1 DAGs
[2021-08-07 19:23:19,578] {logging_mixin.py:104} INFO - [2021-08-07 19:23:19,578] {dag.py:2306} INFO - Setting next_dagrun for example_kubernetes_executor_config to None
[2021-08-07 19:23:19,588] {scheduler_job.py:190} INFO - Processing /home/airflow/.local/lib/python3.6/site-packages/airflow/example_dags/example_kubernetes_executor_config.py took 0.067 seconds
[2021-08-07 19:23:50,481] {scheduler_job.py:182} INFO - Started process (PID=1183) to work on /home/airflow/.local/lib/python3.6/site-packages/airflow/example_dags/example_kubernetes_executor_config.py
[2021-08-07 19:23:50,482] {scheduler_job.py:633} INFO - Processing file /home/airflow/.local/lib/python3.6/site-packages/airflow/example_dags/example_kubernetes_executor_config.py for tasks to queue
[2021-08-07 19:23:50,483] {logging_mixin.py:104} INFO - [2021-08-07 19:23:50,483] {dagbag.py:496} INFO - Filling up the DagBag from /home/airflow/.local/lib/python3.6/site-packages/airflow/example_dags/example_kubernetes_executor_config.py
[2021-08-07 19:23:50,499] {scheduler_job.py:643} INFO - DAG(s) dict_keys(['example_kubernetes_executor_config']) retrieved from /home/airflow/.local/lib/python3.6/site-packages/airflow/example_dags/example_kubernetes_executor_config.py
[2021-08-07 19:23:50,519] {logging_mixin.py:104} INFO - [2021-08-07 19:23:50,519] {dag.py:1833} INFO - Sync 1 DAGs
[2021-08-07 19:23:50,532] {logging_mixin.py:104} INFO - [2021-08-07 19:23:50,532] {dag.py:2306} INFO - Setting next_dagrun for example_kubernetes_executor_config to None
[2021-08-07 19:23:50,541] {scheduler_job.py:190} INFO - Processing /home/airflow/.local/lib/python3.6/site-packages/airflow/example_dags/example_kubernetes_executor_config.py took 0.063 seconds
[2021-08-07 19:24:21,276] {scheduler_job.py:182} INFO - Started process (PID=1244) to work on /home/airflow/.local/lib/python3.6/site-packages/airflow/example_dags/example_kubernetes_executor_config.py
[2021-08-07 19:24:21,277] {scheduler_job.py:633} INFO - Processing file /home/airflow/.local/lib/python3.6/site-packages/airflow/example_dags/example_kubernetes_executor_config.py for tasks to queue
[2021-08-07 19:24:21,277] {logging_mixin.py:104} INFO - [2021-08-07 19:24:21,277] {dagbag.py:496} INFO - Filling up the DagBag from /home/airflow/.local/lib/python3.6/site-packages/airflow/example_dags/example_kubernetes_executor_config.py
[2021-08-07 19:24:21,289] {scheduler_job.py:643} INFO - DAG(s) dict_keys(['example_kubernetes_executor_config']) retrieved from /home/airflow/.local/lib/python3.6/site-packages/airflow/example_dags/example_kubernetes_executor_config.py
[2021-08-07 19:24:21,310] {logging_mixin.py:104} INFO - [2021-08-07 19:24:21,310] {dag.py:1833} INFO - Sync 1 DAGs
[2021-08-07 19:24:21,328] {logging_mixin.py:104} INFO - [2021-08-07 19:24:21,328] {dag.py:2306} INFO - Setting next_dagrun for example_kubernetes_executor_config to None
[2021-08-07 19:24:21,338] {scheduler_job.py:190} INFO - Processing /home/airflow/.local/lib/python3.6/site-packages/airflow/example_dags/example_kubernetes_executor_config.py took 0.064 seconds
[2021-08-07 19:24:51,988] {scheduler_job.py:182} INFO - Started process (PID=1300) to work on /home/airflow/.local/lib/python3.6/site-packages/airflow/example_dags/example_kubernetes_executor_config.py
[2021-08-07 19:24:51,989] {scheduler_job.py:633} INFO - Processing file /home/airflow/.local/lib/python3.6/site-packages/airflow/example_dags/example_kubernetes_executor_config.py for tasks to queue
[2021-08-07 19:24:51,989] {logging_mixin.py:104} INFO - [2021-08-07 19:24:51,989] {dagbag.py:496} INFO - Filling up the DagBag from /home/airflow/.local/lib/python3.6/site-packages/airflow/example_dags/example_kubernetes_executor_config.py
[2021-08-07 19:24:52,002] {scheduler_job.py:643} INFO - DAG(s) dict_keys(['example_kubernetes_executor_config']) retrieved from /home/airflow/.local/lib/python3.6/site-packages/airflow/example_dags/example_kubernetes_executor_config.py
[2021-08-07 19:24:52,021] {logging_mixin.py:104} INFO - [2021-08-07 19:24:52,021] {dag.py:1833} INFO - Sync 1 DAGs
[2021-08-07 19:24:52,034] {logging_mixin.py:104} INFO - [2021-08-07 19:24:52,034] {dag.py:2306} INFO - Setting next_dagrun for example_kubernetes_executor_config to None
[2021-08-07 19:24:52,042] {scheduler_job.py:190} INFO - Processing /home/airflow/.local/lib/python3.6/site-packages/airflow/example_dags/example_kubernetes_executor_config.py took 0.057 seconds
