[2021-08-07 19:15:55,308] {scheduler_job.py:182} INFO - Started process (PID=155) to work on /home/airflow/.local/lib/python3.6/site-packages/airflow/example_dags/example_branch_datetime_operator.py
[2021-08-07 19:15:55,318] {scheduler_job.py:633} INFO - Processing file /home/airflow/.local/lib/python3.6/site-packages/airflow/example_dags/example_branch_datetime_operator.py for tasks to queue
[2021-08-07 19:15:55,321] {logging_mixin.py:104} INFO - [2021-08-07 19:15:55,320] {dagbag.py:496} INFO - Filling up the DagBag from /home/airflow/.local/lib/python3.6/site-packages/airflow/example_dags/example_branch_datetime_operator.py
[2021-08-07 19:15:55,356] {scheduler_job.py:643} INFO - DAG(s) dict_keys(['example_branch_datetime_operator_2']) retrieved from /home/airflow/.local/lib/python3.6/site-packages/airflow/example_dags/example_branch_datetime_operator.py
[2021-08-07 19:15:58,712] {logging_mixin.py:104} INFO - [2021-08-07 19:15:58,710] {dag.py:1833} INFO - Sync 1 DAGs
[2021-08-07 19:15:58,729] {logging_mixin.py:104} INFO - [2021-08-07 19:15:58,727] {dag.py:1852} INFO - Creating ORM DAG for example_branch_datetime_operator_2
[2021-08-07 19:15:58,744] {logging_mixin.py:104} INFO - [2021-08-07 19:15:58,743] {dag.py:2306} INFO - Setting next_dagrun for example_branch_datetime_operator_2 to 2021-08-05 00:00:00+00:00
[2021-08-07 19:15:58,767] {scheduler_job.py:190} INFO - Processing /home/airflow/.local/lib/python3.6/site-packages/airflow/example_dags/example_branch_datetime_operator.py took 3.468 seconds
[2021-08-07 19:16:28,915] {scheduler_job.py:182} INFO - Started process (PID=363) to work on /home/airflow/.local/lib/python3.6/site-packages/airflow/example_dags/example_branch_datetime_operator.py
[2021-08-07 19:16:28,916] {scheduler_job.py:633} INFO - Processing file /home/airflow/.local/lib/python3.6/site-packages/airflow/example_dags/example_branch_datetime_operator.py for tasks to queue
[2021-08-07 19:16:28,917] {logging_mixin.py:104} INFO - [2021-08-07 19:16:28,917] {dagbag.py:496} INFO - Filling up the DagBag from /home/airflow/.local/lib/python3.6/site-packages/airflow/example_dags/example_branch_datetime_operator.py
[2021-08-07 19:16:28,940] {scheduler_job.py:643} INFO - DAG(s) dict_keys(['example_branch_datetime_operator_2']) retrieved from /home/airflow/.local/lib/python3.6/site-packages/airflow/example_dags/example_branch_datetime_operator.py
[2021-08-07 19:16:28,965] {logging_mixin.py:104} INFO - [2021-08-07 19:16:28,965] {dag.py:1833} INFO - Sync 1 DAGs
[2021-08-07 19:16:28,991] {logging_mixin.py:104} INFO - [2021-08-07 19:16:28,991] {dag.py:2306} INFO - Setting next_dagrun for example_branch_datetime_operator_2 to 2021-08-05 00:00:00+00:00
[2021-08-07 19:16:29,004] {scheduler_job.py:190} INFO - Processing /home/airflow/.local/lib/python3.6/site-packages/airflow/example_dags/example_branch_datetime_operator.py took 0.092 seconds
[2021-08-07 19:16:59,318] {scheduler_job.py:182} INFO - Started process (PID=419) to work on /home/airflow/.local/lib/python3.6/site-packages/airflow/example_dags/example_branch_datetime_operator.py
[2021-08-07 19:16:59,320] {scheduler_job.py:633} INFO - Processing file /home/airflow/.local/lib/python3.6/site-packages/airflow/example_dags/example_branch_datetime_operator.py for tasks to queue
[2021-08-07 19:16:59,321] {logging_mixin.py:104} INFO - [2021-08-07 19:16:59,321] {dagbag.py:496} INFO - Filling up the DagBag from /home/airflow/.local/lib/python3.6/site-packages/airflow/example_dags/example_branch_datetime_operator.py
[2021-08-07 19:16:59,343] {scheduler_job.py:643} INFO - DAG(s) dict_keys(['example_branch_datetime_operator_2']) retrieved from /home/airflow/.local/lib/python3.6/site-packages/airflow/example_dags/example_branch_datetime_operator.py
[2021-08-07 19:16:59,370] {logging_mixin.py:104} INFO - [2021-08-07 19:16:59,370] {dag.py:1833} INFO - Sync 1 DAGs
[2021-08-07 19:16:59,396] {logging_mixin.py:104} INFO - [2021-08-07 19:16:59,396] {dag.py:2306} INFO - Setting next_dagrun for example_branch_datetime_operator_2 to 2021-08-05 00:00:00+00:00
[2021-08-07 19:16:59,408] {scheduler_job.py:190} INFO - Processing /home/airflow/.local/lib/python3.6/site-packages/airflow/example_dags/example_branch_datetime_operator.py took 0.094 seconds
[2021-08-07 19:17:31,420] {scheduler_job.py:182} INFO - Started process (PID=485) to work on /home/airflow/.local/lib/python3.6/site-packages/airflow/example_dags/example_branch_datetime_operator.py
[2021-08-07 19:17:31,423] {scheduler_job.py:633} INFO - Processing file /home/airflow/.local/lib/python3.6/site-packages/airflow/example_dags/example_branch_datetime_operator.py for tasks to queue
[2021-08-07 19:17:31,424] {logging_mixin.py:104} INFO - [2021-08-07 19:17:31,424] {dagbag.py:496} INFO - Filling up the DagBag from /home/airflow/.local/lib/python3.6/site-packages/airflow/example_dags/example_branch_datetime_operator.py
[2021-08-07 19:17:31,480] {scheduler_job.py:643} INFO - DAG(s) dict_keys(['example_branch_datetime_operator_2']) retrieved from /home/airflow/.local/lib/python3.6/site-packages/airflow/example_dags/example_branch_datetime_operator.py
[2021-08-07 19:17:31,543] {logging_mixin.py:104} INFO - [2021-08-07 19:17:31,543] {dag.py:1833} INFO - Sync 1 DAGs
[2021-08-07 19:17:31,585] {logging_mixin.py:104} INFO - [2021-08-07 19:17:31,585] {dag.py:2306} INFO - Setting next_dagrun for example_branch_datetime_operator_2 to 2021-08-05 00:00:00+00:00
[2021-08-07 19:17:31,609] {scheduler_job.py:190} INFO - Processing /home/airflow/.local/lib/python3.6/site-packages/airflow/example_dags/example_branch_datetime_operator.py took 0.201 seconds
[2021-08-07 19:18:02,283] {scheduler_job.py:182} INFO - Started process (PID=538) to work on /home/airflow/.local/lib/python3.6/site-packages/airflow/example_dags/example_branch_datetime_operator.py
[2021-08-07 19:18:02,289] {scheduler_job.py:633} INFO - Processing file /home/airflow/.local/lib/python3.6/site-packages/airflow/example_dags/example_branch_datetime_operator.py for tasks to queue
[2021-08-07 19:18:02,290] {logging_mixin.py:104} INFO - [2021-08-07 19:18:02,290] {dagbag.py:496} INFO - Filling up the DagBag from /home/airflow/.local/lib/python3.6/site-packages/airflow/example_dags/example_branch_datetime_operator.py
[2021-08-07 19:18:02,304] {scheduler_job.py:643} INFO - DAG(s) dict_keys(['example_branch_datetime_operator_2']) retrieved from /home/airflow/.local/lib/python3.6/site-packages/airflow/example_dags/example_branch_datetime_operator.py
[2021-08-07 19:18:02,337] {logging_mixin.py:104} INFO - [2021-08-07 19:18:02,337] {dag.py:1833} INFO - Sync 1 DAGs
[2021-08-07 19:18:02,363] {logging_mixin.py:104} INFO - [2021-08-07 19:18:02,363] {dag.py:2306} INFO - Setting next_dagrun for example_branch_datetime_operator_2 to 2021-08-05 00:00:00+00:00
[2021-08-07 19:18:02,374] {scheduler_job.py:190} INFO - Processing /home/airflow/.local/lib/python3.6/site-packages/airflow/example_dags/example_branch_datetime_operator.py took 0.094 seconds
[2021-08-07 19:18:32,851] {scheduler_job.py:182} INFO - Started process (PID=602) to work on /home/airflow/.local/lib/python3.6/site-packages/airflow/example_dags/example_branch_datetime_operator.py
[2021-08-07 19:18:32,852] {scheduler_job.py:633} INFO - Processing file /home/airflow/.local/lib/python3.6/site-packages/airflow/example_dags/example_branch_datetime_operator.py for tasks to queue
[2021-08-07 19:18:32,853] {logging_mixin.py:104} INFO - [2021-08-07 19:18:32,853] {dagbag.py:496} INFO - Filling up the DagBag from /home/airflow/.local/lib/python3.6/site-packages/airflow/example_dags/example_branch_datetime_operator.py
[2021-08-07 19:18:32,870] {scheduler_job.py:643} INFO - DAG(s) dict_keys(['example_branch_datetime_operator_2']) retrieved from /home/airflow/.local/lib/python3.6/site-packages/airflow/example_dags/example_branch_datetime_operator.py
[2021-08-07 19:18:32,902] {logging_mixin.py:104} INFO - [2021-08-07 19:18:32,902] {dag.py:1833} INFO - Sync 1 DAGs
[2021-08-07 19:18:32,946] {logging_mixin.py:104} INFO - [2021-08-07 19:18:32,946] {dag.py:2306} INFO - Setting next_dagrun for example_branch_datetime_operator_2 to 2021-08-05 00:00:00+00:00
[2021-08-07 19:18:32,960] {scheduler_job.py:190} INFO - Processing /home/airflow/.local/lib/python3.6/site-packages/airflow/example_dags/example_branch_datetime_operator.py took 0.113 seconds
[2021-08-07 19:19:03,034] {scheduler_job.py:182} INFO - Started process (PID=657) to work on /home/airflow/.local/lib/python3.6/site-packages/airflow/example_dags/example_branch_datetime_operator.py
[2021-08-07 19:19:03,036] {scheduler_job.py:633} INFO - Processing file /home/airflow/.local/lib/python3.6/site-packages/airflow/example_dags/example_branch_datetime_operator.py for tasks to queue
[2021-08-07 19:19:03,037] {logging_mixin.py:104} INFO - [2021-08-07 19:19:03,037] {dagbag.py:496} INFO - Filling up the DagBag from /home/airflow/.local/lib/python3.6/site-packages/airflow/example_dags/example_branch_datetime_operator.py
[2021-08-07 19:19:03,053] {scheduler_job.py:643} INFO - DAG(s) dict_keys(['example_branch_datetime_operator_2']) retrieved from /home/airflow/.local/lib/python3.6/site-packages/airflow/example_dags/example_branch_datetime_operator.py
[2021-08-07 19:19:03,079] {logging_mixin.py:104} INFO - [2021-08-07 19:19:03,079] {dag.py:1833} INFO - Sync 1 DAGs
[2021-08-07 19:19:03,117] {logging_mixin.py:104} INFO - [2021-08-07 19:19:03,117] {dag.py:2306} INFO - Setting next_dagrun for example_branch_datetime_operator_2 to 2021-08-05 00:00:00+00:00
[2021-08-07 19:19:03,132] {scheduler_job.py:190} INFO - Processing /home/airflow/.local/lib/python3.6/site-packages/airflow/example_dags/example_branch_datetime_operator.py took 0.101 seconds
[2021-08-07 19:19:33,334] {scheduler_job.py:182} INFO - Started process (PID=719) to work on /home/airflow/.local/lib/python3.6/site-packages/airflow/example_dags/example_branch_datetime_operator.py
[2021-08-07 19:19:33,335] {scheduler_job.py:633} INFO - Processing file /home/airflow/.local/lib/python3.6/site-packages/airflow/example_dags/example_branch_datetime_operator.py for tasks to queue
[2021-08-07 19:19:33,336] {logging_mixin.py:104} INFO - [2021-08-07 19:19:33,335] {dagbag.py:496} INFO - Filling up the DagBag from /home/airflow/.local/lib/python3.6/site-packages/airflow/example_dags/example_branch_datetime_operator.py
[2021-08-07 19:19:33,354] {scheduler_job.py:643} INFO - DAG(s) dict_keys(['example_branch_datetime_operator_2']) retrieved from /home/airflow/.local/lib/python3.6/site-packages/airflow/example_dags/example_branch_datetime_operator.py
[2021-08-07 19:19:33,390] {logging_mixin.py:104} INFO - [2021-08-07 19:19:33,390] {dag.py:1833} INFO - Sync 1 DAGs
[2021-08-07 19:19:33,426] {logging_mixin.py:104} INFO - [2021-08-07 19:19:33,425] {dag.py:2306} INFO - Setting next_dagrun for example_branch_datetime_operator_2 to 2021-08-05 00:00:00+00:00
[2021-08-07 19:19:33,441] {scheduler_job.py:190} INFO - Processing /home/airflow/.local/lib/python3.6/site-packages/airflow/example_dags/example_branch_datetime_operator.py took 0.112 seconds
[2021-08-07 19:20:03,505] {scheduler_job.py:182} INFO - Started process (PID=775) to work on /home/airflow/.local/lib/python3.6/site-packages/airflow/example_dags/example_branch_datetime_operator.py
[2021-08-07 19:20:03,506] {scheduler_job.py:633} INFO - Processing file /home/airflow/.local/lib/python3.6/site-packages/airflow/example_dags/example_branch_datetime_operator.py for tasks to queue
[2021-08-07 19:20:03,507] {logging_mixin.py:104} INFO - [2021-08-07 19:20:03,506] {dagbag.py:496} INFO - Filling up the DagBag from /home/airflow/.local/lib/python3.6/site-packages/airflow/example_dags/example_branch_datetime_operator.py
[2021-08-07 19:20:03,523] {scheduler_job.py:643} INFO - DAG(s) dict_keys(['example_branch_datetime_operator_2']) retrieved from /home/airflow/.local/lib/python3.6/site-packages/airflow/example_dags/example_branch_datetime_operator.py
[2021-08-07 19:20:03,551] {logging_mixin.py:104} INFO - [2021-08-07 19:20:03,551] {dag.py:1833} INFO - Sync 1 DAGs
[2021-08-07 19:20:03,579] {logging_mixin.py:104} INFO - [2021-08-07 19:20:03,578] {dag.py:2306} INFO - Setting next_dagrun for example_branch_datetime_operator_2 to 2021-08-05 00:00:00+00:00
[2021-08-07 19:20:03,594] {scheduler_job.py:190} INFO - Processing /home/airflow/.local/lib/python3.6/site-packages/airflow/example_dags/example_branch_datetime_operator.py took 0.092 seconds
[2021-08-07 19:20:33,671] {scheduler_job.py:182} INFO - Started process (PID=829) to work on /home/airflow/.local/lib/python3.6/site-packages/airflow/example_dags/example_branch_datetime_operator.py
[2021-08-07 19:20:33,672] {scheduler_job.py:633} INFO - Processing file /home/airflow/.local/lib/python3.6/site-packages/airflow/example_dags/example_branch_datetime_operator.py for tasks to queue
[2021-08-07 19:20:33,673] {logging_mixin.py:104} INFO - [2021-08-07 19:20:33,673] {dagbag.py:496} INFO - Filling up the DagBag from /home/airflow/.local/lib/python3.6/site-packages/airflow/example_dags/example_branch_datetime_operator.py
[2021-08-07 19:20:33,691] {scheduler_job.py:643} INFO - DAG(s) dict_keys(['example_branch_datetime_operator_2']) retrieved from /home/airflow/.local/lib/python3.6/site-packages/airflow/example_dags/example_branch_datetime_operator.py
[2021-08-07 19:20:33,715] {logging_mixin.py:104} INFO - [2021-08-07 19:20:33,715] {dag.py:1833} INFO - Sync 1 DAGs
[2021-08-07 19:20:33,738] {logging_mixin.py:104} INFO - [2021-08-07 19:20:33,738] {dag.py:2306} INFO - Setting next_dagrun for example_branch_datetime_operator_2 to 2021-08-05 00:00:00+00:00
[2021-08-07 19:20:33,750] {scheduler_job.py:190} INFO - Processing /home/airflow/.local/lib/python3.6/site-packages/airflow/example_dags/example_branch_datetime_operator.py took 0.083 seconds
[2021-08-07 19:21:03,882] {scheduler_job.py:182} INFO - Started process (PID=892) to work on /home/airflow/.local/lib/python3.6/site-packages/airflow/example_dags/example_branch_datetime_operator.py
[2021-08-07 19:21:03,885] {scheduler_job.py:633} INFO - Processing file /home/airflow/.local/lib/python3.6/site-packages/airflow/example_dags/example_branch_datetime_operator.py for tasks to queue
[2021-08-07 19:21:03,886] {logging_mixin.py:104} INFO - [2021-08-07 19:21:03,886] {dagbag.py:496} INFO - Filling up the DagBag from /home/airflow/.local/lib/python3.6/site-packages/airflow/example_dags/example_branch_datetime_operator.py
[2021-08-07 19:21:03,906] {scheduler_job.py:643} INFO - DAG(s) dict_keys(['example_branch_datetime_operator_2']) retrieved from /home/airflow/.local/lib/python3.6/site-packages/airflow/example_dags/example_branch_datetime_operator.py
[2021-08-07 19:21:03,937] {logging_mixin.py:104} INFO - [2021-08-07 19:21:03,937] {dag.py:1833} INFO - Sync 1 DAGs
[2021-08-07 19:21:03,963] {logging_mixin.py:104} INFO - [2021-08-07 19:21:03,963] {dag.py:2306} INFO - Setting next_dagrun for example_branch_datetime_operator_2 to 2021-08-05 00:00:00+00:00
[2021-08-07 19:21:03,975] {scheduler_job.py:190} INFO - Processing /home/airflow/.local/lib/python3.6/site-packages/airflow/example_dags/example_branch_datetime_operator.py took 0.096 seconds
[2021-08-07 19:21:34,693] {scheduler_job.py:182} INFO - Started process (PID=944) to work on /home/airflow/.local/lib/python3.6/site-packages/airflow/example_dags/example_branch_datetime_operator.py
[2021-08-07 19:21:34,694] {scheduler_job.py:633} INFO - Processing file /home/airflow/.local/lib/python3.6/site-packages/airflow/example_dags/example_branch_datetime_operator.py for tasks to queue
[2021-08-07 19:21:34,695] {logging_mixin.py:104} INFO - [2021-08-07 19:21:34,694] {dagbag.py:496} INFO - Filling up the DagBag from /home/airflow/.local/lib/python3.6/site-packages/airflow/example_dags/example_branch_datetime_operator.py
[2021-08-07 19:21:34,711] {scheduler_job.py:643} INFO - DAG(s) dict_keys(['example_branch_datetime_operator_2']) retrieved from /home/airflow/.local/lib/python3.6/site-packages/airflow/example_dags/example_branch_datetime_operator.py
[2021-08-07 19:21:34,740] {logging_mixin.py:104} INFO - [2021-08-07 19:21:34,740] {dag.py:1833} INFO - Sync 1 DAGs
[2021-08-07 19:21:34,770] {logging_mixin.py:104} INFO - [2021-08-07 19:21:34,769] {dag.py:2306} INFO - Setting next_dagrun for example_branch_datetime_operator_2 to 2021-08-05 00:00:00+00:00
[2021-08-07 19:21:34,782] {scheduler_job.py:190} INFO - Processing /home/airflow/.local/lib/python3.6/site-packages/airflow/example_dags/example_branch_datetime_operator.py took 0.093 seconds
[2021-08-07 19:22:04,912] {scheduler_job.py:182} INFO - Started process (PID=1007) to work on /home/airflow/.local/lib/python3.6/site-packages/airflow/example_dags/example_branch_datetime_operator.py
[2021-08-07 19:22:04,914] {scheduler_job.py:633} INFO - Processing file /home/airflow/.local/lib/python3.6/site-packages/airflow/example_dags/example_branch_datetime_operator.py for tasks to queue
[2021-08-07 19:22:04,914] {logging_mixin.py:104} INFO - [2021-08-07 19:22:04,914] {dagbag.py:496} INFO - Filling up the DagBag from /home/airflow/.local/lib/python3.6/site-packages/airflow/example_dags/example_branch_datetime_operator.py
[2021-08-07 19:22:04,929] {scheduler_job.py:643} INFO - DAG(s) dict_keys(['example_branch_datetime_operator_2']) retrieved from /home/airflow/.local/lib/python3.6/site-packages/airflow/example_dags/example_branch_datetime_operator.py
[2021-08-07 19:22:04,952] {logging_mixin.py:104} INFO - [2021-08-07 19:22:04,952] {dag.py:1833} INFO - Sync 1 DAGs
[2021-08-07 19:22:04,973] {logging_mixin.py:104} INFO - [2021-08-07 19:22:04,973] {dag.py:2306} INFO - Setting next_dagrun for example_branch_datetime_operator_2 to 2021-08-05 00:00:00+00:00
[2021-08-07 19:22:04,984] {scheduler_job.py:190} INFO - Processing /home/airflow/.local/lib/python3.6/site-packages/airflow/example_dags/example_branch_datetime_operator.py took 0.076 seconds
[2021-08-07 19:22:47,857] {scheduler_job.py:182} INFO - Started process (PID=1043) to work on /home/airflow/.local/lib/python3.6/site-packages/airflow/example_dags/example_branch_datetime_operator.py
[2021-08-07 19:22:47,858] {scheduler_job.py:633} INFO - Processing file /home/airflow/.local/lib/python3.6/site-packages/airflow/example_dags/example_branch_datetime_operator.py for tasks to queue
[2021-08-07 19:22:47,859] {logging_mixin.py:104} INFO - [2021-08-07 19:22:47,859] {dagbag.py:496} INFO - Filling up the DagBag from /home/airflow/.local/lib/python3.6/site-packages/airflow/example_dags/example_branch_datetime_operator.py
[2021-08-07 19:22:47,870] {scheduler_job.py:643} INFO - DAG(s) dict_keys(['example_branch_datetime_operator_2']) retrieved from /home/airflow/.local/lib/python3.6/site-packages/airflow/example_dags/example_branch_datetime_operator.py
[2021-08-07 19:22:47,891] {logging_mixin.py:104} INFO - [2021-08-07 19:22:47,891] {dag.py:1833} INFO - Sync 1 DAGs
[2021-08-07 19:22:47,912] {logging_mixin.py:104} INFO - [2021-08-07 19:22:47,912] {dag.py:2306} INFO - Setting next_dagrun for example_branch_datetime_operator_2 to 2021-08-05 00:00:00+00:00
[2021-08-07 19:22:47,922] {scheduler_job.py:190} INFO - Processing /home/airflow/.local/lib/python3.6/site-packages/airflow/example_dags/example_branch_datetime_operator.py took 0.069 seconds
[2021-08-07 19:23:18,319] {scheduler_job.py:182} INFO - Started process (PID=1107) to work on /home/airflow/.local/lib/python3.6/site-packages/airflow/example_dags/example_branch_datetime_operator.py
[2021-08-07 19:23:18,320] {scheduler_job.py:633} INFO - Processing file /home/airflow/.local/lib/python3.6/site-packages/airflow/example_dags/example_branch_datetime_operator.py for tasks to queue
[2021-08-07 19:23:18,320] {logging_mixin.py:104} INFO - [2021-08-07 19:23:18,320] {dagbag.py:496} INFO - Filling up the DagBag from /home/airflow/.local/lib/python3.6/site-packages/airflow/example_dags/example_branch_datetime_operator.py
[2021-08-07 19:23:18,333] {scheduler_job.py:643} INFO - DAG(s) dict_keys(['example_branch_datetime_operator_2']) retrieved from /home/airflow/.local/lib/python3.6/site-packages/airflow/example_dags/example_branch_datetime_operator.py
[2021-08-07 19:23:18,356] {logging_mixin.py:104} INFO - [2021-08-07 19:23:18,356] {dag.py:1833} INFO - Sync 1 DAGs
[2021-08-07 19:23:18,377] {logging_mixin.py:104} INFO - [2021-08-07 19:23:18,377] {dag.py:2306} INFO - Setting next_dagrun for example_branch_datetime_operator_2 to 2021-08-05 00:00:00+00:00
[2021-08-07 19:23:18,388] {scheduler_job.py:190} INFO - Processing /home/airflow/.local/lib/python3.6/site-packages/airflow/example_dags/example_branch_datetime_operator.py took 0.072 seconds
[2021-08-07 19:23:48,580] {scheduler_job.py:182} INFO - Started process (PID=1168) to work on /home/airflow/.local/lib/python3.6/site-packages/airflow/example_dags/example_branch_datetime_operator.py
[2021-08-07 19:23:48,581] {scheduler_job.py:633} INFO - Processing file /home/airflow/.local/lib/python3.6/site-packages/airflow/example_dags/example_branch_datetime_operator.py for tasks to queue
[2021-08-07 19:23:48,582] {logging_mixin.py:104} INFO - [2021-08-07 19:23:48,582] {dagbag.py:496} INFO - Filling up the DagBag from /home/airflow/.local/lib/python3.6/site-packages/airflow/example_dags/example_branch_datetime_operator.py
[2021-08-07 19:23:48,594] {scheduler_job.py:643} INFO - DAG(s) dict_keys(['example_branch_datetime_operator_2']) retrieved from /home/airflow/.local/lib/python3.6/site-packages/airflow/example_dags/example_branch_datetime_operator.py
[2021-08-07 19:23:48,613] {logging_mixin.py:104} INFO - [2021-08-07 19:23:48,613] {dag.py:1833} INFO - Sync 1 DAGs
[2021-08-07 19:23:48,627] {logging_mixin.py:104} INFO - [2021-08-07 19:23:48,627] {dag.py:2306} INFO - Setting next_dagrun for example_branch_datetime_operator_2 to 2021-08-05 00:00:00+00:00
[2021-08-07 19:23:48,635] {scheduler_job.py:190} INFO - Processing /home/airflow/.local/lib/python3.6/site-packages/airflow/example_dags/example_branch_datetime_operator.py took 0.057 seconds
[2021-08-07 19:24:19,382] {scheduler_job.py:182} INFO - Started process (PID=1221) to work on /home/airflow/.local/lib/python3.6/site-packages/airflow/example_dags/example_branch_datetime_operator.py
[2021-08-07 19:24:19,382] {scheduler_job.py:633} INFO - Processing file /home/airflow/.local/lib/python3.6/site-packages/airflow/example_dags/example_branch_datetime_operator.py for tasks to queue
[2021-08-07 19:24:19,383] {logging_mixin.py:104} INFO - [2021-08-07 19:24:19,383] {dagbag.py:496} INFO - Filling up the DagBag from /home/airflow/.local/lib/python3.6/site-packages/airflow/example_dags/example_branch_datetime_operator.py
[2021-08-07 19:24:19,395] {scheduler_job.py:643} INFO - DAG(s) dict_keys(['example_branch_datetime_operator_2']) retrieved from /home/airflow/.local/lib/python3.6/site-packages/airflow/example_dags/example_branch_datetime_operator.py
[2021-08-07 19:24:19,412] {logging_mixin.py:104} INFO - [2021-08-07 19:24:19,411] {dag.py:1833} INFO - Sync 1 DAGs
[2021-08-07 19:24:19,428] {logging_mixin.py:104} INFO - [2021-08-07 19:24:19,428] {dag.py:2306} INFO - Setting next_dagrun for example_branch_datetime_operator_2 to 2021-08-05 00:00:00+00:00
[2021-08-07 19:24:19,436] {scheduler_job.py:190} INFO - Processing /home/airflow/.local/lib/python3.6/site-packages/airflow/example_dags/example_branch_datetime_operator.py took 0.057 seconds
[2021-08-07 19:24:50,150] {scheduler_job.py:182} INFO - Started process (PID=1285) to work on /home/airflow/.local/lib/python3.6/site-packages/airflow/example_dags/example_branch_datetime_operator.py
[2021-08-07 19:24:50,151] {scheduler_job.py:633} INFO - Processing file /home/airflow/.local/lib/python3.6/site-packages/airflow/example_dags/example_branch_datetime_operator.py for tasks to queue
[2021-08-07 19:24:50,151] {logging_mixin.py:104} INFO - [2021-08-07 19:24:50,151] {dagbag.py:496} INFO - Filling up the DagBag from /home/airflow/.local/lib/python3.6/site-packages/airflow/example_dags/example_branch_datetime_operator.py
[2021-08-07 19:24:50,163] {scheduler_job.py:643} INFO - DAG(s) dict_keys(['example_branch_datetime_operator_2']) retrieved from /home/airflow/.local/lib/python3.6/site-packages/airflow/example_dags/example_branch_datetime_operator.py
[2021-08-07 19:24:50,180] {logging_mixin.py:104} INFO - [2021-08-07 19:24:50,180] {dag.py:1833} INFO - Sync 1 DAGs
[2021-08-07 19:24:50,197] {logging_mixin.py:104} INFO - [2021-08-07 19:24:50,197] {dag.py:2306} INFO - Setting next_dagrun for example_branch_datetime_operator_2 to 2021-08-05 00:00:00+00:00
[2021-08-07 19:24:50,205] {scheduler_job.py:190} INFO - Processing /home/airflow/.local/lib/python3.6/site-packages/airflow/example_dags/example_branch_datetime_operator.py took 0.058 seconds
