[2021-08-07 19:16:20,675] {scheduler_job.py:182} INFO - Started process (PID=309) to work on /home/airflow/.local/lib/python3.6/site-packages/airflow/example_dags/tutorial.py
[2021-08-07 19:16:20,676] {scheduler_job.py:633} INFO - Processing file /home/airflow/.local/lib/python3.6/site-packages/airflow/example_dags/tutorial.py for tasks to queue
[2021-08-07 19:16:20,676] {logging_mixin.py:104} INFO - [2021-08-07 19:16:20,676] {dagbag.py:496} INFO - Filling up the DagBag from /home/airflow/.local/lib/python3.6/site-packages/airflow/example_dags/tutorial.py
[2021-08-07 19:16:20,692] {scheduler_job.py:643} INFO - DAG(s) dict_keys(['tutorial']) retrieved from /home/airflow/.local/lib/python3.6/site-packages/airflow/example_dags/tutorial.py
[2021-08-07 19:16:24,486] {logging_mixin.py:104} INFO - [2021-08-07 19:16:24,484] {dag.py:1833} INFO - Sync 1 DAGs
[2021-08-07 19:16:24,505] {logging_mixin.py:104} INFO - [2021-08-07 19:16:24,503] {dag.py:1852} INFO - Creating ORM DAG for tutorial
[2021-08-07 19:16:24,516] {logging_mixin.py:104} INFO - [2021-08-07 19:16:24,516] {dag.py:2306} INFO - Setting next_dagrun for tutorial to 2021-08-05 00:00:00+00:00
[2021-08-07 19:16:24,537] {scheduler_job.py:190} INFO - Processing /home/airflow/.local/lib/python3.6/site-packages/airflow/example_dags/tutorial.py took 3.865 seconds
[2021-08-07 19:16:54,867] {scheduler_job.py:182} INFO - Started process (PID=400) to work on /home/airflow/.local/lib/python3.6/site-packages/airflow/example_dags/tutorial.py
[2021-08-07 19:16:54,868] {scheduler_job.py:633} INFO - Processing file /home/airflow/.local/lib/python3.6/site-packages/airflow/example_dags/tutorial.py for tasks to queue
[2021-08-07 19:16:54,869] {logging_mixin.py:104} INFO - [2021-08-07 19:16:54,868] {dagbag.py:496} INFO - Filling up the DagBag from /home/airflow/.local/lib/python3.6/site-packages/airflow/example_dags/tutorial.py
[2021-08-07 19:16:54,882] {scheduler_job.py:643} INFO - DAG(s) dict_keys(['tutorial']) retrieved from /home/airflow/.local/lib/python3.6/site-packages/airflow/example_dags/tutorial.py
[2021-08-07 19:16:54,900] {logging_mixin.py:104} INFO - [2021-08-07 19:16:54,900] {dag.py:1833} INFO - Sync 1 DAGs
[2021-08-07 19:16:54,913] {logging_mixin.py:104} INFO - [2021-08-07 19:16:54,913] {dag.py:2306} INFO - Setting next_dagrun for tutorial to 2021-08-05 00:00:00+00:00
[2021-08-07 19:16:54,922] {scheduler_job.py:190} INFO - Processing /home/airflow/.local/lib/python3.6/site-packages/airflow/example_dags/tutorial.py took 0.057 seconds
[2021-08-07 19:17:24,989] {scheduler_job.py:182} INFO - Started process (PID=456) to work on /home/airflow/.local/lib/python3.6/site-packages/airflow/example_dags/tutorial.py
[2021-08-07 19:17:24,991] {scheduler_job.py:633} INFO - Processing file /home/airflow/.local/lib/python3.6/site-packages/airflow/example_dags/tutorial.py for tasks to queue
[2021-08-07 19:17:24,992] {logging_mixin.py:104} INFO - [2021-08-07 19:17:24,992] {dagbag.py:496} INFO - Filling up the DagBag from /home/airflow/.local/lib/python3.6/site-packages/airflow/example_dags/tutorial.py
[2021-08-07 19:17:25,016] {scheduler_job.py:643} INFO - DAG(s) dict_keys(['tutorial']) retrieved from /home/airflow/.local/lib/python3.6/site-packages/airflow/example_dags/tutorial.py
[2021-08-07 19:17:25,039] {logging_mixin.py:104} INFO - [2021-08-07 19:17:25,038] {dag.py:1833} INFO - Sync 1 DAGs
[2021-08-07 19:17:25,063] {logging_mixin.py:104} INFO - [2021-08-07 19:17:25,063] {dag.py:2306} INFO - Setting next_dagrun for tutorial to 2021-08-05 00:00:00+00:00
[2021-08-07 19:17:25,072] {scheduler_job.py:190} INFO - Processing /home/airflow/.local/lib/python3.6/site-packages/airflow/example_dags/tutorial.py took 0.088 seconds
[2021-08-07 19:17:55,196] {scheduler_job.py:182} INFO - Started process (PID=509) to work on /home/airflow/.local/lib/python3.6/site-packages/airflow/example_dags/tutorial.py
[2021-08-07 19:17:55,202] {scheduler_job.py:633} INFO - Processing file /home/airflow/.local/lib/python3.6/site-packages/airflow/example_dags/tutorial.py for tasks to queue
[2021-08-07 19:17:55,203] {logging_mixin.py:104} INFO - [2021-08-07 19:17:55,203] {dagbag.py:496} INFO - Filling up the DagBag from /home/airflow/.local/lib/python3.6/site-packages/airflow/example_dags/tutorial.py
[2021-08-07 19:17:55,221] {scheduler_job.py:643} INFO - DAG(s) dict_keys(['tutorial']) retrieved from /home/airflow/.local/lib/python3.6/site-packages/airflow/example_dags/tutorial.py
[2021-08-07 19:17:55,243] {logging_mixin.py:104} INFO - [2021-08-07 19:17:55,243] {dag.py:1833} INFO - Sync 1 DAGs
[2021-08-07 19:17:55,265] {logging_mixin.py:104} INFO - [2021-08-07 19:17:55,264] {dag.py:2306} INFO - Setting next_dagrun for tutorial to 2021-08-05 00:00:00+00:00
[2021-08-07 19:17:55,277] {scheduler_job.py:190} INFO - Processing /home/airflow/.local/lib/python3.6/site-packages/airflow/example_dags/tutorial.py took 0.084 seconds
[2021-08-07 19:18:25,478] {scheduler_job.py:182} INFO - Started process (PID=573) to work on /home/airflow/.local/lib/python3.6/site-packages/airflow/example_dags/tutorial.py
[2021-08-07 19:18:25,479] {scheduler_job.py:633} INFO - Processing file /home/airflow/.local/lib/python3.6/site-packages/airflow/example_dags/tutorial.py for tasks to queue
[2021-08-07 19:18:25,480] {logging_mixin.py:104} INFO - [2021-08-07 19:18:25,480] {dagbag.py:496} INFO - Filling up the DagBag from /home/airflow/.local/lib/python3.6/site-packages/airflow/example_dags/tutorial.py
[2021-08-07 19:18:25,495] {scheduler_job.py:643} INFO - DAG(s) dict_keys(['tutorial']) retrieved from /home/airflow/.local/lib/python3.6/site-packages/airflow/example_dags/tutorial.py
[2021-08-07 19:18:25,515] {logging_mixin.py:104} INFO - [2021-08-07 19:18:25,515] {dag.py:1833} INFO - Sync 1 DAGs
[2021-08-07 19:18:25,541] {logging_mixin.py:104} INFO - [2021-08-07 19:18:25,540] {dag.py:2306} INFO - Setting next_dagrun for tutorial to 2021-08-05 00:00:00+00:00
[2021-08-07 19:18:25,552] {scheduler_job.py:190} INFO - Processing /home/airflow/.local/lib/python3.6/site-packages/airflow/example_dags/tutorial.py took 0.076 seconds
[2021-08-07 19:18:55,870] {scheduler_job.py:182} INFO - Started process (PID=627) to work on /home/airflow/.local/lib/python3.6/site-packages/airflow/example_dags/tutorial.py
[2021-08-07 19:18:55,871] {scheduler_job.py:633} INFO - Processing file /home/airflow/.local/lib/python3.6/site-packages/airflow/example_dags/tutorial.py for tasks to queue
[2021-08-07 19:18:55,872] {logging_mixin.py:104} INFO - [2021-08-07 19:18:55,872] {dagbag.py:496} INFO - Filling up the DagBag from /home/airflow/.local/lib/python3.6/site-packages/airflow/example_dags/tutorial.py
[2021-08-07 19:18:55,883] {scheduler_job.py:643} INFO - DAG(s) dict_keys(['tutorial']) retrieved from /home/airflow/.local/lib/python3.6/site-packages/airflow/example_dags/tutorial.py
[2021-08-07 19:18:55,900] {logging_mixin.py:104} INFO - [2021-08-07 19:18:55,900] {dag.py:1833} INFO - Sync 1 DAGs
[2021-08-07 19:18:55,914] {logging_mixin.py:104} INFO - [2021-08-07 19:18:55,914] {dag.py:2306} INFO - Setting next_dagrun for tutorial to 2021-08-05 00:00:00+00:00
[2021-08-07 19:18:55,923] {scheduler_job.py:190} INFO - Processing /home/airflow/.local/lib/python3.6/site-packages/airflow/example_dags/tutorial.py took 0.055 seconds
[2021-08-07 19:19:26,115] {scheduler_job.py:182} INFO - Started process (PID=691) to work on /home/airflow/.local/lib/python3.6/site-packages/airflow/example_dags/tutorial.py
[2021-08-07 19:19:26,116] {scheduler_job.py:633} INFO - Processing file /home/airflow/.local/lib/python3.6/site-packages/airflow/example_dags/tutorial.py for tasks to queue
[2021-08-07 19:19:26,116] {logging_mixin.py:104} INFO - [2021-08-07 19:19:26,116] {dagbag.py:496} INFO - Filling up the DagBag from /home/airflow/.local/lib/python3.6/site-packages/airflow/example_dags/tutorial.py
[2021-08-07 19:19:26,126] {scheduler_job.py:643} INFO - DAG(s) dict_keys(['tutorial']) retrieved from /home/airflow/.local/lib/python3.6/site-packages/airflow/example_dags/tutorial.py
[2021-08-07 19:19:26,151] {logging_mixin.py:104} INFO - [2021-08-07 19:19:26,150] {dag.py:1833} INFO - Sync 1 DAGs
[2021-08-07 19:19:26,170] {logging_mixin.py:104} INFO - [2021-08-07 19:19:26,170] {dag.py:2306} INFO - Setting next_dagrun for tutorial to 2021-08-05 00:00:00+00:00
[2021-08-07 19:19:26,183] {scheduler_job.py:190} INFO - Processing /home/airflow/.local/lib/python3.6/site-packages/airflow/example_dags/tutorial.py took 0.071 seconds
[2021-08-07 19:19:56,277] {scheduler_job.py:182} INFO - Started process (PID=748) to work on /home/airflow/.local/lib/python3.6/site-packages/airflow/example_dags/tutorial.py
[2021-08-07 19:19:56,278] {scheduler_job.py:633} INFO - Processing file /home/airflow/.local/lib/python3.6/site-packages/airflow/example_dags/tutorial.py for tasks to queue
[2021-08-07 19:19:56,278] {logging_mixin.py:104} INFO - [2021-08-07 19:19:56,278] {dagbag.py:496} INFO - Filling up the DagBag from /home/airflow/.local/lib/python3.6/site-packages/airflow/example_dags/tutorial.py
[2021-08-07 19:19:56,292] {scheduler_job.py:643} INFO - DAG(s) dict_keys(['tutorial']) retrieved from /home/airflow/.local/lib/python3.6/site-packages/airflow/example_dags/tutorial.py
[2021-08-07 19:19:56,313] {logging_mixin.py:104} INFO - [2021-08-07 19:19:56,312] {dag.py:1833} INFO - Sync 1 DAGs
[2021-08-07 19:19:56,331] {logging_mixin.py:104} INFO - [2021-08-07 19:19:56,331] {dag.py:2306} INFO - Setting next_dagrun for tutorial to 2021-08-05 00:00:00+00:00
[2021-08-07 19:19:56,342] {scheduler_job.py:190} INFO - Processing /home/airflow/.local/lib/python3.6/site-packages/airflow/example_dags/tutorial.py took 0.069 seconds
[2021-08-07 19:20:26,503] {scheduler_job.py:182} INFO - Started process (PID=812) to work on /home/airflow/.local/lib/python3.6/site-packages/airflow/example_dags/tutorial.py
[2021-08-07 19:20:26,505] {scheduler_job.py:633} INFO - Processing file /home/airflow/.local/lib/python3.6/site-packages/airflow/example_dags/tutorial.py for tasks to queue
[2021-08-07 19:20:26,506] {logging_mixin.py:104} INFO - [2021-08-07 19:20:26,506] {dagbag.py:496} INFO - Filling up the DagBag from /home/airflow/.local/lib/python3.6/site-packages/airflow/example_dags/tutorial.py
[2021-08-07 19:20:26,525] {scheduler_job.py:643} INFO - DAG(s) dict_keys(['tutorial']) retrieved from /home/airflow/.local/lib/python3.6/site-packages/airflow/example_dags/tutorial.py
[2021-08-07 19:20:26,555] {logging_mixin.py:104} INFO - [2021-08-07 19:20:26,555] {dag.py:1833} INFO - Sync 1 DAGs
[2021-08-07 19:20:26,579] {logging_mixin.py:104} INFO - [2021-08-07 19:20:26,579] {dag.py:2306} INFO - Setting next_dagrun for tutorial to 2021-08-05 00:00:00+00:00
[2021-08-07 19:20:26,595] {scheduler_job.py:190} INFO - Processing /home/airflow/.local/lib/python3.6/site-packages/airflow/example_dags/tutorial.py took 0.097 seconds
[2021-08-07 19:20:56,764] {scheduler_job.py:182} INFO - Started process (PID=865) to work on /home/airflow/.local/lib/python3.6/site-packages/airflow/example_dags/tutorial.py
[2021-08-07 19:20:56,765] {scheduler_job.py:633} INFO - Processing file /home/airflow/.local/lib/python3.6/site-packages/airflow/example_dags/tutorial.py for tasks to queue
[2021-08-07 19:20:56,766] {logging_mixin.py:104} INFO - [2021-08-07 19:20:56,765] {dagbag.py:496} INFO - Filling up the DagBag from /home/airflow/.local/lib/python3.6/site-packages/airflow/example_dags/tutorial.py
[2021-08-07 19:20:56,777] {scheduler_job.py:643} INFO - DAG(s) dict_keys(['tutorial']) retrieved from /home/airflow/.local/lib/python3.6/site-packages/airflow/example_dags/tutorial.py
[2021-08-07 19:20:56,793] {logging_mixin.py:104} INFO - [2021-08-07 19:20:56,793] {dag.py:1833} INFO - Sync 1 DAGs
[2021-08-07 19:20:56,813] {logging_mixin.py:104} INFO - [2021-08-07 19:20:56,812] {dag.py:2306} INFO - Setting next_dagrun for tutorial to 2021-08-05 00:00:00+00:00
[2021-08-07 19:20:56,824] {scheduler_job.py:190} INFO - Processing /home/airflow/.local/lib/python3.6/site-packages/airflow/example_dags/tutorial.py took 0.062 seconds
[2021-08-07 19:21:27,008] {scheduler_job.py:182} INFO - Started process (PID=929) to work on /home/airflow/.local/lib/python3.6/site-packages/airflow/example_dags/tutorial.py
[2021-08-07 19:21:27,009] {scheduler_job.py:633} INFO - Processing file /home/airflow/.local/lib/python3.6/site-packages/airflow/example_dags/tutorial.py for tasks to queue
[2021-08-07 19:21:27,009] {logging_mixin.py:104} INFO - [2021-08-07 19:21:27,009] {dagbag.py:496} INFO - Filling up the DagBag from /home/airflow/.local/lib/python3.6/site-packages/airflow/example_dags/tutorial.py
[2021-08-07 19:21:27,020] {scheduler_job.py:643} INFO - DAG(s) dict_keys(['tutorial']) retrieved from /home/airflow/.local/lib/python3.6/site-packages/airflow/example_dags/tutorial.py
[2021-08-07 19:21:27,038] {logging_mixin.py:104} INFO - [2021-08-07 19:21:27,038] {dag.py:1833} INFO - Sync 1 DAGs
[2021-08-07 19:21:27,053] {logging_mixin.py:104} INFO - [2021-08-07 19:21:27,053] {dag.py:2306} INFO - Setting next_dagrun for tutorial to 2021-08-05 00:00:00+00:00
[2021-08-07 19:21:27,067] {scheduler_job.py:190} INFO - Processing /home/airflow/.local/lib/python3.6/site-packages/airflow/example_dags/tutorial.py took 0.063 seconds
[2021-08-07 19:21:57,122] {scheduler_job.py:182} INFO - Started process (PID=982) to work on /home/airflow/.local/lib/python3.6/site-packages/airflow/example_dags/tutorial.py
[2021-08-07 19:21:57,123] {scheduler_job.py:633} INFO - Processing file /home/airflow/.local/lib/python3.6/site-packages/airflow/example_dags/tutorial.py for tasks to queue
[2021-08-07 19:21:57,124] {logging_mixin.py:104} INFO - [2021-08-07 19:21:57,124] {dagbag.py:496} INFO - Filling up the DagBag from /home/airflow/.local/lib/python3.6/site-packages/airflow/example_dags/tutorial.py
[2021-08-07 19:21:57,143] {scheduler_job.py:643} INFO - DAG(s) dict_keys(['tutorial']) retrieved from /home/airflow/.local/lib/python3.6/site-packages/airflow/example_dags/tutorial.py
[2021-08-07 19:21:57,169] {logging_mixin.py:104} INFO - [2021-08-07 19:21:57,169] {dag.py:1833} INFO - Sync 1 DAGs
[2021-08-07 19:21:57,186] {logging_mixin.py:104} INFO - [2021-08-07 19:21:57,185] {dag.py:2306} INFO - Setting next_dagrun for tutorial to 2021-08-05 00:00:00+00:00
[2021-08-07 19:21:57,197] {scheduler_job.py:190} INFO - Processing /home/airflow/.local/lib/python3.6/site-packages/airflow/example_dags/tutorial.py took 0.080 seconds
[2021-08-07 19:22:49,227] {scheduler_job.py:182} INFO - Started process (PID=1068) to work on /home/airflow/.local/lib/python3.6/site-packages/airflow/example_dags/tutorial.py
[2021-08-07 19:22:49,229] {scheduler_job.py:633} INFO - Processing file /home/airflow/.local/lib/python3.6/site-packages/airflow/example_dags/tutorial.py for tasks to queue
[2021-08-07 19:22:49,230] {logging_mixin.py:104} INFO - [2021-08-07 19:22:49,230] {dagbag.py:496} INFO - Filling up the DagBag from /home/airflow/.local/lib/python3.6/site-packages/airflow/example_dags/tutorial.py
[2021-08-07 19:22:49,246] {scheduler_job.py:643} INFO - DAG(s) dict_keys(['tutorial']) retrieved from /home/airflow/.local/lib/python3.6/site-packages/airflow/example_dags/tutorial.py
[2021-08-07 19:22:49,271] {logging_mixin.py:104} INFO - [2021-08-07 19:22:49,271] {dag.py:1833} INFO - Sync 1 DAGs
[2021-08-07 19:22:49,292] {logging_mixin.py:104} INFO - [2021-08-07 19:22:49,292] {dag.py:2306} INFO - Setting next_dagrun for tutorial to 2021-08-05 00:00:00+00:00
[2021-08-07 19:22:49,304] {scheduler_job.py:190} INFO - Processing /home/airflow/.local/lib/python3.6/site-packages/airflow/example_dags/tutorial.py took 0.080 seconds
[2021-08-07 19:23:19,517] {scheduler_job.py:182} INFO - Started process (PID=1121) to work on /home/airflow/.local/lib/python3.6/site-packages/airflow/example_dags/tutorial.py
[2021-08-07 19:23:19,518] {scheduler_job.py:633} INFO - Processing file /home/airflow/.local/lib/python3.6/site-packages/airflow/example_dags/tutorial.py for tasks to queue
[2021-08-07 19:23:19,519] {logging_mixin.py:104} INFO - [2021-08-07 19:23:19,519] {dagbag.py:496} INFO - Filling up the DagBag from /home/airflow/.local/lib/python3.6/site-packages/airflow/example_dags/tutorial.py
[2021-08-07 19:23:19,530] {scheduler_job.py:643} INFO - DAG(s) dict_keys(['tutorial']) retrieved from /home/airflow/.local/lib/python3.6/site-packages/airflow/example_dags/tutorial.py
[2021-08-07 19:23:19,552] {logging_mixin.py:104} INFO - [2021-08-07 19:23:19,552] {dag.py:1833} INFO - Sync 1 DAGs
[2021-08-07 19:23:19,568] {logging_mixin.py:104} INFO - [2021-08-07 19:23:19,568] {dag.py:2306} INFO - Setting next_dagrun for tutorial to 2021-08-05 00:00:00+00:00
[2021-08-07 19:23:19,576] {scheduler_job.py:190} INFO - Processing /home/airflow/.local/lib/python3.6/site-packages/airflow/example_dags/tutorial.py took 0.061 seconds
[2021-08-07 19:23:50,437] {scheduler_job.py:182} INFO - Started process (PID=1182) to work on /home/airflow/.local/lib/python3.6/site-packages/airflow/example_dags/tutorial.py
[2021-08-07 19:23:50,438] {scheduler_job.py:633} INFO - Processing file /home/airflow/.local/lib/python3.6/site-packages/airflow/example_dags/tutorial.py for tasks to queue
[2021-08-07 19:23:50,439] {logging_mixin.py:104} INFO - [2021-08-07 19:23:50,439] {dagbag.py:496} INFO - Filling up the DagBag from /home/airflow/.local/lib/python3.6/site-packages/airflow/example_dags/tutorial.py
[2021-08-07 19:23:50,448] {scheduler_job.py:643} INFO - DAG(s) dict_keys(['tutorial']) retrieved from /home/airflow/.local/lib/python3.6/site-packages/airflow/example_dags/tutorial.py
[2021-08-07 19:23:50,472] {logging_mixin.py:104} INFO - [2021-08-07 19:23:50,472] {dag.py:1833} INFO - Sync 1 DAGs
[2021-08-07 19:23:50,490] {logging_mixin.py:104} INFO - [2021-08-07 19:23:50,490] {dag.py:2306} INFO - Setting next_dagrun for tutorial to 2021-08-05 00:00:00+00:00
[2021-08-07 19:23:50,504] {scheduler_job.py:190} INFO - Processing /home/airflow/.local/lib/python3.6/site-packages/airflow/example_dags/tutorial.py took 0.070 seconds
[2021-08-07 19:24:21,197] {scheduler_job.py:182} INFO - Started process (PID=1242) to work on /home/airflow/.local/lib/python3.6/site-packages/airflow/example_dags/tutorial.py
[2021-08-07 19:24:21,199] {scheduler_job.py:633} INFO - Processing file /home/airflow/.local/lib/python3.6/site-packages/airflow/example_dags/tutorial.py for tasks to queue
[2021-08-07 19:24:21,200] {logging_mixin.py:104} INFO - [2021-08-07 19:24:21,200] {dagbag.py:496} INFO - Filling up the DagBag from /home/airflow/.local/lib/python3.6/site-packages/airflow/example_dags/tutorial.py
[2021-08-07 19:24:21,216] {scheduler_job.py:643} INFO - DAG(s) dict_keys(['tutorial']) retrieved from /home/airflow/.local/lib/python3.6/site-packages/airflow/example_dags/tutorial.py
[2021-08-07 19:24:21,239] {logging_mixin.py:104} INFO - [2021-08-07 19:24:21,239] {dag.py:1833} INFO - Sync 1 DAGs
[2021-08-07 19:24:21,256] {logging_mixin.py:104} INFO - [2021-08-07 19:24:21,256] {dag.py:2306} INFO - Setting next_dagrun for tutorial to 2021-08-05 00:00:00+00:00
[2021-08-07 19:24:21,267] {scheduler_job.py:190} INFO - Processing /home/airflow/.local/lib/python3.6/site-packages/airflow/example_dags/tutorial.py took 0.074 seconds
[2021-08-07 19:24:51,950] {scheduler_job.py:182} INFO - Started process (PID=1299) to work on /home/airflow/.local/lib/python3.6/site-packages/airflow/example_dags/tutorial.py
[2021-08-07 19:24:51,951] {scheduler_job.py:633} INFO - Processing file /home/airflow/.local/lib/python3.6/site-packages/airflow/example_dags/tutorial.py for tasks to queue
[2021-08-07 19:24:51,952] {logging_mixin.py:104} INFO - [2021-08-07 19:24:51,952] {dagbag.py:496} INFO - Filling up the DagBag from /home/airflow/.local/lib/python3.6/site-packages/airflow/example_dags/tutorial.py
[2021-08-07 19:24:51,962] {scheduler_job.py:643} INFO - DAG(s) dict_keys(['tutorial']) retrieved from /home/airflow/.local/lib/python3.6/site-packages/airflow/example_dags/tutorial.py
[2021-08-07 19:24:51,980] {logging_mixin.py:104} INFO - [2021-08-07 19:24:51,980] {dag.py:1833} INFO - Sync 1 DAGs
[2021-08-07 19:24:51,996] {logging_mixin.py:104} INFO - [2021-08-07 19:24:51,996] {dag.py:2306} INFO - Setting next_dagrun for tutorial to 2021-08-05 00:00:00+00:00
[2021-08-07 19:24:52,005] {scheduler_job.py:190} INFO - Processing /home/airflow/.local/lib/python3.6/site-packages/airflow/example_dags/tutorial.py took 0.057 seconds
