[2021-10-21 18:54:15,600] {taskinstance.py:877} INFO - Dependencies all met for <TaskInstance: Fire_Incidents.Check_credentials 2021-10-21T18:54:15.048956+00:00 [queued]>
[2021-10-21 18:54:15,617] {taskinstance.py:877} INFO - Dependencies all met for <TaskInstance: Fire_Incidents.Check_credentials 2021-10-21T18:54:15.048956+00:00 [queued]>
[2021-10-21 18:54:15,617] {taskinstance.py:1068} INFO - 
--------------------------------------------------------------------------------
[2021-10-21 18:54:15,618] {taskinstance.py:1069} INFO - Starting attempt 1 of 2
[2021-10-21 18:54:15,618] {taskinstance.py:1070} INFO - 
--------------------------------------------------------------------------------
[2021-10-21 18:54:15,625] {taskinstance.py:1089} INFO - Executing <Task(PythonOperator): Check_credentials> on 2021-10-21T18:54:15.048956+00:00
[2021-10-21 18:54:15,630] {standard_task_runner.py:52} INFO - Started process 64 to run task
[2021-10-21 18:54:15,633] {standard_task_runner.py:76} INFO - Running: ['airflow', 'tasks', 'run', 'Fire_Incidents', 'Check_credentials', '2021-10-21T18:54:15.048956+00:00', '--job-id', '10', '--pool', 'default_pool', '--raw', '--subdir', 'DAGS_FOLDER/tutorial.py', '--cfg-path', '/tmp/tmpivwkfhl0', '--error-file', '/tmp/tmpre3motvn']
[2021-10-21 18:54:15,633] {standard_task_runner.py:77} INFO - Job 10: Subtask Check_credentials
[2021-10-21 18:54:15,667] {logging_mixin.py:104} INFO - Running <TaskInstance: Fire_Incidents.Check_credentials 2021-10-21T18:54:15.048956+00:00 [running]> on host 8ad12bb33883
[2021-10-21 18:54:15,700] {taskinstance.py:1283} INFO - Exporting the following env vars:
AIRFLOW_CTX_DAG_EMAIL=airflow@example.com
AIRFLOW_CTX_DAG_OWNER=airflow
AIRFLOW_CTX_DAG_ID=Fire_Incidents
AIRFLOW_CTX_TASK_ID=Check_credentials
AIRFLOW_CTX_EXECUTION_DATE=2021-10-21T18:54:15.048956+00:00
AIRFLOW_CTX_DAG_RUN_ID=manual__2021-10-21T18:54:15.048956+00:00
[2021-10-21 18:54:15,700] {logging_mixin.py:104} INFO - The Connection is:
[2021-10-21 18:54:15,701] {logging_mixin.py:104} INFO - {'region_name': 'us-west-2', 'aws_session_token': 'FwoGZXIvYXdzEGoaDJReBSrOlfC09PeS7SKGAZYj8TJ17+aoC63as7iG5hoBR6sd977vDzKvgWTMf7J1mFWT3CBpgmPbT2hsPhjLMqX6qepk+EEKQgPTWaApYSUDed6XjBkZHt1mKVAH8TpjdS9+8MgDcEZJbapU8wizUZPzy0Yer2ot+23uFsHEWmWBJ9Oaf/mtLOmzdf/1uz3TsCOcbXRIKMvhwosGMij2XzeTshWnu45hR8qAGzfLMl4Zqr9PrjEI3oI7wOhJJWhks7mxcYAB'}
[2021-10-21 18:54:15,701] {logging_mixin.py:104} INFO - us-west-2
[2021-10-21 18:54:15,701] {logging_mixin.py:104} INFO - FwoGZXIvYXdzEGoaDJReBSrOlfC09PeS7SKGAZYj8TJ17+aoC63as7iG5hoBR6sd977vDzKvgWTMf7J1mFWT3CBpgmPbT2hsPhjLMqX6qepk+EEKQgPTWaApYSUDed6XjBkZHt1mKVAH8TpjdS9+8MgDcEZJbapU8wizUZPzy0Yer2ot+23uFsHEWmWBJ9Oaf/mtLOmzdf/1uz3TsCOcbXRIKMvhwosGMij2XzeTshWnu45hR8qAGzfLMl4Zqr9PrjEI3oI7wOhJJWhks7mxcYAB
[2021-10-21 18:54:15,701] {python.py:118} INFO - Done. Returned value was: None
[2021-10-21 18:54:15,711] {taskinstance.py:1192} INFO - Marking task as SUCCESS. dag_id=Fire_Incidents, task_id=Check_credentials, execution_date=20211021T185415, start_date=20211021T185415, end_date=20211021T185415
[2021-10-21 18:54:15,735] {taskinstance.py:1246} INFO - 1 downstream tasks scheduled from follow-on schedule check
[2021-10-21 18:54:15,766] {local_task_job.py:146} INFO - Task exited with return code 0
