[2021-07-14 19:04:51,890] {scheduler_job.py:182} INFO - Started process (PID=25) to work on /opt/airflow/dags/pipeline_spark.py
[2021-07-14 19:04:51,892] {scheduler_job.py:633} INFO - Processing file /opt/airflow/dags/pipeline_spark.py for tasks to queue
[2021-07-14 19:04:51,893] {logging_mixin.py:104} INFO - [2021-07-14 19:04:51,893] {dagbag.py:496} INFO - Filling up the DagBag from /opt/airflow/dags/pipeline_spark.py
[2021-07-14 19:04:52,553] {scheduler_job.py:643} INFO - DAG(s) dict_keys(['Pipeline_Spark_Orchestrator']) retrieved from /opt/airflow/dags/pipeline_spark.py
[2021-07-14 19:04:53,605] {logging_mixin.py:104} INFO - [2021-07-14 19:04:53,605] {dag.py:1833} INFO - Sync 1 DAGs
[2021-07-14 19:04:53,678] {logging_mixin.py:104} INFO - [2021-07-14 19:04:53,677] {dag.py:2306} INFO - Setting next_dagrun for Pipeline_Spark_Orchestrator to 2021-07-12 00:00:00+00:00
[2021-07-14 19:04:53,746] {scheduler_job.py:190} INFO - Processing /opt/airflow/dags/pipeline_spark.py took 1.887 seconds
[2021-07-14 19:04:53,819] {scheduler_job.py:182} INFO - Started process (PID=28) to work on /opt/airflow/dags/pipeline_spark.py
[2021-07-14 19:04:53,824] {scheduler_job.py:633} INFO - Processing file /opt/airflow/dags/pipeline_spark.py for tasks to queue
[2021-07-14 19:04:53,832] {logging_mixin.py:104} INFO - [2021-07-14 19:04:53,832] {dagbag.py:496} INFO - Filling up the DagBag from /opt/airflow/dags/pipeline_spark.py
[2021-07-14 19:04:54,267] {scheduler_job.py:643} INFO - DAG(s) dict_keys(['Pipeline_Spark_Orchestrator']) retrieved from /opt/airflow/dags/pipeline_spark.py
[2021-07-14 19:04:54,347] {scheduler_job.py:600} INFO - Executed failure callback for <TaskInstance: Pipeline_Spark_Orchestrator.Lambda 2021-07-08 17:45:28.301476+00:00 [failed]> in state failed
[2021-07-14 19:04:54,357] {logging_mixin.py:104} INFO - [2021-07-14 19:04:54,357] {dag.py:1833} INFO - Sync 1 DAGs
[2021-07-14 19:04:54,392] {logging_mixin.py:104} INFO - [2021-07-14 19:04:54,391] {dag.py:2306} INFO - Setting next_dagrun for Pipeline_Spark_Orchestrator to 2021-07-13 00:00:00+00:00
[2021-07-14 19:04:54,420] {scheduler_job.py:190} INFO - Processing /opt/airflow/dags/pipeline_spark.py took 0.606 seconds
[2021-07-14 19:05:24,738] {scheduler_job.py:182} INFO - Started process (PID=87) to work on /opt/airflow/dags/pipeline_spark.py
[2021-07-14 19:05:24,740] {scheduler_job.py:633} INFO - Processing file /opt/airflow/dags/pipeline_spark.py for tasks to queue
[2021-07-14 19:05:24,742] {logging_mixin.py:104} INFO - [2021-07-14 19:05:24,741] {dagbag.py:496} INFO - Filling up the DagBag from /opt/airflow/dags/pipeline_spark.py
[2021-07-14 19:05:25,004] {scheduler_job.py:643} INFO - DAG(s) dict_keys(['Pipeline_Spark_Orchestrator']) retrieved from /opt/airflow/dags/pipeline_spark.py
[2021-07-14 19:05:25,024] {logging_mixin.py:104} INFO - [2021-07-14 19:05:25,024] {dag.py:1833} INFO - Sync 1 DAGs
[2021-07-14 19:05:25,050] {logging_mixin.py:104} INFO - [2021-07-14 19:05:25,049] {dag.py:2306} INFO - Setting next_dagrun for Pipeline_Spark_Orchestrator to 2021-07-14 00:00:00+00:00
[2021-07-14 19:05:25,067] {scheduler_job.py:190} INFO - Processing /opt/airflow/dags/pipeline_spark.py took 0.333 seconds
[2021-07-14 19:05:55,366] {scheduler_job.py:182} INFO - Started process (PID=141) to work on /opt/airflow/dags/pipeline_spark.py
[2021-07-14 19:05:55,370] {scheduler_job.py:633} INFO - Processing file /opt/airflow/dags/pipeline_spark.py for tasks to queue
[2021-07-14 19:05:55,371] {logging_mixin.py:104} INFO - [2021-07-14 19:05:55,371] {dagbag.py:496} INFO - Filling up the DagBag from /opt/airflow/dags/pipeline_spark.py
[2021-07-14 19:05:55,693] {scheduler_job.py:643} INFO - DAG(s) dict_keys(['Pipeline_Spark_Orchestrator']) retrieved from /opt/airflow/dags/pipeline_spark.py
[2021-07-14 19:05:55,716] {logging_mixin.py:104} INFO - [2021-07-14 19:05:55,715] {dag.py:1833} INFO - Sync 1 DAGs
[2021-07-14 19:05:55,753] {logging_mixin.py:104} INFO - [2021-07-14 19:05:55,751] {dag.py:2306} INFO - Setting next_dagrun for Pipeline_Spark_Orchestrator to 2021-07-14 00:00:00+00:00
[2021-07-14 19:05:55,777] {scheduler_job.py:190} INFO - Processing /opt/airflow/dags/pipeline_spark.py took 0.418 seconds
[2021-07-14 19:06:26,657] {scheduler_job.py:182} INFO - Started process (PID=202) to work on /opt/airflow/dags/pipeline_spark.py
[2021-07-14 19:06:26,659] {scheduler_job.py:633} INFO - Processing file /opt/airflow/dags/pipeline_spark.py for tasks to queue
[2021-07-14 19:06:26,661] {logging_mixin.py:104} INFO - [2021-07-14 19:06:26,661] {dagbag.py:496} INFO - Filling up the DagBag from /opt/airflow/dags/pipeline_spark.py
[2021-07-14 19:06:26,910] {scheduler_job.py:643} INFO - DAG(s) dict_keys(['Pipeline_Spark_Orchestrator']) retrieved from /opt/airflow/dags/pipeline_spark.py
[2021-07-14 19:06:26,945] {logging_mixin.py:104} INFO - [2021-07-14 19:06:26,945] {dag.py:1833} INFO - Sync 1 DAGs
[2021-07-14 19:06:26,972] {logging_mixin.py:104} INFO - [2021-07-14 19:06:26,972] {dag.py:2306} INFO - Setting next_dagrun for Pipeline_Spark_Orchestrator to 2021-07-14 00:00:00+00:00
[2021-07-14 19:06:26,988] {scheduler_job.py:190} INFO - Processing /opt/airflow/dags/pipeline_spark.py took 0.335 seconds
[2021-07-14 19:06:57,084] {scheduler_job.py:182} INFO - Started process (PID=258) to work on /opt/airflow/dags/pipeline_spark.py
[2021-07-14 19:06:57,086] {scheduler_job.py:633} INFO - Processing file /opt/airflow/dags/pipeline_spark.py for tasks to queue
[2021-07-14 19:06:57,087] {logging_mixin.py:104} INFO - [2021-07-14 19:06:57,087] {dagbag.py:496} INFO - Filling up the DagBag from /opt/airflow/dags/pipeline_spark.py
[2021-07-14 19:06:57,362] {scheduler_job.py:643} INFO - DAG(s) dict_keys(['Pipeline_Spark_Orchestrator']) retrieved from /opt/airflow/dags/pipeline_spark.py
[2021-07-14 19:06:57,386] {logging_mixin.py:104} INFO - [2021-07-14 19:06:57,386] {dag.py:1833} INFO - Sync 1 DAGs
[2021-07-14 19:06:57,411] {logging_mixin.py:104} INFO - [2021-07-14 19:06:57,410] {dag.py:2306} INFO - Setting next_dagrun for Pipeline_Spark_Orchestrator to 2021-07-14 00:00:00+00:00
[2021-07-14 19:06:57,428] {scheduler_job.py:190} INFO - Processing /opt/airflow/dags/pipeline_spark.py took 0.349 seconds
[2021-07-14 19:07:27,928] {scheduler_job.py:182} INFO - Started process (PID=312) to work on /opt/airflow/dags/pipeline_spark.py
[2021-07-14 19:07:27,937] {scheduler_job.py:633} INFO - Processing file /opt/airflow/dags/pipeline_spark.py for tasks to queue
[2021-07-14 19:07:27,938] {logging_mixin.py:104} INFO - [2021-07-14 19:07:27,938] {dagbag.py:496} INFO - Filling up the DagBag from /opt/airflow/dags/pipeline_spark.py
[2021-07-14 19:07:28,177] {scheduler_job.py:643} INFO - DAG(s) dict_keys(['Pipeline_Spark_Orchestrator']) retrieved from /opt/airflow/dags/pipeline_spark.py
[2021-07-14 19:07:28,197] {logging_mixin.py:104} INFO - [2021-07-14 19:07:28,197] {dag.py:1833} INFO - Sync 1 DAGs
[2021-07-14 19:07:28,239] {logging_mixin.py:104} INFO - [2021-07-14 19:07:28,238] {dag.py:2306} INFO - Setting next_dagrun for Pipeline_Spark_Orchestrator to 2021-07-14 00:00:00+00:00
[2021-07-14 19:07:28,258] {scheduler_job.py:190} INFO - Processing /opt/airflow/dags/pipeline_spark.py took 0.335 seconds
[2021-07-14 19:07:58,612] {scheduler_job.py:182} INFO - Started process (PID=363) to work on /opt/airflow/dags/pipeline_spark.py
[2021-07-14 19:07:58,641] {scheduler_job.py:633} INFO - Processing file /opt/airflow/dags/pipeline_spark.py for tasks to queue
[2021-07-14 19:07:58,644] {logging_mixin.py:104} INFO - [2021-07-14 19:07:58,644] {dagbag.py:496} INFO - Filling up the DagBag from /opt/airflow/dags/pipeline_spark.py
[2021-07-14 19:08:54,599] {scheduler_job.py:182} INFO - Started process (PID=24) to work on /opt/airflow/dags/pipeline_spark.py
[2021-07-14 19:08:54,601] {scheduler_job.py:633} INFO - Processing file /opt/airflow/dags/pipeline_spark.py for tasks to queue
[2021-07-14 19:08:54,602] {logging_mixin.py:104} INFO - [2021-07-14 19:08:54,602] {dagbag.py:496} INFO - Filling up the DagBag from /opt/airflow/dags/pipeline_spark.py
[2021-07-14 19:08:54,829] {scheduler_job.py:643} INFO - DAG(s) dict_keys(['Pipeline_Spark_Orchestrator']) retrieved from /opt/airflow/dags/pipeline_spark.py
[2021-07-14 19:08:54,845] {logging_mixin.py:104} INFO - [2021-07-14 19:08:54,844] {dag.py:1833} INFO - Sync 1 DAGs
[2021-07-14 19:08:54,867] {logging_mixin.py:104} INFO - [2021-07-14 19:08:54,866] {dag.py:2306} INFO - Setting next_dagrun for Pipeline_Spark_Orchestrator to 2021-07-14 00:00:00+00:00
[2021-07-14 19:08:54,885] {scheduler_job.py:190} INFO - Processing /opt/airflow/dags/pipeline_spark.py took 0.290 seconds
[2021-07-14 19:09:25,694] {scheduler_job.py:182} INFO - Started process (PID=83) to work on /opt/airflow/dags/pipeline_spark.py
[2021-07-14 19:09:25,695] {scheduler_job.py:633} INFO - Processing file /opt/airflow/dags/pipeline_spark.py for tasks to queue
[2021-07-14 19:09:25,696] {logging_mixin.py:104} INFO - [2021-07-14 19:09:25,696] {dagbag.py:496} INFO - Filling up the DagBag from /opt/airflow/dags/pipeline_spark.py
[2021-07-14 19:09:25,974] {scheduler_job.py:643} INFO - DAG(s) dict_keys(['Pipeline_Spark_Orchestrator']) retrieved from /opt/airflow/dags/pipeline_spark.py
[2021-07-14 19:09:25,995] {logging_mixin.py:104} INFO - [2021-07-14 19:09:25,995] {dag.py:1833} INFO - Sync 1 DAGs
[2021-07-14 19:09:26,028] {logging_mixin.py:104} INFO - [2021-07-14 19:09:26,027] {dag.py:2306} INFO - Setting next_dagrun for Pipeline_Spark_Orchestrator to 2021-07-14 00:00:00+00:00
[2021-07-14 19:09:26,052] {scheduler_job.py:190} INFO - Processing /opt/airflow/dags/pipeline_spark.py took 0.366 seconds
[2021-07-14 19:09:56,830] {scheduler_job.py:182} INFO - Started process (PID=143) to work on /opt/airflow/dags/pipeline_spark.py
[2021-07-14 19:09:56,832] {scheduler_job.py:633} INFO - Processing file /opt/airflow/dags/pipeline_spark.py for tasks to queue
[2021-07-14 19:09:56,833] {logging_mixin.py:104} INFO - [2021-07-14 19:09:56,833] {dagbag.py:496} INFO - Filling up the DagBag from /opt/airflow/dags/pipeline_spark.py
[2021-07-14 19:09:56,970] {scheduler_job.py:643} INFO - DAG(s) dict_keys(['Pipeline_Spark_Orchestrator']) retrieved from /opt/airflow/dags/pipeline_spark.py
[2021-07-14 19:09:56,981] {logging_mixin.py:104} INFO - [2021-07-14 19:09:56,981] {dag.py:1833} INFO - Sync 1 DAGs
[2021-07-14 19:09:56,998] {logging_mixin.py:104} INFO - [2021-07-14 19:09:56,998] {dag.py:2306} INFO - Setting next_dagrun for Pipeline_Spark_Orchestrator to 2021-07-14 00:00:00+00:00
[2021-07-14 19:09:57,009] {scheduler_job.py:190} INFO - Processing /opt/airflow/dags/pipeline_spark.py took 0.183 seconds
[2021-07-14 19:10:27,099] {scheduler_job.py:182} INFO - Started process (PID=202) to work on /opt/airflow/dags/pipeline_spark.py
[2021-07-14 19:10:27,100] {scheduler_job.py:633} INFO - Processing file /opt/airflow/dags/pipeline_spark.py for tasks to queue
[2021-07-14 19:10:27,101] {logging_mixin.py:104} INFO - [2021-07-14 19:10:27,101] {dagbag.py:496} INFO - Filling up the DagBag from /opt/airflow/dags/pipeline_spark.py
[2021-07-14 19:10:27,317] {scheduler_job.py:643} INFO - DAG(s) dict_keys(['Pipeline_Spark_Orchestrator']) retrieved from /opt/airflow/dags/pipeline_spark.py
[2021-07-14 19:10:27,332] {logging_mixin.py:104} INFO - [2021-07-14 19:10:27,332] {dag.py:1833} INFO - Sync 1 DAGs
[2021-07-14 19:10:27,357] {logging_mixin.py:104} INFO - [2021-07-14 19:10:27,357] {dag.py:2306} INFO - Setting next_dagrun for Pipeline_Spark_Orchestrator to 2021-07-14 00:00:00+00:00
[2021-07-14 19:10:27,375] {scheduler_job.py:190} INFO - Processing /opt/airflow/dags/pipeline_spark.py took 0.280 seconds
[2021-07-14 19:10:58,008] {scheduler_job.py:182} INFO - Started process (PID=264) to work on /opt/airflow/dags/pipeline_spark.py
[2021-07-14 19:10:58,009] {scheduler_job.py:633} INFO - Processing file /opt/airflow/dags/pipeline_spark.py for tasks to queue
[2021-07-14 19:10:58,010] {logging_mixin.py:104} INFO - [2021-07-14 19:10:58,010] {dagbag.py:496} INFO - Filling up the DagBag from /opt/airflow/dags/pipeline_spark.py
[2021-07-14 19:10:58,165] {scheduler_job.py:643} INFO - DAG(s) dict_keys(['Pipeline_Spark_Orchestrator']) retrieved from /opt/airflow/dags/pipeline_spark.py
[2021-07-14 19:10:58,181] {logging_mixin.py:104} INFO - [2021-07-14 19:10:58,181] {dag.py:1833} INFO - Sync 1 DAGs
[2021-07-14 19:10:58,203] {logging_mixin.py:104} INFO - [2021-07-14 19:10:58,203] {dag.py:2306} INFO - Setting next_dagrun for Pipeline_Spark_Orchestrator to 2021-07-14 00:00:00+00:00
[2021-07-14 19:10:58,216] {scheduler_job.py:190} INFO - Processing /opt/airflow/dags/pipeline_spark.py took 0.211 seconds
[2021-07-14 19:11:28,612] {scheduler_job.py:182} INFO - Started process (PID=318) to work on /opt/airflow/dags/pipeline_spark.py
[2021-07-14 19:11:28,620] {scheduler_job.py:633} INFO - Processing file /opt/airflow/dags/pipeline_spark.py for tasks to queue
[2021-07-14 19:11:28,621] {logging_mixin.py:104} INFO - [2021-07-14 19:11:28,621] {dagbag.py:496} INFO - Filling up the DagBag from /opt/airflow/dags/pipeline_spark.py
[2021-07-14 19:11:28,764] {scheduler_job.py:643} INFO - DAG(s) dict_keys(['Pipeline_Spark_Orchestrator']) retrieved from /opt/airflow/dags/pipeline_spark.py
[2021-07-14 19:11:28,785] {logging_mixin.py:104} INFO - [2021-07-14 19:11:28,784] {dag.py:1833} INFO - Sync 1 DAGs
[2021-07-14 19:11:28,811] {logging_mixin.py:104} INFO - [2021-07-14 19:11:28,811] {dag.py:2306} INFO - Setting next_dagrun for Pipeline_Spark_Orchestrator to 2021-07-14 00:00:00+00:00
[2021-07-14 19:11:28,825] {scheduler_job.py:190} INFO - Processing /opt/airflow/dags/pipeline_spark.py took 0.216 seconds
[2021-07-14 19:11:59,465] {scheduler_job.py:182} INFO - Started process (PID=381) to work on /opt/airflow/dags/pipeline_spark.py
[2021-07-14 19:11:59,466] {scheduler_job.py:633} INFO - Processing file /opt/airflow/dags/pipeline_spark.py for tasks to queue
[2021-07-14 19:11:59,467] {logging_mixin.py:104} INFO - [2021-07-14 19:11:59,466] {dagbag.py:496} INFO - Filling up the DagBag from /opt/airflow/dags/pipeline_spark.py
[2021-07-14 19:11:59,600] {scheduler_job.py:643} INFO - DAG(s) dict_keys(['Pipeline_Spark_Orchestrator']) retrieved from /opt/airflow/dags/pipeline_spark.py
[2021-07-14 19:11:59,614] {logging_mixin.py:104} INFO - [2021-07-14 19:11:59,614] {dag.py:1833} INFO - Sync 1 DAGs
[2021-07-14 19:11:59,631] {logging_mixin.py:104} INFO - [2021-07-14 19:11:59,631] {dag.py:2306} INFO - Setting next_dagrun for Pipeline_Spark_Orchestrator to 2021-07-14 00:00:00+00:00
[2021-07-14 19:11:59,643] {scheduler_job.py:190} INFO - Processing /opt/airflow/dags/pipeline_spark.py took 0.182 seconds
[2021-07-14 19:12:30,260] {scheduler_job.py:182} INFO - Started process (PID=435) to work on /opt/airflow/dags/pipeline_spark.py
[2021-07-14 19:12:30,261] {scheduler_job.py:633} INFO - Processing file /opt/airflow/dags/pipeline_spark.py for tasks to queue
[2021-07-14 19:12:30,262] {logging_mixin.py:104} INFO - [2021-07-14 19:12:30,262] {dagbag.py:496} INFO - Filling up the DagBag from /opt/airflow/dags/pipeline_spark.py
[2021-07-14 19:12:30,395] {scheduler_job.py:643} INFO - DAG(s) dict_keys(['Pipeline_Spark_Orchestrator']) retrieved from /opt/airflow/dags/pipeline_spark.py
[2021-07-14 19:12:30,405] {logging_mixin.py:104} INFO - [2021-07-14 19:12:30,405] {dag.py:1833} INFO - Sync 1 DAGs
[2021-07-14 19:12:30,421] {logging_mixin.py:104} INFO - [2021-07-14 19:12:30,421] {dag.py:2306} INFO - Setting next_dagrun for Pipeline_Spark_Orchestrator to 2021-07-14 00:00:00+00:00
[2021-07-14 19:12:30,432] {scheduler_job.py:190} INFO - Processing /opt/airflow/dags/pipeline_spark.py took 0.176 seconds
[2021-07-14 19:57:41,051] {scheduler_job.py:182} INFO - Started process (PID=24) to work on /opt/airflow/dags/pipeline_spark.py
[2021-07-14 19:57:41,053] {scheduler_job.py:633} INFO - Processing file /opt/airflow/dags/pipeline_spark.py for tasks to queue
[2021-07-14 19:57:41,056] {logging_mixin.py:104} INFO - [2021-07-14 19:57:41,055] {dagbag.py:496} INFO - Filling up the DagBag from /opt/airflow/dags/pipeline_spark.py
[2021-07-14 19:57:41,621] {scheduler_job.py:643} INFO - DAG(s) dict_keys(['Pipeline_Spark_Orchestrator']) retrieved from /opt/airflow/dags/pipeline_spark.py
[2021-07-14 19:57:41,666] {logging_mixin.py:104} INFO - [2021-07-14 19:57:41,666] {dag.py:1833} INFO - Sync 1 DAGs
[2021-07-14 19:57:41,763] {logging_mixin.py:104} INFO - [2021-07-14 19:57:41,763] {dag.py:2306} INFO - Setting next_dagrun for Pipeline_Spark_Orchestrator to 2021-07-14 00:00:00+00:00
[2021-07-14 19:57:41,823] {scheduler_job.py:190} INFO - Processing /opt/airflow/dags/pipeline_spark.py took 0.798 seconds
[2021-07-14 19:58:12,346] {scheduler_job.py:182} INFO - Started process (PID=77) to work on /opt/airflow/dags/pipeline_spark.py
[2021-07-14 19:58:12,349] {scheduler_job.py:633} INFO - Processing file /opt/airflow/dags/pipeline_spark.py for tasks to queue
[2021-07-14 19:58:12,350] {logging_mixin.py:104} INFO - [2021-07-14 19:58:12,350] {dagbag.py:496} INFO - Filling up the DagBag from /opt/airflow/dags/pipeline_spark.py
[2021-07-14 19:58:12,593] {scheduler_job.py:643} INFO - DAG(s) dict_keys(['Pipeline_Spark_Orchestrator']) retrieved from /opt/airflow/dags/pipeline_spark.py
[2021-07-14 19:58:12,610] {logging_mixin.py:104} INFO - [2021-07-14 19:58:12,609] {dag.py:1833} INFO - Sync 1 DAGs
[2021-07-14 19:58:12,636] {logging_mixin.py:104} INFO - [2021-07-14 19:58:12,636] {dag.py:2306} INFO - Setting next_dagrun for Pipeline_Spark_Orchestrator to 2021-07-14 00:00:00+00:00
[2021-07-14 19:58:12,656] {scheduler_job.py:190} INFO - Processing /opt/airflow/dags/pipeline_spark.py took 0.315 seconds
[2021-07-14 19:58:43,610] {scheduler_job.py:182} INFO - Started process (PID=142) to work on /opt/airflow/dags/pipeline_spark.py
[2021-07-14 19:58:43,611] {scheduler_job.py:633} INFO - Processing file /opt/airflow/dags/pipeline_spark.py for tasks to queue
[2021-07-14 19:58:43,612] {logging_mixin.py:104} INFO - [2021-07-14 19:58:43,612] {dagbag.py:496} INFO - Filling up the DagBag from /opt/airflow/dags/pipeline_spark.py
[2021-07-14 19:58:43,747] {scheduler_job.py:643} INFO - DAG(s) dict_keys(['Pipeline_Spark_Orchestrator']) retrieved from /opt/airflow/dags/pipeline_spark.py
[2021-07-14 19:58:43,759] {logging_mixin.py:104} INFO - [2021-07-14 19:58:43,759] {dag.py:1833} INFO - Sync 1 DAGs
[2021-07-14 19:58:43,778] {logging_mixin.py:104} INFO - [2021-07-14 19:58:43,778] {dag.py:2306} INFO - Setting next_dagrun for Pipeline_Spark_Orchestrator to 2021-07-14 00:00:00+00:00
[2021-07-14 19:58:43,790] {scheduler_job.py:190} INFO - Processing /opt/airflow/dags/pipeline_spark.py took 0.184 seconds
[2021-07-14 19:59:14,173] {scheduler_job.py:182} INFO - Started process (PID=196) to work on /opt/airflow/dags/pipeline_spark.py
[2021-07-14 19:59:14,175] {scheduler_job.py:633} INFO - Processing file /opt/airflow/dags/pipeline_spark.py for tasks to queue
[2021-07-14 19:59:14,176] {logging_mixin.py:104} INFO - [2021-07-14 19:59:14,176] {dagbag.py:496} INFO - Filling up the DagBag from /opt/airflow/dags/pipeline_spark.py
[2021-07-14 19:59:14,370] {scheduler_job.py:643} INFO - DAG(s) dict_keys(['Pipeline_Spark_Orchestrator']) retrieved from /opt/airflow/dags/pipeline_spark.py
[2021-07-14 19:59:14,386] {logging_mixin.py:104} INFO - [2021-07-14 19:59:14,386] {dag.py:1833} INFO - Sync 1 DAGs
[2021-07-14 19:59:14,415] {logging_mixin.py:104} INFO - [2021-07-14 19:59:14,414] {dag.py:2306} INFO - Setting next_dagrun for Pipeline_Spark_Orchestrator to 2021-07-14 00:00:00+00:00
[2021-07-14 19:59:14,432] {scheduler_job.py:190} INFO - Processing /opt/airflow/dags/pipeline_spark.py took 0.268 seconds
[2021-07-14 19:59:45,129] {scheduler_job.py:182} INFO - Started process (PID=261) to work on /opt/airflow/dags/pipeline_spark.py
[2021-07-14 19:59:45,131] {scheduler_job.py:633} INFO - Processing file /opt/airflow/dags/pipeline_spark.py for tasks to queue
[2021-07-14 19:59:45,132] {logging_mixin.py:104} INFO - [2021-07-14 19:59:45,132] {dagbag.py:496} INFO - Filling up the DagBag from /opt/airflow/dags/pipeline_spark.py
[2021-07-14 19:59:45,369] {scheduler_job.py:643} INFO - DAG(s) dict_keys(['Pipeline_Spark_Orchestrator']) retrieved from /opt/airflow/dags/pipeline_spark.py
[2021-07-14 19:59:45,387] {logging_mixin.py:104} INFO - [2021-07-14 19:59:45,387] {dag.py:1833} INFO - Sync 1 DAGs
[2021-07-14 19:59:45,413] {logging_mixin.py:104} INFO - [2021-07-14 19:59:45,412] {dag.py:2306} INFO - Setting next_dagrun for Pipeline_Spark_Orchestrator to 2021-07-14 00:00:00+00:00
[2021-07-14 19:59:45,427] {scheduler_job.py:190} INFO - Processing /opt/airflow/dags/pipeline_spark.py took 0.303 seconds
[2021-07-14 20:00:16,033] {scheduler_job.py:182} INFO - Started process (PID=323) to work on /opt/airflow/dags/pipeline_spark.py
[2021-07-14 20:00:16,038] {scheduler_job.py:633} INFO - Processing file /opt/airflow/dags/pipeline_spark.py for tasks to queue
[2021-07-14 20:00:16,039] {logging_mixin.py:104} INFO - [2021-07-14 20:00:16,039] {dagbag.py:496} INFO - Filling up the DagBag from /opt/airflow/dags/pipeline_spark.py
[2021-07-14 20:00:16,178] {scheduler_job.py:643} INFO - DAG(s) dict_keys(['Pipeline_Spark_Orchestrator']) retrieved from /opt/airflow/dags/pipeline_spark.py
[2021-07-14 20:00:16,189] {logging_mixin.py:104} INFO - [2021-07-14 20:00:16,189] {dag.py:1833} INFO - Sync 1 DAGs
[2021-07-14 20:00:16,205] {logging_mixin.py:104} INFO - [2021-07-14 20:00:16,204] {dag.py:2306} INFO - Setting next_dagrun for Pipeline_Spark_Orchestrator to 2021-07-14 00:00:00+00:00
[2021-07-14 20:00:16,216] {scheduler_job.py:190} INFO - Processing /opt/airflow/dags/pipeline_spark.py took 0.187 seconds
[2021-07-14 20:00:40,273] {scheduler_job.py:182} INFO - Started process (PID=376) to work on /opt/airflow/dags/pipeline_spark.py
[2021-07-14 20:00:40,275] {scheduler_job.py:633} INFO - Processing file /opt/airflow/dags/pipeline_spark.py for tasks to queue
[2021-07-14 20:00:40,276] {logging_mixin.py:104} INFO - [2021-07-14 20:00:40,276] {dagbag.py:496} INFO - Filling up the DagBag from /opt/airflow/dags/pipeline_spark.py
[2021-07-14 20:00:40,398] {scheduler_job.py:643} INFO - DAG(s) dict_keys(['Pipeline_Spark_Orchestrator']) retrieved from /opt/airflow/dags/pipeline_spark.py
[2021-07-14 20:00:40,590] {logging_mixin.py:104} INFO - [2021-07-14 20:00:40,590] {dag.py:1833} INFO - Sync 1 DAGs
[2021-07-14 20:00:40,605] {logging_mixin.py:104} INFO - [2021-07-14 20:00:40,605] {dag.py:2306} INFO - Setting next_dagrun for Pipeline_Spark_Orchestrator to 2021-07-14 00:00:00+00:00
[2021-07-14 20:00:40,619] {scheduler_job.py:190} INFO - Processing /opt/airflow/dags/pipeline_spark.py took 0.349 seconds
[2021-07-14 20:01:10,671] {scheduler_job.py:182} INFO - Started process (PID=430) to work on /opt/airflow/dags/pipeline_spark.py
[2021-07-14 20:01:10,672] {scheduler_job.py:633} INFO - Processing file /opt/airflow/dags/pipeline_spark.py for tasks to queue
[2021-07-14 20:01:10,673] {logging_mixin.py:104} INFO - [2021-07-14 20:01:10,673] {dagbag.py:496} INFO - Filling up the DagBag from /opt/airflow/dags/pipeline_spark.py
[2021-07-14 20:01:10,778] {scheduler_job.py:643} INFO - DAG(s) dict_keys(['Pipeline_Spark_Orchestrator']) retrieved from /opt/airflow/dags/pipeline_spark.py
[2021-07-14 20:01:10,788] {logging_mixin.py:104} INFO - [2021-07-14 20:01:10,788] {dag.py:1833} INFO - Sync 1 DAGs
[2021-07-14 20:01:10,801] {logging_mixin.py:104} INFO - [2021-07-14 20:01:10,801] {dag.py:2306} INFO - Setting next_dagrun for Pipeline_Spark_Orchestrator to 2021-07-14 00:00:00+00:00
[2021-07-14 20:01:10,811] {scheduler_job.py:190} INFO - Processing /opt/airflow/dags/pipeline_spark.py took 0.142 seconds
[2021-07-14 20:01:41,190] {scheduler_job.py:182} INFO - Started process (PID=490) to work on /opt/airflow/dags/pipeline_spark.py
[2021-07-14 20:01:41,191] {scheduler_job.py:633} INFO - Processing file /opt/airflow/dags/pipeline_spark.py for tasks to queue
[2021-07-14 20:01:41,192] {logging_mixin.py:104} INFO - [2021-07-14 20:01:41,192] {dagbag.py:496} INFO - Filling up the DagBag from /opt/airflow/dags/pipeline_spark.py
[2021-07-14 20:01:41,307] {scheduler_job.py:643} INFO - DAG(s) dict_keys(['Pipeline_Spark_Orchestrator']) retrieved from /opt/airflow/dags/pipeline_spark.py
[2021-07-14 20:01:41,317] {logging_mixin.py:104} INFO - [2021-07-14 20:01:41,317] {dag.py:1833} INFO - Sync 1 DAGs
[2021-07-14 20:01:41,333] {logging_mixin.py:104} INFO - [2021-07-14 20:01:41,333] {dag.py:2306} INFO - Setting next_dagrun for Pipeline_Spark_Orchestrator to 2021-07-14 00:00:00+00:00
[2021-07-14 20:01:41,343] {scheduler_job.py:190} INFO - Processing /opt/airflow/dags/pipeline_spark.py took 0.156 seconds
[2021-07-14 20:02:11,439] {scheduler_job.py:182} INFO - Started process (PID=550) to work on /opt/airflow/dags/pipeline_spark.py
[2021-07-14 20:02:11,440] {scheduler_job.py:633} INFO - Processing file /opt/airflow/dags/pipeline_spark.py for tasks to queue
[2021-07-14 20:02:11,441] {logging_mixin.py:104} INFO - [2021-07-14 20:02:11,440] {dagbag.py:496} INFO - Filling up the DagBag from /opt/airflow/dags/pipeline_spark.py
[2021-07-14 20:02:11,555] {scheduler_job.py:643} INFO - DAG(s) dict_keys(['Pipeline_Spark_Orchestrator']) retrieved from /opt/airflow/dags/pipeline_spark.py
[2021-07-14 20:02:11,566] {logging_mixin.py:104} INFO - [2021-07-14 20:02:11,566] {dag.py:1833} INFO - Sync 1 DAGs
[2021-07-14 20:02:11,580] {logging_mixin.py:104} INFO - [2021-07-14 20:02:11,580] {dag.py:2306} INFO - Setting next_dagrun for Pipeline_Spark_Orchestrator to 2021-07-14 00:00:00+00:00
[2021-07-14 20:02:11,589] {scheduler_job.py:190} INFO - Processing /opt/airflow/dags/pipeline_spark.py took 0.154 seconds
[2021-07-14 20:02:42,154] {scheduler_job.py:182} INFO - Started process (PID=615) to work on /opt/airflow/dags/pipeline_spark.py
[2021-07-14 20:02:42,156] {scheduler_job.py:633} INFO - Processing file /opt/airflow/dags/pipeline_spark.py for tasks to queue
[2021-07-14 20:02:42,157] {logging_mixin.py:104} INFO - [2021-07-14 20:02:42,156] {dagbag.py:496} INFO - Filling up the DagBag from /opt/airflow/dags/pipeline_spark.py
[2021-07-14 20:02:42,280] {scheduler_job.py:643} INFO - DAG(s) dict_keys(['Pipeline_Spark_Orchestrator']) retrieved from /opt/airflow/dags/pipeline_spark.py
[2021-07-14 20:02:42,292] {logging_mixin.py:104} INFO - [2021-07-14 20:02:42,291] {dag.py:1833} INFO - Sync 1 DAGs
[2021-07-14 20:02:42,308] {logging_mixin.py:104} INFO - [2021-07-14 20:02:42,308] {dag.py:2306} INFO - Setting next_dagrun for Pipeline_Spark_Orchestrator to 2021-07-14 00:00:00+00:00
[2021-07-14 20:02:42,319] {scheduler_job.py:190} INFO - Processing /opt/airflow/dags/pipeline_spark.py took 0.167 seconds
[2021-07-14 20:03:12,740] {scheduler_job.py:182} INFO - Started process (PID=669) to work on /opt/airflow/dags/pipeline_spark.py
[2021-07-14 20:03:12,741] {scheduler_job.py:633} INFO - Processing file /opt/airflow/dags/pipeline_spark.py for tasks to queue
[2021-07-14 20:03:12,742] {logging_mixin.py:104} INFO - [2021-07-14 20:03:12,742] {dagbag.py:496} INFO - Filling up the DagBag from /opt/airflow/dags/pipeline_spark.py
[2021-07-14 20:03:12,869] {scheduler_job.py:643} INFO - DAG(s) dict_keys(['Pipeline_Spark_Orchestrator']) retrieved from /opt/airflow/dags/pipeline_spark.py
[2021-07-14 20:03:12,880] {logging_mixin.py:104} INFO - [2021-07-14 20:03:12,880] {dag.py:1833} INFO - Sync 1 DAGs
[2021-07-14 20:03:12,897] {logging_mixin.py:104} INFO - [2021-07-14 20:03:12,897] {dag.py:2306} INFO - Setting next_dagrun for Pipeline_Spark_Orchestrator to 2021-07-14 00:00:00+00:00
[2021-07-14 20:03:12,909] {scheduler_job.py:190} INFO - Processing /opt/airflow/dags/pipeline_spark.py took 0.171 seconds
[2021-07-14 20:03:43,018] {scheduler_job.py:182} INFO - Started process (PID=732) to work on /opt/airflow/dags/pipeline_spark.py
[2021-07-14 20:03:43,021] {scheduler_job.py:633} INFO - Processing file /opt/airflow/dags/pipeline_spark.py for tasks to queue
[2021-07-14 20:03:43,022] {logging_mixin.py:104} INFO - [2021-07-14 20:03:43,022] {dagbag.py:496} INFO - Filling up the DagBag from /opt/airflow/dags/pipeline_spark.py
[2021-07-14 20:03:43,140] {scheduler_job.py:643} INFO - DAG(s) dict_keys(['Pipeline_Spark_Orchestrator']) retrieved from /opt/airflow/dags/pipeline_spark.py
[2021-07-14 20:03:43,149] {logging_mixin.py:104} INFO - [2021-07-14 20:03:43,149] {dag.py:1833} INFO - Sync 1 DAGs
[2021-07-14 20:03:43,164] {logging_mixin.py:104} INFO - [2021-07-14 20:03:43,164] {dag.py:2306} INFO - Setting next_dagrun for Pipeline_Spark_Orchestrator to 2021-07-14 00:00:00+00:00
[2021-07-14 20:03:43,174] {scheduler_job.py:190} INFO - Processing /opt/airflow/dags/pipeline_spark.py took 0.160 seconds
[2021-07-14 20:04:13,447] {scheduler_job.py:182} INFO - Started process (PID=787) to work on /opt/airflow/dags/pipeline_spark.py
[2021-07-14 20:04:13,449] {scheduler_job.py:633} INFO - Processing file /opt/airflow/dags/pipeline_spark.py for tasks to queue
[2021-07-14 20:04:13,450] {logging_mixin.py:104} INFO - [2021-07-14 20:04:13,450] {dagbag.py:496} INFO - Filling up the DagBag from /opt/airflow/dags/pipeline_spark.py
[2021-07-14 20:04:13,576] {scheduler_job.py:643} INFO - DAG(s) dict_keys(['Pipeline_Spark_Orchestrator']) retrieved from /opt/airflow/dags/pipeline_spark.py
[2021-07-14 20:04:13,587] {logging_mixin.py:104} INFO - [2021-07-14 20:04:13,587] {dag.py:1833} INFO - Sync 1 DAGs
[2021-07-14 20:04:13,602] {logging_mixin.py:104} INFO - [2021-07-14 20:04:13,602] {dag.py:2306} INFO - Setting next_dagrun for Pipeline_Spark_Orchestrator to 2021-07-14 00:00:00+00:00
[2021-07-14 20:04:13,612] {scheduler_job.py:190} INFO - Processing /opt/airflow/dags/pipeline_spark.py took 0.172 seconds
[2021-07-14 20:04:43,874] {scheduler_job.py:182} INFO - Started process (PID=852) to work on /opt/airflow/dags/pipeline_spark.py
[2021-07-14 20:04:43,876] {scheduler_job.py:633} INFO - Processing file /opt/airflow/dags/pipeline_spark.py for tasks to queue
[2021-07-14 20:04:43,877] {logging_mixin.py:104} INFO - [2021-07-14 20:04:43,877] {dagbag.py:496} INFO - Filling up the DagBag from /opt/airflow/dags/pipeline_spark.py
[2021-07-14 20:04:43,992] {scheduler_job.py:643} INFO - DAG(s) dict_keys(['Pipeline_Spark_Orchestrator']) retrieved from /opt/airflow/dags/pipeline_spark.py
[2021-07-14 20:04:44,002] {logging_mixin.py:104} INFO - [2021-07-14 20:04:44,002] {dag.py:1833} INFO - Sync 1 DAGs
[2021-07-14 20:04:44,019] {logging_mixin.py:104} INFO - [2021-07-14 20:04:44,019] {dag.py:2306} INFO - Setting next_dagrun for Pipeline_Spark_Orchestrator to 2021-07-14 00:00:00+00:00
[2021-07-14 20:04:44,030] {scheduler_job.py:190} INFO - Processing /opt/airflow/dags/pipeline_spark.py took 0.158 seconds
[2021-07-14 20:05:14,110] {scheduler_job.py:182} INFO - Started process (PID=906) to work on /opt/airflow/dags/pipeline_spark.py
[2021-07-14 20:05:14,112] {scheduler_job.py:633} INFO - Processing file /opt/airflow/dags/pipeline_spark.py for tasks to queue
[2021-07-14 20:05:14,113] {logging_mixin.py:104} INFO - [2021-07-14 20:05:14,113] {dagbag.py:496} INFO - Filling up the DagBag from /opt/airflow/dags/pipeline_spark.py
[2021-07-14 20:05:14,269] {scheduler_job.py:643} INFO - DAG(s) dict_keys(['Pipeline_Spark_Orchestrator']) retrieved from /opt/airflow/dags/pipeline_spark.py
[2021-07-14 20:05:14,279] {logging_mixin.py:104} INFO - [2021-07-14 20:05:14,279] {dag.py:1833} INFO - Sync 1 DAGs
[2021-07-14 20:05:14,300] {logging_mixin.py:104} INFO - [2021-07-14 20:05:14,299] {dag.py:2306} INFO - Setting next_dagrun for Pipeline_Spark_Orchestrator to 2021-07-14 00:00:00+00:00
[2021-07-14 20:05:14,312] {scheduler_job.py:190} INFO - Processing /opt/airflow/dags/pipeline_spark.py took 0.205 seconds
[2021-07-14 20:05:44,397] {scheduler_job.py:182} INFO - Started process (PID=971) to work on /opt/airflow/dags/pipeline_spark.py
[2021-07-14 20:05:44,399] {scheduler_job.py:633} INFO - Processing file /opt/airflow/dags/pipeline_spark.py for tasks to queue
[2021-07-14 20:05:44,400] {logging_mixin.py:104} INFO - [2021-07-14 20:05:44,400] {dagbag.py:496} INFO - Filling up the DagBag from /opt/airflow/dags/pipeline_spark.py
[2021-07-14 20:05:44,551] {scheduler_job.py:643} INFO - DAG(s) dict_keys(['Pipeline_Spark_Orchestrator']) retrieved from /opt/airflow/dags/pipeline_spark.py
[2021-07-14 20:05:44,565] {logging_mixin.py:104} INFO - [2021-07-14 20:05:44,565] {dag.py:1833} INFO - Sync 1 DAGs
[2021-07-14 20:05:44,589] {logging_mixin.py:104} INFO - [2021-07-14 20:05:44,588] {dag.py:2306} INFO - Setting next_dagrun for Pipeline_Spark_Orchestrator to 2021-07-14 00:00:00+00:00
[2021-07-14 20:05:44,604] {scheduler_job.py:190} INFO - Processing /opt/airflow/dags/pipeline_spark.py took 0.210 seconds
[2021-07-14 20:06:14,880] {scheduler_job.py:182} INFO - Started process (PID=1024) to work on /opt/airflow/dags/pipeline_spark.py
[2021-07-14 20:06:14,882] {scheduler_job.py:633} INFO - Processing file /opt/airflow/dags/pipeline_spark.py for tasks to queue
[2021-07-14 20:06:14,883] {logging_mixin.py:104} INFO - [2021-07-14 20:06:14,883] {dagbag.py:496} INFO - Filling up the DagBag from /opt/airflow/dags/pipeline_spark.py
[2021-07-14 20:06:15,007] {scheduler_job.py:643} INFO - DAG(s) dict_keys(['Pipeline_Spark_Orchestrator']) retrieved from /opt/airflow/dags/pipeline_spark.py
[2021-07-14 20:06:15,016] {logging_mixin.py:104} INFO - [2021-07-14 20:06:15,016] {dag.py:1833} INFO - Sync 1 DAGs
[2021-07-14 20:06:15,031] {logging_mixin.py:104} INFO - [2021-07-14 20:06:15,030] {dag.py:2306} INFO - Setting next_dagrun for Pipeline_Spark_Orchestrator to 2021-07-14 00:00:00+00:00
[2021-07-14 20:06:15,040] {scheduler_job.py:190} INFO - Processing /opt/airflow/dags/pipeline_spark.py took 0.164 seconds
[2021-07-14 20:06:45,810] {scheduler_job.py:182} INFO - Started process (PID=1087) to work on /opt/airflow/dags/pipeline_spark.py
[2021-07-14 20:06:45,811] {scheduler_job.py:633} INFO - Processing file /opt/airflow/dags/pipeline_spark.py for tasks to queue
[2021-07-14 20:06:45,812] {logging_mixin.py:104} INFO - [2021-07-14 20:06:45,812] {dagbag.py:496} INFO - Filling up the DagBag from /opt/airflow/dags/pipeline_spark.py
[2021-07-14 20:06:45,930] {scheduler_job.py:643} INFO - DAG(s) dict_keys(['Pipeline_Spark_Orchestrator']) retrieved from /opt/airflow/dags/pipeline_spark.py
[2021-07-14 20:06:45,941] {logging_mixin.py:104} INFO - [2021-07-14 20:06:45,941] {dag.py:1833} INFO - Sync 1 DAGs
[2021-07-14 20:06:45,955] {logging_mixin.py:104} INFO - [2021-07-14 20:06:45,955] {dag.py:2306} INFO - Setting next_dagrun for Pipeline_Spark_Orchestrator to 2021-07-14 00:00:00+00:00
[2021-07-14 20:06:45,975] {scheduler_job.py:190} INFO - Processing /opt/airflow/dags/pipeline_spark.py took 0.169 seconds
[2021-07-14 20:07:16,564] {scheduler_job.py:182} INFO - Started process (PID=1151) to work on /opt/airflow/dags/pipeline_spark.py
[2021-07-14 20:07:16,566] {scheduler_job.py:633} INFO - Processing file /opt/airflow/dags/pipeline_spark.py for tasks to queue
[2021-07-14 20:07:16,567] {logging_mixin.py:104} INFO - [2021-07-14 20:07:16,567] {dagbag.py:496} INFO - Filling up the DagBag from /opt/airflow/dags/pipeline_spark.py
[2021-07-14 20:07:16,774] {scheduler_job.py:643} INFO - DAG(s) dict_keys(['Pipeline_Spark_Orchestrator']) retrieved from /opt/airflow/dags/pipeline_spark.py
[2021-07-14 20:07:16,795] {logging_mixin.py:104} INFO - [2021-07-14 20:07:16,794] {dag.py:1833} INFO - Sync 1 DAGs
[2021-07-14 20:07:16,818] {logging_mixin.py:104} INFO - [2021-07-14 20:07:16,818] {dag.py:2306} INFO - Setting next_dagrun for Pipeline_Spark_Orchestrator to 2021-07-14 00:00:00+00:00
[2021-07-14 20:07:16,829] {scheduler_job.py:190} INFO - Processing /opt/airflow/dags/pipeline_spark.py took 0.269 seconds
[2021-07-14 20:07:47,273] {scheduler_job.py:182} INFO - Started process (PID=1206) to work on /opt/airflow/dags/pipeline_spark.py
[2021-07-14 20:07:47,275] {scheduler_job.py:633} INFO - Processing file /opt/airflow/dags/pipeline_spark.py for tasks to queue
[2021-07-14 20:07:47,276] {logging_mixin.py:104} INFO - [2021-07-14 20:07:47,276] {dagbag.py:496} INFO - Filling up the DagBag from /opt/airflow/dags/pipeline_spark.py
[2021-07-14 20:07:47,422] {scheduler_job.py:643} INFO - DAG(s) dict_keys(['Pipeline_Spark_Orchestrator']) retrieved from /opt/airflow/dags/pipeline_spark.py
[2021-07-14 20:07:47,432] {logging_mixin.py:104} INFO - [2021-07-14 20:07:47,432] {dag.py:1833} INFO - Sync 1 DAGs
[2021-07-14 20:07:47,447] {logging_mixin.py:104} INFO - [2021-07-14 20:07:47,447] {dag.py:2306} INFO - Setting next_dagrun for Pipeline_Spark_Orchestrator to 2021-07-14 00:00:00+00:00
[2021-07-14 20:07:47,462] {scheduler_job.py:190} INFO - Processing /opt/airflow/dags/pipeline_spark.py took 0.192 seconds
[2021-07-14 20:08:17,756] {scheduler_job.py:182} INFO - Started process (PID=1271) to work on /opt/airflow/dags/pipeline_spark.py
[2021-07-14 20:08:17,757] {scheduler_job.py:633} INFO - Processing file /opt/airflow/dags/pipeline_spark.py for tasks to queue
[2021-07-14 20:08:17,758] {logging_mixin.py:104} INFO - [2021-07-14 20:08:17,758] {dagbag.py:496} INFO - Filling up the DagBag from /opt/airflow/dags/pipeline_spark.py
[2021-07-14 20:08:17,894] {scheduler_job.py:643} INFO - DAG(s) dict_keys(['Pipeline_Spark_Orchestrator']) retrieved from /opt/airflow/dags/pipeline_spark.py
[2021-07-14 20:08:17,907] {logging_mixin.py:104} INFO - [2021-07-14 20:08:17,907] {dag.py:1833} INFO - Sync 1 DAGs
[2021-07-14 20:08:17,924] {logging_mixin.py:104} INFO - [2021-07-14 20:08:17,924] {dag.py:2306} INFO - Setting next_dagrun for Pipeline_Spark_Orchestrator to 2021-07-14 00:00:00+00:00
[2021-07-14 20:08:17,935] {scheduler_job.py:190} INFO - Processing /opt/airflow/dags/pipeline_spark.py took 0.182 seconds
[2021-07-14 20:08:48,467] {scheduler_job.py:182} INFO - Started process (PID=1324) to work on /opt/airflow/dags/pipeline_spark.py
[2021-07-14 20:08:48,468] {scheduler_job.py:633} INFO - Processing file /opt/airflow/dags/pipeline_spark.py for tasks to queue
[2021-07-14 20:08:48,469] {logging_mixin.py:104} INFO - [2021-07-14 20:08:48,469] {dagbag.py:496} INFO - Filling up the DagBag from /opt/airflow/dags/pipeline_spark.py
[2021-07-14 20:08:48,576] {scheduler_job.py:643} INFO - DAG(s) dict_keys(['Pipeline_Spark_Orchestrator']) retrieved from /opt/airflow/dags/pipeline_spark.py
[2021-07-14 20:08:48,585] {logging_mixin.py:104} INFO - [2021-07-14 20:08:48,585] {dag.py:1833} INFO - Sync 1 DAGs
[2021-07-14 20:08:48,598] {logging_mixin.py:104} INFO - [2021-07-14 20:08:48,598] {dag.py:2306} INFO - Setting next_dagrun for Pipeline_Spark_Orchestrator to 2021-07-14 00:00:00+00:00
[2021-07-14 20:08:48,608] {scheduler_job.py:190} INFO - Processing /opt/airflow/dags/pipeline_spark.py took 0.146 seconds
[2021-07-14 20:09:18,937] {scheduler_job.py:182} INFO - Started process (PID=1388) to work on /opt/airflow/dags/pipeline_spark.py
[2021-07-14 20:09:18,939] {scheduler_job.py:633} INFO - Processing file /opt/airflow/dags/pipeline_spark.py for tasks to queue
[2021-07-14 20:09:18,940] {logging_mixin.py:104} INFO - [2021-07-14 20:09:18,939] {dagbag.py:496} INFO - Filling up the DagBag from /opt/airflow/dags/pipeline_spark.py
[2021-07-14 20:09:19,101] {scheduler_job.py:643} INFO - DAG(s) dict_keys(['Pipeline_Spark_Orchestrator']) retrieved from /opt/airflow/dags/pipeline_spark.py
[2021-07-14 20:09:19,111] {logging_mixin.py:104} INFO - [2021-07-14 20:09:19,111] {dag.py:1833} INFO - Sync 1 DAGs
[2021-07-14 20:09:19,126] {logging_mixin.py:104} INFO - [2021-07-14 20:09:19,125] {dag.py:2306} INFO - Setting next_dagrun for Pipeline_Spark_Orchestrator to 2021-07-14 00:00:00+00:00
[2021-07-14 20:09:19,139] {scheduler_job.py:190} INFO - Processing /opt/airflow/dags/pipeline_spark.py took 0.205 seconds
[2021-07-14 20:09:49,398] {scheduler_job.py:182} INFO - Started process (PID=1442) to work on /opt/airflow/dags/pipeline_spark.py
[2021-07-14 20:09:49,400] {scheduler_job.py:633} INFO - Processing file /opt/airflow/dags/pipeline_spark.py for tasks to queue
[2021-07-14 20:09:49,401] {logging_mixin.py:104} INFO - [2021-07-14 20:09:49,401] {dagbag.py:496} INFO - Filling up the DagBag from /opt/airflow/dags/pipeline_spark.py
[2021-07-14 20:09:49,622] {scheduler_job.py:643} INFO - DAG(s) dict_keys(['Pipeline_Spark_Orchestrator']) retrieved from /opt/airflow/dags/pipeline_spark.py
[2021-07-14 20:09:49,632] {logging_mixin.py:104} INFO - [2021-07-14 20:09:49,632] {dag.py:1833} INFO - Sync 1 DAGs
[2021-07-14 20:09:49,647] {logging_mixin.py:104} INFO - [2021-07-14 20:09:49,647] {dag.py:2306} INFO - Setting next_dagrun for Pipeline_Spark_Orchestrator to 2021-07-14 00:00:00+00:00
[2021-07-14 20:09:49,655] {scheduler_job.py:190} INFO - Processing /opt/airflow/dags/pipeline_spark.py took 0.261 seconds
[2021-07-14 20:10:19,829] {scheduler_job.py:182} INFO - Started process (PID=1506) to work on /opt/airflow/dags/pipeline_spark.py
[2021-07-14 20:10:19,830] {scheduler_job.py:633} INFO - Processing file /opt/airflow/dags/pipeline_spark.py for tasks to queue
[2021-07-14 20:10:19,831] {logging_mixin.py:104} INFO - [2021-07-14 20:10:19,831] {dagbag.py:496} INFO - Filling up the DagBag from /opt/airflow/dags/pipeline_spark.py
[2021-07-14 20:10:19,969] {scheduler_job.py:643} INFO - DAG(s) dict_keys(['Pipeline_Spark_Orchestrator']) retrieved from /opt/airflow/dags/pipeline_spark.py
[2021-07-14 20:10:19,982] {logging_mixin.py:104} INFO - [2021-07-14 20:10:19,982] {dag.py:1833} INFO - Sync 1 DAGs
[2021-07-14 20:10:20,007] {logging_mixin.py:104} INFO - [2021-07-14 20:10:20,007] {dag.py:2306} INFO - Setting next_dagrun for Pipeline_Spark_Orchestrator to 2021-07-14 00:00:00+00:00
[2021-07-14 20:10:20,028] {scheduler_job.py:190} INFO - Processing /opt/airflow/dags/pipeline_spark.py took 0.205 seconds
[2021-07-14 20:10:50,124] {scheduler_job.py:182} INFO - Started process (PID=1559) to work on /opt/airflow/dags/pipeline_spark.py
[2021-07-14 20:10:50,126] {scheduler_job.py:633} INFO - Processing file /opt/airflow/dags/pipeline_spark.py for tasks to queue
[2021-07-14 20:10:50,127] {logging_mixin.py:104} INFO - [2021-07-14 20:10:50,127] {dagbag.py:496} INFO - Filling up the DagBag from /opt/airflow/dags/pipeline_spark.py
[2021-07-14 20:10:50,286] {scheduler_job.py:643} INFO - DAG(s) dict_keys(['Pipeline_Spark_Orchestrator']) retrieved from /opt/airflow/dags/pipeline_spark.py
[2021-07-14 20:10:50,305] {logging_mixin.py:104} INFO - [2021-07-14 20:10:50,304] {dag.py:1833} INFO - Sync 1 DAGs
[2021-07-14 20:10:50,334] {logging_mixin.py:104} INFO - [2021-07-14 20:10:50,334] {dag.py:2306} INFO - Setting next_dagrun for Pipeline_Spark_Orchestrator to 2021-07-14 00:00:00+00:00
[2021-07-14 20:10:50,352] {scheduler_job.py:190} INFO - Processing /opt/airflow/dags/pipeline_spark.py took 0.232 seconds
[2021-07-14 20:11:20,419] {scheduler_job.py:182} INFO - Started process (PID=1624) to work on /opt/airflow/dags/pipeline_spark.py
[2021-07-14 20:11:20,421] {scheduler_job.py:633} INFO - Processing file /opt/airflow/dags/pipeline_spark.py for tasks to queue
[2021-07-14 20:11:20,422] {logging_mixin.py:104} INFO - [2021-07-14 20:11:20,422] {dagbag.py:496} INFO - Filling up the DagBag from /opt/airflow/dags/pipeline_spark.py
[2021-07-14 20:11:20,520] {scheduler_job.py:643} INFO - DAG(s) dict_keys(['Pipeline_Spark_Orchestrator']) retrieved from /opt/airflow/dags/pipeline_spark.py
[2021-07-14 20:11:20,529] {logging_mixin.py:104} INFO - [2021-07-14 20:11:20,529] {dag.py:1833} INFO - Sync 1 DAGs
[2021-07-14 20:11:20,543] {logging_mixin.py:104} INFO - [2021-07-14 20:11:20,542] {dag.py:2306} INFO - Setting next_dagrun for Pipeline_Spark_Orchestrator to 2021-07-14 00:00:00+00:00
[2021-07-14 20:11:20,552] {scheduler_job.py:190} INFO - Processing /opt/airflow/dags/pipeline_spark.py took 0.139 seconds
[2021-07-14 20:11:51,133] {scheduler_job.py:182} INFO - Started process (PID=1689) to work on /opt/airflow/dags/pipeline_spark.py
[2021-07-14 20:11:51,135] {scheduler_job.py:633} INFO - Processing file /opt/airflow/dags/pipeline_spark.py for tasks to queue
[2021-07-14 20:11:51,136] {logging_mixin.py:104} INFO - [2021-07-14 20:11:51,136] {dagbag.py:496} INFO - Filling up the DagBag from /opt/airflow/dags/pipeline_spark.py
[2021-07-14 20:11:51,280] {scheduler_job.py:643} INFO - DAG(s) dict_keys(['Pipeline_Spark_Orchestrator']) retrieved from /opt/airflow/dags/pipeline_spark.py
[2021-07-14 20:11:51,295] {logging_mixin.py:104} INFO - [2021-07-14 20:11:51,295] {dag.py:1833} INFO - Sync 1 DAGs
[2021-07-14 20:11:51,313] {logging_mixin.py:104} INFO - [2021-07-14 20:11:51,313] {dag.py:2306} INFO - Setting next_dagrun for Pipeline_Spark_Orchestrator to 2021-07-14 00:00:00+00:00
[2021-07-14 20:11:51,324] {scheduler_job.py:190} INFO - Processing /opt/airflow/dags/pipeline_spark.py took 0.194 seconds
[2021-07-14 20:12:21,396] {scheduler_job.py:182} INFO - Started process (PID=1744) to work on /opt/airflow/dags/pipeline_spark.py
[2021-07-14 20:12:21,398] {scheduler_job.py:633} INFO - Processing file /opt/airflow/dags/pipeline_spark.py for tasks to queue
[2021-07-14 20:12:21,400] {logging_mixin.py:104} INFO - [2021-07-14 20:12:21,399] {dagbag.py:496} INFO - Filling up the DagBag from /opt/airflow/dags/pipeline_spark.py
[2021-07-14 20:12:21,496] {scheduler_job.py:643} INFO - DAG(s) dict_keys(['Pipeline_Spark_Orchestrator']) retrieved from /opt/airflow/dags/pipeline_spark.py
[2021-07-14 20:12:21,506] {logging_mixin.py:104} INFO - [2021-07-14 20:12:21,506] {dag.py:1833} INFO - Sync 1 DAGs
[2021-07-14 20:12:21,519] {logging_mixin.py:104} INFO - [2021-07-14 20:12:21,519] {dag.py:2306} INFO - Setting next_dagrun for Pipeline_Spark_Orchestrator to 2021-07-14 00:00:00+00:00
[2021-07-14 20:12:21,528] {scheduler_job.py:190} INFO - Processing /opt/airflow/dags/pipeline_spark.py took 0.137 seconds
[2021-07-14 20:12:51,753] {scheduler_job.py:182} INFO - Started process (PID=1808) to work on /opt/airflow/dags/pipeline_spark.py
[2021-07-14 20:12:51,756] {scheduler_job.py:633} INFO - Processing file /opt/airflow/dags/pipeline_spark.py for tasks to queue
[2021-07-14 20:12:51,758] {logging_mixin.py:104} INFO - [2021-07-14 20:12:51,757] {dagbag.py:496} INFO - Filling up the DagBag from /opt/airflow/dags/pipeline_spark.py
[2021-07-14 20:12:51,854] {scheduler_job.py:643} INFO - DAG(s) dict_keys(['Pipeline_Spark_Orchestrator']) retrieved from /opt/airflow/dags/pipeline_spark.py
[2021-07-14 20:12:51,863] {logging_mixin.py:104} INFO - [2021-07-14 20:12:51,863] {dag.py:1833} INFO - Sync 1 DAGs
[2021-07-14 20:12:51,876] {logging_mixin.py:104} INFO - [2021-07-14 20:12:51,876] {dag.py:2306} INFO - Setting next_dagrun for Pipeline_Spark_Orchestrator to 2021-07-14 00:00:00+00:00
[2021-07-14 20:12:51,885] {scheduler_job.py:190} INFO - Processing /opt/airflow/dags/pipeline_spark.py took 0.134 seconds
[2021-07-14 20:13:22,193] {scheduler_job.py:182} INFO - Started process (PID=1863) to work on /opt/airflow/dags/pipeline_spark.py
[2021-07-14 20:13:22,194] {scheduler_job.py:633} INFO - Processing file /opt/airflow/dags/pipeline_spark.py for tasks to queue
[2021-07-14 20:13:22,194] {logging_mixin.py:104} INFO - [2021-07-14 20:13:22,194] {dagbag.py:496} INFO - Filling up the DagBag from /opt/airflow/dags/pipeline_spark.py
[2021-07-14 20:13:22,289] {scheduler_job.py:643} INFO - DAG(s) dict_keys(['Pipeline_Spark_Orchestrator']) retrieved from /opt/airflow/dags/pipeline_spark.py
[2021-07-14 20:13:22,299] {logging_mixin.py:104} INFO - [2021-07-14 20:13:22,299] {dag.py:1833} INFO - Sync 1 DAGs
[2021-07-14 20:13:22,312] {logging_mixin.py:104} INFO - [2021-07-14 20:13:22,312] {dag.py:2306} INFO - Setting next_dagrun for Pipeline_Spark_Orchestrator to 2021-07-14 00:00:00+00:00
[2021-07-14 20:13:22,325] {scheduler_job.py:190} INFO - Processing /opt/airflow/dags/pipeline_spark.py took 0.135 seconds
[2021-07-14 20:13:53,141] {scheduler_job.py:182} INFO - Started process (PID=1927) to work on /opt/airflow/dags/pipeline_spark.py
[2021-07-14 20:13:53,142] {scheduler_job.py:633} INFO - Processing file /opt/airflow/dags/pipeline_spark.py for tasks to queue
[2021-07-14 20:13:53,143] {logging_mixin.py:104} INFO - [2021-07-14 20:13:53,143] {dagbag.py:496} INFO - Filling up the DagBag from /opt/airflow/dags/pipeline_spark.py
[2021-07-14 20:13:53,238] {scheduler_job.py:643} INFO - DAG(s) dict_keys(['Pipeline_Spark_Orchestrator']) retrieved from /opt/airflow/dags/pipeline_spark.py
[2021-07-14 20:13:53,247] {logging_mixin.py:104} INFO - [2021-07-14 20:13:53,247] {dag.py:1833} INFO - Sync 1 DAGs
[2021-07-14 20:13:53,260] {logging_mixin.py:104} INFO - [2021-07-14 20:13:53,260] {dag.py:2306} INFO - Setting next_dagrun for Pipeline_Spark_Orchestrator to 2021-07-14 00:00:00+00:00
[2021-07-14 20:13:53,270] {scheduler_job.py:190} INFO - Processing /opt/airflow/dags/pipeline_spark.py took 0.132 seconds
[2021-07-14 20:14:24,197] {scheduler_job.py:182} INFO - Started process (PID=1992) to work on /opt/airflow/dags/pipeline_spark.py
[2021-07-14 20:14:24,199] {scheduler_job.py:633} INFO - Processing file /opt/airflow/dags/pipeline_spark.py for tasks to queue
[2021-07-14 20:14:24,200] {logging_mixin.py:104} INFO - [2021-07-14 20:14:24,199] {dagbag.py:496} INFO - Filling up the DagBag from /opt/airflow/dags/pipeline_spark.py
[2021-07-14 20:14:24,341] {scheduler_job.py:643} INFO - DAG(s) dict_keys(['Pipeline_Spark_Orchestrator']) retrieved from /opt/airflow/dags/pipeline_spark.py
[2021-07-14 20:14:24,355] {logging_mixin.py:104} INFO - [2021-07-14 20:14:24,354] {dag.py:1833} INFO - Sync 1 DAGs
[2021-07-14 20:14:24,377] {logging_mixin.py:104} INFO - [2021-07-14 20:14:24,377] {dag.py:2306} INFO - Setting next_dagrun for Pipeline_Spark_Orchestrator to 2021-07-14 00:00:00+00:00
[2021-07-14 20:14:24,389] {scheduler_job.py:190} INFO - Processing /opt/airflow/dags/pipeline_spark.py took 0.195 seconds
[2021-07-14 20:14:54,596] {scheduler_job.py:182} INFO - Started process (PID=2046) to work on /opt/airflow/dags/pipeline_spark.py
[2021-07-14 20:14:54,598] {scheduler_job.py:633} INFO - Processing file /opt/airflow/dags/pipeline_spark.py for tasks to queue
[2021-07-14 20:14:54,599] {logging_mixin.py:104} INFO - [2021-07-14 20:14:54,599] {dagbag.py:496} INFO - Filling up the DagBag from /opt/airflow/dags/pipeline_spark.py
[2021-07-14 20:14:54,797] {scheduler_job.py:643} INFO - DAG(s) dict_keys(['Pipeline_Spark_Orchestrator']) retrieved from /opt/airflow/dags/pipeline_spark.py
[2021-07-14 20:14:54,815] {logging_mixin.py:104} INFO - [2021-07-14 20:14:54,815] {dag.py:1833} INFO - Sync 1 DAGs
[2021-07-14 20:14:54,835] {logging_mixin.py:104} INFO - [2021-07-14 20:14:54,834] {dag.py:2306} INFO - Setting next_dagrun for Pipeline_Spark_Orchestrator to 2021-07-14 00:00:00+00:00
[2021-07-14 20:14:54,854] {scheduler_job.py:190} INFO - Processing /opt/airflow/dags/pipeline_spark.py took 0.262 seconds
[2021-07-14 20:15:24,993] {scheduler_job.py:182} INFO - Started process (PID=2110) to work on /opt/airflow/dags/pipeline_spark.py
[2021-07-14 20:15:24,995] {scheduler_job.py:633} INFO - Processing file /opt/airflow/dags/pipeline_spark.py for tasks to queue
[2021-07-14 20:15:24,996] {logging_mixin.py:104} INFO - [2021-07-14 20:15:24,996] {dagbag.py:496} INFO - Filling up the DagBag from /opt/airflow/dags/pipeline_spark.py
[2021-07-14 20:15:25,164] {scheduler_job.py:643} INFO - DAG(s) dict_keys(['Pipeline_Spark_Orchestrator']) retrieved from /opt/airflow/dags/pipeline_spark.py
[2021-07-14 20:15:25,190] {logging_mixin.py:104} INFO - [2021-07-14 20:15:25,189] {dag.py:1833} INFO - Sync 1 DAGs
[2021-07-14 20:15:25,222] {logging_mixin.py:104} INFO - [2021-07-14 20:15:25,222] {dag.py:2306} INFO - Setting next_dagrun for Pipeline_Spark_Orchestrator to 2021-07-14 00:00:00+00:00
[2021-07-14 20:15:25,246] {scheduler_job.py:190} INFO - Processing /opt/airflow/dags/pipeline_spark.py took 0.255 seconds
[2021-07-14 20:15:55,607] {scheduler_job.py:182} INFO - Started process (PID=2163) to work on /opt/airflow/dags/pipeline_spark.py
[2021-07-14 20:15:55,608] {scheduler_job.py:633} INFO - Processing file /opt/airflow/dags/pipeline_spark.py for tasks to queue
[2021-07-14 20:15:55,609] {logging_mixin.py:104} INFO - [2021-07-14 20:15:55,609] {dagbag.py:496} INFO - Filling up the DagBag from /opt/airflow/dags/pipeline_spark.py
[2021-07-14 20:15:55,705] {scheduler_job.py:643} INFO - DAG(s) dict_keys(['Pipeline_Spark_Orchestrator']) retrieved from /opt/airflow/dags/pipeline_spark.py
[2021-07-14 20:15:55,714] {logging_mixin.py:104} INFO - [2021-07-14 20:15:55,714] {dag.py:1833} INFO - Sync 1 DAGs
[2021-07-14 20:15:55,727] {logging_mixin.py:104} INFO - [2021-07-14 20:15:55,727] {dag.py:2306} INFO - Setting next_dagrun for Pipeline_Spark_Orchestrator to 2021-07-14 00:00:00+00:00
[2021-07-14 20:15:55,736] {scheduler_job.py:190} INFO - Processing /opt/airflow/dags/pipeline_spark.py took 0.134 seconds
[2021-07-14 20:16:26,527] {scheduler_job.py:182} INFO - Started process (PID=2227) to work on /opt/airflow/dags/pipeline_spark.py
[2021-07-14 20:16:26,529] {scheduler_job.py:633} INFO - Processing file /opt/airflow/dags/pipeline_spark.py for tasks to queue
[2021-07-14 20:16:26,530] {logging_mixin.py:104} INFO - [2021-07-14 20:16:26,530] {dagbag.py:496} INFO - Filling up the DagBag from /opt/airflow/dags/pipeline_spark.py
[2021-07-14 20:16:26,639] {scheduler_job.py:643} INFO - DAG(s) dict_keys(['Pipeline_Spark_Orchestrator']) retrieved from /opt/airflow/dags/pipeline_spark.py
[2021-07-14 20:16:26,651] {logging_mixin.py:104} INFO - [2021-07-14 20:16:26,651] {dag.py:1833} INFO - Sync 1 DAGs
[2021-07-14 20:16:26,666] {logging_mixin.py:104} INFO - [2021-07-14 20:16:26,666] {dag.py:2306} INFO - Setting next_dagrun for Pipeline_Spark_Orchestrator to 2021-07-14 00:00:00+00:00
[2021-07-14 20:16:26,675] {scheduler_job.py:190} INFO - Processing /opt/airflow/dags/pipeline_spark.py took 0.152 seconds
[2021-07-14 20:16:57,111] {scheduler_job.py:182} INFO - Started process (PID=2279) to work on /opt/airflow/dags/pipeline_spark.py
[2021-07-14 20:16:57,112] {scheduler_job.py:633} INFO - Processing file /opt/airflow/dags/pipeline_spark.py for tasks to queue
[2021-07-14 20:16:57,113] {logging_mixin.py:104} INFO - [2021-07-14 20:16:57,113] {dagbag.py:496} INFO - Filling up the DagBag from /opt/airflow/dags/pipeline_spark.py
[2021-07-14 20:16:57,241] {scheduler_job.py:643} INFO - DAG(s) dict_keys(['Pipeline_Spark_Orchestrator']) retrieved from /opt/airflow/dags/pipeline_spark.py
[2021-07-14 20:16:57,254] {logging_mixin.py:104} INFO - [2021-07-14 20:16:57,254] {dag.py:1833} INFO - Sync 1 DAGs
[2021-07-14 20:16:57,272] {logging_mixin.py:104} INFO - [2021-07-14 20:16:57,271] {dag.py:2306} INFO - Setting next_dagrun for Pipeline_Spark_Orchestrator to 2021-07-14 00:00:00+00:00
[2021-07-14 20:16:57,283] {scheduler_job.py:190} INFO - Processing /opt/airflow/dags/pipeline_spark.py took 0.176 seconds
[2021-07-14 20:17:27,528] {scheduler_job.py:182} INFO - Started process (PID=2342) to work on /opt/airflow/dags/pipeline_spark.py
[2021-07-14 20:17:27,530] {scheduler_job.py:633} INFO - Processing file /opt/airflow/dags/pipeline_spark.py for tasks to queue
[2021-07-14 20:17:27,531] {logging_mixin.py:104} INFO - [2021-07-14 20:17:27,531] {dagbag.py:496} INFO - Filling up the DagBag from /opt/airflow/dags/pipeline_spark.py
[2021-07-14 20:17:27,707] {scheduler_job.py:643} INFO - DAG(s) dict_keys(['Pipeline_Spark_Orchestrator']) retrieved from /opt/airflow/dags/pipeline_spark.py
[2021-07-14 20:17:27,721] {logging_mixin.py:104} INFO - [2021-07-14 20:17:27,721] {dag.py:1833} INFO - Sync 1 DAGs
[2021-07-14 20:17:27,746] {logging_mixin.py:104} INFO - [2021-07-14 20:17:27,746] {dag.py:2306} INFO - Setting next_dagrun for Pipeline_Spark_Orchestrator to 2021-07-14 00:00:00+00:00
[2021-07-14 20:17:27,763] {scheduler_job.py:190} INFO - Processing /opt/airflow/dags/pipeline_spark.py took 0.240 seconds
[2021-07-14 20:17:58,077] {scheduler_job.py:182} INFO - Started process (PID=2395) to work on /opt/airflow/dags/pipeline_spark.py
[2021-07-14 20:17:58,078] {scheduler_job.py:633} INFO - Processing file /opt/airflow/dags/pipeline_spark.py for tasks to queue
[2021-07-14 20:17:58,079] {logging_mixin.py:104} INFO - [2021-07-14 20:17:58,079] {dagbag.py:496} INFO - Filling up the DagBag from /opt/airflow/dags/pipeline_spark.py
[2021-07-14 20:17:58,188] {scheduler_job.py:643} INFO - DAG(s) dict_keys(['Pipeline_Spark_Orchestrator']) retrieved from /opt/airflow/dags/pipeline_spark.py
[2021-07-14 20:17:58,199] {logging_mixin.py:104} INFO - [2021-07-14 20:17:58,199] {dag.py:1833} INFO - Sync 1 DAGs
[2021-07-14 20:17:58,214] {logging_mixin.py:104} INFO - [2021-07-14 20:17:58,214] {dag.py:2306} INFO - Setting next_dagrun for Pipeline_Spark_Orchestrator to 2021-07-14 00:00:00+00:00
[2021-07-14 20:17:58,228] {scheduler_job.py:190} INFO - Processing /opt/airflow/dags/pipeline_spark.py took 0.155 seconds
[2021-07-14 20:18:28,723] {scheduler_job.py:182} INFO - Started process (PID=2461) to work on /opt/airflow/dags/pipeline_spark.py
[2021-07-14 20:18:28,728] {scheduler_job.py:633} INFO - Processing file /opt/airflow/dags/pipeline_spark.py for tasks to queue
[2021-07-14 20:18:28,729] {logging_mixin.py:104} INFO - [2021-07-14 20:18:28,729] {dagbag.py:496} INFO - Filling up the DagBag from /opt/airflow/dags/pipeline_spark.py
[2021-07-14 20:18:28,883] {scheduler_job.py:643} INFO - DAG(s) dict_keys(['Pipeline_Spark_Orchestrator']) retrieved from /opt/airflow/dags/pipeline_spark.py
[2021-07-14 20:18:28,895] {logging_mixin.py:104} INFO - [2021-07-14 20:18:28,895] {dag.py:1833} INFO - Sync 1 DAGs
[2021-07-14 20:18:28,916] {logging_mixin.py:104} INFO - [2021-07-14 20:18:28,916] {dag.py:2306} INFO - Setting next_dagrun for Pipeline_Spark_Orchestrator to 2021-07-14 00:00:00+00:00
[2021-07-14 20:18:28,933] {scheduler_job.py:190} INFO - Processing /opt/airflow/dags/pipeline_spark.py took 0.215 seconds
[2021-07-14 20:18:59,427] {scheduler_job.py:182} INFO - Started process (PID=2514) to work on /opt/airflow/dags/pipeline_spark.py
[2021-07-14 20:18:59,429] {scheduler_job.py:633} INFO - Processing file /opt/airflow/dags/pipeline_spark.py for tasks to queue
[2021-07-14 20:18:59,430] {logging_mixin.py:104} INFO - [2021-07-14 20:18:59,430] {dagbag.py:496} INFO - Filling up the DagBag from /opt/airflow/dags/pipeline_spark.py
[2021-07-14 20:18:59,614] {scheduler_job.py:643} INFO - DAG(s) dict_keys(['Pipeline_Spark_Orchestrator']) retrieved from /opt/airflow/dags/pipeline_spark.py
[2021-07-14 20:18:59,634] {logging_mixin.py:104} INFO - [2021-07-14 20:18:59,634] {dag.py:1833} INFO - Sync 1 DAGs
[2021-07-14 20:18:59,661] {logging_mixin.py:104} INFO - [2021-07-14 20:18:59,661] {dag.py:2306} INFO - Setting next_dagrun for Pipeline_Spark_Orchestrator to 2021-07-14 00:00:00+00:00
[2021-07-14 20:18:59,680] {scheduler_job.py:190} INFO - Processing /opt/airflow/dags/pipeline_spark.py took 0.258 seconds
[2021-07-14 20:19:29,802] {scheduler_job.py:182} INFO - Started process (PID=2578) to work on /opt/airflow/dags/pipeline_spark.py
[2021-07-14 20:19:29,804] {scheduler_job.py:633} INFO - Processing file /opt/airflow/dags/pipeline_spark.py for tasks to queue
[2021-07-14 20:19:29,804] {logging_mixin.py:104} INFO - [2021-07-14 20:19:29,804] {dagbag.py:496} INFO - Filling up the DagBag from /opt/airflow/dags/pipeline_spark.py
[2021-07-14 20:19:29,912] {scheduler_job.py:643} INFO - DAG(s) dict_keys(['Pipeline_Spark_Orchestrator']) retrieved from /opt/airflow/dags/pipeline_spark.py
[2021-07-14 20:19:29,922] {logging_mixin.py:104} INFO - [2021-07-14 20:19:29,922] {dag.py:1833} INFO - Sync 1 DAGs
[2021-07-14 20:19:29,935] {logging_mixin.py:104} INFO - [2021-07-14 20:19:29,935] {dag.py:2306} INFO - Setting next_dagrun for Pipeline_Spark_Orchestrator to 2021-07-14 00:00:00+00:00
[2021-07-14 20:19:29,945] {scheduler_job.py:190} INFO - Processing /opt/airflow/dags/pipeline_spark.py took 0.146 seconds
[2021-07-14 20:20:00,152] {scheduler_job.py:182} INFO - Started process (PID=2630) to work on /opt/airflow/dags/pipeline_spark.py
[2021-07-14 20:20:00,154] {scheduler_job.py:633} INFO - Processing file /opt/airflow/dags/pipeline_spark.py for tasks to queue
[2021-07-14 20:20:00,154] {logging_mixin.py:104} INFO - [2021-07-14 20:20:00,154] {dagbag.py:496} INFO - Filling up the DagBag from /opt/airflow/dags/pipeline_spark.py
[2021-07-14 20:20:00,296] {scheduler_job.py:643} INFO - DAG(s) dict_keys(['Pipeline_Spark_Orchestrator']) retrieved from /opt/airflow/dags/pipeline_spark.py
[2021-07-14 20:20:00,305] {logging_mixin.py:104} INFO - [2021-07-14 20:20:00,305] {dag.py:1833} INFO - Sync 1 DAGs
[2021-07-14 20:20:00,320] {logging_mixin.py:104} INFO - [2021-07-14 20:20:00,320] {dag.py:2306} INFO - Setting next_dagrun for Pipeline_Spark_Orchestrator to 2021-07-14 00:00:00+00:00
[2021-07-14 20:20:00,330] {scheduler_job.py:190} INFO - Processing /opt/airflow/dags/pipeline_spark.py took 0.182 seconds
[2021-07-14 20:20:30,352] {scheduler_job.py:182} INFO - Started process (PID=2694) to work on /opt/airflow/dags/pipeline_spark.py
[2021-07-14 20:20:30,353] {scheduler_job.py:633} INFO - Processing file /opt/airflow/dags/pipeline_spark.py for tasks to queue
[2021-07-14 20:20:30,354] {logging_mixin.py:104} INFO - [2021-07-14 20:20:30,354] {dagbag.py:496} INFO - Filling up the DagBag from /opt/airflow/dags/pipeline_spark.py
[2021-07-14 20:20:30,466] {scheduler_job.py:643} INFO - DAG(s) dict_keys(['Pipeline_Spark_Orchestrator']) retrieved from /opt/airflow/dags/pipeline_spark.py
[2021-07-14 20:20:30,477] {logging_mixin.py:104} INFO - [2021-07-14 20:20:30,477] {dag.py:1833} INFO - Sync 1 DAGs
[2021-07-14 20:20:30,493] {logging_mixin.py:104} INFO - [2021-07-14 20:20:30,493] {dag.py:2306} INFO - Setting next_dagrun for Pipeline_Spark_Orchestrator to 2021-07-14 00:00:00+00:00
[2021-07-14 20:20:30,504] {scheduler_job.py:190} INFO - Processing /opt/airflow/dags/pipeline_spark.py took 0.155 seconds
[2021-07-14 20:21:01,026] {scheduler_job.py:182} INFO - Started process (PID=2749) to work on /opt/airflow/dags/pipeline_spark.py
[2021-07-14 20:21:01,028] {scheduler_job.py:633} INFO - Processing file /opt/airflow/dags/pipeline_spark.py for tasks to queue
[2021-07-14 20:21:01,029] {logging_mixin.py:104} INFO - [2021-07-14 20:21:01,029] {dagbag.py:496} INFO - Filling up the DagBag from /opt/airflow/dags/pipeline_spark.py
[2021-07-14 20:21:01,222] {scheduler_job.py:643} INFO - DAG(s) dict_keys(['Pipeline_Spark_Orchestrator']) retrieved from /opt/airflow/dags/pipeline_spark.py
[2021-07-14 20:21:01,236] {logging_mixin.py:104} INFO - [2021-07-14 20:21:01,236] {dag.py:1833} INFO - Sync 1 DAGs
[2021-07-14 20:21:01,259] {logging_mixin.py:104} INFO - [2021-07-14 20:21:01,259] {dag.py:2306} INFO - Setting next_dagrun for Pipeline_Spark_Orchestrator to 2021-07-14 00:00:00+00:00
[2021-07-14 20:21:01,273] {scheduler_job.py:190} INFO - Processing /opt/airflow/dags/pipeline_spark.py took 0.250 seconds
[2021-07-14 20:21:31,376] {scheduler_job.py:182} INFO - Started process (PID=2814) to work on /opt/airflow/dags/pipeline_spark.py
[2021-07-14 20:21:31,378] {scheduler_job.py:633} INFO - Processing file /opt/airflow/dags/pipeline_spark.py for tasks to queue
[2021-07-14 20:21:31,379] {logging_mixin.py:104} INFO - [2021-07-14 20:21:31,378] {dagbag.py:496} INFO - Filling up the DagBag from /opt/airflow/dags/pipeline_spark.py
[2021-07-14 20:21:31,524] {scheduler_job.py:643} INFO - DAG(s) dict_keys(['Pipeline_Spark_Orchestrator']) retrieved from /opt/airflow/dags/pipeline_spark.py
[2021-07-14 20:21:31,537] {logging_mixin.py:104} INFO - [2021-07-14 20:21:31,537] {dag.py:1833} INFO - Sync 1 DAGs
[2021-07-14 20:21:31,560] {logging_mixin.py:104} INFO - [2021-07-14 20:21:31,559] {dag.py:2306} INFO - Setting next_dagrun for Pipeline_Spark_Orchestrator to 2021-07-14 00:00:00+00:00
[2021-07-14 20:21:31,571] {scheduler_job.py:190} INFO - Processing /opt/airflow/dags/pipeline_spark.py took 0.200 seconds
[2021-07-14 20:22:02,011] {scheduler_job.py:182} INFO - Started process (PID=2868) to work on /opt/airflow/dags/pipeline_spark.py
[2021-07-14 20:22:02,013] {scheduler_job.py:633} INFO - Processing file /opt/airflow/dags/pipeline_spark.py for tasks to queue
[2021-07-14 20:22:02,014] {logging_mixin.py:104} INFO - [2021-07-14 20:22:02,014] {dagbag.py:496} INFO - Filling up the DagBag from /opt/airflow/dags/pipeline_spark.py
[2021-07-14 20:22:02,126] {scheduler_job.py:643} INFO - DAG(s) dict_keys(['Pipeline_Spark_Orchestrator']) retrieved from /opt/airflow/dags/pipeline_spark.py
[2021-07-14 20:22:02,136] {logging_mixin.py:104} INFO - [2021-07-14 20:22:02,136] {dag.py:1833} INFO - Sync 1 DAGs
[2021-07-14 20:22:02,149] {logging_mixin.py:104} INFO - [2021-07-14 20:22:02,149] {dag.py:2306} INFO - Setting next_dagrun for Pipeline_Spark_Orchestrator to 2021-07-14 00:00:00+00:00
[2021-07-14 20:22:02,158] {scheduler_job.py:190} INFO - Processing /opt/airflow/dags/pipeline_spark.py took 0.151 seconds
