[2021-07-14 19:04:51,871] {scheduler_job.py:182} INFO - Started process (PID=26) to work on /opt/airflow/dags/tutorial.py
[2021-07-14 19:04:51,873] {scheduler_job.py:633} INFO - Processing file /opt/airflow/dags/tutorial.py for tasks to queue
[2021-07-14 19:04:51,874] {logging_mixin.py:104} INFO - [2021-07-14 19:04:51,874] {dagbag.py:496} INFO - Filling up the DagBag from /opt/airflow/dags/tutorial.py
[2021-07-14 19:04:52,555] {scheduler_job.py:643} INFO - DAG(s) dict_keys(['Pipeline_Spark']) retrieved from /opt/airflow/dags/tutorial.py
[2021-07-14 19:04:53,335] {logging_mixin.py:104} INFO - [2021-07-14 19:04:53,334] {dag.py:1833} INFO - Sync 1 DAGs
[2021-07-14 19:04:53,382] {logging_mixin.py:104} INFO - [2021-07-14 19:04:53,382] {dag.py:2306} INFO - Setting next_dagrun for Pipeline_Spark to 2021-07-12 00:00:00+00:00
[2021-07-14 19:04:53,415] {scheduler_job.py:190} INFO - Processing /opt/airflow/dags/tutorial.py took 1.565 seconds
[2021-07-14 19:05:24,312] {scheduler_job.py:182} INFO - Started process (PID=86) to work on /opt/airflow/dags/tutorial.py
[2021-07-14 19:05:24,314] {scheduler_job.py:633} INFO - Processing file /opt/airflow/dags/tutorial.py for tasks to queue
[2021-07-14 19:05:24,317] {logging_mixin.py:104} INFO - [2021-07-14 19:05:24,317] {dagbag.py:496} INFO - Filling up the DagBag from /opt/airflow/dags/tutorial.py
[2021-07-14 19:05:24,641] {scheduler_job.py:643} INFO - DAG(s) dict_keys(['Pipeline_Spark']) retrieved from /opt/airflow/dags/tutorial.py
[2021-07-14 19:05:24,659] {logging_mixin.py:104} INFO - [2021-07-14 19:05:24,658] {dag.py:1833} INFO - Sync 1 DAGs
[2021-07-14 19:05:24,688] {logging_mixin.py:104} INFO - [2021-07-14 19:05:24,688] {dag.py:2306} INFO - Setting next_dagrun for Pipeline_Spark to 2021-07-12 00:00:00+00:00
[2021-07-14 19:05:24,708] {scheduler_job.py:190} INFO - Processing /opt/airflow/dags/tutorial.py took 0.400 seconds
[2021-07-14 19:05:54,866] {scheduler_job.py:182} INFO - Started process (PID=140) to work on /opt/airflow/dags/tutorial.py
[2021-07-14 19:05:54,871] {scheduler_job.py:633} INFO - Processing file /opt/airflow/dags/tutorial.py for tasks to queue
[2021-07-14 19:05:54,874] {logging_mixin.py:104} INFO - [2021-07-14 19:05:54,873] {dagbag.py:496} INFO - Filling up the DagBag from /opt/airflow/dags/tutorial.py
[2021-07-14 19:05:55,220] {scheduler_job.py:643} INFO - DAG(s) dict_keys(['Pipeline_Spark']) retrieved from /opt/airflow/dags/tutorial.py
[2021-07-14 19:05:55,250] {logging_mixin.py:104} INFO - [2021-07-14 19:05:55,250] {dag.py:1833} INFO - Sync 1 DAGs
[2021-07-14 19:05:55,301] {logging_mixin.py:104} INFO - [2021-07-14 19:05:55,301] {dag.py:2306} INFO - Setting next_dagrun for Pipeline_Spark to 2021-07-12 00:00:00+00:00
[2021-07-14 19:05:55,327] {scheduler_job.py:190} INFO - Processing /opt/airflow/dags/tutorial.py took 0.471 seconds
[2021-07-14 19:06:25,370] {scheduler_job.py:182} INFO - Started process (PID=193) to work on /opt/airflow/dags/tutorial.py
[2021-07-14 19:06:25,371] {scheduler_job.py:633} INFO - Processing file /opt/airflow/dags/tutorial.py for tasks to queue
[2021-07-14 19:06:25,373] {logging_mixin.py:104} INFO - [2021-07-14 19:06:25,372] {dagbag.py:496} INFO - Filling up the DagBag from /opt/airflow/dags/tutorial.py
[2021-07-14 19:06:25,559] {scheduler_job.py:643} INFO - DAG(s) dict_keys(['Pipeline_Spark']) retrieved from /opt/airflow/dags/tutorial.py
[2021-07-14 19:06:25,573] {logging_mixin.py:104} INFO - [2021-07-14 19:06:25,573] {dag.py:1833} INFO - Sync 1 DAGs
[2021-07-14 19:06:25,590] {logging_mixin.py:104} INFO - [2021-07-14 19:06:25,589] {dag.py:2306} INFO - Setting next_dagrun for Pipeline_Spark to 2021-07-12 00:00:00+00:00
[2021-07-14 19:06:25,603] {scheduler_job.py:190} INFO - Processing /opt/airflow/dags/tutorial.py took 0.237 seconds
[2021-07-14 19:06:55,931] {scheduler_job.py:182} INFO - Started process (PID=256) to work on /opt/airflow/dags/tutorial.py
[2021-07-14 19:06:55,933] {scheduler_job.py:633} INFO - Processing file /opt/airflow/dags/tutorial.py for tasks to queue
[2021-07-14 19:06:55,934] {logging_mixin.py:104} INFO - [2021-07-14 19:06:55,934] {dagbag.py:496} INFO - Filling up the DagBag from /opt/airflow/dags/tutorial.py
[2021-07-14 19:06:56,173] {scheduler_job.py:643} INFO - DAG(s) dict_keys(['Pipeline_Spark']) retrieved from /opt/airflow/dags/tutorial.py
[2021-07-14 19:06:56,194] {logging_mixin.py:104} INFO - [2021-07-14 19:06:56,194] {dag.py:1833} INFO - Sync 1 DAGs
[2021-07-14 19:06:56,221] {logging_mixin.py:104} INFO - [2021-07-14 19:06:56,221] {dag.py:2306} INFO - Setting next_dagrun for Pipeline_Spark to 2021-07-12 00:00:00+00:00
[2021-07-14 19:06:56,240] {scheduler_job.py:190} INFO - Processing /opt/airflow/dags/tutorial.py took 0.315 seconds
[2021-07-14 19:07:26,812] {scheduler_job.py:182} INFO - Started process (PID=310) to work on /opt/airflow/dags/tutorial.py
[2021-07-14 19:07:26,819] {scheduler_job.py:633} INFO - Processing file /opt/airflow/dags/tutorial.py for tasks to queue
[2021-07-14 19:07:26,820] {logging_mixin.py:104} INFO - [2021-07-14 19:07:26,820] {dagbag.py:496} INFO - Filling up the DagBag from /opt/airflow/dags/tutorial.py
[2021-07-14 19:07:27,000] {scheduler_job.py:643} INFO - DAG(s) dict_keys(['Pipeline_Spark']) retrieved from /opt/airflow/dags/tutorial.py
[2021-07-14 19:07:27,013] {logging_mixin.py:104} INFO - [2021-07-14 19:07:27,013] {dag.py:1833} INFO - Sync 1 DAGs
[2021-07-14 19:07:27,031] {logging_mixin.py:104} INFO - [2021-07-14 19:07:27,030] {dag.py:2306} INFO - Setting next_dagrun for Pipeline_Spark to 2021-07-12 00:00:00+00:00
[2021-07-14 19:07:27,044] {scheduler_job.py:190} INFO - Processing /opt/airflow/dags/tutorial.py took 0.237 seconds
[2021-07-14 19:07:58,612] {scheduler_job.py:182} INFO - Started process (PID=364) to work on /opt/airflow/dags/tutorial.py
[2021-07-14 19:07:58,636] {scheduler_job.py:633} INFO - Processing file /opt/airflow/dags/tutorial.py for tasks to queue
[2021-07-14 19:07:58,637] {logging_mixin.py:104} INFO - [2021-07-14 19:07:58,637] {dagbag.py:496} INFO - Filling up the DagBag from /opt/airflow/dags/tutorial.py
[2021-07-14 19:08:54,603] {scheduler_job.py:182} INFO - Started process (PID=25) to work on /opt/airflow/dags/tutorial.py
[2021-07-14 19:08:54,604] {scheduler_job.py:633} INFO - Processing file /opt/airflow/dags/tutorial.py for tasks to queue
[2021-07-14 19:08:54,605] {logging_mixin.py:104} INFO - [2021-07-14 19:08:54,605] {dagbag.py:496} INFO - Filling up the DagBag from /opt/airflow/dags/tutorial.py
[2021-07-14 19:08:54,828] {scheduler_job.py:643} INFO - DAG(s) dict_keys(['Pipeline_Spark']) retrieved from /opt/airflow/dags/tutorial.py
[2021-07-14 19:08:54,844] {logging_mixin.py:104} INFO - [2021-07-14 19:08:54,844] {dag.py:1833} INFO - Sync 1 DAGs
[2021-07-14 19:08:54,866] {logging_mixin.py:104} INFO - [2021-07-14 19:08:54,866] {dag.py:2306} INFO - Setting next_dagrun for Pipeline_Spark to 2021-07-12 00:00:00+00:00
[2021-07-14 19:08:54,883] {scheduler_job.py:190} INFO - Processing /opt/airflow/dags/tutorial.py took 0.283 seconds
[2021-07-14 19:09:25,695] {scheduler_job.py:182} INFO - Started process (PID=85) to work on /opt/airflow/dags/tutorial.py
[2021-07-14 19:09:25,696] {scheduler_job.py:633} INFO - Processing file /opt/airflow/dags/tutorial.py for tasks to queue
[2021-07-14 19:09:25,697] {logging_mixin.py:104} INFO - [2021-07-14 19:09:25,696] {dagbag.py:496} INFO - Filling up the DagBag from /opt/airflow/dags/tutorial.py
[2021-07-14 19:09:25,914] {scheduler_job.py:643} INFO - DAG(s) dict_keys(['Pipeline_Spark']) retrieved from /opt/airflow/dags/tutorial.py
[2021-07-14 19:09:25,935] {logging_mixin.py:104} INFO - [2021-07-14 19:09:25,935] {dag.py:1833} INFO - Sync 1 DAGs
[2021-07-14 19:09:25,974] {logging_mixin.py:104} INFO - [2021-07-14 19:09:25,973] {dag.py:2306} INFO - Setting next_dagrun for Pipeline_Spark to 2021-07-12 00:00:00+00:00
[2021-07-14 19:09:25,995] {scheduler_job.py:190} INFO - Processing /opt/airflow/dags/tutorial.py took 0.304 seconds
[2021-07-14 19:09:56,834] {scheduler_job.py:182} INFO - Started process (PID=144) to work on /opt/airflow/dags/tutorial.py
[2021-07-14 19:09:56,835] {scheduler_job.py:633} INFO - Processing file /opt/airflow/dags/tutorial.py for tasks to queue
[2021-07-14 19:09:56,836] {logging_mixin.py:104} INFO - [2021-07-14 19:09:56,836] {dagbag.py:496} INFO - Filling up the DagBag from /opt/airflow/dags/tutorial.py
[2021-07-14 19:09:56,967] {scheduler_job.py:643} INFO - DAG(s) dict_keys(['Pipeline_Spark']) retrieved from /opt/airflow/dags/tutorial.py
[2021-07-14 19:09:56,978] {logging_mixin.py:104} INFO - [2021-07-14 19:09:56,978] {dag.py:1833} INFO - Sync 1 DAGs
[2021-07-14 19:09:56,994] {logging_mixin.py:104} INFO - [2021-07-14 19:09:56,994] {dag.py:2306} INFO - Setting next_dagrun for Pipeline_Spark to 2021-07-12 00:00:00+00:00
[2021-07-14 19:09:57,005] {scheduler_job.py:190} INFO - Processing /opt/airflow/dags/tutorial.py took 0.175 seconds
[2021-07-14 19:10:27,102] {scheduler_job.py:182} INFO - Started process (PID=203) to work on /opt/airflow/dags/tutorial.py
[2021-07-14 19:10:27,104] {scheduler_job.py:633} INFO - Processing file /opt/airflow/dags/tutorial.py for tasks to queue
[2021-07-14 19:10:27,105] {logging_mixin.py:104} INFO - [2021-07-14 19:10:27,105] {dagbag.py:496} INFO - Filling up the DagBag from /opt/airflow/dags/tutorial.py
[2021-07-14 19:10:27,305] {scheduler_job.py:643} INFO - DAG(s) dict_keys(['Pipeline_Spark']) retrieved from /opt/airflow/dags/tutorial.py
[2021-07-14 19:10:27,323] {logging_mixin.py:104} INFO - [2021-07-14 19:10:27,323] {dag.py:1833} INFO - Sync 1 DAGs
[2021-07-14 19:10:27,346] {logging_mixin.py:104} INFO - [2021-07-14 19:10:27,345] {dag.py:2306} INFO - Setting next_dagrun for Pipeline_Spark to 2021-07-12 00:00:00+00:00
[2021-07-14 19:10:27,363] {scheduler_job.py:190} INFO - Processing /opt/airflow/dags/tutorial.py took 0.264 seconds
[2021-07-14 19:10:58,013] {scheduler_job.py:182} INFO - Started process (PID=265) to work on /opt/airflow/dags/tutorial.py
[2021-07-14 19:10:58,014] {scheduler_job.py:633} INFO - Processing file /opt/airflow/dags/tutorial.py for tasks to queue
[2021-07-14 19:10:58,015] {logging_mixin.py:104} INFO - [2021-07-14 19:10:58,015] {dagbag.py:496} INFO - Filling up the DagBag from /opt/airflow/dags/tutorial.py
[2021-07-14 19:10:58,172] {scheduler_job.py:643} INFO - DAG(s) dict_keys(['Pipeline_Spark']) retrieved from /opt/airflow/dags/tutorial.py
[2021-07-14 19:10:58,190] {logging_mixin.py:104} INFO - [2021-07-14 19:10:58,190] {dag.py:1833} INFO - Sync 1 DAGs
[2021-07-14 19:10:58,212] {logging_mixin.py:104} INFO - [2021-07-14 19:10:58,211] {dag.py:2306} INFO - Setting next_dagrun for Pipeline_Spark to 2021-07-12 00:00:00+00:00
[2021-07-14 19:10:58,226] {scheduler_job.py:190} INFO - Processing /opt/airflow/dags/tutorial.py took 0.217 seconds
[2021-07-14 19:11:28,616] {scheduler_job.py:182} INFO - Started process (PID=319) to work on /opt/airflow/dags/tutorial.py
[2021-07-14 19:11:28,622] {scheduler_job.py:633} INFO - Processing file /opt/airflow/dags/tutorial.py for tasks to queue
[2021-07-14 19:11:28,623] {logging_mixin.py:104} INFO - [2021-07-14 19:11:28,623] {dagbag.py:496} INFO - Filling up the DagBag from /opt/airflow/dags/tutorial.py
[2021-07-14 19:11:28,766] {scheduler_job.py:643} INFO - DAG(s) dict_keys(['Pipeline_Spark']) retrieved from /opt/airflow/dags/tutorial.py
[2021-07-14 19:11:28,785] {logging_mixin.py:104} INFO - [2021-07-14 19:11:28,784] {dag.py:1833} INFO - Sync 1 DAGs
[2021-07-14 19:11:28,807] {logging_mixin.py:104} INFO - [2021-07-14 19:11:28,807] {dag.py:2306} INFO - Setting next_dagrun for Pipeline_Spark to 2021-07-12 00:00:00+00:00
[2021-07-14 19:11:28,822] {scheduler_job.py:190} INFO - Processing /opt/airflow/dags/tutorial.py took 0.210 seconds
[2021-07-14 19:11:59,468] {scheduler_job.py:182} INFO - Started process (PID=382) to work on /opt/airflow/dags/tutorial.py
[2021-07-14 19:11:59,469] {scheduler_job.py:633} INFO - Processing file /opt/airflow/dags/tutorial.py for tasks to queue
[2021-07-14 19:11:59,470] {logging_mixin.py:104} INFO - [2021-07-14 19:11:59,470] {dagbag.py:496} INFO - Filling up the DagBag from /opt/airflow/dags/tutorial.py
[2021-07-14 19:11:59,600] {scheduler_job.py:643} INFO - DAG(s) dict_keys(['Pipeline_Spark']) retrieved from /opt/airflow/dags/tutorial.py
[2021-07-14 19:11:59,615] {logging_mixin.py:104} INFO - [2021-07-14 19:11:59,614] {dag.py:1833} INFO - Sync 1 DAGs
[2021-07-14 19:11:59,632] {logging_mixin.py:104} INFO - [2021-07-14 19:11:59,631] {dag.py:2306} INFO - Setting next_dagrun for Pipeline_Spark to 2021-07-12 00:00:00+00:00
[2021-07-14 19:11:59,642] {scheduler_job.py:190} INFO - Processing /opt/airflow/dags/tutorial.py took 0.178 seconds
[2021-07-14 19:12:30,264] {scheduler_job.py:182} INFO - Started process (PID=436) to work on /opt/airflow/dags/tutorial.py
[2021-07-14 19:12:30,265] {scheduler_job.py:633} INFO - Processing file /opt/airflow/dags/tutorial.py for tasks to queue
[2021-07-14 19:12:30,265] {logging_mixin.py:104} INFO - [2021-07-14 19:12:30,265] {dagbag.py:496} INFO - Filling up the DagBag from /opt/airflow/dags/tutorial.py
[2021-07-14 19:12:30,400] {scheduler_job.py:643} INFO - DAG(s) dict_keys(['Pipeline_Spark']) retrieved from /opt/airflow/dags/tutorial.py
[2021-07-14 19:12:30,415] {logging_mixin.py:104} INFO - [2021-07-14 19:12:30,415] {dag.py:1833} INFO - Sync 1 DAGs
[2021-07-14 19:12:30,436] {logging_mixin.py:104} INFO - [2021-07-14 19:12:30,436] {dag.py:2306} INFO - Setting next_dagrun for Pipeline_Spark to 2021-07-12 00:00:00+00:00
[2021-07-14 19:12:30,451] {scheduler_job.py:190} INFO - Processing /opt/airflow/dags/tutorial.py took 0.191 seconds
[2021-07-14 19:57:41,066] {scheduler_job.py:182} INFO - Started process (PID=25) to work on /opt/airflow/dags/tutorial.py
[2021-07-14 19:57:41,067] {scheduler_job.py:633} INFO - Processing file /opt/airflow/dags/tutorial.py for tasks to queue
[2021-07-14 19:57:41,068] {logging_mixin.py:104} INFO - [2021-07-14 19:57:41,068] {dagbag.py:496} INFO - Filling up the DagBag from /opt/airflow/dags/tutorial.py
[2021-07-14 19:57:41,573] {scheduler_job.py:643} INFO - DAG(s) dict_keys(['Pipeline_Spark']) retrieved from /opt/airflow/dags/tutorial.py
[2021-07-14 19:57:41,601] {logging_mixin.py:104} INFO - [2021-07-14 19:57:41,601] {dag.py:1833} INFO - Sync 1 DAGs
[2021-07-14 19:57:41,661] {logging_mixin.py:104} INFO - [2021-07-14 19:57:41,660] {dag.py:2306} INFO - Setting next_dagrun for Pipeline_Spark to 2021-07-12 00:00:00+00:00
[2021-07-14 19:57:41,742] {scheduler_job.py:190} INFO - Processing /opt/airflow/dags/tutorial.py took 0.717 seconds
[2021-07-14 19:58:12,347] {scheduler_job.py:182} INFO - Started process (PID=78) to work on /opt/airflow/dags/tutorial.py
[2021-07-14 19:58:12,349] {scheduler_job.py:633} INFO - Processing file /opt/airflow/dags/tutorial.py for tasks to queue
[2021-07-14 19:58:12,350] {logging_mixin.py:104} INFO - [2021-07-14 19:58:12,349] {dagbag.py:496} INFO - Filling up the DagBag from /opt/airflow/dags/tutorial.py
[2021-07-14 19:58:12,597] {scheduler_job.py:643} INFO - DAG(s) dict_keys(['Pipeline_Spark']) retrieved from /opt/airflow/dags/tutorial.py
[2021-07-14 19:58:12,619] {logging_mixin.py:104} INFO - [2021-07-14 19:58:12,619] {dag.py:1833} INFO - Sync 1 DAGs
[2021-07-14 19:58:12,645] {logging_mixin.py:104} INFO - [2021-07-14 19:58:12,645] {dag.py:2306} INFO - Setting next_dagrun for Pipeline_Spark to 2021-07-12 00:00:00+00:00
[2021-07-14 19:58:12,662] {scheduler_job.py:190} INFO - Processing /opt/airflow/dags/tutorial.py took 0.319 seconds
[2021-07-14 19:58:43,615] {scheduler_job.py:182} INFO - Started process (PID=143) to work on /opt/airflow/dags/tutorial.py
[2021-07-14 19:58:43,616] {scheduler_job.py:633} INFO - Processing file /opt/airflow/dags/tutorial.py for tasks to queue
[2021-07-14 19:58:43,617] {logging_mixin.py:104} INFO - [2021-07-14 19:58:43,617] {dagbag.py:496} INFO - Filling up the DagBag from /opt/airflow/dags/tutorial.py
[2021-07-14 19:58:43,747] {scheduler_job.py:643} INFO - DAG(s) dict_keys(['Pipeline_Spark']) retrieved from /opt/airflow/dags/tutorial.py
[2021-07-14 19:58:43,759] {logging_mixin.py:104} INFO - [2021-07-14 19:58:43,759] {dag.py:1833} INFO - Sync 1 DAGs
[2021-07-14 19:58:43,778] {logging_mixin.py:104} INFO - [2021-07-14 19:58:43,778] {dag.py:2306} INFO - Setting next_dagrun for Pipeline_Spark to 2021-07-12 00:00:00+00:00
[2021-07-14 19:58:43,790] {scheduler_job.py:190} INFO - Processing /opt/airflow/dags/tutorial.py took 0.179 seconds
[2021-07-14 19:59:14,173] {scheduler_job.py:182} INFO - Started process (PID=197) to work on /opt/airflow/dags/tutorial.py
[2021-07-14 19:59:14,175] {scheduler_job.py:633} INFO - Processing file /opt/airflow/dags/tutorial.py for tasks to queue
[2021-07-14 19:59:14,176] {logging_mixin.py:104} INFO - [2021-07-14 19:59:14,176] {dagbag.py:496} INFO - Filling up the DagBag from /opt/airflow/dags/tutorial.py
[2021-07-14 19:59:14,366] {scheduler_job.py:643} INFO - DAG(s) dict_keys(['Pipeline_Spark']) retrieved from /opt/airflow/dags/tutorial.py
[2021-07-14 19:59:14,383] {logging_mixin.py:104} INFO - [2021-07-14 19:59:14,383] {dag.py:1833} INFO - Sync 1 DAGs
[2021-07-14 19:59:14,415] {logging_mixin.py:104} INFO - [2021-07-14 19:59:14,414] {dag.py:2306} INFO - Setting next_dagrun for Pipeline_Spark to 2021-07-12 00:00:00+00:00
[2021-07-14 19:59:14,430] {scheduler_job.py:190} INFO - Processing /opt/airflow/dags/tutorial.py took 0.263 seconds
[2021-07-14 19:59:45,136] {scheduler_job.py:182} INFO - Started process (PID=262) to work on /opt/airflow/dags/tutorial.py
[2021-07-14 19:59:45,138] {scheduler_job.py:633} INFO - Processing file /opt/airflow/dags/tutorial.py for tasks to queue
[2021-07-14 19:59:45,140] {logging_mixin.py:104} INFO - [2021-07-14 19:59:45,139] {dagbag.py:496} INFO - Filling up the DagBag from /opt/airflow/dags/tutorial.py
[2021-07-14 19:59:45,346] {scheduler_job.py:643} INFO - DAG(s) dict_keys(['Pipeline_Spark']) retrieved from /opt/airflow/dags/tutorial.py
[2021-07-14 19:59:45,366] {logging_mixin.py:104} INFO - [2021-07-14 19:59:45,365] {dag.py:1833} INFO - Sync 1 DAGs
[2021-07-14 19:59:45,390] {logging_mixin.py:104} INFO - [2021-07-14 19:59:45,389] {dag.py:2306} INFO - Setting next_dagrun for Pipeline_Spark to 2021-07-12 00:00:00+00:00
[2021-07-14 19:59:45,407] {scheduler_job.py:190} INFO - Processing /opt/airflow/dags/tutorial.py took 0.276 seconds
[2021-07-14 20:00:16,036] {scheduler_job.py:182} INFO - Started process (PID=324) to work on /opt/airflow/dags/tutorial.py
[2021-07-14 20:00:16,042] {scheduler_job.py:633} INFO - Processing file /opt/airflow/dags/tutorial.py for tasks to queue
[2021-07-14 20:00:16,042] {logging_mixin.py:104} INFO - [2021-07-14 20:00:16,042] {dagbag.py:496} INFO - Filling up the DagBag from /opt/airflow/dags/tutorial.py
[2021-07-14 20:00:16,177] {scheduler_job.py:643} INFO - DAG(s) dict_keys(['Pipeline_Spark']) retrieved from /opt/airflow/dags/tutorial.py
[2021-07-14 20:00:16,189] {logging_mixin.py:104} INFO - [2021-07-14 20:00:16,189] {dag.py:1833} INFO - Sync 1 DAGs
[2021-07-14 20:00:16,205] {logging_mixin.py:104} INFO - [2021-07-14 20:00:16,204] {dag.py:2306} INFO - Setting next_dagrun for Pipeline_Spark to 2021-07-12 00:00:00+00:00
[2021-07-14 20:00:16,215] {scheduler_job.py:190} INFO - Processing /opt/airflow/dags/tutorial.py took 0.182 seconds
[2021-07-14 20:00:46,415] {scheduler_job.py:182} INFO - Started process (PID=378) to work on /opt/airflow/dags/tutorial.py
[2021-07-14 20:00:46,417] {scheduler_job.py:633} INFO - Processing file /opt/airflow/dags/tutorial.py for tasks to queue
[2021-07-14 20:00:46,418] {logging_mixin.py:104} INFO - [2021-07-14 20:00:46,418] {dagbag.py:496} INFO - Filling up the DagBag from /opt/airflow/dags/tutorial.py
[2021-07-14 20:00:46,613] {scheduler_job.py:643} INFO - DAG(s) dict_keys(['Pipeline_Spark']) retrieved from /opt/airflow/dags/tutorial.py
[2021-07-14 20:00:46,628] {logging_mixin.py:104} INFO - [2021-07-14 20:00:46,628] {dag.py:1833} INFO - Sync 1 DAGs
[2021-07-14 20:00:46,646] {logging_mixin.py:104} INFO - [2021-07-14 20:00:46,646] {dag.py:2306} INFO - Setting next_dagrun for Pipeline_Spark to 2021-07-12 00:00:00+00:00
[2021-07-14 20:00:46,657] {scheduler_job.py:190} INFO - Processing /opt/airflow/dags/tutorial.py took 0.246 seconds
[2021-07-14 20:01:16,710] {scheduler_job.py:182} INFO - Started process (PID=440) to work on /opt/airflow/dags/tutorial.py
[2021-07-14 20:01:16,711] {scheduler_job.py:633} INFO - Processing file /opt/airflow/dags/tutorial.py for tasks to queue
[2021-07-14 20:01:16,712] {logging_mixin.py:104} INFO - [2021-07-14 20:01:16,712] {dagbag.py:496} INFO - Filling up the DagBag from /opt/airflow/dags/tutorial.py
[2021-07-14 20:01:16,885] {scheduler_job.py:643} INFO - DAG(s) dict_keys(['Pipeline_Spark']) retrieved from /opt/airflow/dags/tutorial.py
[2021-07-14 20:01:16,898] {logging_mixin.py:104} INFO - [2021-07-14 20:01:16,898] {dag.py:1833} INFO - Sync 1 DAGs
[2021-07-14 20:01:16,916] {logging_mixin.py:104} INFO - [2021-07-14 20:01:16,916] {dag.py:2306} INFO - Setting next_dagrun for Pipeline_Spark to 2021-07-12 00:00:00+00:00
[2021-07-14 20:01:16,928] {scheduler_job.py:190} INFO - Processing /opt/airflow/dags/tutorial.py took 0.222 seconds
[2021-07-14 20:01:47,350] {scheduler_job.py:182} INFO - Started process (PID=495) to work on /opt/airflow/dags/tutorial.py
[2021-07-14 20:01:47,351] {scheduler_job.py:633} INFO - Processing file /opt/airflow/dags/tutorial.py for tasks to queue
[2021-07-14 20:01:47,352] {logging_mixin.py:104} INFO - [2021-07-14 20:01:47,352] {dagbag.py:496} INFO - Filling up the DagBag from /opt/airflow/dags/tutorial.py
[2021-07-14 20:01:47,487] {scheduler_job.py:643} INFO - DAG(s) dict_keys(['Pipeline_Spark']) retrieved from /opt/airflow/dags/tutorial.py
[2021-07-14 20:01:47,499] {logging_mixin.py:104} INFO - [2021-07-14 20:01:47,499] {dag.py:1833} INFO - Sync 1 DAGs
[2021-07-14 20:01:47,516] {logging_mixin.py:104} INFO - [2021-07-14 20:01:47,515] {dag.py:2306} INFO - Setting next_dagrun for Pipeline_Spark to 2021-07-12 00:00:00+00:00
[2021-07-14 20:01:47,526] {scheduler_job.py:190} INFO - Processing /opt/airflow/dags/tutorial.py took 0.179 seconds
[2021-07-14 20:02:17,572] {scheduler_job.py:182} INFO - Started process (PID=562) to work on /opt/airflow/dags/tutorial.py
[2021-07-14 20:02:17,573] {scheduler_job.py:633} INFO - Processing file /opt/airflow/dags/tutorial.py for tasks to queue
[2021-07-14 20:02:17,574] {logging_mixin.py:104} INFO - [2021-07-14 20:02:17,574] {dagbag.py:496} INFO - Filling up the DagBag from /opt/airflow/dags/tutorial.py
[2021-07-14 20:02:17,756] {scheduler_job.py:643} INFO - DAG(s) dict_keys(['Pipeline_Spark']) retrieved from /opt/airflow/dags/tutorial.py
[2021-07-14 20:02:17,769] {logging_mixin.py:104} INFO - [2021-07-14 20:02:17,768] {dag.py:1833} INFO - Sync 1 DAGs
[2021-07-14 20:02:17,790] {logging_mixin.py:104} INFO - [2021-07-14 20:02:17,790] {dag.py:2306} INFO - Setting next_dagrun for Pipeline_Spark to 2021-07-12 00:00:00+00:00
[2021-07-14 20:02:17,803] {scheduler_job.py:190} INFO - Processing /opt/airflow/dags/tutorial.py took 0.234 seconds
[2021-07-14 20:02:48,325] {scheduler_job.py:182} INFO - Started process (PID=616) to work on /opt/airflow/dags/tutorial.py
[2021-07-14 20:02:48,327] {scheduler_job.py:633} INFO - Processing file /opt/airflow/dags/tutorial.py for tasks to queue
[2021-07-14 20:02:48,328] {logging_mixin.py:104} INFO - [2021-07-14 20:02:48,328] {dagbag.py:496} INFO - Filling up the DagBag from /opt/airflow/dags/tutorial.py
[2021-07-14 20:02:48,523] {scheduler_job.py:643} INFO - DAG(s) dict_keys(['Pipeline_Spark']) retrieved from /opt/airflow/dags/tutorial.py
[2021-07-14 20:02:48,541] {logging_mixin.py:104} INFO - [2021-07-14 20:02:48,540] {dag.py:1833} INFO - Sync 1 DAGs
[2021-07-14 20:02:48,566] {logging_mixin.py:104} INFO - [2021-07-14 20:02:48,566] {dag.py:2306} INFO - Setting next_dagrun for Pipeline_Spark to 2021-07-12 00:00:00+00:00
[2021-07-14 20:02:48,579] {scheduler_job.py:190} INFO - Processing /opt/airflow/dags/tutorial.py took 0.258 seconds
[2021-07-14 20:03:18,791] {scheduler_job.py:182} INFO - Started process (PID=680) to work on /opt/airflow/dags/tutorial.py
[2021-07-14 20:03:18,792] {scheduler_job.py:633} INFO - Processing file /opt/airflow/dags/tutorial.py for tasks to queue
[2021-07-14 20:03:18,793] {logging_mixin.py:104} INFO - [2021-07-14 20:03:18,793] {dagbag.py:496} INFO - Filling up the DagBag from /opt/airflow/dags/tutorial.py
[2021-07-14 20:03:18,920] {scheduler_job.py:643} INFO - DAG(s) dict_keys(['Pipeline_Spark']) retrieved from /opt/airflow/dags/tutorial.py
[2021-07-14 20:03:18,932] {logging_mixin.py:104} INFO - [2021-07-14 20:03:18,932] {dag.py:1833} INFO - Sync 1 DAGs
[2021-07-14 20:03:18,952] {logging_mixin.py:104} INFO - [2021-07-14 20:03:18,951] {dag.py:2306} INFO - Setting next_dagrun for Pipeline_Spark to 2021-07-12 00:00:00+00:00
[2021-07-14 20:03:18,961] {scheduler_job.py:190} INFO - Processing /opt/airflow/dags/tutorial.py took 0.175 seconds
[2021-07-14 20:03:49,057] {scheduler_job.py:182} INFO - Started process (PID=733) to work on /opt/airflow/dags/tutorial.py
[2021-07-14 20:03:49,059] {scheduler_job.py:633} INFO - Processing file /opt/airflow/dags/tutorial.py for tasks to queue
[2021-07-14 20:03:49,060] {logging_mixin.py:104} INFO - [2021-07-14 20:03:49,060] {dagbag.py:496} INFO - Filling up the DagBag from /opt/airflow/dags/tutorial.py
[2021-07-14 20:03:49,191] {scheduler_job.py:643} INFO - DAG(s) dict_keys(['Pipeline_Spark']) retrieved from /opt/airflow/dags/tutorial.py
[2021-07-14 20:03:49,203] {logging_mixin.py:104} INFO - [2021-07-14 20:03:49,203] {dag.py:1833} INFO - Sync 1 DAGs
[2021-07-14 20:03:49,221] {logging_mixin.py:104} INFO - [2021-07-14 20:03:49,221] {dag.py:2306} INFO - Setting next_dagrun for Pipeline_Spark to 2021-07-12 00:00:00+00:00
[2021-07-14 20:03:49,235] {scheduler_job.py:190} INFO - Processing /opt/airflow/dags/tutorial.py took 0.180 seconds
[2021-07-14 20:04:19,484] {scheduler_job.py:182} INFO - Started process (PID=798) to work on /opt/airflow/dags/tutorial.py
[2021-07-14 20:04:19,485] {scheduler_job.py:633} INFO - Processing file /opt/airflow/dags/tutorial.py for tasks to queue
[2021-07-14 20:04:19,486] {logging_mixin.py:104} INFO - [2021-07-14 20:04:19,485] {dagbag.py:496} INFO - Filling up the DagBag from /opt/airflow/dags/tutorial.py
[2021-07-14 20:04:19,609] {scheduler_job.py:643} INFO - DAG(s) dict_keys(['Pipeline_Spark']) retrieved from /opt/airflow/dags/tutorial.py
[2021-07-14 20:04:19,621] {logging_mixin.py:104} INFO - [2021-07-14 20:04:19,620] {dag.py:1833} INFO - Sync 1 DAGs
[2021-07-14 20:04:19,638] {logging_mixin.py:104} INFO - [2021-07-14 20:04:19,638] {dag.py:2306} INFO - Setting next_dagrun for Pipeline_Spark to 2021-07-12 00:00:00+00:00
[2021-07-14 20:04:19,649] {scheduler_job.py:190} INFO - Processing /opt/airflow/dags/tutorial.py took 0.168 seconds
[2021-07-14 20:04:49,916] {scheduler_job.py:182} INFO - Started process (PID=853) to work on /opt/airflow/dags/tutorial.py
[2021-07-14 20:04:49,918] {scheduler_job.py:633} INFO - Processing file /opt/airflow/dags/tutorial.py for tasks to queue
[2021-07-14 20:04:49,919] {logging_mixin.py:104} INFO - [2021-07-14 20:04:49,919] {dagbag.py:496} INFO - Filling up the DagBag from /opt/airflow/dags/tutorial.py
[2021-07-14 20:04:50,057] {scheduler_job.py:643} INFO - DAG(s) dict_keys(['Pipeline_Spark']) retrieved from /opt/airflow/dags/tutorial.py
[2021-07-14 20:04:50,070] {logging_mixin.py:104} INFO - [2021-07-14 20:04:50,069] {dag.py:1833} INFO - Sync 1 DAGs
[2021-07-14 20:04:50,091] {logging_mixin.py:104} INFO - [2021-07-14 20:04:50,091] {dag.py:2306} INFO - Setting next_dagrun for Pipeline_Spark to 2021-07-12 00:00:00+00:00
[2021-07-14 20:04:50,103] {scheduler_job.py:190} INFO - Processing /opt/airflow/dags/tutorial.py took 0.189 seconds
[2021-07-14 20:05:20,150] {scheduler_job.py:182} INFO - Started process (PID=918) to work on /opt/airflow/dags/tutorial.py
[2021-07-14 20:05:20,151] {scheduler_job.py:633} INFO - Processing file /opt/airflow/dags/tutorial.py for tasks to queue
[2021-07-14 20:05:20,151] {logging_mixin.py:104} INFO - [2021-07-14 20:05:20,151] {dagbag.py:496} INFO - Filling up the DagBag from /opt/airflow/dags/tutorial.py
[2021-07-14 20:05:20,288] {scheduler_job.py:643} INFO - DAG(s) dict_keys(['Pipeline_Spark']) retrieved from /opt/airflow/dags/tutorial.py
[2021-07-14 20:05:20,301] {logging_mixin.py:104} INFO - [2021-07-14 20:05:20,301] {dag.py:1833} INFO - Sync 1 DAGs
[2021-07-14 20:05:20,320] {logging_mixin.py:104} INFO - [2021-07-14 20:05:20,320] {dag.py:2306} INFO - Setting next_dagrun for Pipeline_Spark to 2021-07-12 00:00:00+00:00
[2021-07-14 20:05:20,331] {scheduler_job.py:190} INFO - Processing /opt/airflow/dags/tutorial.py took 0.184 seconds
[2021-07-14 20:05:50,438] {scheduler_job.py:182} INFO - Started process (PID=972) to work on /opt/airflow/dags/tutorial.py
[2021-07-14 20:05:50,440] {scheduler_job.py:633} INFO - Processing file /opt/airflow/dags/tutorial.py for tasks to queue
[2021-07-14 20:05:50,441] {logging_mixin.py:104} INFO - [2021-07-14 20:05:50,441] {dagbag.py:496} INFO - Filling up the DagBag from /opt/airflow/dags/tutorial.py
[2021-07-14 20:05:50,579] {scheduler_job.py:643} INFO - DAG(s) dict_keys(['Pipeline_Spark']) retrieved from /opt/airflow/dags/tutorial.py
[2021-07-14 20:05:50,593] {logging_mixin.py:104} INFO - [2021-07-14 20:05:50,593] {dag.py:1833} INFO - Sync 1 DAGs
[2021-07-14 20:05:50,612] {logging_mixin.py:104} INFO - [2021-07-14 20:05:50,612] {dag.py:2306} INFO - Setting next_dagrun for Pipeline_Spark to 2021-07-12 00:00:00+00:00
[2021-07-14 20:05:50,622] {scheduler_job.py:190} INFO - Processing /opt/airflow/dags/tutorial.py took 0.189 seconds
[2021-07-14 20:06:20,924] {scheduler_job.py:182} INFO - Started process (PID=1035) to work on /opt/airflow/dags/tutorial.py
[2021-07-14 20:06:20,926] {scheduler_job.py:633} INFO - Processing file /opt/airflow/dags/tutorial.py for tasks to queue
[2021-07-14 20:06:20,928] {logging_mixin.py:104} INFO - [2021-07-14 20:06:20,927] {dagbag.py:496} INFO - Filling up the DagBag from /opt/airflow/dags/tutorial.py
[2021-07-14 20:06:21,066] {scheduler_job.py:643} INFO - DAG(s) dict_keys(['Pipeline_Spark']) retrieved from /opt/airflow/dags/tutorial.py
[2021-07-14 20:06:21,084] {logging_mixin.py:104} INFO - [2021-07-14 20:06:21,083] {dag.py:1833} INFO - Sync 1 DAGs
[2021-07-14 20:06:21,103] {logging_mixin.py:104} INFO - [2021-07-14 20:06:21,103] {dag.py:2306} INFO - Setting next_dagrun for Pipeline_Spark to 2021-07-12 00:00:00+00:00
[2021-07-14 20:06:21,113] {scheduler_job.py:190} INFO - Processing /opt/airflow/dags/tutorial.py took 0.194 seconds
[2021-07-14 20:06:51,977] {scheduler_job.py:182} INFO - Started process (PID=1098) to work on /opt/airflow/dags/tutorial.py
[2021-07-14 20:06:51,979] {scheduler_job.py:633} INFO - Processing file /opt/airflow/dags/tutorial.py for tasks to queue
[2021-07-14 20:06:51,981] {logging_mixin.py:104} INFO - [2021-07-14 20:06:51,980] {dagbag.py:496} INFO - Filling up the DagBag from /opt/airflow/dags/tutorial.py
[2021-07-14 20:06:52,239] {scheduler_job.py:643} INFO - DAG(s) dict_keys(['Pipeline_Spark']) retrieved from /opt/airflow/dags/tutorial.py
[2021-07-14 20:06:52,254] {logging_mixin.py:104} INFO - [2021-07-14 20:06:52,254] {dag.py:1833} INFO - Sync 1 DAGs
[2021-07-14 20:06:52,277] {logging_mixin.py:104} INFO - [2021-07-14 20:06:52,277] {dag.py:2306} INFO - Setting next_dagrun for Pipeline_Spark to 2021-07-12 00:00:00+00:00
[2021-07-14 20:06:52,288] {scheduler_job.py:190} INFO - Processing /opt/airflow/dags/tutorial.py took 0.317 seconds
[2021-07-14 20:07:22,689] {scheduler_job.py:182} INFO - Started process (PID=1152) to work on /opt/airflow/dags/tutorial.py
[2021-07-14 20:07:22,692] {scheduler_job.py:633} INFO - Processing file /opt/airflow/dags/tutorial.py for tasks to queue
[2021-07-14 20:07:22,693] {logging_mixin.py:104} INFO - [2021-07-14 20:07:22,693] {dagbag.py:496} INFO - Filling up the DagBag from /opt/airflow/dags/tutorial.py
[2021-07-14 20:07:22,839] {scheduler_job.py:643} INFO - DAG(s) dict_keys(['Pipeline_Spark']) retrieved from /opt/airflow/dags/tutorial.py
[2021-07-14 20:07:22,857] {logging_mixin.py:104} INFO - [2021-07-14 20:07:22,857] {dag.py:1833} INFO - Sync 1 DAGs
[2021-07-14 20:07:22,880] {logging_mixin.py:104} INFO - [2021-07-14 20:07:22,880] {dag.py:2306} INFO - Setting next_dagrun for Pipeline_Spark to 2021-07-12 00:00:00+00:00
[2021-07-14 20:07:22,895] {scheduler_job.py:190} INFO - Processing /opt/airflow/dags/tutorial.py took 0.211 seconds
[2021-07-14 20:07:53,479] {scheduler_job.py:182} INFO - Started process (PID=1217) to work on /opt/airflow/dags/tutorial.py
[2021-07-14 20:07:53,481] {scheduler_job.py:633} INFO - Processing file /opt/airflow/dags/tutorial.py for tasks to queue
[2021-07-14 20:07:53,482] {logging_mixin.py:104} INFO - [2021-07-14 20:07:53,481] {dagbag.py:496} INFO - Filling up the DagBag from /opt/airflow/dags/tutorial.py
[2021-07-14 20:07:53,636] {scheduler_job.py:643} INFO - DAG(s) dict_keys(['Pipeline_Spark']) retrieved from /opt/airflow/dags/tutorial.py
[2021-07-14 20:07:53,649] {logging_mixin.py:104} INFO - [2021-07-14 20:07:53,649] {dag.py:1833} INFO - Sync 1 DAGs
[2021-07-14 20:07:53,670] {logging_mixin.py:104} INFO - [2021-07-14 20:07:53,670] {dag.py:2306} INFO - Setting next_dagrun for Pipeline_Spark to 2021-07-12 00:00:00+00:00
[2021-07-14 20:07:53,682] {scheduler_job.py:190} INFO - Processing /opt/airflow/dags/tutorial.py took 0.206 seconds
[2021-07-14 20:08:23,849] {scheduler_job.py:182} INFO - Started process (PID=1272) to work on /opt/airflow/dags/tutorial.py
[2021-07-14 20:08:23,851] {scheduler_job.py:633} INFO - Processing file /opt/airflow/dags/tutorial.py for tasks to queue
[2021-07-14 20:08:23,852] {logging_mixin.py:104} INFO - [2021-07-14 20:08:23,852] {dagbag.py:496} INFO - Filling up the DagBag from /opt/airflow/dags/tutorial.py
[2021-07-14 20:08:24,033] {scheduler_job.py:643} INFO - DAG(s) dict_keys(['Pipeline_Spark']) retrieved from /opt/airflow/dags/tutorial.py
[2021-07-14 20:08:24,051] {logging_mixin.py:104} INFO - [2021-07-14 20:08:24,051] {dag.py:1833} INFO - Sync 1 DAGs
[2021-07-14 20:08:24,073] {logging_mixin.py:104} INFO - [2021-07-14 20:08:24,073] {dag.py:2306} INFO - Setting next_dagrun for Pipeline_Spark to 2021-07-12 00:00:00+00:00
[2021-07-14 20:08:24,088] {scheduler_job.py:190} INFO - Processing /opt/airflow/dags/tutorial.py took 0.243 seconds
[2021-07-14 20:08:54,539] {scheduler_job.py:182} INFO - Started process (PID=1335) to work on /opt/airflow/dags/tutorial.py
[2021-07-14 20:08:54,540] {scheduler_job.py:633} INFO - Processing file /opt/airflow/dags/tutorial.py for tasks to queue
[2021-07-14 20:08:54,542] {logging_mixin.py:104} INFO - [2021-07-14 20:08:54,541] {dagbag.py:496} INFO - Filling up the DagBag from /opt/airflow/dags/tutorial.py
[2021-07-14 20:08:54,679] {scheduler_job.py:643} INFO - DAG(s) dict_keys(['Pipeline_Spark']) retrieved from /opt/airflow/dags/tutorial.py
[2021-07-14 20:08:54,691] {logging_mixin.py:104} INFO - [2021-07-14 20:08:54,690] {dag.py:1833} INFO - Sync 1 DAGs
[2021-07-14 20:08:54,707] {logging_mixin.py:104} INFO - [2021-07-14 20:08:54,707] {dag.py:2306} INFO - Setting next_dagrun for Pipeline_Spark to 2021-07-12 00:00:00+00:00
[2021-07-14 20:08:54,717] {scheduler_job.py:190} INFO - Processing /opt/airflow/dags/tutorial.py took 0.183 seconds
[2021-07-14 20:09:25,187] {scheduler_job.py:182} INFO - Started process (PID=1389) to work on /opt/airflow/dags/tutorial.py
[2021-07-14 20:09:25,189] {scheduler_job.py:633} INFO - Processing file /opt/airflow/dags/tutorial.py for tasks to queue
[2021-07-14 20:09:25,190] {logging_mixin.py:104} INFO - [2021-07-14 20:09:25,190] {dagbag.py:496} INFO - Filling up the DagBag from /opt/airflow/dags/tutorial.py
[2021-07-14 20:09:25,331] {scheduler_job.py:643} INFO - DAG(s) dict_keys(['Pipeline_Spark']) retrieved from /opt/airflow/dags/tutorial.py
[2021-07-14 20:09:25,344] {logging_mixin.py:104} INFO - [2021-07-14 20:09:25,344] {dag.py:1833} INFO - Sync 1 DAGs
[2021-07-14 20:09:25,361] {logging_mixin.py:104} INFO - [2021-07-14 20:09:25,361] {dag.py:2306} INFO - Setting next_dagrun for Pipeline_Spark to 2021-07-12 00:00:00+00:00
[2021-07-14 20:09:25,370] {scheduler_job.py:190} INFO - Processing /opt/airflow/dags/tutorial.py took 0.188 seconds
[2021-07-14 20:09:55,438] {scheduler_job.py:182} INFO - Started process (PID=1454) to work on /opt/airflow/dags/tutorial.py
[2021-07-14 20:09:55,440] {scheduler_job.py:633} INFO - Processing file /opt/airflow/dags/tutorial.py for tasks to queue
[2021-07-14 20:09:55,441] {logging_mixin.py:104} INFO - [2021-07-14 20:09:55,441] {dagbag.py:496} INFO - Filling up the DagBag from /opt/airflow/dags/tutorial.py
[2021-07-14 20:09:55,594] {scheduler_job.py:643} INFO - DAG(s) dict_keys(['Pipeline_Spark']) retrieved from /opt/airflow/dags/tutorial.py
[2021-07-14 20:09:55,606] {logging_mixin.py:104} INFO - [2021-07-14 20:09:55,606] {dag.py:1833} INFO - Sync 1 DAGs
[2021-07-14 20:09:55,623] {logging_mixin.py:104} INFO - [2021-07-14 20:09:55,623] {dag.py:2306} INFO - Setting next_dagrun for Pipeline_Spark to 2021-07-12 00:00:00+00:00
[2021-07-14 20:09:55,634] {scheduler_job.py:190} INFO - Processing /opt/airflow/dags/tutorial.py took 0.200 seconds
[2021-07-14 20:10:25,872] {scheduler_job.py:182} INFO - Started process (PID=1507) to work on /opt/airflow/dags/tutorial.py
[2021-07-14 20:10:25,873] {scheduler_job.py:633} INFO - Processing file /opt/airflow/dags/tutorial.py for tasks to queue
[2021-07-14 20:10:25,874] {logging_mixin.py:104} INFO - [2021-07-14 20:10:25,874] {dagbag.py:496} INFO - Filling up the DagBag from /opt/airflow/dags/tutorial.py
[2021-07-14 20:10:26,004] {scheduler_job.py:643} INFO - DAG(s) dict_keys(['Pipeline_Spark']) retrieved from /opt/airflow/dags/tutorial.py
[2021-07-14 20:10:26,019] {logging_mixin.py:104} INFO - [2021-07-14 20:10:26,019] {dag.py:1833} INFO - Sync 1 DAGs
[2021-07-14 20:10:26,036] {logging_mixin.py:104} INFO - [2021-07-14 20:10:26,036] {dag.py:2306} INFO - Setting next_dagrun for Pipeline_Spark to 2021-07-12 00:00:00+00:00
[2021-07-14 20:10:26,046] {scheduler_job.py:190} INFO - Processing /opt/airflow/dags/tutorial.py took 0.176 seconds
[2021-07-14 20:10:56,157] {scheduler_job.py:182} INFO - Started process (PID=1572) to work on /opt/airflow/dags/tutorial.py
[2021-07-14 20:10:56,159] {scheduler_job.py:633} INFO - Processing file /opt/airflow/dags/tutorial.py for tasks to queue
[2021-07-14 20:10:56,160] {logging_mixin.py:104} INFO - [2021-07-14 20:10:56,160] {dagbag.py:496} INFO - Filling up the DagBag from /opt/airflow/dags/tutorial.py
[2021-07-14 20:10:56,338] {scheduler_job.py:643} INFO - DAG(s) dict_keys(['Pipeline_Spark']) retrieved from /opt/airflow/dags/tutorial.py
[2021-07-14 20:10:56,353] {logging_mixin.py:104} INFO - [2021-07-14 20:10:56,353] {dag.py:1833} INFO - Sync 1 DAGs
[2021-07-14 20:10:56,373] {logging_mixin.py:104} INFO - [2021-07-14 20:10:56,373] {dag.py:2306} INFO - Setting next_dagrun for Pipeline_Spark to 2021-07-12 00:00:00+00:00
[2021-07-14 20:10:56,384] {scheduler_job.py:190} INFO - Processing /opt/airflow/dags/tutorial.py took 0.230 seconds
[2021-07-14 20:11:26,455] {scheduler_job.py:182} INFO - Started process (PID=1635) to work on /opt/airflow/dags/tutorial.py
[2021-07-14 20:11:26,456] {scheduler_job.py:633} INFO - Processing file /opt/airflow/dags/tutorial.py for tasks to queue
[2021-07-14 20:11:26,457] {logging_mixin.py:104} INFO - [2021-07-14 20:11:26,457] {dagbag.py:496} INFO - Filling up the DagBag from /opt/airflow/dags/tutorial.py
[2021-07-14 20:11:26,608] {scheduler_job.py:643} INFO - DAG(s) dict_keys(['Pipeline_Spark']) retrieved from /opt/airflow/dags/tutorial.py
[2021-07-14 20:11:26,629] {logging_mixin.py:104} INFO - [2021-07-14 20:11:26,629] {dag.py:1833} INFO - Sync 1 DAGs
[2021-07-14 20:11:26,655] {logging_mixin.py:104} INFO - [2021-07-14 20:11:26,655] {dag.py:2306} INFO - Setting next_dagrun for Pipeline_Spark to 2021-07-12 00:00:00+00:00
[2021-07-14 20:11:26,670] {scheduler_job.py:190} INFO - Processing /opt/airflow/dags/tutorial.py took 0.218 seconds
[2021-07-14 20:11:57,367] {scheduler_job.py:182} INFO - Started process (PID=1691) to work on /opt/airflow/dags/tutorial.py
[2021-07-14 20:11:57,369] {scheduler_job.py:633} INFO - Processing file /opt/airflow/dags/tutorial.py for tasks to queue
[2021-07-14 20:11:57,370] {logging_mixin.py:104} INFO - [2021-07-14 20:11:57,370] {dagbag.py:496} INFO - Filling up the DagBag from /opt/airflow/dags/tutorial.py
[2021-07-14 20:11:57,546] {scheduler_job.py:643} INFO - DAG(s) dict_keys(['Pipeline_Spark']) retrieved from /opt/airflow/dags/tutorial.py
[2021-07-14 20:11:57,559] {logging_mixin.py:104} INFO - [2021-07-14 20:11:57,559] {dag.py:1833} INFO - Sync 1 DAGs
[2021-07-14 20:11:57,576] {logging_mixin.py:104} INFO - [2021-07-14 20:11:57,576] {dag.py:2306} INFO - Setting next_dagrun for Pipeline_Spark to 2021-07-12 00:00:00+00:00
[2021-07-14 20:11:57,586] {scheduler_job.py:190} INFO - Processing /opt/airflow/dags/tutorial.py took 0.226 seconds
[2021-07-14 20:12:27,604] {scheduler_job.py:182} INFO - Started process (PID=1757) to work on /opt/airflow/dags/tutorial.py
[2021-07-14 20:12:27,605] {scheduler_job.py:633} INFO - Processing file /opt/airflow/dags/tutorial.py for tasks to queue
[2021-07-14 20:12:27,606] {logging_mixin.py:104} INFO - [2021-07-14 20:12:27,606] {dagbag.py:496} INFO - Filling up the DagBag from /opt/airflow/dags/tutorial.py
[2021-07-14 20:12:27,739] {scheduler_job.py:643} INFO - DAG(s) dict_keys(['Pipeline_Spark']) retrieved from /opt/airflow/dags/tutorial.py
[2021-07-14 20:12:27,751] {logging_mixin.py:104} INFO - [2021-07-14 20:12:27,751] {dag.py:1833} INFO - Sync 1 DAGs
[2021-07-14 20:12:27,769] {logging_mixin.py:104} INFO - [2021-07-14 20:12:27,769] {dag.py:2306} INFO - Setting next_dagrun for Pipeline_Spark to 2021-07-12 00:00:00+00:00
[2021-07-14 20:12:27,780] {scheduler_job.py:190} INFO - Processing /opt/airflow/dags/tutorial.py took 0.179 seconds
[2021-07-14 20:12:57,805] {scheduler_job.py:182} INFO - Started process (PID=1809) to work on /opt/airflow/dags/tutorial.py
[2021-07-14 20:12:57,806] {scheduler_job.py:633} INFO - Processing file /opt/airflow/dags/tutorial.py for tasks to queue
[2021-07-14 20:12:57,807] {logging_mixin.py:104} INFO - [2021-07-14 20:12:57,807] {dagbag.py:496} INFO - Filling up the DagBag from /opt/airflow/dags/tutorial.py
[2021-07-14 20:12:57,935] {scheduler_job.py:643} INFO - DAG(s) dict_keys(['Pipeline_Spark']) retrieved from /opt/airflow/dags/tutorial.py
[2021-07-14 20:12:57,947] {logging_mixin.py:104} INFO - [2021-07-14 20:12:57,947] {dag.py:1833} INFO - Sync 1 DAGs
[2021-07-14 20:12:57,964] {logging_mixin.py:104} INFO - [2021-07-14 20:12:57,964] {dag.py:2306} INFO - Setting next_dagrun for Pipeline_Spark to 2021-07-12 00:00:00+00:00
[2021-07-14 20:12:57,975] {scheduler_job.py:190} INFO - Processing /opt/airflow/dags/tutorial.py took 0.173 seconds
[2021-07-14 20:13:28,248] {scheduler_job.py:182} INFO - Started process (PID=1875) to work on /opt/airflow/dags/tutorial.py
[2021-07-14 20:13:28,249] {scheduler_job.py:633} INFO - Processing file /opt/airflow/dags/tutorial.py for tasks to queue
[2021-07-14 20:13:28,250] {logging_mixin.py:104} INFO - [2021-07-14 20:13:28,250] {dagbag.py:496} INFO - Filling up the DagBag from /opt/airflow/dags/tutorial.py
[2021-07-14 20:13:28,381] {scheduler_job.py:643} INFO - DAG(s) dict_keys(['Pipeline_Spark']) retrieved from /opt/airflow/dags/tutorial.py
[2021-07-14 20:13:28,395] {logging_mixin.py:104} INFO - [2021-07-14 20:13:28,395] {dag.py:1833} INFO - Sync 1 DAGs
[2021-07-14 20:13:28,412] {logging_mixin.py:104} INFO - [2021-07-14 20:13:28,412] {dag.py:2306} INFO - Setting next_dagrun for Pipeline_Spark to 2021-07-12 00:00:00+00:00
[2021-07-14 20:13:28,423] {scheduler_job.py:190} INFO - Processing /opt/airflow/dags/tutorial.py took 0.179 seconds
[2021-07-14 20:13:59,199] {scheduler_job.py:182} INFO - Started process (PID=1928) to work on /opt/airflow/dags/tutorial.py
[2021-07-14 20:13:59,200] {scheduler_job.py:633} INFO - Processing file /opt/airflow/dags/tutorial.py for tasks to queue
[2021-07-14 20:13:59,202] {logging_mixin.py:104} INFO - [2021-07-14 20:13:59,201] {dagbag.py:496} INFO - Filling up the DagBag from /opt/airflow/dags/tutorial.py
[2021-07-14 20:13:59,352] {scheduler_job.py:643} INFO - DAG(s) dict_keys(['Pipeline_Spark']) retrieved from /opt/airflow/dags/tutorial.py
[2021-07-14 20:13:59,364] {logging_mixin.py:104} INFO - [2021-07-14 20:13:59,364] {dag.py:1833} INFO - Sync 1 DAGs
[2021-07-14 20:13:59,382] {logging_mixin.py:104} INFO - [2021-07-14 20:13:59,382] {dag.py:2306} INFO - Setting next_dagrun for Pipeline_Spark to 2021-07-12 00:00:00+00:00
[2021-07-14 20:13:59,394] {scheduler_job.py:190} INFO - Processing /opt/airflow/dags/tutorial.py took 0.197 seconds
[2021-07-14 20:14:29,421] {scheduler_job.py:182} INFO - Started process (PID=1994) to work on /opt/airflow/dags/tutorial.py
[2021-07-14 20:14:29,423] {scheduler_job.py:633} INFO - Processing file /opt/airflow/dags/tutorial.py for tasks to queue
[2021-07-14 20:14:29,424] {logging_mixin.py:104} INFO - [2021-07-14 20:14:29,424] {dagbag.py:496} INFO - Filling up the DagBag from /opt/airflow/dags/tutorial.py
[2021-07-14 20:14:29,564] {scheduler_job.py:643} INFO - DAG(s) dict_keys(['Pipeline_Spark']) retrieved from /opt/airflow/dags/tutorial.py
[2021-07-14 20:14:29,578] {logging_mixin.py:104} INFO - [2021-07-14 20:14:29,578] {dag.py:1833} INFO - Sync 1 DAGs
[2021-07-14 20:14:29,597] {logging_mixin.py:104} INFO - [2021-07-14 20:14:29,597] {dag.py:2306} INFO - Setting next_dagrun for Pipeline_Spark to 2021-07-12 00:00:00+00:00
[2021-07-14 20:14:29,610] {scheduler_job.py:190} INFO - Processing /opt/airflow/dags/tutorial.py took 0.194 seconds
[2021-07-14 20:14:59,872] {scheduler_job.py:182} INFO - Started process (PID=2056) to work on /opt/airflow/dags/tutorial.py
[2021-07-14 20:14:59,874] {scheduler_job.py:633} INFO - Processing file /opt/airflow/dags/tutorial.py for tasks to queue
[2021-07-14 20:14:59,875] {logging_mixin.py:104} INFO - [2021-07-14 20:14:59,875] {dagbag.py:496} INFO - Filling up the DagBag from /opt/airflow/dags/tutorial.py
[2021-07-14 20:15:00,035] {scheduler_job.py:643} INFO - DAG(s) dict_keys(['Pipeline_Spark']) retrieved from /opt/airflow/dags/tutorial.py
[2021-07-14 20:15:00,048] {logging_mixin.py:104} INFO - [2021-07-14 20:15:00,048] {dag.py:1833} INFO - Sync 1 DAGs
[2021-07-14 20:15:00,067] {logging_mixin.py:104} INFO - [2021-07-14 20:15:00,067] {dag.py:2306} INFO - Setting next_dagrun for Pipeline_Spark to 2021-07-12 00:00:00+00:00
[2021-07-14 20:15:00,079] {scheduler_job.py:190} INFO - Processing /opt/airflow/dags/tutorial.py took 0.211 seconds
[2021-07-14 20:15:30,285] {scheduler_job.py:182} INFO - Started process (PID=2111) to work on /opt/airflow/dags/tutorial.py
[2021-07-14 20:15:30,287] {scheduler_job.py:633} INFO - Processing file /opt/airflow/dags/tutorial.py for tasks to queue
[2021-07-14 20:15:30,288] {logging_mixin.py:104} INFO - [2021-07-14 20:15:30,288] {dagbag.py:496} INFO - Filling up the DagBag from /opt/airflow/dags/tutorial.py
[2021-07-14 20:15:30,473] {scheduler_job.py:643} INFO - DAG(s) dict_keys(['Pipeline_Spark']) retrieved from /opt/airflow/dags/tutorial.py
[2021-07-14 20:15:30,490] {logging_mixin.py:104} INFO - [2021-07-14 20:15:30,490] {dag.py:1833} INFO - Sync 1 DAGs
[2021-07-14 20:15:30,510] {logging_mixin.py:104} INFO - [2021-07-14 20:15:30,510] {dag.py:2306} INFO - Setting next_dagrun for Pipeline_Spark to 2021-07-12 00:00:00+00:00
[2021-07-14 20:15:30,529] {scheduler_job.py:190} INFO - Processing /opt/airflow/dags/tutorial.py took 0.249 seconds
[2021-07-14 20:16:00,640] {scheduler_job.py:182} INFO - Started process (PID=2175) to work on /opt/airflow/dags/tutorial.py
[2021-07-14 20:16:00,643] {scheduler_job.py:633} INFO - Processing file /opt/airflow/dags/tutorial.py for tasks to queue
[2021-07-14 20:16:00,644] {logging_mixin.py:104} INFO - [2021-07-14 20:16:00,644] {dagbag.py:496} INFO - Filling up the DagBag from /opt/airflow/dags/tutorial.py
[2021-07-14 20:16:00,861] {scheduler_job.py:643} INFO - DAG(s) dict_keys(['Pipeline_Spark']) retrieved from /opt/airflow/dags/tutorial.py
[2021-07-14 20:16:00,881] {logging_mixin.py:104} INFO - [2021-07-14 20:16:00,881] {dag.py:1833} INFO - Sync 1 DAGs
[2021-07-14 20:16:00,902] {logging_mixin.py:104} INFO - [2021-07-14 20:16:00,902] {dag.py:2306} INFO - Setting next_dagrun for Pipeline_Spark to 2021-07-12 00:00:00+00:00
[2021-07-14 20:16:00,916] {scheduler_job.py:190} INFO - Processing /opt/airflow/dags/tutorial.py took 0.280 seconds
[2021-07-14 20:16:31,624] {scheduler_job.py:182} INFO - Started process (PID=2228) to work on /opt/airflow/dags/tutorial.py
[2021-07-14 20:16:31,628] {scheduler_job.py:633} INFO - Processing file /opt/airflow/dags/tutorial.py for tasks to queue
[2021-07-14 20:16:31,629] {logging_mixin.py:104} INFO - [2021-07-14 20:16:31,629] {dagbag.py:496} INFO - Filling up the DagBag from /opt/airflow/dags/tutorial.py
[2021-07-14 20:16:31,802] {scheduler_job.py:643} INFO - DAG(s) dict_keys(['Pipeline_Spark']) retrieved from /opt/airflow/dags/tutorial.py
[2021-07-14 20:16:31,818] {logging_mixin.py:104} INFO - [2021-07-14 20:16:31,818] {dag.py:1833} INFO - Sync 1 DAGs
[2021-07-14 20:16:31,839] {logging_mixin.py:104} INFO - [2021-07-14 20:16:31,839] {dag.py:2306} INFO - Setting next_dagrun for Pipeline_Spark to 2021-07-12 00:00:00+00:00
[2021-07-14 20:16:31,853] {scheduler_job.py:190} INFO - Processing /opt/airflow/dags/tutorial.py took 0.234 seconds
[2021-07-14 20:17:02,139] {scheduler_job.py:182} INFO - Started process (PID=2290) to work on /opt/airflow/dags/tutorial.py
[2021-07-14 20:17:02,141] {scheduler_job.py:633} INFO - Processing file /opt/airflow/dags/tutorial.py for tasks to queue
[2021-07-14 20:17:02,142] {logging_mixin.py:104} INFO - [2021-07-14 20:17:02,142] {dagbag.py:496} INFO - Filling up the DagBag from /opt/airflow/dags/tutorial.py
[2021-07-14 20:17:02,295] {scheduler_job.py:643} INFO - DAG(s) dict_keys(['Pipeline_Spark']) retrieved from /opt/airflow/dags/tutorial.py
[2021-07-14 20:17:02,312] {logging_mixin.py:104} INFO - [2021-07-14 20:17:02,312] {dag.py:1833} INFO - Sync 1 DAGs
[2021-07-14 20:17:02,337] {logging_mixin.py:104} INFO - [2021-07-14 20:17:02,337] {dag.py:2306} INFO - Setting next_dagrun for Pipeline_Spark to 2021-07-12 00:00:00+00:00
[2021-07-14 20:17:02,351] {scheduler_job.py:190} INFO - Processing /opt/airflow/dags/tutorial.py took 0.215 seconds
[2021-07-14 20:17:32,571] {scheduler_job.py:182} INFO - Started process (PID=2343) to work on /opt/airflow/dags/tutorial.py
[2021-07-14 20:17:32,577] {scheduler_job.py:633} INFO - Processing file /opt/airflow/dags/tutorial.py for tasks to queue
[2021-07-14 20:17:32,578] {logging_mixin.py:104} INFO - [2021-07-14 20:17:32,577] {dagbag.py:496} INFO - Filling up the DagBag from /opt/airflow/dags/tutorial.py
[2021-07-14 20:17:32,719] {scheduler_job.py:643} INFO - DAG(s) dict_keys(['Pipeline_Spark']) retrieved from /opt/airflow/dags/tutorial.py
[2021-07-14 20:17:32,735] {logging_mixin.py:104} INFO - [2021-07-14 20:17:32,735] {dag.py:1833} INFO - Sync 1 DAGs
[2021-07-14 20:17:32,753] {logging_mixin.py:104} INFO - [2021-07-14 20:17:32,752] {dag.py:2306} INFO - Setting next_dagrun for Pipeline_Spark to 2021-07-12 00:00:00+00:00
[2021-07-14 20:17:32,764] {scheduler_job.py:190} INFO - Processing /opt/airflow/dags/tutorial.py took 0.197 seconds
[2021-07-14 20:18:03,111] {scheduler_job.py:182} INFO - Started process (PID=2409) to work on /opt/airflow/dags/tutorial.py
[2021-07-14 20:18:03,113] {scheduler_job.py:633} INFO - Processing file /opt/airflow/dags/tutorial.py for tasks to queue
[2021-07-14 20:18:03,114] {logging_mixin.py:104} INFO - [2021-07-14 20:18:03,114] {dagbag.py:496} INFO - Filling up the DagBag from /opt/airflow/dags/tutorial.py
[2021-07-14 20:18:03,350] {scheduler_job.py:643} INFO - DAG(s) dict_keys(['Pipeline_Spark']) retrieved from /opt/airflow/dags/tutorial.py
[2021-07-14 20:18:03,373] {logging_mixin.py:104} INFO - [2021-07-14 20:18:03,372] {dag.py:1833} INFO - Sync 1 DAGs
[2021-07-14 20:18:03,406] {logging_mixin.py:104} INFO - [2021-07-14 20:18:03,405] {dag.py:2306} INFO - Setting next_dagrun for Pipeline_Spark to 2021-07-12 00:00:00+00:00
[2021-07-14 20:18:03,431] {scheduler_job.py:190} INFO - Processing /opt/airflow/dags/tutorial.py took 0.324 seconds
[2021-07-14 20:18:33,760] {scheduler_job.py:182} INFO - Started process (PID=2462) to work on /opt/airflow/dags/tutorial.py
[2021-07-14 20:18:33,762] {scheduler_job.py:633} INFO - Processing file /opt/airflow/dags/tutorial.py for tasks to queue
[2021-07-14 20:18:33,763] {logging_mixin.py:104} INFO - [2021-07-14 20:18:33,763] {dagbag.py:496} INFO - Filling up the DagBag from /opt/airflow/dags/tutorial.py
[2021-07-14 20:18:33,941] {scheduler_job.py:643} INFO - DAG(s) dict_keys(['Pipeline_Spark']) retrieved from /opt/airflow/dags/tutorial.py
[2021-07-14 20:18:33,960] {logging_mixin.py:104} INFO - [2021-07-14 20:18:33,960] {dag.py:1833} INFO - Sync 1 DAGs
[2021-07-14 20:18:33,984] {logging_mixin.py:104} INFO - [2021-07-14 20:18:33,984] {dag.py:2306} INFO - Setting next_dagrun for Pipeline_Spark to 2021-07-12 00:00:00+00:00
[2021-07-14 20:18:33,999] {scheduler_job.py:190} INFO - Processing /opt/airflow/dags/tutorial.py took 0.243 seconds
[2021-07-14 20:19:04,634] {scheduler_job.py:182} INFO - Started process (PID=2525) to work on /opt/airflow/dags/tutorial.py
[2021-07-14 20:19:04,635] {scheduler_job.py:633} INFO - Processing file /opt/airflow/dags/tutorial.py for tasks to queue
[2021-07-14 20:19:04,636] {logging_mixin.py:104} INFO - [2021-07-14 20:19:04,636] {dagbag.py:496} INFO - Filling up the DagBag from /opt/airflow/dags/tutorial.py
[2021-07-14 20:19:04,767] {scheduler_job.py:643} INFO - DAG(s) dict_keys(['Pipeline_Spark']) retrieved from /opt/airflow/dags/tutorial.py
[2021-07-14 20:19:04,779] {logging_mixin.py:104} INFO - [2021-07-14 20:19:04,779] {dag.py:1833} INFO - Sync 1 DAGs
[2021-07-14 20:19:04,796] {logging_mixin.py:104} INFO - [2021-07-14 20:19:04,796] {dag.py:2306} INFO - Setting next_dagrun for Pipeline_Spark to 2021-07-12 00:00:00+00:00
[2021-07-14 20:19:04,806] {scheduler_job.py:190} INFO - Processing /opt/airflow/dags/tutorial.py took 0.175 seconds
[2021-07-14 20:19:34,838] {scheduler_job.py:182} INFO - Started process (PID=2579) to work on /opt/airflow/dags/tutorial.py
[2021-07-14 20:19:34,841] {scheduler_job.py:633} INFO - Processing file /opt/airflow/dags/tutorial.py for tasks to queue
[2021-07-14 20:19:34,841] {logging_mixin.py:104} INFO - [2021-07-14 20:19:34,841] {dagbag.py:496} INFO - Filling up the DagBag from /opt/airflow/dags/tutorial.py
[2021-07-14 20:19:35,024] {scheduler_job.py:643} INFO - DAG(s) dict_keys(['Pipeline_Spark']) retrieved from /opt/airflow/dags/tutorial.py
[2021-07-14 20:19:35,041] {logging_mixin.py:104} INFO - [2021-07-14 20:19:35,040] {dag.py:1833} INFO - Sync 1 DAGs
[2021-07-14 20:19:35,062] {logging_mixin.py:104} INFO - [2021-07-14 20:19:35,062] {dag.py:2306} INFO - Setting next_dagrun for Pipeline_Spark to 2021-07-12 00:00:00+00:00
[2021-07-14 20:19:35,077] {scheduler_job.py:190} INFO - Processing /opt/airflow/dags/tutorial.py took 0.243 seconds
[2021-07-14 20:20:05,189] {scheduler_job.py:182} INFO - Started process (PID=2641) to work on /opt/airflow/dags/tutorial.py
[2021-07-14 20:20:05,192] {scheduler_job.py:633} INFO - Processing file /opt/airflow/dags/tutorial.py for tasks to queue
[2021-07-14 20:20:05,193] {logging_mixin.py:104} INFO - [2021-07-14 20:20:05,193] {dagbag.py:496} INFO - Filling up the DagBag from /opt/airflow/dags/tutorial.py
[2021-07-14 20:20:05,420] {scheduler_job.py:643} INFO - DAG(s) dict_keys(['Pipeline_Spark']) retrieved from /opt/airflow/dags/tutorial.py
[2021-07-14 20:20:05,438] {logging_mixin.py:104} INFO - [2021-07-14 20:20:05,438] {dag.py:1833} INFO - Sync 1 DAGs
[2021-07-14 20:20:05,464] {logging_mixin.py:104} INFO - [2021-07-14 20:20:05,464] {dag.py:2306} INFO - Setting next_dagrun for Pipeline_Spark to 2021-07-12 00:00:00+00:00
[2021-07-14 20:20:05,485] {scheduler_job.py:190} INFO - Processing /opt/airflow/dags/tutorial.py took 0.299 seconds
[2021-07-14 20:20:35,540] {scheduler_job.py:182} INFO - Started process (PID=2697) to work on /opt/airflow/dags/tutorial.py
[2021-07-14 20:20:35,541] {scheduler_job.py:633} INFO - Processing file /opt/airflow/dags/tutorial.py for tasks to queue
[2021-07-14 20:20:35,543] {logging_mixin.py:104} INFO - [2021-07-14 20:20:35,542] {dagbag.py:496} INFO - Filling up the DagBag from /opt/airflow/dags/tutorial.py
[2021-07-14 20:20:35,716] {scheduler_job.py:643} INFO - DAG(s) dict_keys(['Pipeline_Spark']) retrieved from /opt/airflow/dags/tutorial.py
[2021-07-14 20:20:35,729] {logging_mixin.py:104} INFO - [2021-07-14 20:20:35,729] {dag.py:1833} INFO - Sync 1 DAGs
[2021-07-14 20:20:35,753] {logging_mixin.py:104} INFO - [2021-07-14 20:20:35,753] {dag.py:2306} INFO - Setting next_dagrun for Pipeline_Spark to 2021-07-12 00:00:00+00:00
[2021-07-14 20:20:35,768] {scheduler_job.py:190} INFO - Processing /opt/airflow/dags/tutorial.py took 0.232 seconds
[2021-07-14 20:21:06,055] {scheduler_job.py:182} INFO - Started process (PID=2760) to work on /opt/airflow/dags/tutorial.py
[2021-07-14 20:21:06,057] {scheduler_job.py:633} INFO - Processing file /opt/airflow/dags/tutorial.py for tasks to queue
[2021-07-14 20:21:06,059] {logging_mixin.py:104} INFO - [2021-07-14 20:21:06,059] {dagbag.py:496} INFO - Filling up the DagBag from /opt/airflow/dags/tutorial.py
[2021-07-14 20:21:06,192] {scheduler_job.py:643} INFO - DAG(s) dict_keys(['Pipeline_Spark']) retrieved from /opt/airflow/dags/tutorial.py
[2021-07-14 20:21:06,204] {logging_mixin.py:104} INFO - [2021-07-14 20:21:06,204] {dag.py:1833} INFO - Sync 1 DAGs
[2021-07-14 20:21:06,220] {logging_mixin.py:104} INFO - [2021-07-14 20:21:06,220] {dag.py:2306} INFO - Setting next_dagrun for Pipeline_Spark to 2021-07-12 00:00:00+00:00
[2021-07-14 20:21:06,236] {scheduler_job.py:190} INFO - Processing /opt/airflow/dags/tutorial.py took 0.185 seconds
[2021-07-14 20:21:36,461] {scheduler_job.py:182} INFO - Started process (PID=2815) to work on /opt/airflow/dags/tutorial.py
[2021-07-14 20:21:36,463] {scheduler_job.py:633} INFO - Processing file /opt/airflow/dags/tutorial.py for tasks to queue
[2021-07-14 20:21:36,464] {logging_mixin.py:104} INFO - [2021-07-14 20:21:36,464] {dagbag.py:496} INFO - Filling up the DagBag from /opt/airflow/dags/tutorial.py
[2021-07-14 20:21:36,602] {scheduler_job.py:643} INFO - DAG(s) dict_keys(['Pipeline_Spark']) retrieved from /opt/airflow/dags/tutorial.py
[2021-07-14 20:21:36,613] {logging_mixin.py:104} INFO - [2021-07-14 20:21:36,613] {dag.py:1833} INFO - Sync 1 DAGs
[2021-07-14 20:21:36,630] {logging_mixin.py:104} INFO - [2021-07-14 20:21:36,630] {dag.py:2306} INFO - Setting next_dagrun for Pipeline_Spark to 2021-07-12 00:00:00+00:00
[2021-07-14 20:21:36,641] {scheduler_job.py:190} INFO - Processing /opt/airflow/dags/tutorial.py took 0.184 seconds
[2021-07-14 20:22:07,049] {scheduler_job.py:182} INFO - Started process (PID=2880) to work on /opt/airflow/dags/tutorial.py
[2021-07-14 20:22:07,051] {scheduler_job.py:633} INFO - Processing file /opt/airflow/dags/tutorial.py for tasks to queue
[2021-07-14 20:22:07,052] {logging_mixin.py:104} INFO - [2021-07-14 20:22:07,052] {dagbag.py:496} INFO - Filling up the DagBag from /opt/airflow/dags/tutorial.py
[2021-07-14 20:22:07,186] {scheduler_job.py:643} INFO - DAG(s) dict_keys(['Pipeline_Spark']) retrieved from /opt/airflow/dags/tutorial.py
[2021-07-14 20:22:07,200] {logging_mixin.py:104} INFO - [2021-07-14 20:22:07,200] {dag.py:1833} INFO - Sync 1 DAGs
[2021-07-14 20:22:07,218] {logging_mixin.py:104} INFO - [2021-07-14 20:22:07,218] {dag.py:2306} INFO - Setting next_dagrun for Pipeline_Spark to 2021-07-12 00:00:00+00:00
[2021-07-14 20:22:07,229] {scheduler_job.py:190} INFO - Processing /opt/airflow/dags/tutorial.py took 0.185 seconds
