[2021-10-21 19:06:16,153] {taskinstance.py:877} INFO - Dependencies all met for <TaskInstance: Fire_Incidents_glue.Process_finished 2021-10-20T00:00:00+00:00 [queued]>
[2021-10-21 19:06:16,168] {taskinstance.py:877} INFO - Dependencies all met for <TaskInstance: Fire_Incidents_glue.Process_finished 2021-10-20T00:00:00+00:00 [queued]>
[2021-10-21 19:06:16,168] {taskinstance.py:1068} INFO - 
--------------------------------------------------------------------------------
[2021-10-21 19:06:16,168] {taskinstance.py:1069} INFO - Starting attempt 1 of 2
[2021-10-21 19:06:16,168] {taskinstance.py:1070} INFO - 
--------------------------------------------------------------------------------
[2021-10-21 19:06:16,176] {taskinstance.py:1089} INFO - Executing <Task(PythonOperator): Process_finished> on 2021-10-20T00:00:00+00:00
[2021-10-21 19:06:16,181] {standard_task_runner.py:52} INFO - Started process 66 to run task
[2021-10-21 19:06:16,184] {standard_task_runner.py:76} INFO - Running: ['airflow', 'tasks', 'run', 'Fire_Incidents_glue', 'Process_finished', '2021-10-20T00:00:00+00:00', '--job-id', '10', '--pool', 'default_pool', '--raw', '--subdir', 'DAGS_FOLDER/fire_incidents_glue.py', '--cfg-path', '/tmp/tmpehy0eoum', '--error-file', '/tmp/tmpf46t8r7v']
[2021-10-21 19:06:16,184] {standard_task_runner.py:77} INFO - Job 10: Subtask Process_finished
[2021-10-21 19:06:16,221] {logging_mixin.py:104} INFO - Running <TaskInstance: Fire_Incidents_glue.Process_finished 2021-10-20T00:00:00+00:00 [running]> on host 9da1750f0b7f
[2021-10-21 19:06:16,258] {taskinstance.py:1283} INFO - Exporting the following env vars:
AIRFLOW_CTX_DAG_EMAIL=airflow@example.com
AIRFLOW_CTX_DAG_OWNER=airflow
AIRFLOW_CTX_DAG_ID=Fire_Incidents_glue
AIRFLOW_CTX_TASK_ID=Process_finished
AIRFLOW_CTX_EXECUTION_DATE=2021-10-20T00:00:00+00:00
AIRFLOW_CTX_DAG_RUN_ID=scheduled__2021-10-20T00:00:00+00:00
[2021-10-21 19:06:16,259] {python.py:118} INFO - Done. Returned value was: Process Finished!
[2021-10-21 19:06:16,282] {taskinstance.py:1192} INFO - Marking task as SUCCESS. dag_id=Fire_Incidents_glue, task_id=Process_finished, execution_date=20211020T000000, start_date=20211021T190616, end_date=20211021T190616
[2021-10-21 19:06:16,308] {taskinstance.py:1246} INFO - 0 downstream tasks scheduled from follow-on schedule check
[2021-10-21 19:06:16,318] {local_task_job.py:146} INFO - Task exited with return code 0
