[2021-07-14 19:05:02,888] {scheduler_job.py:182} INFO - Started process (PID=49) to work on /home/airflow/.local/lib/python3.6/site-packages/airflow/example_dags/example_bash_operator.py
[2021-07-14 19:05:02,890] {scheduler_job.py:633} INFO - Processing file /home/airflow/.local/lib/python3.6/site-packages/airflow/example_dags/example_bash_operator.py for tasks to queue
[2021-07-14 19:05:02,898] {logging_mixin.py:104} INFO - [2021-07-14 19:05:02,891] {dagbag.py:496} INFO - Filling up the DagBag from /home/airflow/.local/lib/python3.6/site-packages/airflow/example_dags/example_bash_operator.py
[2021-07-14 19:05:02,965] {scheduler_job.py:643} INFO - DAG(s) dict_keys(['example_bash_operator']) retrieved from /home/airflow/.local/lib/python3.6/site-packages/airflow/example_dags/example_bash_operator.py
[2021-07-14 19:05:04,371] {logging_mixin.py:104} INFO - [2021-07-14 19:05:04,364] {dag.py:1833} INFO - Sync 1 DAGs
[2021-07-14 19:05:04,595] {logging_mixin.py:104} INFO - [2021-07-14 19:05:04,595] {dag.py:2306} INFO - Setting next_dagrun for example_bash_operator to 2021-07-12 00:00:00+00:00
[2021-07-14 19:05:04,782] {scheduler_job.py:190} INFO - Processing /home/airflow/.local/lib/python3.6/site-packages/airflow/example_dags/example_bash_operator.py took 1.903 seconds
[2021-07-14 19:05:35,746] {scheduler_job.py:182} INFO - Started process (PID=110) to work on /home/airflow/.local/lib/python3.6/site-packages/airflow/example_dags/example_bash_operator.py
[2021-07-14 19:05:35,748] {scheduler_job.py:633} INFO - Processing file /home/airflow/.local/lib/python3.6/site-packages/airflow/example_dags/example_bash_operator.py for tasks to queue
[2021-07-14 19:05:35,749] {logging_mixin.py:104} INFO - [2021-07-14 19:05:35,748] {dagbag.py:496} INFO - Filling up the DagBag from /home/airflow/.local/lib/python3.6/site-packages/airflow/example_dags/example_bash_operator.py
[2021-07-14 19:05:35,779] {scheduler_job.py:643} INFO - DAG(s) dict_keys(['example_bash_operator']) retrieved from /home/airflow/.local/lib/python3.6/site-packages/airflow/example_dags/example_bash_operator.py
[2021-07-14 19:05:35,812] {logging_mixin.py:104} INFO - [2021-07-14 19:05:35,812] {dag.py:1833} INFO - Sync 1 DAGs
[2021-07-14 19:05:35,848] {logging_mixin.py:104} INFO - [2021-07-14 19:05:35,848] {dag.py:2306} INFO - Setting next_dagrun for example_bash_operator to 2021-07-12 00:00:00+00:00
[2021-07-14 19:05:35,869] {scheduler_job.py:190} INFO - Processing /home/airflow/.local/lib/python3.6/site-packages/airflow/example_dags/example_bash_operator.py took 0.129 seconds
[2021-07-14 19:06:06,259] {scheduler_job.py:182} INFO - Started process (PID=163) to work on /home/airflow/.local/lib/python3.6/site-packages/airflow/example_dags/example_bash_operator.py
[2021-07-14 19:06:06,261] {scheduler_job.py:633} INFO - Processing file /home/airflow/.local/lib/python3.6/site-packages/airflow/example_dags/example_bash_operator.py for tasks to queue
[2021-07-14 19:06:06,262] {logging_mixin.py:104} INFO - [2021-07-14 19:06:06,262] {dagbag.py:496} INFO - Filling up the DagBag from /home/airflow/.local/lib/python3.6/site-packages/airflow/example_dags/example_bash_operator.py
[2021-07-14 19:06:06,293] {scheduler_job.py:643} INFO - DAG(s) dict_keys(['example_bash_operator']) retrieved from /home/airflow/.local/lib/python3.6/site-packages/airflow/example_dags/example_bash_operator.py
[2021-07-14 19:06:06,325] {logging_mixin.py:104} INFO - [2021-07-14 19:06:06,325] {dag.py:1833} INFO - Sync 1 DAGs
[2021-07-14 19:06:06,354] {logging_mixin.py:104} INFO - [2021-07-14 19:06:06,354] {dag.py:2306} INFO - Setting next_dagrun for example_bash_operator to 2021-07-12 00:00:00+00:00
[2021-07-14 19:06:06,371] {scheduler_job.py:190} INFO - Processing /home/airflow/.local/lib/python3.6/site-packages/airflow/example_dags/example_bash_operator.py took 0.116 seconds
[2021-07-14 19:06:36,730] {scheduler_job.py:182} INFO - Started process (PID=217) to work on /home/airflow/.local/lib/python3.6/site-packages/airflow/example_dags/example_bash_operator.py
[2021-07-14 19:06:36,731] {scheduler_job.py:633} INFO - Processing file /home/airflow/.local/lib/python3.6/site-packages/airflow/example_dags/example_bash_operator.py for tasks to queue
[2021-07-14 19:06:36,732] {logging_mixin.py:104} INFO - [2021-07-14 19:06:36,732] {dagbag.py:496} INFO - Filling up the DagBag from /home/airflow/.local/lib/python3.6/site-packages/airflow/example_dags/example_bash_operator.py
[2021-07-14 19:06:36,752] {scheduler_job.py:643} INFO - DAG(s) dict_keys(['example_bash_operator']) retrieved from /home/airflow/.local/lib/python3.6/site-packages/airflow/example_dags/example_bash_operator.py
[2021-07-14 19:06:36,776] {logging_mixin.py:104} INFO - [2021-07-14 19:06:36,776] {dag.py:1833} INFO - Sync 1 DAGs
[2021-07-14 19:06:36,798] {logging_mixin.py:104} INFO - [2021-07-14 19:06:36,798] {dag.py:2306} INFO - Setting next_dagrun for example_bash_operator to 2021-07-12 00:00:00+00:00
[2021-07-14 19:06:36,810] {scheduler_job.py:190} INFO - Processing /home/airflow/.local/lib/python3.6/site-packages/airflow/example_dags/example_bash_operator.py took 0.083 seconds
[2021-07-14 19:07:07,098] {scheduler_job.py:182} INFO - Started process (PID=280) to work on /home/airflow/.local/lib/python3.6/site-packages/airflow/example_dags/example_bash_operator.py
[2021-07-14 19:07:07,100] {scheduler_job.py:633} INFO - Processing file /home/airflow/.local/lib/python3.6/site-packages/airflow/example_dags/example_bash_operator.py for tasks to queue
[2021-07-14 19:07:07,100] {logging_mixin.py:104} INFO - [2021-07-14 19:07:07,100] {dagbag.py:496} INFO - Filling up the DagBag from /home/airflow/.local/lib/python3.6/site-packages/airflow/example_dags/example_bash_operator.py
[2021-07-14 19:07:07,122] {scheduler_job.py:643} INFO - DAG(s) dict_keys(['example_bash_operator']) retrieved from /home/airflow/.local/lib/python3.6/site-packages/airflow/example_dags/example_bash_operator.py
[2021-07-14 19:07:07,147] {logging_mixin.py:104} INFO - [2021-07-14 19:07:07,147] {dag.py:1833} INFO - Sync 1 DAGs
[2021-07-14 19:07:07,175] {logging_mixin.py:104} INFO - [2021-07-14 19:07:07,175] {dag.py:2306} INFO - Setting next_dagrun for example_bash_operator to 2021-07-12 00:00:00+00:00
[2021-07-14 19:07:07,188] {scheduler_job.py:190} INFO - Processing /home/airflow/.local/lib/python3.6/site-packages/airflow/example_dags/example_bash_operator.py took 0.093 seconds
[2021-07-14 19:07:37,793] {scheduler_job.py:182} INFO - Started process (PID=333) to work on /home/airflow/.local/lib/python3.6/site-packages/airflow/example_dags/example_bash_operator.py
[2021-07-14 19:07:37,801] {scheduler_job.py:633} INFO - Processing file /home/airflow/.local/lib/python3.6/site-packages/airflow/example_dags/example_bash_operator.py for tasks to queue
[2021-07-14 19:07:37,801] {logging_mixin.py:104} INFO - [2021-07-14 19:07:37,801] {dagbag.py:496} INFO - Filling up the DagBag from /home/airflow/.local/lib/python3.6/site-packages/airflow/example_dags/example_bash_operator.py
[2021-07-14 19:07:37,822] {scheduler_job.py:643} INFO - DAG(s) dict_keys(['example_bash_operator']) retrieved from /home/airflow/.local/lib/python3.6/site-packages/airflow/example_dags/example_bash_operator.py
[2021-07-14 19:07:37,853] {logging_mixin.py:104} INFO - [2021-07-14 19:07:37,853] {dag.py:1833} INFO - Sync 1 DAGs
[2021-07-14 19:07:37,883] {logging_mixin.py:104} INFO - [2021-07-14 19:07:37,883] {dag.py:2306} INFO - Setting next_dagrun for example_bash_operator to 2021-07-12 00:00:00+00:00
[2021-07-14 19:07:37,898] {scheduler_job.py:190} INFO - Processing /home/airflow/.local/lib/python3.6/site-packages/airflow/example_dags/example_bash_operator.py took 0.108 seconds
[2021-07-14 19:08:55,785] {scheduler_job.py:182} INFO - Started process (PID=37) to work on /home/airflow/.local/lib/python3.6/site-packages/airflow/example_dags/example_bash_operator.py
[2021-07-14 19:08:55,787] {scheduler_job.py:633} INFO - Processing file /home/airflow/.local/lib/python3.6/site-packages/airflow/example_dags/example_bash_operator.py for tasks to queue
[2021-07-14 19:08:55,788] {logging_mixin.py:104} INFO - [2021-07-14 19:08:55,787] {dagbag.py:496} INFO - Filling up the DagBag from /home/airflow/.local/lib/python3.6/site-packages/airflow/example_dags/example_bash_operator.py
[2021-07-14 19:08:55,811] {scheduler_job.py:643} INFO - DAG(s) dict_keys(['example_bash_operator']) retrieved from /home/airflow/.local/lib/python3.6/site-packages/airflow/example_dags/example_bash_operator.py
[2021-07-14 19:08:55,839] {logging_mixin.py:104} INFO - [2021-07-14 19:08:55,839] {dag.py:1833} INFO - Sync 1 DAGs
[2021-07-14 19:08:55,861] {logging_mixin.py:104} INFO - [2021-07-14 19:08:55,861] {dag.py:2306} INFO - Setting next_dagrun for example_bash_operator to 2021-07-12 00:00:00+00:00
[2021-07-14 19:08:55,874] {scheduler_job.py:190} INFO - Processing /home/airflow/.local/lib/python3.6/site-packages/airflow/example_dags/example_bash_operator.py took 0.092 seconds
[2021-07-14 19:09:27,002] {scheduler_job.py:182} INFO - Started process (PID=102) to work on /home/airflow/.local/lib/python3.6/site-packages/airflow/example_dags/example_bash_operator.py
[2021-07-14 19:09:27,004] {scheduler_job.py:633} INFO - Processing file /home/airflow/.local/lib/python3.6/site-packages/airflow/example_dags/example_bash_operator.py for tasks to queue
[2021-07-14 19:09:27,005] {logging_mixin.py:104} INFO - [2021-07-14 19:09:27,004] {dagbag.py:496} INFO - Filling up the DagBag from /home/airflow/.local/lib/python3.6/site-packages/airflow/example_dags/example_bash_operator.py
[2021-07-14 19:09:27,038] {scheduler_job.py:643} INFO - DAG(s) dict_keys(['example_bash_operator']) retrieved from /home/airflow/.local/lib/python3.6/site-packages/airflow/example_dags/example_bash_operator.py
[2021-07-14 19:09:27,080] {logging_mixin.py:104} INFO - [2021-07-14 19:09:27,079] {dag.py:1833} INFO - Sync 1 DAGs
[2021-07-14 19:09:27,110] {logging_mixin.py:104} INFO - [2021-07-14 19:09:27,110] {dag.py:2306} INFO - Setting next_dagrun for example_bash_operator to 2021-07-12 00:00:00+00:00
[2021-07-14 19:09:27,129] {scheduler_job.py:190} INFO - Processing /home/airflow/.local/lib/python3.6/site-packages/airflow/example_dags/example_bash_operator.py took 0.132 seconds
[2021-07-14 19:09:57,645] {scheduler_job.py:182} INFO - Started process (PID=156) to work on /home/airflow/.local/lib/python3.6/site-packages/airflow/example_dags/example_bash_operator.py
[2021-07-14 19:09:57,646] {scheduler_job.py:633} INFO - Processing file /home/airflow/.local/lib/python3.6/site-packages/airflow/example_dags/example_bash_operator.py for tasks to queue
[2021-07-14 19:09:57,647] {logging_mixin.py:104} INFO - [2021-07-14 19:09:57,647] {dagbag.py:496} INFO - Filling up the DagBag from /home/airflow/.local/lib/python3.6/site-packages/airflow/example_dags/example_bash_operator.py
[2021-07-14 19:09:57,668] {scheduler_job.py:643} INFO - DAG(s) dict_keys(['example_bash_operator']) retrieved from /home/airflow/.local/lib/python3.6/site-packages/airflow/example_dags/example_bash_operator.py
[2021-07-14 19:09:57,691] {logging_mixin.py:104} INFO - [2021-07-14 19:09:57,691] {dag.py:1833} INFO - Sync 1 DAGs
[2021-07-14 19:09:57,713] {logging_mixin.py:104} INFO - [2021-07-14 19:09:57,713] {dag.py:2306} INFO - Setting next_dagrun for example_bash_operator to 2021-07-12 00:00:00+00:00
[2021-07-14 19:09:57,724] {scheduler_job.py:190} INFO - Processing /home/airflow/.local/lib/python3.6/site-packages/airflow/example_dags/example_bash_operator.py took 0.082 seconds
[2021-07-14 19:10:28,358] {scheduler_job.py:182} INFO - Started process (PID=215) to work on /home/airflow/.local/lib/python3.6/site-packages/airflow/example_dags/example_bash_operator.py
[2021-07-14 19:10:28,359] {scheduler_job.py:633} INFO - Processing file /home/airflow/.local/lib/python3.6/site-packages/airflow/example_dags/example_bash_operator.py for tasks to queue
[2021-07-14 19:10:28,359] {logging_mixin.py:104} INFO - [2021-07-14 19:10:28,359] {dagbag.py:496} INFO - Filling up the DagBag from /home/airflow/.local/lib/python3.6/site-packages/airflow/example_dags/example_bash_operator.py
[2021-07-14 19:10:28,383] {scheduler_job.py:643} INFO - DAG(s) dict_keys(['example_bash_operator']) retrieved from /home/airflow/.local/lib/python3.6/site-packages/airflow/example_dags/example_bash_operator.py
[2021-07-14 19:10:28,415] {logging_mixin.py:104} INFO - [2021-07-14 19:10:28,415] {dag.py:1833} INFO - Sync 1 DAGs
[2021-07-14 19:10:28,439] {logging_mixin.py:104} INFO - [2021-07-14 19:10:28,438] {dag.py:2306} INFO - Setting next_dagrun for example_bash_operator to 2021-07-12 00:00:00+00:00
[2021-07-14 19:10:28,452] {scheduler_job.py:190} INFO - Processing /home/airflow/.local/lib/python3.6/site-packages/airflow/example_dags/example_bash_operator.py took 0.098 seconds
[2021-07-14 19:10:59,388] {scheduler_job.py:182} INFO - Started process (PID=278) to work on /home/airflow/.local/lib/python3.6/site-packages/airflow/example_dags/example_bash_operator.py
[2021-07-14 19:10:59,389] {scheduler_job.py:633} INFO - Processing file /home/airflow/.local/lib/python3.6/site-packages/airflow/example_dags/example_bash_operator.py for tasks to queue
[2021-07-14 19:10:59,389] {logging_mixin.py:104} INFO - [2021-07-14 19:10:59,389] {dagbag.py:496} INFO - Filling up the DagBag from /home/airflow/.local/lib/python3.6/site-packages/airflow/example_dags/example_bash_operator.py
[2021-07-14 19:10:59,415] {scheduler_job.py:643} INFO - DAG(s) dict_keys(['example_bash_operator']) retrieved from /home/airflow/.local/lib/python3.6/site-packages/airflow/example_dags/example_bash_operator.py
[2021-07-14 19:10:59,442] {logging_mixin.py:104} INFO - [2021-07-14 19:10:59,442] {dag.py:1833} INFO - Sync 1 DAGs
[2021-07-14 19:10:59,469] {logging_mixin.py:104} INFO - [2021-07-14 19:10:59,469] {dag.py:2306} INFO - Setting next_dagrun for example_bash_operator to 2021-07-12 00:00:00+00:00
[2021-07-14 19:10:59,483] {scheduler_job.py:190} INFO - Processing /home/airflow/.local/lib/python3.6/site-packages/airflow/example_dags/example_bash_operator.py took 0.099 seconds
[2021-07-14 19:11:29,984] {scheduler_job.py:182} INFO - Started process (PID=331) to work on /home/airflow/.local/lib/python3.6/site-packages/airflow/example_dags/example_bash_operator.py
[2021-07-14 19:11:29,992] {scheduler_job.py:633} INFO - Processing file /home/airflow/.local/lib/python3.6/site-packages/airflow/example_dags/example_bash_operator.py for tasks to queue
[2021-07-14 19:11:29,993] {logging_mixin.py:104} INFO - [2021-07-14 19:11:29,993] {dagbag.py:496} INFO - Filling up the DagBag from /home/airflow/.local/lib/python3.6/site-packages/airflow/example_dags/example_bash_operator.py
[2021-07-14 19:11:30,020] {scheduler_job.py:643} INFO - DAG(s) dict_keys(['example_bash_operator']) retrieved from /home/airflow/.local/lib/python3.6/site-packages/airflow/example_dags/example_bash_operator.py
[2021-07-14 19:11:30,062] {logging_mixin.py:104} INFO - [2021-07-14 19:11:30,061] {dag.py:1833} INFO - Sync 1 DAGs
[2021-07-14 19:11:30,100] {logging_mixin.py:104} INFO - [2021-07-14 19:11:30,099] {dag.py:2306} INFO - Setting next_dagrun for example_bash_operator to 2021-07-12 00:00:00+00:00
[2021-07-14 19:11:30,118] {scheduler_job.py:190} INFO - Processing /home/airflow/.local/lib/python3.6/site-packages/airflow/example_dags/example_bash_operator.py took 0.139 seconds
[2021-07-14 19:12:00,631] {scheduler_job.py:182} INFO - Started process (PID=395) to work on /home/airflow/.local/lib/python3.6/site-packages/airflow/example_dags/example_bash_operator.py
[2021-07-14 19:12:00,633] {scheduler_job.py:633} INFO - Processing file /home/airflow/.local/lib/python3.6/site-packages/airflow/example_dags/example_bash_operator.py for tasks to queue
[2021-07-14 19:12:00,634] {logging_mixin.py:104} INFO - [2021-07-14 19:12:00,634] {dagbag.py:496} INFO - Filling up the DagBag from /home/airflow/.local/lib/python3.6/site-packages/airflow/example_dags/example_bash_operator.py
[2021-07-14 19:12:00,657] {scheduler_job.py:643} INFO - DAG(s) dict_keys(['example_bash_operator']) retrieved from /home/airflow/.local/lib/python3.6/site-packages/airflow/example_dags/example_bash_operator.py
[2021-07-14 19:12:00,681] {logging_mixin.py:104} INFO - [2021-07-14 19:12:00,681] {dag.py:1833} INFO - Sync 1 DAGs
[2021-07-14 19:12:00,704] {logging_mixin.py:104} INFO - [2021-07-14 19:12:00,704] {dag.py:2306} INFO - Setting next_dagrun for example_bash_operator to 2021-07-12 00:00:00+00:00
[2021-07-14 19:12:00,716] {scheduler_job.py:190} INFO - Processing /home/airflow/.local/lib/python3.6/site-packages/airflow/example_dags/example_bash_operator.py took 0.089 seconds
[2021-07-14 19:12:31,296] {scheduler_job.py:182} INFO - Started process (PID=448) to work on /home/airflow/.local/lib/python3.6/site-packages/airflow/example_dags/example_bash_operator.py
[2021-07-14 19:12:31,310] {scheduler_job.py:633} INFO - Processing file /home/airflow/.local/lib/python3.6/site-packages/airflow/example_dags/example_bash_operator.py for tasks to queue
[2021-07-14 19:12:31,311] {logging_mixin.py:104} INFO - [2021-07-14 19:12:31,311] {dagbag.py:496} INFO - Filling up the DagBag from /home/airflow/.local/lib/python3.6/site-packages/airflow/example_dags/example_bash_operator.py
[2021-07-14 19:12:31,356] {scheduler_job.py:643} INFO - DAG(s) dict_keys(['example_bash_operator']) retrieved from /home/airflow/.local/lib/python3.6/site-packages/airflow/example_dags/example_bash_operator.py
[2021-07-14 19:12:31,390] {logging_mixin.py:104} INFO - [2021-07-14 19:12:31,390] {dag.py:1833} INFO - Sync 1 DAGs
[2021-07-14 19:12:31,420] {logging_mixin.py:104} INFO - [2021-07-14 19:12:31,420] {dag.py:2306} INFO - Setting next_dagrun for example_bash_operator to 2021-07-12 00:00:00+00:00
[2021-07-14 19:12:31,440] {scheduler_job.py:190} INFO - Processing /home/airflow/.local/lib/python3.6/site-packages/airflow/example_dags/example_bash_operator.py took 0.148 seconds
[2021-07-14 19:57:43,030] {scheduler_job.py:182} INFO - Started process (PID=37) to work on /home/airflow/.local/lib/python3.6/site-packages/airflow/example_dags/example_bash_operator.py
[2021-07-14 19:57:43,031] {scheduler_job.py:633} INFO - Processing file /home/airflow/.local/lib/python3.6/site-packages/airflow/example_dags/example_bash_operator.py for tasks to queue
[2021-07-14 19:57:43,032] {logging_mixin.py:104} INFO - [2021-07-14 19:57:43,032] {dagbag.py:496} INFO - Filling up the DagBag from /home/airflow/.local/lib/python3.6/site-packages/airflow/example_dags/example_bash_operator.py
[2021-07-14 19:57:43,063] {scheduler_job.py:643} INFO - DAG(s) dict_keys(['example_bash_operator']) retrieved from /home/airflow/.local/lib/python3.6/site-packages/airflow/example_dags/example_bash_operator.py
[2021-07-14 19:57:43,108] {logging_mixin.py:104} INFO - [2021-07-14 19:57:43,108] {dag.py:1833} INFO - Sync 1 DAGs
[2021-07-14 19:57:43,154] {logging_mixin.py:104} INFO - [2021-07-14 19:57:43,154] {dag.py:2306} INFO - Setting next_dagrun for example_bash_operator to 2021-07-12 00:00:00+00:00
[2021-07-14 19:57:43,176] {scheduler_job.py:190} INFO - Processing /home/airflow/.local/lib/python3.6/site-packages/airflow/example_dags/example_bash_operator.py took 0.149 seconds
[2021-07-14 19:58:13,878] {scheduler_job.py:182} INFO - Started process (PID=98) to work on /home/airflow/.local/lib/python3.6/site-packages/airflow/example_dags/example_bash_operator.py
[2021-07-14 19:58:13,880] {scheduler_job.py:633} INFO - Processing file /home/airflow/.local/lib/python3.6/site-packages/airflow/example_dags/example_bash_operator.py for tasks to queue
[2021-07-14 19:58:13,881] {logging_mixin.py:104} INFO - [2021-07-14 19:58:13,881] {dagbag.py:496} INFO - Filling up the DagBag from /home/airflow/.local/lib/python3.6/site-packages/airflow/example_dags/example_bash_operator.py
[2021-07-14 19:58:13,920] {scheduler_job.py:643} INFO - DAG(s) dict_keys(['example_bash_operator']) retrieved from /home/airflow/.local/lib/python3.6/site-packages/airflow/example_dags/example_bash_operator.py
[2021-07-14 19:58:13,963] {logging_mixin.py:104} INFO - [2021-07-14 19:58:13,962] {dag.py:1833} INFO - Sync 1 DAGs
[2021-07-14 19:58:13,997] {logging_mixin.py:104} INFO - [2021-07-14 19:58:13,997] {dag.py:2306} INFO - Setting next_dagrun for example_bash_operator to 2021-07-12 00:00:00+00:00
[2021-07-14 19:58:14,018] {scheduler_job.py:190} INFO - Processing /home/airflow/.local/lib/python3.6/site-packages/airflow/example_dags/example_bash_operator.py took 0.145 seconds
[2021-07-14 19:58:44,501] {scheduler_job.py:182} INFO - Started process (PID=155) to work on /home/airflow/.local/lib/python3.6/site-packages/airflow/example_dags/example_bash_operator.py
[2021-07-14 19:58:44,502] {scheduler_job.py:633} INFO - Processing file /home/airflow/.local/lib/python3.6/site-packages/airflow/example_dags/example_bash_operator.py for tasks to queue
[2021-07-14 19:58:44,503] {logging_mixin.py:104} INFO - [2021-07-14 19:58:44,503] {dagbag.py:496} INFO - Filling up the DagBag from /home/airflow/.local/lib/python3.6/site-packages/airflow/example_dags/example_bash_operator.py
[2021-07-14 19:58:44,524] {scheduler_job.py:643} INFO - DAG(s) dict_keys(['example_bash_operator']) retrieved from /home/airflow/.local/lib/python3.6/site-packages/airflow/example_dags/example_bash_operator.py
[2021-07-14 19:58:44,545] {logging_mixin.py:104} INFO - [2021-07-14 19:58:44,545] {dag.py:1833} INFO - Sync 1 DAGs
[2021-07-14 19:58:44,565] {logging_mixin.py:104} INFO - [2021-07-14 19:58:44,565] {dag.py:2306} INFO - Setting next_dagrun for example_bash_operator to 2021-07-12 00:00:00+00:00
[2021-07-14 19:58:44,576] {scheduler_job.py:190} INFO - Processing /home/airflow/.local/lib/python3.6/site-packages/airflow/example_dags/example_bash_operator.py took 0.078 seconds
[2021-07-14 19:59:15,359] {scheduler_job.py:182} INFO - Started process (PID=220) to work on /home/airflow/.local/lib/python3.6/site-packages/airflow/example_dags/example_bash_operator.py
[2021-07-14 19:59:15,361] {scheduler_job.py:633} INFO - Processing file /home/airflow/.local/lib/python3.6/site-packages/airflow/example_dags/example_bash_operator.py for tasks to queue
[2021-07-14 19:59:15,362] {logging_mixin.py:104} INFO - [2021-07-14 19:59:15,362] {dagbag.py:496} INFO - Filling up the DagBag from /home/airflow/.local/lib/python3.6/site-packages/airflow/example_dags/example_bash_operator.py
[2021-07-14 19:59:15,392] {scheduler_job.py:643} INFO - DAG(s) dict_keys(['example_bash_operator']) retrieved from /home/airflow/.local/lib/python3.6/site-packages/airflow/example_dags/example_bash_operator.py
[2021-07-14 19:59:15,424] {logging_mixin.py:104} INFO - [2021-07-14 19:59:15,424] {dag.py:1833} INFO - Sync 1 DAGs
[2021-07-14 19:59:15,451] {logging_mixin.py:104} INFO - [2021-07-14 19:59:15,451] {dag.py:2306} INFO - Setting next_dagrun for example_bash_operator to 2021-07-12 00:00:00+00:00
[2021-07-14 19:59:15,466] {scheduler_job.py:190} INFO - Processing /home/airflow/.local/lib/python3.6/site-packages/airflow/example_dags/example_bash_operator.py took 0.112 seconds
[2021-07-14 19:59:46,214] {scheduler_job.py:182} INFO - Started process (PID=274) to work on /home/airflow/.local/lib/python3.6/site-packages/airflow/example_dags/example_bash_operator.py
[2021-07-14 19:59:46,216] {scheduler_job.py:633} INFO - Processing file /home/airflow/.local/lib/python3.6/site-packages/airflow/example_dags/example_bash_operator.py for tasks to queue
[2021-07-14 19:59:46,217] {logging_mixin.py:104} INFO - [2021-07-14 19:59:46,217] {dagbag.py:496} INFO - Filling up the DagBag from /home/airflow/.local/lib/python3.6/site-packages/airflow/example_dags/example_bash_operator.py
[2021-07-14 19:59:46,239] {scheduler_job.py:643} INFO - DAG(s) dict_keys(['example_bash_operator']) retrieved from /home/airflow/.local/lib/python3.6/site-packages/airflow/example_dags/example_bash_operator.py
[2021-07-14 19:59:46,264] {logging_mixin.py:104} INFO - [2021-07-14 19:59:46,264] {dag.py:1833} INFO - Sync 1 DAGs
[2021-07-14 19:59:46,285] {logging_mixin.py:104} INFO - [2021-07-14 19:59:46,285] {dag.py:2306} INFO - Setting next_dagrun for example_bash_operator to 2021-07-12 00:00:00+00:00
[2021-07-14 19:59:46,296] {scheduler_job.py:190} INFO - Processing /home/airflow/.local/lib/python3.6/site-packages/airflow/example_dags/example_bash_operator.py took 0.085 seconds
[2021-07-14 20:00:16,783] {scheduler_job.py:182} INFO - Started process (PID=337) to work on /home/airflow/.local/lib/python3.6/site-packages/airflow/example_dags/example_bash_operator.py
[2021-07-14 20:00:16,790] {scheduler_job.py:633} INFO - Processing file /home/airflow/.local/lib/python3.6/site-packages/airflow/example_dags/example_bash_operator.py for tasks to queue
[2021-07-14 20:00:16,791] {logging_mixin.py:104} INFO - [2021-07-14 20:00:16,790] {dagbag.py:496} INFO - Filling up the DagBag from /home/airflow/.local/lib/python3.6/site-packages/airflow/example_dags/example_bash_operator.py
[2021-07-14 20:00:16,808] {scheduler_job.py:643} INFO - DAG(s) dict_keys(['example_bash_operator']) retrieved from /home/airflow/.local/lib/python3.6/site-packages/airflow/example_dags/example_bash_operator.py
[2021-07-14 20:00:16,834] {logging_mixin.py:104} INFO - [2021-07-14 20:00:16,834] {dag.py:1833} INFO - Sync 1 DAGs
[2021-07-14 20:00:16,858] {logging_mixin.py:104} INFO - [2021-07-14 20:00:16,858] {dag.py:2306} INFO - Setting next_dagrun for example_bash_operator to 2021-07-12 00:00:00+00:00
[2021-07-14 20:00:16,871] {scheduler_job.py:190} INFO - Processing /home/airflow/.local/lib/python3.6/site-packages/airflow/example_dags/example_bash_operator.py took 0.092 seconds
[2021-07-14 20:00:47,140] {scheduler_job.py:182} INFO - Started process (PID=390) to work on /home/airflow/.local/lib/python3.6/site-packages/airflow/example_dags/example_bash_operator.py
[2021-07-14 20:00:47,142] {scheduler_job.py:633} INFO - Processing file /home/airflow/.local/lib/python3.6/site-packages/airflow/example_dags/example_bash_operator.py for tasks to queue
[2021-07-14 20:00:47,142] {logging_mixin.py:104} INFO - [2021-07-14 20:00:47,142] {dagbag.py:496} INFO - Filling up the DagBag from /home/airflow/.local/lib/python3.6/site-packages/airflow/example_dags/example_bash_operator.py
[2021-07-14 20:00:47,160] {scheduler_job.py:643} INFO - DAG(s) dict_keys(['example_bash_operator']) retrieved from /home/airflow/.local/lib/python3.6/site-packages/airflow/example_dags/example_bash_operator.py
[2021-07-14 20:00:47,184] {logging_mixin.py:104} INFO - [2021-07-14 20:00:47,184] {dag.py:1833} INFO - Sync 1 DAGs
[2021-07-14 20:00:47,205] {logging_mixin.py:104} INFO - [2021-07-14 20:00:47,205] {dag.py:2306} INFO - Setting next_dagrun for example_bash_operator to 2021-07-12 00:00:00+00:00
[2021-07-14 20:00:47,216] {scheduler_job.py:190} INFO - Processing /home/airflow/.local/lib/python3.6/site-packages/airflow/example_dags/example_bash_operator.py took 0.079 seconds
[2021-07-14 20:01:17,372] {scheduler_job.py:182} INFO - Started process (PID=453) to work on /home/airflow/.local/lib/python3.6/site-packages/airflow/example_dags/example_bash_operator.py
[2021-07-14 20:01:17,373] {scheduler_job.py:633} INFO - Processing file /home/airflow/.local/lib/python3.6/site-packages/airflow/example_dags/example_bash_operator.py for tasks to queue
[2021-07-14 20:01:17,374] {logging_mixin.py:104} INFO - [2021-07-14 20:01:17,373] {dagbag.py:496} INFO - Filling up the DagBag from /home/airflow/.local/lib/python3.6/site-packages/airflow/example_dags/example_bash_operator.py
[2021-07-14 20:01:17,391] {scheduler_job.py:643} INFO - DAG(s) dict_keys(['example_bash_operator']) retrieved from /home/airflow/.local/lib/python3.6/site-packages/airflow/example_dags/example_bash_operator.py
[2021-07-14 20:01:17,416] {logging_mixin.py:104} INFO - [2021-07-14 20:01:17,416] {dag.py:1833} INFO - Sync 1 DAGs
[2021-07-14 20:01:17,439] {logging_mixin.py:104} INFO - [2021-07-14 20:01:17,439] {dag.py:2306} INFO - Setting next_dagrun for example_bash_operator to 2021-07-12 00:00:00+00:00
[2021-07-14 20:01:17,450] {scheduler_job.py:190} INFO - Processing /home/airflow/.local/lib/python3.6/site-packages/airflow/example_dags/example_bash_operator.py took 0.082 seconds
[2021-07-14 20:01:47,938] {scheduler_job.py:182} INFO - Started process (PID=507) to work on /home/airflow/.local/lib/python3.6/site-packages/airflow/example_dags/example_bash_operator.py
[2021-07-14 20:01:47,939] {scheduler_job.py:633} INFO - Processing file /home/airflow/.local/lib/python3.6/site-packages/airflow/example_dags/example_bash_operator.py for tasks to queue
[2021-07-14 20:01:47,940] {logging_mixin.py:104} INFO - [2021-07-14 20:01:47,940] {dagbag.py:496} INFO - Filling up the DagBag from /home/airflow/.local/lib/python3.6/site-packages/airflow/example_dags/example_bash_operator.py
[2021-07-14 20:01:47,956] {scheduler_job.py:643} INFO - DAG(s) dict_keys(['example_bash_operator']) retrieved from /home/airflow/.local/lib/python3.6/site-packages/airflow/example_dags/example_bash_operator.py
[2021-07-14 20:01:47,979] {logging_mixin.py:104} INFO - [2021-07-14 20:01:47,979] {dag.py:1833} INFO - Sync 1 DAGs
[2021-07-14 20:01:47,999] {logging_mixin.py:104} INFO - [2021-07-14 20:01:47,999] {dag.py:2306} INFO - Setting next_dagrun for example_bash_operator to 2021-07-12 00:00:00+00:00
[2021-07-14 20:01:48,011] {scheduler_job.py:190} INFO - Processing /home/airflow/.local/lib/python3.6/site-packages/airflow/example_dags/example_bash_operator.py took 0.077 seconds
[2021-07-14 20:02:18,271] {scheduler_job.py:182} INFO - Started process (PID=574) to work on /home/airflow/.local/lib/python3.6/site-packages/airflow/example_dags/example_bash_operator.py
[2021-07-14 20:02:18,272] {scheduler_job.py:633} INFO - Processing file /home/airflow/.local/lib/python3.6/site-packages/airflow/example_dags/example_bash_operator.py for tasks to queue
[2021-07-14 20:02:18,273] {logging_mixin.py:104} INFO - [2021-07-14 20:02:18,272] {dagbag.py:496} INFO - Filling up the DagBag from /home/airflow/.local/lib/python3.6/site-packages/airflow/example_dags/example_bash_operator.py
[2021-07-14 20:02:18,291] {scheduler_job.py:643} INFO - DAG(s) dict_keys(['example_bash_operator']) retrieved from /home/airflow/.local/lib/python3.6/site-packages/airflow/example_dags/example_bash_operator.py
[2021-07-14 20:02:18,319] {logging_mixin.py:104} INFO - [2021-07-14 20:02:18,318] {dag.py:1833} INFO - Sync 1 DAGs
[2021-07-14 20:02:18,347] {logging_mixin.py:104} INFO - [2021-07-14 20:02:18,347] {dag.py:2306} INFO - Setting next_dagrun for example_bash_operator to 2021-07-12 00:00:00+00:00
[2021-07-14 20:02:18,361] {scheduler_job.py:190} INFO - Processing /home/airflow/.local/lib/python3.6/site-packages/airflow/example_dags/example_bash_operator.py took 0.093 seconds
[2021-07-14 20:02:49,224] {scheduler_job.py:182} INFO - Started process (PID=628) to work on /home/airflow/.local/lib/python3.6/site-packages/airflow/example_dags/example_bash_operator.py
[2021-07-14 20:02:49,226] {scheduler_job.py:633} INFO - Processing file /home/airflow/.local/lib/python3.6/site-packages/airflow/example_dags/example_bash_operator.py for tasks to queue
[2021-07-14 20:02:49,227] {logging_mixin.py:104} INFO - [2021-07-14 20:02:49,227] {dagbag.py:496} INFO - Filling up the DagBag from /home/airflow/.local/lib/python3.6/site-packages/airflow/example_dags/example_bash_operator.py
[2021-07-14 20:02:49,249] {scheduler_job.py:643} INFO - DAG(s) dict_keys(['example_bash_operator']) retrieved from /home/airflow/.local/lib/python3.6/site-packages/airflow/example_dags/example_bash_operator.py
[2021-07-14 20:02:49,283] {logging_mixin.py:104} INFO - [2021-07-14 20:02:49,283] {dag.py:1833} INFO - Sync 1 DAGs
[2021-07-14 20:02:49,313] {logging_mixin.py:104} INFO - [2021-07-14 20:02:49,313] {dag.py:2306} INFO - Setting next_dagrun for example_bash_operator to 2021-07-12 00:00:00+00:00
[2021-07-14 20:02:49,342] {scheduler_job.py:190} INFO - Processing /home/airflow/.local/lib/python3.6/site-packages/airflow/example_dags/example_bash_operator.py took 0.122 seconds
[2021-07-14 20:03:19,393] {scheduler_job.py:182} INFO - Started process (PID=692) to work on /home/airflow/.local/lib/python3.6/site-packages/airflow/example_dags/example_bash_operator.py
[2021-07-14 20:03:19,394] {scheduler_job.py:633} INFO - Processing file /home/airflow/.local/lib/python3.6/site-packages/airflow/example_dags/example_bash_operator.py for tasks to queue
[2021-07-14 20:03:19,395] {logging_mixin.py:104} INFO - [2021-07-14 20:03:19,394] {dagbag.py:496} INFO - Filling up the DagBag from /home/airflow/.local/lib/python3.6/site-packages/airflow/example_dags/example_bash_operator.py
[2021-07-14 20:03:19,411] {scheduler_job.py:643} INFO - DAG(s) dict_keys(['example_bash_operator']) retrieved from /home/airflow/.local/lib/python3.6/site-packages/airflow/example_dags/example_bash_operator.py
[2021-07-14 20:03:19,433] {logging_mixin.py:104} INFO - [2021-07-14 20:03:19,432] {dag.py:1833} INFO - Sync 1 DAGs
[2021-07-14 20:03:19,452] {logging_mixin.py:104} INFO - [2021-07-14 20:03:19,452] {dag.py:2306} INFO - Setting next_dagrun for example_bash_operator to 2021-07-12 00:00:00+00:00
[2021-07-14 20:03:19,463] {scheduler_job.py:190} INFO - Processing /home/airflow/.local/lib/python3.6/site-packages/airflow/example_dags/example_bash_operator.py took 0.074 seconds
[2021-07-14 20:03:49,848] {scheduler_job.py:182} INFO - Started process (PID=745) to work on /home/airflow/.local/lib/python3.6/site-packages/airflow/example_dags/example_bash_operator.py
[2021-07-14 20:03:49,850] {scheduler_job.py:633} INFO - Processing file /home/airflow/.local/lib/python3.6/site-packages/airflow/example_dags/example_bash_operator.py for tasks to queue
[2021-07-14 20:03:49,852] {logging_mixin.py:104} INFO - [2021-07-14 20:03:49,851] {dagbag.py:496} INFO - Filling up the DagBag from /home/airflow/.local/lib/python3.6/site-packages/airflow/example_dags/example_bash_operator.py
[2021-07-14 20:03:49,879] {scheduler_job.py:643} INFO - DAG(s) dict_keys(['example_bash_operator']) retrieved from /home/airflow/.local/lib/python3.6/site-packages/airflow/example_dags/example_bash_operator.py
[2021-07-14 20:03:49,915] {logging_mixin.py:104} INFO - [2021-07-14 20:03:49,914] {dag.py:1833} INFO - Sync 1 DAGs
[2021-07-14 20:03:49,946] {logging_mixin.py:104} INFO - [2021-07-14 20:03:49,945] {dag.py:2306} INFO - Setting next_dagrun for example_bash_operator to 2021-07-12 00:00:00+00:00
[2021-07-14 20:03:49,960] {scheduler_job.py:190} INFO - Processing /home/airflow/.local/lib/python3.6/site-packages/airflow/example_dags/example_bash_operator.py took 0.117 seconds
[2021-07-14 20:04:20,171] {scheduler_job.py:182} INFO - Started process (PID=810) to work on /home/airflow/.local/lib/python3.6/site-packages/airflow/example_dags/example_bash_operator.py
[2021-07-14 20:04:20,172] {scheduler_job.py:633} INFO - Processing file /home/airflow/.local/lib/python3.6/site-packages/airflow/example_dags/example_bash_operator.py for tasks to queue
[2021-07-14 20:04:20,173] {logging_mixin.py:104} INFO - [2021-07-14 20:04:20,173] {dagbag.py:496} INFO - Filling up the DagBag from /home/airflow/.local/lib/python3.6/site-packages/airflow/example_dags/example_bash_operator.py
[2021-07-14 20:04:20,188] {scheduler_job.py:643} INFO - DAG(s) dict_keys(['example_bash_operator']) retrieved from /home/airflow/.local/lib/python3.6/site-packages/airflow/example_dags/example_bash_operator.py
[2021-07-14 20:04:20,211] {logging_mixin.py:104} INFO - [2021-07-14 20:04:20,211] {dag.py:1833} INFO - Sync 1 DAGs
[2021-07-14 20:04:20,232] {logging_mixin.py:104} INFO - [2021-07-14 20:04:20,232] {dag.py:2306} INFO - Setting next_dagrun for example_bash_operator to 2021-07-12 00:00:00+00:00
[2021-07-14 20:04:20,244] {scheduler_job.py:190} INFO - Processing /home/airflow/.local/lib/python3.6/site-packages/airflow/example_dags/example_bash_operator.py took 0.076 seconds
[2021-07-14 20:04:50,495] {scheduler_job.py:182} INFO - Started process (PID=865) to work on /home/airflow/.local/lib/python3.6/site-packages/airflow/example_dags/example_bash_operator.py
[2021-07-14 20:04:50,498] {scheduler_job.py:633} INFO - Processing file /home/airflow/.local/lib/python3.6/site-packages/airflow/example_dags/example_bash_operator.py for tasks to queue
[2021-07-14 20:04:50,499] {logging_mixin.py:104} INFO - [2021-07-14 20:04:50,498] {dagbag.py:496} INFO - Filling up the DagBag from /home/airflow/.local/lib/python3.6/site-packages/airflow/example_dags/example_bash_operator.py
[2021-07-14 20:04:50,522] {scheduler_job.py:643} INFO - DAG(s) dict_keys(['example_bash_operator']) retrieved from /home/airflow/.local/lib/python3.6/site-packages/airflow/example_dags/example_bash_operator.py
[2021-07-14 20:04:50,548] {logging_mixin.py:104} INFO - [2021-07-14 20:04:50,548] {dag.py:1833} INFO - Sync 1 DAGs
[2021-07-14 20:04:50,570] {logging_mixin.py:104} INFO - [2021-07-14 20:04:50,569] {dag.py:2306} INFO - Setting next_dagrun for example_bash_operator to 2021-07-12 00:00:00+00:00
[2021-07-14 20:04:50,581] {scheduler_job.py:190} INFO - Processing /home/airflow/.local/lib/python3.6/site-packages/airflow/example_dags/example_bash_operator.py took 0.090 seconds
[2021-07-14 20:05:20,909] {scheduler_job.py:182} INFO - Started process (PID=930) to work on /home/airflow/.local/lib/python3.6/site-packages/airflow/example_dags/example_bash_operator.py
[2021-07-14 20:05:20,910] {scheduler_job.py:633} INFO - Processing file /home/airflow/.local/lib/python3.6/site-packages/airflow/example_dags/example_bash_operator.py for tasks to queue
[2021-07-14 20:05:20,911] {logging_mixin.py:104} INFO - [2021-07-14 20:05:20,911] {dagbag.py:496} INFO - Filling up the DagBag from /home/airflow/.local/lib/python3.6/site-packages/airflow/example_dags/example_bash_operator.py
[2021-07-14 20:05:20,934] {scheduler_job.py:643} INFO - DAG(s) dict_keys(['example_bash_operator']) retrieved from /home/airflow/.local/lib/python3.6/site-packages/airflow/example_dags/example_bash_operator.py
[2021-07-14 20:05:20,961] {logging_mixin.py:104} INFO - [2021-07-14 20:05:20,961] {dag.py:1833} INFO - Sync 1 DAGs
[2021-07-14 20:05:20,991] {logging_mixin.py:104} INFO - [2021-07-14 20:05:20,991] {dag.py:2306} INFO - Setting next_dagrun for example_bash_operator to 2021-07-12 00:00:00+00:00
[2021-07-14 20:05:21,010] {scheduler_job.py:190} INFO - Processing /home/airflow/.local/lib/python3.6/site-packages/airflow/example_dags/example_bash_operator.py took 0.106 seconds
[2021-07-14 20:05:51,083] {scheduler_job.py:182} INFO - Started process (PID=984) to work on /home/airflow/.local/lib/python3.6/site-packages/airflow/example_dags/example_bash_operator.py
[2021-07-14 20:05:51,084] {scheduler_job.py:633} INFO - Processing file /home/airflow/.local/lib/python3.6/site-packages/airflow/example_dags/example_bash_operator.py for tasks to queue
[2021-07-14 20:05:51,084] {logging_mixin.py:104} INFO - [2021-07-14 20:05:51,084] {dagbag.py:496} INFO - Filling up the DagBag from /home/airflow/.local/lib/python3.6/site-packages/airflow/example_dags/example_bash_operator.py
[2021-07-14 20:05:51,104] {scheduler_job.py:643} INFO - DAG(s) dict_keys(['example_bash_operator']) retrieved from /home/airflow/.local/lib/python3.6/site-packages/airflow/example_dags/example_bash_operator.py
[2021-07-14 20:05:51,126] {logging_mixin.py:104} INFO - [2021-07-14 20:05:51,125] {dag.py:1833} INFO - Sync 1 DAGs
[2021-07-14 20:05:51,152] {logging_mixin.py:104} INFO - [2021-07-14 20:05:51,152] {dag.py:2306} INFO - Setting next_dagrun for example_bash_operator to 2021-07-12 00:00:00+00:00
[2021-07-14 20:05:51,165] {scheduler_job.py:190} INFO - Processing /home/airflow/.local/lib/python3.6/site-packages/airflow/example_dags/example_bash_operator.py took 0.085 seconds
[2021-07-14 20:06:21,673] {scheduler_job.py:182} INFO - Started process (PID=1047) to work on /home/airflow/.local/lib/python3.6/site-packages/airflow/example_dags/example_bash_operator.py
[2021-07-14 20:06:21,674] {scheduler_job.py:633} INFO - Processing file /home/airflow/.local/lib/python3.6/site-packages/airflow/example_dags/example_bash_operator.py for tasks to queue
[2021-07-14 20:06:21,674] {logging_mixin.py:104} INFO - [2021-07-14 20:06:21,674] {dagbag.py:496} INFO - Filling up the DagBag from /home/airflow/.local/lib/python3.6/site-packages/airflow/example_dags/example_bash_operator.py
[2021-07-14 20:06:21,690] {scheduler_job.py:643} INFO - DAG(s) dict_keys(['example_bash_operator']) retrieved from /home/airflow/.local/lib/python3.6/site-packages/airflow/example_dags/example_bash_operator.py
[2021-07-14 20:06:21,712] {logging_mixin.py:104} INFO - [2021-07-14 20:06:21,712] {dag.py:1833} INFO - Sync 1 DAGs
[2021-07-14 20:06:21,733] {logging_mixin.py:104} INFO - [2021-07-14 20:06:21,733] {dag.py:2306} INFO - Setting next_dagrun for example_bash_operator to 2021-07-12 00:00:00+00:00
[2021-07-14 20:06:21,744] {scheduler_job.py:190} INFO - Processing /home/airflow/.local/lib/python3.6/site-packages/airflow/example_dags/example_bash_operator.py took 0.073 seconds
[2021-07-14 20:06:52,838] {scheduler_job.py:182} INFO - Started process (PID=1110) to work on /home/airflow/.local/lib/python3.6/site-packages/airflow/example_dags/example_bash_operator.py
[2021-07-14 20:06:52,839] {scheduler_job.py:633} INFO - Processing file /home/airflow/.local/lib/python3.6/site-packages/airflow/example_dags/example_bash_operator.py for tasks to queue
[2021-07-14 20:06:52,840] {logging_mixin.py:104} INFO - [2021-07-14 20:06:52,840] {dagbag.py:496} INFO - Filling up the DagBag from /home/airflow/.local/lib/python3.6/site-packages/airflow/example_dags/example_bash_operator.py
[2021-07-14 20:06:52,867] {scheduler_job.py:643} INFO - DAG(s) dict_keys(['example_bash_operator']) retrieved from /home/airflow/.local/lib/python3.6/site-packages/airflow/example_dags/example_bash_operator.py
[2021-07-14 20:06:52,912] {logging_mixin.py:104} INFO - [2021-07-14 20:06:52,912] {dag.py:1833} INFO - Sync 1 DAGs
[2021-07-14 20:06:52,957] {logging_mixin.py:104} INFO - [2021-07-14 20:06:52,957] {dag.py:2306} INFO - Setting next_dagrun for example_bash_operator to 2021-07-12 00:00:00+00:00
[2021-07-14 20:06:52,984] {scheduler_job.py:190} INFO - Processing /home/airflow/.local/lib/python3.6/site-packages/airflow/example_dags/example_bash_operator.py took 0.149 seconds
[2021-07-14 20:07:23,575] {scheduler_job.py:182} INFO - Started process (PID=1164) to work on /home/airflow/.local/lib/python3.6/site-packages/airflow/example_dags/example_bash_operator.py
[2021-07-14 20:07:23,577] {scheduler_job.py:633} INFO - Processing file /home/airflow/.local/lib/python3.6/site-packages/airflow/example_dags/example_bash_operator.py for tasks to queue
[2021-07-14 20:07:23,577] {logging_mixin.py:104} INFO - [2021-07-14 20:07:23,577] {dagbag.py:496} INFO - Filling up the DagBag from /home/airflow/.local/lib/python3.6/site-packages/airflow/example_dags/example_bash_operator.py
[2021-07-14 20:07:23,597] {scheduler_job.py:643} INFO - DAG(s) dict_keys(['example_bash_operator']) retrieved from /home/airflow/.local/lib/python3.6/site-packages/airflow/example_dags/example_bash_operator.py
[2021-07-14 20:07:23,633] {logging_mixin.py:104} INFO - [2021-07-14 20:07:23,632] {dag.py:1833} INFO - Sync 1 DAGs
[2021-07-14 20:07:23,666] {logging_mixin.py:104} INFO - [2021-07-14 20:07:23,666] {dag.py:2306} INFO - Setting next_dagrun for example_bash_operator to 2021-07-12 00:00:00+00:00
[2021-07-14 20:07:23,682] {scheduler_job.py:190} INFO - Processing /home/airflow/.local/lib/python3.6/site-packages/airflow/example_dags/example_bash_operator.py took 0.111 seconds
[2021-07-14 20:07:54,152] {scheduler_job.py:182} INFO - Started process (PID=1229) to work on /home/airflow/.local/lib/python3.6/site-packages/airflow/example_dags/example_bash_operator.py
[2021-07-14 20:07:54,153] {scheduler_job.py:633} INFO - Processing file /home/airflow/.local/lib/python3.6/site-packages/airflow/example_dags/example_bash_operator.py for tasks to queue
[2021-07-14 20:07:54,154] {logging_mixin.py:104} INFO - [2021-07-14 20:07:54,154] {dagbag.py:496} INFO - Filling up the DagBag from /home/airflow/.local/lib/python3.6/site-packages/airflow/example_dags/example_bash_operator.py
[2021-07-14 20:07:54,169] {scheduler_job.py:643} INFO - DAG(s) dict_keys(['example_bash_operator']) retrieved from /home/airflow/.local/lib/python3.6/site-packages/airflow/example_dags/example_bash_operator.py
[2021-07-14 20:07:54,192] {logging_mixin.py:104} INFO - [2021-07-14 20:07:54,192] {dag.py:1833} INFO - Sync 1 DAGs
[2021-07-14 20:07:54,218] {logging_mixin.py:104} INFO - [2021-07-14 20:07:54,218] {dag.py:2306} INFO - Setting next_dagrun for example_bash_operator to 2021-07-12 00:00:00+00:00
[2021-07-14 20:07:54,236] {scheduler_job.py:190} INFO - Processing /home/airflow/.local/lib/python3.6/site-packages/airflow/example_dags/example_bash_operator.py took 0.087 seconds
[2021-07-14 20:08:24,573] {scheduler_job.py:182} INFO - Started process (PID=1284) to work on /home/airflow/.local/lib/python3.6/site-packages/airflow/example_dags/example_bash_operator.py
[2021-07-14 20:08:24,574] {scheduler_job.py:633} INFO - Processing file /home/airflow/.local/lib/python3.6/site-packages/airflow/example_dags/example_bash_operator.py for tasks to queue
[2021-07-14 20:08:24,575] {logging_mixin.py:104} INFO - [2021-07-14 20:08:24,575] {dagbag.py:496} INFO - Filling up the DagBag from /home/airflow/.local/lib/python3.6/site-packages/airflow/example_dags/example_bash_operator.py
[2021-07-14 20:08:24,590] {scheduler_job.py:643} INFO - DAG(s) dict_keys(['example_bash_operator']) retrieved from /home/airflow/.local/lib/python3.6/site-packages/airflow/example_dags/example_bash_operator.py
[2021-07-14 20:08:24,611] {logging_mixin.py:104} INFO - [2021-07-14 20:08:24,611] {dag.py:1833} INFO - Sync 1 DAGs
[2021-07-14 20:08:24,631] {logging_mixin.py:104} INFO - [2021-07-14 20:08:24,630] {dag.py:2306} INFO - Setting next_dagrun for example_bash_operator to 2021-07-12 00:00:00+00:00
[2021-07-14 20:08:24,641] {scheduler_job.py:190} INFO - Processing /home/airflow/.local/lib/python3.6/site-packages/airflow/example_dags/example_bash_operator.py took 0.071 seconds
[2021-07-14 20:08:55,189] {scheduler_job.py:182} INFO - Started process (PID=1347) to work on /home/airflow/.local/lib/python3.6/site-packages/airflow/example_dags/example_bash_operator.py
[2021-07-14 20:08:55,190] {scheduler_job.py:633} INFO - Processing file /home/airflow/.local/lib/python3.6/site-packages/airflow/example_dags/example_bash_operator.py for tasks to queue
[2021-07-14 20:08:55,191] {logging_mixin.py:104} INFO - [2021-07-14 20:08:55,190] {dagbag.py:496} INFO - Filling up the DagBag from /home/airflow/.local/lib/python3.6/site-packages/airflow/example_dags/example_bash_operator.py
[2021-07-14 20:08:55,207] {scheduler_job.py:643} INFO - DAG(s) dict_keys(['example_bash_operator']) retrieved from /home/airflow/.local/lib/python3.6/site-packages/airflow/example_dags/example_bash_operator.py
[2021-07-14 20:08:55,229] {logging_mixin.py:104} INFO - [2021-07-14 20:08:55,229] {dag.py:1833} INFO - Sync 1 DAGs
[2021-07-14 20:08:55,250] {logging_mixin.py:104} INFO - [2021-07-14 20:08:55,250] {dag.py:2306} INFO - Setting next_dagrun for example_bash_operator to 2021-07-12 00:00:00+00:00
[2021-07-14 20:08:55,262] {scheduler_job.py:190} INFO - Processing /home/airflow/.local/lib/python3.6/site-packages/airflow/example_dags/example_bash_operator.py took 0.076 seconds
[2021-07-14 20:09:25,792] {scheduler_job.py:182} INFO - Started process (PID=1401) to work on /home/airflow/.local/lib/python3.6/site-packages/airflow/example_dags/example_bash_operator.py
[2021-07-14 20:09:25,793] {scheduler_job.py:633} INFO - Processing file /home/airflow/.local/lib/python3.6/site-packages/airflow/example_dags/example_bash_operator.py for tasks to queue
[2021-07-14 20:09:25,794] {logging_mixin.py:104} INFO - [2021-07-14 20:09:25,794] {dagbag.py:496} INFO - Filling up the DagBag from /home/airflow/.local/lib/python3.6/site-packages/airflow/example_dags/example_bash_operator.py
[2021-07-14 20:09:25,810] {scheduler_job.py:643} INFO - DAG(s) dict_keys(['example_bash_operator']) retrieved from /home/airflow/.local/lib/python3.6/site-packages/airflow/example_dags/example_bash_operator.py
[2021-07-14 20:09:25,834] {logging_mixin.py:104} INFO - [2021-07-14 20:09:25,834] {dag.py:1833} INFO - Sync 1 DAGs
[2021-07-14 20:09:25,859] {logging_mixin.py:104} INFO - [2021-07-14 20:09:25,859] {dag.py:2306} INFO - Setting next_dagrun for example_bash_operator to 2021-07-12 00:00:00+00:00
[2021-07-14 20:09:25,871] {scheduler_job.py:190} INFO - Processing /home/airflow/.local/lib/python3.6/site-packages/airflow/example_dags/example_bash_operator.py took 0.082 seconds
[2021-07-14 20:09:56,005] {scheduler_job.py:182} INFO - Started process (PID=1465) to work on /home/airflow/.local/lib/python3.6/site-packages/airflow/example_dags/example_bash_operator.py
[2021-07-14 20:09:56,007] {scheduler_job.py:633} INFO - Processing file /home/airflow/.local/lib/python3.6/site-packages/airflow/example_dags/example_bash_operator.py for tasks to queue
[2021-07-14 20:09:56,008] {logging_mixin.py:104} INFO - [2021-07-14 20:09:56,007] {dagbag.py:496} INFO - Filling up the DagBag from /home/airflow/.local/lib/python3.6/site-packages/airflow/example_dags/example_bash_operator.py
[2021-07-14 20:09:56,029] {scheduler_job.py:643} INFO - DAG(s) dict_keys(['example_bash_operator']) retrieved from /home/airflow/.local/lib/python3.6/site-packages/airflow/example_dags/example_bash_operator.py
[2021-07-14 20:09:56,058] {logging_mixin.py:104} INFO - [2021-07-14 20:09:56,058] {dag.py:1833} INFO - Sync 1 DAGs
[2021-07-14 20:09:56,085] {logging_mixin.py:104} INFO - [2021-07-14 20:09:56,085] {dag.py:2306} INFO - Setting next_dagrun for example_bash_operator to 2021-07-12 00:00:00+00:00
[2021-07-14 20:09:56,099] {scheduler_job.py:190} INFO - Processing /home/airflow/.local/lib/python3.6/site-packages/airflow/example_dags/example_bash_operator.py took 0.097 seconds
[2021-07-14 20:10:26,414] {scheduler_job.py:182} INFO - Started process (PID=1527) to work on /home/airflow/.local/lib/python3.6/site-packages/airflow/example_dags/example_bash_operator.py
[2021-07-14 20:10:26,415] {scheduler_job.py:633} INFO - Processing file /home/airflow/.local/lib/python3.6/site-packages/airflow/example_dags/example_bash_operator.py for tasks to queue
[2021-07-14 20:10:26,416] {logging_mixin.py:104} INFO - [2021-07-14 20:10:26,416] {dagbag.py:496} INFO - Filling up the DagBag from /home/airflow/.local/lib/python3.6/site-packages/airflow/example_dags/example_bash_operator.py
[2021-07-14 20:10:26,434] {scheduler_job.py:643} INFO - DAG(s) dict_keys(['example_bash_operator']) retrieved from /home/airflow/.local/lib/python3.6/site-packages/airflow/example_dags/example_bash_operator.py
[2021-07-14 20:10:26,466] {logging_mixin.py:104} INFO - [2021-07-14 20:10:26,466] {dag.py:1833} INFO - Sync 1 DAGs
[2021-07-14 20:10:26,490] {logging_mixin.py:104} INFO - [2021-07-14 20:10:26,490] {dag.py:2306} INFO - Setting next_dagrun for example_bash_operator to 2021-07-12 00:00:00+00:00
[2021-07-14 20:10:26,501] {scheduler_job.py:190} INFO - Processing /home/airflow/.local/lib/python3.6/site-packages/airflow/example_dags/example_bash_operator.py took 0.090 seconds
[2021-07-14 20:10:56,791] {scheduler_job.py:182} INFO - Started process (PID=1583) to work on /home/airflow/.local/lib/python3.6/site-packages/airflow/example_dags/example_bash_operator.py
[2021-07-14 20:10:56,793] {scheduler_job.py:633} INFO - Processing file /home/airflow/.local/lib/python3.6/site-packages/airflow/example_dags/example_bash_operator.py for tasks to queue
[2021-07-14 20:10:56,794] {logging_mixin.py:104} INFO - [2021-07-14 20:10:56,794] {dagbag.py:496} INFO - Filling up the DagBag from /home/airflow/.local/lib/python3.6/site-packages/airflow/example_dags/example_bash_operator.py
[2021-07-14 20:10:56,828] {scheduler_job.py:643} INFO - DAG(s) dict_keys(['example_bash_operator']) retrieved from /home/airflow/.local/lib/python3.6/site-packages/airflow/example_dags/example_bash_operator.py
[2021-07-14 20:10:56,858] {logging_mixin.py:104} INFO - [2021-07-14 20:10:56,858] {dag.py:1833} INFO - Sync 1 DAGs
[2021-07-14 20:10:56,879] {logging_mixin.py:104} INFO - [2021-07-14 20:10:56,879] {dag.py:2306} INFO - Setting next_dagrun for example_bash_operator to 2021-07-12 00:00:00+00:00
[2021-07-14 20:10:56,890] {scheduler_job.py:190} INFO - Processing /home/airflow/.local/lib/python3.6/site-packages/airflow/example_dags/example_bash_operator.py took 0.106 seconds
[2021-07-14 20:11:27,128] {scheduler_job.py:182} INFO - Started process (PID=1647) to work on /home/airflow/.local/lib/python3.6/site-packages/airflow/example_dags/example_bash_operator.py
[2021-07-14 20:11:27,129] {scheduler_job.py:633} INFO - Processing file /home/airflow/.local/lib/python3.6/site-packages/airflow/example_dags/example_bash_operator.py for tasks to queue
[2021-07-14 20:11:27,130] {logging_mixin.py:104} INFO - [2021-07-14 20:11:27,130] {dagbag.py:496} INFO - Filling up the DagBag from /home/airflow/.local/lib/python3.6/site-packages/airflow/example_dags/example_bash_operator.py
[2021-07-14 20:11:27,146] {scheduler_job.py:643} INFO - DAG(s) dict_keys(['example_bash_operator']) retrieved from /home/airflow/.local/lib/python3.6/site-packages/airflow/example_dags/example_bash_operator.py
[2021-07-14 20:11:27,167] {logging_mixin.py:104} INFO - [2021-07-14 20:11:27,167] {dag.py:1833} INFO - Sync 1 DAGs
[2021-07-14 20:11:27,188] {logging_mixin.py:104} INFO - [2021-07-14 20:11:27,188] {dag.py:2306} INFO - Setting next_dagrun for example_bash_operator to 2021-07-12 00:00:00+00:00
[2021-07-14 20:11:27,200] {scheduler_job.py:190} INFO - Processing /home/airflow/.local/lib/python3.6/site-packages/airflow/example_dags/example_bash_operator.py took 0.075 seconds
[2021-07-14 20:11:57,997] {scheduler_job.py:182} INFO - Started process (PID=1702) to work on /home/airflow/.local/lib/python3.6/site-packages/airflow/example_dags/example_bash_operator.py
[2021-07-14 20:11:57,998] {scheduler_job.py:633} INFO - Processing file /home/airflow/.local/lib/python3.6/site-packages/airflow/example_dags/example_bash_operator.py for tasks to queue
[2021-07-14 20:11:57,999] {logging_mixin.py:104} INFO - [2021-07-14 20:11:57,999] {dagbag.py:496} INFO - Filling up the DagBag from /home/airflow/.local/lib/python3.6/site-packages/airflow/example_dags/example_bash_operator.py
[2021-07-14 20:11:58,018] {scheduler_job.py:643} INFO - DAG(s) dict_keys(['example_bash_operator']) retrieved from /home/airflow/.local/lib/python3.6/site-packages/airflow/example_dags/example_bash_operator.py
[2021-07-14 20:11:58,053] {logging_mixin.py:104} INFO - [2021-07-14 20:11:58,053] {dag.py:1833} INFO - Sync 1 DAGs
[2021-07-14 20:11:58,088] {logging_mixin.py:104} INFO - [2021-07-14 20:11:58,088] {dag.py:2306} INFO - Setting next_dagrun for example_bash_operator to 2021-07-12 00:00:00+00:00
[2021-07-14 20:11:58,103] {scheduler_job.py:190} INFO - Processing /home/airflow/.local/lib/python3.6/site-packages/airflow/example_dags/example_bash_operator.py took 0.109 seconds
[2021-07-14 20:12:29,104] {scheduler_job.py:182} INFO - Started process (PID=1768) to work on /home/airflow/.local/lib/python3.6/site-packages/airflow/example_dags/example_bash_operator.py
[2021-07-14 20:12:29,105] {scheduler_job.py:633} INFO - Processing file /home/airflow/.local/lib/python3.6/site-packages/airflow/example_dags/example_bash_operator.py for tasks to queue
[2021-07-14 20:12:29,106] {logging_mixin.py:104} INFO - [2021-07-14 20:12:29,105] {dagbag.py:496} INFO - Filling up the DagBag from /home/airflow/.local/lib/python3.6/site-packages/airflow/example_dags/example_bash_operator.py
[2021-07-14 20:12:29,121] {scheduler_job.py:643} INFO - DAG(s) dict_keys(['example_bash_operator']) retrieved from /home/airflow/.local/lib/python3.6/site-packages/airflow/example_dags/example_bash_operator.py
[2021-07-14 20:12:29,143] {logging_mixin.py:104} INFO - [2021-07-14 20:12:29,143] {dag.py:1833} INFO - Sync 1 DAGs
[2021-07-14 20:12:29,162] {logging_mixin.py:104} INFO - [2021-07-14 20:12:29,162] {dag.py:2306} INFO - Setting next_dagrun for example_bash_operator to 2021-07-12 00:00:00+00:00
[2021-07-14 20:12:29,171] {scheduler_job.py:190} INFO - Processing /home/airflow/.local/lib/python3.6/site-packages/airflow/example_dags/example_bash_operator.py took 0.071 seconds
[2021-07-14 20:12:59,316] {scheduler_job.py:182} INFO - Started process (PID=1820) to work on /home/airflow/.local/lib/python3.6/site-packages/airflow/example_dags/example_bash_operator.py
[2021-07-14 20:12:59,317] {scheduler_job.py:633} INFO - Processing file /home/airflow/.local/lib/python3.6/site-packages/airflow/example_dags/example_bash_operator.py for tasks to queue
[2021-07-14 20:12:59,318] {logging_mixin.py:104} INFO - [2021-07-14 20:12:59,318] {dagbag.py:496} INFO - Filling up the DagBag from /home/airflow/.local/lib/python3.6/site-packages/airflow/example_dags/example_bash_operator.py
[2021-07-14 20:12:59,335] {scheduler_job.py:643} INFO - DAG(s) dict_keys(['example_bash_operator']) retrieved from /home/airflow/.local/lib/python3.6/site-packages/airflow/example_dags/example_bash_operator.py
[2021-07-14 20:12:59,358] {logging_mixin.py:104} INFO - [2021-07-14 20:12:59,358] {dag.py:1833} INFO - Sync 1 DAGs
[2021-07-14 20:12:59,379] {logging_mixin.py:104} INFO - [2021-07-14 20:12:59,379] {dag.py:2306} INFO - Setting next_dagrun for example_bash_operator to 2021-07-12 00:00:00+00:00
[2021-07-14 20:12:59,391] {scheduler_job.py:190} INFO - Processing /home/airflow/.local/lib/python3.6/site-packages/airflow/example_dags/example_bash_operator.py took 0.078 seconds
[2021-07-14 20:13:29,750] {scheduler_job.py:182} INFO - Started process (PID=1886) to work on /home/airflow/.local/lib/python3.6/site-packages/airflow/example_dags/example_bash_operator.py
[2021-07-14 20:13:29,751] {scheduler_job.py:633} INFO - Processing file /home/airflow/.local/lib/python3.6/site-packages/airflow/example_dags/example_bash_operator.py for tasks to queue
[2021-07-14 20:13:29,752] {logging_mixin.py:104} INFO - [2021-07-14 20:13:29,752] {dagbag.py:496} INFO - Filling up the DagBag from /home/airflow/.local/lib/python3.6/site-packages/airflow/example_dags/example_bash_operator.py
[2021-07-14 20:13:29,774] {scheduler_job.py:643} INFO - DAG(s) dict_keys(['example_bash_operator']) retrieved from /home/airflow/.local/lib/python3.6/site-packages/airflow/example_dags/example_bash_operator.py
[2021-07-14 20:13:29,802] {logging_mixin.py:104} INFO - [2021-07-14 20:13:29,802] {dag.py:1833} INFO - Sync 1 DAGs
[2021-07-14 20:13:29,823] {logging_mixin.py:104} INFO - [2021-07-14 20:13:29,823] {dag.py:2306} INFO - Setting next_dagrun for example_bash_operator to 2021-07-12 00:00:00+00:00
[2021-07-14 20:13:29,835] {scheduler_job.py:190} INFO - Processing /home/airflow/.local/lib/python3.6/site-packages/airflow/example_dags/example_bash_operator.py took 0.089 seconds
[2021-07-14 20:14:00,775] {scheduler_job.py:182} INFO - Started process (PID=1952) to work on /home/airflow/.local/lib/python3.6/site-packages/airflow/example_dags/example_bash_operator.py
[2021-07-14 20:14:00,776] {scheduler_job.py:633} INFO - Processing file /home/airflow/.local/lib/python3.6/site-packages/airflow/example_dags/example_bash_operator.py for tasks to queue
[2021-07-14 20:14:00,777] {logging_mixin.py:104} INFO - [2021-07-14 20:14:00,777] {dagbag.py:496} INFO - Filling up the DagBag from /home/airflow/.local/lib/python3.6/site-packages/airflow/example_dags/example_bash_operator.py
[2021-07-14 20:14:00,793] {scheduler_job.py:643} INFO - DAG(s) dict_keys(['example_bash_operator']) retrieved from /home/airflow/.local/lib/python3.6/site-packages/airflow/example_dags/example_bash_operator.py
[2021-07-14 20:14:00,819] {logging_mixin.py:104} INFO - [2021-07-14 20:14:00,818] {dag.py:1833} INFO - Sync 1 DAGs
[2021-07-14 20:14:00,840] {logging_mixin.py:104} INFO - [2021-07-14 20:14:00,840] {dag.py:2306} INFO - Setting next_dagrun for example_bash_operator to 2021-07-12 00:00:00+00:00
[2021-07-14 20:14:00,852] {scheduler_job.py:190} INFO - Processing /home/airflow/.local/lib/python3.6/site-packages/airflow/example_dags/example_bash_operator.py took 0.081 seconds
[2021-07-14 20:14:30,985] {scheduler_job.py:182} INFO - Started process (PID=2004) to work on /home/airflow/.local/lib/python3.6/site-packages/airflow/example_dags/example_bash_operator.py
[2021-07-14 20:14:30,986] {scheduler_job.py:633} INFO - Processing file /home/airflow/.local/lib/python3.6/site-packages/airflow/example_dags/example_bash_operator.py for tasks to queue
[2021-07-14 20:14:30,987] {logging_mixin.py:104} INFO - [2021-07-14 20:14:30,987] {dagbag.py:496} INFO - Filling up the DagBag from /home/airflow/.local/lib/python3.6/site-packages/airflow/example_dags/example_bash_operator.py
[2021-07-14 20:14:31,003] {scheduler_job.py:643} INFO - DAG(s) dict_keys(['example_bash_operator']) retrieved from /home/airflow/.local/lib/python3.6/site-packages/airflow/example_dags/example_bash_operator.py
[2021-07-14 20:14:31,037] {logging_mixin.py:104} INFO - [2021-07-14 20:14:31,036] {dag.py:1833} INFO - Sync 1 DAGs
[2021-07-14 20:14:31,059] {logging_mixin.py:104} INFO - [2021-07-14 20:14:31,059] {dag.py:2306} INFO - Setting next_dagrun for example_bash_operator to 2021-07-12 00:00:00+00:00
[2021-07-14 20:14:31,069] {scheduler_job.py:190} INFO - Processing /home/airflow/.local/lib/python3.6/site-packages/airflow/example_dags/example_bash_operator.py took 0.087 seconds
[2021-07-14 20:15:01,443] {scheduler_job.py:182} INFO - Started process (PID=2069) to work on /home/airflow/.local/lib/python3.6/site-packages/airflow/example_dags/example_bash_operator.py
[2021-07-14 20:15:01,445] {scheduler_job.py:633} INFO - Processing file /home/airflow/.local/lib/python3.6/site-packages/airflow/example_dags/example_bash_operator.py for tasks to queue
[2021-07-14 20:15:01,446] {logging_mixin.py:104} INFO - [2021-07-14 20:15:01,446] {dagbag.py:496} INFO - Filling up the DagBag from /home/airflow/.local/lib/python3.6/site-packages/airflow/example_dags/example_bash_operator.py
[2021-07-14 20:15:01,462] {scheduler_job.py:643} INFO - DAG(s) dict_keys(['example_bash_operator']) retrieved from /home/airflow/.local/lib/python3.6/site-packages/airflow/example_dags/example_bash_operator.py
[2021-07-14 20:15:01,485] {logging_mixin.py:104} INFO - [2021-07-14 20:15:01,485] {dag.py:1833} INFO - Sync 1 DAGs
[2021-07-14 20:15:01,506] {logging_mixin.py:104} INFO - [2021-07-14 20:15:01,506] {dag.py:2306} INFO - Setting next_dagrun for example_bash_operator to 2021-07-12 00:00:00+00:00
[2021-07-14 20:15:01,517] {scheduler_job.py:190} INFO - Processing /home/airflow/.local/lib/python3.6/site-packages/airflow/example_dags/example_bash_operator.py took 0.077 seconds
[2021-07-14 20:15:31,982] {scheduler_job.py:182} INFO - Started process (PID=2123) to work on /home/airflow/.local/lib/python3.6/site-packages/airflow/example_dags/example_bash_operator.py
[2021-07-14 20:15:31,983] {scheduler_job.py:633} INFO - Processing file /home/airflow/.local/lib/python3.6/site-packages/airflow/example_dags/example_bash_operator.py for tasks to queue
[2021-07-14 20:15:31,983] {logging_mixin.py:104} INFO - [2021-07-14 20:15:31,983] {dagbag.py:496} INFO - Filling up the DagBag from /home/airflow/.local/lib/python3.6/site-packages/airflow/example_dags/example_bash_operator.py
[2021-07-14 20:15:31,999] {scheduler_job.py:643} INFO - DAG(s) dict_keys(['example_bash_operator']) retrieved from /home/airflow/.local/lib/python3.6/site-packages/airflow/example_dags/example_bash_operator.py
[2021-07-14 20:15:32,026] {logging_mixin.py:104} INFO - [2021-07-14 20:15:32,026] {dag.py:1833} INFO - Sync 1 DAGs
[2021-07-14 20:15:32,054] {logging_mixin.py:104} INFO - [2021-07-14 20:15:32,054] {dag.py:2306} INFO - Setting next_dagrun for example_bash_operator to 2021-07-12 00:00:00+00:00
[2021-07-14 20:15:32,067] {scheduler_job.py:190} INFO - Processing /home/airflow/.local/lib/python3.6/site-packages/airflow/example_dags/example_bash_operator.py took 0.090 seconds
[2021-07-14 20:16:02,281] {scheduler_job.py:182} INFO - Started process (PID=2186) to work on /home/airflow/.local/lib/python3.6/site-packages/airflow/example_dags/example_bash_operator.py
[2021-07-14 20:16:02,283] {scheduler_job.py:633} INFO - Processing file /home/airflow/.local/lib/python3.6/site-packages/airflow/example_dags/example_bash_operator.py for tasks to queue
[2021-07-14 20:16:02,284] {logging_mixin.py:104} INFO - [2021-07-14 20:16:02,283] {dagbag.py:496} INFO - Filling up the DagBag from /home/airflow/.local/lib/python3.6/site-packages/airflow/example_dags/example_bash_operator.py
[2021-07-14 20:16:02,308] {scheduler_job.py:643} INFO - DAG(s) dict_keys(['example_bash_operator']) retrieved from /home/airflow/.local/lib/python3.6/site-packages/airflow/example_dags/example_bash_operator.py
[2021-07-14 20:16:02,333] {logging_mixin.py:104} INFO - [2021-07-14 20:16:02,333] {dag.py:1833} INFO - Sync 1 DAGs
[2021-07-14 20:16:02,359] {logging_mixin.py:104} INFO - [2021-07-14 20:16:02,359] {dag.py:2306} INFO - Setting next_dagrun for example_bash_operator to 2021-07-12 00:00:00+00:00
[2021-07-14 20:16:02,373] {scheduler_job.py:190} INFO - Processing /home/airflow/.local/lib/python3.6/site-packages/airflow/example_dags/example_bash_operator.py took 0.095 seconds
[2021-07-14 20:16:33,280] {scheduler_job.py:182} INFO - Started process (PID=2240) to work on /home/airflow/.local/lib/python3.6/site-packages/airflow/example_dags/example_bash_operator.py
[2021-07-14 20:16:33,282] {scheduler_job.py:633} INFO - Processing file /home/airflow/.local/lib/python3.6/site-packages/airflow/example_dags/example_bash_operator.py for tasks to queue
[2021-07-14 20:16:33,284] {logging_mixin.py:104} INFO - [2021-07-14 20:16:33,284] {dagbag.py:496} INFO - Filling up the DagBag from /home/airflow/.local/lib/python3.6/site-packages/airflow/example_dags/example_bash_operator.py
[2021-07-14 20:16:33,306] {scheduler_job.py:643} INFO - DAG(s) dict_keys(['example_bash_operator']) retrieved from /home/airflow/.local/lib/python3.6/site-packages/airflow/example_dags/example_bash_operator.py
[2021-07-14 20:16:33,334] {logging_mixin.py:104} INFO - [2021-07-14 20:16:33,333] {dag.py:1833} INFO - Sync 1 DAGs
[2021-07-14 20:16:33,357] {logging_mixin.py:104} INFO - [2021-07-14 20:16:33,357] {dag.py:2306} INFO - Setting next_dagrun for example_bash_operator to 2021-07-12 00:00:00+00:00
[2021-07-14 20:16:33,369] {scheduler_job.py:190} INFO - Processing /home/airflow/.local/lib/python3.6/site-packages/airflow/example_dags/example_bash_operator.py took 0.094 seconds
[2021-07-14 20:17:03,717] {scheduler_job.py:182} INFO - Started process (PID=2302) to work on /home/airflow/.local/lib/python3.6/site-packages/airflow/example_dags/example_bash_operator.py
[2021-07-14 20:17:03,718] {scheduler_job.py:633} INFO - Processing file /home/airflow/.local/lib/python3.6/site-packages/airflow/example_dags/example_bash_operator.py for tasks to queue
[2021-07-14 20:17:03,719] {logging_mixin.py:104} INFO - [2021-07-14 20:17:03,719] {dagbag.py:496} INFO - Filling up the DagBag from /home/airflow/.local/lib/python3.6/site-packages/airflow/example_dags/example_bash_operator.py
[2021-07-14 20:17:03,735] {scheduler_job.py:643} INFO - DAG(s) dict_keys(['example_bash_operator']) retrieved from /home/airflow/.local/lib/python3.6/site-packages/airflow/example_dags/example_bash_operator.py
[2021-07-14 20:17:03,757] {logging_mixin.py:104} INFO - [2021-07-14 20:17:03,757] {dag.py:1833} INFO - Sync 1 DAGs
[2021-07-14 20:17:03,777] {logging_mixin.py:104} INFO - [2021-07-14 20:17:03,776] {dag.py:2306} INFO - Setting next_dagrun for example_bash_operator to 2021-07-12 00:00:00+00:00
[2021-07-14 20:17:03,787] {scheduler_job.py:190} INFO - Processing /home/airflow/.local/lib/python3.6/site-packages/airflow/example_dags/example_bash_operator.py took 0.075 seconds
[2021-07-14 20:17:34,255] {scheduler_job.py:182} INFO - Started process (PID=2355) to work on /home/airflow/.local/lib/python3.6/site-packages/airflow/example_dags/example_bash_operator.py
[2021-07-14 20:17:34,257] {scheduler_job.py:633} INFO - Processing file /home/airflow/.local/lib/python3.6/site-packages/airflow/example_dags/example_bash_operator.py for tasks to queue
[2021-07-14 20:17:34,258] {logging_mixin.py:104} INFO - [2021-07-14 20:17:34,258] {dagbag.py:496} INFO - Filling up the DagBag from /home/airflow/.local/lib/python3.6/site-packages/airflow/example_dags/example_bash_operator.py
[2021-07-14 20:17:34,278] {scheduler_job.py:643} INFO - DAG(s) dict_keys(['example_bash_operator']) retrieved from /home/airflow/.local/lib/python3.6/site-packages/airflow/example_dags/example_bash_operator.py
[2021-07-14 20:17:34,310] {logging_mixin.py:104} INFO - [2021-07-14 20:17:34,310] {dag.py:1833} INFO - Sync 1 DAGs
[2021-07-14 20:17:34,340] {logging_mixin.py:104} INFO - [2021-07-14 20:17:34,339] {dag.py:2306} INFO - Setting next_dagrun for example_bash_operator to 2021-07-12 00:00:00+00:00
[2021-07-14 20:17:34,354] {scheduler_job.py:190} INFO - Processing /home/airflow/.local/lib/python3.6/site-packages/airflow/example_dags/example_bash_operator.py took 0.104 seconds
[2021-07-14 20:18:04,815] {scheduler_job.py:182} INFO - Started process (PID=2421) to work on /home/airflow/.local/lib/python3.6/site-packages/airflow/example_dags/example_bash_operator.py
[2021-07-14 20:18:04,817] {scheduler_job.py:633} INFO - Processing file /home/airflow/.local/lib/python3.6/site-packages/airflow/example_dags/example_bash_operator.py for tasks to queue
[2021-07-14 20:18:04,818] {logging_mixin.py:104} INFO - [2021-07-14 20:18:04,817] {dagbag.py:496} INFO - Filling up the DagBag from /home/airflow/.local/lib/python3.6/site-packages/airflow/example_dags/example_bash_operator.py
[2021-07-14 20:18:04,839] {scheduler_job.py:643} INFO - DAG(s) dict_keys(['example_bash_operator']) retrieved from /home/airflow/.local/lib/python3.6/site-packages/airflow/example_dags/example_bash_operator.py
[2021-07-14 20:18:04,871] {logging_mixin.py:104} INFO - [2021-07-14 20:18:04,871] {dag.py:1833} INFO - Sync 1 DAGs
[2021-07-14 20:18:04,894] {logging_mixin.py:104} INFO - [2021-07-14 20:18:04,894] {dag.py:2306} INFO - Setting next_dagrun for example_bash_operator to 2021-07-12 00:00:00+00:00
[2021-07-14 20:18:04,905] {scheduler_job.py:190} INFO - Processing /home/airflow/.local/lib/python3.6/site-packages/airflow/example_dags/example_bash_operator.py took 0.095 seconds
[2021-07-14 20:18:35,461] {scheduler_job.py:182} INFO - Started process (PID=2474) to work on /home/airflow/.local/lib/python3.6/site-packages/airflow/example_dags/example_bash_operator.py
[2021-07-14 20:18:35,463] {scheduler_job.py:633} INFO - Processing file /home/airflow/.local/lib/python3.6/site-packages/airflow/example_dags/example_bash_operator.py for tasks to queue
[2021-07-14 20:18:35,464] {logging_mixin.py:104} INFO - [2021-07-14 20:18:35,464] {dagbag.py:496} INFO - Filling up the DagBag from /home/airflow/.local/lib/python3.6/site-packages/airflow/example_dags/example_bash_operator.py
[2021-07-14 20:18:35,490] {scheduler_job.py:643} INFO - DAG(s) dict_keys(['example_bash_operator']) retrieved from /home/airflow/.local/lib/python3.6/site-packages/airflow/example_dags/example_bash_operator.py
[2021-07-14 20:18:35,529] {logging_mixin.py:104} INFO - [2021-07-14 20:18:35,529] {dag.py:1833} INFO - Sync 1 DAGs
[2021-07-14 20:18:35,569] {logging_mixin.py:104} INFO - [2021-07-14 20:18:35,569] {dag.py:2306} INFO - Setting next_dagrun for example_bash_operator to 2021-07-12 00:00:00+00:00
[2021-07-14 20:18:35,588] {scheduler_job.py:190} INFO - Processing /home/airflow/.local/lib/python3.6/site-packages/airflow/example_dags/example_bash_operator.py took 0.132 seconds
[2021-07-14 20:19:06,131] {scheduler_job.py:182} INFO - Started process (PID=2537) to work on /home/airflow/.local/lib/python3.6/site-packages/airflow/example_dags/example_bash_operator.py
[2021-07-14 20:19:06,132] {scheduler_job.py:633} INFO - Processing file /home/airflow/.local/lib/python3.6/site-packages/airflow/example_dags/example_bash_operator.py for tasks to queue
[2021-07-14 20:19:06,133] {logging_mixin.py:104} INFO - [2021-07-14 20:19:06,132] {dagbag.py:496} INFO - Filling up the DagBag from /home/airflow/.local/lib/python3.6/site-packages/airflow/example_dags/example_bash_operator.py
[2021-07-14 20:19:06,147] {scheduler_job.py:643} INFO - DAG(s) dict_keys(['example_bash_operator']) retrieved from /home/airflow/.local/lib/python3.6/site-packages/airflow/example_dags/example_bash_operator.py
[2021-07-14 20:19:06,170] {logging_mixin.py:104} INFO - [2021-07-14 20:19:06,170] {dag.py:1833} INFO - Sync 1 DAGs
[2021-07-14 20:19:06,193] {logging_mixin.py:104} INFO - [2021-07-14 20:19:06,192] {dag.py:2306} INFO - Setting next_dagrun for example_bash_operator to 2021-07-12 00:00:00+00:00
[2021-07-14 20:19:06,204] {scheduler_job.py:190} INFO - Processing /home/airflow/.local/lib/python3.6/site-packages/airflow/example_dags/example_bash_operator.py took 0.077 seconds
[2021-07-14 20:19:36,489] {scheduler_job.py:182} INFO - Started process (PID=2591) to work on /home/airflow/.local/lib/python3.6/site-packages/airflow/example_dags/example_bash_operator.py
[2021-07-14 20:19:36,491] {scheduler_job.py:633} INFO - Processing file /home/airflow/.local/lib/python3.6/site-packages/airflow/example_dags/example_bash_operator.py for tasks to queue
[2021-07-14 20:19:36,492] {logging_mixin.py:104} INFO - [2021-07-14 20:19:36,492] {dagbag.py:496} INFO - Filling up the DagBag from /home/airflow/.local/lib/python3.6/site-packages/airflow/example_dags/example_bash_operator.py
[2021-07-14 20:19:36,516] {scheduler_job.py:643} INFO - DAG(s) dict_keys(['example_bash_operator']) retrieved from /home/airflow/.local/lib/python3.6/site-packages/airflow/example_dags/example_bash_operator.py
[2021-07-14 20:19:36,551] {logging_mixin.py:104} INFO - [2021-07-14 20:19:36,551] {dag.py:1833} INFO - Sync 1 DAGs
[2021-07-14 20:19:36,582] {logging_mixin.py:104} INFO - [2021-07-14 20:19:36,582] {dag.py:2306} INFO - Setting next_dagrun for example_bash_operator to 2021-07-12 00:00:00+00:00
[2021-07-14 20:19:36,600] {scheduler_job.py:190} INFO - Processing /home/airflow/.local/lib/python3.6/site-packages/airflow/example_dags/example_bash_operator.py took 0.116 seconds
[2021-07-14 20:20:06,959] {scheduler_job.py:182} INFO - Started process (PID=2653) to work on /home/airflow/.local/lib/python3.6/site-packages/airflow/example_dags/example_bash_operator.py
[2021-07-14 20:20:06,961] {scheduler_job.py:633} INFO - Processing file /home/airflow/.local/lib/python3.6/site-packages/airflow/example_dags/example_bash_operator.py for tasks to queue
[2021-07-14 20:20:06,962] {logging_mixin.py:104} INFO - [2021-07-14 20:20:06,962] {dagbag.py:496} INFO - Filling up the DagBag from /home/airflow/.local/lib/python3.6/site-packages/airflow/example_dags/example_bash_operator.py
[2021-07-14 20:20:06,981] {scheduler_job.py:643} INFO - DAG(s) dict_keys(['example_bash_operator']) retrieved from /home/airflow/.local/lib/python3.6/site-packages/airflow/example_dags/example_bash_operator.py
[2021-07-14 20:20:07,012] {logging_mixin.py:104} INFO - [2021-07-14 20:20:07,012] {dag.py:1833} INFO - Sync 1 DAGs
[2021-07-14 20:20:07,043] {logging_mixin.py:104} INFO - [2021-07-14 20:20:07,042] {dag.py:2306} INFO - Setting next_dagrun for example_bash_operator to 2021-07-12 00:00:00+00:00
[2021-07-14 20:20:07,060] {scheduler_job.py:190} INFO - Processing /home/airflow/.local/lib/python3.6/site-packages/airflow/example_dags/example_bash_operator.py took 0.105 seconds
[2021-07-14 20:20:37,165] {scheduler_job.py:182} INFO - Started process (PID=2706) to work on /home/airflow/.local/lib/python3.6/site-packages/airflow/example_dags/example_bash_operator.py
[2021-07-14 20:20:37,167] {scheduler_job.py:633} INFO - Processing file /home/airflow/.local/lib/python3.6/site-packages/airflow/example_dags/example_bash_operator.py for tasks to queue
[2021-07-14 20:20:37,168] {logging_mixin.py:104} INFO - [2021-07-14 20:20:37,168] {dagbag.py:496} INFO - Filling up the DagBag from /home/airflow/.local/lib/python3.6/site-packages/airflow/example_dags/example_bash_operator.py
[2021-07-14 20:20:37,199] {scheduler_job.py:643} INFO - DAG(s) dict_keys(['example_bash_operator']) retrieved from /home/airflow/.local/lib/python3.6/site-packages/airflow/example_dags/example_bash_operator.py
[2021-07-14 20:20:37,244] {logging_mixin.py:104} INFO - [2021-07-14 20:20:37,244] {dag.py:1833} INFO - Sync 1 DAGs
[2021-07-14 20:20:37,277] {logging_mixin.py:104} INFO - [2021-07-14 20:20:37,277] {dag.py:2306} INFO - Setting next_dagrun for example_bash_operator to 2021-07-12 00:00:00+00:00
[2021-07-14 20:20:37,296] {scheduler_job.py:190} INFO - Processing /home/airflow/.local/lib/python3.6/site-packages/airflow/example_dags/example_bash_operator.py took 0.134 seconds
[2021-07-14 20:21:07,551] {scheduler_job.py:182} INFO - Started process (PID=2771) to work on /home/airflow/.local/lib/python3.6/site-packages/airflow/example_dags/example_bash_operator.py
[2021-07-14 20:21:07,553] {scheduler_job.py:633} INFO - Processing file /home/airflow/.local/lib/python3.6/site-packages/airflow/example_dags/example_bash_operator.py for tasks to queue
[2021-07-14 20:21:07,554] {logging_mixin.py:104} INFO - [2021-07-14 20:21:07,554] {dagbag.py:496} INFO - Filling up the DagBag from /home/airflow/.local/lib/python3.6/site-packages/airflow/example_dags/example_bash_operator.py
[2021-07-14 20:21:07,584] {scheduler_job.py:643} INFO - DAG(s) dict_keys(['example_bash_operator']) retrieved from /home/airflow/.local/lib/python3.6/site-packages/airflow/example_dags/example_bash_operator.py
[2021-07-14 20:21:07,618] {logging_mixin.py:104} INFO - [2021-07-14 20:21:07,617] {dag.py:1833} INFO - Sync 1 DAGs
[2021-07-14 20:21:07,642] {logging_mixin.py:104} INFO - [2021-07-14 20:21:07,642] {dag.py:2306} INFO - Setting next_dagrun for example_bash_operator to 2021-07-12 00:00:00+00:00
[2021-07-14 20:21:07,660] {scheduler_job.py:190} INFO - Processing /home/airflow/.local/lib/python3.6/site-packages/airflow/example_dags/example_bash_operator.py took 0.114 seconds
[2021-07-14 20:21:37,984] {scheduler_job.py:182} INFO - Started process (PID=2826) to work on /home/airflow/.local/lib/python3.6/site-packages/airflow/example_dags/example_bash_operator.py
[2021-07-14 20:21:37,988] {scheduler_job.py:633} INFO - Processing file /home/airflow/.local/lib/python3.6/site-packages/airflow/example_dags/example_bash_operator.py for tasks to queue
[2021-07-14 20:21:37,989] {logging_mixin.py:104} INFO - [2021-07-14 20:21:37,989] {dagbag.py:496} INFO - Filling up the DagBag from /home/airflow/.local/lib/python3.6/site-packages/airflow/example_dags/example_bash_operator.py
[2021-07-14 20:21:38,012] {scheduler_job.py:643} INFO - DAG(s) dict_keys(['example_bash_operator']) retrieved from /home/airflow/.local/lib/python3.6/site-packages/airflow/example_dags/example_bash_operator.py
[2021-07-14 20:21:38,042] {logging_mixin.py:104} INFO - [2021-07-14 20:21:38,041] {dag.py:1833} INFO - Sync 1 DAGs
[2021-07-14 20:21:38,070] {logging_mixin.py:104} INFO - [2021-07-14 20:21:38,070] {dag.py:2306} INFO - Setting next_dagrun for example_bash_operator to 2021-07-12 00:00:00+00:00
[2021-07-14 20:21:38,089] {scheduler_job.py:190} INFO - Processing /home/airflow/.local/lib/python3.6/site-packages/airflow/example_dags/example_bash_operator.py took 0.112 seconds
[2021-07-14 20:22:08,553] {scheduler_job.py:182} INFO - Started process (PID=2891) to work on /home/airflow/.local/lib/python3.6/site-packages/airflow/example_dags/example_bash_operator.py
[2021-07-14 20:22:08,555] {scheduler_job.py:633} INFO - Processing file /home/airflow/.local/lib/python3.6/site-packages/airflow/example_dags/example_bash_operator.py for tasks to queue
[2021-07-14 20:22:08,557] {logging_mixin.py:104} INFO - [2021-07-14 20:22:08,556] {dagbag.py:496} INFO - Filling up the DagBag from /home/airflow/.local/lib/python3.6/site-packages/airflow/example_dags/example_bash_operator.py
[2021-07-14 20:22:08,575] {scheduler_job.py:643} INFO - DAG(s) dict_keys(['example_bash_operator']) retrieved from /home/airflow/.local/lib/python3.6/site-packages/airflow/example_dags/example_bash_operator.py
[2021-07-14 20:22:08,605] {logging_mixin.py:104} INFO - [2021-07-14 20:22:08,605] {dag.py:1833} INFO - Sync 1 DAGs
[2021-07-14 20:22:08,637] {logging_mixin.py:104} INFO - [2021-07-14 20:22:08,637] {dag.py:2306} INFO - Setting next_dagrun for example_bash_operator to 2021-07-12 00:00:00+00:00
[2021-07-14 20:22:08,653] {scheduler_job.py:190} INFO - Processing /home/airflow/.local/lib/python3.6/site-packages/airflow/example_dags/example_bash_operator.py took 0.104 seconds
