[2021-07-14 19:05:01,368] {scheduler_job.py:182} INFO - Started process (PID=46) to work on /home/airflow/.local/lib/python3.6/site-packages/airflow/example_dags/example_python_operator.py
[2021-07-14 19:05:01,370] {scheduler_job.py:633} INFO - Processing file /home/airflow/.local/lib/python3.6/site-packages/airflow/example_dags/example_python_operator.py for tasks to queue
[2021-07-14 19:05:01,377] {logging_mixin.py:104} INFO - [2021-07-14 19:05:01,376] {dagbag.py:496} INFO - Filling up the DagBag from /home/airflow/.local/lib/python3.6/site-packages/airflow/example_dags/example_python_operator.py
[2021-07-14 19:05:01,465] {scheduler_job.py:643} INFO - DAG(s) dict_keys(['example_python_operator']) retrieved from /home/airflow/.local/lib/python3.6/site-packages/airflow/example_dags/example_python_operator.py
[2021-07-14 19:05:02,692] {logging_mixin.py:104} INFO - [2021-07-14 19:05:02,692] {dag.py:1833} INFO - Sync 1 DAGs
[2021-07-14 19:05:02,767] {logging_mixin.py:104} INFO - [2021-07-14 19:05:02,767] {dag.py:2306} INFO - Setting next_dagrun for example_python_operator to None
[2021-07-14 19:05:02,816] {scheduler_job.py:190} INFO - Processing /home/airflow/.local/lib/python3.6/site-packages/airflow/example_dags/example_python_operator.py took 1.481 seconds
[2021-07-14 19:05:33,536] {scheduler_job.py:182} INFO - Started process (PID=107) to work on /home/airflow/.local/lib/python3.6/site-packages/airflow/example_dags/example_python_operator.py
[2021-07-14 19:05:33,538] {scheduler_job.py:633} INFO - Processing file /home/airflow/.local/lib/python3.6/site-packages/airflow/example_dags/example_python_operator.py for tasks to queue
[2021-07-14 19:05:33,539] {logging_mixin.py:104} INFO - [2021-07-14 19:05:33,539] {dagbag.py:496} INFO - Filling up the DagBag from /home/airflow/.local/lib/python3.6/site-packages/airflow/example_dags/example_python_operator.py
[2021-07-14 19:05:33,575] {scheduler_job.py:643} INFO - DAG(s) dict_keys(['example_python_operator']) retrieved from /home/airflow/.local/lib/python3.6/site-packages/airflow/example_dags/example_python_operator.py
[2021-07-14 19:05:33,636] {logging_mixin.py:104} INFO - [2021-07-14 19:05:33,635] {dag.py:1833} INFO - Sync 1 DAGs
[2021-07-14 19:05:33,678] {logging_mixin.py:104} INFO - [2021-07-14 19:05:33,678] {dag.py:2306} INFO - Setting next_dagrun for example_python_operator to None
[2021-07-14 19:05:33,701] {scheduler_job.py:190} INFO - Processing /home/airflow/.local/lib/python3.6/site-packages/airflow/example_dags/example_python_operator.py took 0.169 seconds
[2021-07-14 19:06:04,111] {scheduler_job.py:182} INFO - Started process (PID=160) to work on /home/airflow/.local/lib/python3.6/site-packages/airflow/example_dags/example_python_operator.py
[2021-07-14 19:06:04,113] {scheduler_job.py:633} INFO - Processing file /home/airflow/.local/lib/python3.6/site-packages/airflow/example_dags/example_python_operator.py for tasks to queue
[2021-07-14 19:06:04,115] {logging_mixin.py:104} INFO - [2021-07-14 19:06:04,114] {dagbag.py:496} INFO - Filling up the DagBag from /home/airflow/.local/lib/python3.6/site-packages/airflow/example_dags/example_python_operator.py
[2021-07-14 19:06:04,140] {scheduler_job.py:643} INFO - DAG(s) dict_keys(['example_python_operator']) retrieved from /home/airflow/.local/lib/python3.6/site-packages/airflow/example_dags/example_python_operator.py
[2021-07-14 19:06:04,176] {logging_mixin.py:104} INFO - [2021-07-14 19:06:04,176] {dag.py:1833} INFO - Sync 1 DAGs
[2021-07-14 19:06:04,201] {logging_mixin.py:104} INFO - [2021-07-14 19:06:04,201] {dag.py:2306} INFO - Setting next_dagrun for example_python_operator to None
[2021-07-14 19:06:04,219] {scheduler_job.py:190} INFO - Processing /home/airflow/.local/lib/python3.6/site-packages/airflow/example_dags/example_python_operator.py took 0.112 seconds
[2021-07-14 19:06:34,566] {scheduler_job.py:182} INFO - Started process (PID=214) to work on /home/airflow/.local/lib/python3.6/site-packages/airflow/example_dags/example_python_operator.py
[2021-07-14 19:06:34,568] {scheduler_job.py:633} INFO - Processing file /home/airflow/.local/lib/python3.6/site-packages/airflow/example_dags/example_python_operator.py for tasks to queue
[2021-07-14 19:06:34,570] {logging_mixin.py:104} INFO - [2021-07-14 19:06:34,569] {dagbag.py:496} INFO - Filling up the DagBag from /home/airflow/.local/lib/python3.6/site-packages/airflow/example_dags/example_python_operator.py
[2021-07-14 19:06:34,602] {scheduler_job.py:643} INFO - DAG(s) dict_keys(['example_python_operator']) retrieved from /home/airflow/.local/lib/python3.6/site-packages/airflow/example_dags/example_python_operator.py
[2021-07-14 19:06:34,649] {logging_mixin.py:104} INFO - [2021-07-14 19:06:34,648] {dag.py:1833} INFO - Sync 1 DAGs
[2021-07-14 19:06:34,678] {logging_mixin.py:104} INFO - [2021-07-14 19:06:34,677] {dag.py:2306} INFO - Setting next_dagrun for example_python_operator to None
[2021-07-14 19:06:34,695] {scheduler_job.py:190} INFO - Processing /home/airflow/.local/lib/python3.6/site-packages/airflow/example_dags/example_python_operator.py took 0.134 seconds
[2021-07-14 19:07:04,947] {scheduler_job.py:182} INFO - Started process (PID=277) to work on /home/airflow/.local/lib/python3.6/site-packages/airflow/example_dags/example_python_operator.py
[2021-07-14 19:07:04,949] {scheduler_job.py:633} INFO - Processing file /home/airflow/.local/lib/python3.6/site-packages/airflow/example_dags/example_python_operator.py for tasks to queue
[2021-07-14 19:07:04,950] {logging_mixin.py:104} INFO - [2021-07-14 19:07:04,950] {dagbag.py:496} INFO - Filling up the DagBag from /home/airflow/.local/lib/python3.6/site-packages/airflow/example_dags/example_python_operator.py
[2021-07-14 19:07:04,975] {scheduler_job.py:643} INFO - DAG(s) dict_keys(['example_python_operator']) retrieved from /home/airflow/.local/lib/python3.6/site-packages/airflow/example_dags/example_python_operator.py
[2021-07-14 19:07:05,012] {logging_mixin.py:104} INFO - [2021-07-14 19:07:05,012] {dag.py:1833} INFO - Sync 1 DAGs
[2021-07-14 19:07:05,040] {logging_mixin.py:104} INFO - [2021-07-14 19:07:05,040] {dag.py:2306} INFO - Setting next_dagrun for example_python_operator to None
[2021-07-14 19:07:05,056] {scheduler_job.py:190} INFO - Processing /home/airflow/.local/lib/python3.6/site-packages/airflow/example_dags/example_python_operator.py took 0.112 seconds
[2021-07-14 19:07:35,650] {scheduler_job.py:182} INFO - Started process (PID=330) to work on /home/airflow/.local/lib/python3.6/site-packages/airflow/example_dags/example_python_operator.py
[2021-07-14 19:07:35,657] {scheduler_job.py:633} INFO - Processing file /home/airflow/.local/lib/python3.6/site-packages/airflow/example_dags/example_python_operator.py for tasks to queue
[2021-07-14 19:07:35,657] {logging_mixin.py:104} INFO - [2021-07-14 19:07:35,657] {dagbag.py:496} INFO - Filling up the DagBag from /home/airflow/.local/lib/python3.6/site-packages/airflow/example_dags/example_python_operator.py
[2021-07-14 19:07:35,674] {scheduler_job.py:643} INFO - DAG(s) dict_keys(['example_python_operator']) retrieved from /home/airflow/.local/lib/python3.6/site-packages/airflow/example_dags/example_python_operator.py
[2021-07-14 19:07:35,711] {logging_mixin.py:104} INFO - [2021-07-14 19:07:35,711] {dag.py:1833} INFO - Sync 1 DAGs
[2021-07-14 19:07:35,735] {logging_mixin.py:104} INFO - [2021-07-14 19:07:35,734] {dag.py:2306} INFO - Setting next_dagrun for example_python_operator to None
[2021-07-14 19:07:35,749] {scheduler_job.py:190} INFO - Processing /home/airflow/.local/lib/python3.6/site-packages/airflow/example_dags/example_python_operator.py took 0.103 seconds
[2021-07-14 19:08:55,594] {scheduler_job.py:182} INFO - Started process (PID=34) to work on /home/airflow/.local/lib/python3.6/site-packages/airflow/example_dags/example_python_operator.py
[2021-07-14 19:08:55,595] {scheduler_job.py:633} INFO - Processing file /home/airflow/.local/lib/python3.6/site-packages/airflow/example_dags/example_python_operator.py for tasks to queue
[2021-07-14 19:08:55,595] {logging_mixin.py:104} INFO - [2021-07-14 19:08:55,595] {dagbag.py:496} INFO - Filling up the DagBag from /home/airflow/.local/lib/python3.6/site-packages/airflow/example_dags/example_python_operator.py
[2021-07-14 19:08:55,614] {scheduler_job.py:643} INFO - DAG(s) dict_keys(['example_python_operator']) retrieved from /home/airflow/.local/lib/python3.6/site-packages/airflow/example_dags/example_python_operator.py
[2021-07-14 19:08:55,642] {logging_mixin.py:104} INFO - [2021-07-14 19:08:55,641] {dag.py:1833} INFO - Sync 1 DAGs
[2021-07-14 19:08:55,663] {logging_mixin.py:104} INFO - [2021-07-14 19:08:55,662] {dag.py:2306} INFO - Setting next_dagrun for example_python_operator to None
[2021-07-14 19:08:55,676] {scheduler_job.py:190} INFO - Processing /home/airflow/.local/lib/python3.6/site-packages/airflow/example_dags/example_python_operator.py took 0.085 seconds
[2021-07-14 19:09:26,808] {scheduler_job.py:182} INFO - Started process (PID=99) to work on /home/airflow/.local/lib/python3.6/site-packages/airflow/example_dags/example_python_operator.py
[2021-07-14 19:09:26,809] {scheduler_job.py:633} INFO - Processing file /home/airflow/.local/lib/python3.6/site-packages/airflow/example_dags/example_python_operator.py for tasks to queue
[2021-07-14 19:09:26,810] {logging_mixin.py:104} INFO - [2021-07-14 19:09:26,810] {dagbag.py:496} INFO - Filling up the DagBag from /home/airflow/.local/lib/python3.6/site-packages/airflow/example_dags/example_python_operator.py
[2021-07-14 19:09:26,835] {scheduler_job.py:643} INFO - DAG(s) dict_keys(['example_python_operator']) retrieved from /home/airflow/.local/lib/python3.6/site-packages/airflow/example_dags/example_python_operator.py
[2021-07-14 19:09:26,871] {logging_mixin.py:104} INFO - [2021-07-14 19:09:26,871] {dag.py:1833} INFO - Sync 1 DAGs
[2021-07-14 19:09:26,896] {logging_mixin.py:104} INFO - [2021-07-14 19:09:26,896] {dag.py:2306} INFO - Setting next_dagrun for example_python_operator to None
[2021-07-14 19:09:26,914] {scheduler_job.py:190} INFO - Processing /home/airflow/.local/lib/python3.6/site-packages/airflow/example_dags/example_python_operator.py took 0.110 seconds
[2021-07-14 19:09:57,362] {scheduler_job.py:182} INFO - Started process (PID=153) to work on /home/airflow/.local/lib/python3.6/site-packages/airflow/example_dags/example_python_operator.py
[2021-07-14 19:09:57,364] {scheduler_job.py:633} INFO - Processing file /home/airflow/.local/lib/python3.6/site-packages/airflow/example_dags/example_python_operator.py for tasks to queue
[2021-07-14 19:09:57,365] {logging_mixin.py:104} INFO - [2021-07-14 19:09:57,364] {dagbag.py:496} INFO - Filling up the DagBag from /home/airflow/.local/lib/python3.6/site-packages/airflow/example_dags/example_python_operator.py
[2021-07-14 19:09:57,387] {scheduler_job.py:643} INFO - DAG(s) dict_keys(['example_python_operator']) retrieved from /home/airflow/.local/lib/python3.6/site-packages/airflow/example_dags/example_python_operator.py
[2021-07-14 19:09:57,410] {logging_mixin.py:104} INFO - [2021-07-14 19:09:57,410] {dag.py:1833} INFO - Sync 1 DAGs
[2021-07-14 19:09:57,428] {logging_mixin.py:104} INFO - [2021-07-14 19:09:57,428] {dag.py:2306} INFO - Setting next_dagrun for example_python_operator to None
[2021-07-14 19:09:57,439] {scheduler_job.py:190} INFO - Processing /home/airflow/.local/lib/python3.6/site-packages/airflow/example_dags/example_python_operator.py took 0.080 seconds
[2021-07-14 19:10:28,013] {scheduler_job.py:182} INFO - Started process (PID=212) to work on /home/airflow/.local/lib/python3.6/site-packages/airflow/example_dags/example_python_operator.py
[2021-07-14 19:10:28,014] {scheduler_job.py:633} INFO - Processing file /home/airflow/.local/lib/python3.6/site-packages/airflow/example_dags/example_python_operator.py for tasks to queue
[2021-07-14 19:10:28,015] {logging_mixin.py:104} INFO - [2021-07-14 19:10:28,015] {dagbag.py:496} INFO - Filling up the DagBag from /home/airflow/.local/lib/python3.6/site-packages/airflow/example_dags/example_python_operator.py
[2021-07-14 19:10:28,037] {scheduler_job.py:643} INFO - DAG(s) dict_keys(['example_python_operator']) retrieved from /home/airflow/.local/lib/python3.6/site-packages/airflow/example_dags/example_python_operator.py
[2021-07-14 19:10:28,067] {logging_mixin.py:104} INFO - [2021-07-14 19:10:28,066] {dag.py:1833} INFO - Sync 1 DAGs
[2021-07-14 19:10:28,094] {logging_mixin.py:104} INFO - [2021-07-14 19:10:28,094] {dag.py:2306} INFO - Setting next_dagrun for example_python_operator to None
[2021-07-14 19:10:28,109] {scheduler_job.py:190} INFO - Processing /home/airflow/.local/lib/python3.6/site-packages/airflow/example_dags/example_python_operator.py took 0.100 seconds
[2021-07-14 19:10:59,042] {scheduler_job.py:182} INFO - Started process (PID=275) to work on /home/airflow/.local/lib/python3.6/site-packages/airflow/example_dags/example_python_operator.py
[2021-07-14 19:10:59,043] {scheduler_job.py:633} INFO - Processing file /home/airflow/.local/lib/python3.6/site-packages/airflow/example_dags/example_python_operator.py for tasks to queue
[2021-07-14 19:10:59,044] {logging_mixin.py:104} INFO - [2021-07-14 19:10:59,044] {dagbag.py:496} INFO - Filling up the DagBag from /home/airflow/.local/lib/python3.6/site-packages/airflow/example_dags/example_python_operator.py
[2021-07-14 19:10:59,069] {scheduler_job.py:643} INFO - DAG(s) dict_keys(['example_python_operator']) retrieved from /home/airflow/.local/lib/python3.6/site-packages/airflow/example_dags/example_python_operator.py
[2021-07-14 19:10:59,097] {logging_mixin.py:104} INFO - [2021-07-14 19:10:59,097] {dag.py:1833} INFO - Sync 1 DAGs
[2021-07-14 19:10:59,118] {logging_mixin.py:104} INFO - [2021-07-14 19:10:59,118] {dag.py:2306} INFO - Setting next_dagrun for example_python_operator to None
[2021-07-14 19:10:59,135] {scheduler_job.py:190} INFO - Processing /home/airflow/.local/lib/python3.6/site-packages/airflow/example_dags/example_python_operator.py took 0.098 seconds
[2021-07-14 19:11:29,519] {scheduler_job.py:182} INFO - Started process (PID=328) to work on /home/airflow/.local/lib/python3.6/site-packages/airflow/example_dags/example_python_operator.py
[2021-07-14 19:11:29,527] {scheduler_job.py:633} INFO - Processing file /home/airflow/.local/lib/python3.6/site-packages/airflow/example_dags/example_python_operator.py for tasks to queue
[2021-07-14 19:11:29,529] {logging_mixin.py:104} INFO - [2021-07-14 19:11:29,528] {dagbag.py:496} INFO - Filling up the DagBag from /home/airflow/.local/lib/python3.6/site-packages/airflow/example_dags/example_python_operator.py
[2021-07-14 19:11:29,548] {scheduler_job.py:643} INFO - DAG(s) dict_keys(['example_python_operator']) retrieved from /home/airflow/.local/lib/python3.6/site-packages/airflow/example_dags/example_python_operator.py
[2021-07-14 19:11:29,584] {logging_mixin.py:104} INFO - [2021-07-14 19:11:29,584] {dag.py:1833} INFO - Sync 1 DAGs
[2021-07-14 19:11:29,613] {logging_mixin.py:104} INFO - [2021-07-14 19:11:29,613] {dag.py:2306} INFO - Setting next_dagrun for example_python_operator to None
[2021-07-14 19:11:29,650] {scheduler_job.py:190} INFO - Processing /home/airflow/.local/lib/python3.6/site-packages/airflow/example_dags/example_python_operator.py took 0.134 seconds
[2021-07-14 19:12:00,267] {scheduler_job.py:182} INFO - Started process (PID=392) to work on /home/airflow/.local/lib/python3.6/site-packages/airflow/example_dags/example_python_operator.py
[2021-07-14 19:12:00,269] {scheduler_job.py:633} INFO - Processing file /home/airflow/.local/lib/python3.6/site-packages/airflow/example_dags/example_python_operator.py for tasks to queue
[2021-07-14 19:12:00,269] {logging_mixin.py:104} INFO - [2021-07-14 19:12:00,269] {dagbag.py:496} INFO - Filling up the DagBag from /home/airflow/.local/lib/python3.6/site-packages/airflow/example_dags/example_python_operator.py
[2021-07-14 19:12:00,287] {scheduler_job.py:643} INFO - DAG(s) dict_keys(['example_python_operator']) retrieved from /home/airflow/.local/lib/python3.6/site-packages/airflow/example_dags/example_python_operator.py
[2021-07-14 19:12:00,322] {logging_mixin.py:104} INFO - [2021-07-14 19:12:00,322] {dag.py:1833} INFO - Sync 1 DAGs
[2021-07-14 19:12:00,349] {logging_mixin.py:104} INFO - [2021-07-14 19:12:00,349] {dag.py:2306} INFO - Setting next_dagrun for example_python_operator to None
[2021-07-14 19:12:00,362] {scheduler_job.py:190} INFO - Processing /home/airflow/.local/lib/python3.6/site-packages/airflow/example_dags/example_python_operator.py took 0.099 seconds
[2021-07-14 19:12:30,974] {scheduler_job.py:182} INFO - Started process (PID=445) to work on /home/airflow/.local/lib/python3.6/site-packages/airflow/example_dags/example_python_operator.py
[2021-07-14 19:12:30,975] {scheduler_job.py:633} INFO - Processing file /home/airflow/.local/lib/python3.6/site-packages/airflow/example_dags/example_python_operator.py for tasks to queue
[2021-07-14 19:12:30,976] {logging_mixin.py:104} INFO - [2021-07-14 19:12:30,976] {dagbag.py:496} INFO - Filling up the DagBag from /home/airflow/.local/lib/python3.6/site-packages/airflow/example_dags/example_python_operator.py
[2021-07-14 19:12:30,996] {scheduler_job.py:643} INFO - DAG(s) dict_keys(['example_python_operator']) retrieved from /home/airflow/.local/lib/python3.6/site-packages/airflow/example_dags/example_python_operator.py
[2021-07-14 19:12:31,024] {logging_mixin.py:104} INFO - [2021-07-14 19:12:31,024] {dag.py:1833} INFO - Sync 1 DAGs
[2021-07-14 19:12:31,044] {logging_mixin.py:104} INFO - [2021-07-14 19:12:31,044] {dag.py:2306} INFO - Setting next_dagrun for example_python_operator to None
[2021-07-14 19:12:31,058] {scheduler_job.py:190} INFO - Processing /home/airflow/.local/lib/python3.6/site-packages/airflow/example_dags/example_python_operator.py took 0.088 seconds
[2021-07-14 19:57:42,796] {scheduler_job.py:182} INFO - Started process (PID=34) to work on /home/airflow/.local/lib/python3.6/site-packages/airflow/example_dags/example_python_operator.py
[2021-07-14 19:57:42,798] {scheduler_job.py:633} INFO - Processing file /home/airflow/.local/lib/python3.6/site-packages/airflow/example_dags/example_python_operator.py for tasks to queue
[2021-07-14 19:57:42,800] {logging_mixin.py:104} INFO - [2021-07-14 19:57:42,800] {dagbag.py:496} INFO - Filling up the DagBag from /home/airflow/.local/lib/python3.6/site-packages/airflow/example_dags/example_python_operator.py
[2021-07-14 19:57:42,826] {scheduler_job.py:643} INFO - DAG(s) dict_keys(['example_python_operator']) retrieved from /home/airflow/.local/lib/python3.6/site-packages/airflow/example_dags/example_python_operator.py
[2021-07-14 19:57:42,861] {logging_mixin.py:104} INFO - [2021-07-14 19:57:42,860] {dag.py:1833} INFO - Sync 1 DAGs
[2021-07-14 19:57:42,890] {logging_mixin.py:104} INFO - [2021-07-14 19:57:42,890] {dag.py:2306} INFO - Setting next_dagrun for example_python_operator to None
[2021-07-14 19:57:42,907] {scheduler_job.py:190} INFO - Processing /home/airflow/.local/lib/python3.6/site-packages/airflow/example_dags/example_python_operator.py took 0.116 seconds
[2021-07-14 19:58:13,578] {scheduler_job.py:182} INFO - Started process (PID=93) to work on /home/airflow/.local/lib/python3.6/site-packages/airflow/example_dags/example_python_operator.py
[2021-07-14 19:58:13,580] {scheduler_job.py:633} INFO - Processing file /home/airflow/.local/lib/python3.6/site-packages/airflow/example_dags/example_python_operator.py for tasks to queue
[2021-07-14 19:58:13,582] {logging_mixin.py:104} INFO - [2021-07-14 19:58:13,581] {dagbag.py:496} INFO - Filling up the DagBag from /home/airflow/.local/lib/python3.6/site-packages/airflow/example_dags/example_python_operator.py
[2021-07-14 19:58:13,614] {scheduler_job.py:643} INFO - DAG(s) dict_keys(['example_python_operator']) retrieved from /home/airflow/.local/lib/python3.6/site-packages/airflow/example_dags/example_python_operator.py
[2021-07-14 19:58:13,656] {logging_mixin.py:104} INFO - [2021-07-14 19:58:13,655] {dag.py:1833} INFO - Sync 1 DAGs
[2021-07-14 19:58:13,685] {logging_mixin.py:104} INFO - [2021-07-14 19:58:13,685] {dag.py:2306} INFO - Setting next_dagrun for example_python_operator to None
[2021-07-14 19:58:13,706] {scheduler_job.py:190} INFO - Processing /home/airflow/.local/lib/python3.6/site-packages/airflow/example_dags/example_python_operator.py took 0.133 seconds
[2021-07-14 19:58:44,233] {scheduler_job.py:182} INFO - Started process (PID=152) to work on /home/airflow/.local/lib/python3.6/site-packages/airflow/example_dags/example_python_operator.py
[2021-07-14 19:58:44,234] {scheduler_job.py:633} INFO - Processing file /home/airflow/.local/lib/python3.6/site-packages/airflow/example_dags/example_python_operator.py for tasks to queue
[2021-07-14 19:58:44,235] {logging_mixin.py:104} INFO - [2021-07-14 19:58:44,235] {dagbag.py:496} INFO - Filling up the DagBag from /home/airflow/.local/lib/python3.6/site-packages/airflow/example_dags/example_python_operator.py
[2021-07-14 19:58:44,252] {scheduler_job.py:643} INFO - DAG(s) dict_keys(['example_python_operator']) retrieved from /home/airflow/.local/lib/python3.6/site-packages/airflow/example_dags/example_python_operator.py
[2021-07-14 19:58:44,275] {logging_mixin.py:104} INFO - [2021-07-14 19:58:44,275] {dag.py:1833} INFO - Sync 1 DAGs
[2021-07-14 19:58:44,292] {logging_mixin.py:104} INFO - [2021-07-14 19:58:44,292] {dag.py:2306} INFO - Setting next_dagrun for example_python_operator to None
[2021-07-14 19:58:44,303] {scheduler_job.py:190} INFO - Processing /home/airflow/.local/lib/python3.6/site-packages/airflow/example_dags/example_python_operator.py took 0.073 seconds
[2021-07-14 19:59:15,105] {scheduler_job.py:182} INFO - Started process (PID=217) to work on /home/airflow/.local/lib/python3.6/site-packages/airflow/example_dags/example_python_operator.py
[2021-07-14 19:59:15,108] {scheduler_job.py:633} INFO - Processing file /home/airflow/.local/lib/python3.6/site-packages/airflow/example_dags/example_python_operator.py for tasks to queue
[2021-07-14 19:59:15,109] {logging_mixin.py:104} INFO - [2021-07-14 19:59:15,108] {dagbag.py:496} INFO - Filling up the DagBag from /home/airflow/.local/lib/python3.6/site-packages/airflow/example_dags/example_python_operator.py
[2021-07-14 19:59:15,134] {scheduler_job.py:643} INFO - DAG(s) dict_keys(['example_python_operator']) retrieved from /home/airflow/.local/lib/python3.6/site-packages/airflow/example_dags/example_python_operator.py
[2021-07-14 19:59:15,170] {logging_mixin.py:104} INFO - [2021-07-14 19:59:15,169] {dag.py:1833} INFO - Sync 1 DAGs
[2021-07-14 19:59:15,197] {logging_mixin.py:104} INFO - [2021-07-14 19:59:15,197] {dag.py:2306} INFO - Setting next_dagrun for example_python_operator to None
[2021-07-14 19:59:15,213] {scheduler_job.py:190} INFO - Processing /home/airflow/.local/lib/python3.6/site-packages/airflow/example_dags/example_python_operator.py took 0.112 seconds
[2021-07-14 19:59:45,882] {scheduler_job.py:182} INFO - Started process (PID=271) to work on /home/airflow/.local/lib/python3.6/site-packages/airflow/example_dags/example_python_operator.py
[2021-07-14 19:59:45,883] {scheduler_job.py:633} INFO - Processing file /home/airflow/.local/lib/python3.6/site-packages/airflow/example_dags/example_python_operator.py for tasks to queue
[2021-07-14 19:59:45,884] {logging_mixin.py:104} INFO - [2021-07-14 19:59:45,884] {dagbag.py:496} INFO - Filling up the DagBag from /home/airflow/.local/lib/python3.6/site-packages/airflow/example_dags/example_python_operator.py
[2021-07-14 19:59:45,899] {scheduler_job.py:643} INFO - DAG(s) dict_keys(['example_python_operator']) retrieved from /home/airflow/.local/lib/python3.6/site-packages/airflow/example_dags/example_python_operator.py
[2021-07-14 19:59:45,920] {logging_mixin.py:104} INFO - [2021-07-14 19:59:45,920] {dag.py:1833} INFO - Sync 1 DAGs
[2021-07-14 19:59:45,935] {logging_mixin.py:104} INFO - [2021-07-14 19:59:45,935] {dag.py:2306} INFO - Setting next_dagrun for example_python_operator to None
[2021-07-14 19:59:45,945] {scheduler_job.py:190} INFO - Processing /home/airflow/.local/lib/python3.6/site-packages/airflow/example_dags/example_python_operator.py took 0.066 seconds
[2021-07-14 20:00:16,587] {scheduler_job.py:182} INFO - Started process (PID=333) to work on /home/airflow/.local/lib/python3.6/site-packages/airflow/example_dags/example_python_operator.py
[2021-07-14 20:00:16,593] {scheduler_job.py:633} INFO - Processing file /home/airflow/.local/lib/python3.6/site-packages/airflow/example_dags/example_python_operator.py for tasks to queue
[2021-07-14 20:00:16,594] {logging_mixin.py:104} INFO - [2021-07-14 20:00:16,593] {dagbag.py:496} INFO - Filling up the DagBag from /home/airflow/.local/lib/python3.6/site-packages/airflow/example_dags/example_python_operator.py
[2021-07-14 20:00:16,608] {scheduler_job.py:643} INFO - DAG(s) dict_keys(['example_python_operator']) retrieved from /home/airflow/.local/lib/python3.6/site-packages/airflow/example_dags/example_python_operator.py
[2021-07-14 20:00:16,630] {logging_mixin.py:104} INFO - [2021-07-14 20:00:16,630] {dag.py:1833} INFO - Sync 1 DAGs
[2021-07-14 20:00:16,652] {logging_mixin.py:104} INFO - [2021-07-14 20:00:16,652] {dag.py:2306} INFO - Setting next_dagrun for example_python_operator to None
[2021-07-14 20:00:16,663] {scheduler_job.py:190} INFO - Processing /home/airflow/.local/lib/python3.6/site-packages/airflow/example_dags/example_python_operator.py took 0.079 seconds
[2021-07-14 20:00:46,888] {scheduler_job.py:182} INFO - Started process (PID=387) to work on /home/airflow/.local/lib/python3.6/site-packages/airflow/example_dags/example_python_operator.py
[2021-07-14 20:00:46,889] {scheduler_job.py:633} INFO - Processing file /home/airflow/.local/lib/python3.6/site-packages/airflow/example_dags/example_python_operator.py for tasks to queue
[2021-07-14 20:00:46,890] {logging_mixin.py:104} INFO - [2021-07-14 20:00:46,890] {dagbag.py:496} INFO - Filling up the DagBag from /home/airflow/.local/lib/python3.6/site-packages/airflow/example_dags/example_python_operator.py
[2021-07-14 20:00:46,904] {scheduler_job.py:643} INFO - DAG(s) dict_keys(['example_python_operator']) retrieved from /home/airflow/.local/lib/python3.6/site-packages/airflow/example_dags/example_python_operator.py
[2021-07-14 20:00:46,926] {logging_mixin.py:104} INFO - [2021-07-14 20:00:46,925] {dag.py:1833} INFO - Sync 1 DAGs
[2021-07-14 20:00:46,943] {logging_mixin.py:104} INFO - [2021-07-14 20:00:46,943] {dag.py:2306} INFO - Setting next_dagrun for example_python_operator to None
[2021-07-14 20:00:46,955] {scheduler_job.py:190} INFO - Processing /home/airflow/.local/lib/python3.6/site-packages/airflow/example_dags/example_python_operator.py took 0.070 seconds
[2021-07-14 20:01:17,167] {scheduler_job.py:182} INFO - Started process (PID=449) to work on /home/airflow/.local/lib/python3.6/site-packages/airflow/example_dags/example_python_operator.py
[2021-07-14 20:01:17,168] {scheduler_job.py:633} INFO - Processing file /home/airflow/.local/lib/python3.6/site-packages/airflow/example_dags/example_python_operator.py for tasks to queue
[2021-07-14 20:01:17,169] {logging_mixin.py:104} INFO - [2021-07-14 20:01:17,169] {dagbag.py:496} INFO - Filling up the DagBag from /home/airflow/.local/lib/python3.6/site-packages/airflow/example_dags/example_python_operator.py
[2021-07-14 20:01:17,190] {scheduler_job.py:643} INFO - DAG(s) dict_keys(['example_python_operator']) retrieved from /home/airflow/.local/lib/python3.6/site-packages/airflow/example_dags/example_python_operator.py
[2021-07-14 20:01:17,216] {logging_mixin.py:104} INFO - [2021-07-14 20:01:17,216] {dag.py:1833} INFO - Sync 1 DAGs
[2021-07-14 20:01:17,237] {logging_mixin.py:104} INFO - [2021-07-14 20:01:17,237] {dag.py:2306} INFO - Setting next_dagrun for example_python_operator to None
[2021-07-14 20:01:17,248] {scheduler_job.py:190} INFO - Processing /home/airflow/.local/lib/python3.6/site-packages/airflow/example_dags/example_python_operator.py took 0.086 seconds
[2021-07-14 20:01:47,755] {scheduler_job.py:182} INFO - Started process (PID=503) to work on /home/airflow/.local/lib/python3.6/site-packages/airflow/example_dags/example_python_operator.py
[2021-07-14 20:01:47,756] {scheduler_job.py:633} INFO - Processing file /home/airflow/.local/lib/python3.6/site-packages/airflow/example_dags/example_python_operator.py for tasks to queue
[2021-07-14 20:01:47,757] {logging_mixin.py:104} INFO - [2021-07-14 20:01:47,757] {dagbag.py:496} INFO - Filling up the DagBag from /home/airflow/.local/lib/python3.6/site-packages/airflow/example_dags/example_python_operator.py
[2021-07-14 20:01:47,773] {scheduler_job.py:643} INFO - DAG(s) dict_keys(['example_python_operator']) retrieved from /home/airflow/.local/lib/python3.6/site-packages/airflow/example_dags/example_python_operator.py
[2021-07-14 20:01:47,794] {logging_mixin.py:104} INFO - [2021-07-14 20:01:47,794] {dag.py:1833} INFO - Sync 1 DAGs
[2021-07-14 20:01:47,812] {logging_mixin.py:104} INFO - [2021-07-14 20:01:47,812] {dag.py:2306} INFO - Setting next_dagrun for example_python_operator to None
[2021-07-14 20:01:47,824] {scheduler_job.py:190} INFO - Processing /home/airflow/.local/lib/python3.6/site-packages/airflow/example_dags/example_python_operator.py took 0.073 seconds
[2021-07-14 20:02:18,005] {scheduler_job.py:182} INFO - Started process (PID=571) to work on /home/airflow/.local/lib/python3.6/site-packages/airflow/example_dags/example_python_operator.py
[2021-07-14 20:02:18,006] {scheduler_job.py:633} INFO - Processing file /home/airflow/.local/lib/python3.6/site-packages/airflow/example_dags/example_python_operator.py for tasks to queue
[2021-07-14 20:02:18,007] {logging_mixin.py:104} INFO - [2021-07-14 20:02:18,007] {dagbag.py:496} INFO - Filling up the DagBag from /home/airflow/.local/lib/python3.6/site-packages/airflow/example_dags/example_python_operator.py
[2021-07-14 20:02:18,022] {scheduler_job.py:643} INFO - DAG(s) dict_keys(['example_python_operator']) retrieved from /home/airflow/.local/lib/python3.6/site-packages/airflow/example_dags/example_python_operator.py
[2021-07-14 20:02:18,048] {logging_mixin.py:104} INFO - [2021-07-14 20:02:18,048] {dag.py:1833} INFO - Sync 1 DAGs
[2021-07-14 20:02:18,070] {logging_mixin.py:104} INFO - [2021-07-14 20:02:18,070] {dag.py:2306} INFO - Setting next_dagrun for example_python_operator to None
[2021-07-14 20:02:18,084] {scheduler_job.py:190} INFO - Processing /home/airflow/.local/lib/python3.6/site-packages/airflow/example_dags/example_python_operator.py took 0.082 seconds
[2021-07-14 20:02:49,035] {scheduler_job.py:182} INFO - Started process (PID=625) to work on /home/airflow/.local/lib/python3.6/site-packages/airflow/example_dags/example_python_operator.py
[2021-07-14 20:02:49,036] {scheduler_job.py:633} INFO - Processing file /home/airflow/.local/lib/python3.6/site-packages/airflow/example_dags/example_python_operator.py for tasks to queue
[2021-07-14 20:02:49,037] {logging_mixin.py:104} INFO - [2021-07-14 20:02:49,037] {dagbag.py:496} INFO - Filling up the DagBag from /home/airflow/.local/lib/python3.6/site-packages/airflow/example_dags/example_python_operator.py
[2021-07-14 20:02:49,055] {scheduler_job.py:643} INFO - DAG(s) dict_keys(['example_python_operator']) retrieved from /home/airflow/.local/lib/python3.6/site-packages/airflow/example_dags/example_python_operator.py
[2021-07-14 20:02:49,083] {logging_mixin.py:104} INFO - [2021-07-14 20:02:49,083] {dag.py:1833} INFO - Sync 1 DAGs
[2021-07-14 20:02:49,111] {logging_mixin.py:104} INFO - [2021-07-14 20:02:49,111] {dag.py:2306} INFO - Setting next_dagrun for example_python_operator to None
[2021-07-14 20:02:49,132] {scheduler_job.py:190} INFO - Processing /home/airflow/.local/lib/python3.6/site-packages/airflow/example_dags/example_python_operator.py took 0.102 seconds
[2021-07-14 20:03:19,199] {scheduler_job.py:182} INFO - Started process (PID=689) to work on /home/airflow/.local/lib/python3.6/site-packages/airflow/example_dags/example_python_operator.py
[2021-07-14 20:03:19,200] {scheduler_job.py:633} INFO - Processing file /home/airflow/.local/lib/python3.6/site-packages/airflow/example_dags/example_python_operator.py for tasks to queue
[2021-07-14 20:03:19,200] {logging_mixin.py:104} INFO - [2021-07-14 20:03:19,200] {dagbag.py:496} INFO - Filling up the DagBag from /home/airflow/.local/lib/python3.6/site-packages/airflow/example_dags/example_python_operator.py
[2021-07-14 20:03:19,214] {scheduler_job.py:643} INFO - DAG(s) dict_keys(['example_python_operator']) retrieved from /home/airflow/.local/lib/python3.6/site-packages/airflow/example_dags/example_python_operator.py
[2021-07-14 20:03:19,235] {logging_mixin.py:104} INFO - [2021-07-14 20:03:19,235] {dag.py:1833} INFO - Sync 1 DAGs
[2021-07-14 20:03:19,254] {logging_mixin.py:104} INFO - [2021-07-14 20:03:19,253] {dag.py:2306} INFO - Setting next_dagrun for example_python_operator to None
[2021-07-14 20:03:19,264] {scheduler_job.py:190} INFO - Processing /home/airflow/.local/lib/python3.6/site-packages/airflow/example_dags/example_python_operator.py took 0.068 seconds
[2021-07-14 20:03:49,658] {scheduler_job.py:182} INFO - Started process (PID=742) to work on /home/airflow/.local/lib/python3.6/site-packages/airflow/example_dags/example_python_operator.py
[2021-07-14 20:03:49,660] {scheduler_job.py:633} INFO - Processing file /home/airflow/.local/lib/python3.6/site-packages/airflow/example_dags/example_python_operator.py for tasks to queue
[2021-07-14 20:03:49,660] {logging_mixin.py:104} INFO - [2021-07-14 20:03:49,660] {dagbag.py:496} INFO - Filling up the DagBag from /home/airflow/.local/lib/python3.6/site-packages/airflow/example_dags/example_python_operator.py
[2021-07-14 20:03:49,677] {scheduler_job.py:643} INFO - DAG(s) dict_keys(['example_python_operator']) retrieved from /home/airflow/.local/lib/python3.6/site-packages/airflow/example_dags/example_python_operator.py
[2021-07-14 20:03:49,708] {logging_mixin.py:104} INFO - [2021-07-14 20:03:49,708] {dag.py:1833} INFO - Sync 1 DAGs
[2021-07-14 20:03:49,736] {logging_mixin.py:104} INFO - [2021-07-14 20:03:49,736] {dag.py:2306} INFO - Setting next_dagrun for example_python_operator to None
[2021-07-14 20:03:49,754] {scheduler_job.py:190} INFO - Processing /home/airflow/.local/lib/python3.6/site-packages/airflow/example_dags/example_python_operator.py took 0.098 seconds
[2021-07-14 20:04:19,968] {scheduler_job.py:182} INFO - Started process (PID=807) to work on /home/airflow/.local/lib/python3.6/site-packages/airflow/example_dags/example_python_operator.py
[2021-07-14 20:04:19,969] {scheduler_job.py:633} INFO - Processing file /home/airflow/.local/lib/python3.6/site-packages/airflow/example_dags/example_python_operator.py for tasks to queue
[2021-07-14 20:04:19,970] {logging_mixin.py:104} INFO - [2021-07-14 20:04:19,970] {dagbag.py:496} INFO - Filling up the DagBag from /home/airflow/.local/lib/python3.6/site-packages/airflow/example_dags/example_python_operator.py
[2021-07-14 20:04:19,986] {scheduler_job.py:643} INFO - DAG(s) dict_keys(['example_python_operator']) retrieved from /home/airflow/.local/lib/python3.6/site-packages/airflow/example_dags/example_python_operator.py
[2021-07-14 20:04:20,028] {logging_mixin.py:104} INFO - [2021-07-14 20:04:20,028] {dag.py:1833} INFO - Sync 1 DAGs
[2021-07-14 20:04:20,048] {logging_mixin.py:104} INFO - [2021-07-14 20:04:20,048] {dag.py:2306} INFO - Setting next_dagrun for example_python_operator to None
[2021-07-14 20:04:20,063] {scheduler_job.py:190} INFO - Processing /home/airflow/.local/lib/python3.6/site-packages/airflow/example_dags/example_python_operator.py took 0.099 seconds
[2021-07-14 20:04:50,356] {scheduler_job.py:182} INFO - Started process (PID=862) to work on /home/airflow/.local/lib/python3.6/site-packages/airflow/example_dags/example_python_operator.py
[2021-07-14 20:04:50,358] {scheduler_job.py:633} INFO - Processing file /home/airflow/.local/lib/python3.6/site-packages/airflow/example_dags/example_python_operator.py for tasks to queue
[2021-07-14 20:04:50,358] {logging_mixin.py:104} INFO - [2021-07-14 20:04:50,358] {dagbag.py:496} INFO - Filling up the DagBag from /home/airflow/.local/lib/python3.6/site-packages/airflow/example_dags/example_python_operator.py
[2021-07-14 20:04:50,373] {scheduler_job.py:643} INFO - DAG(s) dict_keys(['example_python_operator']) retrieved from /home/airflow/.local/lib/python3.6/site-packages/airflow/example_dags/example_python_operator.py
[2021-07-14 20:04:50,396] {logging_mixin.py:104} INFO - [2021-07-14 20:04:50,396] {dag.py:1833} INFO - Sync 1 DAGs
[2021-07-14 20:04:50,416] {logging_mixin.py:104} INFO - [2021-07-14 20:04:50,416] {dag.py:2306} INFO - Setting next_dagrun for example_python_operator to None
[2021-07-14 20:04:50,428] {scheduler_job.py:190} INFO - Processing /home/airflow/.local/lib/python3.6/site-packages/airflow/example_dags/example_python_operator.py took 0.075 seconds
[2021-07-14 20:05:20,685] {scheduler_job.py:182} INFO - Started process (PID=927) to work on /home/airflow/.local/lib/python3.6/site-packages/airflow/example_dags/example_python_operator.py
[2021-07-14 20:05:20,686] {scheduler_job.py:633} INFO - Processing file /home/airflow/.local/lib/python3.6/site-packages/airflow/example_dags/example_python_operator.py for tasks to queue
[2021-07-14 20:05:20,687] {logging_mixin.py:104} INFO - [2021-07-14 20:05:20,687] {dagbag.py:496} INFO - Filling up the DagBag from /home/airflow/.local/lib/python3.6/site-packages/airflow/example_dags/example_python_operator.py
[2021-07-14 20:05:20,703] {scheduler_job.py:643} INFO - DAG(s) dict_keys(['example_python_operator']) retrieved from /home/airflow/.local/lib/python3.6/site-packages/airflow/example_dags/example_python_operator.py
[2021-07-14 20:05:20,728] {logging_mixin.py:104} INFO - [2021-07-14 20:05:20,728] {dag.py:1833} INFO - Sync 1 DAGs
[2021-07-14 20:05:20,746] {logging_mixin.py:104} INFO - [2021-07-14 20:05:20,746] {dag.py:2306} INFO - Setting next_dagrun for example_python_operator to None
[2021-07-14 20:05:20,757] {scheduler_job.py:190} INFO - Processing /home/airflow/.local/lib/python3.6/site-packages/airflow/example_dags/example_python_operator.py took 0.075 seconds
[2021-07-14 20:05:50,839] {scheduler_job.py:182} INFO - Started process (PID=980) to work on /home/airflow/.local/lib/python3.6/site-packages/airflow/example_dags/example_python_operator.py
[2021-07-14 20:05:50,840] {scheduler_job.py:633} INFO - Processing file /home/airflow/.local/lib/python3.6/site-packages/airflow/example_dags/example_python_operator.py for tasks to queue
[2021-07-14 20:05:50,841] {logging_mixin.py:104} INFO - [2021-07-14 20:05:50,841] {dagbag.py:496} INFO - Filling up the DagBag from /home/airflow/.local/lib/python3.6/site-packages/airflow/example_dags/example_python_operator.py
[2021-07-14 20:05:50,856] {scheduler_job.py:643} INFO - DAG(s) dict_keys(['example_python_operator']) retrieved from /home/airflow/.local/lib/python3.6/site-packages/airflow/example_dags/example_python_operator.py
[2021-07-14 20:05:50,877] {logging_mixin.py:104} INFO - [2021-07-14 20:05:50,877] {dag.py:1833} INFO - Sync 1 DAGs
[2021-07-14 20:05:50,892] {logging_mixin.py:104} INFO - [2021-07-14 20:05:50,892] {dag.py:2306} INFO - Setting next_dagrun for example_python_operator to None
[2021-07-14 20:05:50,902] {scheduler_job.py:190} INFO - Processing /home/airflow/.local/lib/python3.6/site-packages/airflow/example_dags/example_python_operator.py took 0.066 seconds
[2021-07-14 20:06:21,326] {scheduler_job.py:182} INFO - Started process (PID=1043) to work on /home/airflow/.local/lib/python3.6/site-packages/airflow/example_dags/example_python_operator.py
[2021-07-14 20:06:21,328] {scheduler_job.py:633} INFO - Processing file /home/airflow/.local/lib/python3.6/site-packages/airflow/example_dags/example_python_operator.py for tasks to queue
[2021-07-14 20:06:21,329] {logging_mixin.py:104} INFO - [2021-07-14 20:06:21,329] {dagbag.py:496} INFO - Filling up the DagBag from /home/airflow/.local/lib/python3.6/site-packages/airflow/example_dags/example_python_operator.py
[2021-07-14 20:06:21,348] {scheduler_job.py:643} INFO - DAG(s) dict_keys(['example_python_operator']) retrieved from /home/airflow/.local/lib/python3.6/site-packages/airflow/example_dags/example_python_operator.py
[2021-07-14 20:06:21,374] {logging_mixin.py:104} INFO - [2021-07-14 20:06:21,373] {dag.py:1833} INFO - Sync 1 DAGs
[2021-07-14 20:06:21,394] {logging_mixin.py:104} INFO - [2021-07-14 20:06:21,393] {dag.py:2306} INFO - Setting next_dagrun for example_python_operator to None
[2021-07-14 20:06:21,408] {scheduler_job.py:190} INFO - Processing /home/airflow/.local/lib/python3.6/site-packages/airflow/example_dags/example_python_operator.py took 0.085 seconds
[2021-07-14 20:06:52,671] {scheduler_job.py:182} INFO - Started process (PID=1107) to work on /home/airflow/.local/lib/python3.6/site-packages/airflow/example_dags/example_python_operator.py
[2021-07-14 20:06:52,672] {scheduler_job.py:633} INFO - Processing file /home/airflow/.local/lib/python3.6/site-packages/airflow/example_dags/example_python_operator.py for tasks to queue
[2021-07-14 20:06:52,673] {logging_mixin.py:104} INFO - [2021-07-14 20:06:52,673] {dagbag.py:496} INFO - Filling up the DagBag from /home/airflow/.local/lib/python3.6/site-packages/airflow/example_dags/example_python_operator.py
[2021-07-14 20:06:52,691] {scheduler_job.py:643} INFO - DAG(s) dict_keys(['example_python_operator']) retrieved from /home/airflow/.local/lib/python3.6/site-packages/airflow/example_dags/example_python_operator.py
[2021-07-14 20:06:52,715] {logging_mixin.py:104} INFO - [2021-07-14 20:06:52,715] {dag.py:1833} INFO - Sync 1 DAGs
[2021-07-14 20:06:52,739] {logging_mixin.py:104} INFO - [2021-07-14 20:06:52,739] {dag.py:2306} INFO - Setting next_dagrun for example_python_operator to None
[2021-07-14 20:06:52,754] {scheduler_job.py:190} INFO - Processing /home/airflow/.local/lib/python3.6/site-packages/airflow/example_dags/example_python_operator.py took 0.087 seconds
[2021-07-14 20:07:23,192] {scheduler_job.py:182} INFO - Started process (PID=1161) to work on /home/airflow/.local/lib/python3.6/site-packages/airflow/example_dags/example_python_operator.py
[2021-07-14 20:07:23,193] {scheduler_job.py:633} INFO - Processing file /home/airflow/.local/lib/python3.6/site-packages/airflow/example_dags/example_python_operator.py for tasks to queue
[2021-07-14 20:07:23,194] {logging_mixin.py:104} INFO - [2021-07-14 20:07:23,194] {dagbag.py:496} INFO - Filling up the DagBag from /home/airflow/.local/lib/python3.6/site-packages/airflow/example_dags/example_python_operator.py
[2021-07-14 20:07:23,216] {scheduler_job.py:643} INFO - DAG(s) dict_keys(['example_python_operator']) retrieved from /home/airflow/.local/lib/python3.6/site-packages/airflow/example_dags/example_python_operator.py
[2021-07-14 20:07:23,247] {logging_mixin.py:104} INFO - [2021-07-14 20:07:23,247] {dag.py:1833} INFO - Sync 1 DAGs
[2021-07-14 20:07:23,273] {logging_mixin.py:104} INFO - [2021-07-14 20:07:23,273] {dag.py:2306} INFO - Setting next_dagrun for example_python_operator to None
[2021-07-14 20:07:23,287] {scheduler_job.py:190} INFO - Processing /home/airflow/.local/lib/python3.6/site-packages/airflow/example_dags/example_python_operator.py took 0.099 seconds
[2021-07-14 20:07:53,917] {scheduler_job.py:182} INFO - Started process (PID=1225) to work on /home/airflow/.local/lib/python3.6/site-packages/airflow/example_dags/example_python_operator.py
[2021-07-14 20:07:53,918] {scheduler_job.py:633} INFO - Processing file /home/airflow/.local/lib/python3.6/site-packages/airflow/example_dags/example_python_operator.py for tasks to queue
[2021-07-14 20:07:53,919] {logging_mixin.py:104} INFO - [2021-07-14 20:07:53,919] {dagbag.py:496} INFO - Filling up the DagBag from /home/airflow/.local/lib/python3.6/site-packages/airflow/example_dags/example_python_operator.py
[2021-07-14 20:07:53,933] {scheduler_job.py:643} INFO - DAG(s) dict_keys(['example_python_operator']) retrieved from /home/airflow/.local/lib/python3.6/site-packages/airflow/example_dags/example_python_operator.py
[2021-07-14 20:07:53,955] {logging_mixin.py:104} INFO - [2021-07-14 20:07:53,955] {dag.py:1833} INFO - Sync 1 DAGs
[2021-07-14 20:07:53,974] {logging_mixin.py:104} INFO - [2021-07-14 20:07:53,974] {dag.py:2306} INFO - Setting next_dagrun for example_python_operator to None
[2021-07-14 20:07:53,985] {scheduler_job.py:190} INFO - Processing /home/airflow/.local/lib/python3.6/site-packages/airflow/example_dags/example_python_operator.py took 0.071 seconds
[2021-07-14 20:08:24,407] {scheduler_job.py:182} INFO - Started process (PID=1280) to work on /home/airflow/.local/lib/python3.6/site-packages/airflow/example_dags/example_python_operator.py
[2021-07-14 20:08:24,408] {scheduler_job.py:633} INFO - Processing file /home/airflow/.local/lib/python3.6/site-packages/airflow/example_dags/example_python_operator.py for tasks to queue
[2021-07-14 20:08:24,409] {logging_mixin.py:104} INFO - [2021-07-14 20:08:24,408] {dagbag.py:496} INFO - Filling up the DagBag from /home/airflow/.local/lib/python3.6/site-packages/airflow/example_dags/example_python_operator.py
[2021-07-14 20:08:24,423] {scheduler_job.py:643} INFO - DAG(s) dict_keys(['example_python_operator']) retrieved from /home/airflow/.local/lib/python3.6/site-packages/airflow/example_dags/example_python_operator.py
[2021-07-14 20:08:24,444] {logging_mixin.py:104} INFO - [2021-07-14 20:08:24,444] {dag.py:1833} INFO - Sync 1 DAGs
[2021-07-14 20:08:24,462] {logging_mixin.py:104} INFO - [2021-07-14 20:08:24,462] {dag.py:2306} INFO - Setting next_dagrun for example_python_operator to None
[2021-07-14 20:08:24,472] {scheduler_job.py:190} INFO - Processing /home/airflow/.local/lib/python3.6/site-packages/airflow/example_dags/example_python_operator.py took 0.068 seconds
[2021-07-14 20:08:54,943] {scheduler_job.py:182} INFO - Started process (PID=1343) to work on /home/airflow/.local/lib/python3.6/site-packages/airflow/example_dags/example_python_operator.py
[2021-07-14 20:08:54,945] {scheduler_job.py:633} INFO - Processing file /home/airflow/.local/lib/python3.6/site-packages/airflow/example_dags/example_python_operator.py for tasks to queue
[2021-07-14 20:08:54,945] {logging_mixin.py:104} INFO - [2021-07-14 20:08:54,945] {dagbag.py:496} INFO - Filling up the DagBag from /home/airflow/.local/lib/python3.6/site-packages/airflow/example_dags/example_python_operator.py
[2021-07-14 20:08:54,966] {scheduler_job.py:643} INFO - DAG(s) dict_keys(['example_python_operator']) retrieved from /home/airflow/.local/lib/python3.6/site-packages/airflow/example_dags/example_python_operator.py
[2021-07-14 20:08:54,994] {logging_mixin.py:104} INFO - [2021-07-14 20:08:54,994] {dag.py:1833} INFO - Sync 1 DAGs
[2021-07-14 20:08:55,016] {logging_mixin.py:104} INFO - [2021-07-14 20:08:55,016] {dag.py:2306} INFO - Setting next_dagrun for example_python_operator to None
[2021-07-14 20:08:55,029] {scheduler_job.py:190} INFO - Processing /home/airflow/.local/lib/python3.6/site-packages/airflow/example_dags/example_python_operator.py took 0.088 seconds
[2021-07-14 20:09:25,570] {scheduler_job.py:182} INFO - Started process (PID=1397) to work on /home/airflow/.local/lib/python3.6/site-packages/airflow/example_dags/example_python_operator.py
[2021-07-14 20:09:25,571] {scheduler_job.py:633} INFO - Processing file /home/airflow/.local/lib/python3.6/site-packages/airflow/example_dags/example_python_operator.py for tasks to queue
[2021-07-14 20:09:25,572] {logging_mixin.py:104} INFO - [2021-07-14 20:09:25,572] {dagbag.py:496} INFO - Filling up the DagBag from /home/airflow/.local/lib/python3.6/site-packages/airflow/example_dags/example_python_operator.py
[2021-07-14 20:09:25,586] {scheduler_job.py:643} INFO - DAG(s) dict_keys(['example_python_operator']) retrieved from /home/airflow/.local/lib/python3.6/site-packages/airflow/example_dags/example_python_operator.py
[2021-07-14 20:09:25,609] {logging_mixin.py:104} INFO - [2021-07-14 20:09:25,609] {dag.py:1833} INFO - Sync 1 DAGs
[2021-07-14 20:09:25,627] {logging_mixin.py:104} INFO - [2021-07-14 20:09:25,627] {dag.py:2306} INFO - Setting next_dagrun for example_python_operator to None
[2021-07-14 20:09:25,639] {scheduler_job.py:190} INFO - Processing /home/airflow/.local/lib/python3.6/site-packages/airflow/example_dags/example_python_operator.py took 0.072 seconds
[2021-07-14 20:09:55,896] {scheduler_job.py:182} INFO - Started process (PID=1462) to work on /home/airflow/.local/lib/python3.6/site-packages/airflow/example_dags/example_python_operator.py
[2021-07-14 20:09:55,898] {scheduler_job.py:633} INFO - Processing file /home/airflow/.local/lib/python3.6/site-packages/airflow/example_dags/example_python_operator.py for tasks to queue
[2021-07-14 20:09:55,899] {logging_mixin.py:104} INFO - [2021-07-14 20:09:55,899] {dagbag.py:496} INFO - Filling up the DagBag from /home/airflow/.local/lib/python3.6/site-packages/airflow/example_dags/example_python_operator.py
[2021-07-14 20:09:55,915] {scheduler_job.py:643} INFO - DAG(s) dict_keys(['example_python_operator']) retrieved from /home/airflow/.local/lib/python3.6/site-packages/airflow/example_dags/example_python_operator.py
[2021-07-14 20:09:55,942] {logging_mixin.py:104} INFO - [2021-07-14 20:09:55,942] {dag.py:1833} INFO - Sync 1 DAGs
[2021-07-14 20:09:55,959] {logging_mixin.py:104} INFO - [2021-07-14 20:09:55,959] {dag.py:2306} INFO - Setting next_dagrun for example_python_operator to None
[2021-07-14 20:09:55,970] {scheduler_job.py:190} INFO - Processing /home/airflow/.local/lib/python3.6/site-packages/airflow/example_dags/example_python_operator.py took 0.078 seconds
[2021-07-14 20:10:26,302] {scheduler_job.py:182} INFO - Started process (PID=1522) to work on /home/airflow/.local/lib/python3.6/site-packages/airflow/example_dags/example_python_operator.py
[2021-07-14 20:10:26,303] {scheduler_job.py:633} INFO - Processing file /home/airflow/.local/lib/python3.6/site-packages/airflow/example_dags/example_python_operator.py for tasks to queue
[2021-07-14 20:10:26,304] {logging_mixin.py:104} INFO - [2021-07-14 20:10:26,304] {dagbag.py:496} INFO - Filling up the DagBag from /home/airflow/.local/lib/python3.6/site-packages/airflow/example_dags/example_python_operator.py
[2021-07-14 20:10:26,319] {scheduler_job.py:643} INFO - DAG(s) dict_keys(['example_python_operator']) retrieved from /home/airflow/.local/lib/python3.6/site-packages/airflow/example_dags/example_python_operator.py
[2021-07-14 20:10:26,344] {logging_mixin.py:104} INFO - [2021-07-14 20:10:26,344] {dag.py:1833} INFO - Sync 1 DAGs
[2021-07-14 20:10:26,367] {logging_mixin.py:104} INFO - [2021-07-14 20:10:26,367] {dag.py:2306} INFO - Setting next_dagrun for example_python_operator to None
[2021-07-14 20:10:26,381] {scheduler_job.py:190} INFO - Processing /home/airflow/.local/lib/python3.6/site-packages/airflow/example_dags/example_python_operator.py took 0.083 seconds
[2021-07-14 20:10:56,626] {scheduler_job.py:182} INFO - Started process (PID=1580) to work on /home/airflow/.local/lib/python3.6/site-packages/airflow/example_dags/example_python_operator.py
[2021-07-14 20:10:56,628] {scheduler_job.py:633} INFO - Processing file /home/airflow/.local/lib/python3.6/site-packages/airflow/example_dags/example_python_operator.py for tasks to queue
[2021-07-14 20:10:56,629] {logging_mixin.py:104} INFO - [2021-07-14 20:10:56,628] {dagbag.py:496} INFO - Filling up the DagBag from /home/airflow/.local/lib/python3.6/site-packages/airflow/example_dags/example_python_operator.py
[2021-07-14 20:10:56,649] {scheduler_job.py:643} INFO - DAG(s) dict_keys(['example_python_operator']) retrieved from /home/airflow/.local/lib/python3.6/site-packages/airflow/example_dags/example_python_operator.py
[2021-07-14 20:10:56,682] {logging_mixin.py:104} INFO - [2021-07-14 20:10:56,682] {dag.py:1833} INFO - Sync 1 DAGs
[2021-07-14 20:10:56,706] {logging_mixin.py:104} INFO - [2021-07-14 20:10:56,705] {dag.py:2306} INFO - Setting next_dagrun for example_python_operator to None
[2021-07-14 20:10:56,720] {scheduler_job.py:190} INFO - Processing /home/airflow/.local/lib/python3.6/site-packages/airflow/example_dags/example_python_operator.py took 0.098 seconds
[2021-07-14 20:11:26,978] {scheduler_job.py:182} INFO - Started process (PID=1643) to work on /home/airflow/.local/lib/python3.6/site-packages/airflow/example_dags/example_python_operator.py
[2021-07-14 20:11:26,980] {scheduler_job.py:633} INFO - Processing file /home/airflow/.local/lib/python3.6/site-packages/airflow/example_dags/example_python_operator.py for tasks to queue
[2021-07-14 20:11:26,981] {logging_mixin.py:104} INFO - [2021-07-14 20:11:26,980] {dagbag.py:496} INFO - Filling up the DagBag from /home/airflow/.local/lib/python3.6/site-packages/airflow/example_dags/example_python_operator.py
[2021-07-14 20:11:27,007] {scheduler_job.py:643} INFO - DAG(s) dict_keys(['example_python_operator']) retrieved from /home/airflow/.local/lib/python3.6/site-packages/airflow/example_dags/example_python_operator.py
[2021-07-14 20:11:27,054] {logging_mixin.py:104} INFO - [2021-07-14 20:11:27,054] {dag.py:1833} INFO - Sync 1 DAGs
[2021-07-14 20:11:27,082] {logging_mixin.py:104} INFO - [2021-07-14 20:11:27,081] {dag.py:2306} INFO - Setting next_dagrun for example_python_operator to None
[2021-07-14 20:11:27,095] {scheduler_job.py:190} INFO - Processing /home/airflow/.local/lib/python3.6/site-packages/airflow/example_dags/example_python_operator.py took 0.123 seconds
[2021-07-14 20:11:57,810] {scheduler_job.py:182} INFO - Started process (PID=1699) to work on /home/airflow/.local/lib/python3.6/site-packages/airflow/example_dags/example_python_operator.py
[2021-07-14 20:11:57,812] {scheduler_job.py:633} INFO - Processing file /home/airflow/.local/lib/python3.6/site-packages/airflow/example_dags/example_python_operator.py for tasks to queue
[2021-07-14 20:11:57,813] {logging_mixin.py:104} INFO - [2021-07-14 20:11:57,813] {dagbag.py:496} INFO - Filling up the DagBag from /home/airflow/.local/lib/python3.6/site-packages/airflow/example_dags/example_python_operator.py
[2021-07-14 20:11:57,831] {scheduler_job.py:643} INFO - DAG(s) dict_keys(['example_python_operator']) retrieved from /home/airflow/.local/lib/python3.6/site-packages/airflow/example_dags/example_python_operator.py
[2021-07-14 20:11:57,856] {logging_mixin.py:104} INFO - [2021-07-14 20:11:57,856] {dag.py:1833} INFO - Sync 1 DAGs
[2021-07-14 20:11:57,874] {logging_mixin.py:104} INFO - [2021-07-14 20:11:57,874] {dag.py:2306} INFO - Setting next_dagrun for example_python_operator to None
[2021-07-14 20:11:57,885] {scheduler_job.py:190} INFO - Processing /home/airflow/.local/lib/python3.6/site-packages/airflow/example_dags/example_python_operator.py took 0.079 seconds
[2021-07-14 20:12:27,949] {scheduler_job.py:182} INFO - Started process (PID=1764) to work on /home/airflow/.local/lib/python3.6/site-packages/airflow/example_dags/example_python_operator.py
[2021-07-14 20:12:27,949] {scheduler_job.py:633} INFO - Processing file /home/airflow/.local/lib/python3.6/site-packages/airflow/example_dags/example_python_operator.py for tasks to queue
[2021-07-14 20:12:27,950] {logging_mixin.py:104} INFO - [2021-07-14 20:12:27,950] {dagbag.py:496} INFO - Filling up the DagBag from /home/airflow/.local/lib/python3.6/site-packages/airflow/example_dags/example_python_operator.py
[2021-07-14 20:12:27,962] {scheduler_job.py:643} INFO - DAG(s) dict_keys(['example_python_operator']) retrieved from /home/airflow/.local/lib/python3.6/site-packages/airflow/example_dags/example_python_operator.py
[2021-07-14 20:12:27,979] {logging_mixin.py:104} INFO - [2021-07-14 20:12:27,979] {dag.py:1833} INFO - Sync 1 DAGs
[2021-07-14 20:12:27,994] {logging_mixin.py:104} INFO - [2021-07-14 20:12:27,994] {dag.py:2306} INFO - Setting next_dagrun for example_python_operator to None
[2021-07-14 20:12:28,003] {scheduler_job.py:190} INFO - Processing /home/airflow/.local/lib/python3.6/site-packages/airflow/example_dags/example_python_operator.py took 0.057 seconds
[2021-07-14 20:12:58,185] {scheduler_job.py:182} INFO - Started process (PID=1817) to work on /home/airflow/.local/lib/python3.6/site-packages/airflow/example_dags/example_python_operator.py
[2021-07-14 20:12:58,187] {scheduler_job.py:633} INFO - Processing file /home/airflow/.local/lib/python3.6/site-packages/airflow/example_dags/example_python_operator.py for tasks to queue
[2021-07-14 20:12:58,188] {logging_mixin.py:104} INFO - [2021-07-14 20:12:58,188] {dagbag.py:496} INFO - Filling up the DagBag from /home/airflow/.local/lib/python3.6/site-packages/airflow/example_dags/example_python_operator.py
[2021-07-14 20:12:58,204] {scheduler_job.py:643} INFO - DAG(s) dict_keys(['example_python_operator']) retrieved from /home/airflow/.local/lib/python3.6/site-packages/airflow/example_dags/example_python_operator.py
[2021-07-14 20:12:58,226] {logging_mixin.py:104} INFO - [2021-07-14 20:12:58,226] {dag.py:1833} INFO - Sync 1 DAGs
[2021-07-14 20:12:58,242] {logging_mixin.py:104} INFO - [2021-07-14 20:12:58,242] {dag.py:2306} INFO - Setting next_dagrun for example_python_operator to None
[2021-07-14 20:12:58,252] {scheduler_job.py:190} INFO - Processing /home/airflow/.local/lib/python3.6/site-packages/airflow/example_dags/example_python_operator.py took 0.071 seconds
[2021-07-14 20:13:28,623] {scheduler_job.py:182} INFO - Started process (PID=1883) to work on /home/airflow/.local/lib/python3.6/site-packages/airflow/example_dags/example_python_operator.py
[2021-07-14 20:13:28,624] {scheduler_job.py:633} INFO - Processing file /home/airflow/.local/lib/python3.6/site-packages/airflow/example_dags/example_python_operator.py for tasks to queue
[2021-07-14 20:13:28,625] {logging_mixin.py:104} INFO - [2021-07-14 20:13:28,625] {dagbag.py:496} INFO - Filling up the DagBag from /home/airflow/.local/lib/python3.6/site-packages/airflow/example_dags/example_python_operator.py
[2021-07-14 20:13:28,640] {scheduler_job.py:643} INFO - DAG(s) dict_keys(['example_python_operator']) retrieved from /home/airflow/.local/lib/python3.6/site-packages/airflow/example_dags/example_python_operator.py
[2021-07-14 20:13:28,662] {logging_mixin.py:104} INFO - [2021-07-14 20:13:28,662] {dag.py:1833} INFO - Sync 1 DAGs
[2021-07-14 20:13:28,682] {logging_mixin.py:104} INFO - [2021-07-14 20:13:28,682] {dag.py:2306} INFO - Setting next_dagrun for example_python_operator to None
[2021-07-14 20:13:28,692] {scheduler_job.py:190} INFO - Processing /home/airflow/.local/lib/python3.6/site-packages/airflow/example_dags/example_python_operator.py took 0.072 seconds
[2021-07-14 20:13:59,606] {scheduler_job.py:182} INFO - Started process (PID=1945) to work on /home/airflow/.local/lib/python3.6/site-packages/airflow/example_dags/example_python_operator.py
[2021-07-14 20:13:59,607] {scheduler_job.py:633} INFO - Processing file /home/airflow/.local/lib/python3.6/site-packages/airflow/example_dags/example_python_operator.py for tasks to queue
[2021-07-14 20:13:59,608] {logging_mixin.py:104} INFO - [2021-07-14 20:13:59,608] {dagbag.py:496} INFO - Filling up the DagBag from /home/airflow/.local/lib/python3.6/site-packages/airflow/example_dags/example_python_operator.py
[2021-07-14 20:13:59,623] {scheduler_job.py:643} INFO - DAG(s) dict_keys(['example_python_operator']) retrieved from /home/airflow/.local/lib/python3.6/site-packages/airflow/example_dags/example_python_operator.py
[2021-07-14 20:13:59,645] {logging_mixin.py:104} INFO - [2021-07-14 20:13:59,645] {dag.py:1833} INFO - Sync 1 DAGs
[2021-07-14 20:13:59,663] {logging_mixin.py:104} INFO - [2021-07-14 20:13:59,663] {dag.py:2306} INFO - Setting next_dagrun for example_python_operator to None
[2021-07-14 20:13:59,674] {scheduler_job.py:190} INFO - Processing /home/airflow/.local/lib/python3.6/site-packages/airflow/example_dags/example_python_operator.py took 0.071 seconds
[2021-07-14 20:14:29,791] {scheduler_job.py:182} INFO - Started process (PID=2001) to work on /home/airflow/.local/lib/python3.6/site-packages/airflow/example_dags/example_python_operator.py
[2021-07-14 20:14:29,792] {scheduler_job.py:633} INFO - Processing file /home/airflow/.local/lib/python3.6/site-packages/airflow/example_dags/example_python_operator.py for tasks to queue
[2021-07-14 20:14:29,793] {logging_mixin.py:104} INFO - [2021-07-14 20:14:29,793] {dagbag.py:496} INFO - Filling up the DagBag from /home/airflow/.local/lib/python3.6/site-packages/airflow/example_dags/example_python_operator.py
[2021-07-14 20:14:29,805] {scheduler_job.py:643} INFO - DAG(s) dict_keys(['example_python_operator']) retrieved from /home/airflow/.local/lib/python3.6/site-packages/airflow/example_dags/example_python_operator.py
[2021-07-14 20:14:29,825] {logging_mixin.py:104} INFO - [2021-07-14 20:14:29,825] {dag.py:1833} INFO - Sync 1 DAGs
[2021-07-14 20:14:29,843] {logging_mixin.py:104} INFO - [2021-07-14 20:14:29,842] {dag.py:2306} INFO - Setting next_dagrun for example_python_operator to None
[2021-07-14 20:14:29,851] {scheduler_job.py:190} INFO - Processing /home/airflow/.local/lib/python3.6/site-packages/airflow/example_dags/example_python_operator.py took 0.062 seconds
[2021-07-14 20:15:00,295] {scheduler_job.py:182} INFO - Started process (PID=2065) to work on /home/airflow/.local/lib/python3.6/site-packages/airflow/example_dags/example_python_operator.py
[2021-07-14 20:15:00,297] {scheduler_job.py:633} INFO - Processing file /home/airflow/.local/lib/python3.6/site-packages/airflow/example_dags/example_python_operator.py for tasks to queue
[2021-07-14 20:15:00,298] {logging_mixin.py:104} INFO - [2021-07-14 20:15:00,298] {dagbag.py:496} INFO - Filling up the DagBag from /home/airflow/.local/lib/python3.6/site-packages/airflow/example_dags/example_python_operator.py
[2021-07-14 20:15:00,320] {scheduler_job.py:643} INFO - DAG(s) dict_keys(['example_python_operator']) retrieved from /home/airflow/.local/lib/python3.6/site-packages/airflow/example_dags/example_python_operator.py
[2021-07-14 20:15:00,353] {logging_mixin.py:104} INFO - [2021-07-14 20:15:00,353] {dag.py:1833} INFO - Sync 1 DAGs
[2021-07-14 20:15:00,372] {logging_mixin.py:104} INFO - [2021-07-14 20:15:00,372] {dag.py:2306} INFO - Setting next_dagrun for example_python_operator to None
[2021-07-14 20:15:00,383] {scheduler_job.py:190} INFO - Processing /home/airflow/.local/lib/python3.6/site-packages/airflow/example_dags/example_python_operator.py took 0.092 seconds
[2021-07-14 20:15:30,803] {scheduler_job.py:182} INFO - Started process (PID=2119) to work on /home/airflow/.local/lib/python3.6/site-packages/airflow/example_dags/example_python_operator.py
[2021-07-14 20:15:30,805] {scheduler_job.py:633} INFO - Processing file /home/airflow/.local/lib/python3.6/site-packages/airflow/example_dags/example_python_operator.py for tasks to queue
[2021-07-14 20:15:30,806] {logging_mixin.py:104} INFO - [2021-07-14 20:15:30,806] {dagbag.py:496} INFO - Filling up the DagBag from /home/airflow/.local/lib/python3.6/site-packages/airflow/example_dags/example_python_operator.py
[2021-07-14 20:15:30,825] {scheduler_job.py:643} INFO - DAG(s) dict_keys(['example_python_operator']) retrieved from /home/airflow/.local/lib/python3.6/site-packages/airflow/example_dags/example_python_operator.py
[2021-07-14 20:15:30,857] {logging_mixin.py:104} INFO - [2021-07-14 20:15:30,857] {dag.py:1833} INFO - Sync 1 DAGs
[2021-07-14 20:15:30,881] {logging_mixin.py:104} INFO - [2021-07-14 20:15:30,881] {dag.py:2306} INFO - Setting next_dagrun for example_python_operator to None
[2021-07-14 20:15:30,895] {scheduler_job.py:190} INFO - Processing /home/airflow/.local/lib/python3.6/site-packages/airflow/example_dags/example_python_operator.py took 0.097 seconds
[2021-07-14 20:16:01,143] {scheduler_job.py:182} INFO - Started process (PID=2183) to work on /home/airflow/.local/lib/python3.6/site-packages/airflow/example_dags/example_python_operator.py
[2021-07-14 20:16:01,144] {scheduler_job.py:633} INFO - Processing file /home/airflow/.local/lib/python3.6/site-packages/airflow/example_dags/example_python_operator.py for tasks to queue
[2021-07-14 20:16:01,145] {logging_mixin.py:104} INFO - [2021-07-14 20:16:01,145] {dagbag.py:496} INFO - Filling up the DagBag from /home/airflow/.local/lib/python3.6/site-packages/airflow/example_dags/example_python_operator.py
[2021-07-14 20:16:01,160] {scheduler_job.py:643} INFO - DAG(s) dict_keys(['example_python_operator']) retrieved from /home/airflow/.local/lib/python3.6/site-packages/airflow/example_dags/example_python_operator.py
[2021-07-14 20:16:01,185] {logging_mixin.py:104} INFO - [2021-07-14 20:16:01,185] {dag.py:1833} INFO - Sync 1 DAGs
[2021-07-14 20:16:01,203] {logging_mixin.py:104} INFO - [2021-07-14 20:16:01,203] {dag.py:2306} INFO - Setting next_dagrun for example_python_operator to None
[2021-07-14 20:16:01,214] {scheduler_job.py:190} INFO - Processing /home/airflow/.local/lib/python3.6/site-packages/airflow/example_dags/example_python_operator.py took 0.074 seconds
[2021-07-14 20:16:32,115] {scheduler_job.py:182} INFO - Started process (PID=2236) to work on /home/airflow/.local/lib/python3.6/site-packages/airflow/example_dags/example_python_operator.py
[2021-07-14 20:16:32,117] {scheduler_job.py:633} INFO - Processing file /home/airflow/.local/lib/python3.6/site-packages/airflow/example_dags/example_python_operator.py for tasks to queue
[2021-07-14 20:16:32,118] {logging_mixin.py:104} INFO - [2021-07-14 20:16:32,118] {dagbag.py:496} INFO - Filling up the DagBag from /home/airflow/.local/lib/python3.6/site-packages/airflow/example_dags/example_python_operator.py
[2021-07-14 20:16:32,138] {scheduler_job.py:643} INFO - DAG(s) dict_keys(['example_python_operator']) retrieved from /home/airflow/.local/lib/python3.6/site-packages/airflow/example_dags/example_python_operator.py
[2021-07-14 20:16:32,169] {logging_mixin.py:104} INFO - [2021-07-14 20:16:32,169] {dag.py:1833} INFO - Sync 1 DAGs
[2021-07-14 20:16:32,196] {logging_mixin.py:104} INFO - [2021-07-14 20:16:32,196] {dag.py:2306} INFO - Setting next_dagrun for example_python_operator to None
[2021-07-14 20:16:32,209] {scheduler_job.py:190} INFO - Processing /home/airflow/.local/lib/python3.6/site-packages/airflow/example_dags/example_python_operator.py took 0.098 seconds
[2021-07-14 20:17:02,583] {scheduler_job.py:182} INFO - Started process (PID=2298) to work on /home/airflow/.local/lib/python3.6/site-packages/airflow/example_dags/example_python_operator.py
[2021-07-14 20:17:02,584] {scheduler_job.py:633} INFO - Processing file /home/airflow/.local/lib/python3.6/site-packages/airflow/example_dags/example_python_operator.py for tasks to queue
[2021-07-14 20:17:02,585] {logging_mixin.py:104} INFO - [2021-07-14 20:17:02,585] {dagbag.py:496} INFO - Filling up the DagBag from /home/airflow/.local/lib/python3.6/site-packages/airflow/example_dags/example_python_operator.py
[2021-07-14 20:17:02,600] {scheduler_job.py:643} INFO - DAG(s) dict_keys(['example_python_operator']) retrieved from /home/airflow/.local/lib/python3.6/site-packages/airflow/example_dags/example_python_operator.py
[2021-07-14 20:17:02,623] {logging_mixin.py:104} INFO - [2021-07-14 20:17:02,623] {dag.py:1833} INFO - Sync 1 DAGs
[2021-07-14 20:17:02,642] {logging_mixin.py:104} INFO - [2021-07-14 20:17:02,642] {dag.py:2306} INFO - Setting next_dagrun for example_python_operator to None
[2021-07-14 20:17:02,654] {scheduler_job.py:190} INFO - Processing /home/airflow/.local/lib/python3.6/site-packages/airflow/example_dags/example_python_operator.py took 0.073 seconds
[2021-07-14 20:17:33,047] {scheduler_job.py:182} INFO - Started process (PID=2351) to work on /home/airflow/.local/lib/python3.6/site-packages/airflow/example_dags/example_python_operator.py
[2021-07-14 20:17:33,049] {scheduler_job.py:633} INFO - Processing file /home/airflow/.local/lib/python3.6/site-packages/airflow/example_dags/example_python_operator.py for tasks to queue
[2021-07-14 20:17:33,049] {logging_mixin.py:104} INFO - [2021-07-14 20:17:33,049] {dagbag.py:496} INFO - Filling up the DagBag from /home/airflow/.local/lib/python3.6/site-packages/airflow/example_dags/example_python_operator.py
[2021-07-14 20:17:33,067] {scheduler_job.py:643} INFO - DAG(s) dict_keys(['example_python_operator']) retrieved from /home/airflow/.local/lib/python3.6/site-packages/airflow/example_dags/example_python_operator.py
[2021-07-14 20:17:33,089] {logging_mixin.py:104} INFO - [2021-07-14 20:17:33,089] {dag.py:1833} INFO - Sync 1 DAGs
[2021-07-14 20:17:33,106] {logging_mixin.py:104} INFO - [2021-07-14 20:17:33,106] {dag.py:2306} INFO - Setting next_dagrun for example_python_operator to None
[2021-07-14 20:17:33,117] {scheduler_job.py:190} INFO - Processing /home/airflow/.local/lib/python3.6/site-packages/airflow/example_dags/example_python_operator.py took 0.073 seconds
[2021-07-14 20:18:03,668] {scheduler_job.py:182} INFO - Started process (PID=2417) to work on /home/airflow/.local/lib/python3.6/site-packages/airflow/example_dags/example_python_operator.py
[2021-07-14 20:18:03,669] {scheduler_job.py:633} INFO - Processing file /home/airflow/.local/lib/python3.6/site-packages/airflow/example_dags/example_python_operator.py for tasks to queue
[2021-07-14 20:18:03,670] {logging_mixin.py:104} INFO - [2021-07-14 20:18:03,670] {dagbag.py:496} INFO - Filling up the DagBag from /home/airflow/.local/lib/python3.6/site-packages/airflow/example_dags/example_python_operator.py
[2021-07-14 20:18:03,685] {scheduler_job.py:643} INFO - DAG(s) dict_keys(['example_python_operator']) retrieved from /home/airflow/.local/lib/python3.6/site-packages/airflow/example_dags/example_python_operator.py
[2021-07-14 20:18:03,708] {logging_mixin.py:104} INFO - [2021-07-14 20:18:03,707] {dag.py:1833} INFO - Sync 1 DAGs
[2021-07-14 20:18:03,727] {logging_mixin.py:104} INFO - [2021-07-14 20:18:03,727] {dag.py:2306} INFO - Setting next_dagrun for example_python_operator to None
[2021-07-14 20:18:03,739] {scheduler_job.py:190} INFO - Processing /home/airflow/.local/lib/python3.6/site-packages/airflow/example_dags/example_python_operator.py took 0.074 seconds
[2021-07-14 20:18:34,287] {scheduler_job.py:182} INFO - Started process (PID=2470) to work on /home/airflow/.local/lib/python3.6/site-packages/airflow/example_dags/example_python_operator.py
[2021-07-14 20:18:34,289] {scheduler_job.py:633} INFO - Processing file /home/airflow/.local/lib/python3.6/site-packages/airflow/example_dags/example_python_operator.py for tasks to queue
[2021-07-14 20:18:34,290] {logging_mixin.py:104} INFO - [2021-07-14 20:18:34,290] {dagbag.py:496} INFO - Filling up the DagBag from /home/airflow/.local/lib/python3.6/site-packages/airflow/example_dags/example_python_operator.py
[2021-07-14 20:18:34,311] {scheduler_job.py:643} INFO - DAG(s) dict_keys(['example_python_operator']) retrieved from /home/airflow/.local/lib/python3.6/site-packages/airflow/example_dags/example_python_operator.py
[2021-07-14 20:18:34,340] {logging_mixin.py:104} INFO - [2021-07-14 20:18:34,340] {dag.py:1833} INFO - Sync 1 DAGs
[2021-07-14 20:18:34,364] {logging_mixin.py:104} INFO - [2021-07-14 20:18:34,364] {dag.py:2306} INFO - Setting next_dagrun for example_python_operator to None
[2021-07-14 20:18:34,379] {scheduler_job.py:190} INFO - Processing /home/airflow/.local/lib/python3.6/site-packages/airflow/example_dags/example_python_operator.py took 0.095 seconds
[2021-07-14 20:19:05,011] {scheduler_job.py:182} INFO - Started process (PID=2533) to work on /home/airflow/.local/lib/python3.6/site-packages/airflow/example_dags/example_python_operator.py
[2021-07-14 20:19:05,012] {scheduler_job.py:633} INFO - Processing file /home/airflow/.local/lib/python3.6/site-packages/airflow/example_dags/example_python_operator.py for tasks to queue
[2021-07-14 20:19:05,012] {logging_mixin.py:104} INFO - [2021-07-14 20:19:05,012] {dagbag.py:496} INFO - Filling up the DagBag from /home/airflow/.local/lib/python3.6/site-packages/airflow/example_dags/example_python_operator.py
[2021-07-14 20:19:05,027] {scheduler_job.py:643} INFO - DAG(s) dict_keys(['example_python_operator']) retrieved from /home/airflow/.local/lib/python3.6/site-packages/airflow/example_dags/example_python_operator.py
[2021-07-14 20:19:05,049] {logging_mixin.py:104} INFO - [2021-07-14 20:19:05,049] {dag.py:1833} INFO - Sync 1 DAGs
[2021-07-14 20:19:05,066] {logging_mixin.py:104} INFO - [2021-07-14 20:19:05,066] {dag.py:2306} INFO - Setting next_dagrun for example_python_operator to None
[2021-07-14 20:19:05,077] {scheduler_job.py:190} INFO - Processing /home/airflow/.local/lib/python3.6/site-packages/airflow/example_dags/example_python_operator.py took 0.069 seconds
[2021-07-14 20:19:35,325] {scheduler_job.py:182} INFO - Started process (PID=2587) to work on /home/airflow/.local/lib/python3.6/site-packages/airflow/example_dags/example_python_operator.py
[2021-07-14 20:19:35,326] {scheduler_job.py:633} INFO - Processing file /home/airflow/.local/lib/python3.6/site-packages/airflow/example_dags/example_python_operator.py for tasks to queue
[2021-07-14 20:19:35,327] {logging_mixin.py:104} INFO - [2021-07-14 20:19:35,327] {dagbag.py:496} INFO - Filling up the DagBag from /home/airflow/.local/lib/python3.6/site-packages/airflow/example_dags/example_python_operator.py
[2021-07-14 20:19:35,348] {scheduler_job.py:643} INFO - DAG(s) dict_keys(['example_python_operator']) retrieved from /home/airflow/.local/lib/python3.6/site-packages/airflow/example_dags/example_python_operator.py
[2021-07-14 20:19:35,380] {logging_mixin.py:104} INFO - [2021-07-14 20:19:35,380] {dag.py:1833} INFO - Sync 1 DAGs
[2021-07-14 20:19:35,405] {logging_mixin.py:104} INFO - [2021-07-14 20:19:35,405] {dag.py:2306} INFO - Setting next_dagrun for example_python_operator to None
[2021-07-14 20:19:35,419] {scheduler_job.py:190} INFO - Processing /home/airflow/.local/lib/python3.6/site-packages/airflow/example_dags/example_python_operator.py took 0.099 seconds
[2021-07-14 20:20:05,727] {scheduler_job.py:182} INFO - Started process (PID=2649) to work on /home/airflow/.local/lib/python3.6/site-packages/airflow/example_dags/example_python_operator.py
[2021-07-14 20:20:05,729] {scheduler_job.py:633} INFO - Processing file /home/airflow/.local/lib/python3.6/site-packages/airflow/example_dags/example_python_operator.py for tasks to queue
[2021-07-14 20:20:05,730] {logging_mixin.py:104} INFO - [2021-07-14 20:20:05,730] {dagbag.py:496} INFO - Filling up the DagBag from /home/airflow/.local/lib/python3.6/site-packages/airflow/example_dags/example_python_operator.py
[2021-07-14 20:20:05,748] {scheduler_job.py:643} INFO - DAG(s) dict_keys(['example_python_operator']) retrieved from /home/airflow/.local/lib/python3.6/site-packages/airflow/example_dags/example_python_operator.py
[2021-07-14 20:20:05,775] {logging_mixin.py:104} INFO - [2021-07-14 20:20:05,774] {dag.py:1833} INFO - Sync 1 DAGs
[2021-07-14 20:20:05,797] {logging_mixin.py:104} INFO - [2021-07-14 20:20:05,797] {dag.py:2306} INFO - Setting next_dagrun for example_python_operator to None
[2021-07-14 20:20:05,812] {scheduler_job.py:190} INFO - Processing /home/airflow/.local/lib/python3.6/site-packages/airflow/example_dags/example_python_operator.py took 0.089 seconds
[2021-07-14 20:20:35,944] {scheduler_job.py:182} INFO - Started process (PID=2703) to work on /home/airflow/.local/lib/python3.6/site-packages/airflow/example_dags/example_python_operator.py
[2021-07-14 20:20:35,946] {scheduler_job.py:633} INFO - Processing file /home/airflow/.local/lib/python3.6/site-packages/airflow/example_dags/example_python_operator.py for tasks to queue
[2021-07-14 20:20:35,947] {logging_mixin.py:104} INFO - [2021-07-14 20:20:35,947] {dagbag.py:496} INFO - Filling up the DagBag from /home/airflow/.local/lib/python3.6/site-packages/airflow/example_dags/example_python_operator.py
[2021-07-14 20:20:35,978] {scheduler_job.py:643} INFO - DAG(s) dict_keys(['example_python_operator']) retrieved from /home/airflow/.local/lib/python3.6/site-packages/airflow/example_dags/example_python_operator.py
[2021-07-14 20:20:36,023] {logging_mixin.py:104} INFO - [2021-07-14 20:20:36,022] {dag.py:1833} INFO - Sync 1 DAGs
[2021-07-14 20:20:36,053] {logging_mixin.py:104} INFO - [2021-07-14 20:20:36,053] {dag.py:2306} INFO - Setting next_dagrun for example_python_operator to None
[2021-07-14 20:20:36,073] {scheduler_job.py:190} INFO - Processing /home/airflow/.local/lib/python3.6/site-packages/airflow/example_dags/example_python_operator.py took 0.134 seconds
[2021-07-14 20:21:06,438] {scheduler_job.py:182} INFO - Started process (PID=2768) to work on /home/airflow/.local/lib/python3.6/site-packages/airflow/example_dags/example_python_operator.py
[2021-07-14 20:21:06,439] {scheduler_job.py:633} INFO - Processing file /home/airflow/.local/lib/python3.6/site-packages/airflow/example_dags/example_python_operator.py for tasks to queue
[2021-07-14 20:21:06,439] {logging_mixin.py:104} INFO - [2021-07-14 20:21:06,439] {dagbag.py:496} INFO - Filling up the DagBag from /home/airflow/.local/lib/python3.6/site-packages/airflow/example_dags/example_python_operator.py
[2021-07-14 20:21:06,454] {scheduler_job.py:643} INFO - DAG(s) dict_keys(['example_python_operator']) retrieved from /home/airflow/.local/lib/python3.6/site-packages/airflow/example_dags/example_python_operator.py
[2021-07-14 20:21:06,475] {logging_mixin.py:104} INFO - [2021-07-14 20:21:06,475] {dag.py:1833} INFO - Sync 1 DAGs
[2021-07-14 20:21:06,492] {logging_mixin.py:104} INFO - [2021-07-14 20:21:06,492] {dag.py:2306} INFO - Setting next_dagrun for example_python_operator to None
[2021-07-14 20:21:06,503] {scheduler_job.py:190} INFO - Processing /home/airflow/.local/lib/python3.6/site-packages/airflow/example_dags/example_python_operator.py took 0.068 seconds
[2021-07-14 20:21:36,836] {scheduler_job.py:182} INFO - Started process (PID=2823) to work on /home/airflow/.local/lib/python3.6/site-packages/airflow/example_dags/example_python_operator.py
[2021-07-14 20:21:36,837] {scheduler_job.py:633} INFO - Processing file /home/airflow/.local/lib/python3.6/site-packages/airflow/example_dags/example_python_operator.py for tasks to queue
[2021-07-14 20:21:36,838] {logging_mixin.py:104} INFO - [2021-07-14 20:21:36,838] {dagbag.py:496} INFO - Filling up the DagBag from /home/airflow/.local/lib/python3.6/site-packages/airflow/example_dags/example_python_operator.py
[2021-07-14 20:21:36,852] {scheduler_job.py:643} INFO - DAG(s) dict_keys(['example_python_operator']) retrieved from /home/airflow/.local/lib/python3.6/site-packages/airflow/example_dags/example_python_operator.py
[2021-07-14 20:21:36,876] {logging_mixin.py:104} INFO - [2021-07-14 20:21:36,876] {dag.py:1833} INFO - Sync 1 DAGs
[2021-07-14 20:21:36,894] {logging_mixin.py:104} INFO - [2021-07-14 20:21:36,894] {dag.py:2306} INFO - Setting next_dagrun for example_python_operator to None
[2021-07-14 20:21:36,905] {scheduler_job.py:190} INFO - Processing /home/airflow/.local/lib/python3.6/site-packages/airflow/example_dags/example_python_operator.py took 0.072 seconds
[2021-07-14 20:22:07,432] {scheduler_job.py:182} INFO - Started process (PID=2888) to work on /home/airflow/.local/lib/python3.6/site-packages/airflow/example_dags/example_python_operator.py
[2021-07-14 20:22:07,433] {scheduler_job.py:633} INFO - Processing file /home/airflow/.local/lib/python3.6/site-packages/airflow/example_dags/example_python_operator.py for tasks to queue
[2021-07-14 20:22:07,434] {logging_mixin.py:104} INFO - [2021-07-14 20:22:07,434] {dagbag.py:496} INFO - Filling up the DagBag from /home/airflow/.local/lib/python3.6/site-packages/airflow/example_dags/example_python_operator.py
[2021-07-14 20:22:07,447] {scheduler_job.py:643} INFO - DAG(s) dict_keys(['example_python_operator']) retrieved from /home/airflow/.local/lib/python3.6/site-packages/airflow/example_dags/example_python_operator.py
[2021-07-14 20:22:07,470] {logging_mixin.py:104} INFO - [2021-07-14 20:22:07,470] {dag.py:1833} INFO - Sync 1 DAGs
[2021-07-14 20:22:07,489] {logging_mixin.py:104} INFO - [2021-07-14 20:22:07,489] {dag.py:2306} INFO - Setting next_dagrun for example_python_operator to None
[2021-07-14 20:22:07,500] {scheduler_job.py:190} INFO - Processing /home/airflow/.local/lib/python3.6/site-packages/airflow/example_dags/example_python_operator.py took 0.071 seconds
