[2021-07-14 19:05:09,866] {scheduler_job.py:182} INFO - Started process (PID=60) to work on /home/airflow/.local/lib/python3.6/site-packages/airflow/example_dags/example_branch_labels.py
[2021-07-14 19:05:09,868] {scheduler_job.py:633} INFO - Processing file /home/airflow/.local/lib/python3.6/site-packages/airflow/example_dags/example_branch_labels.py for tasks to queue
[2021-07-14 19:05:09,869] {logging_mixin.py:104} INFO - [2021-07-14 19:05:09,869] {dagbag.py:496} INFO - Filling up the DagBag from /home/airflow/.local/lib/python3.6/site-packages/airflow/example_dags/example_branch_labels.py
[2021-07-14 19:05:09,935] {scheduler_job.py:643} INFO - DAG(s) dict_keys(['example_branch_labels']) retrieved from /home/airflow/.local/lib/python3.6/site-packages/airflow/example_dags/example_branch_labels.py
[2021-07-14 19:05:11,390] {logging_mixin.py:104} INFO - [2021-07-14 19:05:11,390] {dag.py:1833} INFO - Sync 1 DAGs
[2021-07-14 19:05:11,445] {logging_mixin.py:104} INFO - [2021-07-14 19:05:11,444] {dag.py:2306} INFO - Setting next_dagrun for example_branch_labels to 2021-07-12 00:00:00+00:00
[2021-07-14 19:05:11,487] {scheduler_job.py:190} INFO - Processing /home/airflow/.local/lib/python3.6/site-packages/airflow/example_dags/example_branch_labels.py took 1.645 seconds
[2021-07-14 19:05:41,760] {scheduler_job.py:182} INFO - Started process (PID=115) to work on /home/airflow/.local/lib/python3.6/site-packages/airflow/example_dags/example_branch_labels.py
[2021-07-14 19:05:41,762] {scheduler_job.py:633} INFO - Processing file /home/airflow/.local/lib/python3.6/site-packages/airflow/example_dags/example_branch_labels.py for tasks to queue
[2021-07-14 19:05:41,765] {logging_mixin.py:104} INFO - [2021-07-14 19:05:41,763] {dagbag.py:496} INFO - Filling up the DagBag from /home/airflow/.local/lib/python3.6/site-packages/airflow/example_dags/example_branch_labels.py
[2021-07-14 19:05:41,802] {scheduler_job.py:643} INFO - DAG(s) dict_keys(['example_branch_labels']) retrieved from /home/airflow/.local/lib/python3.6/site-packages/airflow/example_dags/example_branch_labels.py
[2021-07-14 19:05:41,852] {logging_mixin.py:104} INFO - [2021-07-14 19:05:41,852] {dag.py:1833} INFO - Sync 1 DAGs
[2021-07-14 19:05:41,892] {logging_mixin.py:104} INFO - [2021-07-14 19:05:41,892] {dag.py:2306} INFO - Setting next_dagrun for example_branch_labels to 2021-07-12 00:00:00+00:00
[2021-07-14 19:05:41,916] {scheduler_job.py:190} INFO - Processing /home/airflow/.local/lib/python3.6/site-packages/airflow/example_dags/example_branch_labels.py took 0.162 seconds
[2021-07-14 19:06:11,948] {scheduler_job.py:182} INFO - Started process (PID=168) to work on /home/airflow/.local/lib/python3.6/site-packages/airflow/example_dags/example_branch_labels.py
[2021-07-14 19:06:11,949] {scheduler_job.py:633} INFO - Processing file /home/airflow/.local/lib/python3.6/site-packages/airflow/example_dags/example_branch_labels.py for tasks to queue
[2021-07-14 19:06:11,950] {logging_mixin.py:104} INFO - [2021-07-14 19:06:11,950] {dagbag.py:496} INFO - Filling up the DagBag from /home/airflow/.local/lib/python3.6/site-packages/airflow/example_dags/example_branch_labels.py
[2021-07-14 19:06:11,971] {scheduler_job.py:643} INFO - DAG(s) dict_keys(['example_branch_labels']) retrieved from /home/airflow/.local/lib/python3.6/site-packages/airflow/example_dags/example_branch_labels.py
[2021-07-14 19:06:11,995] {logging_mixin.py:104} INFO - [2021-07-14 19:06:11,995] {dag.py:1833} INFO - Sync 1 DAGs
[2021-07-14 19:06:12,017] {logging_mixin.py:104} INFO - [2021-07-14 19:06:12,017] {dag.py:2306} INFO - Setting next_dagrun for example_branch_labels to 2021-07-12 00:00:00+00:00
[2021-07-14 19:06:12,026] {scheduler_job.py:190} INFO - Processing /home/airflow/.local/lib/python3.6/site-packages/airflow/example_dags/example_branch_labels.py took 0.082 seconds
[2021-07-14 19:06:42,390] {scheduler_job.py:182} INFO - Started process (PID=231) to work on /home/airflow/.local/lib/python3.6/site-packages/airflow/example_dags/example_branch_labels.py
[2021-07-14 19:06:42,392] {scheduler_job.py:633} INFO - Processing file /home/airflow/.local/lib/python3.6/site-packages/airflow/example_dags/example_branch_labels.py for tasks to queue
[2021-07-14 19:06:42,393] {logging_mixin.py:104} INFO - [2021-07-14 19:06:42,393] {dagbag.py:496} INFO - Filling up the DagBag from /home/airflow/.local/lib/python3.6/site-packages/airflow/example_dags/example_branch_labels.py
[2021-07-14 19:06:42,413] {scheduler_job.py:643} INFO - DAG(s) dict_keys(['example_branch_labels']) retrieved from /home/airflow/.local/lib/python3.6/site-packages/airflow/example_dags/example_branch_labels.py
[2021-07-14 19:06:42,440] {logging_mixin.py:104} INFO - [2021-07-14 19:06:42,440] {dag.py:1833} INFO - Sync 1 DAGs
[2021-07-14 19:06:42,467] {logging_mixin.py:104} INFO - [2021-07-14 19:06:42,467] {dag.py:2306} INFO - Setting next_dagrun for example_branch_labels to 2021-07-12 00:00:00+00:00
[2021-07-14 19:06:42,481] {scheduler_job.py:190} INFO - Processing /home/airflow/.local/lib/python3.6/site-packages/airflow/example_dags/example_branch_labels.py took 0.095 seconds
[2021-07-14 19:07:12,951] {scheduler_job.py:182} INFO - Started process (PID=285) to work on /home/airflow/.local/lib/python3.6/site-packages/airflow/example_dags/example_branch_labels.py
[2021-07-14 19:07:12,952] {scheduler_job.py:633} INFO - Processing file /home/airflow/.local/lib/python3.6/site-packages/airflow/example_dags/example_branch_labels.py for tasks to queue
[2021-07-14 19:07:12,953] {logging_mixin.py:104} INFO - [2021-07-14 19:07:12,953] {dagbag.py:496} INFO - Filling up the DagBag from /home/airflow/.local/lib/python3.6/site-packages/airflow/example_dags/example_branch_labels.py
[2021-07-14 19:07:12,970] {scheduler_job.py:643} INFO - DAG(s) dict_keys(['example_branch_labels']) retrieved from /home/airflow/.local/lib/python3.6/site-packages/airflow/example_dags/example_branch_labels.py
[2021-07-14 19:07:12,992] {logging_mixin.py:104} INFO - [2021-07-14 19:07:12,992] {dag.py:1833} INFO - Sync 1 DAGs
[2021-07-14 19:07:13,015] {logging_mixin.py:104} INFO - [2021-07-14 19:07:13,015] {dag.py:2306} INFO - Setting next_dagrun for example_branch_labels to 2021-07-12 00:00:00+00:00
[2021-07-14 19:07:13,025] {scheduler_job.py:190} INFO - Processing /home/airflow/.local/lib/python3.6/site-packages/airflow/example_dags/example_branch_labels.py took 0.077 seconds
[2021-07-14 19:07:43,188] {scheduler_job.py:182} INFO - Started process (PID=347) to work on /home/airflow/.local/lib/python3.6/site-packages/airflow/example_dags/example_branch_labels.py
[2021-07-14 19:07:43,200] {scheduler_job.py:633} INFO - Processing file /home/airflow/.local/lib/python3.6/site-packages/airflow/example_dags/example_branch_labels.py for tasks to queue
[2021-07-14 19:07:43,202] {logging_mixin.py:104} INFO - [2021-07-14 19:07:43,201] {dagbag.py:496} INFO - Filling up the DagBag from /home/airflow/.local/lib/python3.6/site-packages/airflow/example_dags/example_branch_labels.py
[2021-07-14 19:07:43,228] {scheduler_job.py:643} INFO - DAG(s) dict_keys(['example_branch_labels']) retrieved from /home/airflow/.local/lib/python3.6/site-packages/airflow/example_dags/example_branch_labels.py
[2021-07-14 19:07:43,270] {logging_mixin.py:104} INFO - [2021-07-14 19:07:43,270] {dag.py:1833} INFO - Sync 1 DAGs
[2021-07-14 19:07:43,310] {logging_mixin.py:104} INFO - [2021-07-14 19:07:43,310] {dag.py:2306} INFO - Setting next_dagrun for example_branch_labels to 2021-07-12 00:00:00+00:00
[2021-07-14 19:07:43,327] {scheduler_job.py:190} INFO - Processing /home/airflow/.local/lib/python3.6/site-packages/airflow/example_dags/example_branch_labels.py took 0.147 seconds
[2021-07-14 19:08:56,174] {scheduler_job.py:182} INFO - Started process (PID=42) to work on /home/airflow/.local/lib/python3.6/site-packages/airflow/example_dags/example_branch_labels.py
[2021-07-14 19:08:56,175] {scheduler_job.py:633} INFO - Processing file /home/airflow/.local/lib/python3.6/site-packages/airflow/example_dags/example_branch_labels.py for tasks to queue
[2021-07-14 19:08:56,175] {logging_mixin.py:104} INFO - [2021-07-14 19:08:56,175] {dagbag.py:496} INFO - Filling up the DagBag from /home/airflow/.local/lib/python3.6/site-packages/airflow/example_dags/example_branch_labels.py
[2021-07-14 19:08:56,191] {scheduler_job.py:643} INFO - DAG(s) dict_keys(['example_branch_labels']) retrieved from /home/airflow/.local/lib/python3.6/site-packages/airflow/example_dags/example_branch_labels.py
[2021-07-14 19:08:56,211] {logging_mixin.py:104} INFO - [2021-07-14 19:08:56,211] {dag.py:1833} INFO - Sync 1 DAGs
[2021-07-14 19:08:56,237] {logging_mixin.py:104} INFO - [2021-07-14 19:08:56,237] {dag.py:2306} INFO - Setting next_dagrun for example_branch_labels to 2021-07-12 00:00:00+00:00
[2021-07-14 19:08:56,250] {scheduler_job.py:190} INFO - Processing /home/airflow/.local/lib/python3.6/site-packages/airflow/example_dags/example_branch_labels.py took 0.079 seconds
[2021-07-14 19:09:27,453] {scheduler_job.py:182} INFO - Started process (PID=107) to work on /home/airflow/.local/lib/python3.6/site-packages/airflow/example_dags/example_branch_labels.py
[2021-07-14 19:09:27,454] {scheduler_job.py:633} INFO - Processing file /home/airflow/.local/lib/python3.6/site-packages/airflow/example_dags/example_branch_labels.py for tasks to queue
[2021-07-14 19:09:27,456] {logging_mixin.py:104} INFO - [2021-07-14 19:09:27,455] {dagbag.py:496} INFO - Filling up the DagBag from /home/airflow/.local/lib/python3.6/site-packages/airflow/example_dags/example_branch_labels.py
[2021-07-14 19:09:27,483] {scheduler_job.py:643} INFO - DAG(s) dict_keys(['example_branch_labels']) retrieved from /home/airflow/.local/lib/python3.6/site-packages/airflow/example_dags/example_branch_labels.py
[2021-07-14 19:09:27,517] {logging_mixin.py:104} INFO - [2021-07-14 19:09:27,516] {dag.py:1833} INFO - Sync 1 DAGs
[2021-07-14 19:09:27,548] {logging_mixin.py:104} INFO - [2021-07-14 19:09:27,548] {dag.py:2306} INFO - Setting next_dagrun for example_branch_labels to 2021-07-12 00:00:00+00:00
[2021-07-14 19:09:27,564] {scheduler_job.py:190} INFO - Processing /home/airflow/.local/lib/python3.6/site-packages/airflow/example_dags/example_branch_labels.py took 0.117 seconds
[2021-07-14 19:09:57,867] {scheduler_job.py:182} INFO - Started process (PID=161) to work on /home/airflow/.local/lib/python3.6/site-packages/airflow/example_dags/example_branch_labels.py
[2021-07-14 19:09:57,868] {scheduler_job.py:633} INFO - Processing file /home/airflow/.local/lib/python3.6/site-packages/airflow/example_dags/example_branch_labels.py for tasks to queue
[2021-07-14 19:09:57,869] {logging_mixin.py:104} INFO - [2021-07-14 19:09:57,869] {dagbag.py:496} INFO - Filling up the DagBag from /home/airflow/.local/lib/python3.6/site-packages/airflow/example_dags/example_branch_labels.py
[2021-07-14 19:09:57,887] {scheduler_job.py:643} INFO - DAG(s) dict_keys(['example_branch_labels']) retrieved from /home/airflow/.local/lib/python3.6/site-packages/airflow/example_dags/example_branch_labels.py
[2021-07-14 19:09:57,920] {logging_mixin.py:104} INFO - [2021-07-14 19:09:57,920] {dag.py:1833} INFO - Sync 1 DAGs
[2021-07-14 19:09:57,944] {logging_mixin.py:104} INFO - [2021-07-14 19:09:57,943] {dag.py:2306} INFO - Setting next_dagrun for example_branch_labels to 2021-07-12 00:00:00+00:00
[2021-07-14 19:09:57,955] {scheduler_job.py:190} INFO - Processing /home/airflow/.local/lib/python3.6/site-packages/airflow/example_dags/example_branch_labels.py took 0.091 seconds
[2021-07-14 19:10:28,705] {scheduler_job.py:182} INFO - Started process (PID=220) to work on /home/airflow/.local/lib/python3.6/site-packages/airflow/example_dags/example_branch_labels.py
[2021-07-14 19:10:28,706] {scheduler_job.py:633} INFO - Processing file /home/airflow/.local/lib/python3.6/site-packages/airflow/example_dags/example_branch_labels.py for tasks to queue
[2021-07-14 19:10:28,707] {logging_mixin.py:104} INFO - [2021-07-14 19:10:28,707] {dagbag.py:496} INFO - Filling up the DagBag from /home/airflow/.local/lib/python3.6/site-packages/airflow/example_dags/example_branch_labels.py
[2021-07-14 19:10:28,730] {scheduler_job.py:643} INFO - DAG(s) dict_keys(['example_branch_labels']) retrieved from /home/airflow/.local/lib/python3.6/site-packages/airflow/example_dags/example_branch_labels.py
[2021-07-14 19:10:28,761] {logging_mixin.py:104} INFO - [2021-07-14 19:10:28,761] {dag.py:1833} INFO - Sync 1 DAGs
[2021-07-14 19:10:28,791] {logging_mixin.py:104} INFO - [2021-07-14 19:10:28,791] {dag.py:2306} INFO - Setting next_dagrun for example_branch_labels to 2021-07-12 00:00:00+00:00
[2021-07-14 19:10:28,803] {scheduler_job.py:190} INFO - Processing /home/airflow/.local/lib/python3.6/site-packages/airflow/example_dags/example_branch_labels.py took 0.102 seconds
[2021-07-14 19:10:59,639] {scheduler_job.py:182} INFO - Started process (PID=282) to work on /home/airflow/.local/lib/python3.6/site-packages/airflow/example_dags/example_branch_labels.py
[2021-07-14 19:10:59,640] {scheduler_job.py:633} INFO - Processing file /home/airflow/.local/lib/python3.6/site-packages/airflow/example_dags/example_branch_labels.py for tasks to queue
[2021-07-14 19:10:59,642] {logging_mixin.py:104} INFO - [2021-07-14 19:10:59,641] {dagbag.py:496} INFO - Filling up the DagBag from /home/airflow/.local/lib/python3.6/site-packages/airflow/example_dags/example_branch_labels.py
[2021-07-14 19:10:59,667] {scheduler_job.py:643} INFO - DAG(s) dict_keys(['example_branch_labels']) retrieved from /home/airflow/.local/lib/python3.6/site-packages/airflow/example_dags/example_branch_labels.py
[2021-07-14 19:10:59,697] {logging_mixin.py:104} INFO - [2021-07-14 19:10:59,697] {dag.py:1833} INFO - Sync 1 DAGs
[2021-07-14 19:10:59,728] {logging_mixin.py:104} INFO - [2021-07-14 19:10:59,728] {dag.py:2306} INFO - Setting next_dagrun for example_branch_labels to 2021-07-12 00:00:00+00:00
[2021-07-14 19:10:59,741] {scheduler_job.py:190} INFO - Processing /home/airflow/.local/lib/python3.6/site-packages/airflow/example_dags/example_branch_labels.py took 0.106 seconds
[2021-07-14 19:11:30,275] {scheduler_job.py:182} INFO - Started process (PID=335) to work on /home/airflow/.local/lib/python3.6/site-packages/airflow/example_dags/example_branch_labels.py
[2021-07-14 19:11:30,284] {scheduler_job.py:633} INFO - Processing file /home/airflow/.local/lib/python3.6/site-packages/airflow/example_dags/example_branch_labels.py for tasks to queue
[2021-07-14 19:11:30,285] {logging_mixin.py:104} INFO - [2021-07-14 19:11:30,285] {dagbag.py:496} INFO - Filling up the DagBag from /home/airflow/.local/lib/python3.6/site-packages/airflow/example_dags/example_branch_labels.py
[2021-07-14 19:11:30,304] {scheduler_job.py:643} INFO - DAG(s) dict_keys(['example_branch_labels']) retrieved from /home/airflow/.local/lib/python3.6/site-packages/airflow/example_dags/example_branch_labels.py
[2021-07-14 19:11:30,339] {logging_mixin.py:104} INFO - [2021-07-14 19:11:30,338] {dag.py:1833} INFO - Sync 1 DAGs
[2021-07-14 19:11:30,368] {logging_mixin.py:104} INFO - [2021-07-14 19:11:30,367] {dag.py:2306} INFO - Setting next_dagrun for example_branch_labels to 2021-07-12 00:00:00+00:00
[2021-07-14 19:11:30,382] {scheduler_job.py:190} INFO - Processing /home/airflow/.local/lib/python3.6/site-packages/airflow/example_dags/example_branch_labels.py took 0.112 seconds
[2021-07-14 19:12:00,833] {scheduler_job.py:182} INFO - Started process (PID=399) to work on /home/airflow/.local/lib/python3.6/site-packages/airflow/example_dags/example_branch_labels.py
[2021-07-14 19:12:00,834] {scheduler_job.py:633} INFO - Processing file /home/airflow/.local/lib/python3.6/site-packages/airflow/example_dags/example_branch_labels.py for tasks to queue
[2021-07-14 19:12:00,835] {logging_mixin.py:104} INFO - [2021-07-14 19:12:00,835] {dagbag.py:496} INFO - Filling up the DagBag from /home/airflow/.local/lib/python3.6/site-packages/airflow/example_dags/example_branch_labels.py
[2021-07-14 19:12:00,854] {scheduler_job.py:643} INFO - DAG(s) dict_keys(['example_branch_labels']) retrieved from /home/airflow/.local/lib/python3.6/site-packages/airflow/example_dags/example_branch_labels.py
[2021-07-14 19:12:00,892] {logging_mixin.py:104} INFO - [2021-07-14 19:12:00,892] {dag.py:1833} INFO - Sync 1 DAGs
[2021-07-14 19:12:00,918] {logging_mixin.py:104} INFO - [2021-07-14 19:12:00,918] {dag.py:2306} INFO - Setting next_dagrun for example_branch_labels to 2021-07-12 00:00:00+00:00
[2021-07-14 19:12:00,929] {scheduler_job.py:190} INFO - Processing /home/airflow/.local/lib/python3.6/site-packages/airflow/example_dags/example_branch_labels.py took 0.099 seconds
[2021-07-14 19:12:31,672] {scheduler_job.py:182} INFO - Started process (PID=453) to work on /home/airflow/.local/lib/python3.6/site-packages/airflow/example_dags/example_branch_labels.py
[2021-07-14 19:12:31,674] {scheduler_job.py:633} INFO - Processing file /home/airflow/.local/lib/python3.6/site-packages/airflow/example_dags/example_branch_labels.py for tasks to queue
[2021-07-14 19:12:31,675] {logging_mixin.py:104} INFO - [2021-07-14 19:12:31,675] {dagbag.py:496} INFO - Filling up the DagBag from /home/airflow/.local/lib/python3.6/site-packages/airflow/example_dags/example_branch_labels.py
[2021-07-14 19:12:31,693] {scheduler_job.py:643} INFO - DAG(s) dict_keys(['example_branch_labels']) retrieved from /home/airflow/.local/lib/python3.6/site-packages/airflow/example_dags/example_branch_labels.py
[2021-07-14 19:12:31,719] {logging_mixin.py:104} INFO - [2021-07-14 19:12:31,719] {dag.py:1833} INFO - Sync 1 DAGs
[2021-07-14 19:12:31,744] {logging_mixin.py:104} INFO - [2021-07-14 19:12:31,743] {dag.py:2306} INFO - Setting next_dagrun for example_branch_labels to 2021-07-12 00:00:00+00:00
[2021-07-14 19:12:31,759] {scheduler_job.py:190} INFO - Processing /home/airflow/.local/lib/python3.6/site-packages/airflow/example_dags/example_branch_labels.py took 0.090 seconds
[2021-07-14 19:57:43,398] {scheduler_job.py:182} INFO - Started process (PID=42) to work on /home/airflow/.local/lib/python3.6/site-packages/airflow/example_dags/example_branch_labels.py
[2021-07-14 19:57:43,400] {scheduler_job.py:633} INFO - Processing file /home/airflow/.local/lib/python3.6/site-packages/airflow/example_dags/example_branch_labels.py for tasks to queue
[2021-07-14 19:57:43,401] {logging_mixin.py:104} INFO - [2021-07-14 19:57:43,401] {dagbag.py:496} INFO - Filling up the DagBag from /home/airflow/.local/lib/python3.6/site-packages/airflow/example_dags/example_branch_labels.py
[2021-07-14 19:57:43,418] {scheduler_job.py:643} INFO - DAG(s) dict_keys(['example_branch_labels']) retrieved from /home/airflow/.local/lib/python3.6/site-packages/airflow/example_dags/example_branch_labels.py
[2021-07-14 19:57:43,444] {logging_mixin.py:104} INFO - [2021-07-14 19:57:43,444] {dag.py:1833} INFO - Sync 1 DAGs
[2021-07-14 19:57:43,470] {logging_mixin.py:104} INFO - [2021-07-14 19:57:43,470] {dag.py:2306} INFO - Setting next_dagrun for example_branch_labels to 2021-07-12 00:00:00+00:00
[2021-07-14 19:57:43,481] {scheduler_job.py:190} INFO - Processing /home/airflow/.local/lib/python3.6/site-packages/airflow/example_dags/example_branch_labels.py took 0.086 seconds
[2021-07-14 19:58:14,351] {scheduler_job.py:182} INFO - Started process (PID=103) to work on /home/airflow/.local/lib/python3.6/site-packages/airflow/example_dags/example_branch_labels.py
[2021-07-14 19:58:14,353] {scheduler_job.py:633} INFO - Processing file /home/airflow/.local/lib/python3.6/site-packages/airflow/example_dags/example_branch_labels.py for tasks to queue
[2021-07-14 19:58:14,354] {logging_mixin.py:104} INFO - [2021-07-14 19:58:14,354] {dagbag.py:496} INFO - Filling up the DagBag from /home/airflow/.local/lib/python3.6/site-packages/airflow/example_dags/example_branch_labels.py
[2021-07-14 19:58:14,377] {scheduler_job.py:643} INFO - DAG(s) dict_keys(['example_branch_labels']) retrieved from /home/airflow/.local/lib/python3.6/site-packages/airflow/example_dags/example_branch_labels.py
[2021-07-14 19:58:14,407] {logging_mixin.py:104} INFO - [2021-07-14 19:58:14,407] {dag.py:1833} INFO - Sync 1 DAGs
[2021-07-14 19:58:14,444] {logging_mixin.py:104} INFO - [2021-07-14 19:58:14,443] {dag.py:2306} INFO - Setting next_dagrun for example_branch_labels to 2021-07-12 00:00:00+00:00
[2021-07-14 19:58:14,457] {scheduler_job.py:190} INFO - Processing /home/airflow/.local/lib/python3.6/site-packages/airflow/example_dags/example_branch_labels.py took 0.110 seconds
[2021-07-14 19:58:44,681] {scheduler_job.py:182} INFO - Started process (PID=159) to work on /home/airflow/.local/lib/python3.6/site-packages/airflow/example_dags/example_branch_labels.py
[2021-07-14 19:58:44,682] {scheduler_job.py:633} INFO - Processing file /home/airflow/.local/lib/python3.6/site-packages/airflow/example_dags/example_branch_labels.py for tasks to queue
[2021-07-14 19:58:44,683] {logging_mixin.py:104} INFO - [2021-07-14 19:58:44,683] {dagbag.py:496} INFO - Filling up the DagBag from /home/airflow/.local/lib/python3.6/site-packages/airflow/example_dags/example_branch_labels.py
[2021-07-14 19:58:44,703] {scheduler_job.py:643} INFO - DAG(s) dict_keys(['example_branch_labels']) retrieved from /home/airflow/.local/lib/python3.6/site-packages/airflow/example_dags/example_branch_labels.py
[2021-07-14 19:58:44,731] {logging_mixin.py:104} INFO - [2021-07-14 19:58:44,731] {dag.py:1833} INFO - Sync 1 DAGs
[2021-07-14 19:58:44,751] {logging_mixin.py:104} INFO - [2021-07-14 19:58:44,751] {dag.py:2306} INFO - Setting next_dagrun for example_branch_labels to 2021-07-12 00:00:00+00:00
[2021-07-14 19:58:44,760] {scheduler_job.py:190} INFO - Processing /home/airflow/.local/lib/python3.6/site-packages/airflow/example_dags/example_branch_labels.py took 0.081 seconds
[2021-07-14 19:59:15,633] {scheduler_job.py:182} INFO - Started process (PID=225) to work on /home/airflow/.local/lib/python3.6/site-packages/airflow/example_dags/example_branch_labels.py
[2021-07-14 19:59:15,635] {scheduler_job.py:633} INFO - Processing file /home/airflow/.local/lib/python3.6/site-packages/airflow/example_dags/example_branch_labels.py for tasks to queue
[2021-07-14 19:59:15,636] {logging_mixin.py:104} INFO - [2021-07-14 19:59:15,636] {dagbag.py:496} INFO - Filling up the DagBag from /home/airflow/.local/lib/python3.6/site-packages/airflow/example_dags/example_branch_labels.py
[2021-07-14 19:59:15,662] {scheduler_job.py:643} INFO - DAG(s) dict_keys(['example_branch_labels']) retrieved from /home/airflow/.local/lib/python3.6/site-packages/airflow/example_dags/example_branch_labels.py
[2021-07-14 19:59:15,694] {logging_mixin.py:104} INFO - [2021-07-14 19:59:15,693] {dag.py:1833} INFO - Sync 1 DAGs
[2021-07-14 19:59:15,721] {logging_mixin.py:104} INFO - [2021-07-14 19:59:15,721] {dag.py:2306} INFO - Setting next_dagrun for example_branch_labels to 2021-07-12 00:00:00+00:00
[2021-07-14 19:59:15,734] {scheduler_job.py:190} INFO - Processing /home/airflow/.local/lib/python3.6/site-packages/airflow/example_dags/example_branch_labels.py took 0.108 seconds
[2021-07-14 19:59:46,402] {scheduler_job.py:182} INFO - Started process (PID=278) to work on /home/airflow/.local/lib/python3.6/site-packages/airflow/example_dags/example_branch_labels.py
[2021-07-14 19:59:46,403] {scheduler_job.py:633} INFO - Processing file /home/airflow/.local/lib/python3.6/site-packages/airflow/example_dags/example_branch_labels.py for tasks to queue
[2021-07-14 19:59:46,403] {logging_mixin.py:104} INFO - [2021-07-14 19:59:46,403] {dagbag.py:496} INFO - Filling up the DagBag from /home/airflow/.local/lib/python3.6/site-packages/airflow/example_dags/example_branch_labels.py
[2021-07-14 19:59:46,426] {scheduler_job.py:643} INFO - DAG(s) dict_keys(['example_branch_labels']) retrieved from /home/airflow/.local/lib/python3.6/site-packages/airflow/example_dags/example_branch_labels.py
[2021-07-14 19:59:46,455] {logging_mixin.py:104} INFO - [2021-07-14 19:59:46,455] {dag.py:1833} INFO - Sync 1 DAGs
[2021-07-14 19:59:46,484] {logging_mixin.py:104} INFO - [2021-07-14 19:59:46,484] {dag.py:2306} INFO - Setting next_dagrun for example_branch_labels to 2021-07-12 00:00:00+00:00
[2021-07-14 19:59:46,496] {scheduler_job.py:190} INFO - Processing /home/airflow/.local/lib/python3.6/site-packages/airflow/example_dags/example_branch_labels.py took 0.098 seconds
[2021-07-14 20:00:16,994] {scheduler_job.py:182} INFO - Started process (PID=342) to work on /home/airflow/.local/lib/python3.6/site-packages/airflow/example_dags/example_branch_labels.py
[2021-07-14 20:00:17,000] {scheduler_job.py:633} INFO - Processing file /home/airflow/.local/lib/python3.6/site-packages/airflow/example_dags/example_branch_labels.py for tasks to queue
[2021-07-14 20:00:17,001] {logging_mixin.py:104} INFO - [2021-07-14 20:00:17,001] {dagbag.py:496} INFO - Filling up the DagBag from /home/airflow/.local/lib/python3.6/site-packages/airflow/example_dags/example_branch_labels.py
[2021-07-14 20:00:17,014] {scheduler_job.py:643} INFO - DAG(s) dict_keys(['example_branch_labels']) retrieved from /home/airflow/.local/lib/python3.6/site-packages/airflow/example_dags/example_branch_labels.py
[2021-07-14 20:00:17,042] {logging_mixin.py:104} INFO - [2021-07-14 20:00:17,042] {dag.py:1833} INFO - Sync 1 DAGs
[2021-07-14 20:00:17,071] {logging_mixin.py:104} INFO - [2021-07-14 20:00:17,071] {dag.py:2306} INFO - Setting next_dagrun for example_branch_labels to 2021-07-12 00:00:00+00:00
[2021-07-14 20:00:17,088] {scheduler_job.py:190} INFO - Processing /home/airflow/.local/lib/python3.6/site-packages/airflow/example_dags/example_branch_labels.py took 0.097 seconds
[2021-07-14 20:00:47,351] {scheduler_job.py:182} INFO - Started process (PID=395) to work on /home/airflow/.local/lib/python3.6/site-packages/airflow/example_dags/example_branch_labels.py
[2021-07-14 20:00:47,353] {scheduler_job.py:633} INFO - Processing file /home/airflow/.local/lib/python3.6/site-packages/airflow/example_dags/example_branch_labels.py for tasks to queue
[2021-07-14 20:00:47,353] {logging_mixin.py:104} INFO - [2021-07-14 20:00:47,353] {dagbag.py:496} INFO - Filling up the DagBag from /home/airflow/.local/lib/python3.6/site-packages/airflow/example_dags/example_branch_labels.py
[2021-07-14 20:00:47,366] {scheduler_job.py:643} INFO - DAG(s) dict_keys(['example_branch_labels']) retrieved from /home/airflow/.local/lib/python3.6/site-packages/airflow/example_dags/example_branch_labels.py
[2021-07-14 20:00:47,389] {logging_mixin.py:104} INFO - [2021-07-14 20:00:47,388] {dag.py:1833} INFO - Sync 1 DAGs
[2021-07-14 20:00:47,409] {logging_mixin.py:104} INFO - [2021-07-14 20:00:47,409] {dag.py:2306} INFO - Setting next_dagrun for example_branch_labels to 2021-07-12 00:00:00+00:00
[2021-07-14 20:00:47,418] {scheduler_job.py:190} INFO - Processing /home/airflow/.local/lib/python3.6/site-packages/airflow/example_dags/example_branch_labels.py took 0.070 seconds
[2021-07-14 20:01:17,647] {scheduler_job.py:182} INFO - Started process (PID=458) to work on /home/airflow/.local/lib/python3.6/site-packages/airflow/example_dags/example_branch_labels.py
[2021-07-14 20:01:17,648] {scheduler_job.py:633} INFO - Processing file /home/airflow/.local/lib/python3.6/site-packages/airflow/example_dags/example_branch_labels.py for tasks to queue
[2021-07-14 20:01:17,649] {logging_mixin.py:104} INFO - [2021-07-14 20:01:17,649] {dagbag.py:496} INFO - Filling up the DagBag from /home/airflow/.local/lib/python3.6/site-packages/airflow/example_dags/example_branch_labels.py
[2021-07-14 20:01:17,664] {scheduler_job.py:643} INFO - DAG(s) dict_keys(['example_branch_labels']) retrieved from /home/airflow/.local/lib/python3.6/site-packages/airflow/example_dags/example_branch_labels.py
[2021-07-14 20:01:17,690] {logging_mixin.py:104} INFO - [2021-07-14 20:01:17,690] {dag.py:1833} INFO - Sync 1 DAGs
[2021-07-14 20:01:17,716] {logging_mixin.py:104} INFO - [2021-07-14 20:01:17,715] {dag.py:2306} INFO - Setting next_dagrun for example_branch_labels to 2021-07-12 00:00:00+00:00
[2021-07-14 20:01:17,727] {scheduler_job.py:190} INFO - Processing /home/airflow/.local/lib/python3.6/site-packages/airflow/example_dags/example_branch_labels.py took 0.083 seconds
[2021-07-14 20:01:48,109] {scheduler_job.py:182} INFO - Started process (PID=511) to work on /home/airflow/.local/lib/python3.6/site-packages/airflow/example_dags/example_branch_labels.py
[2021-07-14 20:01:48,110] {scheduler_job.py:633} INFO - Processing file /home/airflow/.local/lib/python3.6/site-packages/airflow/example_dags/example_branch_labels.py for tasks to queue
[2021-07-14 20:01:48,111] {logging_mixin.py:104} INFO - [2021-07-14 20:01:48,111] {dagbag.py:496} INFO - Filling up the DagBag from /home/airflow/.local/lib/python3.6/site-packages/airflow/example_dags/example_branch_labels.py
[2021-07-14 20:01:48,124] {scheduler_job.py:643} INFO - DAG(s) dict_keys(['example_branch_labels']) retrieved from /home/airflow/.local/lib/python3.6/site-packages/airflow/example_dags/example_branch_labels.py
[2021-07-14 20:01:48,146] {logging_mixin.py:104} INFO - [2021-07-14 20:01:48,146] {dag.py:1833} INFO - Sync 1 DAGs
[2021-07-14 20:01:48,170] {logging_mixin.py:104} INFO - [2021-07-14 20:01:48,170] {dag.py:2306} INFO - Setting next_dagrun for example_branch_labels to 2021-07-12 00:00:00+00:00
[2021-07-14 20:01:48,180] {scheduler_job.py:190} INFO - Processing /home/airflow/.local/lib/python3.6/site-packages/airflow/example_dags/example_branch_labels.py took 0.074 seconds
[2021-07-14 20:02:18,657] {scheduler_job.py:182} INFO - Started process (PID=579) to work on /home/airflow/.local/lib/python3.6/site-packages/airflow/example_dags/example_branch_labels.py
[2021-07-14 20:02:18,658] {scheduler_job.py:633} INFO - Processing file /home/airflow/.local/lib/python3.6/site-packages/airflow/example_dags/example_branch_labels.py for tasks to queue
[2021-07-14 20:02:18,659] {logging_mixin.py:104} INFO - [2021-07-14 20:02:18,659] {dagbag.py:496} INFO - Filling up the DagBag from /home/airflow/.local/lib/python3.6/site-packages/airflow/example_dags/example_branch_labels.py
[2021-07-14 20:02:18,680] {scheduler_job.py:643} INFO - DAG(s) dict_keys(['example_branch_labels']) retrieved from /home/airflow/.local/lib/python3.6/site-packages/airflow/example_dags/example_branch_labels.py
[2021-07-14 20:02:18,714] {logging_mixin.py:104} INFO - [2021-07-14 20:02:18,714] {dag.py:1833} INFO - Sync 1 DAGs
[2021-07-14 20:02:18,747] {logging_mixin.py:104} INFO - [2021-07-14 20:02:18,746] {dag.py:2306} INFO - Setting next_dagrun for example_branch_labels to 2021-07-12 00:00:00+00:00
[2021-07-14 20:02:18,760] {scheduler_job.py:190} INFO - Processing /home/airflow/.local/lib/python3.6/site-packages/airflow/example_dags/example_branch_labels.py took 0.106 seconds
[2021-07-14 20:02:49,565] {scheduler_job.py:182} INFO - Started process (PID=633) to work on /home/airflow/.local/lib/python3.6/site-packages/airflow/example_dags/example_branch_labels.py
[2021-07-14 20:02:49,566] {scheduler_job.py:633} INFO - Processing file /home/airflow/.local/lib/python3.6/site-packages/airflow/example_dags/example_branch_labels.py for tasks to queue
[2021-07-14 20:02:49,567] {logging_mixin.py:104} INFO - [2021-07-14 20:02:49,566] {dagbag.py:496} INFO - Filling up the DagBag from /home/airflow/.local/lib/python3.6/site-packages/airflow/example_dags/example_branch_labels.py
[2021-07-14 20:02:49,579] {scheduler_job.py:643} INFO - DAG(s) dict_keys(['example_branch_labels']) retrieved from /home/airflow/.local/lib/python3.6/site-packages/airflow/example_dags/example_branch_labels.py
[2021-07-14 20:02:49,604] {logging_mixin.py:104} INFO - [2021-07-14 20:02:49,604] {dag.py:1833} INFO - Sync 1 DAGs
[2021-07-14 20:02:49,626] {logging_mixin.py:104} INFO - [2021-07-14 20:02:49,626] {dag.py:2306} INFO - Setting next_dagrun for example_branch_labels to 2021-07-12 00:00:00+00:00
[2021-07-14 20:02:49,636] {scheduler_job.py:190} INFO - Processing /home/airflow/.local/lib/python3.6/site-packages/airflow/example_dags/example_branch_labels.py took 0.074 seconds
[2021-07-14 20:03:20,581] {scheduler_job.py:182} INFO - Started process (PID=697) to work on /home/airflow/.local/lib/python3.6/site-packages/airflow/example_dags/example_branch_labels.py
[2021-07-14 20:03:20,582] {scheduler_job.py:633} INFO - Processing file /home/airflow/.local/lib/python3.6/site-packages/airflow/example_dags/example_branch_labels.py for tasks to queue
[2021-07-14 20:03:20,583] {logging_mixin.py:104} INFO - [2021-07-14 20:03:20,583] {dagbag.py:496} INFO - Filling up the DagBag from /home/airflow/.local/lib/python3.6/site-packages/airflow/example_dags/example_branch_labels.py
[2021-07-14 20:03:20,594] {scheduler_job.py:643} INFO - DAG(s) dict_keys(['example_branch_labels']) retrieved from /home/airflow/.local/lib/python3.6/site-packages/airflow/example_dags/example_branch_labels.py
[2021-07-14 20:03:20,617] {logging_mixin.py:104} INFO - [2021-07-14 20:03:20,617] {dag.py:1833} INFO - Sync 1 DAGs
[2021-07-14 20:03:20,638] {logging_mixin.py:104} INFO - [2021-07-14 20:03:20,637] {dag.py:2306} INFO - Setting next_dagrun for example_branch_labels to 2021-07-12 00:00:00+00:00
[2021-07-14 20:03:20,648] {scheduler_job.py:190} INFO - Processing /home/airflow/.local/lib/python3.6/site-packages/airflow/example_dags/example_branch_labels.py took 0.069 seconds
[2021-07-14 20:03:51,126] {scheduler_job.py:182} INFO - Started process (PID=750) to work on /home/airflow/.local/lib/python3.6/site-packages/airflow/example_dags/example_branch_labels.py
[2021-07-14 20:03:51,127] {scheduler_job.py:633} INFO - Processing file /home/airflow/.local/lib/python3.6/site-packages/airflow/example_dags/example_branch_labels.py for tasks to queue
[2021-07-14 20:03:51,128] {logging_mixin.py:104} INFO - [2021-07-14 20:03:51,128] {dagbag.py:496} INFO - Filling up the DagBag from /home/airflow/.local/lib/python3.6/site-packages/airflow/example_dags/example_branch_labels.py
[2021-07-14 20:03:51,141] {scheduler_job.py:643} INFO - DAG(s) dict_keys(['example_branch_labels']) retrieved from /home/airflow/.local/lib/python3.6/site-packages/airflow/example_dags/example_branch_labels.py
[2021-07-14 20:03:51,165] {logging_mixin.py:104} INFO - [2021-07-14 20:03:51,165] {dag.py:1833} INFO - Sync 1 DAGs
[2021-07-14 20:03:51,188] {logging_mixin.py:104} INFO - [2021-07-14 20:03:51,188] {dag.py:2306} INFO - Setting next_dagrun for example_branch_labels to 2021-07-12 00:00:00+00:00
[2021-07-14 20:03:51,198] {scheduler_job.py:190} INFO - Processing /home/airflow/.local/lib/python3.6/site-packages/airflow/example_dags/example_branch_labels.py took 0.074 seconds
[2021-07-14 20:04:21,265] {scheduler_job.py:182} INFO - Started process (PID=814) to work on /home/airflow/.local/lib/python3.6/site-packages/airflow/example_dags/example_branch_labels.py
[2021-07-14 20:04:21,266] {scheduler_job.py:633} INFO - Processing file /home/airflow/.local/lib/python3.6/site-packages/airflow/example_dags/example_branch_labels.py for tasks to queue
[2021-07-14 20:04:21,267] {logging_mixin.py:104} INFO - [2021-07-14 20:04:21,267] {dagbag.py:496} INFO - Filling up the DagBag from /home/airflow/.local/lib/python3.6/site-packages/airflow/example_dags/example_branch_labels.py
[2021-07-14 20:04:21,279] {scheduler_job.py:643} INFO - DAG(s) dict_keys(['example_branch_labels']) retrieved from /home/airflow/.local/lib/python3.6/site-packages/airflow/example_dags/example_branch_labels.py
[2021-07-14 20:04:21,302] {logging_mixin.py:104} INFO - [2021-07-14 20:04:21,302] {dag.py:1833} INFO - Sync 1 DAGs
[2021-07-14 20:04:21,322] {logging_mixin.py:104} INFO - [2021-07-14 20:04:21,322] {dag.py:2306} INFO - Setting next_dagrun for example_branch_labels to 2021-07-12 00:00:00+00:00
[2021-07-14 20:04:21,332] {scheduler_job.py:190} INFO - Processing /home/airflow/.local/lib/python3.6/site-packages/airflow/example_dags/example_branch_labels.py took 0.070 seconds
[2021-07-14 20:04:51,743] {scheduler_job.py:182} INFO - Started process (PID=870) to work on /home/airflow/.local/lib/python3.6/site-packages/airflow/example_dags/example_branch_labels.py
[2021-07-14 20:04:51,745] {scheduler_job.py:633} INFO - Processing file /home/airflow/.local/lib/python3.6/site-packages/airflow/example_dags/example_branch_labels.py for tasks to queue
[2021-07-14 20:04:51,746] {logging_mixin.py:104} INFO - [2021-07-14 20:04:51,746] {dagbag.py:496} INFO - Filling up the DagBag from /home/airflow/.local/lib/python3.6/site-packages/airflow/example_dags/example_branch_labels.py
[2021-07-14 20:04:51,758] {scheduler_job.py:643} INFO - DAG(s) dict_keys(['example_branch_labels']) retrieved from /home/airflow/.local/lib/python3.6/site-packages/airflow/example_dags/example_branch_labels.py
[2021-07-14 20:04:51,780] {logging_mixin.py:104} INFO - [2021-07-14 20:04:51,780] {dag.py:1833} INFO - Sync 1 DAGs
[2021-07-14 20:04:51,798] {logging_mixin.py:104} INFO - [2021-07-14 20:04:51,798] {dag.py:2306} INFO - Setting next_dagrun for example_branch_labels to 2021-07-12 00:00:00+00:00
[2021-07-14 20:04:51,807] {scheduler_job.py:190} INFO - Processing /home/airflow/.local/lib/python3.6/site-packages/airflow/example_dags/example_branch_labels.py took 0.067 seconds
[2021-07-14 20:05:22,182] {scheduler_job.py:182} INFO - Started process (PID=935) to work on /home/airflow/.local/lib/python3.6/site-packages/airflow/example_dags/example_branch_labels.py
[2021-07-14 20:05:22,183] {scheduler_job.py:633} INFO - Processing file /home/airflow/.local/lib/python3.6/site-packages/airflow/example_dags/example_branch_labels.py for tasks to queue
[2021-07-14 20:05:22,184] {logging_mixin.py:104} INFO - [2021-07-14 20:05:22,184] {dagbag.py:496} INFO - Filling up the DagBag from /home/airflow/.local/lib/python3.6/site-packages/airflow/example_dags/example_branch_labels.py
[2021-07-14 20:05:22,196] {scheduler_job.py:643} INFO - DAG(s) dict_keys(['example_branch_labels']) retrieved from /home/airflow/.local/lib/python3.6/site-packages/airflow/example_dags/example_branch_labels.py
[2021-07-14 20:05:22,221] {logging_mixin.py:104} INFO - [2021-07-14 20:05:22,220] {dag.py:1833} INFO - Sync 1 DAGs
[2021-07-14 20:05:22,242] {logging_mixin.py:104} INFO - [2021-07-14 20:05:22,242] {dag.py:2306} INFO - Setting next_dagrun for example_branch_labels to 2021-07-12 00:00:00+00:00
[2021-07-14 20:05:22,250] {scheduler_job.py:190} INFO - Processing /home/airflow/.local/lib/python3.6/site-packages/airflow/example_dags/example_branch_labels.py took 0.070 seconds
[2021-07-14 20:05:52,402] {scheduler_job.py:182} INFO - Started process (PID=999) to work on /home/airflow/.local/lib/python3.6/site-packages/airflow/example_dags/example_branch_labels.py
[2021-07-14 20:05:52,403] {scheduler_job.py:633} INFO - Processing file /home/airflow/.local/lib/python3.6/site-packages/airflow/example_dags/example_branch_labels.py for tasks to queue
[2021-07-14 20:05:52,404] {logging_mixin.py:104} INFO - [2021-07-14 20:05:52,403] {dagbag.py:496} INFO - Filling up the DagBag from /home/airflow/.local/lib/python3.6/site-packages/airflow/example_dags/example_branch_labels.py
[2021-07-14 20:05:52,420] {scheduler_job.py:643} INFO - DAG(s) dict_keys(['example_branch_labels']) retrieved from /home/airflow/.local/lib/python3.6/site-packages/airflow/example_dags/example_branch_labels.py
[2021-07-14 20:05:52,451] {logging_mixin.py:104} INFO - [2021-07-14 20:05:52,450] {dag.py:1833} INFO - Sync 1 DAGs
[2021-07-14 20:05:52,480] {logging_mixin.py:104} INFO - [2021-07-14 20:05:52,480] {dag.py:2306} INFO - Setting next_dagrun for example_branch_labels to 2021-07-12 00:00:00+00:00
[2021-07-14 20:05:52,491] {scheduler_job.py:190} INFO - Processing /home/airflow/.local/lib/python3.6/site-packages/airflow/example_dags/example_branch_labels.py took 0.093 seconds
[2021-07-14 20:06:22,927] {scheduler_job.py:182} INFO - Started process (PID=1052) to work on /home/airflow/.local/lib/python3.6/site-packages/airflow/example_dags/example_branch_labels.py
[2021-07-14 20:06:22,929] {scheduler_job.py:633} INFO - Processing file /home/airflow/.local/lib/python3.6/site-packages/airflow/example_dags/example_branch_labels.py for tasks to queue
[2021-07-14 20:06:22,929] {logging_mixin.py:104} INFO - [2021-07-14 20:06:22,929] {dagbag.py:496} INFO - Filling up the DagBag from /home/airflow/.local/lib/python3.6/site-packages/airflow/example_dags/example_branch_labels.py
[2021-07-14 20:06:22,945] {scheduler_job.py:643} INFO - DAG(s) dict_keys(['example_branch_labels']) retrieved from /home/airflow/.local/lib/python3.6/site-packages/airflow/example_dags/example_branch_labels.py
[2021-07-14 20:06:22,973] {logging_mixin.py:104} INFO - [2021-07-14 20:06:22,973] {dag.py:1833} INFO - Sync 1 DAGs
[2021-07-14 20:06:23,004] {logging_mixin.py:104} INFO - [2021-07-14 20:06:23,003] {dag.py:2306} INFO - Setting next_dagrun for example_branch_labels to 2021-07-12 00:00:00+00:00
[2021-07-14 20:06:23,016] {scheduler_job.py:190} INFO - Processing /home/airflow/.local/lib/python3.6/site-packages/airflow/example_dags/example_branch_labels.py took 0.092 seconds
[2021-07-14 20:06:53,283] {scheduler_job.py:182} INFO - Started process (PID=1115) to work on /home/airflow/.local/lib/python3.6/site-packages/airflow/example_dags/example_branch_labels.py
[2021-07-14 20:06:53,284] {scheduler_job.py:633} INFO - Processing file /home/airflow/.local/lib/python3.6/site-packages/airflow/example_dags/example_branch_labels.py for tasks to queue
[2021-07-14 20:06:53,285] {logging_mixin.py:104} INFO - [2021-07-14 20:06:53,285] {dagbag.py:496} INFO - Filling up the DagBag from /home/airflow/.local/lib/python3.6/site-packages/airflow/example_dags/example_branch_labels.py
[2021-07-14 20:06:53,297] {scheduler_job.py:643} INFO - DAG(s) dict_keys(['example_branch_labels']) retrieved from /home/airflow/.local/lib/python3.6/site-packages/airflow/example_dags/example_branch_labels.py
[2021-07-14 20:06:53,320] {logging_mixin.py:104} INFO - [2021-07-14 20:06:53,319] {dag.py:1833} INFO - Sync 1 DAGs
[2021-07-14 20:06:53,340] {logging_mixin.py:104} INFO - [2021-07-14 20:06:53,340] {dag.py:2306} INFO - Setting next_dagrun for example_branch_labels to 2021-07-12 00:00:00+00:00
[2021-07-14 20:06:53,350] {scheduler_job.py:190} INFO - Processing /home/airflow/.local/lib/python3.6/site-packages/airflow/example_dags/example_branch_labels.py took 0.069 seconds
[2021-07-14 20:07:23,893] {scheduler_job.py:182} INFO - Started process (PID=1169) to work on /home/airflow/.local/lib/python3.6/site-packages/airflow/example_dags/example_branch_labels.py
[2021-07-14 20:07:23,894] {scheduler_job.py:633} INFO - Processing file /home/airflow/.local/lib/python3.6/site-packages/airflow/example_dags/example_branch_labels.py for tasks to queue
[2021-07-14 20:07:23,895] {logging_mixin.py:104} INFO - [2021-07-14 20:07:23,895] {dagbag.py:496} INFO - Filling up the DagBag from /home/airflow/.local/lib/python3.6/site-packages/airflow/example_dags/example_branch_labels.py
[2021-07-14 20:07:23,910] {scheduler_job.py:643} INFO - DAG(s) dict_keys(['example_branch_labels']) retrieved from /home/airflow/.local/lib/python3.6/site-packages/airflow/example_dags/example_branch_labels.py
[2021-07-14 20:07:23,941] {logging_mixin.py:104} INFO - [2021-07-14 20:07:23,941] {dag.py:1833} INFO - Sync 1 DAGs
[2021-07-14 20:07:23,969] {logging_mixin.py:104} INFO - [2021-07-14 20:07:23,969] {dag.py:2306} INFO - Setting next_dagrun for example_branch_labels to 2021-07-12 00:00:00+00:00
[2021-07-14 20:07:23,981] {scheduler_job.py:190} INFO - Processing /home/airflow/.local/lib/python3.6/site-packages/airflow/example_dags/example_branch_labels.py took 0.092 seconds
[2021-07-14 20:07:54,509] {scheduler_job.py:182} INFO - Started process (PID=1233) to work on /home/airflow/.local/lib/python3.6/site-packages/airflow/example_dags/example_branch_labels.py
[2021-07-14 20:07:54,511] {scheduler_job.py:633} INFO - Processing file /home/airflow/.local/lib/python3.6/site-packages/airflow/example_dags/example_branch_labels.py for tasks to queue
[2021-07-14 20:07:54,512] {logging_mixin.py:104} INFO - [2021-07-14 20:07:54,512] {dagbag.py:496} INFO - Filling up the DagBag from /home/airflow/.local/lib/python3.6/site-packages/airflow/example_dags/example_branch_labels.py
[2021-07-14 20:07:54,529] {scheduler_job.py:643} INFO - DAG(s) dict_keys(['example_branch_labels']) retrieved from /home/airflow/.local/lib/python3.6/site-packages/airflow/example_dags/example_branch_labels.py
[2021-07-14 20:07:54,559] {logging_mixin.py:104} INFO - [2021-07-14 20:07:54,559] {dag.py:1833} INFO - Sync 1 DAGs
[2021-07-14 20:07:54,583] {logging_mixin.py:104} INFO - [2021-07-14 20:07:54,583] {dag.py:2306} INFO - Setting next_dagrun for example_branch_labels to 2021-07-12 00:00:00+00:00
[2021-07-14 20:07:54,595] {scheduler_job.py:190} INFO - Processing /home/airflow/.local/lib/python3.6/site-packages/airflow/example_dags/example_branch_labels.py took 0.091 seconds
[2021-07-14 20:08:24,911] {scheduler_job.py:182} INFO - Started process (PID=1289) to work on /home/airflow/.local/lib/python3.6/site-packages/airflow/example_dags/example_branch_labels.py
[2021-07-14 20:08:24,913] {scheduler_job.py:633} INFO - Processing file /home/airflow/.local/lib/python3.6/site-packages/airflow/example_dags/example_branch_labels.py for tasks to queue
[2021-07-14 20:08:24,915] {logging_mixin.py:104} INFO - [2021-07-14 20:08:24,914] {dagbag.py:496} INFO - Filling up the DagBag from /home/airflow/.local/lib/python3.6/site-packages/airflow/example_dags/example_branch_labels.py
[2021-07-14 20:08:24,932] {scheduler_job.py:643} INFO - DAG(s) dict_keys(['example_branch_labels']) retrieved from /home/airflow/.local/lib/python3.6/site-packages/airflow/example_dags/example_branch_labels.py
[2021-07-14 20:08:24,959] {logging_mixin.py:104} INFO - [2021-07-14 20:08:24,959] {dag.py:1833} INFO - Sync 1 DAGs
[2021-07-14 20:08:24,986] {logging_mixin.py:104} INFO - [2021-07-14 20:08:24,986] {dag.py:2306} INFO - Setting next_dagrun for example_branch_labels to 2021-07-12 00:00:00+00:00
[2021-07-14 20:08:24,999] {scheduler_job.py:190} INFO - Processing /home/airflow/.local/lib/python3.6/site-packages/airflow/example_dags/example_branch_labels.py took 0.092 seconds
[2021-07-14 20:08:55,478] {scheduler_job.py:182} INFO - Started process (PID=1351) to work on /home/airflow/.local/lib/python3.6/site-packages/airflow/example_dags/example_branch_labels.py
[2021-07-14 20:08:55,479] {scheduler_job.py:633} INFO - Processing file /home/airflow/.local/lib/python3.6/site-packages/airflow/example_dags/example_branch_labels.py for tasks to queue
[2021-07-14 20:08:55,480] {logging_mixin.py:104} INFO - [2021-07-14 20:08:55,480] {dagbag.py:496} INFO - Filling up the DagBag from /home/airflow/.local/lib/python3.6/site-packages/airflow/example_dags/example_branch_labels.py
[2021-07-14 20:08:55,493] {scheduler_job.py:643} INFO - DAG(s) dict_keys(['example_branch_labels']) retrieved from /home/airflow/.local/lib/python3.6/site-packages/airflow/example_dags/example_branch_labels.py
[2021-07-14 20:08:55,514] {logging_mixin.py:104} INFO - [2021-07-14 20:08:55,513] {dag.py:1833} INFO - Sync 1 DAGs
[2021-07-14 20:08:55,533] {logging_mixin.py:104} INFO - [2021-07-14 20:08:55,533] {dag.py:2306} INFO - Setting next_dagrun for example_branch_labels to 2021-07-12 00:00:00+00:00
[2021-07-14 20:08:55,542] {scheduler_job.py:190} INFO - Processing /home/airflow/.local/lib/python3.6/site-packages/airflow/example_dags/example_branch_labels.py took 0.067 seconds
[2021-07-14 20:09:26,055] {scheduler_job.py:182} INFO - Started process (PID=1405) to work on /home/airflow/.local/lib/python3.6/site-packages/airflow/example_dags/example_branch_labels.py
[2021-07-14 20:09:26,056] {scheduler_job.py:633} INFO - Processing file /home/airflow/.local/lib/python3.6/site-packages/airflow/example_dags/example_branch_labels.py for tasks to queue
[2021-07-14 20:09:26,056] {logging_mixin.py:104} INFO - [2021-07-14 20:09:26,056] {dagbag.py:496} INFO - Filling up the DagBag from /home/airflow/.local/lib/python3.6/site-packages/airflow/example_dags/example_branch_labels.py
[2021-07-14 20:09:26,069] {scheduler_job.py:643} INFO - DAG(s) dict_keys(['example_branch_labels']) retrieved from /home/airflow/.local/lib/python3.6/site-packages/airflow/example_dags/example_branch_labels.py
[2021-07-14 20:09:26,092] {logging_mixin.py:104} INFO - [2021-07-14 20:09:26,092] {dag.py:1833} INFO - Sync 1 DAGs
[2021-07-14 20:09:26,114] {logging_mixin.py:104} INFO - [2021-07-14 20:09:26,114] {dag.py:2306} INFO - Setting next_dagrun for example_branch_labels to 2021-07-12 00:00:00+00:00
[2021-07-14 20:09:26,123] {scheduler_job.py:190} INFO - Processing /home/airflow/.local/lib/python3.6/site-packages/airflow/example_dags/example_branch_labels.py took 0.071 seconds
[2021-07-14 20:09:56,555] {scheduler_job.py:182} INFO - Started process (PID=1471) to work on /home/airflow/.local/lib/python3.6/site-packages/airflow/example_dags/example_branch_labels.py
[2021-07-14 20:09:56,557] {scheduler_job.py:633} INFO - Processing file /home/airflow/.local/lib/python3.6/site-packages/airflow/example_dags/example_branch_labels.py for tasks to queue
[2021-07-14 20:09:56,558] {logging_mixin.py:104} INFO - [2021-07-14 20:09:56,557] {dagbag.py:496} INFO - Filling up the DagBag from /home/airflow/.local/lib/python3.6/site-packages/airflow/example_dags/example_branch_labels.py
[2021-07-14 20:09:56,569] {scheduler_job.py:643} INFO - DAG(s) dict_keys(['example_branch_labels']) retrieved from /home/airflow/.local/lib/python3.6/site-packages/airflow/example_dags/example_branch_labels.py
[2021-07-14 20:09:56,595] {logging_mixin.py:104} INFO - [2021-07-14 20:09:56,595] {dag.py:1833} INFO - Sync 1 DAGs
[2021-07-14 20:09:56,618] {logging_mixin.py:104} INFO - [2021-07-14 20:09:56,618] {dag.py:2306} INFO - Setting next_dagrun for example_branch_labels to 2021-07-12 00:00:00+00:00
[2021-07-14 20:09:56,628] {scheduler_job.py:190} INFO - Processing /home/airflow/.local/lib/python3.6/site-packages/airflow/example_dags/example_branch_labels.py took 0.075 seconds
[2021-07-14 20:10:26,943] {scheduler_job.py:182} INFO - Started process (PID=1533) to work on /home/airflow/.local/lib/python3.6/site-packages/airflow/example_dags/example_branch_labels.py
[2021-07-14 20:10:26,944] {scheduler_job.py:633} INFO - Processing file /home/airflow/.local/lib/python3.6/site-packages/airflow/example_dags/example_branch_labels.py for tasks to queue
[2021-07-14 20:10:26,945] {logging_mixin.py:104} INFO - [2021-07-14 20:10:26,945] {dagbag.py:496} INFO - Filling up the DagBag from /home/airflow/.local/lib/python3.6/site-packages/airflow/example_dags/example_branch_labels.py
[2021-07-14 20:10:26,958] {scheduler_job.py:643} INFO - DAG(s) dict_keys(['example_branch_labels']) retrieved from /home/airflow/.local/lib/python3.6/site-packages/airflow/example_dags/example_branch_labels.py
[2021-07-14 20:10:26,983] {logging_mixin.py:104} INFO - [2021-07-14 20:10:26,982] {dag.py:1833} INFO - Sync 1 DAGs
[2021-07-14 20:10:27,004] {logging_mixin.py:104} INFO - [2021-07-14 20:10:27,004] {dag.py:2306} INFO - Setting next_dagrun for example_branch_labels to 2021-07-12 00:00:00+00:00
[2021-07-14 20:10:27,014] {scheduler_job.py:190} INFO - Processing /home/airflow/.local/lib/python3.6/site-packages/airflow/example_dags/example_branch_labels.py took 0.074 seconds
[2021-07-14 20:10:57,292] {scheduler_job.py:182} INFO - Started process (PID=1589) to work on /home/airflow/.local/lib/python3.6/site-packages/airflow/example_dags/example_branch_labels.py
[2021-07-14 20:10:57,293] {scheduler_job.py:633} INFO - Processing file /home/airflow/.local/lib/python3.6/site-packages/airflow/example_dags/example_branch_labels.py for tasks to queue
[2021-07-14 20:10:57,294] {logging_mixin.py:104} INFO - [2021-07-14 20:10:57,294] {dagbag.py:496} INFO - Filling up the DagBag from /home/airflow/.local/lib/python3.6/site-packages/airflow/example_dags/example_branch_labels.py
[2021-07-14 20:10:57,309] {scheduler_job.py:643} INFO - DAG(s) dict_keys(['example_branch_labels']) retrieved from /home/airflow/.local/lib/python3.6/site-packages/airflow/example_dags/example_branch_labels.py
[2021-07-14 20:10:57,333] {logging_mixin.py:104} INFO - [2021-07-14 20:10:57,333] {dag.py:1833} INFO - Sync 1 DAGs
[2021-07-14 20:10:57,355] {logging_mixin.py:104} INFO - [2021-07-14 20:10:57,355] {dag.py:2306} INFO - Setting next_dagrun for example_branch_labels to 2021-07-12 00:00:00+00:00
[2021-07-14 20:10:57,366] {scheduler_job.py:190} INFO - Processing /home/airflow/.local/lib/python3.6/site-packages/airflow/example_dags/example_branch_labels.py took 0.077 seconds
[2021-07-14 20:11:27,588] {scheduler_job.py:182} INFO - Started process (PID=1653) to work on /home/airflow/.local/lib/python3.6/site-packages/airflow/example_dags/example_branch_labels.py
[2021-07-14 20:11:27,589] {scheduler_job.py:633} INFO - Processing file /home/airflow/.local/lib/python3.6/site-packages/airflow/example_dags/example_branch_labels.py for tasks to queue
[2021-07-14 20:11:27,590] {logging_mixin.py:104} INFO - [2021-07-14 20:11:27,590] {dagbag.py:496} INFO - Filling up the DagBag from /home/airflow/.local/lib/python3.6/site-packages/airflow/example_dags/example_branch_labels.py
[2021-07-14 20:11:27,603] {scheduler_job.py:643} INFO - DAG(s) dict_keys(['example_branch_labels']) retrieved from /home/airflow/.local/lib/python3.6/site-packages/airflow/example_dags/example_branch_labels.py
[2021-07-14 20:11:27,625] {logging_mixin.py:104} INFO - [2021-07-14 20:11:27,624] {dag.py:1833} INFO - Sync 1 DAGs
[2021-07-14 20:11:27,649] {logging_mixin.py:104} INFO - [2021-07-14 20:11:27,648] {dag.py:2306} INFO - Setting next_dagrun for example_branch_labels to 2021-07-12 00:00:00+00:00
[2021-07-14 20:11:27,662] {scheduler_job.py:190} INFO - Processing /home/airflow/.local/lib/python3.6/site-packages/airflow/example_dags/example_branch_labels.py took 0.077 seconds
[2021-07-14 20:11:58,522] {scheduler_job.py:182} INFO - Started process (PID=1708) to work on /home/airflow/.local/lib/python3.6/site-packages/airflow/example_dags/example_branch_labels.py
[2021-07-14 20:11:58,523] {scheduler_job.py:633} INFO - Processing file /home/airflow/.local/lib/python3.6/site-packages/airflow/example_dags/example_branch_labels.py for tasks to queue
[2021-07-14 20:11:58,524] {logging_mixin.py:104} INFO - [2021-07-14 20:11:58,524] {dagbag.py:496} INFO - Filling up the DagBag from /home/airflow/.local/lib/python3.6/site-packages/airflow/example_dags/example_branch_labels.py
[2021-07-14 20:11:58,538] {scheduler_job.py:643} INFO - DAG(s) dict_keys(['example_branch_labels']) retrieved from /home/airflow/.local/lib/python3.6/site-packages/airflow/example_dags/example_branch_labels.py
[2021-07-14 20:11:58,560] {logging_mixin.py:104} INFO - [2021-07-14 20:11:58,560] {dag.py:1833} INFO - Sync 1 DAGs
[2021-07-14 20:11:58,586] {logging_mixin.py:104} INFO - [2021-07-14 20:11:58,586] {dag.py:2306} INFO - Setting next_dagrun for example_branch_labels to 2021-07-12 00:00:00+00:00
[2021-07-14 20:11:58,596] {scheduler_job.py:190} INFO - Processing /home/airflow/.local/lib/python3.6/site-packages/airflow/example_dags/example_branch_labels.py took 0.077 seconds
[2021-07-14 20:12:29,479] {scheduler_job.py:182} INFO - Started process (PID=1773) to work on /home/airflow/.local/lib/python3.6/site-packages/airflow/example_dags/example_branch_labels.py
[2021-07-14 20:12:29,480] {scheduler_job.py:633} INFO - Processing file /home/airflow/.local/lib/python3.6/site-packages/airflow/example_dags/example_branch_labels.py for tasks to queue
[2021-07-14 20:12:29,481] {logging_mixin.py:104} INFO - [2021-07-14 20:12:29,481] {dagbag.py:496} INFO - Filling up the DagBag from /home/airflow/.local/lib/python3.6/site-packages/airflow/example_dags/example_branch_labels.py
[2021-07-14 20:12:29,492] {scheduler_job.py:643} INFO - DAG(s) dict_keys(['example_branch_labels']) retrieved from /home/airflow/.local/lib/python3.6/site-packages/airflow/example_dags/example_branch_labels.py
[2021-07-14 20:12:29,517] {logging_mixin.py:104} INFO - [2021-07-14 20:12:29,517] {dag.py:1833} INFO - Sync 1 DAGs
[2021-07-14 20:12:29,544] {logging_mixin.py:104} INFO - [2021-07-14 20:12:29,543] {dag.py:2306} INFO - Setting next_dagrun for example_branch_labels to 2021-07-12 00:00:00+00:00
[2021-07-14 20:12:29,553] {scheduler_job.py:190} INFO - Processing /home/airflow/.local/lib/python3.6/site-packages/airflow/example_dags/example_branch_labels.py took 0.076 seconds
[2021-07-14 20:12:59,596] {scheduler_job.py:182} INFO - Started process (PID=1825) to work on /home/airflow/.local/lib/python3.6/site-packages/airflow/example_dags/example_branch_labels.py
[2021-07-14 20:12:59,597] {scheduler_job.py:633} INFO - Processing file /home/airflow/.local/lib/python3.6/site-packages/airflow/example_dags/example_branch_labels.py for tasks to queue
[2021-07-14 20:12:59,598] {logging_mixin.py:104} INFO - [2021-07-14 20:12:59,598] {dagbag.py:496} INFO - Filling up the DagBag from /home/airflow/.local/lib/python3.6/site-packages/airflow/example_dags/example_branch_labels.py
[2021-07-14 20:12:59,612] {scheduler_job.py:643} INFO - DAG(s) dict_keys(['example_branch_labels']) retrieved from /home/airflow/.local/lib/python3.6/site-packages/airflow/example_dags/example_branch_labels.py
[2021-07-14 20:12:59,636] {logging_mixin.py:104} INFO - [2021-07-14 20:12:59,636] {dag.py:1833} INFO - Sync 1 DAGs
[2021-07-14 20:12:59,663] {logging_mixin.py:104} INFO - [2021-07-14 20:12:59,663] {dag.py:2306} INFO - Setting next_dagrun for example_branch_labels to 2021-07-12 00:00:00+00:00
[2021-07-14 20:12:59,672] {scheduler_job.py:190} INFO - Processing /home/airflow/.local/lib/python3.6/site-packages/airflow/example_dags/example_branch_labels.py took 0.079 seconds
[2021-07-14 20:13:29,923] {scheduler_job.py:182} INFO - Started process (PID=1890) to work on /home/airflow/.local/lib/python3.6/site-packages/airflow/example_dags/example_branch_labels.py
[2021-07-14 20:13:29,924] {scheduler_job.py:633} INFO - Processing file /home/airflow/.local/lib/python3.6/site-packages/airflow/example_dags/example_branch_labels.py for tasks to queue
[2021-07-14 20:13:29,925] {logging_mixin.py:104} INFO - [2021-07-14 20:13:29,924] {dagbag.py:496} INFO - Filling up the DagBag from /home/airflow/.local/lib/python3.6/site-packages/airflow/example_dags/example_branch_labels.py
[2021-07-14 20:13:29,937] {scheduler_job.py:643} INFO - DAG(s) dict_keys(['example_branch_labels']) retrieved from /home/airflow/.local/lib/python3.6/site-packages/airflow/example_dags/example_branch_labels.py
[2021-07-14 20:13:29,961] {logging_mixin.py:104} INFO - [2021-07-14 20:13:29,961] {dag.py:1833} INFO - Sync 1 DAGs
[2021-07-14 20:13:29,985] {logging_mixin.py:104} INFO - [2021-07-14 20:13:29,985] {dag.py:2306} INFO - Setting next_dagrun for example_branch_labels to 2021-07-12 00:00:00+00:00
[2021-07-14 20:13:29,994] {scheduler_job.py:190} INFO - Processing /home/airflow/.local/lib/python3.6/site-packages/airflow/example_dags/example_branch_labels.py took 0.074 seconds
[2021-07-14 20:14:01,151] {scheduler_job.py:182} INFO - Started process (PID=1957) to work on /home/airflow/.local/lib/python3.6/site-packages/airflow/example_dags/example_branch_labels.py
[2021-07-14 20:14:01,153] {scheduler_job.py:633} INFO - Processing file /home/airflow/.local/lib/python3.6/site-packages/airflow/example_dags/example_branch_labels.py for tasks to queue
[2021-07-14 20:14:01,154] {logging_mixin.py:104} INFO - [2021-07-14 20:14:01,153] {dagbag.py:496} INFO - Filling up the DagBag from /home/airflow/.local/lib/python3.6/site-packages/airflow/example_dags/example_branch_labels.py
[2021-07-14 20:14:01,166] {scheduler_job.py:643} INFO - DAG(s) dict_keys(['example_branch_labels']) retrieved from /home/airflow/.local/lib/python3.6/site-packages/airflow/example_dags/example_branch_labels.py
[2021-07-14 20:14:01,187] {logging_mixin.py:104} INFO - [2021-07-14 20:14:01,187] {dag.py:1833} INFO - Sync 1 DAGs
[2021-07-14 20:14:01,208] {logging_mixin.py:104} INFO - [2021-07-14 20:14:01,208] {dag.py:2306} INFO - Setting next_dagrun for example_branch_labels to 2021-07-12 00:00:00+00:00
[2021-07-14 20:14:01,219] {scheduler_job.py:190} INFO - Processing /home/airflow/.local/lib/python3.6/site-packages/airflow/example_dags/example_branch_labels.py took 0.071 seconds
[2021-07-14 20:14:31,338] {scheduler_job.py:182} INFO - Started process (PID=2010) to work on /home/airflow/.local/lib/python3.6/site-packages/airflow/example_dags/example_branch_labels.py
[2021-07-14 20:14:31,339] {scheduler_job.py:633} INFO - Processing file /home/airflow/.local/lib/python3.6/site-packages/airflow/example_dags/example_branch_labels.py for tasks to queue
[2021-07-14 20:14:31,340] {logging_mixin.py:104} INFO - [2021-07-14 20:14:31,340] {dagbag.py:496} INFO - Filling up the DagBag from /home/airflow/.local/lib/python3.6/site-packages/airflow/example_dags/example_branch_labels.py
[2021-07-14 20:14:31,353] {scheduler_job.py:643} INFO - DAG(s) dict_keys(['example_branch_labels']) retrieved from /home/airflow/.local/lib/python3.6/site-packages/airflow/example_dags/example_branch_labels.py
[2021-07-14 20:14:31,375] {logging_mixin.py:104} INFO - [2021-07-14 20:14:31,375] {dag.py:1833} INFO - Sync 1 DAGs
[2021-07-14 20:14:31,405] {logging_mixin.py:104} INFO - [2021-07-14 20:14:31,405] {dag.py:2306} INFO - Setting next_dagrun for example_branch_labels to 2021-07-12 00:00:00+00:00
[2021-07-14 20:14:31,416] {scheduler_job.py:190} INFO - Processing /home/airflow/.local/lib/python3.6/site-packages/airflow/example_dags/example_branch_labels.py took 0.081 seconds
[2021-07-14 20:15:01,796] {scheduler_job.py:182} INFO - Started process (PID=2073) to work on /home/airflow/.local/lib/python3.6/site-packages/airflow/example_dags/example_branch_labels.py
[2021-07-14 20:15:01,799] {scheduler_job.py:633} INFO - Processing file /home/airflow/.local/lib/python3.6/site-packages/airflow/example_dags/example_branch_labels.py for tasks to queue
[2021-07-14 20:15:01,800] {logging_mixin.py:104} INFO - [2021-07-14 20:15:01,800] {dagbag.py:496} INFO - Filling up the DagBag from /home/airflow/.local/lib/python3.6/site-packages/airflow/example_dags/example_branch_labels.py
[2021-07-14 20:15:01,817] {scheduler_job.py:643} INFO - DAG(s) dict_keys(['example_branch_labels']) retrieved from /home/airflow/.local/lib/python3.6/site-packages/airflow/example_dags/example_branch_labels.py
[2021-07-14 20:15:01,840] {logging_mixin.py:104} INFO - [2021-07-14 20:15:01,840] {dag.py:1833} INFO - Sync 1 DAGs
[2021-07-14 20:15:01,865] {logging_mixin.py:104} INFO - [2021-07-14 20:15:01,864] {dag.py:2306} INFO - Setting next_dagrun for example_branch_labels to 2021-07-12 00:00:00+00:00
[2021-07-14 20:15:01,874] {scheduler_job.py:190} INFO - Processing /home/airflow/.local/lib/python3.6/site-packages/airflow/example_dags/example_branch_labels.py took 0.083 seconds
[2021-07-14 20:15:32,373] {scheduler_job.py:182} INFO - Started process (PID=2128) to work on /home/airflow/.local/lib/python3.6/site-packages/airflow/example_dags/example_branch_labels.py
[2021-07-14 20:15:32,375] {scheduler_job.py:633} INFO - Processing file /home/airflow/.local/lib/python3.6/site-packages/airflow/example_dags/example_branch_labels.py for tasks to queue
[2021-07-14 20:15:32,375] {logging_mixin.py:104} INFO - [2021-07-14 20:15:32,375] {dagbag.py:496} INFO - Filling up the DagBag from /home/airflow/.local/lib/python3.6/site-packages/airflow/example_dags/example_branch_labels.py
[2021-07-14 20:15:32,390] {scheduler_job.py:643} INFO - DAG(s) dict_keys(['example_branch_labels']) retrieved from /home/airflow/.local/lib/python3.6/site-packages/airflow/example_dags/example_branch_labels.py
[2021-07-14 20:15:32,417] {logging_mixin.py:104} INFO - [2021-07-14 20:15:32,416] {dag.py:1833} INFO - Sync 1 DAGs
[2021-07-14 20:15:32,440] {logging_mixin.py:104} INFO - [2021-07-14 20:15:32,440] {dag.py:2306} INFO - Setting next_dagrun for example_branch_labels to 2021-07-12 00:00:00+00:00
[2021-07-14 20:15:32,453] {scheduler_job.py:190} INFO - Processing /home/airflow/.local/lib/python3.6/site-packages/airflow/example_dags/example_branch_labels.py took 0.082 seconds
[2021-07-14 20:16:02,664] {scheduler_job.py:182} INFO - Started process (PID=2192) to work on /home/airflow/.local/lib/python3.6/site-packages/airflow/example_dags/example_branch_labels.py
[2021-07-14 20:16:02,665] {scheduler_job.py:633} INFO - Processing file /home/airflow/.local/lib/python3.6/site-packages/airflow/example_dags/example_branch_labels.py for tasks to queue
[2021-07-14 20:16:02,667] {logging_mixin.py:104} INFO - [2021-07-14 20:16:02,666] {dagbag.py:496} INFO - Filling up the DagBag from /home/airflow/.local/lib/python3.6/site-packages/airflow/example_dags/example_branch_labels.py
[2021-07-14 20:16:02,685] {scheduler_job.py:643} INFO - DAG(s) dict_keys(['example_branch_labels']) retrieved from /home/airflow/.local/lib/python3.6/site-packages/airflow/example_dags/example_branch_labels.py
[2021-07-14 20:16:02,714] {logging_mixin.py:104} INFO - [2021-07-14 20:16:02,714] {dag.py:1833} INFO - Sync 1 DAGs
[2021-07-14 20:16:02,740] {logging_mixin.py:104} INFO - [2021-07-14 20:16:02,740] {dag.py:2306} INFO - Setting next_dagrun for example_branch_labels to 2021-07-12 00:00:00+00:00
[2021-07-14 20:16:02,751] {scheduler_job.py:190} INFO - Processing /home/airflow/.local/lib/python3.6/site-packages/airflow/example_dags/example_branch_labels.py took 0.091 seconds
[2021-07-14 20:16:33,760] {scheduler_job.py:182} INFO - Started process (PID=2245) to work on /home/airflow/.local/lib/python3.6/site-packages/airflow/example_dags/example_branch_labels.py
[2021-07-14 20:16:33,761] {scheduler_job.py:633} INFO - Processing file /home/airflow/.local/lib/python3.6/site-packages/airflow/example_dags/example_branch_labels.py for tasks to queue
[2021-07-14 20:16:33,762] {logging_mixin.py:104} INFO - [2021-07-14 20:16:33,762] {dagbag.py:496} INFO - Filling up the DagBag from /home/airflow/.local/lib/python3.6/site-packages/airflow/example_dags/example_branch_labels.py
[2021-07-14 20:16:33,774] {scheduler_job.py:643} INFO - DAG(s) dict_keys(['example_branch_labels']) retrieved from /home/airflow/.local/lib/python3.6/site-packages/airflow/example_dags/example_branch_labels.py
[2021-07-14 20:16:33,799] {logging_mixin.py:104} INFO - [2021-07-14 20:16:33,798] {dag.py:1833} INFO - Sync 1 DAGs
[2021-07-14 20:16:33,820] {logging_mixin.py:104} INFO - [2021-07-14 20:16:33,820] {dag.py:2306} INFO - Setting next_dagrun for example_branch_labels to 2021-07-12 00:00:00+00:00
[2021-07-14 20:16:33,831] {scheduler_job.py:190} INFO - Processing /home/airflow/.local/lib/python3.6/site-packages/airflow/example_dags/example_branch_labels.py took 0.074 seconds
[2021-07-14 20:17:04,189] {scheduler_job.py:182} INFO - Started process (PID=2307) to work on /home/airflow/.local/lib/python3.6/site-packages/airflow/example_dags/example_branch_labels.py
[2021-07-14 20:17:04,190] {scheduler_job.py:633} INFO - Processing file /home/airflow/.local/lib/python3.6/site-packages/airflow/example_dags/example_branch_labels.py for tasks to queue
[2021-07-14 20:17:04,191] {logging_mixin.py:104} INFO - [2021-07-14 20:17:04,191] {dagbag.py:496} INFO - Filling up the DagBag from /home/airflow/.local/lib/python3.6/site-packages/airflow/example_dags/example_branch_labels.py
[2021-07-14 20:17:04,204] {scheduler_job.py:643} INFO - DAG(s) dict_keys(['example_branch_labels']) retrieved from /home/airflow/.local/lib/python3.6/site-packages/airflow/example_dags/example_branch_labels.py
[2021-07-14 20:17:04,232] {logging_mixin.py:104} INFO - [2021-07-14 20:17:04,231] {dag.py:1833} INFO - Sync 1 DAGs
[2021-07-14 20:17:04,259] {logging_mixin.py:104} INFO - [2021-07-14 20:17:04,259] {dag.py:2306} INFO - Setting next_dagrun for example_branch_labels to 2021-07-12 00:00:00+00:00
[2021-07-14 20:17:04,271] {scheduler_job.py:190} INFO - Processing /home/airflow/.local/lib/python3.6/site-packages/airflow/example_dags/example_branch_labels.py took 0.085 seconds
[2021-07-14 20:17:34,727] {scheduler_job.py:182} INFO - Started process (PID=2360) to work on /home/airflow/.local/lib/python3.6/site-packages/airflow/example_dags/example_branch_labels.py
[2021-07-14 20:17:34,728] {scheduler_job.py:633} INFO - Processing file /home/airflow/.local/lib/python3.6/site-packages/airflow/example_dags/example_branch_labels.py for tasks to queue
[2021-07-14 20:17:34,729] {logging_mixin.py:104} INFO - [2021-07-14 20:17:34,729] {dagbag.py:496} INFO - Filling up the DagBag from /home/airflow/.local/lib/python3.6/site-packages/airflow/example_dags/example_branch_labels.py
[2021-07-14 20:17:34,745] {scheduler_job.py:643} INFO - DAG(s) dict_keys(['example_branch_labels']) retrieved from /home/airflow/.local/lib/python3.6/site-packages/airflow/example_dags/example_branch_labels.py
[2021-07-14 20:17:34,773] {logging_mixin.py:104} INFO - [2021-07-14 20:17:34,773] {dag.py:1833} INFO - Sync 1 DAGs
[2021-07-14 20:17:34,796] {logging_mixin.py:104} INFO - [2021-07-14 20:17:34,796] {dag.py:2306} INFO - Setting next_dagrun for example_branch_labels to 2021-07-12 00:00:00+00:00
[2021-07-14 20:17:34,807] {scheduler_job.py:190} INFO - Processing /home/airflow/.local/lib/python3.6/site-packages/airflow/example_dags/example_branch_labels.py took 0.086 seconds
[2021-07-14 20:18:05,190] {scheduler_job.py:182} INFO - Started process (PID=2426) to work on /home/airflow/.local/lib/python3.6/site-packages/airflow/example_dags/example_branch_labels.py
[2021-07-14 20:18:05,192] {scheduler_job.py:633} INFO - Processing file /home/airflow/.local/lib/python3.6/site-packages/airflow/example_dags/example_branch_labels.py for tasks to queue
[2021-07-14 20:18:05,192] {logging_mixin.py:104} INFO - [2021-07-14 20:18:05,192] {dagbag.py:496} INFO - Filling up the DagBag from /home/airflow/.local/lib/python3.6/site-packages/airflow/example_dags/example_branch_labels.py
[2021-07-14 20:18:05,210] {scheduler_job.py:643} INFO - DAG(s) dict_keys(['example_branch_labels']) retrieved from /home/airflow/.local/lib/python3.6/site-packages/airflow/example_dags/example_branch_labels.py
[2021-07-14 20:18:05,236] {logging_mixin.py:104} INFO - [2021-07-14 20:18:05,236] {dag.py:1833} INFO - Sync 1 DAGs
[2021-07-14 20:18:05,256] {logging_mixin.py:104} INFO - [2021-07-14 20:18:05,256] {dag.py:2306} INFO - Setting next_dagrun for example_branch_labels to 2021-07-12 00:00:00+00:00
[2021-07-14 20:18:05,265] {scheduler_job.py:190} INFO - Processing /home/airflow/.local/lib/python3.6/site-packages/airflow/example_dags/example_branch_labels.py took 0.079 seconds
[2021-07-14 20:18:36,077] {scheduler_job.py:182} INFO - Started process (PID=2478) to work on /home/airflow/.local/lib/python3.6/site-packages/airflow/example_dags/example_branch_labels.py
[2021-07-14 20:18:36,079] {scheduler_job.py:633} INFO - Processing file /home/airflow/.local/lib/python3.6/site-packages/airflow/example_dags/example_branch_labels.py for tasks to queue
[2021-07-14 20:18:36,080] {logging_mixin.py:104} INFO - [2021-07-14 20:18:36,080] {dagbag.py:496} INFO - Filling up the DagBag from /home/airflow/.local/lib/python3.6/site-packages/airflow/example_dags/example_branch_labels.py
[2021-07-14 20:18:36,099] {scheduler_job.py:643} INFO - DAG(s) dict_keys(['example_branch_labels']) retrieved from /home/airflow/.local/lib/python3.6/site-packages/airflow/example_dags/example_branch_labels.py
[2021-07-14 20:18:36,130] {logging_mixin.py:104} INFO - [2021-07-14 20:18:36,130] {dag.py:1833} INFO - Sync 1 DAGs
[2021-07-14 20:18:36,164] {logging_mixin.py:104} INFO - [2021-07-14 20:18:36,164] {dag.py:2306} INFO - Setting next_dagrun for example_branch_labels to 2021-07-12 00:00:00+00:00
[2021-07-14 20:18:36,180] {scheduler_job.py:190} INFO - Processing /home/airflow/.local/lib/python3.6/site-packages/airflow/example_dags/example_branch_labels.py took 0.106 seconds
[2021-07-14 20:19:06,479] {scheduler_job.py:182} INFO - Started process (PID=2542) to work on /home/airflow/.local/lib/python3.6/site-packages/airflow/example_dags/example_branch_labels.py
[2021-07-14 20:19:06,480] {scheduler_job.py:633} INFO - Processing file /home/airflow/.local/lib/python3.6/site-packages/airflow/example_dags/example_branch_labels.py for tasks to queue
[2021-07-14 20:19:06,480] {logging_mixin.py:104} INFO - [2021-07-14 20:19:06,480] {dagbag.py:496} INFO - Filling up the DagBag from /home/airflow/.local/lib/python3.6/site-packages/airflow/example_dags/example_branch_labels.py
[2021-07-14 20:19:06,494] {scheduler_job.py:643} INFO - DAG(s) dict_keys(['example_branch_labels']) retrieved from /home/airflow/.local/lib/python3.6/site-packages/airflow/example_dags/example_branch_labels.py
[2021-07-14 20:19:06,515] {logging_mixin.py:104} INFO - [2021-07-14 20:19:06,515] {dag.py:1833} INFO - Sync 1 DAGs
[2021-07-14 20:19:06,535] {logging_mixin.py:104} INFO - [2021-07-14 20:19:06,535] {dag.py:2306} INFO - Setting next_dagrun for example_branch_labels to 2021-07-12 00:00:00+00:00
[2021-07-14 20:19:06,545] {scheduler_job.py:190} INFO - Processing /home/airflow/.local/lib/python3.6/site-packages/airflow/example_dags/example_branch_labels.py took 0.069 seconds
[2021-07-14 20:19:36,928] {scheduler_job.py:182} INFO - Started process (PID=2596) to work on /home/airflow/.local/lib/python3.6/site-packages/airflow/example_dags/example_branch_labels.py
[2021-07-14 20:19:36,930] {scheduler_job.py:633} INFO - Processing file /home/airflow/.local/lib/python3.6/site-packages/airflow/example_dags/example_branch_labels.py for tasks to queue
[2021-07-14 20:19:36,931] {logging_mixin.py:104} INFO - [2021-07-14 20:19:36,930] {dagbag.py:496} INFO - Filling up the DagBag from /home/airflow/.local/lib/python3.6/site-packages/airflow/example_dags/example_branch_labels.py
[2021-07-14 20:19:36,943] {scheduler_job.py:643} INFO - DAG(s) dict_keys(['example_branch_labels']) retrieved from /home/airflow/.local/lib/python3.6/site-packages/airflow/example_dags/example_branch_labels.py
[2021-07-14 20:19:36,965] {logging_mixin.py:104} INFO - [2021-07-14 20:19:36,964] {dag.py:1833} INFO - Sync 1 DAGs
[2021-07-14 20:19:36,986] {logging_mixin.py:104} INFO - [2021-07-14 20:19:36,986] {dag.py:2306} INFO - Setting next_dagrun for example_branch_labels to 2021-07-12 00:00:00+00:00
[2021-07-14 20:19:36,995] {scheduler_job.py:190} INFO - Processing /home/airflow/.local/lib/python3.6/site-packages/airflow/example_dags/example_branch_labels.py took 0.070 seconds
[2021-07-14 20:20:07,451] {scheduler_job.py:182} INFO - Started process (PID=2658) to work on /home/airflow/.local/lib/python3.6/site-packages/airflow/example_dags/example_branch_labels.py
[2021-07-14 20:20:07,453] {scheduler_job.py:633} INFO - Processing file /home/airflow/.local/lib/python3.6/site-packages/airflow/example_dags/example_branch_labels.py for tasks to queue
[2021-07-14 20:20:07,455] {logging_mixin.py:104} INFO - [2021-07-14 20:20:07,454] {dagbag.py:496} INFO - Filling up the DagBag from /home/airflow/.local/lib/python3.6/site-packages/airflow/example_dags/example_branch_labels.py
[2021-07-14 20:20:07,483] {scheduler_job.py:643} INFO - DAG(s) dict_keys(['example_branch_labels']) retrieved from /home/airflow/.local/lib/python3.6/site-packages/airflow/example_dags/example_branch_labels.py
[2021-07-14 20:20:07,524] {logging_mixin.py:104} INFO - [2021-07-14 20:20:07,524] {dag.py:1833} INFO - Sync 1 DAGs
[2021-07-14 20:20:07,553] {logging_mixin.py:104} INFO - [2021-07-14 20:20:07,552] {dag.py:2306} INFO - Setting next_dagrun for example_branch_labels to 2021-07-12 00:00:00+00:00
[2021-07-14 20:20:07,564] {scheduler_job.py:190} INFO - Processing /home/airflow/.local/lib/python3.6/site-packages/airflow/example_dags/example_branch_labels.py took 0.135 seconds
[2021-07-14 20:20:37,864] {scheduler_job.py:182} INFO - Started process (PID=2712) to work on /home/airflow/.local/lib/python3.6/site-packages/airflow/example_dags/example_branch_labels.py
[2021-07-14 20:20:37,866] {scheduler_job.py:633} INFO - Processing file /home/airflow/.local/lib/python3.6/site-packages/airflow/example_dags/example_branch_labels.py for tasks to queue
[2021-07-14 20:20:37,867] {logging_mixin.py:104} INFO - [2021-07-14 20:20:37,867] {dagbag.py:496} INFO - Filling up the DagBag from /home/airflow/.local/lib/python3.6/site-packages/airflow/example_dags/example_branch_labels.py
[2021-07-14 20:20:37,888] {scheduler_job.py:643} INFO - DAG(s) dict_keys(['example_branch_labels']) retrieved from /home/airflow/.local/lib/python3.6/site-packages/airflow/example_dags/example_branch_labels.py
[2021-07-14 20:20:37,926] {logging_mixin.py:104} INFO - [2021-07-14 20:20:37,925] {dag.py:1833} INFO - Sync 1 DAGs
[2021-07-14 20:20:37,962] {logging_mixin.py:104} INFO - [2021-07-14 20:20:37,961] {dag.py:2306} INFO - Setting next_dagrun for example_branch_labels to 2021-07-12 00:00:00+00:00
[2021-07-14 20:20:37,978] {scheduler_job.py:190} INFO - Processing /home/airflow/.local/lib/python3.6/site-packages/airflow/example_dags/example_branch_labels.py took 0.118 seconds
[2021-07-14 20:21:08,373] {scheduler_job.py:182} INFO - Started process (PID=2777) to work on /home/airflow/.local/lib/python3.6/site-packages/airflow/example_dags/example_branch_labels.py
[2021-07-14 20:21:08,374] {scheduler_job.py:633} INFO - Processing file /home/airflow/.local/lib/python3.6/site-packages/airflow/example_dags/example_branch_labels.py for tasks to queue
[2021-07-14 20:21:08,375] {logging_mixin.py:104} INFO - [2021-07-14 20:21:08,375] {dagbag.py:496} INFO - Filling up the DagBag from /home/airflow/.local/lib/python3.6/site-packages/airflow/example_dags/example_branch_labels.py
[2021-07-14 20:21:08,392] {scheduler_job.py:643} INFO - DAG(s) dict_keys(['example_branch_labels']) retrieved from /home/airflow/.local/lib/python3.6/site-packages/airflow/example_dags/example_branch_labels.py
[2021-07-14 20:21:08,425] {logging_mixin.py:104} INFO - [2021-07-14 20:21:08,425] {dag.py:1833} INFO - Sync 1 DAGs
[2021-07-14 20:21:08,457] {logging_mixin.py:104} INFO - [2021-07-14 20:21:08,456] {dag.py:2306} INFO - Setting next_dagrun for example_branch_labels to 2021-07-12 00:00:00+00:00
[2021-07-14 20:21:08,472] {scheduler_job.py:190} INFO - Processing /home/airflow/.local/lib/python3.6/site-packages/airflow/example_dags/example_branch_labels.py took 0.102 seconds
[2021-07-14 20:21:39,787] {scheduler_job.py:182} INFO - Started process (PID=2842) to work on /home/airflow/.local/lib/python3.6/site-packages/airflow/example_dags/example_branch_labels.py
[2021-07-14 20:21:39,788] {scheduler_job.py:633} INFO - Processing file /home/airflow/.local/lib/python3.6/site-packages/airflow/example_dags/example_branch_labels.py for tasks to queue
[2021-07-14 20:21:39,789] {logging_mixin.py:104} INFO - [2021-07-14 20:21:39,789] {dagbag.py:496} INFO - Filling up the DagBag from /home/airflow/.local/lib/python3.6/site-packages/airflow/example_dags/example_branch_labels.py
[2021-07-14 20:21:39,807] {scheduler_job.py:643} INFO - DAG(s) dict_keys(['example_branch_labels']) retrieved from /home/airflow/.local/lib/python3.6/site-packages/airflow/example_dags/example_branch_labels.py
[2021-07-14 20:21:39,841] {logging_mixin.py:104} INFO - [2021-07-14 20:21:39,840] {dag.py:1833} INFO - Sync 1 DAGs
[2021-07-14 20:21:39,876] {logging_mixin.py:104} INFO - [2021-07-14 20:21:39,876] {dag.py:2306} INFO - Setting next_dagrun for example_branch_labels to 2021-07-12 00:00:00+00:00
[2021-07-14 20:21:39,890] {scheduler_job.py:190} INFO - Processing /home/airflow/.local/lib/python3.6/site-packages/airflow/example_dags/example_branch_labels.py took 0.107 seconds
[2021-07-14 20:22:10,863] {scheduler_job.py:182} INFO - Started process (PID=2897) to work on /home/airflow/.local/lib/python3.6/site-packages/airflow/example_dags/example_branch_labels.py
[2021-07-14 20:22:10,865] {scheduler_job.py:633} INFO - Processing file /home/airflow/.local/lib/python3.6/site-packages/airflow/example_dags/example_branch_labels.py for tasks to queue
[2021-07-14 20:22:10,866] {logging_mixin.py:104} INFO - [2021-07-14 20:22:10,865] {dagbag.py:496} INFO - Filling up the DagBag from /home/airflow/.local/lib/python3.6/site-packages/airflow/example_dags/example_branch_labels.py
[2021-07-14 20:22:10,879] {scheduler_job.py:643} INFO - DAG(s) dict_keys(['example_branch_labels']) retrieved from /home/airflow/.local/lib/python3.6/site-packages/airflow/example_dags/example_branch_labels.py
[2021-07-14 20:22:10,902] {logging_mixin.py:104} INFO - [2021-07-14 20:22:10,901] {dag.py:1833} INFO - Sync 1 DAGs
[2021-07-14 20:22:10,925] {logging_mixin.py:104} INFO - [2021-07-14 20:22:10,925] {dag.py:2306} INFO - Setting next_dagrun for example_branch_labels to 2021-07-12 00:00:00+00:00
[2021-07-14 20:22:10,935] {scheduler_job.py:190} INFO - Processing /home/airflow/.local/lib/python3.6/site-packages/airflow/example_dags/example_branch_labels.py took 0.075 seconds
