[2021-07-14 19:05:14,702] {scheduler_job.py:182} INFO - Started process (PID=66) to work on /home/airflow/.local/lib/python3.6/site-packages/airflow/example_dags/example_dag_decorator.py
[2021-07-14 19:05:14,712] {scheduler_job.py:633} INFO - Processing file /home/airflow/.local/lib/python3.6/site-packages/airflow/example_dags/example_dag_decorator.py for tasks to queue
[2021-07-14 19:05:14,714] {logging_mixin.py:104} INFO - [2021-07-14 19:05:14,713] {dagbag.py:496} INFO - Filling up the DagBag from /home/airflow/.local/lib/python3.6/site-packages/airflow/example_dags/example_dag_decorator.py
[2021-07-14 19:05:14,847] {scheduler_job.py:643} INFO - DAG(s) dict_keys(['example_dag_decorator']) retrieved from /home/airflow/.local/lib/python3.6/site-packages/airflow/example_dags/example_dag_decorator.py
[2021-07-14 19:05:15,569] {logging_mixin.py:104} INFO - [2021-07-14 19:05:15,569] {dag.py:1833} INFO - Sync 1 DAGs
[2021-07-14 19:05:15,605] {logging_mixin.py:104} INFO - [2021-07-14 19:05:15,605] {dag.py:2306} INFO - Setting next_dagrun for example_dag_decorator to None
[2021-07-14 19:05:15,644] {scheduler_job.py:190} INFO - Processing /home/airflow/.local/lib/python3.6/site-packages/airflow/example_dags/example_dag_decorator.py took 0.949 seconds
[2021-07-14 19:05:46,688] {scheduler_job.py:182} INFO - Started process (PID=130) to work on /home/airflow/.local/lib/python3.6/site-packages/airflow/example_dags/example_dag_decorator.py
[2021-07-14 19:05:46,690] {scheduler_job.py:633} INFO - Processing file /home/airflow/.local/lib/python3.6/site-packages/airflow/example_dags/example_dag_decorator.py for tasks to queue
[2021-07-14 19:05:46,691] {logging_mixin.py:104} INFO - [2021-07-14 19:05:46,691] {dagbag.py:496} INFO - Filling up the DagBag from /home/airflow/.local/lib/python3.6/site-packages/airflow/example_dags/example_dag_decorator.py
[2021-07-14 19:05:46,808] {scheduler_job.py:643} INFO - DAG(s) dict_keys(['example_dag_decorator']) retrieved from /home/airflow/.local/lib/python3.6/site-packages/airflow/example_dags/example_dag_decorator.py
[2021-07-14 19:05:47,444] {logging_mixin.py:104} INFO - [2021-07-14 19:05:47,443] {dag.py:1833} INFO - Sync 1 DAGs
[2021-07-14 19:05:47,494] {logging_mixin.py:104} INFO - [2021-07-14 19:05:47,493] {dag.py:2306} INFO - Setting next_dagrun for example_dag_decorator to None
[2021-07-14 19:05:47,532] {scheduler_job.py:190} INFO - Processing /home/airflow/.local/lib/python3.6/site-packages/airflow/example_dags/example_dag_decorator.py took 0.852 seconds
[2021-07-14 19:06:18,535] {scheduler_job.py:182} INFO - Started process (PID=184) to work on /home/airflow/.local/lib/python3.6/site-packages/airflow/example_dags/example_dag_decorator.py
[2021-07-14 19:06:18,537] {scheduler_job.py:633} INFO - Processing file /home/airflow/.local/lib/python3.6/site-packages/airflow/example_dags/example_dag_decorator.py for tasks to queue
[2021-07-14 19:06:18,538] {logging_mixin.py:104} INFO - [2021-07-14 19:06:18,538] {dagbag.py:496} INFO - Filling up the DagBag from /home/airflow/.local/lib/python3.6/site-packages/airflow/example_dags/example_dag_decorator.py
[2021-07-14 19:06:18,574] {scheduler_job.py:643} INFO - DAG(s) dict_keys(['example_dag_decorator']) retrieved from /home/airflow/.local/lib/python3.6/site-packages/airflow/example_dags/example_dag_decorator.py
[2021-07-14 19:06:18,961] {logging_mixin.py:104} INFO - [2021-07-14 19:06:18,960] {dag.py:1833} INFO - Sync 1 DAGs
[2021-07-14 19:06:18,993] {logging_mixin.py:104} INFO - [2021-07-14 19:06:18,993] {dag.py:2306} INFO - Setting next_dagrun for example_dag_decorator to None
[2021-07-14 19:06:19,021] {scheduler_job.py:190} INFO - Processing /home/airflow/.local/lib/python3.6/site-packages/airflow/example_dags/example_dag_decorator.py took 0.490 seconds
[2021-07-14 19:06:49,273] {scheduler_job.py:182} INFO - Started process (PID=240) to work on /home/airflow/.local/lib/python3.6/site-packages/airflow/example_dags/example_dag_decorator.py
[2021-07-14 19:06:49,275] {scheduler_job.py:633} INFO - Processing file /home/airflow/.local/lib/python3.6/site-packages/airflow/example_dags/example_dag_decorator.py for tasks to queue
[2021-07-14 19:06:49,277] {logging_mixin.py:104} INFO - [2021-07-14 19:06:49,277] {dagbag.py:496} INFO - Filling up the DagBag from /home/airflow/.local/lib/python3.6/site-packages/airflow/example_dags/example_dag_decorator.py
[2021-07-14 19:06:49,332] {scheduler_job.py:643} INFO - DAG(s) dict_keys(['example_dag_decorator']) retrieved from /home/airflow/.local/lib/python3.6/site-packages/airflow/example_dags/example_dag_decorator.py
[2021-07-14 19:06:49,797] {logging_mixin.py:104} INFO - [2021-07-14 19:06:49,797] {dag.py:1833} INFO - Sync 1 DAGs
[2021-07-14 19:06:49,816] {logging_mixin.py:104} INFO - [2021-07-14 19:06:49,816] {dag.py:2306} INFO - Setting next_dagrun for example_dag_decorator to None
[2021-07-14 19:06:49,830] {scheduler_job.py:190} INFO - Processing /home/airflow/.local/lib/python3.6/site-packages/airflow/example_dags/example_dag_decorator.py took 0.562 seconds
[2021-07-14 19:07:19,899] {scheduler_job.py:182} INFO - Started process (PID=301) to work on /home/airflow/.local/lib/python3.6/site-packages/airflow/example_dags/example_dag_decorator.py
[2021-07-14 19:07:19,901] {scheduler_job.py:633} INFO - Processing file /home/airflow/.local/lib/python3.6/site-packages/airflow/example_dags/example_dag_decorator.py for tasks to queue
[2021-07-14 19:07:19,902] {logging_mixin.py:104} INFO - [2021-07-14 19:07:19,901] {dagbag.py:496} INFO - Filling up the DagBag from /home/airflow/.local/lib/python3.6/site-packages/airflow/example_dags/example_dag_decorator.py
[2021-07-14 19:07:19,947] {scheduler_job.py:643} INFO - DAG(s) dict_keys(['example_dag_decorator']) retrieved from /home/airflow/.local/lib/python3.6/site-packages/airflow/example_dags/example_dag_decorator.py
[2021-07-14 19:07:20,431] {logging_mixin.py:104} INFO - [2021-07-14 19:07:20,430] {dag.py:1833} INFO - Sync 1 DAGs
[2021-07-14 19:07:20,474] {logging_mixin.py:104} INFO - [2021-07-14 19:07:20,474] {dag.py:2306} INFO - Setting next_dagrun for example_dag_decorator to None
[2021-07-14 19:07:20,508] {scheduler_job.py:190} INFO - Processing /home/airflow/.local/lib/python3.6/site-packages/airflow/example_dags/example_dag_decorator.py took 0.613 seconds
[2021-07-14 19:07:50,670] {scheduler_job.py:182} INFO - Started process (PID=356) to work on /home/airflow/.local/lib/python3.6/site-packages/airflow/example_dags/example_dag_decorator.py
[2021-07-14 19:07:50,678] {scheduler_job.py:633} INFO - Processing file /home/airflow/.local/lib/python3.6/site-packages/airflow/example_dags/example_dag_decorator.py for tasks to queue
[2021-07-14 19:07:50,680] {logging_mixin.py:104} INFO - [2021-07-14 19:07:50,679] {dagbag.py:496} INFO - Filling up the DagBag from /home/airflow/.local/lib/python3.6/site-packages/airflow/example_dags/example_dag_decorator.py
[2021-07-14 19:07:50,722] {scheduler_job.py:643} INFO - DAG(s) dict_keys(['example_dag_decorator']) retrieved from /home/airflow/.local/lib/python3.6/site-packages/airflow/example_dags/example_dag_decorator.py
[2021-07-14 19:07:51,260] {logging_mixin.py:104} INFO - [2021-07-14 19:07:51,260] {dag.py:1833} INFO - Sync 1 DAGs
[2021-07-14 19:07:51,300] {logging_mixin.py:104} INFO - [2021-07-14 19:07:51,300] {dag.py:2306} INFO - Setting next_dagrun for example_dag_decorator to None
[2021-07-14 19:07:51,340] {scheduler_job.py:190} INFO - Processing /home/airflow/.local/lib/python3.6/site-packages/airflow/example_dags/example_dag_decorator.py took 0.675 seconds
[2021-07-14 19:08:56,910] {scheduler_job.py:182} INFO - Started process (PID=48) to work on /home/airflow/.local/lib/python3.6/site-packages/airflow/example_dags/example_dag_decorator.py
[2021-07-14 19:08:56,912] {scheduler_job.py:633} INFO - Processing file /home/airflow/.local/lib/python3.6/site-packages/airflow/example_dags/example_dag_decorator.py for tasks to queue
[2021-07-14 19:08:56,913] {logging_mixin.py:104} INFO - [2021-07-14 19:08:56,912] {dagbag.py:496} INFO - Filling up the DagBag from /home/airflow/.local/lib/python3.6/site-packages/airflow/example_dags/example_dag_decorator.py
[2021-07-14 19:08:56,936] {scheduler_job.py:643} INFO - DAG(s) dict_keys(['example_dag_decorator']) retrieved from /home/airflow/.local/lib/python3.6/site-packages/airflow/example_dags/example_dag_decorator.py
[2021-07-14 19:08:57,179] {logging_mixin.py:104} INFO - [2021-07-14 19:08:57,179] {dag.py:1833} INFO - Sync 1 DAGs
[2021-07-14 19:08:57,195] {logging_mixin.py:104} INFO - [2021-07-14 19:08:57,195] {dag.py:2306} INFO - Setting next_dagrun for example_dag_decorator to None
[2021-07-14 19:08:57,213] {scheduler_job.py:190} INFO - Processing /home/airflow/.local/lib/python3.6/site-packages/airflow/example_dags/example_dag_decorator.py took 0.306 seconds
[2021-07-14 19:09:28,651] {scheduler_job.py:182} INFO - Started process (PID=113) to work on /home/airflow/.local/lib/python3.6/site-packages/airflow/example_dags/example_dag_decorator.py
[2021-07-14 19:09:28,653] {scheduler_job.py:633} INFO - Processing file /home/airflow/.local/lib/python3.6/site-packages/airflow/example_dags/example_dag_decorator.py for tasks to queue
[2021-07-14 19:09:28,654] {logging_mixin.py:104} INFO - [2021-07-14 19:09:28,654] {dagbag.py:496} INFO - Filling up the DagBag from /home/airflow/.local/lib/python3.6/site-packages/airflow/example_dags/example_dag_decorator.py
[2021-07-14 19:09:28,698] {scheduler_job.py:643} INFO - DAG(s) dict_keys(['example_dag_decorator']) retrieved from /home/airflow/.local/lib/python3.6/site-packages/airflow/example_dags/example_dag_decorator.py
[2021-07-14 19:09:29,211] {logging_mixin.py:104} INFO - [2021-07-14 19:09:29,211] {dag.py:1833} INFO - Sync 1 DAGs
[2021-07-14 19:09:29,261] {logging_mixin.py:104} INFO - [2021-07-14 19:09:29,261] {dag.py:2306} INFO - Setting next_dagrun for example_dag_decorator to None
[2021-07-14 19:09:29,293] {scheduler_job.py:190} INFO - Processing /home/airflow/.local/lib/python3.6/site-packages/airflow/example_dags/example_dag_decorator.py took 0.647 seconds
[2021-07-14 19:09:59,849] {scheduler_job.py:182} INFO - Started process (PID=168) to work on /home/airflow/.local/lib/python3.6/site-packages/airflow/example_dags/example_dag_decorator.py
[2021-07-14 19:09:59,851] {scheduler_job.py:633} INFO - Processing file /home/airflow/.local/lib/python3.6/site-packages/airflow/example_dags/example_dag_decorator.py for tasks to queue
[2021-07-14 19:09:59,852] {logging_mixin.py:104} INFO - [2021-07-14 19:09:59,852] {dagbag.py:496} INFO - Filling up the DagBag from /home/airflow/.local/lib/python3.6/site-packages/airflow/example_dags/example_dag_decorator.py
[2021-07-14 19:09:59,901] {scheduler_job.py:643} INFO - DAG(s) dict_keys(['example_dag_decorator']) retrieved from /home/airflow/.local/lib/python3.6/site-packages/airflow/example_dags/example_dag_decorator.py
[2021-07-14 19:10:00,371] {logging_mixin.py:104} INFO - [2021-07-14 19:10:00,370] {dag.py:1833} INFO - Sync 1 DAGs
[2021-07-14 19:10:00,399] {logging_mixin.py:104} INFO - [2021-07-14 19:10:00,399] {dag.py:2306} INFO - Setting next_dagrun for example_dag_decorator to None
[2021-07-14 19:10:00,421] {scheduler_job.py:190} INFO - Processing /home/airflow/.local/lib/python3.6/site-packages/airflow/example_dags/example_dag_decorator.py took 0.577 seconds
[2021-07-14 19:10:30,768] {scheduler_job.py:182} INFO - Started process (PID=227) to work on /home/airflow/.local/lib/python3.6/site-packages/airflow/example_dags/example_dag_decorator.py
[2021-07-14 19:10:30,771] {scheduler_job.py:633} INFO - Processing file /home/airflow/.local/lib/python3.6/site-packages/airflow/example_dags/example_dag_decorator.py for tasks to queue
[2021-07-14 19:10:30,772] {logging_mixin.py:104} INFO - [2021-07-14 19:10:30,772] {dagbag.py:496} INFO - Filling up the DagBag from /home/airflow/.local/lib/python3.6/site-packages/airflow/example_dags/example_dag_decorator.py
[2021-07-14 19:10:30,821] {scheduler_job.py:643} INFO - DAG(s) dict_keys(['example_dag_decorator']) retrieved from /home/airflow/.local/lib/python3.6/site-packages/airflow/example_dags/example_dag_decorator.py
[2021-07-14 19:10:31,232] {logging_mixin.py:104} INFO - [2021-07-14 19:10:31,232] {dag.py:1833} INFO - Sync 1 DAGs
[2021-07-14 19:10:31,260] {logging_mixin.py:104} INFO - [2021-07-14 19:10:31,260] {dag.py:2306} INFO - Setting next_dagrun for example_dag_decorator to None
[2021-07-14 19:10:31,280] {scheduler_job.py:190} INFO - Processing /home/airflow/.local/lib/python3.6/site-packages/airflow/example_dags/example_dag_decorator.py took 0.518 seconds
[2021-07-14 19:11:01,799] {scheduler_job.py:182} INFO - Started process (PID=290) to work on /home/airflow/.local/lib/python3.6/site-packages/airflow/example_dags/example_dag_decorator.py
[2021-07-14 19:11:01,801] {scheduler_job.py:633} INFO - Processing file /home/airflow/.local/lib/python3.6/site-packages/airflow/example_dags/example_dag_decorator.py for tasks to queue
[2021-07-14 19:11:01,802] {logging_mixin.py:104} INFO - [2021-07-14 19:11:01,802] {dagbag.py:496} INFO - Filling up the DagBag from /home/airflow/.local/lib/python3.6/site-packages/airflow/example_dags/example_dag_decorator.py
[2021-07-14 19:11:01,836] {scheduler_job.py:643} INFO - DAG(s) dict_keys(['example_dag_decorator']) retrieved from /home/airflow/.local/lib/python3.6/site-packages/airflow/example_dags/example_dag_decorator.py
[2021-07-14 19:11:02,110] {logging_mixin.py:104} INFO - [2021-07-14 19:11:02,110] {dag.py:1833} INFO - Sync 1 DAGs
[2021-07-14 19:11:02,127] {logging_mixin.py:104} INFO - [2021-07-14 19:11:02,127] {dag.py:2306} INFO - Setting next_dagrun for example_dag_decorator to None
[2021-07-14 19:11:02,141] {scheduler_job.py:190} INFO - Processing /home/airflow/.local/lib/python3.6/site-packages/airflow/example_dags/example_dag_decorator.py took 0.345 seconds
[2021-07-14 19:11:32,489] {scheduler_job.py:182} INFO - Started process (PID=343) to work on /home/airflow/.local/lib/python3.6/site-packages/airflow/example_dags/example_dag_decorator.py
[2021-07-14 19:11:32,497] {scheduler_job.py:633} INFO - Processing file /home/airflow/.local/lib/python3.6/site-packages/airflow/example_dags/example_dag_decorator.py for tasks to queue
[2021-07-14 19:11:32,497] {logging_mixin.py:104} INFO - [2021-07-14 19:11:32,497] {dagbag.py:496} INFO - Filling up the DagBag from /home/airflow/.local/lib/python3.6/site-packages/airflow/example_dags/example_dag_decorator.py
[2021-07-14 19:11:32,526] {scheduler_job.py:643} INFO - DAG(s) dict_keys(['example_dag_decorator']) retrieved from /home/airflow/.local/lib/python3.6/site-packages/airflow/example_dags/example_dag_decorator.py
[2021-07-14 19:11:32,898] {logging_mixin.py:104} INFO - [2021-07-14 19:11:32,898] {dag.py:1833} INFO - Sync 1 DAGs
[2021-07-14 19:11:32,925] {logging_mixin.py:104} INFO - [2021-07-14 19:11:32,925] {dag.py:2306} INFO - Setting next_dagrun for example_dag_decorator to None
[2021-07-14 19:11:32,945] {scheduler_job.py:190} INFO - Processing /home/airflow/.local/lib/python3.6/site-packages/airflow/example_dags/example_dag_decorator.py took 0.460 seconds
[2021-07-14 19:12:03,440] {scheduler_job.py:182} INFO - Started process (PID=406) to work on /home/airflow/.local/lib/python3.6/site-packages/airflow/example_dags/example_dag_decorator.py
[2021-07-14 19:12:03,441] {scheduler_job.py:633} INFO - Processing file /home/airflow/.local/lib/python3.6/site-packages/airflow/example_dags/example_dag_decorator.py for tasks to queue
[2021-07-14 19:12:03,441] {logging_mixin.py:104} INFO - [2021-07-14 19:12:03,441] {dagbag.py:496} INFO - Filling up the DagBag from /home/airflow/.local/lib/python3.6/site-packages/airflow/example_dags/example_dag_decorator.py
[2021-07-14 19:12:03,459] {scheduler_job.py:643} INFO - DAG(s) dict_keys(['example_dag_decorator']) retrieved from /home/airflow/.local/lib/python3.6/site-packages/airflow/example_dags/example_dag_decorator.py
[2021-07-14 19:12:03,699] {logging_mixin.py:104} INFO - [2021-07-14 19:12:03,699] {dag.py:1833} INFO - Sync 1 DAGs
[2021-07-14 19:12:03,721] {logging_mixin.py:104} INFO - [2021-07-14 19:12:03,721] {dag.py:2306} INFO - Setting next_dagrun for example_dag_decorator to None
[2021-07-14 19:12:03,734] {scheduler_job.py:190} INFO - Processing /home/airflow/.local/lib/python3.6/site-packages/airflow/example_dags/example_dag_decorator.py took 0.297 seconds
[2021-07-14 19:12:34,199] {scheduler_job.py:182} INFO - Started process (PID=459) to work on /home/airflow/.local/lib/python3.6/site-packages/airflow/example_dags/example_dag_decorator.py
[2021-07-14 19:12:34,200] {scheduler_job.py:633} INFO - Processing file /home/airflow/.local/lib/python3.6/site-packages/airflow/example_dags/example_dag_decorator.py for tasks to queue
[2021-07-14 19:12:34,201] {logging_mixin.py:104} INFO - [2021-07-14 19:12:34,201] {dagbag.py:496} INFO - Filling up the DagBag from /home/airflow/.local/lib/python3.6/site-packages/airflow/example_dags/example_dag_decorator.py
[2021-07-14 19:12:34,223] {scheduler_job.py:643} INFO - DAG(s) dict_keys(['example_dag_decorator']) retrieved from /home/airflow/.local/lib/python3.6/site-packages/airflow/example_dags/example_dag_decorator.py
[2021-07-14 19:12:34,452] {logging_mixin.py:104} INFO - [2021-07-14 19:12:34,452] {dag.py:1833} INFO - Sync 1 DAGs
[2021-07-14 19:12:34,470] {logging_mixin.py:104} INFO - [2021-07-14 19:12:34,470] {dag.py:2306} INFO - Setting next_dagrun for example_dag_decorator to None
[2021-07-14 19:12:34,486] {scheduler_job.py:190} INFO - Processing /home/airflow/.local/lib/python3.6/site-packages/airflow/example_dags/example_dag_decorator.py took 0.290 seconds
[2021-07-14 19:57:44,552] {scheduler_job.py:182} INFO - Started process (PID=48) to work on /home/airflow/.local/lib/python3.6/site-packages/airflow/example_dags/example_dag_decorator.py
[2021-07-14 19:57:44,554] {scheduler_job.py:633} INFO - Processing file /home/airflow/.local/lib/python3.6/site-packages/airflow/example_dags/example_dag_decorator.py for tasks to queue
[2021-07-14 19:57:44,555] {logging_mixin.py:104} INFO - [2021-07-14 19:57:44,555] {dagbag.py:496} INFO - Filling up the DagBag from /home/airflow/.local/lib/python3.6/site-packages/airflow/example_dags/example_dag_decorator.py
[2021-07-14 19:57:44,613] {scheduler_job.py:643} INFO - DAG(s) dict_keys(['example_dag_decorator']) retrieved from /home/airflow/.local/lib/python3.6/site-packages/airflow/example_dags/example_dag_decorator.py
[2021-07-14 19:57:45,222] {logging_mixin.py:104} INFO - [2021-07-14 19:57:45,221] {dag.py:1833} INFO - Sync 1 DAGs
[2021-07-14 19:57:45,257] {logging_mixin.py:104} INFO - [2021-07-14 19:57:45,257] {dag.py:2306} INFO - Setting next_dagrun for example_dag_decorator to None
[2021-07-14 19:57:45,291] {scheduler_job.py:190} INFO - Processing /home/airflow/.local/lib/python3.6/site-packages/airflow/example_dags/example_dag_decorator.py took 0.751 seconds
[2021-07-14 19:58:15,418] {scheduler_job.py:182} INFO - Started process (PID=112) to work on /home/airflow/.local/lib/python3.6/site-packages/airflow/example_dags/example_dag_decorator.py
[2021-07-14 19:58:15,419] {scheduler_job.py:633} INFO - Processing file /home/airflow/.local/lib/python3.6/site-packages/airflow/example_dags/example_dag_decorator.py for tasks to queue
[2021-07-14 19:58:15,420] {logging_mixin.py:104} INFO - [2021-07-14 19:58:15,420] {dagbag.py:496} INFO - Filling up the DagBag from /home/airflow/.local/lib/python3.6/site-packages/airflow/example_dags/example_dag_decorator.py
[2021-07-14 19:58:15,444] {scheduler_job.py:643} INFO - DAG(s) dict_keys(['example_dag_decorator']) retrieved from /home/airflow/.local/lib/python3.6/site-packages/airflow/example_dags/example_dag_decorator.py
[2021-07-14 19:58:15,763] {logging_mixin.py:104} INFO - [2021-07-14 19:58:15,763] {dag.py:1833} INFO - Sync 1 DAGs
[2021-07-14 19:58:15,795] {logging_mixin.py:104} INFO - [2021-07-14 19:58:15,795] {dag.py:2306} INFO - Setting next_dagrun for example_dag_decorator to None
[2021-07-14 19:58:15,818] {scheduler_job.py:190} INFO - Processing /home/airflow/.local/lib/python3.6/site-packages/airflow/example_dags/example_dag_decorator.py took 0.404 seconds
[2021-07-14 19:58:46,612] {scheduler_job.py:182} INFO - Started process (PID=168) to work on /home/airflow/.local/lib/python3.6/site-packages/airflow/example_dags/example_dag_decorator.py
[2021-07-14 19:58:46,614] {scheduler_job.py:633} INFO - Processing file /home/airflow/.local/lib/python3.6/site-packages/airflow/example_dags/example_dag_decorator.py for tasks to queue
[2021-07-14 19:58:46,614] {logging_mixin.py:104} INFO - [2021-07-14 19:58:46,614] {dagbag.py:496} INFO - Filling up the DagBag from /home/airflow/.local/lib/python3.6/site-packages/airflow/example_dags/example_dag_decorator.py
[2021-07-14 19:58:46,639] {scheduler_job.py:643} INFO - DAG(s) dict_keys(['example_dag_decorator']) retrieved from /home/airflow/.local/lib/python3.6/site-packages/airflow/example_dags/example_dag_decorator.py
[2021-07-14 19:58:46,927] {logging_mixin.py:104} INFO - [2021-07-14 19:58:46,927] {dag.py:1833} INFO - Sync 1 DAGs
[2021-07-14 19:58:46,942] {logging_mixin.py:104} INFO - [2021-07-14 19:58:46,942] {dag.py:2306} INFO - Setting next_dagrun for example_dag_decorator to None
[2021-07-14 19:58:46,954] {scheduler_job.py:190} INFO - Processing /home/airflow/.local/lib/python3.6/site-packages/airflow/example_dags/example_dag_decorator.py took 0.345 seconds
[2021-07-14 19:59:17,275] {scheduler_job.py:182} INFO - Started process (PID=234) to work on /home/airflow/.local/lib/python3.6/site-packages/airflow/example_dags/example_dag_decorator.py
[2021-07-14 19:59:17,280] {scheduler_job.py:633} INFO - Processing file /home/airflow/.local/lib/python3.6/site-packages/airflow/example_dags/example_dag_decorator.py for tasks to queue
[2021-07-14 19:59:17,282] {logging_mixin.py:104} INFO - [2021-07-14 19:59:17,282] {dagbag.py:496} INFO - Filling up the DagBag from /home/airflow/.local/lib/python3.6/site-packages/airflow/example_dags/example_dag_decorator.py
[2021-07-14 19:59:17,343] {scheduler_job.py:643} INFO - DAG(s) dict_keys(['example_dag_decorator']) retrieved from /home/airflow/.local/lib/python3.6/site-packages/airflow/example_dags/example_dag_decorator.py
[2021-07-14 19:59:17,761] {logging_mixin.py:104} INFO - [2021-07-14 19:59:17,761] {dag.py:1833} INFO - Sync 1 DAGs
[2021-07-14 19:59:17,785] {logging_mixin.py:104} INFO - [2021-07-14 19:59:17,785] {dag.py:2306} INFO - Setting next_dagrun for example_dag_decorator to None
[2021-07-14 19:59:17,808] {scheduler_job.py:190} INFO - Processing /home/airflow/.local/lib/python3.6/site-packages/airflow/example_dags/example_dag_decorator.py took 0.538 seconds
[2021-07-14 19:59:48,489] {scheduler_job.py:182} INFO - Started process (PID=288) to work on /home/airflow/.local/lib/python3.6/site-packages/airflow/example_dags/example_dag_decorator.py
[2021-07-14 19:59:48,491] {scheduler_job.py:633} INFO - Processing file /home/airflow/.local/lib/python3.6/site-packages/airflow/example_dags/example_dag_decorator.py for tasks to queue
[2021-07-14 19:59:48,492] {logging_mixin.py:104} INFO - [2021-07-14 19:59:48,491] {dagbag.py:496} INFO - Filling up the DagBag from /home/airflow/.local/lib/python3.6/site-packages/airflow/example_dags/example_dag_decorator.py
[2021-07-14 19:59:48,518] {scheduler_job.py:643} INFO - DAG(s) dict_keys(['example_dag_decorator']) retrieved from /home/airflow/.local/lib/python3.6/site-packages/airflow/example_dags/example_dag_decorator.py
[2021-07-14 19:59:48,826] {logging_mixin.py:104} INFO - [2021-07-14 19:59:48,826] {dag.py:1833} INFO - Sync 1 DAGs
[2021-07-14 19:59:48,844] {logging_mixin.py:104} INFO - [2021-07-14 19:59:48,844] {dag.py:2306} INFO - Setting next_dagrun for example_dag_decorator to None
[2021-07-14 19:59:48,860] {scheduler_job.py:190} INFO - Processing /home/airflow/.local/lib/python3.6/site-packages/airflow/example_dags/example_dag_decorator.py took 0.375 seconds
[2021-07-14 20:00:18,938] {scheduler_job.py:182} INFO - Started process (PID=354) to work on /home/airflow/.local/lib/python3.6/site-packages/airflow/example_dags/example_dag_decorator.py
[2021-07-14 20:00:18,944] {scheduler_job.py:633} INFO - Processing file /home/airflow/.local/lib/python3.6/site-packages/airflow/example_dags/example_dag_decorator.py for tasks to queue
[2021-07-14 20:00:18,945] {logging_mixin.py:104} INFO - [2021-07-14 20:00:18,945] {dagbag.py:496} INFO - Filling up the DagBag from /home/airflow/.local/lib/python3.6/site-packages/airflow/example_dags/example_dag_decorator.py
[2021-07-14 20:00:18,964] {scheduler_job.py:643} INFO - DAG(s) dict_keys(['example_dag_decorator']) retrieved from /home/airflow/.local/lib/python3.6/site-packages/airflow/example_dags/example_dag_decorator.py
[2021-07-14 20:00:19,273] {logging_mixin.py:104} INFO - [2021-07-14 20:00:19,273] {dag.py:1833} INFO - Sync 1 DAGs
[2021-07-14 20:00:19,291] {logging_mixin.py:104} INFO - [2021-07-14 20:00:19,291] {dag.py:2306} INFO - Setting next_dagrun for example_dag_decorator to None
[2021-07-14 20:00:19,306] {scheduler_job.py:190} INFO - Processing /home/airflow/.local/lib/python3.6/site-packages/airflow/example_dags/example_dag_decorator.py took 0.371 seconds
[2021-07-14 20:00:49,588] {scheduler_job.py:182} INFO - Started process (PID=409) to work on /home/airflow/.local/lib/python3.6/site-packages/airflow/example_dags/example_dag_decorator.py
[2021-07-14 20:00:49,590] {scheduler_job.py:633} INFO - Processing file /home/airflow/.local/lib/python3.6/site-packages/airflow/example_dags/example_dag_decorator.py for tasks to queue
[2021-07-14 20:00:49,590] {logging_mixin.py:104} INFO - [2021-07-14 20:00:49,590] {dagbag.py:496} INFO - Filling up the DagBag from /home/airflow/.local/lib/python3.6/site-packages/airflow/example_dags/example_dag_decorator.py
[2021-07-14 20:00:49,613] {scheduler_job.py:643} INFO - DAG(s) dict_keys(['example_dag_decorator']) retrieved from /home/airflow/.local/lib/python3.6/site-packages/airflow/example_dags/example_dag_decorator.py
[2021-07-14 20:00:49,819] {logging_mixin.py:104} INFO - [2021-07-14 20:00:49,819] {dag.py:1833} INFO - Sync 1 DAGs
[2021-07-14 20:00:49,831] {logging_mixin.py:104} INFO - [2021-07-14 20:00:49,831] {dag.py:2306} INFO - Setting next_dagrun for example_dag_decorator to None
[2021-07-14 20:00:49,843] {scheduler_job.py:190} INFO - Processing /home/airflow/.local/lib/python3.6/site-packages/airflow/example_dags/example_dag_decorator.py took 0.257 seconds
[2021-07-14 20:01:19,937] {scheduler_job.py:182} INFO - Started process (PID=470) to work on /home/airflow/.local/lib/python3.6/site-packages/airflow/example_dags/example_dag_decorator.py
[2021-07-14 20:01:19,939] {scheduler_job.py:633} INFO - Processing file /home/airflow/.local/lib/python3.6/site-packages/airflow/example_dags/example_dag_decorator.py for tasks to queue
[2021-07-14 20:01:19,940] {logging_mixin.py:104} INFO - [2021-07-14 20:01:19,940] {dagbag.py:496} INFO - Filling up the DagBag from /home/airflow/.local/lib/python3.6/site-packages/airflow/example_dags/example_dag_decorator.py
[2021-07-14 20:01:19,964] {scheduler_job.py:643} INFO - DAG(s) dict_keys(['example_dag_decorator']) retrieved from /home/airflow/.local/lib/python3.6/site-packages/airflow/example_dags/example_dag_decorator.py
[2021-07-14 20:01:20,217] {logging_mixin.py:104} INFO - [2021-07-14 20:01:20,217] {dag.py:1833} INFO - Sync 1 DAGs
[2021-07-14 20:01:20,232] {logging_mixin.py:104} INFO - [2021-07-14 20:01:20,232] {dag.py:2306} INFO - Setting next_dagrun for example_dag_decorator to None
[2021-07-14 20:01:20,244] {scheduler_job.py:190} INFO - Processing /home/airflow/.local/lib/python3.6/site-packages/airflow/example_dags/example_dag_decorator.py took 0.310 seconds
[2021-07-14 20:01:50,288] {scheduler_job.py:182} INFO - Started process (PID=526) to work on /home/airflow/.local/lib/python3.6/site-packages/airflow/example_dags/example_dag_decorator.py
[2021-07-14 20:01:50,289] {scheduler_job.py:633} INFO - Processing file /home/airflow/.local/lib/python3.6/site-packages/airflow/example_dags/example_dag_decorator.py for tasks to queue
[2021-07-14 20:01:50,290] {logging_mixin.py:104} INFO - [2021-07-14 20:01:50,290] {dagbag.py:496} INFO - Filling up the DagBag from /home/airflow/.local/lib/python3.6/site-packages/airflow/example_dags/example_dag_decorator.py
[2021-07-14 20:01:50,317] {scheduler_job.py:643} INFO - DAG(s) dict_keys(['example_dag_decorator']) retrieved from /home/airflow/.local/lib/python3.6/site-packages/airflow/example_dags/example_dag_decorator.py
[2021-07-14 20:01:50,597] {logging_mixin.py:104} INFO - [2021-07-14 20:01:50,597] {dag.py:1833} INFO - Sync 1 DAGs
[2021-07-14 20:01:50,610] {logging_mixin.py:104} INFO - [2021-07-14 20:01:50,609] {dag.py:2306} INFO - Setting next_dagrun for example_dag_decorator to None
[2021-07-14 20:01:50,620] {scheduler_job.py:190} INFO - Processing /home/airflow/.local/lib/python3.6/site-packages/airflow/example_dags/example_dag_decorator.py took 0.335 seconds
[2021-07-14 20:02:20,835] {scheduler_job.py:182} INFO - Started process (PID=592) to work on /home/airflow/.local/lib/python3.6/site-packages/airflow/example_dags/example_dag_decorator.py
[2021-07-14 20:02:20,837] {scheduler_job.py:633} INFO - Processing file /home/airflow/.local/lib/python3.6/site-packages/airflow/example_dags/example_dag_decorator.py for tasks to queue
[2021-07-14 20:02:20,838] {logging_mixin.py:104} INFO - [2021-07-14 20:02:20,838] {dagbag.py:496} INFO - Filling up the DagBag from /home/airflow/.local/lib/python3.6/site-packages/airflow/example_dags/example_dag_decorator.py
[2021-07-14 20:02:20,866] {scheduler_job.py:643} INFO - DAG(s) dict_keys(['example_dag_decorator']) retrieved from /home/airflow/.local/lib/python3.6/site-packages/airflow/example_dags/example_dag_decorator.py
[2021-07-14 20:02:21,162] {logging_mixin.py:104} INFO - [2021-07-14 20:02:21,162] {dag.py:1833} INFO - Sync 1 DAGs
[2021-07-14 20:02:21,181] {logging_mixin.py:104} INFO - [2021-07-14 20:02:21,181] {dag.py:2306} INFO - Setting next_dagrun for example_dag_decorator to None
[2021-07-14 20:02:21,199] {scheduler_job.py:190} INFO - Processing /home/airflow/.local/lib/python3.6/site-packages/airflow/example_dags/example_dag_decorator.py took 0.368 seconds
[2021-07-14 20:02:51,635] {scheduler_job.py:182} INFO - Started process (PID=647) to work on /home/airflow/.local/lib/python3.6/site-packages/airflow/example_dags/example_dag_decorator.py
[2021-07-14 20:02:51,637] {scheduler_job.py:633} INFO - Processing file /home/airflow/.local/lib/python3.6/site-packages/airflow/example_dags/example_dag_decorator.py for tasks to queue
[2021-07-14 20:02:51,638] {logging_mixin.py:104} INFO - [2021-07-14 20:02:51,638] {dagbag.py:496} INFO - Filling up the DagBag from /home/airflow/.local/lib/python3.6/site-packages/airflow/example_dags/example_dag_decorator.py
[2021-07-14 20:02:51,665] {scheduler_job.py:643} INFO - DAG(s) dict_keys(['example_dag_decorator']) retrieved from /home/airflow/.local/lib/python3.6/site-packages/airflow/example_dags/example_dag_decorator.py
[2021-07-14 20:02:51,941] {logging_mixin.py:104} INFO - [2021-07-14 20:02:51,940] {dag.py:1833} INFO - Sync 1 DAGs
[2021-07-14 20:02:51,956] {logging_mixin.py:104} INFO - [2021-07-14 20:02:51,956] {dag.py:2306} INFO - Setting next_dagrun for example_dag_decorator to None
[2021-07-14 20:02:51,968] {scheduler_job.py:190} INFO - Processing /home/airflow/.local/lib/python3.6/site-packages/airflow/example_dags/example_dag_decorator.py took 0.337 seconds
[2021-07-14 20:03:22,701] {scheduler_job.py:182} INFO - Started process (PID=711) to work on /home/airflow/.local/lib/python3.6/site-packages/airflow/example_dags/example_dag_decorator.py
[2021-07-14 20:03:22,702] {scheduler_job.py:633} INFO - Processing file /home/airflow/.local/lib/python3.6/site-packages/airflow/example_dags/example_dag_decorator.py for tasks to queue
[2021-07-14 20:03:22,703] {logging_mixin.py:104} INFO - [2021-07-14 20:03:22,703] {dagbag.py:496} INFO - Filling up the DagBag from /home/airflow/.local/lib/python3.6/site-packages/airflow/example_dags/example_dag_decorator.py
[2021-07-14 20:03:22,722] {scheduler_job.py:643} INFO - DAG(s) dict_keys(['example_dag_decorator']) retrieved from /home/airflow/.local/lib/python3.6/site-packages/airflow/example_dags/example_dag_decorator.py
[2021-07-14 20:03:22,907] {logging_mixin.py:104} INFO - [2021-07-14 20:03:22,907] {dag.py:1833} INFO - Sync 1 DAGs
[2021-07-14 20:03:22,920] {logging_mixin.py:104} INFO - [2021-07-14 20:03:22,920] {dag.py:2306} INFO - Setting next_dagrun for example_dag_decorator to None
[2021-07-14 20:03:22,931] {scheduler_job.py:190} INFO - Processing /home/airflow/.local/lib/python3.6/site-packages/airflow/example_dags/example_dag_decorator.py took 0.233 seconds
[2021-07-14 20:03:53,328] {scheduler_job.py:182} INFO - Started process (PID=774) to work on /home/airflow/.local/lib/python3.6/site-packages/airflow/example_dags/example_dag_decorator.py
[2021-07-14 20:03:53,329] {scheduler_job.py:633} INFO - Processing file /home/airflow/.local/lib/python3.6/site-packages/airflow/example_dags/example_dag_decorator.py for tasks to queue
[2021-07-14 20:03:53,330] {logging_mixin.py:104} INFO - [2021-07-14 20:03:53,330] {dagbag.py:496} INFO - Filling up the DagBag from /home/airflow/.local/lib/python3.6/site-packages/airflow/example_dags/example_dag_decorator.py
[2021-07-14 20:03:53,353] {scheduler_job.py:643} INFO - DAG(s) dict_keys(['example_dag_decorator']) retrieved from /home/airflow/.local/lib/python3.6/site-packages/airflow/example_dags/example_dag_decorator.py
[2021-07-14 20:03:53,571] {logging_mixin.py:104} INFO - [2021-07-14 20:03:53,571] {dag.py:1833} INFO - Sync 1 DAGs
[2021-07-14 20:03:53,587] {logging_mixin.py:104} INFO - [2021-07-14 20:03:53,587] {dag.py:2306} INFO - Setting next_dagrun for example_dag_decorator to None
[2021-07-14 20:03:53,599] {scheduler_job.py:190} INFO - Processing /home/airflow/.local/lib/python3.6/site-packages/airflow/example_dags/example_dag_decorator.py took 0.275 seconds
[2021-07-14 20:04:24,467] {scheduler_job.py:182} INFO - Started process (PID=829) to work on /home/airflow/.local/lib/python3.6/site-packages/airflow/example_dags/example_dag_decorator.py
[2021-07-14 20:04:24,468] {scheduler_job.py:633} INFO - Processing file /home/airflow/.local/lib/python3.6/site-packages/airflow/example_dags/example_dag_decorator.py for tasks to queue
[2021-07-14 20:04:24,469] {logging_mixin.py:104} INFO - [2021-07-14 20:04:24,469] {dagbag.py:496} INFO - Filling up the DagBag from /home/airflow/.local/lib/python3.6/site-packages/airflow/example_dags/example_dag_decorator.py
[2021-07-14 20:04:24,492] {scheduler_job.py:643} INFO - DAG(s) dict_keys(['example_dag_decorator']) retrieved from /home/airflow/.local/lib/python3.6/site-packages/airflow/example_dags/example_dag_decorator.py
[2021-07-14 20:04:24,783] {logging_mixin.py:104} INFO - [2021-07-14 20:04:24,783] {dag.py:1833} INFO - Sync 1 DAGs
[2021-07-14 20:04:24,796] {logging_mixin.py:104} INFO - [2021-07-14 20:04:24,796] {dag.py:2306} INFO - Setting next_dagrun for example_dag_decorator to None
[2021-07-14 20:04:24,807] {scheduler_job.py:190} INFO - Processing /home/airflow/.local/lib/python3.6/site-packages/airflow/example_dags/example_dag_decorator.py took 0.343 seconds
[2021-07-14 20:04:55,684] {scheduler_job.py:182} INFO - Started process (PID=895) to work on /home/airflow/.local/lib/python3.6/site-packages/airflow/example_dags/example_dag_decorator.py
[2021-07-14 20:04:55,687] {scheduler_job.py:633} INFO - Processing file /home/airflow/.local/lib/python3.6/site-packages/airflow/example_dags/example_dag_decorator.py for tasks to queue
[2021-07-14 20:04:55,688] {logging_mixin.py:104} INFO - [2021-07-14 20:04:55,688] {dagbag.py:496} INFO - Filling up the DagBag from /home/airflow/.local/lib/python3.6/site-packages/airflow/example_dags/example_dag_decorator.py
[2021-07-14 20:04:55,712] {scheduler_job.py:643} INFO - DAG(s) dict_keys(['example_dag_decorator']) retrieved from /home/airflow/.local/lib/python3.6/site-packages/airflow/example_dags/example_dag_decorator.py
[2021-07-14 20:04:55,996] {logging_mixin.py:104} INFO - [2021-07-14 20:04:55,996] {dag.py:1833} INFO - Sync 1 DAGs
[2021-07-14 20:04:56,012] {logging_mixin.py:104} INFO - [2021-07-14 20:04:56,012] {dag.py:2306} INFO - Setting next_dagrun for example_dag_decorator to None
[2021-07-14 20:04:56,024] {scheduler_job.py:190} INFO - Processing /home/airflow/.local/lib/python3.6/site-packages/airflow/example_dags/example_dag_decorator.py took 0.344 seconds
[2021-07-14 20:05:26,092] {scheduler_job.py:182} INFO - Started process (PID=949) to work on /home/airflow/.local/lib/python3.6/site-packages/airflow/example_dags/example_dag_decorator.py
[2021-07-14 20:05:26,093] {scheduler_job.py:633} INFO - Processing file /home/airflow/.local/lib/python3.6/site-packages/airflow/example_dags/example_dag_decorator.py for tasks to queue
[2021-07-14 20:05:26,094] {logging_mixin.py:104} INFO - [2021-07-14 20:05:26,094] {dagbag.py:496} INFO - Filling up the DagBag from /home/airflow/.local/lib/python3.6/site-packages/airflow/example_dags/example_dag_decorator.py
[2021-07-14 20:05:26,115] {scheduler_job.py:643} INFO - DAG(s) dict_keys(['example_dag_decorator']) retrieved from /home/airflow/.local/lib/python3.6/site-packages/airflow/example_dags/example_dag_decorator.py
[2021-07-14 20:05:26,315] {logging_mixin.py:104} INFO - [2021-07-14 20:05:26,315] {dag.py:1833} INFO - Sync 1 DAGs
[2021-07-14 20:05:26,329] {logging_mixin.py:104} INFO - [2021-07-14 20:05:26,329] {dag.py:2306} INFO - Setting next_dagrun for example_dag_decorator to None
[2021-07-14 20:05:26,340] {scheduler_job.py:190} INFO - Processing /home/airflow/.local/lib/python3.6/site-packages/airflow/example_dags/example_dag_decorator.py took 0.250 seconds
[2021-07-14 20:05:56,492] {scheduler_job.py:182} INFO - Started process (PID=1013) to work on /home/airflow/.local/lib/python3.6/site-packages/airflow/example_dags/example_dag_decorator.py
[2021-07-14 20:05:56,493] {scheduler_job.py:633} INFO - Processing file /home/airflow/.local/lib/python3.6/site-packages/airflow/example_dags/example_dag_decorator.py for tasks to queue
[2021-07-14 20:05:56,494] {logging_mixin.py:104} INFO - [2021-07-14 20:05:56,494] {dagbag.py:496} INFO - Filling up the DagBag from /home/airflow/.local/lib/python3.6/site-packages/airflow/example_dags/example_dag_decorator.py
[2021-07-14 20:05:56,516] {scheduler_job.py:643} INFO - DAG(s) dict_keys(['example_dag_decorator']) retrieved from /home/airflow/.local/lib/python3.6/site-packages/airflow/example_dags/example_dag_decorator.py
[2021-07-14 20:05:56,783] {logging_mixin.py:104} INFO - [2021-07-14 20:05:56,783] {dag.py:1833} INFO - Sync 1 DAGs
[2021-07-14 20:05:56,800] {logging_mixin.py:104} INFO - [2021-07-14 20:05:56,800] {dag.py:2306} INFO - Setting next_dagrun for example_dag_decorator to None
[2021-07-14 20:05:56,814] {scheduler_job.py:190} INFO - Processing /home/airflow/.local/lib/python3.6/site-packages/airflow/example_dags/example_dag_decorator.py took 0.326 seconds
[2021-07-14 20:06:27,562] {scheduler_job.py:182} INFO - Started process (PID=1075) to work on /home/airflow/.local/lib/python3.6/site-packages/airflow/example_dags/example_dag_decorator.py
[2021-07-14 20:06:27,563] {scheduler_job.py:633} INFO - Processing file /home/airflow/.local/lib/python3.6/site-packages/airflow/example_dags/example_dag_decorator.py for tasks to queue
[2021-07-14 20:06:27,564] {logging_mixin.py:104} INFO - [2021-07-14 20:06:27,564] {dagbag.py:496} INFO - Filling up the DagBag from /home/airflow/.local/lib/python3.6/site-packages/airflow/example_dags/example_dag_decorator.py
[2021-07-14 20:06:27,587] {scheduler_job.py:643} INFO - DAG(s) dict_keys(['example_dag_decorator']) retrieved from /home/airflow/.local/lib/python3.6/site-packages/airflow/example_dags/example_dag_decorator.py
[2021-07-14 20:06:27,836] {logging_mixin.py:104} INFO - [2021-07-14 20:06:27,836] {dag.py:1833} INFO - Sync 1 DAGs
[2021-07-14 20:06:27,854] {logging_mixin.py:104} INFO - [2021-07-14 20:06:27,854] {dag.py:2306} INFO - Setting next_dagrun for example_dag_decorator to None
[2021-07-14 20:06:27,870] {scheduler_job.py:190} INFO - Processing /home/airflow/.local/lib/python3.6/site-packages/airflow/example_dags/example_dag_decorator.py took 0.311 seconds
[2021-07-14 20:06:58,282] {scheduler_job.py:182} INFO - Started process (PID=1129) to work on /home/airflow/.local/lib/python3.6/site-packages/airflow/example_dags/example_dag_decorator.py
[2021-07-14 20:06:58,283] {scheduler_job.py:633} INFO - Processing file /home/airflow/.local/lib/python3.6/site-packages/airflow/example_dags/example_dag_decorator.py for tasks to queue
[2021-07-14 20:06:58,284] {logging_mixin.py:104} INFO - [2021-07-14 20:06:58,284] {dagbag.py:496} INFO - Filling up the DagBag from /home/airflow/.local/lib/python3.6/site-packages/airflow/example_dags/example_dag_decorator.py
[2021-07-14 20:06:58,312] {scheduler_job.py:643} INFO - DAG(s) dict_keys(['example_dag_decorator']) retrieved from /home/airflow/.local/lib/python3.6/site-packages/airflow/example_dags/example_dag_decorator.py
[2021-07-14 20:06:58,559] {logging_mixin.py:104} INFO - [2021-07-14 20:06:58,559] {dag.py:1833} INFO - Sync 1 DAGs
[2021-07-14 20:06:58,577] {logging_mixin.py:104} INFO - [2021-07-14 20:06:58,577] {dag.py:2306} INFO - Setting next_dagrun for example_dag_decorator to None
[2021-07-14 20:06:58,589] {scheduler_job.py:190} INFO - Processing /home/airflow/.local/lib/python3.6/site-packages/airflow/example_dags/example_dag_decorator.py took 0.311 seconds
[2021-07-14 20:07:28,931] {scheduler_job.py:182} INFO - Started process (PID=1193) to work on /home/airflow/.local/lib/python3.6/site-packages/airflow/example_dags/example_dag_decorator.py
[2021-07-14 20:07:28,934] {scheduler_job.py:633} INFO - Processing file /home/airflow/.local/lib/python3.6/site-packages/airflow/example_dags/example_dag_decorator.py for tasks to queue
[2021-07-14 20:07:28,936] {logging_mixin.py:104} INFO - [2021-07-14 20:07:28,936] {dagbag.py:496} INFO - Filling up the DagBag from /home/airflow/.local/lib/python3.6/site-packages/airflow/example_dags/example_dag_decorator.py
[2021-07-14 20:07:28,977] {scheduler_job.py:643} INFO - DAG(s) dict_keys(['example_dag_decorator']) retrieved from /home/airflow/.local/lib/python3.6/site-packages/airflow/example_dags/example_dag_decorator.py
[2021-07-14 20:07:29,326] {logging_mixin.py:104} INFO - [2021-07-14 20:07:29,326] {dag.py:1833} INFO - Sync 1 DAGs
[2021-07-14 20:07:29,353] {logging_mixin.py:104} INFO - [2021-07-14 20:07:29,353] {dag.py:2306} INFO - Setting next_dagrun for example_dag_decorator to None
[2021-07-14 20:07:29,373] {scheduler_job.py:190} INFO - Processing /home/airflow/.local/lib/python3.6/site-packages/airflow/example_dags/example_dag_decorator.py took 0.448 seconds
[2021-07-14 20:07:59,463] {scheduler_job.py:182} INFO - Started process (PID=1248) to work on /home/airflow/.local/lib/python3.6/site-packages/airflow/example_dags/example_dag_decorator.py
[2021-07-14 20:07:59,464] {scheduler_job.py:633} INFO - Processing file /home/airflow/.local/lib/python3.6/site-packages/airflow/example_dags/example_dag_decorator.py for tasks to queue
[2021-07-14 20:07:59,464] {logging_mixin.py:104} INFO - [2021-07-14 20:07:59,464] {dagbag.py:496} INFO - Filling up the DagBag from /home/airflow/.local/lib/python3.6/site-packages/airflow/example_dags/example_dag_decorator.py
[2021-07-14 20:07:59,485] {scheduler_job.py:643} INFO - DAG(s) dict_keys(['example_dag_decorator']) retrieved from /home/airflow/.local/lib/python3.6/site-packages/airflow/example_dags/example_dag_decorator.py
[2021-07-14 20:07:59,728] {logging_mixin.py:104} INFO - [2021-07-14 20:07:59,727] {dag.py:1833} INFO - Sync 1 DAGs
[2021-07-14 20:07:59,744] {logging_mixin.py:104} INFO - [2021-07-14 20:07:59,744] {dag.py:2306} INFO - Setting next_dagrun for example_dag_decorator to None
[2021-07-14 20:07:59,758] {scheduler_job.py:190} INFO - Processing /home/airflow/.local/lib/python3.6/site-packages/airflow/example_dags/example_dag_decorator.py took 0.298 seconds
[2021-07-14 20:08:30,130] {scheduler_job.py:182} INFO - Started process (PID=1313) to work on /home/airflow/.local/lib/python3.6/site-packages/airflow/example_dags/example_dag_decorator.py
[2021-07-14 20:08:30,132] {scheduler_job.py:633} INFO - Processing file /home/airflow/.local/lib/python3.6/site-packages/airflow/example_dags/example_dag_decorator.py for tasks to queue
[2021-07-14 20:08:30,132] {logging_mixin.py:104} INFO - [2021-07-14 20:08:30,132] {dagbag.py:496} INFO - Filling up the DagBag from /home/airflow/.local/lib/python3.6/site-packages/airflow/example_dags/example_dag_decorator.py
[2021-07-14 20:08:30,153] {scheduler_job.py:643} INFO - DAG(s) dict_keys(['example_dag_decorator']) retrieved from /home/airflow/.local/lib/python3.6/site-packages/airflow/example_dags/example_dag_decorator.py
[2021-07-14 20:08:30,414] {logging_mixin.py:104} INFO - [2021-07-14 20:08:30,413] {dag.py:1833} INFO - Sync 1 DAGs
[2021-07-14 20:08:30,431] {logging_mixin.py:104} INFO - [2021-07-14 20:08:30,431] {dag.py:2306} INFO - Setting next_dagrun for example_dag_decorator to None
[2021-07-14 20:08:30,444] {scheduler_job.py:190} INFO - Processing /home/airflow/.local/lib/python3.6/site-packages/airflow/example_dags/example_dag_decorator.py took 0.317 seconds
[2021-07-14 20:09:00,848] {scheduler_job.py:182} INFO - Started process (PID=1366) to work on /home/airflow/.local/lib/python3.6/site-packages/airflow/example_dags/example_dag_decorator.py
[2021-07-14 20:09:00,849] {scheduler_job.py:633} INFO - Processing file /home/airflow/.local/lib/python3.6/site-packages/airflow/example_dags/example_dag_decorator.py for tasks to queue
[2021-07-14 20:09:00,850] {logging_mixin.py:104} INFO - [2021-07-14 20:09:00,850] {dagbag.py:496} INFO - Filling up the DagBag from /home/airflow/.local/lib/python3.6/site-packages/airflow/example_dags/example_dag_decorator.py
[2021-07-14 20:09:00,868] {scheduler_job.py:643} INFO - DAG(s) dict_keys(['example_dag_decorator']) retrieved from /home/airflow/.local/lib/python3.6/site-packages/airflow/example_dags/example_dag_decorator.py
[2021-07-14 20:09:01,058] {logging_mixin.py:104} INFO - [2021-07-14 20:09:01,058] {dag.py:1833} INFO - Sync 1 DAGs
[2021-07-14 20:09:01,072] {logging_mixin.py:104} INFO - [2021-07-14 20:09:01,072] {dag.py:2306} INFO - Setting next_dagrun for example_dag_decorator to None
[2021-07-14 20:09:01,085] {scheduler_job.py:190} INFO - Processing /home/airflow/.local/lib/python3.6/site-packages/airflow/example_dags/example_dag_decorator.py took 0.240 seconds
[2021-07-14 20:09:31,322] {scheduler_job.py:182} INFO - Started process (PID=1430) to work on /home/airflow/.local/lib/python3.6/site-packages/airflow/example_dags/example_dag_decorator.py
[2021-07-14 20:09:31,324] {scheduler_job.py:633} INFO - Processing file /home/airflow/.local/lib/python3.6/site-packages/airflow/example_dags/example_dag_decorator.py for tasks to queue
[2021-07-14 20:09:31,325] {logging_mixin.py:104} INFO - [2021-07-14 20:09:31,325] {dagbag.py:496} INFO - Filling up the DagBag from /home/airflow/.local/lib/python3.6/site-packages/airflow/example_dags/example_dag_decorator.py
[2021-07-14 20:09:31,352] {scheduler_job.py:643} INFO - DAG(s) dict_keys(['example_dag_decorator']) retrieved from /home/airflow/.local/lib/python3.6/site-packages/airflow/example_dags/example_dag_decorator.py
[2021-07-14 20:09:31,615] {logging_mixin.py:104} INFO - [2021-07-14 20:09:31,615] {dag.py:1833} INFO - Sync 1 DAGs
[2021-07-14 20:09:31,628] {logging_mixin.py:104} INFO - [2021-07-14 20:09:31,628] {dag.py:2306} INFO - Setting next_dagrun for example_dag_decorator to None
[2021-07-14 20:09:31,644] {scheduler_job.py:190} INFO - Processing /home/airflow/.local/lib/python3.6/site-packages/airflow/example_dags/example_dag_decorator.py took 0.325 seconds
[2021-07-14 20:10:01,749] {scheduler_job.py:182} INFO - Started process (PID=1485) to work on /home/airflow/.local/lib/python3.6/site-packages/airflow/example_dags/example_dag_decorator.py
[2021-07-14 20:10:01,751] {scheduler_job.py:633} INFO - Processing file /home/airflow/.local/lib/python3.6/site-packages/airflow/example_dags/example_dag_decorator.py for tasks to queue
[2021-07-14 20:10:01,752] {logging_mixin.py:104} INFO - [2021-07-14 20:10:01,752] {dagbag.py:496} INFO - Filling up the DagBag from /home/airflow/.local/lib/python3.6/site-packages/airflow/example_dags/example_dag_decorator.py
[2021-07-14 20:10:01,780] {scheduler_job.py:643} INFO - DAG(s) dict_keys(['example_dag_decorator']) retrieved from /home/airflow/.local/lib/python3.6/site-packages/airflow/example_dags/example_dag_decorator.py
[2021-07-14 20:10:02,129] {logging_mixin.py:104} INFO - [2021-07-14 20:10:02,129] {dag.py:1833} INFO - Sync 1 DAGs
[2021-07-14 20:10:02,149] {logging_mixin.py:104} INFO - [2021-07-14 20:10:02,149] {dag.py:2306} INFO - Setting next_dagrun for example_dag_decorator to None
[2021-07-14 20:10:02,167] {scheduler_job.py:190} INFO - Processing /home/airflow/.local/lib/python3.6/site-packages/airflow/example_dags/example_dag_decorator.py took 0.421 seconds
[2021-07-14 20:10:32,839] {scheduler_job.py:182} INFO - Started process (PID=1548) to work on /home/airflow/.local/lib/python3.6/site-packages/airflow/example_dags/example_dag_decorator.py
[2021-07-14 20:10:32,841] {scheduler_job.py:633} INFO - Processing file /home/airflow/.local/lib/python3.6/site-packages/airflow/example_dags/example_dag_decorator.py for tasks to queue
[2021-07-14 20:10:32,842] {logging_mixin.py:104} INFO - [2021-07-14 20:10:32,842] {dagbag.py:496} INFO - Filling up the DagBag from /home/airflow/.local/lib/python3.6/site-packages/airflow/example_dags/example_dag_decorator.py
[2021-07-14 20:10:32,859] {scheduler_job.py:643} INFO - DAG(s) dict_keys(['example_dag_decorator']) retrieved from /home/airflow/.local/lib/python3.6/site-packages/airflow/example_dags/example_dag_decorator.py
[2021-07-14 20:10:33,020] {logging_mixin.py:104} INFO - [2021-07-14 20:10:33,019] {dag.py:1833} INFO - Sync 1 DAGs
[2021-07-14 20:10:33,032] {logging_mixin.py:104} INFO - [2021-07-14 20:10:33,032] {dag.py:2306} INFO - Setting next_dagrun for example_dag_decorator to None
[2021-07-14 20:10:33,043] {scheduler_job.py:190} INFO - Processing /home/airflow/.local/lib/python3.6/site-packages/airflow/example_dags/example_dag_decorator.py took 0.209 seconds
[2021-07-14 20:11:03,294] {scheduler_job.py:182} INFO - Started process (PID=1613) to work on /home/airflow/.local/lib/python3.6/site-packages/airflow/example_dags/example_dag_decorator.py
[2021-07-14 20:11:03,295] {scheduler_job.py:633} INFO - Processing file /home/airflow/.local/lib/python3.6/site-packages/airflow/example_dags/example_dag_decorator.py for tasks to queue
[2021-07-14 20:11:03,296] {logging_mixin.py:104} INFO - [2021-07-14 20:11:03,295] {dagbag.py:496} INFO - Filling up the DagBag from /home/airflow/.local/lib/python3.6/site-packages/airflow/example_dags/example_dag_decorator.py
[2021-07-14 20:11:03,313] {scheduler_job.py:643} INFO - DAG(s) dict_keys(['example_dag_decorator']) retrieved from /home/airflow/.local/lib/python3.6/site-packages/airflow/example_dags/example_dag_decorator.py
[2021-07-14 20:11:03,333] {logging_mixin.py:104} INFO - [2021-07-14 20:11:03,333] {dag.py:1833} INFO - Sync 1 DAGs
[2021-07-14 20:11:03,349] {logging_mixin.py:104} INFO - [2021-07-14 20:11:03,349] {dag.py:2306} INFO - Setting next_dagrun for example_dag_decorator to None
[2021-07-14 20:11:03,360] {scheduler_job.py:190} INFO - Processing /home/airflow/.local/lib/python3.6/site-packages/airflow/example_dags/example_dag_decorator.py took 0.069 seconds
[2021-07-14 20:11:33,874] {scheduler_job.py:182} INFO - Started process (PID=1667) to work on /home/airflow/.local/lib/python3.6/site-packages/airflow/example_dags/example_dag_decorator.py
[2021-07-14 20:11:33,876] {scheduler_job.py:633} INFO - Processing file /home/airflow/.local/lib/python3.6/site-packages/airflow/example_dags/example_dag_decorator.py for tasks to queue
[2021-07-14 20:11:33,877] {logging_mixin.py:104} INFO - [2021-07-14 20:11:33,877] {dagbag.py:496} INFO - Filling up the DagBag from /home/airflow/.local/lib/python3.6/site-packages/airflow/example_dags/example_dag_decorator.py
[2021-07-14 20:11:33,914] {scheduler_job.py:643} INFO - DAG(s) dict_keys(['example_dag_decorator']) retrieved from /home/airflow/.local/lib/python3.6/site-packages/airflow/example_dags/example_dag_decorator.py
[2021-07-14 20:11:34,244] {logging_mixin.py:104} INFO - [2021-07-14 20:11:34,243] {dag.py:1833} INFO - Sync 1 DAGs
[2021-07-14 20:11:34,261] {logging_mixin.py:104} INFO - [2021-07-14 20:11:34,261] {dag.py:2306} INFO - Setting next_dagrun for example_dag_decorator to None
[2021-07-14 20:11:34,273] {scheduler_job.py:190} INFO - Processing /home/airflow/.local/lib/python3.6/site-packages/airflow/example_dags/example_dag_decorator.py took 0.404 seconds
[2021-07-14 20:12:04,339] {scheduler_job.py:182} INFO - Started process (PID=1733) to work on /home/airflow/.local/lib/python3.6/site-packages/airflow/example_dags/example_dag_decorator.py
[2021-07-14 20:12:04,340] {scheduler_job.py:633} INFO - Processing file /home/airflow/.local/lib/python3.6/site-packages/airflow/example_dags/example_dag_decorator.py for tasks to queue
[2021-07-14 20:12:04,341] {logging_mixin.py:104} INFO - [2021-07-14 20:12:04,341] {dagbag.py:496} INFO - Filling up the DagBag from /home/airflow/.local/lib/python3.6/site-packages/airflow/example_dags/example_dag_decorator.py
[2021-07-14 20:12:04,357] {scheduler_job.py:643} INFO - DAG(s) dict_keys(['example_dag_decorator']) retrieved from /home/airflow/.local/lib/python3.6/site-packages/airflow/example_dags/example_dag_decorator.py
[2021-07-14 20:12:04,376] {logging_mixin.py:104} INFO - [2021-07-14 20:12:04,376] {dag.py:1833} INFO - Sync 1 DAGs
[2021-07-14 20:12:04,389] {logging_mixin.py:104} INFO - [2021-07-14 20:12:04,389] {dag.py:2306} INFO - Setting next_dagrun for example_dag_decorator to None
[2021-07-14 20:12:04,398] {scheduler_job.py:190} INFO - Processing /home/airflow/.local/lib/python3.6/site-packages/airflow/example_dags/example_dag_decorator.py took 0.061 seconds
[2021-07-14 20:12:34,460] {scheduler_job.py:182} INFO - Started process (PID=1787) to work on /home/airflow/.local/lib/python3.6/site-packages/airflow/example_dags/example_dag_decorator.py
[2021-07-14 20:12:34,461] {scheduler_job.py:633} INFO - Processing file /home/airflow/.local/lib/python3.6/site-packages/airflow/example_dags/example_dag_decorator.py for tasks to queue
[2021-07-14 20:12:34,462] {logging_mixin.py:104} INFO - [2021-07-14 20:12:34,462] {dagbag.py:496} INFO - Filling up the DagBag from /home/airflow/.local/lib/python3.6/site-packages/airflow/example_dags/example_dag_decorator.py
[2021-07-14 20:12:34,480] {scheduler_job.py:643} INFO - DAG(s) dict_keys(['example_dag_decorator']) retrieved from /home/airflow/.local/lib/python3.6/site-packages/airflow/example_dags/example_dag_decorator.py
[2021-07-14 20:12:34,688] {logging_mixin.py:104} INFO - [2021-07-14 20:12:34,688] {dag.py:1833} INFO - Sync 1 DAGs
[2021-07-14 20:12:34,704] {logging_mixin.py:104} INFO - [2021-07-14 20:12:34,704] {dag.py:2306} INFO - Setting next_dagrun for example_dag_decorator to None
[2021-07-14 20:12:34,720] {scheduler_job.py:190} INFO - Processing /home/airflow/.local/lib/python3.6/site-packages/airflow/example_dags/example_dag_decorator.py took 0.262 seconds
[2021-07-14 20:13:04,926] {scheduler_job.py:182} INFO - Started process (PID=1852) to work on /home/airflow/.local/lib/python3.6/site-packages/airflow/example_dags/example_dag_decorator.py
[2021-07-14 20:13:04,927] {scheduler_job.py:633} INFO - Processing file /home/airflow/.local/lib/python3.6/site-packages/airflow/example_dags/example_dag_decorator.py for tasks to queue
[2021-07-14 20:13:04,927] {logging_mixin.py:104} INFO - [2021-07-14 20:13:04,927] {dagbag.py:496} INFO - Filling up the DagBag from /home/airflow/.local/lib/python3.6/site-packages/airflow/example_dags/example_dag_decorator.py
[2021-07-14 20:13:04,944] {scheduler_job.py:643} INFO - DAG(s) dict_keys(['example_dag_decorator']) retrieved from /home/airflow/.local/lib/python3.6/site-packages/airflow/example_dags/example_dag_decorator.py
[2021-07-14 20:13:05,107] {logging_mixin.py:104} INFO - [2021-07-14 20:13:05,107] {dag.py:1833} INFO - Sync 1 DAGs
[2021-07-14 20:13:05,120] {logging_mixin.py:104} INFO - [2021-07-14 20:13:05,120] {dag.py:2306} INFO - Setting next_dagrun for example_dag_decorator to None
[2021-07-14 20:13:05,138] {scheduler_job.py:190} INFO - Processing /home/airflow/.local/lib/python3.6/site-packages/airflow/example_dags/example_dag_decorator.py took 0.216 seconds
[2021-07-14 20:13:35,904] {scheduler_job.py:182} INFO - Started process (PID=1906) to work on /home/airflow/.local/lib/python3.6/site-packages/airflow/example_dags/example_dag_decorator.py
[2021-07-14 20:13:35,906] {scheduler_job.py:633} INFO - Processing file /home/airflow/.local/lib/python3.6/site-packages/airflow/example_dags/example_dag_decorator.py for tasks to queue
[2021-07-14 20:13:35,907] {logging_mixin.py:104} INFO - [2021-07-14 20:13:35,907] {dagbag.py:496} INFO - Filling up the DagBag from /home/airflow/.local/lib/python3.6/site-packages/airflow/example_dags/example_dag_decorator.py
[2021-07-14 20:13:35,926] {scheduler_job.py:643} INFO - DAG(s) dict_keys(['example_dag_decorator']) retrieved from /home/airflow/.local/lib/python3.6/site-packages/airflow/example_dags/example_dag_decorator.py
[2021-07-14 20:13:36,096] {logging_mixin.py:104} INFO - [2021-07-14 20:13:36,096] {dag.py:1833} INFO - Sync 1 DAGs
[2021-07-14 20:13:36,109] {logging_mixin.py:104} INFO - [2021-07-14 20:13:36,108] {dag.py:2306} INFO - Setting next_dagrun for example_dag_decorator to None
[2021-07-14 20:13:36,119] {scheduler_job.py:190} INFO - Processing /home/airflow/.local/lib/python3.6/site-packages/airflow/example_dags/example_dag_decorator.py took 0.220 seconds
[2021-07-14 20:14:06,141] {scheduler_job.py:182} INFO - Started process (PID=1971) to work on /home/airflow/.local/lib/python3.6/site-packages/airflow/example_dags/example_dag_decorator.py
[2021-07-14 20:14:06,142] {scheduler_job.py:633} INFO - Processing file /home/airflow/.local/lib/python3.6/site-packages/airflow/example_dags/example_dag_decorator.py for tasks to queue
[2021-07-14 20:14:06,143] {logging_mixin.py:104} INFO - [2021-07-14 20:14:06,142] {dagbag.py:496} INFO - Filling up the DagBag from /home/airflow/.local/lib/python3.6/site-packages/airflow/example_dags/example_dag_decorator.py
[2021-07-14 20:14:06,160] {scheduler_job.py:643} INFO - DAG(s) dict_keys(['example_dag_decorator']) retrieved from /home/airflow/.local/lib/python3.6/site-packages/airflow/example_dags/example_dag_decorator.py
[2021-07-14 20:14:06,181] {logging_mixin.py:104} INFO - [2021-07-14 20:14:06,181] {dag.py:1833} INFO - Sync 1 DAGs
[2021-07-14 20:14:06,196] {logging_mixin.py:104} INFO - [2021-07-14 20:14:06,196] {dag.py:2306} INFO - Setting next_dagrun for example_dag_decorator to None
[2021-07-14 20:14:06,206] {scheduler_job.py:190} INFO - Processing /home/airflow/.local/lib/python3.6/site-packages/airflow/example_dags/example_dag_decorator.py took 0.068 seconds
[2021-07-14 20:14:36,467] {scheduler_job.py:182} INFO - Started process (PID=2034) to work on /home/airflow/.local/lib/python3.6/site-packages/airflow/example_dags/example_dag_decorator.py
[2021-07-14 20:14:36,468] {scheduler_job.py:633} INFO - Processing file /home/airflow/.local/lib/python3.6/site-packages/airflow/example_dags/example_dag_decorator.py for tasks to queue
[2021-07-14 20:14:36,469] {logging_mixin.py:104} INFO - [2021-07-14 20:14:36,469] {dagbag.py:496} INFO - Filling up the DagBag from /home/airflow/.local/lib/python3.6/site-packages/airflow/example_dags/example_dag_decorator.py
[2021-07-14 20:14:36,496] {scheduler_job.py:643} INFO - DAG(s) dict_keys(['example_dag_decorator']) retrieved from /home/airflow/.local/lib/python3.6/site-packages/airflow/example_dags/example_dag_decorator.py
[2021-07-14 20:14:36,753] {logging_mixin.py:104} INFO - [2021-07-14 20:14:36,753] {dag.py:1833} INFO - Sync 1 DAGs
[2021-07-14 20:14:36,767] {logging_mixin.py:104} INFO - [2021-07-14 20:14:36,767] {dag.py:2306} INFO - Setting next_dagrun for example_dag_decorator to None
[2021-07-14 20:14:36,780] {scheduler_job.py:190} INFO - Processing /home/airflow/.local/lib/python3.6/site-packages/airflow/example_dags/example_dag_decorator.py took 0.316 seconds
[2021-07-14 20:15:06,894] {scheduler_job.py:182} INFO - Started process (PID=2088) to work on /home/airflow/.local/lib/python3.6/site-packages/airflow/example_dags/example_dag_decorator.py
[2021-07-14 20:15:06,896] {scheduler_job.py:633} INFO - Processing file /home/airflow/.local/lib/python3.6/site-packages/airflow/example_dags/example_dag_decorator.py for tasks to queue
[2021-07-14 20:15:06,897] {logging_mixin.py:104} INFO - [2021-07-14 20:15:06,897] {dagbag.py:496} INFO - Filling up the DagBag from /home/airflow/.local/lib/python3.6/site-packages/airflow/example_dags/example_dag_decorator.py
[2021-07-14 20:15:06,916] {scheduler_job.py:643} INFO - DAG(s) dict_keys(['example_dag_decorator']) retrieved from /home/airflow/.local/lib/python3.6/site-packages/airflow/example_dags/example_dag_decorator.py
[2021-07-14 20:15:07,159] {logging_mixin.py:104} INFO - [2021-07-14 20:15:07,158] {dag.py:1833} INFO - Sync 1 DAGs
[2021-07-14 20:15:07,175] {logging_mixin.py:104} INFO - [2021-07-14 20:15:07,174] {dag.py:2306} INFO - Setting next_dagrun for example_dag_decorator to None
[2021-07-14 20:15:07,188] {scheduler_job.py:190} INFO - Processing /home/airflow/.local/lib/python3.6/site-packages/airflow/example_dags/example_dag_decorator.py took 0.296 seconds
[2021-07-14 20:15:37,483] {scheduler_job.py:182} INFO - Started process (PID=2152) to work on /home/airflow/.local/lib/python3.6/site-packages/airflow/example_dags/example_dag_decorator.py
[2021-07-14 20:15:37,485] {scheduler_job.py:633} INFO - Processing file /home/airflow/.local/lib/python3.6/site-packages/airflow/example_dags/example_dag_decorator.py for tasks to queue
[2021-07-14 20:15:37,486] {logging_mixin.py:104} INFO - [2021-07-14 20:15:37,486] {dagbag.py:496} INFO - Filling up the DagBag from /home/airflow/.local/lib/python3.6/site-packages/airflow/example_dags/example_dag_decorator.py
[2021-07-14 20:15:37,508] {scheduler_job.py:643} INFO - DAG(s) dict_keys(['example_dag_decorator']) retrieved from /home/airflow/.local/lib/python3.6/site-packages/airflow/example_dags/example_dag_decorator.py
[2021-07-14 20:15:37,737] {logging_mixin.py:104} INFO - [2021-07-14 20:15:37,737] {dag.py:1833} INFO - Sync 1 DAGs
[2021-07-14 20:15:37,753] {logging_mixin.py:104} INFO - [2021-07-14 20:15:37,753] {dag.py:2306} INFO - Setting next_dagrun for example_dag_decorator to None
[2021-07-14 20:15:37,766] {scheduler_job.py:190} INFO - Processing /home/airflow/.local/lib/python3.6/site-packages/airflow/example_dags/example_dag_decorator.py took 0.289 seconds
[2021-07-14 20:16:08,406] {scheduler_job.py:182} INFO - Started process (PID=2206) to work on /home/airflow/.local/lib/python3.6/site-packages/airflow/example_dags/example_dag_decorator.py
[2021-07-14 20:16:08,407] {scheduler_job.py:633} INFO - Processing file /home/airflow/.local/lib/python3.6/site-packages/airflow/example_dags/example_dag_decorator.py for tasks to queue
[2021-07-14 20:16:08,409] {logging_mixin.py:104} INFO - [2021-07-14 20:16:08,408] {dagbag.py:496} INFO - Filling up the DagBag from /home/airflow/.local/lib/python3.6/site-packages/airflow/example_dags/example_dag_decorator.py
[2021-07-14 20:16:08,447] {scheduler_job.py:643} INFO - DAG(s) dict_keys(['example_dag_decorator']) retrieved from /home/airflow/.local/lib/python3.6/site-packages/airflow/example_dags/example_dag_decorator.py
[2021-07-14 20:16:08,487] {logging_mixin.py:104} INFO - [2021-07-14 20:16:08,487] {dag.py:1833} INFO - Sync 1 DAGs
[2021-07-14 20:16:08,514] {logging_mixin.py:104} INFO - [2021-07-14 20:16:08,514] {dag.py:2306} INFO - Setting next_dagrun for example_dag_decorator to None
[2021-07-14 20:16:08,534] {scheduler_job.py:190} INFO - Processing /home/airflow/.local/lib/python3.6/site-packages/airflow/example_dags/example_dag_decorator.py took 0.132 seconds
[2021-07-14 20:16:39,017] {scheduler_job.py:182} INFO - Started process (PID=2268) to work on /home/airflow/.local/lib/python3.6/site-packages/airflow/example_dags/example_dag_decorator.py
[2021-07-14 20:16:39,019] {scheduler_job.py:633} INFO - Processing file /home/airflow/.local/lib/python3.6/site-packages/airflow/example_dags/example_dag_decorator.py for tasks to queue
[2021-07-14 20:16:39,020] {logging_mixin.py:104} INFO - [2021-07-14 20:16:39,020] {dagbag.py:496} INFO - Filling up the DagBag from /home/airflow/.local/lib/python3.6/site-packages/airflow/example_dags/example_dag_decorator.py
[2021-07-14 20:16:39,039] {scheduler_job.py:643} INFO - DAG(s) dict_keys(['example_dag_decorator']) retrieved from /home/airflow/.local/lib/python3.6/site-packages/airflow/example_dags/example_dag_decorator.py
[2021-07-14 20:16:39,261] {logging_mixin.py:104} INFO - [2021-07-14 20:16:39,261] {dag.py:1833} INFO - Sync 1 DAGs
[2021-07-14 20:16:39,278] {logging_mixin.py:104} INFO - [2021-07-14 20:16:39,278] {dag.py:2306} INFO - Setting next_dagrun for example_dag_decorator to None
[2021-07-14 20:16:39,289] {scheduler_job.py:190} INFO - Processing /home/airflow/.local/lib/python3.6/site-packages/airflow/example_dags/example_dag_decorator.py took 0.274 seconds
[2021-07-14 20:17:09,381] {scheduler_job.py:182} INFO - Started process (PID=2321) to work on /home/airflow/.local/lib/python3.6/site-packages/airflow/example_dags/example_dag_decorator.py
[2021-07-14 20:17:09,383] {scheduler_job.py:633} INFO - Processing file /home/airflow/.local/lib/python3.6/site-packages/airflow/example_dags/example_dag_decorator.py for tasks to queue
[2021-07-14 20:17:09,383] {logging_mixin.py:104} INFO - [2021-07-14 20:17:09,383] {dagbag.py:496} INFO - Filling up the DagBag from /home/airflow/.local/lib/python3.6/site-packages/airflow/example_dags/example_dag_decorator.py
[2021-07-14 20:17:09,407] {scheduler_job.py:643} INFO - DAG(s) dict_keys(['example_dag_decorator']) retrieved from /home/airflow/.local/lib/python3.6/site-packages/airflow/example_dags/example_dag_decorator.py
[2021-07-14 20:17:09,438] {logging_mixin.py:104} INFO - [2021-07-14 20:17:09,438] {dag.py:1833} INFO - Sync 1 DAGs
[2021-07-14 20:17:09,460] {logging_mixin.py:104} INFO - [2021-07-14 20:17:09,460] {dag.py:2306} INFO - Setting next_dagrun for example_dag_decorator to None
[2021-07-14 20:17:09,473] {scheduler_job.py:190} INFO - Processing /home/airflow/.local/lib/python3.6/site-packages/airflow/example_dags/example_dag_decorator.py took 0.096 seconds
[2021-07-14 20:17:39,938] {scheduler_job.py:182} INFO - Started process (PID=2384) to work on /home/airflow/.local/lib/python3.6/site-packages/airflow/example_dags/example_dag_decorator.py
[2021-07-14 20:17:39,940] {scheduler_job.py:633} INFO - Processing file /home/airflow/.local/lib/python3.6/site-packages/airflow/example_dags/example_dag_decorator.py for tasks to queue
[2021-07-14 20:17:39,940] {logging_mixin.py:104} INFO - [2021-07-14 20:17:39,940] {dagbag.py:496} INFO - Filling up the DagBag from /home/airflow/.local/lib/python3.6/site-packages/airflow/example_dags/example_dag_decorator.py
[2021-07-14 20:17:39,963] {scheduler_job.py:643} INFO - DAG(s) dict_keys(['example_dag_decorator']) retrieved from /home/airflow/.local/lib/python3.6/site-packages/airflow/example_dags/example_dag_decorator.py
[2021-07-14 20:17:40,170] {logging_mixin.py:104} INFO - [2021-07-14 20:17:40,170] {dag.py:1833} INFO - Sync 1 DAGs
[2021-07-14 20:17:40,192] {logging_mixin.py:104} INFO - [2021-07-14 20:17:40,192] {dag.py:2306} INFO - Setting next_dagrun for example_dag_decorator to None
[2021-07-14 20:17:40,209] {scheduler_job.py:190} INFO - Processing /home/airflow/.local/lib/python3.6/site-packages/airflow/example_dags/example_dag_decorator.py took 0.274 seconds
[2021-07-14 20:18:10,631] {scheduler_job.py:182} INFO - Started process (PID=2440) to work on /home/airflow/.local/lib/python3.6/site-packages/airflow/example_dags/example_dag_decorator.py
[2021-07-14 20:18:10,632] {scheduler_job.py:633} INFO - Processing file /home/airflow/.local/lib/python3.6/site-packages/airflow/example_dags/example_dag_decorator.py for tasks to queue
[2021-07-14 20:18:10,633] {logging_mixin.py:104} INFO - [2021-07-14 20:18:10,633] {dagbag.py:496} INFO - Filling up the DagBag from /home/airflow/.local/lib/python3.6/site-packages/airflow/example_dags/example_dag_decorator.py
[2021-07-14 20:18:10,650] {scheduler_job.py:643} INFO - DAG(s) dict_keys(['example_dag_decorator']) retrieved from /home/airflow/.local/lib/python3.6/site-packages/airflow/example_dags/example_dag_decorator.py
[2021-07-14 20:18:10,957] {logging_mixin.py:104} INFO - [2021-07-14 20:18:10,957] {dag.py:1833} INFO - Sync 1 DAGs
[2021-07-14 20:18:10,970] {logging_mixin.py:104} INFO - [2021-07-14 20:18:10,969] {dag.py:2306} INFO - Setting next_dagrun for example_dag_decorator to None
[2021-07-14 20:18:10,980] {scheduler_job.py:190} INFO - Processing /home/airflow/.local/lib/python3.6/site-packages/airflow/example_dags/example_dag_decorator.py took 0.351 seconds
[2021-07-14 20:18:41,294] {scheduler_job.py:182} INFO - Started process (PID=2503) to work on /home/airflow/.local/lib/python3.6/site-packages/airflow/example_dags/example_dag_decorator.py
[2021-07-14 20:18:41,296] {scheduler_job.py:633} INFO - Processing file /home/airflow/.local/lib/python3.6/site-packages/airflow/example_dags/example_dag_decorator.py for tasks to queue
[2021-07-14 20:18:41,296] {logging_mixin.py:104} INFO - [2021-07-14 20:18:41,296] {dagbag.py:496} INFO - Filling up the DagBag from /home/airflow/.local/lib/python3.6/site-packages/airflow/example_dags/example_dag_decorator.py
[2021-07-14 20:18:41,315] {scheduler_job.py:643} INFO - DAG(s) dict_keys(['example_dag_decorator']) retrieved from /home/airflow/.local/lib/python3.6/site-packages/airflow/example_dags/example_dag_decorator.py
[2021-07-14 20:18:41,523] {logging_mixin.py:104} INFO - [2021-07-14 20:18:41,523] {dag.py:1833} INFO - Sync 1 DAGs
[2021-07-14 20:18:41,537] {logging_mixin.py:104} INFO - [2021-07-14 20:18:41,536] {dag.py:2306} INFO - Setting next_dagrun for example_dag_decorator to None
[2021-07-14 20:18:41,549] {scheduler_job.py:190} INFO - Processing /home/airflow/.local/lib/python3.6/site-packages/airflow/example_dags/example_dag_decorator.py took 0.257 seconds
[2021-07-14 20:19:11,657] {scheduler_job.py:182} INFO - Started process (PID=2556) to work on /home/airflow/.local/lib/python3.6/site-packages/airflow/example_dags/example_dag_decorator.py
[2021-07-14 20:19:11,658] {scheduler_job.py:633} INFO - Processing file /home/airflow/.local/lib/python3.6/site-packages/airflow/example_dags/example_dag_decorator.py for tasks to queue
[2021-07-14 20:19:11,659] {logging_mixin.py:104} INFO - [2021-07-14 20:19:11,659] {dagbag.py:496} INFO - Filling up the DagBag from /home/airflow/.local/lib/python3.6/site-packages/airflow/example_dags/example_dag_decorator.py
[2021-07-14 20:19:11,679] {scheduler_job.py:643} INFO - DAG(s) dict_keys(['example_dag_decorator']) retrieved from /home/airflow/.local/lib/python3.6/site-packages/airflow/example_dags/example_dag_decorator.py
[2021-07-14 20:19:11,700] {logging_mixin.py:104} INFO - [2021-07-14 20:19:11,700] {dag.py:1833} INFO - Sync 1 DAGs
[2021-07-14 20:19:11,717] {logging_mixin.py:104} INFO - [2021-07-14 20:19:11,717] {dag.py:2306} INFO - Setting next_dagrun for example_dag_decorator to None
[2021-07-14 20:19:11,729] {scheduler_job.py:190} INFO - Processing /home/airflow/.local/lib/python3.6/site-packages/airflow/example_dags/example_dag_decorator.py took 0.074 seconds
[2021-07-14 20:19:41,906] {scheduler_job.py:182} INFO - Started process (PID=2620) to work on /home/airflow/.local/lib/python3.6/site-packages/airflow/example_dags/example_dag_decorator.py
[2021-07-14 20:19:41,907] {scheduler_job.py:633} INFO - Processing file /home/airflow/.local/lib/python3.6/site-packages/airflow/example_dags/example_dag_decorator.py for tasks to queue
[2021-07-14 20:19:41,908] {logging_mixin.py:104} INFO - [2021-07-14 20:19:41,908] {dagbag.py:496} INFO - Filling up the DagBag from /home/airflow/.local/lib/python3.6/site-packages/airflow/example_dags/example_dag_decorator.py
[2021-07-14 20:19:41,942] {scheduler_job.py:643} INFO - DAG(s) dict_keys(['example_dag_decorator']) retrieved from /home/airflow/.local/lib/python3.6/site-packages/airflow/example_dags/example_dag_decorator.py
[2021-07-14 20:19:42,267] {logging_mixin.py:104} INFO - [2021-07-14 20:19:42,266] {dag.py:1833} INFO - Sync 1 DAGs
[2021-07-14 20:19:42,288] {logging_mixin.py:104} INFO - [2021-07-14 20:19:42,288] {dag.py:2306} INFO - Setting next_dagrun for example_dag_decorator to None
[2021-07-14 20:19:42,306] {scheduler_job.py:190} INFO - Processing /home/airflow/.local/lib/python3.6/site-packages/airflow/example_dags/example_dag_decorator.py took 0.404 seconds
[2021-07-14 20:20:12,927] {scheduler_job.py:182} INFO - Started process (PID=2672) to work on /home/airflow/.local/lib/python3.6/site-packages/airflow/example_dags/example_dag_decorator.py
[2021-07-14 20:20:12,928] {scheduler_job.py:633} INFO - Processing file /home/airflow/.local/lib/python3.6/site-packages/airflow/example_dags/example_dag_decorator.py for tasks to queue
[2021-07-14 20:20:12,929] {logging_mixin.py:104} INFO - [2021-07-14 20:20:12,929] {dagbag.py:496} INFO - Filling up the DagBag from /home/airflow/.local/lib/python3.6/site-packages/airflow/example_dags/example_dag_decorator.py
[2021-07-14 20:20:12,952] {scheduler_job.py:643} INFO - DAG(s) dict_keys(['example_dag_decorator']) retrieved from /home/airflow/.local/lib/python3.6/site-packages/airflow/example_dags/example_dag_decorator.py
[2021-07-14 20:20:13,232] {logging_mixin.py:104} INFO - [2021-07-14 20:20:13,232] {dag.py:1833} INFO - Sync 1 DAGs
[2021-07-14 20:20:13,252] {logging_mixin.py:104} INFO - [2021-07-14 20:20:13,252] {dag.py:2306} INFO - Setting next_dagrun for example_dag_decorator to None
[2021-07-14 20:20:13,268] {scheduler_job.py:190} INFO - Processing /home/airflow/.local/lib/python3.6/site-packages/airflow/example_dags/example_dag_decorator.py took 0.345 seconds
[2021-07-14 20:20:43,948] {scheduler_job.py:182} INFO - Started process (PID=2736) to work on /home/airflow/.local/lib/python3.6/site-packages/airflow/example_dags/example_dag_decorator.py
[2021-07-14 20:20:43,950] {scheduler_job.py:633} INFO - Processing file /home/airflow/.local/lib/python3.6/site-packages/airflow/example_dags/example_dag_decorator.py for tasks to queue
[2021-07-14 20:20:43,951] {logging_mixin.py:104} INFO - [2021-07-14 20:20:43,951] {dagbag.py:496} INFO - Filling up the DagBag from /home/airflow/.local/lib/python3.6/site-packages/airflow/example_dags/example_dag_decorator.py
[2021-07-14 20:20:43,981] {scheduler_job.py:643} INFO - DAG(s) dict_keys(['example_dag_decorator']) retrieved from /home/airflow/.local/lib/python3.6/site-packages/airflow/example_dags/example_dag_decorator.py
[2021-07-14 20:20:44,365] {logging_mixin.py:104} INFO - [2021-07-14 20:20:44,364] {dag.py:1833} INFO - Sync 1 DAGs
[2021-07-14 20:20:44,408] {logging_mixin.py:104} INFO - [2021-07-14 20:20:44,407] {dag.py:2306} INFO - Setting next_dagrun for example_dag_decorator to None
[2021-07-14 20:20:44,430] {scheduler_job.py:190} INFO - Processing /home/airflow/.local/lib/python3.6/site-packages/airflow/example_dags/example_dag_decorator.py took 0.486 seconds
[2021-07-14 20:21:15,313] {scheduler_job.py:182} INFO - Started process (PID=2799) to work on /home/airflow/.local/lib/python3.6/site-packages/airflow/example_dags/example_dag_decorator.py
[2021-07-14 20:21:15,314] {scheduler_job.py:633} INFO - Processing file /home/airflow/.local/lib/python3.6/site-packages/airflow/example_dags/example_dag_decorator.py for tasks to queue
[2021-07-14 20:21:15,315] {logging_mixin.py:104} INFO - [2021-07-14 20:21:15,315] {dagbag.py:496} INFO - Filling up the DagBag from /home/airflow/.local/lib/python3.6/site-packages/airflow/example_dags/example_dag_decorator.py
[2021-07-14 20:21:15,335] {scheduler_job.py:643} INFO - DAG(s) dict_keys(['example_dag_decorator']) retrieved from /home/airflow/.local/lib/python3.6/site-packages/airflow/example_dags/example_dag_decorator.py
[2021-07-14 20:21:15,356] {logging_mixin.py:104} INFO - [2021-07-14 20:21:15,356] {dag.py:1833} INFO - Sync 1 DAGs
[2021-07-14 20:21:15,375] {logging_mixin.py:104} INFO - [2021-07-14 20:21:15,374] {dag.py:2306} INFO - Setting next_dagrun for example_dag_decorator to None
[2021-07-14 20:21:15,386] {scheduler_job.py:190} INFO - Processing /home/airflow/.local/lib/python3.6/site-packages/airflow/example_dags/example_dag_decorator.py took 0.076 seconds
[2021-07-14 20:21:45,944] {scheduler_job.py:182} INFO - Started process (PID=2857) to work on /home/airflow/.local/lib/python3.6/site-packages/airflow/example_dags/example_dag_decorator.py
[2021-07-14 20:21:45,945] {scheduler_job.py:633} INFO - Processing file /home/airflow/.local/lib/python3.6/site-packages/airflow/example_dags/example_dag_decorator.py for tasks to queue
[2021-07-14 20:21:45,946] {logging_mixin.py:104} INFO - [2021-07-14 20:21:45,946] {dagbag.py:496} INFO - Filling up the DagBag from /home/airflow/.local/lib/python3.6/site-packages/airflow/example_dags/example_dag_decorator.py
[2021-07-14 20:21:45,964] {scheduler_job.py:643} INFO - DAG(s) dict_keys(['example_dag_decorator']) retrieved from /home/airflow/.local/lib/python3.6/site-packages/airflow/example_dags/example_dag_decorator.py
[2021-07-14 20:21:46,173] {logging_mixin.py:104} INFO - [2021-07-14 20:21:46,172] {dag.py:1833} INFO - Sync 1 DAGs
[2021-07-14 20:21:46,186] {logging_mixin.py:104} INFO - [2021-07-14 20:21:46,186] {dag.py:2306} INFO - Setting next_dagrun for example_dag_decorator to None
[2021-07-14 20:21:46,198] {scheduler_job.py:190} INFO - Processing /home/airflow/.local/lib/python3.6/site-packages/airflow/example_dags/example_dag_decorator.py took 0.259 seconds
