[2021-07-14 19:05:11,546] {scheduler_job.py:182} INFO - Started process (PID=62) to work on /home/airflow/.local/lib/python3.6/site-packages/airflow/example_dags/example_latest_only.py
[2021-07-14 19:05:11,549] {scheduler_job.py:633} INFO - Processing file /home/airflow/.local/lib/python3.6/site-packages/airflow/example_dags/example_latest_only.py for tasks to queue
[2021-07-14 19:05:11,551] {logging_mixin.py:104} INFO - [2021-07-14 19:05:11,551] {dagbag.py:496} INFO - Filling up the DagBag from /home/airflow/.local/lib/python3.6/site-packages/airflow/example_dags/example_latest_only.py
[2021-07-14 19:05:11,645] {scheduler_job.py:643} INFO - DAG(s) dict_keys(['latest_only']) retrieved from /home/airflow/.local/lib/python3.6/site-packages/airflow/example_dags/example_latest_only.py
[2021-07-14 19:05:13,235] {logging_mixin.py:104} INFO - [2021-07-14 19:05:13,235] {dag.py:1833} INFO - Sync 1 DAGs
[2021-07-14 19:05:13,291] {logging_mixin.py:104} INFO - [2021-07-14 19:05:13,290] {dag.py:2306} INFO - Setting next_dagrun for latest_only to 2021-07-12 00:00:00+00:00
[2021-07-14 19:05:13,379] {scheduler_job.py:190} INFO - Processing /home/airflow/.local/lib/python3.6/site-packages/airflow/example_dags/example_latest_only.py took 1.842 seconds
[2021-07-14 19:05:43,448] {scheduler_job.py:182} INFO - Started process (PID=117) to work on /home/airflow/.local/lib/python3.6/site-packages/airflow/example_dags/example_latest_only.py
[2021-07-14 19:05:43,450] {scheduler_job.py:633} INFO - Processing file /home/airflow/.local/lib/python3.6/site-packages/airflow/example_dags/example_latest_only.py for tasks to queue
[2021-07-14 19:05:43,452] {logging_mixin.py:104} INFO - [2021-07-14 19:05:43,452] {dagbag.py:496} INFO - Filling up the DagBag from /home/airflow/.local/lib/python3.6/site-packages/airflow/example_dags/example_latest_only.py
[2021-07-14 19:05:43,485] {scheduler_job.py:643} INFO - DAG(s) dict_keys(['latest_only']) retrieved from /home/airflow/.local/lib/python3.6/site-packages/airflow/example_dags/example_latest_only.py
[2021-07-14 19:05:43,527] {logging_mixin.py:104} INFO - [2021-07-14 19:05:43,527] {dag.py:1833} INFO - Sync 1 DAGs
[2021-07-14 19:05:43,562] {logging_mixin.py:104} INFO - [2021-07-14 19:05:43,562] {dag.py:2306} INFO - Setting next_dagrun for latest_only to 2021-07-12 00:00:00+00:00
[2021-07-14 19:05:43,587] {scheduler_job.py:190} INFO - Processing /home/airflow/.local/lib/python3.6/site-packages/airflow/example_dags/example_latest_only.py took 0.146 seconds
[2021-07-14 19:06:14,055] {scheduler_job.py:182} INFO - Started process (PID=177) to work on /home/airflow/.local/lib/python3.6/site-packages/airflow/example_dags/example_latest_only.py
[2021-07-14 19:06:14,057] {scheduler_job.py:633} INFO - Processing file /home/airflow/.local/lib/python3.6/site-packages/airflow/example_dags/example_latest_only.py for tasks to queue
[2021-07-14 19:06:14,058] {logging_mixin.py:104} INFO - [2021-07-14 19:06:14,058] {dagbag.py:496} INFO - Filling up the DagBag from /home/airflow/.local/lib/python3.6/site-packages/airflow/example_dags/example_latest_only.py
[2021-07-14 19:06:14,091] {scheduler_job.py:643} INFO - DAG(s) dict_keys(['latest_only']) retrieved from /home/airflow/.local/lib/python3.6/site-packages/airflow/example_dags/example_latest_only.py
[2021-07-14 19:06:14,131] {logging_mixin.py:104} INFO - [2021-07-14 19:06:14,131] {dag.py:1833} INFO - Sync 1 DAGs
[2021-07-14 19:06:14,164] {logging_mixin.py:104} INFO - [2021-07-14 19:06:14,164] {dag.py:2306} INFO - Setting next_dagrun for latest_only to 2021-07-12 00:00:00+00:00
[2021-07-14 19:06:14,184] {scheduler_job.py:190} INFO - Processing /home/airflow/.local/lib/python3.6/site-packages/airflow/example_dags/example_latest_only.py took 0.135 seconds
[2021-07-14 19:06:44,516] {scheduler_job.py:182} INFO - Started process (PID=233) to work on /home/airflow/.local/lib/python3.6/site-packages/airflow/example_dags/example_latest_only.py
[2021-07-14 19:06:44,518] {scheduler_job.py:633} INFO - Processing file /home/airflow/.local/lib/python3.6/site-packages/airflow/example_dags/example_latest_only.py for tasks to queue
[2021-07-14 19:06:44,519] {logging_mixin.py:104} INFO - [2021-07-14 19:06:44,519] {dagbag.py:496} INFO - Filling up the DagBag from /home/airflow/.local/lib/python3.6/site-packages/airflow/example_dags/example_latest_only.py
[2021-07-14 19:06:44,544] {scheduler_job.py:643} INFO - DAG(s) dict_keys(['latest_only']) retrieved from /home/airflow/.local/lib/python3.6/site-packages/airflow/example_dags/example_latest_only.py
[2021-07-14 19:06:44,583] {logging_mixin.py:104} INFO - [2021-07-14 19:06:44,583] {dag.py:1833} INFO - Sync 1 DAGs
[2021-07-14 19:06:44,611] {logging_mixin.py:104} INFO - [2021-07-14 19:06:44,611] {dag.py:2306} INFO - Setting next_dagrun for latest_only to 2021-07-12 00:00:00+00:00
[2021-07-14 19:06:44,628] {scheduler_job.py:190} INFO - Processing /home/airflow/.local/lib/python3.6/site-packages/airflow/example_dags/example_latest_only.py took 0.118 seconds
[2021-07-14 19:07:15,061] {scheduler_job.py:182} INFO - Started process (PID=287) to work on /home/airflow/.local/lib/python3.6/site-packages/airflow/example_dags/example_latest_only.py
[2021-07-14 19:07:15,063] {scheduler_job.py:633} INFO - Processing file /home/airflow/.local/lib/python3.6/site-packages/airflow/example_dags/example_latest_only.py for tasks to queue
[2021-07-14 19:07:15,065] {logging_mixin.py:104} INFO - [2021-07-14 19:07:15,065] {dagbag.py:496} INFO - Filling up the DagBag from /home/airflow/.local/lib/python3.6/site-packages/airflow/example_dags/example_latest_only.py
[2021-07-14 19:07:15,088] {scheduler_job.py:643} INFO - DAG(s) dict_keys(['latest_only']) retrieved from /home/airflow/.local/lib/python3.6/site-packages/airflow/example_dags/example_latest_only.py
[2021-07-14 19:07:15,114] {logging_mixin.py:104} INFO - [2021-07-14 19:07:15,114] {dag.py:1833} INFO - Sync 1 DAGs
[2021-07-14 19:07:15,134] {logging_mixin.py:104} INFO - [2021-07-14 19:07:15,134] {dag.py:2306} INFO - Setting next_dagrun for latest_only to 2021-07-12 00:00:00+00:00
[2021-07-14 19:07:15,152] {scheduler_job.py:190} INFO - Processing /home/airflow/.local/lib/python3.6/site-packages/airflow/example_dags/example_latest_only.py took 0.095 seconds
[2021-07-14 19:07:45,402] {scheduler_job.py:182} INFO - Started process (PID=350) to work on /home/airflow/.local/lib/python3.6/site-packages/airflow/example_dags/example_latest_only.py
[2021-07-14 19:07:45,427] {scheduler_job.py:633} INFO - Processing file /home/airflow/.local/lib/python3.6/site-packages/airflow/example_dags/example_latest_only.py for tasks to queue
[2021-07-14 19:07:45,432] {logging_mixin.py:104} INFO - [2021-07-14 19:07:45,431] {dagbag.py:496} INFO - Filling up the DagBag from /home/airflow/.local/lib/python3.6/site-packages/airflow/example_dags/example_latest_only.py
[2021-07-14 19:07:45,456] {scheduler_job.py:643} INFO - DAG(s) dict_keys(['latest_only']) retrieved from /home/airflow/.local/lib/python3.6/site-packages/airflow/example_dags/example_latest_only.py
[2021-07-14 19:07:45,512] {logging_mixin.py:104} INFO - [2021-07-14 19:07:45,511] {dag.py:1833} INFO - Sync 1 DAGs
[2021-07-14 19:07:45,550] {logging_mixin.py:104} INFO - [2021-07-14 19:07:45,550] {dag.py:2306} INFO - Setting next_dagrun for latest_only to 2021-07-12 00:00:00+00:00
[2021-07-14 19:07:45,579] {scheduler_job.py:190} INFO - Processing /home/airflow/.local/lib/python3.6/site-packages/airflow/example_dags/example_latest_only.py took 0.200 seconds
[2021-07-14 19:08:56,335] {scheduler_job.py:182} INFO - Started process (PID=44) to work on /home/airflow/.local/lib/python3.6/site-packages/airflow/example_dags/example_latest_only.py
[2021-07-14 19:08:56,336] {scheduler_job.py:633} INFO - Processing file /home/airflow/.local/lib/python3.6/site-packages/airflow/example_dags/example_latest_only.py for tasks to queue
[2021-07-14 19:08:56,336] {logging_mixin.py:104} INFO - [2021-07-14 19:08:56,336] {dagbag.py:496} INFO - Filling up the DagBag from /home/airflow/.local/lib/python3.6/site-packages/airflow/example_dags/example_latest_only.py
[2021-07-14 19:08:56,357] {scheduler_job.py:643} INFO - DAG(s) dict_keys(['latest_only']) retrieved from /home/airflow/.local/lib/python3.6/site-packages/airflow/example_dags/example_latest_only.py
[2021-07-14 19:08:56,382] {logging_mixin.py:104} INFO - [2021-07-14 19:08:56,382] {dag.py:1833} INFO - Sync 1 DAGs
[2021-07-14 19:08:56,404] {logging_mixin.py:104} INFO - [2021-07-14 19:08:56,403] {dag.py:2306} INFO - Setting next_dagrun for latest_only to 2021-07-12 00:00:00+00:00
[2021-07-14 19:08:56,429] {scheduler_job.py:190} INFO - Processing /home/airflow/.local/lib/python3.6/site-packages/airflow/example_dags/example_latest_only.py took 0.097 seconds
[2021-07-14 19:09:27,762] {scheduler_job.py:182} INFO - Started process (PID=109) to work on /home/airflow/.local/lib/python3.6/site-packages/airflow/example_dags/example_latest_only.py
[2021-07-14 19:09:27,763] {scheduler_job.py:633} INFO - Processing file /home/airflow/.local/lib/python3.6/site-packages/airflow/example_dags/example_latest_only.py for tasks to queue
[2021-07-14 19:09:27,765] {logging_mixin.py:104} INFO - [2021-07-14 19:09:27,765] {dagbag.py:496} INFO - Filling up the DagBag from /home/airflow/.local/lib/python3.6/site-packages/airflow/example_dags/example_latest_only.py
[2021-07-14 19:09:27,792] {scheduler_job.py:643} INFO - DAG(s) dict_keys(['latest_only']) retrieved from /home/airflow/.local/lib/python3.6/site-packages/airflow/example_dags/example_latest_only.py
[2021-07-14 19:09:27,838] {logging_mixin.py:104} INFO - [2021-07-14 19:09:27,838] {dag.py:1833} INFO - Sync 1 DAGs
[2021-07-14 19:09:27,871] {logging_mixin.py:104} INFO - [2021-07-14 19:09:27,871] {dag.py:2306} INFO - Setting next_dagrun for latest_only to 2021-07-12 00:00:00+00:00
[2021-07-14 19:09:27,898] {scheduler_job.py:190} INFO - Processing /home/airflow/.local/lib/python3.6/site-packages/airflow/example_dags/example_latest_only.py took 0.141 seconds
[2021-07-14 19:09:57,954] {scheduler_job.py:182} INFO - Started process (PID=162) to work on /home/airflow/.local/lib/python3.6/site-packages/airflow/example_dags/example_latest_only.py
[2021-07-14 19:09:57,955] {scheduler_job.py:633} INFO - Processing file /home/airflow/.local/lib/python3.6/site-packages/airflow/example_dags/example_latest_only.py for tasks to queue
[2021-07-14 19:09:57,956] {logging_mixin.py:104} INFO - [2021-07-14 19:09:57,956] {dagbag.py:496} INFO - Filling up the DagBag from /home/airflow/.local/lib/python3.6/site-packages/airflow/example_dags/example_latest_only.py
[2021-07-14 19:09:57,974] {scheduler_job.py:643} INFO - DAG(s) dict_keys(['latest_only']) retrieved from /home/airflow/.local/lib/python3.6/site-packages/airflow/example_dags/example_latest_only.py
[2021-07-14 19:09:57,997] {logging_mixin.py:104} INFO - [2021-07-14 19:09:57,997] {dag.py:1833} INFO - Sync 1 DAGs
[2021-07-14 19:09:58,015] {logging_mixin.py:104} INFO - [2021-07-14 19:09:58,015] {dag.py:2306} INFO - Setting next_dagrun for latest_only to 2021-07-12 00:00:00+00:00
[2021-07-14 19:09:58,031] {scheduler_job.py:190} INFO - Processing /home/airflow/.local/lib/python3.6/site-packages/airflow/example_dags/example_latest_only.py took 0.080 seconds
[2021-07-14 19:10:28,823] {scheduler_job.py:182} INFO - Started process (PID=221) to work on /home/airflow/.local/lib/python3.6/site-packages/airflow/example_dags/example_latest_only.py
[2021-07-14 19:10:28,824] {scheduler_job.py:633} INFO - Processing file /home/airflow/.local/lib/python3.6/site-packages/airflow/example_dags/example_latest_only.py for tasks to queue
[2021-07-14 19:10:28,826] {logging_mixin.py:104} INFO - [2021-07-14 19:10:28,825] {dagbag.py:496} INFO - Filling up the DagBag from /home/airflow/.local/lib/python3.6/site-packages/airflow/example_dags/example_latest_only.py
[2021-07-14 19:10:28,846] {scheduler_job.py:643} INFO - DAG(s) dict_keys(['latest_only']) retrieved from /home/airflow/.local/lib/python3.6/site-packages/airflow/example_dags/example_latest_only.py
[2021-07-14 19:10:28,878] {logging_mixin.py:104} INFO - [2021-07-14 19:10:28,877] {dag.py:1833} INFO - Sync 1 DAGs
[2021-07-14 19:10:28,907] {logging_mixin.py:104} INFO - [2021-07-14 19:10:28,907] {dag.py:2306} INFO - Setting next_dagrun for latest_only to 2021-07-12 00:00:00+00:00
[2021-07-14 19:10:28,927] {scheduler_job.py:190} INFO - Processing /home/airflow/.local/lib/python3.6/site-packages/airflow/example_dags/example_latest_only.py took 0.107 seconds
[2021-07-14 19:10:59,761] {scheduler_job.py:182} INFO - Started process (PID=284) to work on /home/airflow/.local/lib/python3.6/site-packages/airflow/example_dags/example_latest_only.py
[2021-07-14 19:10:59,762] {scheduler_job.py:633} INFO - Processing file /home/airflow/.local/lib/python3.6/site-packages/airflow/example_dags/example_latest_only.py for tasks to queue
[2021-07-14 19:10:59,764] {logging_mixin.py:104} INFO - [2021-07-14 19:10:59,763] {dagbag.py:496} INFO - Filling up the DagBag from /home/airflow/.local/lib/python3.6/site-packages/airflow/example_dags/example_latest_only.py
[2021-07-14 19:10:59,787] {scheduler_job.py:643} INFO - DAG(s) dict_keys(['latest_only']) retrieved from /home/airflow/.local/lib/python3.6/site-packages/airflow/example_dags/example_latest_only.py
[2021-07-14 19:10:59,815] {logging_mixin.py:104} INFO - [2021-07-14 19:10:59,814] {dag.py:1833} INFO - Sync 1 DAGs
[2021-07-14 19:10:59,836] {logging_mixin.py:104} INFO - [2021-07-14 19:10:59,836] {dag.py:2306} INFO - Setting next_dagrun for latest_only to 2021-07-12 00:00:00+00:00
[2021-07-14 19:10:59,850] {scheduler_job.py:190} INFO - Processing /home/airflow/.local/lib/python3.6/site-packages/airflow/example_dags/example_latest_only.py took 0.093 seconds
[2021-07-14 19:11:30,403] {scheduler_job.py:182} INFO - Started process (PID=336) to work on /home/airflow/.local/lib/python3.6/site-packages/airflow/example_dags/example_latest_only.py
[2021-07-14 19:11:30,410] {scheduler_job.py:633} INFO - Processing file /home/airflow/.local/lib/python3.6/site-packages/airflow/example_dags/example_latest_only.py for tasks to queue
[2021-07-14 19:11:30,410] {logging_mixin.py:104} INFO - [2021-07-14 19:11:30,410] {dagbag.py:496} INFO - Filling up the DagBag from /home/airflow/.local/lib/python3.6/site-packages/airflow/example_dags/example_latest_only.py
[2021-07-14 19:11:30,426] {scheduler_job.py:643} INFO - DAG(s) dict_keys(['latest_only']) retrieved from /home/airflow/.local/lib/python3.6/site-packages/airflow/example_dags/example_latest_only.py
[2021-07-14 19:11:30,452] {logging_mixin.py:104} INFO - [2021-07-14 19:11:30,452] {dag.py:1833} INFO - Sync 1 DAGs
[2021-07-14 19:11:30,474] {logging_mixin.py:104} INFO - [2021-07-14 19:11:30,474] {dag.py:2306} INFO - Setting next_dagrun for latest_only to 2021-07-12 00:00:00+00:00
[2021-07-14 19:11:30,490] {scheduler_job.py:190} INFO - Processing /home/airflow/.local/lib/python3.6/site-packages/airflow/example_dags/example_latest_only.py took 0.091 seconds
[2021-07-14 19:12:00,842] {scheduler_job.py:182} INFO - Started process (PID=400) to work on /home/airflow/.local/lib/python3.6/site-packages/airflow/example_dags/example_latest_only.py
[2021-07-14 19:12:00,843] {scheduler_job.py:633} INFO - Processing file /home/airflow/.local/lib/python3.6/site-packages/airflow/example_dags/example_latest_only.py for tasks to queue
[2021-07-14 19:12:00,844] {logging_mixin.py:104} INFO - [2021-07-14 19:12:00,844] {dagbag.py:496} INFO - Filling up the DagBag from /home/airflow/.local/lib/python3.6/site-packages/airflow/example_dags/example_latest_only.py
[2021-07-14 19:12:00,861] {scheduler_job.py:643} INFO - DAG(s) dict_keys(['latest_only']) retrieved from /home/airflow/.local/lib/python3.6/site-packages/airflow/example_dags/example_latest_only.py
[2021-07-14 19:12:00,897] {logging_mixin.py:104} INFO - [2021-07-14 19:12:00,896] {dag.py:1833} INFO - Sync 1 DAGs
[2021-07-14 19:12:00,919] {logging_mixin.py:104} INFO - [2021-07-14 19:12:00,919] {dag.py:2306} INFO - Setting next_dagrun for latest_only to 2021-07-12 00:00:00+00:00
[2021-07-14 19:12:00,935] {scheduler_job.py:190} INFO - Processing /home/airflow/.local/lib/python3.6/site-packages/airflow/example_dags/example_latest_only.py took 0.097 seconds
[2021-07-14 19:12:31,777] {scheduler_job.py:182} INFO - Started process (PID=454) to work on /home/airflow/.local/lib/python3.6/site-packages/airflow/example_dags/example_latest_only.py
[2021-07-14 19:12:31,778] {scheduler_job.py:633} INFO - Processing file /home/airflow/.local/lib/python3.6/site-packages/airflow/example_dags/example_latest_only.py for tasks to queue
[2021-07-14 19:12:31,779] {logging_mixin.py:104} INFO - [2021-07-14 19:12:31,779] {dagbag.py:496} INFO - Filling up the DagBag from /home/airflow/.local/lib/python3.6/site-packages/airflow/example_dags/example_latest_only.py
[2021-07-14 19:12:31,797] {scheduler_job.py:643} INFO - DAG(s) dict_keys(['latest_only']) retrieved from /home/airflow/.local/lib/python3.6/site-packages/airflow/example_dags/example_latest_only.py
[2021-07-14 19:12:31,824] {logging_mixin.py:104} INFO - [2021-07-14 19:12:31,824] {dag.py:1833} INFO - Sync 1 DAGs
[2021-07-14 19:12:31,845] {logging_mixin.py:104} INFO - [2021-07-14 19:12:31,845] {dag.py:2306} INFO - Setting next_dagrun for latest_only to 2021-07-12 00:00:00+00:00
[2021-07-14 19:12:31,858] {scheduler_job.py:190} INFO - Processing /home/airflow/.local/lib/python3.6/site-packages/airflow/example_dags/example_latest_only.py took 0.084 seconds
[2021-07-14 19:57:43,752] {scheduler_job.py:182} INFO - Started process (PID=44) to work on /home/airflow/.local/lib/python3.6/site-packages/airflow/example_dags/example_latest_only.py
[2021-07-14 19:57:43,753] {scheduler_job.py:633} INFO - Processing file /home/airflow/.local/lib/python3.6/site-packages/airflow/example_dags/example_latest_only.py for tasks to queue
[2021-07-14 19:57:43,754] {logging_mixin.py:104} INFO - [2021-07-14 19:57:43,754] {dagbag.py:496} INFO - Filling up the DagBag from /home/airflow/.local/lib/python3.6/site-packages/airflow/example_dags/example_latest_only.py
[2021-07-14 19:57:43,775] {scheduler_job.py:643} INFO - DAG(s) dict_keys(['latest_only']) retrieved from /home/airflow/.local/lib/python3.6/site-packages/airflow/example_dags/example_latest_only.py
[2021-07-14 19:57:43,806] {logging_mixin.py:104} INFO - [2021-07-14 19:57:43,806] {dag.py:1833} INFO - Sync 1 DAGs
[2021-07-14 19:57:43,860] {logging_mixin.py:104} INFO - [2021-07-14 19:57:43,860] {dag.py:2306} INFO - Setting next_dagrun for latest_only to 2021-07-12 00:00:00+00:00
[2021-07-14 19:57:43,883] {scheduler_job.py:190} INFO - Processing /home/airflow/.local/lib/python3.6/site-packages/airflow/example_dags/example_latest_only.py took 0.136 seconds
[2021-07-14 19:58:14,655] {scheduler_job.py:182} INFO - Started process (PID=106) to work on /home/airflow/.local/lib/python3.6/site-packages/airflow/example_dags/example_latest_only.py
[2021-07-14 19:58:14,656] {scheduler_job.py:633} INFO - Processing file /home/airflow/.local/lib/python3.6/site-packages/airflow/example_dags/example_latest_only.py for tasks to queue
[2021-07-14 19:58:14,657] {logging_mixin.py:104} INFO - [2021-07-14 19:58:14,656] {dagbag.py:496} INFO - Filling up the DagBag from /home/airflow/.local/lib/python3.6/site-packages/airflow/example_dags/example_latest_only.py
[2021-07-14 19:58:14,671] {scheduler_job.py:643} INFO - DAG(s) dict_keys(['latest_only']) retrieved from /home/airflow/.local/lib/python3.6/site-packages/airflow/example_dags/example_latest_only.py
[2021-07-14 19:58:14,691] {logging_mixin.py:104} INFO - [2021-07-14 19:58:14,691] {dag.py:1833} INFO - Sync 1 DAGs
[2021-07-14 19:58:14,707] {logging_mixin.py:104} INFO - [2021-07-14 19:58:14,707] {dag.py:2306} INFO - Setting next_dagrun for latest_only to 2021-07-12 00:00:00+00:00
[2021-07-14 19:58:14,719] {scheduler_job.py:190} INFO - Processing /home/airflow/.local/lib/python3.6/site-packages/airflow/example_dags/example_latest_only.py took 0.068 seconds
[2021-07-14 19:58:44,775] {scheduler_job.py:182} INFO - Started process (PID=161) to work on /home/airflow/.local/lib/python3.6/site-packages/airflow/example_dags/example_latest_only.py
[2021-07-14 19:58:44,777] {scheduler_job.py:633} INFO - Processing file /home/airflow/.local/lib/python3.6/site-packages/airflow/example_dags/example_latest_only.py for tasks to queue
[2021-07-14 19:58:44,778] {logging_mixin.py:104} INFO - [2021-07-14 19:58:44,777] {dagbag.py:496} INFO - Filling up the DagBag from /home/airflow/.local/lib/python3.6/site-packages/airflow/example_dags/example_latest_only.py
[2021-07-14 19:58:44,797] {scheduler_job.py:643} INFO - DAG(s) dict_keys(['latest_only']) retrieved from /home/airflow/.local/lib/python3.6/site-packages/airflow/example_dags/example_latest_only.py
[2021-07-14 19:58:44,822] {logging_mixin.py:104} INFO - [2021-07-14 19:58:44,822] {dag.py:1833} INFO - Sync 1 DAGs
[2021-07-14 19:58:44,841] {logging_mixin.py:104} INFO - [2021-07-14 19:58:44,840] {dag.py:2306} INFO - Setting next_dagrun for latest_only to 2021-07-12 00:00:00+00:00
[2021-07-14 19:58:44,853] {scheduler_job.py:190} INFO - Processing /home/airflow/.local/lib/python3.6/site-packages/airflow/example_dags/example_latest_only.py took 0.082 seconds
[2021-07-14 19:59:16,216] {scheduler_job.py:182} INFO - Started process (PID=228) to work on /home/airflow/.local/lib/python3.6/site-packages/airflow/example_dags/example_latest_only.py
[2021-07-14 19:59:16,219] {scheduler_job.py:633} INFO - Processing file /home/airflow/.local/lib/python3.6/site-packages/airflow/example_dags/example_latest_only.py for tasks to queue
[2021-07-14 19:59:16,220] {logging_mixin.py:104} INFO - [2021-07-14 19:59:16,220] {dagbag.py:496} INFO - Filling up the DagBag from /home/airflow/.local/lib/python3.6/site-packages/airflow/example_dags/example_latest_only.py
[2021-07-14 19:59:16,262] {scheduler_job.py:643} INFO - DAG(s) dict_keys(['latest_only']) retrieved from /home/airflow/.local/lib/python3.6/site-packages/airflow/example_dags/example_latest_only.py
[2021-07-14 19:59:16,299] {logging_mixin.py:104} INFO - [2021-07-14 19:59:16,299] {dag.py:1833} INFO - Sync 1 DAGs
[2021-07-14 19:59:16,326] {logging_mixin.py:104} INFO - [2021-07-14 19:59:16,326] {dag.py:2306} INFO - Setting next_dagrun for latest_only to 2021-07-12 00:00:00+00:00
[2021-07-14 19:59:16,345] {scheduler_job.py:190} INFO - Processing /home/airflow/.local/lib/python3.6/site-packages/airflow/example_dags/example_latest_only.py took 0.133 seconds
[2021-07-14 19:59:46,529] {scheduler_job.py:182} INFO - Started process (PID=281) to work on /home/airflow/.local/lib/python3.6/site-packages/airflow/example_dags/example_latest_only.py
[2021-07-14 19:59:46,531] {scheduler_job.py:633} INFO - Processing file /home/airflow/.local/lib/python3.6/site-packages/airflow/example_dags/example_latest_only.py for tasks to queue
[2021-07-14 19:59:46,532] {logging_mixin.py:104} INFO - [2021-07-14 19:59:46,531] {dagbag.py:496} INFO - Filling up the DagBag from /home/airflow/.local/lib/python3.6/site-packages/airflow/example_dags/example_latest_only.py
[2021-07-14 19:59:46,550] {scheduler_job.py:643} INFO - DAG(s) dict_keys(['latest_only']) retrieved from /home/airflow/.local/lib/python3.6/site-packages/airflow/example_dags/example_latest_only.py
[2021-07-14 19:59:46,572] {logging_mixin.py:104} INFO - [2021-07-14 19:59:46,572] {dag.py:1833} INFO - Sync 1 DAGs
[2021-07-14 19:59:46,589] {logging_mixin.py:104} INFO - [2021-07-14 19:59:46,588] {dag.py:2306} INFO - Setting next_dagrun for latest_only to 2021-07-12 00:00:00+00:00
[2021-07-14 19:59:46,600] {scheduler_job.py:190} INFO - Processing /home/airflow/.local/lib/python3.6/site-packages/airflow/example_dags/example_latest_only.py took 0.075 seconds
[2021-07-14 20:00:17,108] {scheduler_job.py:182} INFO - Started process (PID=344) to work on /home/airflow/.local/lib/python3.6/site-packages/airflow/example_dags/example_latest_only.py
[2021-07-14 20:00:17,119] {scheduler_job.py:633} INFO - Processing file /home/airflow/.local/lib/python3.6/site-packages/airflow/example_dags/example_latest_only.py for tasks to queue
[2021-07-14 20:00:17,120] {logging_mixin.py:104} INFO - [2021-07-14 20:00:17,119] {dagbag.py:496} INFO - Filling up the DagBag from /home/airflow/.local/lib/python3.6/site-packages/airflow/example_dags/example_latest_only.py
[2021-07-14 20:00:17,141] {scheduler_job.py:643} INFO - DAG(s) dict_keys(['latest_only']) retrieved from /home/airflow/.local/lib/python3.6/site-packages/airflow/example_dags/example_latest_only.py
[2021-07-14 20:00:17,175] {logging_mixin.py:104} INFO - [2021-07-14 20:00:17,175] {dag.py:1833} INFO - Sync 1 DAGs
[2021-07-14 20:00:17,202] {logging_mixin.py:104} INFO - [2021-07-14 20:00:17,202] {dag.py:2306} INFO - Setting next_dagrun for latest_only to 2021-07-12 00:00:00+00:00
[2021-07-14 20:00:17,220] {scheduler_job.py:190} INFO - Processing /home/airflow/.local/lib/python3.6/site-packages/airflow/example_dags/example_latest_only.py took 0.116 seconds
[2021-07-14 20:00:47,394] {scheduler_job.py:182} INFO - Started process (PID=396) to work on /home/airflow/.local/lib/python3.6/site-packages/airflow/example_dags/example_latest_only.py
[2021-07-14 20:00:47,395] {scheduler_job.py:633} INFO - Processing file /home/airflow/.local/lib/python3.6/site-packages/airflow/example_dags/example_latest_only.py for tasks to queue
[2021-07-14 20:00:47,395] {logging_mixin.py:104} INFO - [2021-07-14 20:00:47,395] {dagbag.py:496} INFO - Filling up the DagBag from /home/airflow/.local/lib/python3.6/site-packages/airflow/example_dags/example_latest_only.py
[2021-07-14 20:00:47,407] {scheduler_job.py:643} INFO - DAG(s) dict_keys(['latest_only']) retrieved from /home/airflow/.local/lib/python3.6/site-packages/airflow/example_dags/example_latest_only.py
[2021-07-14 20:00:47,428] {logging_mixin.py:104} INFO - [2021-07-14 20:00:47,428] {dag.py:1833} INFO - Sync 1 DAGs
[2021-07-14 20:00:47,445] {logging_mixin.py:104} INFO - [2021-07-14 20:00:47,445] {dag.py:2306} INFO - Setting next_dagrun for latest_only to 2021-07-12 00:00:00+00:00
[2021-07-14 20:00:47,456] {scheduler_job.py:190} INFO - Processing /home/airflow/.local/lib/python3.6/site-packages/airflow/example_dags/example_latest_only.py took 0.065 seconds
[2021-07-14 20:01:17,746] {scheduler_job.py:182} INFO - Started process (PID=459) to work on /home/airflow/.local/lib/python3.6/site-packages/airflow/example_dags/example_latest_only.py
[2021-07-14 20:01:17,747] {scheduler_job.py:633} INFO - Processing file /home/airflow/.local/lib/python3.6/site-packages/airflow/example_dags/example_latest_only.py for tasks to queue
[2021-07-14 20:01:17,748] {logging_mixin.py:104} INFO - [2021-07-14 20:01:17,748] {dagbag.py:496} INFO - Filling up the DagBag from /home/airflow/.local/lib/python3.6/site-packages/airflow/example_dags/example_latest_only.py
[2021-07-14 20:01:17,760] {scheduler_job.py:643} INFO - DAG(s) dict_keys(['latest_only']) retrieved from /home/airflow/.local/lib/python3.6/site-packages/airflow/example_dags/example_latest_only.py
[2021-07-14 20:01:17,789] {logging_mixin.py:104} INFO - [2021-07-14 20:01:17,789] {dag.py:1833} INFO - Sync 1 DAGs
[2021-07-14 20:01:17,814] {logging_mixin.py:104} INFO - [2021-07-14 20:01:17,814] {dag.py:2306} INFO - Setting next_dagrun for latest_only to 2021-07-12 00:00:00+00:00
[2021-07-14 20:01:17,829] {scheduler_job.py:190} INFO - Processing /home/airflow/.local/lib/python3.6/site-packages/airflow/example_dags/example_latest_only.py took 0.086 seconds
[2021-07-14 20:01:48,197] {scheduler_job.py:182} INFO - Started process (PID=513) to work on /home/airflow/.local/lib/python3.6/site-packages/airflow/example_dags/example_latest_only.py
[2021-07-14 20:01:48,198] {scheduler_job.py:633} INFO - Processing file /home/airflow/.local/lib/python3.6/site-packages/airflow/example_dags/example_latest_only.py for tasks to queue
[2021-07-14 20:01:48,198] {logging_mixin.py:104} INFO - [2021-07-14 20:01:48,198] {dagbag.py:496} INFO - Filling up the DagBag from /home/airflow/.local/lib/python3.6/site-packages/airflow/example_dags/example_latest_only.py
[2021-07-14 20:01:48,211] {scheduler_job.py:643} INFO - DAG(s) dict_keys(['latest_only']) retrieved from /home/airflow/.local/lib/python3.6/site-packages/airflow/example_dags/example_latest_only.py
[2021-07-14 20:01:48,237] {logging_mixin.py:104} INFO - [2021-07-14 20:01:48,237] {dag.py:1833} INFO - Sync 1 DAGs
[2021-07-14 20:01:48,263] {logging_mixin.py:104} INFO - [2021-07-14 20:01:48,263] {dag.py:2306} INFO - Setting next_dagrun for latest_only to 2021-07-12 00:00:00+00:00
[2021-07-14 20:01:48,274] {scheduler_job.py:190} INFO - Processing /home/airflow/.local/lib/python3.6/site-packages/airflow/example_dags/example_latest_only.py took 0.081 seconds
[2021-07-14 20:02:18,779] {scheduler_job.py:182} INFO - Started process (PID=580) to work on /home/airflow/.local/lib/python3.6/site-packages/airflow/example_dags/example_latest_only.py
[2021-07-14 20:02:18,780] {scheduler_job.py:633} INFO - Processing file /home/airflow/.local/lib/python3.6/site-packages/airflow/example_dags/example_latest_only.py for tasks to queue
[2021-07-14 20:02:18,781] {logging_mixin.py:104} INFO - [2021-07-14 20:02:18,781] {dagbag.py:496} INFO - Filling up the DagBag from /home/airflow/.local/lib/python3.6/site-packages/airflow/example_dags/example_latest_only.py
[2021-07-14 20:02:18,796] {scheduler_job.py:643} INFO - DAG(s) dict_keys(['latest_only']) retrieved from /home/airflow/.local/lib/python3.6/site-packages/airflow/example_dags/example_latest_only.py
[2021-07-14 20:02:18,822] {logging_mixin.py:104} INFO - [2021-07-14 20:02:18,822] {dag.py:1833} INFO - Sync 1 DAGs
[2021-07-14 20:02:18,846] {logging_mixin.py:104} INFO - [2021-07-14 20:02:18,846] {dag.py:2306} INFO - Setting next_dagrun for latest_only to 2021-07-12 00:00:00+00:00
[2021-07-14 20:02:18,863] {scheduler_job.py:190} INFO - Processing /home/airflow/.local/lib/python3.6/site-packages/airflow/example_dags/example_latest_only.py took 0.088 seconds
[2021-07-14 20:02:49,572] {scheduler_job.py:182} INFO - Started process (PID=634) to work on /home/airflow/.local/lib/python3.6/site-packages/airflow/example_dags/example_latest_only.py
[2021-07-14 20:02:49,573] {scheduler_job.py:633} INFO - Processing file /home/airflow/.local/lib/python3.6/site-packages/airflow/example_dags/example_latest_only.py for tasks to queue
[2021-07-14 20:02:49,574] {logging_mixin.py:104} INFO - [2021-07-14 20:02:49,574] {dagbag.py:496} INFO - Filling up the DagBag from /home/airflow/.local/lib/python3.6/site-packages/airflow/example_dags/example_latest_only.py
[2021-07-14 20:02:49,588] {scheduler_job.py:643} INFO - DAG(s) dict_keys(['latest_only']) retrieved from /home/airflow/.local/lib/python3.6/site-packages/airflow/example_dags/example_latest_only.py
[2021-07-14 20:02:49,613] {logging_mixin.py:104} INFO - [2021-07-14 20:02:49,613] {dag.py:1833} INFO - Sync 1 DAGs
[2021-07-14 20:02:49,632] {logging_mixin.py:104} INFO - [2021-07-14 20:02:49,632] {dag.py:2306} INFO - Setting next_dagrun for latest_only to 2021-07-12 00:00:00+00:00
[2021-07-14 20:02:49,645] {scheduler_job.py:190} INFO - Processing /home/airflow/.local/lib/python3.6/site-packages/airflow/example_dags/example_latest_only.py took 0.075 seconds
[2021-07-14 20:03:20,662] {scheduler_job.py:182} INFO - Started process (PID=698) to work on /home/airflow/.local/lib/python3.6/site-packages/airflow/example_dags/example_latest_only.py
[2021-07-14 20:03:20,664] {scheduler_job.py:633} INFO - Processing file /home/airflow/.local/lib/python3.6/site-packages/airflow/example_dags/example_latest_only.py for tasks to queue
[2021-07-14 20:03:20,664] {logging_mixin.py:104} INFO - [2021-07-14 20:03:20,664] {dagbag.py:496} INFO - Filling up the DagBag from /home/airflow/.local/lib/python3.6/site-packages/airflow/example_dags/example_latest_only.py
[2021-07-14 20:03:20,677] {scheduler_job.py:643} INFO - DAG(s) dict_keys(['latest_only']) retrieved from /home/airflow/.local/lib/python3.6/site-packages/airflow/example_dags/example_latest_only.py
[2021-07-14 20:03:20,698] {logging_mixin.py:104} INFO - [2021-07-14 20:03:20,698] {dag.py:1833} INFO - Sync 1 DAGs
[2021-07-14 20:03:20,716] {logging_mixin.py:104} INFO - [2021-07-14 20:03:20,716] {dag.py:2306} INFO - Setting next_dagrun for latest_only to 2021-07-12 00:00:00+00:00
[2021-07-14 20:03:20,727] {scheduler_job.py:190} INFO - Processing /home/airflow/.local/lib/python3.6/site-packages/airflow/example_dags/example_latest_only.py took 0.068 seconds
[2021-07-14 20:03:51,212] {scheduler_job.py:182} INFO - Started process (PID=751) to work on /home/airflow/.local/lib/python3.6/site-packages/airflow/example_dags/example_latest_only.py
[2021-07-14 20:03:51,213] {scheduler_job.py:633} INFO - Processing file /home/airflow/.local/lib/python3.6/site-packages/airflow/example_dags/example_latest_only.py for tasks to queue
[2021-07-14 20:03:51,214] {logging_mixin.py:104} INFO - [2021-07-14 20:03:51,214] {dagbag.py:496} INFO - Filling up the DagBag from /home/airflow/.local/lib/python3.6/site-packages/airflow/example_dags/example_latest_only.py
[2021-07-14 20:03:51,228] {scheduler_job.py:643} INFO - DAG(s) dict_keys(['latest_only']) retrieved from /home/airflow/.local/lib/python3.6/site-packages/airflow/example_dags/example_latest_only.py
[2021-07-14 20:03:51,253] {logging_mixin.py:104} INFO - [2021-07-14 20:03:51,253] {dag.py:1833} INFO - Sync 1 DAGs
[2021-07-14 20:03:51,272] {logging_mixin.py:104} INFO - [2021-07-14 20:03:51,272] {dag.py:2306} INFO - Setting next_dagrun for latest_only to 2021-07-12 00:00:00+00:00
[2021-07-14 20:03:51,283] {scheduler_job.py:190} INFO - Processing /home/airflow/.local/lib/python3.6/site-packages/airflow/example_dags/example_latest_only.py took 0.074 seconds
[2021-07-14 20:04:21,344] {scheduler_job.py:182} INFO - Started process (PID=815) to work on /home/airflow/.local/lib/python3.6/site-packages/airflow/example_dags/example_latest_only.py
[2021-07-14 20:04:21,345] {scheduler_job.py:633} INFO - Processing file /home/airflow/.local/lib/python3.6/site-packages/airflow/example_dags/example_latest_only.py for tasks to queue
[2021-07-14 20:04:21,346] {logging_mixin.py:104} INFO - [2021-07-14 20:04:21,346] {dagbag.py:496} INFO - Filling up the DagBag from /home/airflow/.local/lib/python3.6/site-packages/airflow/example_dags/example_latest_only.py
[2021-07-14 20:04:21,356] {scheduler_job.py:643} INFO - DAG(s) dict_keys(['latest_only']) retrieved from /home/airflow/.local/lib/python3.6/site-packages/airflow/example_dags/example_latest_only.py
[2021-07-14 20:04:21,375] {logging_mixin.py:104} INFO - [2021-07-14 20:04:21,375] {dag.py:1833} INFO - Sync 1 DAGs
[2021-07-14 20:04:21,389] {logging_mixin.py:104} INFO - [2021-07-14 20:04:21,389] {dag.py:2306} INFO - Setting next_dagrun for latest_only to 2021-07-12 00:00:00+00:00
[2021-07-14 20:04:21,400] {scheduler_job.py:190} INFO - Processing /home/airflow/.local/lib/python3.6/site-packages/airflow/example_dags/example_latest_only.py took 0.058 seconds
[2021-07-14 20:04:51,820] {scheduler_job.py:182} INFO - Started process (PID=871) to work on /home/airflow/.local/lib/python3.6/site-packages/airflow/example_dags/example_latest_only.py
[2021-07-14 20:04:51,823] {scheduler_job.py:633} INFO - Processing file /home/airflow/.local/lib/python3.6/site-packages/airflow/example_dags/example_latest_only.py for tasks to queue
[2021-07-14 20:04:51,824] {logging_mixin.py:104} INFO - [2021-07-14 20:04:51,823] {dagbag.py:496} INFO - Filling up the DagBag from /home/airflow/.local/lib/python3.6/site-packages/airflow/example_dags/example_latest_only.py
[2021-07-14 20:04:51,839] {scheduler_job.py:643} INFO - DAG(s) dict_keys(['latest_only']) retrieved from /home/airflow/.local/lib/python3.6/site-packages/airflow/example_dags/example_latest_only.py
[2021-07-14 20:04:51,861] {logging_mixin.py:104} INFO - [2021-07-14 20:04:51,861] {dag.py:1833} INFO - Sync 1 DAGs
[2021-07-14 20:04:51,881] {logging_mixin.py:104} INFO - [2021-07-14 20:04:51,881] {dag.py:2306} INFO - Setting next_dagrun for latest_only to 2021-07-12 00:00:00+00:00
[2021-07-14 20:04:51,893] {scheduler_job.py:190} INFO - Processing /home/airflow/.local/lib/python3.6/site-packages/airflow/example_dags/example_latest_only.py took 0.075 seconds
[2021-07-14 20:05:22,263] {scheduler_job.py:182} INFO - Started process (PID=936) to work on /home/airflow/.local/lib/python3.6/site-packages/airflow/example_dags/example_latest_only.py
[2021-07-14 20:05:22,264] {scheduler_job.py:633} INFO - Processing file /home/airflow/.local/lib/python3.6/site-packages/airflow/example_dags/example_latest_only.py for tasks to queue
[2021-07-14 20:05:22,265] {logging_mixin.py:104} INFO - [2021-07-14 20:05:22,265] {dagbag.py:496} INFO - Filling up the DagBag from /home/airflow/.local/lib/python3.6/site-packages/airflow/example_dags/example_latest_only.py
[2021-07-14 20:05:22,279] {scheduler_job.py:643} INFO - DAG(s) dict_keys(['latest_only']) retrieved from /home/airflow/.local/lib/python3.6/site-packages/airflow/example_dags/example_latest_only.py
[2021-07-14 20:05:22,300] {logging_mixin.py:104} INFO - [2021-07-14 20:05:22,300] {dag.py:1833} INFO - Sync 1 DAGs
[2021-07-14 20:05:22,319] {logging_mixin.py:104} INFO - [2021-07-14 20:05:22,319] {dag.py:2306} INFO - Setting next_dagrun for latest_only to 2021-07-12 00:00:00+00:00
[2021-07-14 20:05:22,332] {scheduler_job.py:190} INFO - Processing /home/airflow/.local/lib/python3.6/site-packages/airflow/example_dags/example_latest_only.py took 0.071 seconds
[2021-07-14 20:05:52,511] {scheduler_job.py:182} INFO - Started process (PID=1000) to work on /home/airflow/.local/lib/python3.6/site-packages/airflow/example_dags/example_latest_only.py
[2021-07-14 20:05:52,512] {scheduler_job.py:633} INFO - Processing file /home/airflow/.local/lib/python3.6/site-packages/airflow/example_dags/example_latest_only.py for tasks to queue
[2021-07-14 20:05:52,514] {logging_mixin.py:104} INFO - [2021-07-14 20:05:52,513] {dagbag.py:496} INFO - Filling up the DagBag from /home/airflow/.local/lib/python3.6/site-packages/airflow/example_dags/example_latest_only.py
[2021-07-14 20:05:52,531] {scheduler_job.py:643} INFO - DAG(s) dict_keys(['latest_only']) retrieved from /home/airflow/.local/lib/python3.6/site-packages/airflow/example_dags/example_latest_only.py
[2021-07-14 20:05:52,561] {logging_mixin.py:104} INFO - [2021-07-14 20:05:52,560] {dag.py:1833} INFO - Sync 1 DAGs
[2021-07-14 20:05:52,586] {logging_mixin.py:104} INFO - [2021-07-14 20:05:52,586] {dag.py:2306} INFO - Setting next_dagrun for latest_only to 2021-07-12 00:00:00+00:00
[2021-07-14 20:05:52,602] {scheduler_job.py:190} INFO - Processing /home/airflow/.local/lib/python3.6/site-packages/airflow/example_dags/example_latest_only.py took 0.096 seconds
[2021-07-14 20:06:22,934] {scheduler_job.py:182} INFO - Started process (PID=1053) to work on /home/airflow/.local/lib/python3.6/site-packages/airflow/example_dags/example_latest_only.py
[2021-07-14 20:06:22,935] {scheduler_job.py:633} INFO - Processing file /home/airflow/.local/lib/python3.6/site-packages/airflow/example_dags/example_latest_only.py for tasks to queue
[2021-07-14 20:06:22,936] {logging_mixin.py:104} INFO - [2021-07-14 20:06:22,936] {dagbag.py:496} INFO - Filling up the DagBag from /home/airflow/.local/lib/python3.6/site-packages/airflow/example_dags/example_latest_only.py
[2021-07-14 20:06:22,948] {scheduler_job.py:643} INFO - DAG(s) dict_keys(['latest_only']) retrieved from /home/airflow/.local/lib/python3.6/site-packages/airflow/example_dags/example_latest_only.py
[2021-07-14 20:06:22,973] {logging_mixin.py:104} INFO - [2021-07-14 20:06:22,973] {dag.py:1833} INFO - Sync 1 DAGs
[2021-07-14 20:06:23,002] {logging_mixin.py:104} INFO - [2021-07-14 20:06:23,002] {dag.py:2306} INFO - Setting next_dagrun for latest_only to 2021-07-12 00:00:00+00:00
[2021-07-14 20:06:23,017] {scheduler_job.py:190} INFO - Processing /home/airflow/.local/lib/python3.6/site-packages/airflow/example_dags/example_latest_only.py took 0.086 seconds
[2021-07-14 20:06:53,364] {scheduler_job.py:182} INFO - Started process (PID=1116) to work on /home/airflow/.local/lib/python3.6/site-packages/airflow/example_dags/example_latest_only.py
[2021-07-14 20:06:53,365] {scheduler_job.py:633} INFO - Processing file /home/airflow/.local/lib/python3.6/site-packages/airflow/example_dags/example_latest_only.py for tasks to queue
[2021-07-14 20:06:53,366] {logging_mixin.py:104} INFO - [2021-07-14 20:06:53,366] {dagbag.py:496} INFO - Filling up the DagBag from /home/airflow/.local/lib/python3.6/site-packages/airflow/example_dags/example_latest_only.py
[2021-07-14 20:06:53,378] {scheduler_job.py:643} INFO - DAG(s) dict_keys(['latest_only']) retrieved from /home/airflow/.local/lib/python3.6/site-packages/airflow/example_dags/example_latest_only.py
[2021-07-14 20:06:53,398] {logging_mixin.py:104} INFO - [2021-07-14 20:06:53,398] {dag.py:1833} INFO - Sync 1 DAGs
[2021-07-14 20:06:53,415] {logging_mixin.py:104} INFO - [2021-07-14 20:06:53,415] {dag.py:2306} INFO - Setting next_dagrun for latest_only to 2021-07-12 00:00:00+00:00
[2021-07-14 20:06:53,426] {scheduler_job.py:190} INFO - Processing /home/airflow/.local/lib/python3.6/site-packages/airflow/example_dags/example_latest_only.py took 0.065 seconds
[2021-07-14 20:07:24,000] {scheduler_job.py:182} INFO - Started process (PID=1170) to work on /home/airflow/.local/lib/python3.6/site-packages/airflow/example_dags/example_latest_only.py
[2021-07-14 20:07:24,002] {scheduler_job.py:633} INFO - Processing file /home/airflow/.local/lib/python3.6/site-packages/airflow/example_dags/example_latest_only.py for tasks to queue
[2021-07-14 20:07:24,003] {logging_mixin.py:104} INFO - [2021-07-14 20:07:24,003] {dagbag.py:496} INFO - Filling up the DagBag from /home/airflow/.local/lib/python3.6/site-packages/airflow/example_dags/example_latest_only.py
[2021-07-14 20:07:24,017] {scheduler_job.py:643} INFO - DAG(s) dict_keys(['latest_only']) retrieved from /home/airflow/.local/lib/python3.6/site-packages/airflow/example_dags/example_latest_only.py
[2021-07-14 20:07:24,044] {logging_mixin.py:104} INFO - [2021-07-14 20:07:24,044] {dag.py:1833} INFO - Sync 1 DAGs
[2021-07-14 20:07:24,064] {logging_mixin.py:104} INFO - [2021-07-14 20:07:24,064] {dag.py:2306} INFO - Setting next_dagrun for latest_only to 2021-07-12 00:00:00+00:00
[2021-07-14 20:07:24,078] {scheduler_job.py:190} INFO - Processing /home/airflow/.local/lib/python3.6/site-packages/airflow/example_dags/example_latest_only.py took 0.082 seconds
[2021-07-14 20:07:54,616] {scheduler_job.py:182} INFO - Started process (PID=1235) to work on /home/airflow/.local/lib/python3.6/site-packages/airflow/example_dags/example_latest_only.py
[2021-07-14 20:07:54,617] {scheduler_job.py:633} INFO - Processing file /home/airflow/.local/lib/python3.6/site-packages/airflow/example_dags/example_latest_only.py for tasks to queue
[2021-07-14 20:07:54,619] {logging_mixin.py:104} INFO - [2021-07-14 20:07:54,618] {dagbag.py:496} INFO - Filling up the DagBag from /home/airflow/.local/lib/python3.6/site-packages/airflow/example_dags/example_latest_only.py
[2021-07-14 20:07:54,637] {scheduler_job.py:643} INFO - DAG(s) dict_keys(['latest_only']) retrieved from /home/airflow/.local/lib/python3.6/site-packages/airflow/example_dags/example_latest_only.py
[2021-07-14 20:07:54,670] {logging_mixin.py:104} INFO - [2021-07-14 20:07:54,670] {dag.py:1833} INFO - Sync 1 DAGs
[2021-07-14 20:07:54,693] {logging_mixin.py:104} INFO - [2021-07-14 20:07:54,693] {dag.py:2306} INFO - Setting next_dagrun for latest_only to 2021-07-12 00:00:00+00:00
[2021-07-14 20:07:54,706] {scheduler_job.py:190} INFO - Processing /home/airflow/.local/lib/python3.6/site-packages/airflow/example_dags/example_latest_only.py took 0.094 seconds
[2021-07-14 20:08:25,017] {scheduler_job.py:182} INFO - Started process (PID=1290) to work on /home/airflow/.local/lib/python3.6/site-packages/airflow/example_dags/example_latest_only.py
[2021-07-14 20:08:25,018] {scheduler_job.py:633} INFO - Processing file /home/airflow/.local/lib/python3.6/site-packages/airflow/example_dags/example_latest_only.py for tasks to queue
[2021-07-14 20:08:25,019] {logging_mixin.py:104} INFO - [2021-07-14 20:08:25,019] {dagbag.py:496} INFO - Filling up the DagBag from /home/airflow/.local/lib/python3.6/site-packages/airflow/example_dags/example_latest_only.py
[2021-07-14 20:08:25,034] {scheduler_job.py:643} INFO - DAG(s) dict_keys(['latest_only']) retrieved from /home/airflow/.local/lib/python3.6/site-packages/airflow/example_dags/example_latest_only.py
[2021-07-14 20:08:25,061] {logging_mixin.py:104} INFO - [2021-07-14 20:08:25,061] {dag.py:1833} INFO - Sync 1 DAGs
[2021-07-14 20:08:25,084] {logging_mixin.py:104} INFO - [2021-07-14 20:08:25,084] {dag.py:2306} INFO - Setting next_dagrun for latest_only to 2021-07-12 00:00:00+00:00
[2021-07-14 20:08:25,099] {scheduler_job.py:190} INFO - Processing /home/airflow/.local/lib/python3.6/site-packages/airflow/example_dags/example_latest_only.py took 0.085 seconds
[2021-07-14 20:08:55,558] {scheduler_job.py:182} INFO - Started process (PID=1353) to work on /home/airflow/.local/lib/python3.6/site-packages/airflow/example_dags/example_latest_only.py
[2021-07-14 20:08:55,559] {scheduler_job.py:633} INFO - Processing file /home/airflow/.local/lib/python3.6/site-packages/airflow/example_dags/example_latest_only.py for tasks to queue
[2021-07-14 20:08:55,559] {logging_mixin.py:104} INFO - [2021-07-14 20:08:55,559] {dagbag.py:496} INFO - Filling up the DagBag from /home/airflow/.local/lib/python3.6/site-packages/airflow/example_dags/example_latest_only.py
[2021-07-14 20:08:55,571] {scheduler_job.py:643} INFO - DAG(s) dict_keys(['latest_only']) retrieved from /home/airflow/.local/lib/python3.6/site-packages/airflow/example_dags/example_latest_only.py
[2021-07-14 20:08:55,593] {logging_mixin.py:104} INFO - [2021-07-14 20:08:55,593] {dag.py:1833} INFO - Sync 1 DAGs
[2021-07-14 20:08:55,609] {logging_mixin.py:104} INFO - [2021-07-14 20:08:55,609] {dag.py:2306} INFO - Setting next_dagrun for latest_only to 2021-07-12 00:00:00+00:00
[2021-07-14 20:08:55,620] {scheduler_job.py:190} INFO - Processing /home/airflow/.local/lib/python3.6/site-packages/airflow/example_dags/example_latest_only.py took 0.066 seconds
[2021-07-14 20:09:26,108] {scheduler_job.py:182} INFO - Started process (PID=1406) to work on /home/airflow/.local/lib/python3.6/site-packages/airflow/example_dags/example_latest_only.py
[2021-07-14 20:09:26,110] {scheduler_job.py:633} INFO - Processing file /home/airflow/.local/lib/python3.6/site-packages/airflow/example_dags/example_latest_only.py for tasks to queue
[2021-07-14 20:09:26,110] {logging_mixin.py:104} INFO - [2021-07-14 20:09:26,110] {dagbag.py:496} INFO - Filling up the DagBag from /home/airflow/.local/lib/python3.6/site-packages/airflow/example_dags/example_latest_only.py
[2021-07-14 20:09:26,123] {scheduler_job.py:643} INFO - DAG(s) dict_keys(['latest_only']) retrieved from /home/airflow/.local/lib/python3.6/site-packages/airflow/example_dags/example_latest_only.py
[2021-07-14 20:09:26,147] {logging_mixin.py:104} INFO - [2021-07-14 20:09:26,146] {dag.py:1833} INFO - Sync 1 DAGs
[2021-07-14 20:09:26,164] {logging_mixin.py:104} INFO - [2021-07-14 20:09:26,164] {dag.py:2306} INFO - Setting next_dagrun for latest_only to 2021-07-12 00:00:00+00:00
[2021-07-14 20:09:26,175] {scheduler_job.py:190} INFO - Processing /home/airflow/.local/lib/python3.6/site-packages/airflow/example_dags/example_latest_only.py took 0.070 seconds
[2021-07-14 20:09:56,643] {scheduler_job.py:182} INFO - Started process (PID=1472) to work on /home/airflow/.local/lib/python3.6/site-packages/airflow/example_dags/example_latest_only.py
[2021-07-14 20:09:56,645] {scheduler_job.py:633} INFO - Processing file /home/airflow/.local/lib/python3.6/site-packages/airflow/example_dags/example_latest_only.py for tasks to queue
[2021-07-14 20:09:56,645] {logging_mixin.py:104} INFO - [2021-07-14 20:09:56,645] {dagbag.py:496} INFO - Filling up the DagBag from /home/airflow/.local/lib/python3.6/site-packages/airflow/example_dags/example_latest_only.py
[2021-07-14 20:09:56,657] {scheduler_job.py:643} INFO - DAG(s) dict_keys(['latest_only']) retrieved from /home/airflow/.local/lib/python3.6/site-packages/airflow/example_dags/example_latest_only.py
[2021-07-14 20:09:56,680] {logging_mixin.py:104} INFO - [2021-07-14 20:09:56,679] {dag.py:1833} INFO - Sync 1 DAGs
[2021-07-14 20:09:56,701] {logging_mixin.py:104} INFO - [2021-07-14 20:09:56,701] {dag.py:2306} INFO - Setting next_dagrun for latest_only to 2021-07-12 00:00:00+00:00
[2021-07-14 20:09:56,712] {scheduler_job.py:190} INFO - Processing /home/airflow/.local/lib/python3.6/site-packages/airflow/example_dags/example_latest_only.py took 0.073 seconds
[2021-07-14 20:10:26,959] {scheduler_job.py:182} INFO - Started process (PID=1534) to work on /home/airflow/.local/lib/python3.6/site-packages/airflow/example_dags/example_latest_only.py
[2021-07-14 20:10:26,961] {scheduler_job.py:633} INFO - Processing file /home/airflow/.local/lib/python3.6/site-packages/airflow/example_dags/example_latest_only.py for tasks to queue
[2021-07-14 20:10:26,962] {logging_mixin.py:104} INFO - [2021-07-14 20:10:26,962] {dagbag.py:496} INFO - Filling up the DagBag from /home/airflow/.local/lib/python3.6/site-packages/airflow/example_dags/example_latest_only.py
[2021-07-14 20:10:26,976] {scheduler_job.py:643} INFO - DAG(s) dict_keys(['latest_only']) retrieved from /home/airflow/.local/lib/python3.6/site-packages/airflow/example_dags/example_latest_only.py
[2021-07-14 20:10:27,000] {logging_mixin.py:104} INFO - [2021-07-14 20:10:27,000] {dag.py:1833} INFO - Sync 1 DAGs
[2021-07-14 20:10:27,021] {logging_mixin.py:104} INFO - [2021-07-14 20:10:27,021] {dag.py:2306} INFO - Setting next_dagrun for latest_only to 2021-07-12 00:00:00+00:00
[2021-07-14 20:10:27,033] {scheduler_job.py:190} INFO - Processing /home/airflow/.local/lib/python3.6/site-packages/airflow/example_dags/example_latest_only.py took 0.077 seconds
[2021-07-14 20:10:57,316] {scheduler_job.py:182} INFO - Started process (PID=1590) to work on /home/airflow/.local/lib/python3.6/site-packages/airflow/example_dags/example_latest_only.py
[2021-07-14 20:10:57,317] {scheduler_job.py:633} INFO - Processing file /home/airflow/.local/lib/python3.6/site-packages/airflow/example_dags/example_latest_only.py for tasks to queue
[2021-07-14 20:10:57,318] {logging_mixin.py:104} INFO - [2021-07-14 20:10:57,318] {dagbag.py:496} INFO - Filling up the DagBag from /home/airflow/.local/lib/python3.6/site-packages/airflow/example_dags/example_latest_only.py
[2021-07-14 20:10:57,330] {scheduler_job.py:643} INFO - DAG(s) dict_keys(['latest_only']) retrieved from /home/airflow/.local/lib/python3.6/site-packages/airflow/example_dags/example_latest_only.py
[2021-07-14 20:10:57,351] {logging_mixin.py:104} INFO - [2021-07-14 20:10:57,351] {dag.py:1833} INFO - Sync 1 DAGs
[2021-07-14 20:10:57,370] {logging_mixin.py:104} INFO - [2021-07-14 20:10:57,370] {dag.py:2306} INFO - Setting next_dagrun for latest_only to 2021-07-12 00:00:00+00:00
[2021-07-14 20:10:57,381] {scheduler_job.py:190} INFO - Processing /home/airflow/.local/lib/python3.6/site-packages/airflow/example_dags/example_latest_only.py took 0.068 seconds
[2021-07-14 20:11:27,690] {scheduler_job.py:182} INFO - Started process (PID=1654) to work on /home/airflow/.local/lib/python3.6/site-packages/airflow/example_dags/example_latest_only.py
[2021-07-14 20:11:27,692] {scheduler_job.py:633} INFO - Processing file /home/airflow/.local/lib/python3.6/site-packages/airflow/example_dags/example_latest_only.py for tasks to queue
[2021-07-14 20:11:27,693] {logging_mixin.py:104} INFO - [2021-07-14 20:11:27,693] {dagbag.py:496} INFO - Filling up the DagBag from /home/airflow/.local/lib/python3.6/site-packages/airflow/example_dags/example_latest_only.py
[2021-07-14 20:11:27,714] {scheduler_job.py:643} INFO - DAG(s) dict_keys(['latest_only']) retrieved from /home/airflow/.local/lib/python3.6/site-packages/airflow/example_dags/example_latest_only.py
[2021-07-14 20:11:27,756] {logging_mixin.py:104} INFO - [2021-07-14 20:11:27,756] {dag.py:1833} INFO - Sync 1 DAGs
[2021-07-14 20:11:27,791] {logging_mixin.py:104} INFO - [2021-07-14 20:11:27,791] {dag.py:2306} INFO - Setting next_dagrun for latest_only to 2021-07-12 00:00:00+00:00
[2021-07-14 20:11:27,812] {scheduler_job.py:190} INFO - Processing /home/airflow/.local/lib/python3.6/site-packages/airflow/example_dags/example_latest_only.py took 0.126 seconds
[2021-07-14 20:11:58,543] {scheduler_job.py:182} INFO - Started process (PID=1709) to work on /home/airflow/.local/lib/python3.6/site-packages/airflow/example_dags/example_latest_only.py
[2021-07-14 20:11:58,544] {scheduler_job.py:633} INFO - Processing file /home/airflow/.local/lib/python3.6/site-packages/airflow/example_dags/example_latest_only.py for tasks to queue
[2021-07-14 20:11:58,545] {logging_mixin.py:104} INFO - [2021-07-14 20:11:58,544] {dagbag.py:496} INFO - Filling up the DagBag from /home/airflow/.local/lib/python3.6/site-packages/airflow/example_dags/example_latest_only.py
[2021-07-14 20:11:58,556] {scheduler_job.py:643} INFO - DAG(s) dict_keys(['latest_only']) retrieved from /home/airflow/.local/lib/python3.6/site-packages/airflow/example_dags/example_latest_only.py
[2021-07-14 20:11:58,580] {logging_mixin.py:104} INFO - [2021-07-14 20:11:58,580] {dag.py:1833} INFO - Sync 1 DAGs
[2021-07-14 20:11:58,600] {logging_mixin.py:104} INFO - [2021-07-14 20:11:58,599] {dag.py:2306} INFO - Setting next_dagrun for latest_only to 2021-07-12 00:00:00+00:00
[2021-07-14 20:11:58,612] {scheduler_job.py:190} INFO - Processing /home/airflow/.local/lib/python3.6/site-packages/airflow/example_dags/example_latest_only.py took 0.072 seconds
[2021-07-14 20:12:29,570] {scheduler_job.py:182} INFO - Started process (PID=1774) to work on /home/airflow/.local/lib/python3.6/site-packages/airflow/example_dags/example_latest_only.py
[2021-07-14 20:12:29,571] {scheduler_job.py:633} INFO - Processing file /home/airflow/.local/lib/python3.6/site-packages/airflow/example_dags/example_latest_only.py for tasks to queue
[2021-07-14 20:12:29,572] {logging_mixin.py:104} INFO - [2021-07-14 20:12:29,571] {dagbag.py:496} INFO - Filling up the DagBag from /home/airflow/.local/lib/python3.6/site-packages/airflow/example_dags/example_latest_only.py
[2021-07-14 20:12:29,583] {scheduler_job.py:643} INFO - DAG(s) dict_keys(['latest_only']) retrieved from /home/airflow/.local/lib/python3.6/site-packages/airflow/example_dags/example_latest_only.py
[2021-07-14 20:12:29,605] {logging_mixin.py:104} INFO - [2021-07-14 20:12:29,605] {dag.py:1833} INFO - Sync 1 DAGs
[2021-07-14 20:12:29,624] {logging_mixin.py:104} INFO - [2021-07-14 20:12:29,624] {dag.py:2306} INFO - Setting next_dagrun for latest_only to 2021-07-12 00:00:00+00:00
[2021-07-14 20:12:29,636] {scheduler_job.py:190} INFO - Processing /home/airflow/.local/lib/python3.6/site-packages/airflow/example_dags/example_latest_only.py took 0.070 seconds
[2021-07-14 20:12:59,770] {scheduler_job.py:182} INFO - Started process (PID=1827) to work on /home/airflow/.local/lib/python3.6/site-packages/airflow/example_dags/example_latest_only.py
[2021-07-14 20:12:59,771] {scheduler_job.py:633} INFO - Processing file /home/airflow/.local/lib/python3.6/site-packages/airflow/example_dags/example_latest_only.py for tasks to queue
[2021-07-14 20:12:59,772] {logging_mixin.py:104} INFO - [2021-07-14 20:12:59,771] {dagbag.py:496} INFO - Filling up the DagBag from /home/airflow/.local/lib/python3.6/site-packages/airflow/example_dags/example_latest_only.py
[2021-07-14 20:12:59,783] {scheduler_job.py:643} INFO - DAG(s) dict_keys(['latest_only']) retrieved from /home/airflow/.local/lib/python3.6/site-packages/airflow/example_dags/example_latest_only.py
[2021-07-14 20:12:59,805] {logging_mixin.py:104} INFO - [2021-07-14 20:12:59,804] {dag.py:1833} INFO - Sync 1 DAGs
[2021-07-14 20:12:59,823] {logging_mixin.py:104} INFO - [2021-07-14 20:12:59,822] {dag.py:2306} INFO - Setting next_dagrun for latest_only to 2021-07-12 00:00:00+00:00
[2021-07-14 20:12:59,834] {scheduler_job.py:190} INFO - Processing /home/airflow/.local/lib/python3.6/site-packages/airflow/example_dags/example_latest_only.py took 0.068 seconds
[2021-07-14 20:13:30,008] {scheduler_job.py:182} INFO - Started process (PID=1892) to work on /home/airflow/.local/lib/python3.6/site-packages/airflow/example_dags/example_latest_only.py
[2021-07-14 20:13:30,009] {scheduler_job.py:633} INFO - Processing file /home/airflow/.local/lib/python3.6/site-packages/airflow/example_dags/example_latest_only.py for tasks to queue
[2021-07-14 20:13:30,010] {logging_mixin.py:104} INFO - [2021-07-14 20:13:30,009] {dagbag.py:496} INFO - Filling up the DagBag from /home/airflow/.local/lib/python3.6/site-packages/airflow/example_dags/example_latest_only.py
[2021-07-14 20:13:30,021] {scheduler_job.py:643} INFO - DAG(s) dict_keys(['latest_only']) retrieved from /home/airflow/.local/lib/python3.6/site-packages/airflow/example_dags/example_latest_only.py
[2021-07-14 20:13:30,040] {logging_mixin.py:104} INFO - [2021-07-14 20:13:30,040] {dag.py:1833} INFO - Sync 1 DAGs
[2021-07-14 20:13:30,056] {logging_mixin.py:104} INFO - [2021-07-14 20:13:30,056] {dag.py:2306} INFO - Setting next_dagrun for latest_only to 2021-07-12 00:00:00+00:00
[2021-07-14 20:13:30,067] {scheduler_job.py:190} INFO - Processing /home/airflow/.local/lib/python3.6/site-packages/airflow/example_dags/example_latest_only.py took 0.062 seconds
[2021-07-14 20:14:01,226] {scheduler_job.py:182} INFO - Started process (PID=1958) to work on /home/airflow/.local/lib/python3.6/site-packages/airflow/example_dags/example_latest_only.py
[2021-07-14 20:14:01,227] {scheduler_job.py:633} INFO - Processing file /home/airflow/.local/lib/python3.6/site-packages/airflow/example_dags/example_latest_only.py for tasks to queue
[2021-07-14 20:14:01,228] {logging_mixin.py:104} INFO - [2021-07-14 20:14:01,228] {dagbag.py:496} INFO - Filling up the DagBag from /home/airflow/.local/lib/python3.6/site-packages/airflow/example_dags/example_latest_only.py
[2021-07-14 20:14:01,243] {scheduler_job.py:643} INFO - DAG(s) dict_keys(['latest_only']) retrieved from /home/airflow/.local/lib/python3.6/site-packages/airflow/example_dags/example_latest_only.py
[2021-07-14 20:14:01,267] {logging_mixin.py:104} INFO - [2021-07-14 20:14:01,267] {dag.py:1833} INFO - Sync 1 DAGs
[2021-07-14 20:14:01,285] {logging_mixin.py:104} INFO - [2021-07-14 20:14:01,285] {dag.py:2306} INFO - Setting next_dagrun for latest_only to 2021-07-12 00:00:00+00:00
[2021-07-14 20:14:01,296] {scheduler_job.py:190} INFO - Processing /home/airflow/.local/lib/python3.6/site-packages/airflow/example_dags/example_latest_only.py took 0.075 seconds
[2021-07-14 20:14:31,433] {scheduler_job.py:182} INFO - Started process (PID=2011) to work on /home/airflow/.local/lib/python3.6/site-packages/airflow/example_dags/example_latest_only.py
[2021-07-14 20:14:31,434] {scheduler_job.py:633} INFO - Processing file /home/airflow/.local/lib/python3.6/site-packages/airflow/example_dags/example_latest_only.py for tasks to queue
[2021-07-14 20:14:31,435] {logging_mixin.py:104} INFO - [2021-07-14 20:14:31,435] {dagbag.py:496} INFO - Filling up the DagBag from /home/airflow/.local/lib/python3.6/site-packages/airflow/example_dags/example_latest_only.py
[2021-07-14 20:14:31,448] {scheduler_job.py:643} INFO - DAG(s) dict_keys(['latest_only']) retrieved from /home/airflow/.local/lib/python3.6/site-packages/airflow/example_dags/example_latest_only.py
[2021-07-14 20:14:31,472] {logging_mixin.py:104} INFO - [2021-07-14 20:14:31,471] {dag.py:1833} INFO - Sync 1 DAGs
[2021-07-14 20:14:31,492] {logging_mixin.py:104} INFO - [2021-07-14 20:14:31,491] {dag.py:2306} INFO - Setting next_dagrun for latest_only to 2021-07-12 00:00:00+00:00
[2021-07-14 20:14:31,503] {scheduler_job.py:190} INFO - Processing /home/airflow/.local/lib/python3.6/site-packages/airflow/example_dags/example_latest_only.py took 0.073 seconds
[2021-07-14 20:15:01,894] {scheduler_job.py:182} INFO - Started process (PID=2075) to work on /home/airflow/.local/lib/python3.6/site-packages/airflow/example_dags/example_latest_only.py
[2021-07-14 20:15:01,896] {scheduler_job.py:633} INFO - Processing file /home/airflow/.local/lib/python3.6/site-packages/airflow/example_dags/example_latest_only.py for tasks to queue
[2021-07-14 20:15:01,897] {logging_mixin.py:104} INFO - [2021-07-14 20:15:01,897] {dagbag.py:496} INFO - Filling up the DagBag from /home/airflow/.local/lib/python3.6/site-packages/airflow/example_dags/example_latest_only.py
[2021-07-14 20:15:01,912] {scheduler_job.py:643} INFO - DAG(s) dict_keys(['latest_only']) retrieved from /home/airflow/.local/lib/python3.6/site-packages/airflow/example_dags/example_latest_only.py
[2021-07-14 20:15:01,934] {logging_mixin.py:104} INFO - [2021-07-14 20:15:01,934] {dag.py:1833} INFO - Sync 1 DAGs
[2021-07-14 20:15:01,953] {logging_mixin.py:104} INFO - [2021-07-14 20:15:01,953] {dag.py:2306} INFO - Setting next_dagrun for latest_only to 2021-07-12 00:00:00+00:00
[2021-07-14 20:15:01,964] {scheduler_job.py:190} INFO - Processing /home/airflow/.local/lib/python3.6/site-packages/airflow/example_dags/example_latest_only.py took 0.075 seconds
[2021-07-14 20:15:32,459] {scheduler_job.py:182} INFO - Started process (PID=2129) to work on /home/airflow/.local/lib/python3.6/site-packages/airflow/example_dags/example_latest_only.py
[2021-07-14 20:15:32,461] {scheduler_job.py:633} INFO - Processing file /home/airflow/.local/lib/python3.6/site-packages/airflow/example_dags/example_latest_only.py for tasks to queue
[2021-07-14 20:15:32,462] {logging_mixin.py:104} INFO - [2021-07-14 20:15:32,462] {dagbag.py:496} INFO - Filling up the DagBag from /home/airflow/.local/lib/python3.6/site-packages/airflow/example_dags/example_latest_only.py
[2021-07-14 20:15:32,480] {scheduler_job.py:643} INFO - DAG(s) dict_keys(['latest_only']) retrieved from /home/airflow/.local/lib/python3.6/site-packages/airflow/example_dags/example_latest_only.py
[2021-07-14 20:15:32,508] {logging_mixin.py:104} INFO - [2021-07-14 20:15:32,508] {dag.py:1833} INFO - Sync 1 DAGs
[2021-07-14 20:15:32,531] {logging_mixin.py:104} INFO - [2021-07-14 20:15:32,531] {dag.py:2306} INFO - Setting next_dagrun for latest_only to 2021-07-12 00:00:00+00:00
[2021-07-14 20:15:32,544] {scheduler_job.py:190} INFO - Processing /home/airflow/.local/lib/python3.6/site-packages/airflow/example_dags/example_latest_only.py took 0.089 seconds
[2021-07-14 20:16:02,767] {scheduler_job.py:182} INFO - Started process (PID=2193) to work on /home/airflow/.local/lib/python3.6/site-packages/airflow/example_dags/example_latest_only.py
[2021-07-14 20:16:02,768] {scheduler_job.py:633} INFO - Processing file /home/airflow/.local/lib/python3.6/site-packages/airflow/example_dags/example_latest_only.py for tasks to queue
[2021-07-14 20:16:02,769] {logging_mixin.py:104} INFO - [2021-07-14 20:16:02,769] {dagbag.py:496} INFO - Filling up the DagBag from /home/airflow/.local/lib/python3.6/site-packages/airflow/example_dags/example_latest_only.py
[2021-07-14 20:16:02,782] {scheduler_job.py:643} INFO - DAG(s) dict_keys(['latest_only']) retrieved from /home/airflow/.local/lib/python3.6/site-packages/airflow/example_dags/example_latest_only.py
[2021-07-14 20:16:02,805] {logging_mixin.py:104} INFO - [2021-07-14 20:16:02,805] {dag.py:1833} INFO - Sync 1 DAGs
[2021-07-14 20:16:02,824] {logging_mixin.py:104} INFO - [2021-07-14 20:16:02,824] {dag.py:2306} INFO - Setting next_dagrun for latest_only to 2021-07-12 00:00:00+00:00
[2021-07-14 20:16:02,836] {scheduler_job.py:190} INFO - Processing /home/airflow/.local/lib/python3.6/site-packages/airflow/example_dags/example_latest_only.py took 0.072 seconds
[2021-07-14 20:16:33,846] {scheduler_job.py:182} INFO - Started process (PID=2246) to work on /home/airflow/.local/lib/python3.6/site-packages/airflow/example_dags/example_latest_only.py
[2021-07-14 20:16:33,847] {scheduler_job.py:633} INFO - Processing file /home/airflow/.local/lib/python3.6/site-packages/airflow/example_dags/example_latest_only.py for tasks to queue
[2021-07-14 20:16:33,848] {logging_mixin.py:104} INFO - [2021-07-14 20:16:33,848] {dagbag.py:496} INFO - Filling up the DagBag from /home/airflow/.local/lib/python3.6/site-packages/airflow/example_dags/example_latest_only.py
[2021-07-14 20:16:33,859] {scheduler_job.py:643} INFO - DAG(s) dict_keys(['latest_only']) retrieved from /home/airflow/.local/lib/python3.6/site-packages/airflow/example_dags/example_latest_only.py
[2021-07-14 20:16:33,879] {logging_mixin.py:104} INFO - [2021-07-14 20:16:33,879] {dag.py:1833} INFO - Sync 1 DAGs
[2021-07-14 20:16:33,896] {logging_mixin.py:104} INFO - [2021-07-14 20:16:33,896] {dag.py:2306} INFO - Setting next_dagrun for latest_only to 2021-07-12 00:00:00+00:00
[2021-07-14 20:16:33,907] {scheduler_job.py:190} INFO - Processing /home/airflow/.local/lib/python3.6/site-packages/airflow/example_dags/example_latest_only.py took 0.064 seconds
[2021-07-14 20:17:04,286] {scheduler_job.py:182} INFO - Started process (PID=2308) to work on /home/airflow/.local/lib/python3.6/site-packages/airflow/example_dags/example_latest_only.py
[2021-07-14 20:17:04,288] {scheduler_job.py:633} INFO - Processing file /home/airflow/.local/lib/python3.6/site-packages/airflow/example_dags/example_latest_only.py for tasks to queue
[2021-07-14 20:17:04,288] {logging_mixin.py:104} INFO - [2021-07-14 20:17:04,288] {dagbag.py:496} INFO - Filling up the DagBag from /home/airflow/.local/lib/python3.6/site-packages/airflow/example_dags/example_latest_only.py
[2021-07-14 20:17:04,300] {scheduler_job.py:643} INFO - DAG(s) dict_keys(['latest_only']) retrieved from /home/airflow/.local/lib/python3.6/site-packages/airflow/example_dags/example_latest_only.py
[2021-07-14 20:17:04,328] {logging_mixin.py:104} INFO - [2021-07-14 20:17:04,328] {dag.py:1833} INFO - Sync 1 DAGs
[2021-07-14 20:17:04,353] {logging_mixin.py:104} INFO - [2021-07-14 20:17:04,353] {dag.py:2306} INFO - Setting next_dagrun for latest_only to 2021-07-12 00:00:00+00:00
[2021-07-14 20:17:04,368] {scheduler_job.py:190} INFO - Processing /home/airflow/.local/lib/python3.6/site-packages/airflow/example_dags/example_latest_only.py took 0.084 seconds
[2021-07-14 20:17:34,823] {scheduler_job.py:182} INFO - Started process (PID=2361) to work on /home/airflow/.local/lib/python3.6/site-packages/airflow/example_dags/example_latest_only.py
[2021-07-14 20:17:34,825] {scheduler_job.py:633} INFO - Processing file /home/airflow/.local/lib/python3.6/site-packages/airflow/example_dags/example_latest_only.py for tasks to queue
[2021-07-14 20:17:34,826] {logging_mixin.py:104} INFO - [2021-07-14 20:17:34,826] {dagbag.py:496} INFO - Filling up the DagBag from /home/airflow/.local/lib/python3.6/site-packages/airflow/example_dags/example_latest_only.py
[2021-07-14 20:17:34,839] {scheduler_job.py:643} INFO - DAG(s) dict_keys(['latest_only']) retrieved from /home/airflow/.local/lib/python3.6/site-packages/airflow/example_dags/example_latest_only.py
[2021-07-14 20:17:34,867] {logging_mixin.py:104} INFO - [2021-07-14 20:17:34,867] {dag.py:1833} INFO - Sync 1 DAGs
[2021-07-14 20:17:34,892] {logging_mixin.py:104} INFO - [2021-07-14 20:17:34,891] {dag.py:2306} INFO - Setting next_dagrun for latest_only to 2021-07-12 00:00:00+00:00
[2021-07-14 20:17:34,908] {scheduler_job.py:190} INFO - Processing /home/airflow/.local/lib/python3.6/site-packages/airflow/example_dags/example_latest_only.py took 0.088 seconds
[2021-07-14 20:18:05,279] {scheduler_job.py:182} INFO - Started process (PID=2427) to work on /home/airflow/.local/lib/python3.6/site-packages/airflow/example_dags/example_latest_only.py
[2021-07-14 20:18:05,280] {scheduler_job.py:633} INFO - Processing file /home/airflow/.local/lib/python3.6/site-packages/airflow/example_dags/example_latest_only.py for tasks to queue
[2021-07-14 20:18:05,281] {logging_mixin.py:104} INFO - [2021-07-14 20:18:05,281] {dagbag.py:496} INFO - Filling up the DagBag from /home/airflow/.local/lib/python3.6/site-packages/airflow/example_dags/example_latest_only.py
[2021-07-14 20:18:05,294] {scheduler_job.py:643} INFO - DAG(s) dict_keys(['latest_only']) retrieved from /home/airflow/.local/lib/python3.6/site-packages/airflow/example_dags/example_latest_only.py
[2021-07-14 20:18:05,315] {logging_mixin.py:104} INFO - [2021-07-14 20:18:05,315] {dag.py:1833} INFO - Sync 1 DAGs
[2021-07-14 20:18:05,332] {logging_mixin.py:104} INFO - [2021-07-14 20:18:05,332] {dag.py:2306} INFO - Setting next_dagrun for latest_only to 2021-07-12 00:00:00+00:00
[2021-07-14 20:18:05,343] {scheduler_job.py:190} INFO - Processing /home/airflow/.local/lib/python3.6/site-packages/airflow/example_dags/example_latest_only.py took 0.067 seconds
[2021-07-14 20:18:36,088] {scheduler_job.py:182} INFO - Started process (PID=2479) to work on /home/airflow/.local/lib/python3.6/site-packages/airflow/example_dags/example_latest_only.py
[2021-07-14 20:18:36,090] {scheduler_job.py:633} INFO - Processing file /home/airflow/.local/lib/python3.6/site-packages/airflow/example_dags/example_latest_only.py for tasks to queue
[2021-07-14 20:18:36,091] {logging_mixin.py:104} INFO - [2021-07-14 20:18:36,091] {dagbag.py:496} INFO - Filling up the DagBag from /home/airflow/.local/lib/python3.6/site-packages/airflow/example_dags/example_latest_only.py
[2021-07-14 20:18:36,108] {scheduler_job.py:643} INFO - DAG(s) dict_keys(['latest_only']) retrieved from /home/airflow/.local/lib/python3.6/site-packages/airflow/example_dags/example_latest_only.py
[2021-07-14 20:18:36,136] {logging_mixin.py:104} INFO - [2021-07-14 20:18:36,136] {dag.py:1833} INFO - Sync 1 DAGs
[2021-07-14 20:18:36,159] {logging_mixin.py:104} INFO - [2021-07-14 20:18:36,159] {dag.py:2306} INFO - Setting next_dagrun for latest_only to 2021-07-12 00:00:00+00:00
[2021-07-14 20:18:36,174] {scheduler_job.py:190} INFO - Processing /home/airflow/.local/lib/python3.6/site-packages/airflow/example_dags/example_latest_only.py took 0.090 seconds
[2021-07-14 20:19:06,559] {scheduler_job.py:182} INFO - Started process (PID=2543) to work on /home/airflow/.local/lib/python3.6/site-packages/airflow/example_dags/example_latest_only.py
[2021-07-14 20:19:06,560] {scheduler_job.py:633} INFO - Processing file /home/airflow/.local/lib/python3.6/site-packages/airflow/example_dags/example_latest_only.py for tasks to queue
[2021-07-14 20:19:06,560] {logging_mixin.py:104} INFO - [2021-07-14 20:19:06,560] {dagbag.py:496} INFO - Filling up the DagBag from /home/airflow/.local/lib/python3.6/site-packages/airflow/example_dags/example_latest_only.py
[2021-07-14 20:19:06,571] {scheduler_job.py:643} INFO - DAG(s) dict_keys(['latest_only']) retrieved from /home/airflow/.local/lib/python3.6/site-packages/airflow/example_dags/example_latest_only.py
[2021-07-14 20:19:06,592] {logging_mixin.py:104} INFO - [2021-07-14 20:19:06,592] {dag.py:1833} INFO - Sync 1 DAGs
[2021-07-14 20:19:06,609] {logging_mixin.py:104} INFO - [2021-07-14 20:19:06,609] {dag.py:2306} INFO - Setting next_dagrun for latest_only to 2021-07-12 00:00:00+00:00
[2021-07-14 20:19:06,625] {scheduler_job.py:190} INFO - Processing /home/airflow/.local/lib/python3.6/site-packages/airflow/example_dags/example_latest_only.py took 0.069 seconds
[2021-07-14 20:19:37,010] {scheduler_job.py:182} INFO - Started process (PID=2597) to work on /home/airflow/.local/lib/python3.6/site-packages/airflow/example_dags/example_latest_only.py
[2021-07-14 20:19:37,011] {scheduler_job.py:633} INFO - Processing file /home/airflow/.local/lib/python3.6/site-packages/airflow/example_dags/example_latest_only.py for tasks to queue
[2021-07-14 20:19:37,011] {logging_mixin.py:104} INFO - [2021-07-14 20:19:37,011] {dagbag.py:496} INFO - Filling up the DagBag from /home/airflow/.local/lib/python3.6/site-packages/airflow/example_dags/example_latest_only.py
[2021-07-14 20:19:37,024] {scheduler_job.py:643} INFO - DAG(s) dict_keys(['latest_only']) retrieved from /home/airflow/.local/lib/python3.6/site-packages/airflow/example_dags/example_latest_only.py
[2021-07-14 20:19:37,045] {logging_mixin.py:104} INFO - [2021-07-14 20:19:37,045] {dag.py:1833} INFO - Sync 1 DAGs
[2021-07-14 20:19:37,062] {logging_mixin.py:104} INFO - [2021-07-14 20:19:37,061] {dag.py:2306} INFO - Setting next_dagrun for latest_only to 2021-07-12 00:00:00+00:00
[2021-07-14 20:19:37,074] {scheduler_job.py:190} INFO - Processing /home/airflow/.local/lib/python3.6/site-packages/airflow/example_dags/example_latest_only.py took 0.068 seconds
[2021-07-14 20:20:07,605] {scheduler_job.py:182} INFO - Started process (PID=2659) to work on /home/airflow/.local/lib/python3.6/site-packages/airflow/example_dags/example_latest_only.py
[2021-07-14 20:20:07,606] {scheduler_job.py:633} INFO - Processing file /home/airflow/.local/lib/python3.6/site-packages/airflow/example_dags/example_latest_only.py for tasks to queue
[2021-07-14 20:20:07,607] {logging_mixin.py:104} INFO - [2021-07-14 20:20:07,607] {dagbag.py:496} INFO - Filling up the DagBag from /home/airflow/.local/lib/python3.6/site-packages/airflow/example_dags/example_latest_only.py
[2021-07-14 20:20:07,619] {scheduler_job.py:643} INFO - DAG(s) dict_keys(['latest_only']) retrieved from /home/airflow/.local/lib/python3.6/site-packages/airflow/example_dags/example_latest_only.py
[2021-07-14 20:20:07,648] {logging_mixin.py:104} INFO - [2021-07-14 20:20:07,647] {dag.py:1833} INFO - Sync 1 DAGs
[2021-07-14 20:20:07,672] {logging_mixin.py:104} INFO - [2021-07-14 20:20:07,672] {dag.py:2306} INFO - Setting next_dagrun for latest_only to 2021-07-12 00:00:00+00:00
[2021-07-14 20:20:07,686] {scheduler_job.py:190} INFO - Processing /home/airflow/.local/lib/python3.6/site-packages/airflow/example_dags/example_latest_only.py took 0.086 seconds
[2021-07-14 20:20:37,871] {scheduler_job.py:182} INFO - Started process (PID=2713) to work on /home/airflow/.local/lib/python3.6/site-packages/airflow/example_dags/example_latest_only.py
[2021-07-14 20:20:37,872] {scheduler_job.py:633} INFO - Processing file /home/airflow/.local/lib/python3.6/site-packages/airflow/example_dags/example_latest_only.py for tasks to queue
[2021-07-14 20:20:37,873] {logging_mixin.py:104} INFO - [2021-07-14 20:20:37,873] {dagbag.py:496} INFO - Filling up the DagBag from /home/airflow/.local/lib/python3.6/site-packages/airflow/example_dags/example_latest_only.py
[2021-07-14 20:20:37,895] {scheduler_job.py:643} INFO - DAG(s) dict_keys(['latest_only']) retrieved from /home/airflow/.local/lib/python3.6/site-packages/airflow/example_dags/example_latest_only.py
[2021-07-14 20:20:37,939] {logging_mixin.py:104} INFO - [2021-07-14 20:20:37,939] {dag.py:1833} INFO - Sync 1 DAGs
[2021-07-14 20:20:37,967] {logging_mixin.py:104} INFO - [2021-07-14 20:20:37,967] {dag.py:2306} INFO - Setting next_dagrun for latest_only to 2021-07-12 00:00:00+00:00
[2021-07-14 20:20:37,985] {scheduler_job.py:190} INFO - Processing /home/airflow/.local/lib/python3.6/site-packages/airflow/example_dags/example_latest_only.py took 0.119 seconds
[2021-07-14 20:21:08,492] {scheduler_job.py:182} INFO - Started process (PID=2778) to work on /home/airflow/.local/lib/python3.6/site-packages/airflow/example_dags/example_latest_only.py
[2021-07-14 20:21:08,494] {scheduler_job.py:633} INFO - Processing file /home/airflow/.local/lib/python3.6/site-packages/airflow/example_dags/example_latest_only.py for tasks to queue
[2021-07-14 20:21:08,496] {logging_mixin.py:104} INFO - [2021-07-14 20:21:08,495] {dagbag.py:496} INFO - Filling up the DagBag from /home/airflow/.local/lib/python3.6/site-packages/airflow/example_dags/example_latest_only.py
[2021-07-14 20:21:08,521] {scheduler_job.py:643} INFO - DAG(s) dict_keys(['latest_only']) retrieved from /home/airflow/.local/lib/python3.6/site-packages/airflow/example_dags/example_latest_only.py
[2021-07-14 20:21:08,557] {logging_mixin.py:104} INFO - [2021-07-14 20:21:08,557] {dag.py:1833} INFO - Sync 1 DAGs
[2021-07-14 20:21:08,585] {logging_mixin.py:104} INFO - [2021-07-14 20:21:08,585] {dag.py:2306} INFO - Setting next_dagrun for latest_only to 2021-07-12 00:00:00+00:00
[2021-07-14 20:21:08,602] {scheduler_job.py:190} INFO - Processing /home/airflow/.local/lib/python3.6/site-packages/airflow/example_dags/example_latest_only.py took 0.114 seconds
[2021-07-14 20:21:39,909] {scheduler_job.py:182} INFO - Started process (PID=2843) to work on /home/airflow/.local/lib/python3.6/site-packages/airflow/example_dags/example_latest_only.py
[2021-07-14 20:21:39,911] {scheduler_job.py:633} INFO - Processing file /home/airflow/.local/lib/python3.6/site-packages/airflow/example_dags/example_latest_only.py for tasks to queue
[2021-07-14 20:21:39,912] {logging_mixin.py:104} INFO - [2021-07-14 20:21:39,912] {dagbag.py:496} INFO - Filling up the DagBag from /home/airflow/.local/lib/python3.6/site-packages/airflow/example_dags/example_latest_only.py
[2021-07-14 20:21:39,928] {scheduler_job.py:643} INFO - DAG(s) dict_keys(['latest_only']) retrieved from /home/airflow/.local/lib/python3.6/site-packages/airflow/example_dags/example_latest_only.py
[2021-07-14 20:21:39,958] {logging_mixin.py:104} INFO - [2021-07-14 20:21:39,958] {dag.py:1833} INFO - Sync 1 DAGs
[2021-07-14 20:21:39,982] {logging_mixin.py:104} INFO - [2021-07-14 20:21:39,982] {dag.py:2306} INFO - Setting next_dagrun for latest_only to 2021-07-12 00:00:00+00:00
[2021-07-14 20:21:39,997] {scheduler_job.py:190} INFO - Processing /home/airflow/.local/lib/python3.6/site-packages/airflow/example_dags/example_latest_only.py took 0.092 seconds
[2021-07-14 20:22:10,948] {scheduler_job.py:182} INFO - Started process (PID=2898) to work on /home/airflow/.local/lib/python3.6/site-packages/airflow/example_dags/example_latest_only.py
[2021-07-14 20:22:10,950] {scheduler_job.py:633} INFO - Processing file /home/airflow/.local/lib/python3.6/site-packages/airflow/example_dags/example_latest_only.py for tasks to queue
[2021-07-14 20:22:10,950] {logging_mixin.py:104} INFO - [2021-07-14 20:22:10,950] {dagbag.py:496} INFO - Filling up the DagBag from /home/airflow/.local/lib/python3.6/site-packages/airflow/example_dags/example_latest_only.py
[2021-07-14 20:22:10,962] {scheduler_job.py:643} INFO - DAG(s) dict_keys(['latest_only']) retrieved from /home/airflow/.local/lib/python3.6/site-packages/airflow/example_dags/example_latest_only.py
[2021-07-14 20:22:10,985] {logging_mixin.py:104} INFO - [2021-07-14 20:22:10,984] {dag.py:1833} INFO - Sync 1 DAGs
[2021-07-14 20:22:11,003] {logging_mixin.py:104} INFO - [2021-07-14 20:22:11,003] {dag.py:2306} INFO - Setting next_dagrun for latest_only to 2021-07-12 00:00:00+00:00
[2021-07-14 20:22:11,014] {scheduler_job.py:190} INFO - Processing /home/airflow/.local/lib/python3.6/site-packages/airflow/example_dags/example_latest_only.py took 0.068 seconds
