[2021-07-14 19:05:04,852] {scheduler_job.py:182} INFO - Started process (PID=50) to work on /home/airflow/.local/lib/python3.6/site-packages/airflow/example_dags/example_latest_only_with_trigger.py
[2021-07-14 19:05:04,891] {scheduler_job.py:633} INFO - Processing file /home/airflow/.local/lib/python3.6/site-packages/airflow/example_dags/example_latest_only_with_trigger.py for tasks to queue
[2021-07-14 19:05:04,899] {logging_mixin.py:104} INFO - [2021-07-14 19:05:04,899] {dagbag.py:496} INFO - Filling up the DagBag from /home/airflow/.local/lib/python3.6/site-packages/airflow/example_dags/example_latest_only_with_trigger.py
[2021-07-14 19:05:05,258] {scheduler_job.py:643} INFO - DAG(s) dict_keys(['latest_only_with_trigger']) retrieved from /home/airflow/.local/lib/python3.6/site-packages/airflow/example_dags/example_latest_only_with_trigger.py
[2021-07-14 19:05:08,141] {logging_mixin.py:104} INFO - [2021-07-14 19:05:08,140] {dag.py:1833} INFO - Sync 1 DAGs
[2021-07-14 19:05:08,189] {logging_mixin.py:104} INFO - [2021-07-14 19:05:08,189] {dag.py:2306} INFO - Setting next_dagrun for latest_only_with_trigger to 2021-07-12 00:00:00+00:00
[2021-07-14 19:05:08,230] {scheduler_job.py:190} INFO - Processing /home/airflow/.local/lib/python3.6/site-packages/airflow/example_dags/example_latest_only_with_trigger.py took 3.402 seconds
[2021-07-14 19:05:38,893] {scheduler_job.py:182} INFO - Started process (PID=111) to work on /home/airflow/.local/lib/python3.6/site-packages/airflow/example_dags/example_latest_only_with_trigger.py
[2021-07-14 19:05:38,894] {scheduler_job.py:633} INFO - Processing file /home/airflow/.local/lib/python3.6/site-packages/airflow/example_dags/example_latest_only_with_trigger.py for tasks to queue
[2021-07-14 19:05:38,895] {logging_mixin.py:104} INFO - [2021-07-14 19:05:38,895] {dagbag.py:496} INFO - Filling up the DagBag from /home/airflow/.local/lib/python3.6/site-packages/airflow/example_dags/example_latest_only_with_trigger.py
[2021-07-14 19:05:38,922] {scheduler_job.py:643} INFO - DAG(s) dict_keys(['latest_only_with_trigger']) retrieved from /home/airflow/.local/lib/python3.6/site-packages/airflow/example_dags/example_latest_only_with_trigger.py
[2021-07-14 19:05:38,962] {logging_mixin.py:104} INFO - [2021-07-14 19:05:38,962] {dag.py:1833} INFO - Sync 1 DAGs
[2021-07-14 19:05:38,997] {logging_mixin.py:104} INFO - [2021-07-14 19:05:38,997] {dag.py:2306} INFO - Setting next_dagrun for latest_only_with_trigger to 2021-07-12 00:00:00+00:00
[2021-07-14 19:05:39,015] {scheduler_job.py:190} INFO - Processing /home/airflow/.local/lib/python3.6/site-packages/airflow/example_dags/example_latest_only_with_trigger.py took 0.126 seconds
[2021-07-14 19:06:09,406] {scheduler_job.py:182} INFO - Started process (PID=164) to work on /home/airflow/.local/lib/python3.6/site-packages/airflow/example_dags/example_latest_only_with_trigger.py
[2021-07-14 19:06:09,409] {scheduler_job.py:633} INFO - Processing file /home/airflow/.local/lib/python3.6/site-packages/airflow/example_dags/example_latest_only_with_trigger.py for tasks to queue
[2021-07-14 19:06:09,410] {logging_mixin.py:104} INFO - [2021-07-14 19:06:09,410] {dagbag.py:496} INFO - Filling up the DagBag from /home/airflow/.local/lib/python3.6/site-packages/airflow/example_dags/example_latest_only_with_trigger.py
[2021-07-14 19:06:09,437] {scheduler_job.py:643} INFO - DAG(s) dict_keys(['latest_only_with_trigger']) retrieved from /home/airflow/.local/lib/python3.6/site-packages/airflow/example_dags/example_latest_only_with_trigger.py
[2021-07-14 19:06:09,474] {logging_mixin.py:104} INFO - [2021-07-14 19:06:09,474] {dag.py:1833} INFO - Sync 1 DAGs
[2021-07-14 19:06:09,502] {logging_mixin.py:104} INFO - [2021-07-14 19:06:09,501] {dag.py:2306} INFO - Setting next_dagrun for latest_only_with_trigger to 2021-07-12 00:00:00+00:00
[2021-07-14 19:06:09,517] {scheduler_job.py:190} INFO - Processing /home/airflow/.local/lib/python3.6/site-packages/airflow/example_dags/example_latest_only_with_trigger.py took 0.116 seconds
[2021-07-14 19:06:39,747] {scheduler_job.py:182} INFO - Started process (PID=224) to work on /home/airflow/.local/lib/python3.6/site-packages/airflow/example_dags/example_latest_only_with_trigger.py
[2021-07-14 19:06:39,748] {scheduler_job.py:633} INFO - Processing file /home/airflow/.local/lib/python3.6/site-packages/airflow/example_dags/example_latest_only_with_trigger.py for tasks to queue
[2021-07-14 19:06:39,749] {logging_mixin.py:104} INFO - [2021-07-14 19:06:39,749] {dagbag.py:496} INFO - Filling up the DagBag from /home/airflow/.local/lib/python3.6/site-packages/airflow/example_dags/example_latest_only_with_trigger.py
[2021-07-14 19:06:39,774] {scheduler_job.py:643} INFO - DAG(s) dict_keys(['latest_only_with_trigger']) retrieved from /home/airflow/.local/lib/python3.6/site-packages/airflow/example_dags/example_latest_only_with_trigger.py
[2021-07-14 19:06:39,801] {logging_mixin.py:104} INFO - [2021-07-14 19:06:39,801] {dag.py:1833} INFO - Sync 1 DAGs
[2021-07-14 19:06:39,821] {logging_mixin.py:104} INFO - [2021-07-14 19:06:39,821] {dag.py:2306} INFO - Setting next_dagrun for latest_only_with_trigger to 2021-07-12 00:00:00+00:00
[2021-07-14 19:06:39,834] {scheduler_job.py:190} INFO - Processing /home/airflow/.local/lib/python3.6/site-packages/airflow/example_dags/example_latest_only_with_trigger.py took 0.091 seconds
[2021-07-14 19:07:10,214] {scheduler_job.py:182} INFO - Started process (PID=281) to work on /home/airflow/.local/lib/python3.6/site-packages/airflow/example_dags/example_latest_only_with_trigger.py
[2021-07-14 19:07:10,216] {scheduler_job.py:633} INFO - Processing file /home/airflow/.local/lib/python3.6/site-packages/airflow/example_dags/example_latest_only_with_trigger.py for tasks to queue
[2021-07-14 19:07:10,217] {logging_mixin.py:104} INFO - [2021-07-14 19:07:10,217] {dagbag.py:496} INFO - Filling up the DagBag from /home/airflow/.local/lib/python3.6/site-packages/airflow/example_dags/example_latest_only_with_trigger.py
[2021-07-14 19:07:10,241] {scheduler_job.py:643} INFO - DAG(s) dict_keys(['latest_only_with_trigger']) retrieved from /home/airflow/.local/lib/python3.6/site-packages/airflow/example_dags/example_latest_only_with_trigger.py
[2021-07-14 19:07:10,268] {logging_mixin.py:104} INFO - [2021-07-14 19:07:10,268] {dag.py:1833} INFO - Sync 1 DAGs
[2021-07-14 19:07:10,293] {logging_mixin.py:104} INFO - [2021-07-14 19:07:10,293] {dag.py:2306} INFO - Setting next_dagrun for latest_only_with_trigger to 2021-07-12 00:00:00+00:00
[2021-07-14 19:07:10,313] {scheduler_job.py:190} INFO - Processing /home/airflow/.local/lib/python3.6/site-packages/airflow/example_dags/example_latest_only_with_trigger.py took 0.103 seconds
[2021-07-14 19:07:40,932] {scheduler_job.py:182} INFO - Started process (PID=334) to work on /home/airflow/.local/lib/python3.6/site-packages/airflow/example_dags/example_latest_only_with_trigger.py
[2021-07-14 19:07:40,948] {scheduler_job.py:633} INFO - Processing file /home/airflow/.local/lib/python3.6/site-packages/airflow/example_dags/example_latest_only_with_trigger.py for tasks to queue
[2021-07-14 19:07:40,949] {logging_mixin.py:104} INFO - [2021-07-14 19:07:40,949] {dagbag.py:496} INFO - Filling up the DagBag from /home/airflow/.local/lib/python3.6/site-packages/airflow/example_dags/example_latest_only_with_trigger.py
[2021-07-14 19:07:40,980] {scheduler_job.py:643} INFO - DAG(s) dict_keys(['latest_only_with_trigger']) retrieved from /home/airflow/.local/lib/python3.6/site-packages/airflow/example_dags/example_latest_only_with_trigger.py
[2021-07-14 19:07:41,031] {logging_mixin.py:104} INFO - [2021-07-14 19:07:41,030] {dag.py:1833} INFO - Sync 1 DAGs
[2021-07-14 19:07:41,067] {logging_mixin.py:104} INFO - [2021-07-14 19:07:41,067] {dag.py:2306} INFO - Setting next_dagrun for latest_only_with_trigger to 2021-07-12 00:00:00+00:00
[2021-07-14 19:07:41,090] {scheduler_job.py:190} INFO - Processing /home/airflow/.local/lib/python3.6/site-packages/airflow/example_dags/example_latest_only_with_trigger.py took 0.165 seconds
[2021-07-14 19:08:55,891] {scheduler_job.py:182} INFO - Started process (PID=38) to work on /home/airflow/.local/lib/python3.6/site-packages/airflow/example_dags/example_latest_only_with_trigger.py
[2021-07-14 19:08:55,892] {scheduler_job.py:633} INFO - Processing file /home/airflow/.local/lib/python3.6/site-packages/airflow/example_dags/example_latest_only_with_trigger.py for tasks to queue
[2021-07-14 19:08:55,893] {logging_mixin.py:104} INFO - [2021-07-14 19:08:55,893] {dagbag.py:496} INFO - Filling up the DagBag from /home/airflow/.local/lib/python3.6/site-packages/airflow/example_dags/example_latest_only_with_trigger.py
[2021-07-14 19:08:55,911] {scheduler_job.py:643} INFO - DAG(s) dict_keys(['latest_only_with_trigger']) retrieved from /home/airflow/.local/lib/python3.6/site-packages/airflow/example_dags/example_latest_only_with_trigger.py
[2021-07-14 19:08:55,942] {logging_mixin.py:104} INFO - [2021-07-14 19:08:55,942] {dag.py:1833} INFO - Sync 1 DAGs
[2021-07-14 19:08:55,963] {logging_mixin.py:104} INFO - [2021-07-14 19:08:55,963] {dag.py:2306} INFO - Setting next_dagrun for latest_only_with_trigger to 2021-07-12 00:00:00+00:00
[2021-07-14 19:08:55,980] {scheduler_job.py:190} INFO - Processing /home/airflow/.local/lib/python3.6/site-packages/airflow/example_dags/example_latest_only_with_trigger.py took 0.092 seconds
[2021-07-14 19:09:27,086] {scheduler_job.py:182} INFO - Started process (PID=103) to work on /home/airflow/.local/lib/python3.6/site-packages/airflow/example_dags/example_latest_only_with_trigger.py
[2021-07-14 19:09:27,088] {scheduler_job.py:633} INFO - Processing file /home/airflow/.local/lib/python3.6/site-packages/airflow/example_dags/example_latest_only_with_trigger.py for tasks to queue
[2021-07-14 19:09:27,089] {logging_mixin.py:104} INFO - [2021-07-14 19:09:27,089] {dagbag.py:496} INFO - Filling up the DagBag from /home/airflow/.local/lib/python3.6/site-packages/airflow/example_dags/example_latest_only_with_trigger.py
[2021-07-14 19:09:27,120] {scheduler_job.py:643} INFO - DAG(s) dict_keys(['latest_only_with_trigger']) retrieved from /home/airflow/.local/lib/python3.6/site-packages/airflow/example_dags/example_latest_only_with_trigger.py
[2021-07-14 19:09:27,156] {logging_mixin.py:104} INFO - [2021-07-14 19:09:27,155] {dag.py:1833} INFO - Sync 1 DAGs
[2021-07-14 19:09:27,188] {logging_mixin.py:104} INFO - [2021-07-14 19:09:27,187] {dag.py:2306} INFO - Setting next_dagrun for latest_only_with_trigger to 2021-07-12 00:00:00+00:00
[2021-07-14 19:09:27,206] {scheduler_job.py:190} INFO - Processing /home/airflow/.local/lib/python3.6/site-packages/airflow/example_dags/example_latest_only_with_trigger.py took 0.125 seconds
[2021-07-14 19:09:57,689] {scheduler_job.py:182} INFO - Started process (PID=157) to work on /home/airflow/.local/lib/python3.6/site-packages/airflow/example_dags/example_latest_only_with_trigger.py
[2021-07-14 19:09:57,690] {scheduler_job.py:633} INFO - Processing file /home/airflow/.local/lib/python3.6/site-packages/airflow/example_dags/example_latest_only_with_trigger.py for tasks to queue
[2021-07-14 19:09:57,691] {logging_mixin.py:104} INFO - [2021-07-14 19:09:57,691] {dagbag.py:496} INFO - Filling up the DagBag from /home/airflow/.local/lib/python3.6/site-packages/airflow/example_dags/example_latest_only_with_trigger.py
[2021-07-14 19:09:57,708] {scheduler_job.py:643} INFO - DAG(s) dict_keys(['latest_only_with_trigger']) retrieved from /home/airflow/.local/lib/python3.6/site-packages/airflow/example_dags/example_latest_only_with_trigger.py
[2021-07-14 19:09:57,733] {logging_mixin.py:104} INFO - [2021-07-14 19:09:57,733] {dag.py:1833} INFO - Sync 1 DAGs
[2021-07-14 19:09:57,750] {logging_mixin.py:104} INFO - [2021-07-14 19:09:57,750] {dag.py:2306} INFO - Setting next_dagrun for latest_only_with_trigger to 2021-07-12 00:00:00+00:00
[2021-07-14 19:09:57,761] {scheduler_job.py:190} INFO - Processing /home/airflow/.local/lib/python3.6/site-packages/airflow/example_dags/example_latest_only_with_trigger.py took 0.075 seconds
[2021-07-14 19:10:28,411] {scheduler_job.py:182} INFO - Started process (PID=216) to work on /home/airflow/.local/lib/python3.6/site-packages/airflow/example_dags/example_latest_only_with_trigger.py
[2021-07-14 19:10:28,413] {scheduler_job.py:633} INFO - Processing file /home/airflow/.local/lib/python3.6/site-packages/airflow/example_dags/example_latest_only_with_trigger.py for tasks to queue
[2021-07-14 19:10:28,414] {logging_mixin.py:104} INFO - [2021-07-14 19:10:28,413] {dagbag.py:496} INFO - Filling up the DagBag from /home/airflow/.local/lib/python3.6/site-packages/airflow/example_dags/example_latest_only_with_trigger.py
[2021-07-14 19:10:28,437] {scheduler_job.py:643} INFO - DAG(s) dict_keys(['latest_only_with_trigger']) retrieved from /home/airflow/.local/lib/python3.6/site-packages/airflow/example_dags/example_latest_only_with_trigger.py
[2021-07-14 19:10:28,467] {logging_mixin.py:104} INFO - [2021-07-14 19:10:28,467] {dag.py:1833} INFO - Sync 1 DAGs
[2021-07-14 19:10:28,492] {logging_mixin.py:104} INFO - [2021-07-14 19:10:28,492] {dag.py:2306} INFO - Setting next_dagrun for latest_only_with_trigger to 2021-07-12 00:00:00+00:00
[2021-07-14 19:10:28,506] {scheduler_job.py:190} INFO - Processing /home/airflow/.local/lib/python3.6/site-packages/airflow/example_dags/example_latest_only_with_trigger.py took 0.099 seconds
[2021-07-14 19:10:59,499] {scheduler_job.py:182} INFO - Started process (PID=279) to work on /home/airflow/.local/lib/python3.6/site-packages/airflow/example_dags/example_latest_only_with_trigger.py
[2021-07-14 19:10:59,500] {scheduler_job.py:633} INFO - Processing file /home/airflow/.local/lib/python3.6/site-packages/airflow/example_dags/example_latest_only_with_trigger.py for tasks to queue
[2021-07-14 19:10:59,501] {logging_mixin.py:104} INFO - [2021-07-14 19:10:59,501] {dagbag.py:496} INFO - Filling up the DagBag from /home/airflow/.local/lib/python3.6/site-packages/airflow/example_dags/example_latest_only_with_trigger.py
[2021-07-14 19:10:59,521] {scheduler_job.py:643} INFO - DAG(s) dict_keys(['latest_only_with_trigger']) retrieved from /home/airflow/.local/lib/python3.6/site-packages/airflow/example_dags/example_latest_only_with_trigger.py
[2021-07-14 19:10:59,556] {logging_mixin.py:104} INFO - [2021-07-14 19:10:59,555] {dag.py:1833} INFO - Sync 1 DAGs
[2021-07-14 19:10:59,578] {logging_mixin.py:104} INFO - [2021-07-14 19:10:59,578] {dag.py:2306} INFO - Setting next_dagrun for latest_only_with_trigger to 2021-07-12 00:00:00+00:00
[2021-07-14 19:10:59,594] {scheduler_job.py:190} INFO - Processing /home/airflow/.local/lib/python3.6/site-packages/airflow/example_dags/example_latest_only_with_trigger.py took 0.099 seconds
[2021-07-14 19:11:29,999] {scheduler_job.py:182} INFO - Started process (PID=332) to work on /home/airflow/.local/lib/python3.6/site-packages/airflow/example_dags/example_latest_only_with_trigger.py
[2021-07-14 19:11:30,007] {scheduler_job.py:633} INFO - Processing file /home/airflow/.local/lib/python3.6/site-packages/airflow/example_dags/example_latest_only_with_trigger.py for tasks to queue
[2021-07-14 19:11:30,009] {logging_mixin.py:104} INFO - [2021-07-14 19:11:30,009] {dagbag.py:496} INFO - Filling up the DagBag from /home/airflow/.local/lib/python3.6/site-packages/airflow/example_dags/example_latest_only_with_trigger.py
[2021-07-14 19:11:30,033] {scheduler_job.py:643} INFO - DAG(s) dict_keys(['latest_only_with_trigger']) retrieved from /home/airflow/.local/lib/python3.6/site-packages/airflow/example_dags/example_latest_only_with_trigger.py
[2021-07-14 19:11:30,072] {logging_mixin.py:104} INFO - [2021-07-14 19:11:30,072] {dag.py:1833} INFO - Sync 1 DAGs
[2021-07-14 19:11:30,102] {logging_mixin.py:104} INFO - [2021-07-14 19:11:30,102] {dag.py:2306} INFO - Setting next_dagrun for latest_only_with_trigger to 2021-07-12 00:00:00+00:00
[2021-07-14 19:11:30,123] {scheduler_job.py:190} INFO - Processing /home/airflow/.local/lib/python3.6/site-packages/airflow/example_dags/example_latest_only_with_trigger.py took 0.129 seconds
[2021-07-14 19:12:00,642] {scheduler_job.py:182} INFO - Started process (PID=396) to work on /home/airflow/.local/lib/python3.6/site-packages/airflow/example_dags/example_latest_only_with_trigger.py
[2021-07-14 19:12:00,643] {scheduler_job.py:633} INFO - Processing file /home/airflow/.local/lib/python3.6/site-packages/airflow/example_dags/example_latest_only_with_trigger.py for tasks to queue
[2021-07-14 19:12:00,644] {logging_mixin.py:104} INFO - [2021-07-14 19:12:00,644] {dagbag.py:496} INFO - Filling up the DagBag from /home/airflow/.local/lib/python3.6/site-packages/airflow/example_dags/example_latest_only_with_trigger.py
[2021-07-14 19:12:00,656] {scheduler_job.py:643} INFO - DAG(s) dict_keys(['latest_only_with_trigger']) retrieved from /home/airflow/.local/lib/python3.6/site-packages/airflow/example_dags/example_latest_only_with_trigger.py
[2021-07-14 19:12:00,680] {logging_mixin.py:104} INFO - [2021-07-14 19:12:00,680] {dag.py:1833} INFO - Sync 1 DAGs
[2021-07-14 19:12:00,700] {logging_mixin.py:104} INFO - [2021-07-14 19:12:00,700] {dag.py:2306} INFO - Setting next_dagrun for latest_only_with_trigger to 2021-07-12 00:00:00+00:00
[2021-07-14 19:12:00,711] {scheduler_job.py:190} INFO - Processing /home/airflow/.local/lib/python3.6/site-packages/airflow/example_dags/example_latest_only_with_trigger.py took 0.072 seconds
[2021-07-14 19:12:31,368] {scheduler_job.py:182} INFO - Started process (PID=449) to work on /home/airflow/.local/lib/python3.6/site-packages/airflow/example_dags/example_latest_only_with_trigger.py
[2021-07-14 19:12:31,369] {scheduler_job.py:633} INFO - Processing file /home/airflow/.local/lib/python3.6/site-packages/airflow/example_dags/example_latest_only_with_trigger.py for tasks to queue
[2021-07-14 19:12:31,371] {logging_mixin.py:104} INFO - [2021-07-14 19:12:31,371] {dagbag.py:496} INFO - Filling up the DagBag from /home/airflow/.local/lib/python3.6/site-packages/airflow/example_dags/example_latest_only_with_trigger.py
[2021-07-14 19:12:31,389] {scheduler_job.py:643} INFO - DAG(s) dict_keys(['latest_only_with_trigger']) retrieved from /home/airflow/.local/lib/python3.6/site-packages/airflow/example_dags/example_latest_only_with_trigger.py
[2021-07-14 19:12:31,417] {logging_mixin.py:104} INFO - [2021-07-14 19:12:31,417] {dag.py:1833} INFO - Sync 1 DAGs
[2021-07-14 19:12:31,436] {logging_mixin.py:104} INFO - [2021-07-14 19:12:31,436] {dag.py:2306} INFO - Setting next_dagrun for latest_only_with_trigger to 2021-07-12 00:00:00+00:00
[2021-07-14 19:12:31,450] {scheduler_job.py:190} INFO - Processing /home/airflow/.local/lib/python3.6/site-packages/airflow/example_dags/example_latest_only_with_trigger.py took 0.086 seconds
[2021-07-14 19:57:43,108] {scheduler_job.py:182} INFO - Started process (PID=38) to work on /home/airflow/.local/lib/python3.6/site-packages/airflow/example_dags/example_latest_only_with_trigger.py
[2021-07-14 19:57:43,110] {scheduler_job.py:633} INFO - Processing file /home/airflow/.local/lib/python3.6/site-packages/airflow/example_dags/example_latest_only_with_trigger.py for tasks to queue
[2021-07-14 19:57:43,111] {logging_mixin.py:104} INFO - [2021-07-14 19:57:43,110] {dagbag.py:496} INFO - Filling up the DagBag from /home/airflow/.local/lib/python3.6/site-packages/airflow/example_dags/example_latest_only_with_trigger.py
[2021-07-14 19:57:43,158] {scheduler_job.py:643} INFO - DAG(s) dict_keys(['latest_only_with_trigger']) retrieved from /home/airflow/.local/lib/python3.6/site-packages/airflow/example_dags/example_latest_only_with_trigger.py
[2021-07-14 19:57:43,202] {logging_mixin.py:104} INFO - [2021-07-14 19:57:43,201] {dag.py:1833} INFO - Sync 1 DAGs
[2021-07-14 19:57:43,224] {logging_mixin.py:104} INFO - [2021-07-14 19:57:43,223] {dag.py:2306} INFO - Setting next_dagrun for latest_only_with_trigger to 2021-07-12 00:00:00+00:00
[2021-07-14 19:57:43,237] {scheduler_job.py:190} INFO - Processing /home/airflow/.local/lib/python3.6/site-packages/airflow/example_dags/example_latest_only_with_trigger.py took 0.151 seconds
[2021-07-14 19:58:13,983] {scheduler_job.py:182} INFO - Started process (PID=99) to work on /home/airflow/.local/lib/python3.6/site-packages/airflow/example_dags/example_latest_only_with_trigger.py
[2021-07-14 19:58:13,985] {scheduler_job.py:633} INFO - Processing file /home/airflow/.local/lib/python3.6/site-packages/airflow/example_dags/example_latest_only_with_trigger.py for tasks to queue
[2021-07-14 19:58:13,986] {logging_mixin.py:104} INFO - [2021-07-14 19:58:13,986] {dagbag.py:496} INFO - Filling up the DagBag from /home/airflow/.local/lib/python3.6/site-packages/airflow/example_dags/example_latest_only_with_trigger.py
[2021-07-14 19:58:14,015] {scheduler_job.py:643} INFO - DAG(s) dict_keys(['latest_only_with_trigger']) retrieved from /home/airflow/.local/lib/python3.6/site-packages/airflow/example_dags/example_latest_only_with_trigger.py
[2021-07-14 19:58:14,051] {logging_mixin.py:104} INFO - [2021-07-14 19:58:14,050] {dag.py:1833} INFO - Sync 1 DAGs
[2021-07-14 19:58:14,079] {logging_mixin.py:104} INFO - [2021-07-14 19:58:14,079] {dag.py:2306} INFO - Setting next_dagrun for latest_only_with_trigger to 2021-07-12 00:00:00+00:00
[2021-07-14 19:58:14,096] {scheduler_job.py:190} INFO - Processing /home/airflow/.local/lib/python3.6/site-packages/airflow/example_dags/example_latest_only_with_trigger.py took 0.119 seconds
[2021-07-14 19:58:44,563] {scheduler_job.py:182} INFO - Started process (PID=156) to work on /home/airflow/.local/lib/python3.6/site-packages/airflow/example_dags/example_latest_only_with_trigger.py
[2021-07-14 19:58:44,564] {scheduler_job.py:633} INFO - Processing file /home/airflow/.local/lib/python3.6/site-packages/airflow/example_dags/example_latest_only_with_trigger.py for tasks to queue
[2021-07-14 19:58:44,565] {logging_mixin.py:104} INFO - [2021-07-14 19:58:44,565] {dagbag.py:496} INFO - Filling up the DagBag from /home/airflow/.local/lib/python3.6/site-packages/airflow/example_dags/example_latest_only_with_trigger.py
[2021-07-14 19:58:44,581] {scheduler_job.py:643} INFO - DAG(s) dict_keys(['latest_only_with_trigger']) retrieved from /home/airflow/.local/lib/python3.6/site-packages/airflow/example_dags/example_latest_only_with_trigger.py
[2021-07-14 19:58:44,603] {logging_mixin.py:104} INFO - [2021-07-14 19:58:44,603] {dag.py:1833} INFO - Sync 1 DAGs
[2021-07-14 19:58:44,619] {logging_mixin.py:104} INFO - [2021-07-14 19:58:44,619] {dag.py:2306} INFO - Setting next_dagrun for latest_only_with_trigger to 2021-07-12 00:00:00+00:00
[2021-07-14 19:58:44,628] {scheduler_job.py:190} INFO - Processing /home/airflow/.local/lib/python3.6/site-packages/airflow/example_dags/example_latest_only_with_trigger.py took 0.068 seconds
[2021-07-14 19:59:15,436] {scheduler_job.py:182} INFO - Started process (PID=222) to work on /home/airflow/.local/lib/python3.6/site-packages/airflow/example_dags/example_latest_only_with_trigger.py
[2021-07-14 19:59:15,438] {scheduler_job.py:633} INFO - Processing file /home/airflow/.local/lib/python3.6/site-packages/airflow/example_dags/example_latest_only_with_trigger.py for tasks to queue
[2021-07-14 19:59:15,439] {logging_mixin.py:104} INFO - [2021-07-14 19:59:15,439] {dagbag.py:496} INFO - Filling up the DagBag from /home/airflow/.local/lib/python3.6/site-packages/airflow/example_dags/example_latest_only_with_trigger.py
[2021-07-14 19:59:15,467] {scheduler_job.py:643} INFO - DAG(s) dict_keys(['latest_only_with_trigger']) retrieved from /home/airflow/.local/lib/python3.6/site-packages/airflow/example_dags/example_latest_only_with_trigger.py
[2021-07-14 19:59:15,501] {logging_mixin.py:104} INFO - [2021-07-14 19:59:15,501] {dag.py:1833} INFO - Sync 1 DAGs
[2021-07-14 19:59:15,531] {logging_mixin.py:104} INFO - [2021-07-14 19:59:15,530] {dag.py:2306} INFO - Setting next_dagrun for latest_only_with_trigger to 2021-07-12 00:00:00+00:00
[2021-07-14 19:59:15,547] {scheduler_job.py:190} INFO - Processing /home/airflow/.local/lib/python3.6/site-packages/airflow/example_dags/example_latest_only_with_trigger.py took 0.116 seconds
[2021-07-14 19:59:46,235] {scheduler_job.py:182} INFO - Started process (PID=275) to work on /home/airflow/.local/lib/python3.6/site-packages/airflow/example_dags/example_latest_only_with_trigger.py
[2021-07-14 19:59:46,236] {scheduler_job.py:633} INFO - Processing file /home/airflow/.local/lib/python3.6/site-packages/airflow/example_dags/example_latest_only_with_trigger.py for tasks to queue
[2021-07-14 19:59:46,237] {logging_mixin.py:104} INFO - [2021-07-14 19:59:46,237] {dagbag.py:496} INFO - Filling up the DagBag from /home/airflow/.local/lib/python3.6/site-packages/airflow/example_dags/example_latest_only_with_trigger.py
[2021-07-14 19:59:46,254] {scheduler_job.py:643} INFO - DAG(s) dict_keys(['latest_only_with_trigger']) retrieved from /home/airflow/.local/lib/python3.6/site-packages/airflow/example_dags/example_latest_only_with_trigger.py
[2021-07-14 19:59:46,276] {logging_mixin.py:104} INFO - [2021-07-14 19:59:46,276] {dag.py:1833} INFO - Sync 1 DAGs
[2021-07-14 19:59:46,294] {logging_mixin.py:104} INFO - [2021-07-14 19:59:46,294] {dag.py:2306} INFO - Setting next_dagrun for latest_only_with_trigger to 2021-07-12 00:00:00+00:00
[2021-07-14 19:59:46,306] {scheduler_job.py:190} INFO - Processing /home/airflow/.local/lib/python3.6/site-packages/airflow/example_dags/example_latest_only_with_trigger.py took 0.075 seconds
[2021-07-14 20:00:16,808] {scheduler_job.py:182} INFO - Started process (PID=338) to work on /home/airflow/.local/lib/python3.6/site-packages/airflow/example_dags/example_latest_only_with_trigger.py
[2021-07-14 20:00:16,814] {scheduler_job.py:633} INFO - Processing file /home/airflow/.local/lib/python3.6/site-packages/airflow/example_dags/example_latest_only_with_trigger.py for tasks to queue
[2021-07-14 20:00:16,815] {logging_mixin.py:104} INFO - [2021-07-14 20:00:16,815] {dagbag.py:496} INFO - Filling up the DagBag from /home/airflow/.local/lib/python3.6/site-packages/airflow/example_dags/example_latest_only_with_trigger.py
[2021-07-14 20:00:16,828] {scheduler_job.py:643} INFO - DAG(s) dict_keys(['latest_only_with_trigger']) retrieved from /home/airflow/.local/lib/python3.6/site-packages/airflow/example_dags/example_latest_only_with_trigger.py
[2021-07-14 20:00:16,851] {logging_mixin.py:104} INFO - [2021-07-14 20:00:16,851] {dag.py:1833} INFO - Sync 1 DAGs
[2021-07-14 20:00:16,872] {logging_mixin.py:104} INFO - [2021-07-14 20:00:16,872] {dag.py:2306} INFO - Setting next_dagrun for latest_only_with_trigger to 2021-07-12 00:00:00+00:00
[2021-07-14 20:00:16,884] {scheduler_job.py:190} INFO - Processing /home/airflow/.local/lib/python3.6/site-packages/airflow/example_dags/example_latest_only_with_trigger.py took 0.079 seconds
[2021-07-14 20:00:47,183] {scheduler_job.py:182} INFO - Started process (PID=391) to work on /home/airflow/.local/lib/python3.6/site-packages/airflow/example_dags/example_latest_only_with_trigger.py
[2021-07-14 20:00:47,184] {scheduler_job.py:633} INFO - Processing file /home/airflow/.local/lib/python3.6/site-packages/airflow/example_dags/example_latest_only_with_trigger.py for tasks to queue
[2021-07-14 20:00:47,184] {logging_mixin.py:104} INFO - [2021-07-14 20:00:47,184] {dagbag.py:496} INFO - Filling up the DagBag from /home/airflow/.local/lib/python3.6/site-packages/airflow/example_dags/example_latest_only_with_trigger.py
[2021-07-14 20:00:47,197] {scheduler_job.py:643} INFO - DAG(s) dict_keys(['latest_only_with_trigger']) retrieved from /home/airflow/.local/lib/python3.6/site-packages/airflow/example_dags/example_latest_only_with_trigger.py
[2021-07-14 20:00:47,220] {logging_mixin.py:104} INFO - [2021-07-14 20:00:47,220] {dag.py:1833} INFO - Sync 1 DAGs
[2021-07-14 20:00:47,238] {logging_mixin.py:104} INFO - [2021-07-14 20:00:47,238] {dag.py:2306} INFO - Setting next_dagrun for latest_only_with_trigger to 2021-07-12 00:00:00+00:00
[2021-07-14 20:00:47,249] {scheduler_job.py:190} INFO - Processing /home/airflow/.local/lib/python3.6/site-packages/airflow/example_dags/example_latest_only_with_trigger.py took 0.069 seconds
[2021-07-14 20:01:17,415] {scheduler_job.py:182} INFO - Started process (PID=454) to work on /home/airflow/.local/lib/python3.6/site-packages/airflow/example_dags/example_latest_only_with_trigger.py
[2021-07-14 20:01:17,416] {scheduler_job.py:633} INFO - Processing file /home/airflow/.local/lib/python3.6/site-packages/airflow/example_dags/example_latest_only_with_trigger.py for tasks to queue
[2021-07-14 20:01:17,417] {logging_mixin.py:104} INFO - [2021-07-14 20:01:17,417] {dagbag.py:496} INFO - Filling up the DagBag from /home/airflow/.local/lib/python3.6/site-packages/airflow/example_dags/example_latest_only_with_trigger.py
[2021-07-14 20:01:17,431] {scheduler_job.py:643} INFO - DAG(s) dict_keys(['latest_only_with_trigger']) retrieved from /home/airflow/.local/lib/python3.6/site-packages/airflow/example_dags/example_latest_only_with_trigger.py
[2021-07-14 20:01:17,460] {logging_mixin.py:104} INFO - [2021-07-14 20:01:17,460] {dag.py:1833} INFO - Sync 1 DAGs
[2021-07-14 20:01:17,484] {logging_mixin.py:104} INFO - [2021-07-14 20:01:17,484] {dag.py:2306} INFO - Setting next_dagrun for latest_only_with_trigger to 2021-07-12 00:00:00+00:00
[2021-07-14 20:01:17,496] {scheduler_job.py:190} INFO - Processing /home/airflow/.local/lib/python3.6/site-packages/airflow/example_dags/example_latest_only_with_trigger.py took 0.084 seconds
[2021-07-14 20:01:47,951] {scheduler_job.py:182} INFO - Started process (PID=508) to work on /home/airflow/.local/lib/python3.6/site-packages/airflow/example_dags/example_latest_only_with_trigger.py
[2021-07-14 20:01:47,952] {scheduler_job.py:633} INFO - Processing file /home/airflow/.local/lib/python3.6/site-packages/airflow/example_dags/example_latest_only_with_trigger.py for tasks to queue
[2021-07-14 20:01:47,953] {logging_mixin.py:104} INFO - [2021-07-14 20:01:47,952] {dagbag.py:496} INFO - Filling up the DagBag from /home/airflow/.local/lib/python3.6/site-packages/airflow/example_dags/example_latest_only_with_trigger.py
[2021-07-14 20:01:47,967] {scheduler_job.py:643} INFO - DAG(s) dict_keys(['latest_only_with_trigger']) retrieved from /home/airflow/.local/lib/python3.6/site-packages/airflow/example_dags/example_latest_only_with_trigger.py
[2021-07-14 20:01:47,988] {logging_mixin.py:104} INFO - [2021-07-14 20:01:47,988] {dag.py:1833} INFO - Sync 1 DAGs
[2021-07-14 20:01:48,007] {logging_mixin.py:104} INFO - [2021-07-14 20:01:48,006] {dag.py:2306} INFO - Setting next_dagrun for latest_only_with_trigger to 2021-07-12 00:00:00+00:00
[2021-07-14 20:01:48,019] {scheduler_job.py:190} INFO - Processing /home/airflow/.local/lib/python3.6/site-packages/airflow/example_dags/example_latest_only_with_trigger.py took 0.071 seconds
[2021-07-14 20:02:18,325] {scheduler_job.py:182} INFO - Started process (PID=575) to work on /home/airflow/.local/lib/python3.6/site-packages/airflow/example_dags/example_latest_only_with_trigger.py
[2021-07-14 20:02:18,327] {scheduler_job.py:633} INFO - Processing file /home/airflow/.local/lib/python3.6/site-packages/airflow/example_dags/example_latest_only_with_trigger.py for tasks to queue
[2021-07-14 20:02:18,327] {logging_mixin.py:104} INFO - [2021-07-14 20:02:18,327] {dagbag.py:496} INFO - Filling up the DagBag from /home/airflow/.local/lib/python3.6/site-packages/airflow/example_dags/example_latest_only_with_trigger.py
[2021-07-14 20:02:18,341] {scheduler_job.py:643} INFO - DAG(s) dict_keys(['latest_only_with_trigger']) retrieved from /home/airflow/.local/lib/python3.6/site-packages/airflow/example_dags/example_latest_only_with_trigger.py
[2021-07-14 20:02:18,368] {logging_mixin.py:104} INFO - [2021-07-14 20:02:18,368] {dag.py:1833} INFO - Sync 1 DAGs
[2021-07-14 20:02:18,395] {logging_mixin.py:104} INFO - [2021-07-14 20:02:18,395] {dag.py:2306} INFO - Setting next_dagrun for latest_only_with_trigger to 2021-07-12 00:00:00+00:00
[2021-07-14 20:02:18,413] {scheduler_job.py:190} INFO - Processing /home/airflow/.local/lib/python3.6/site-packages/airflow/example_dags/example_latest_only_with_trigger.py took 0.091 seconds
[2021-07-14 20:02:49,281] {scheduler_job.py:182} INFO - Started process (PID=629) to work on /home/airflow/.local/lib/python3.6/site-packages/airflow/example_dags/example_latest_only_with_trigger.py
[2021-07-14 20:02:49,282] {scheduler_job.py:633} INFO - Processing file /home/airflow/.local/lib/python3.6/site-packages/airflow/example_dags/example_latest_only_with_trigger.py for tasks to queue
[2021-07-14 20:02:49,283] {logging_mixin.py:104} INFO - [2021-07-14 20:02:49,283] {dagbag.py:496} INFO - Filling up the DagBag from /home/airflow/.local/lib/python3.6/site-packages/airflow/example_dags/example_latest_only_with_trigger.py
[2021-07-14 20:02:49,300] {scheduler_job.py:643} INFO - DAG(s) dict_keys(['latest_only_with_trigger']) retrieved from /home/airflow/.local/lib/python3.6/site-packages/airflow/example_dags/example_latest_only_with_trigger.py
[2021-07-14 20:02:49,330] {logging_mixin.py:104} INFO - [2021-07-14 20:02:49,329] {dag.py:1833} INFO - Sync 1 DAGs
[2021-07-14 20:02:49,352] {logging_mixin.py:104} INFO - [2021-07-14 20:02:49,352] {dag.py:2306} INFO - Setting next_dagrun for latest_only_with_trigger to 2021-07-12 00:00:00+00:00
[2021-07-14 20:02:49,365] {scheduler_job.py:190} INFO - Processing /home/airflow/.local/lib/python3.6/site-packages/airflow/example_dags/example_latest_only_with_trigger.py took 0.088 seconds
[2021-07-14 20:03:19,397] {scheduler_job.py:182} INFO - Started process (PID=693) to work on /home/airflow/.local/lib/python3.6/site-packages/airflow/example_dags/example_latest_only_with_trigger.py
[2021-07-14 20:03:19,398] {scheduler_job.py:633} INFO - Processing file /home/airflow/.local/lib/python3.6/site-packages/airflow/example_dags/example_latest_only_with_trigger.py for tasks to queue
[2021-07-14 20:03:19,398] {logging_mixin.py:104} INFO - [2021-07-14 20:03:19,398] {dagbag.py:496} INFO - Filling up the DagBag from /home/airflow/.local/lib/python3.6/site-packages/airflow/example_dags/example_latest_only_with_trigger.py
[2021-07-14 20:03:19,411] {scheduler_job.py:643} INFO - DAG(s) dict_keys(['latest_only_with_trigger']) retrieved from /home/airflow/.local/lib/python3.6/site-packages/airflow/example_dags/example_latest_only_with_trigger.py
[2021-07-14 20:03:19,433] {logging_mixin.py:104} INFO - [2021-07-14 20:03:19,432] {dag.py:1833} INFO - Sync 1 DAGs
[2021-07-14 20:03:19,449] {logging_mixin.py:104} INFO - [2021-07-14 20:03:19,449] {dag.py:2306} INFO - Setting next_dagrun for latest_only_with_trigger to 2021-07-12 00:00:00+00:00
[2021-07-14 20:03:19,460] {scheduler_job.py:190} INFO - Processing /home/airflow/.local/lib/python3.6/site-packages/airflow/example_dags/example_latest_only_with_trigger.py took 0.067 seconds
[2021-07-14 20:03:49,914] {scheduler_job.py:182} INFO - Started process (PID=746) to work on /home/airflow/.local/lib/python3.6/site-packages/airflow/example_dags/example_latest_only_with_trigger.py
[2021-07-14 20:03:49,916] {scheduler_job.py:633} INFO - Processing file /home/airflow/.local/lib/python3.6/site-packages/airflow/example_dags/example_latest_only_with_trigger.py for tasks to queue
[2021-07-14 20:03:49,917] {logging_mixin.py:104} INFO - [2021-07-14 20:03:49,917] {dagbag.py:496} INFO - Filling up the DagBag from /home/airflow/.local/lib/python3.6/site-packages/airflow/example_dags/example_latest_only_with_trigger.py
[2021-07-14 20:03:49,933] {scheduler_job.py:643} INFO - DAG(s) dict_keys(['latest_only_with_trigger']) retrieved from /home/airflow/.local/lib/python3.6/site-packages/airflow/example_dags/example_latest_only_with_trigger.py
[2021-07-14 20:03:49,965] {logging_mixin.py:104} INFO - [2021-07-14 20:03:49,965] {dag.py:1833} INFO - Sync 1 DAGs
[2021-07-14 20:03:49,990] {logging_mixin.py:104} INFO - [2021-07-14 20:03:49,990] {dag.py:2306} INFO - Setting next_dagrun for latest_only_with_trigger to 2021-07-12 00:00:00+00:00
[2021-07-14 20:03:50,005] {scheduler_job.py:190} INFO - Processing /home/airflow/.local/lib/python3.6/site-packages/airflow/example_dags/example_latest_only_with_trigger.py took 0.095 seconds
[2021-07-14 20:04:20,180] {scheduler_job.py:182} INFO - Started process (PID=811) to work on /home/airflow/.local/lib/python3.6/site-packages/airflow/example_dags/example_latest_only_with_trigger.py
[2021-07-14 20:04:20,181] {scheduler_job.py:633} INFO - Processing file /home/airflow/.local/lib/python3.6/site-packages/airflow/example_dags/example_latest_only_with_trigger.py for tasks to queue
[2021-07-14 20:04:20,182] {logging_mixin.py:104} INFO - [2021-07-14 20:04:20,182] {dagbag.py:496} INFO - Filling up the DagBag from /home/airflow/.local/lib/python3.6/site-packages/airflow/example_dags/example_latest_only_with_trigger.py
[2021-07-14 20:04:20,194] {scheduler_job.py:643} INFO - DAG(s) dict_keys(['latest_only_with_trigger']) retrieved from /home/airflow/.local/lib/python3.6/site-packages/airflow/example_dags/example_latest_only_with_trigger.py
[2021-07-14 20:04:20,215] {logging_mixin.py:104} INFO - [2021-07-14 20:04:20,215] {dag.py:1833} INFO - Sync 1 DAGs
[2021-07-14 20:04:20,232] {logging_mixin.py:104} INFO - [2021-07-14 20:04:20,231] {dag.py:2306} INFO - Setting next_dagrun for latest_only_with_trigger to 2021-07-12 00:00:00+00:00
[2021-07-14 20:04:20,242] {scheduler_job.py:190} INFO - Processing /home/airflow/.local/lib/python3.6/site-packages/airflow/example_dags/example_latest_only_with_trigger.py took 0.064 seconds
[2021-07-14 20:04:50,575] {scheduler_job.py:182} INFO - Started process (PID=866) to work on /home/airflow/.local/lib/python3.6/site-packages/airflow/example_dags/example_latest_only_with_trigger.py
[2021-07-14 20:04:50,576] {scheduler_job.py:633} INFO - Processing file /home/airflow/.local/lib/python3.6/site-packages/airflow/example_dags/example_latest_only_with_trigger.py for tasks to queue
[2021-07-14 20:04:50,577] {logging_mixin.py:104} INFO - [2021-07-14 20:04:50,577] {dagbag.py:496} INFO - Filling up the DagBag from /home/airflow/.local/lib/python3.6/site-packages/airflow/example_dags/example_latest_only_with_trigger.py
[2021-07-14 20:04:50,589] {scheduler_job.py:643} INFO - DAG(s) dict_keys(['latest_only_with_trigger']) retrieved from /home/airflow/.local/lib/python3.6/site-packages/airflow/example_dags/example_latest_only_with_trigger.py
[2021-07-14 20:04:50,610] {logging_mixin.py:104} INFO - [2021-07-14 20:04:50,610] {dag.py:1833} INFO - Sync 1 DAGs
[2021-07-14 20:04:50,627] {logging_mixin.py:104} INFO - [2021-07-14 20:04:50,627] {dag.py:2306} INFO - Setting next_dagrun for latest_only_with_trigger to 2021-07-12 00:00:00+00:00
[2021-07-14 20:04:50,637] {scheduler_job.py:190} INFO - Processing /home/airflow/.local/lib/python3.6/site-packages/airflow/example_dags/example_latest_only_with_trigger.py took 0.066 seconds
[2021-07-14 20:05:20,992] {scheduler_job.py:182} INFO - Started process (PID=931) to work on /home/airflow/.local/lib/python3.6/site-packages/airflow/example_dags/example_latest_only_with_trigger.py
[2021-07-14 20:05:20,994] {scheduler_job.py:633} INFO - Processing file /home/airflow/.local/lib/python3.6/site-packages/airflow/example_dags/example_latest_only_with_trigger.py for tasks to queue
[2021-07-14 20:05:20,995] {logging_mixin.py:104} INFO - [2021-07-14 20:05:20,994] {dagbag.py:496} INFO - Filling up the DagBag from /home/airflow/.local/lib/python3.6/site-packages/airflow/example_dags/example_latest_only_with_trigger.py
[2021-07-14 20:05:21,014] {scheduler_job.py:643} INFO - DAG(s) dict_keys(['latest_only_with_trigger']) retrieved from /home/airflow/.local/lib/python3.6/site-packages/airflow/example_dags/example_latest_only_with_trigger.py
[2021-07-14 20:05:21,044] {logging_mixin.py:104} INFO - [2021-07-14 20:05:21,044] {dag.py:1833} INFO - Sync 1 DAGs
[2021-07-14 20:05:21,063] {logging_mixin.py:104} INFO - [2021-07-14 20:05:21,063] {dag.py:2306} INFO - Setting next_dagrun for latest_only_with_trigger to 2021-07-12 00:00:00+00:00
[2021-07-14 20:05:21,079] {scheduler_job.py:190} INFO - Processing /home/airflow/.local/lib/python3.6/site-packages/airflow/example_dags/example_latest_only_with_trigger.py took 0.091 seconds
[2021-07-14 20:05:51,205] {scheduler_job.py:182} INFO - Started process (PID=985) to work on /home/airflow/.local/lib/python3.6/site-packages/airflow/example_dags/example_latest_only_with_trigger.py
[2021-07-14 20:05:51,206] {scheduler_job.py:633} INFO - Processing file /home/airflow/.local/lib/python3.6/site-packages/airflow/example_dags/example_latest_only_with_trigger.py for tasks to queue
[2021-07-14 20:05:51,207] {logging_mixin.py:104} INFO - [2021-07-14 20:05:51,207] {dagbag.py:496} INFO - Filling up the DagBag from /home/airflow/.local/lib/python3.6/site-packages/airflow/example_dags/example_latest_only_with_trigger.py
[2021-07-14 20:05:51,222] {scheduler_job.py:643} INFO - DAG(s) dict_keys(['latest_only_with_trigger']) retrieved from /home/airflow/.local/lib/python3.6/site-packages/airflow/example_dags/example_latest_only_with_trigger.py
[2021-07-14 20:05:51,251] {logging_mixin.py:104} INFO - [2021-07-14 20:05:51,251] {dag.py:1833} INFO - Sync 1 DAGs
[2021-07-14 20:05:51,271] {logging_mixin.py:104} INFO - [2021-07-14 20:05:51,271] {dag.py:2306} INFO - Setting next_dagrun for latest_only_with_trigger to 2021-07-12 00:00:00+00:00
[2021-07-14 20:05:51,282] {scheduler_job.py:190} INFO - Processing /home/airflow/.local/lib/python3.6/site-packages/airflow/example_dags/example_latest_only_with_trigger.py took 0.080 seconds
[2021-07-14 20:06:21,731] {scheduler_job.py:182} INFO - Started process (PID=1048) to work on /home/airflow/.local/lib/python3.6/site-packages/airflow/example_dags/example_latest_only_with_trigger.py
[2021-07-14 20:06:21,732] {scheduler_job.py:633} INFO - Processing file /home/airflow/.local/lib/python3.6/site-packages/airflow/example_dags/example_latest_only_with_trigger.py for tasks to queue
[2021-07-14 20:06:21,733] {logging_mixin.py:104} INFO - [2021-07-14 20:06:21,733] {dagbag.py:496} INFO - Filling up the DagBag from /home/airflow/.local/lib/python3.6/site-packages/airflow/example_dags/example_latest_only_with_trigger.py
[2021-07-14 20:06:21,746] {scheduler_job.py:643} INFO - DAG(s) dict_keys(['latest_only_with_trigger']) retrieved from /home/airflow/.local/lib/python3.6/site-packages/airflow/example_dags/example_latest_only_with_trigger.py
[2021-07-14 20:06:21,773] {logging_mixin.py:104} INFO - [2021-07-14 20:06:21,773] {dag.py:1833} INFO - Sync 1 DAGs
[2021-07-14 20:06:21,790] {logging_mixin.py:104} INFO - [2021-07-14 20:06:21,790] {dag.py:2306} INFO - Setting next_dagrun for latest_only_with_trigger to 2021-07-12 00:00:00+00:00
[2021-07-14 20:06:21,805] {scheduler_job.py:190} INFO - Processing /home/airflow/.local/lib/python3.6/site-packages/airflow/example_dags/example_latest_only_with_trigger.py took 0.077 seconds
[2021-07-14 20:06:52,893] {scheduler_job.py:182} INFO - Started process (PID=1111) to work on /home/airflow/.local/lib/python3.6/site-packages/airflow/example_dags/example_latest_only_with_trigger.py
[2021-07-14 20:06:52,895] {scheduler_job.py:633} INFO - Processing file /home/airflow/.local/lib/python3.6/site-packages/airflow/example_dags/example_latest_only_with_trigger.py for tasks to queue
[2021-07-14 20:06:52,898] {logging_mixin.py:104} INFO - [2021-07-14 20:06:52,896] {dagbag.py:496} INFO - Filling up the DagBag from /home/airflow/.local/lib/python3.6/site-packages/airflow/example_dags/example_latest_only_with_trigger.py
[2021-07-14 20:06:52,925] {scheduler_job.py:643} INFO - DAG(s) dict_keys(['latest_only_with_trigger']) retrieved from /home/airflow/.local/lib/python3.6/site-packages/airflow/example_dags/example_latest_only_with_trigger.py
[2021-07-14 20:06:52,968] {logging_mixin.py:104} INFO - [2021-07-14 20:06:52,968] {dag.py:1833} INFO - Sync 1 DAGs
[2021-07-14 20:06:53,004] {logging_mixin.py:104} INFO - [2021-07-14 20:06:53,004] {dag.py:2306} INFO - Setting next_dagrun for latest_only_with_trigger to 2021-07-12 00:00:00+00:00
[2021-07-14 20:06:53,028] {scheduler_job.py:190} INFO - Processing /home/airflow/.local/lib/python3.6/site-packages/airflow/example_dags/example_latest_only_with_trigger.py took 0.141 seconds
[2021-07-14 20:07:23,618] {scheduler_job.py:182} INFO - Started process (PID=1165) to work on /home/airflow/.local/lib/python3.6/site-packages/airflow/example_dags/example_latest_only_with_trigger.py
[2021-07-14 20:07:23,620] {scheduler_job.py:633} INFO - Processing file /home/airflow/.local/lib/python3.6/site-packages/airflow/example_dags/example_latest_only_with_trigger.py for tasks to queue
[2021-07-14 20:07:23,621] {logging_mixin.py:104} INFO - [2021-07-14 20:07:23,621] {dagbag.py:496} INFO - Filling up the DagBag from /home/airflow/.local/lib/python3.6/site-packages/airflow/example_dags/example_latest_only_with_trigger.py
[2021-07-14 20:07:23,645] {scheduler_job.py:643} INFO - DAG(s) dict_keys(['latest_only_with_trigger']) retrieved from /home/airflow/.local/lib/python3.6/site-packages/airflow/example_dags/example_latest_only_with_trigger.py
[2021-07-14 20:07:23,681] {logging_mixin.py:104} INFO - [2021-07-14 20:07:23,680] {dag.py:1833} INFO - Sync 1 DAGs
[2021-07-14 20:07:23,705] {logging_mixin.py:104} INFO - [2021-07-14 20:07:23,704] {dag.py:2306} INFO - Setting next_dagrun for latest_only_with_trigger to 2021-07-12 00:00:00+00:00
[2021-07-14 20:07:23,720] {scheduler_job.py:190} INFO - Processing /home/airflow/.local/lib/python3.6/site-packages/airflow/example_dags/example_latest_only_with_trigger.py took 0.106 seconds
[2021-07-14 20:07:54,258] {scheduler_job.py:182} INFO - Started process (PID=1230) to work on /home/airflow/.local/lib/python3.6/site-packages/airflow/example_dags/example_latest_only_with_trigger.py
[2021-07-14 20:07:54,260] {scheduler_job.py:633} INFO - Processing file /home/airflow/.local/lib/python3.6/site-packages/airflow/example_dags/example_latest_only_with_trigger.py for tasks to queue
[2021-07-14 20:07:54,261] {logging_mixin.py:104} INFO - [2021-07-14 20:07:54,261] {dagbag.py:496} INFO - Filling up the DagBag from /home/airflow/.local/lib/python3.6/site-packages/airflow/example_dags/example_latest_only_with_trigger.py
[2021-07-14 20:07:54,278] {scheduler_job.py:643} INFO - DAG(s) dict_keys(['latest_only_with_trigger']) retrieved from /home/airflow/.local/lib/python3.6/site-packages/airflow/example_dags/example_latest_only_with_trigger.py
[2021-07-14 20:07:54,308] {logging_mixin.py:104} INFO - [2021-07-14 20:07:54,308] {dag.py:1833} INFO - Sync 1 DAGs
[2021-07-14 20:07:54,335] {logging_mixin.py:104} INFO - [2021-07-14 20:07:54,334] {dag.py:2306} INFO - Setting next_dagrun for latest_only_with_trigger to 2021-07-12 00:00:00+00:00
[2021-07-14 20:07:54,352] {scheduler_job.py:190} INFO - Processing /home/airflow/.local/lib/python3.6/site-packages/airflow/example_dags/example_latest_only_with_trigger.py took 0.098 seconds
[2021-07-14 20:08:24,655] {scheduler_job.py:182} INFO - Started process (PID=1285) to work on /home/airflow/.local/lib/python3.6/site-packages/airflow/example_dags/example_latest_only_with_trigger.py
[2021-07-14 20:08:24,656] {scheduler_job.py:633} INFO - Processing file /home/airflow/.local/lib/python3.6/site-packages/airflow/example_dags/example_latest_only_with_trigger.py for tasks to queue
[2021-07-14 20:08:24,656] {logging_mixin.py:104} INFO - [2021-07-14 20:08:24,656] {dagbag.py:496} INFO - Filling up the DagBag from /home/airflow/.local/lib/python3.6/site-packages/airflow/example_dags/example_latest_only_with_trigger.py
[2021-07-14 20:08:24,668] {scheduler_job.py:643} INFO - DAG(s) dict_keys(['latest_only_with_trigger']) retrieved from /home/airflow/.local/lib/python3.6/site-packages/airflow/example_dags/example_latest_only_with_trigger.py
[2021-07-14 20:08:24,688] {logging_mixin.py:104} INFO - [2021-07-14 20:08:24,688] {dag.py:1833} INFO - Sync 1 DAGs
[2021-07-14 20:08:24,704] {logging_mixin.py:104} INFO - [2021-07-14 20:08:24,704] {dag.py:2306} INFO - Setting next_dagrun for latest_only_with_trigger to 2021-07-12 00:00:00+00:00
[2021-07-14 20:08:24,716] {scheduler_job.py:190} INFO - Processing /home/airflow/.local/lib/python3.6/site-packages/airflow/example_dags/example_latest_only_with_trigger.py took 0.064 seconds
[2021-07-14 20:08:55,286] {scheduler_job.py:182} INFO - Started process (PID=1348) to work on /home/airflow/.local/lib/python3.6/site-packages/airflow/example_dags/example_latest_only_with_trigger.py
[2021-07-14 20:08:55,287] {scheduler_job.py:633} INFO - Processing file /home/airflow/.local/lib/python3.6/site-packages/airflow/example_dags/example_latest_only_with_trigger.py for tasks to queue
[2021-07-14 20:08:55,288] {logging_mixin.py:104} INFO - [2021-07-14 20:08:55,288] {dagbag.py:496} INFO - Filling up the DagBag from /home/airflow/.local/lib/python3.6/site-packages/airflow/example_dags/example_latest_only_with_trigger.py
[2021-07-14 20:08:55,309] {scheduler_job.py:643} INFO - DAG(s) dict_keys(['latest_only_with_trigger']) retrieved from /home/airflow/.local/lib/python3.6/site-packages/airflow/example_dags/example_latest_only_with_trigger.py
[2021-07-14 20:08:55,339] {logging_mixin.py:104} INFO - [2021-07-14 20:08:55,339] {dag.py:1833} INFO - Sync 1 DAGs
[2021-07-14 20:08:55,357] {logging_mixin.py:104} INFO - [2021-07-14 20:08:55,357] {dag.py:2306} INFO - Setting next_dagrun for latest_only_with_trigger to 2021-07-12 00:00:00+00:00
[2021-07-14 20:08:55,369] {scheduler_job.py:190} INFO - Processing /home/airflow/.local/lib/python3.6/site-packages/airflow/example_dags/example_latest_only_with_trigger.py took 0.087 seconds
[2021-07-14 20:09:25,886] {scheduler_job.py:182} INFO - Started process (PID=1402) to work on /home/airflow/.local/lib/python3.6/site-packages/airflow/example_dags/example_latest_only_with_trigger.py
[2021-07-14 20:09:25,887] {scheduler_job.py:633} INFO - Processing file /home/airflow/.local/lib/python3.6/site-packages/airflow/example_dags/example_latest_only_with_trigger.py for tasks to queue
[2021-07-14 20:09:25,887] {logging_mixin.py:104} INFO - [2021-07-14 20:09:25,887] {dagbag.py:496} INFO - Filling up the DagBag from /home/airflow/.local/lib/python3.6/site-packages/airflow/example_dags/example_latest_only_with_trigger.py
[2021-07-14 20:09:25,900] {scheduler_job.py:643} INFO - DAG(s) dict_keys(['latest_only_with_trigger']) retrieved from /home/airflow/.local/lib/python3.6/site-packages/airflow/example_dags/example_latest_only_with_trigger.py
[2021-07-14 20:09:25,922] {logging_mixin.py:104} INFO - [2021-07-14 20:09:25,922] {dag.py:1833} INFO - Sync 1 DAGs
[2021-07-14 20:09:25,941] {logging_mixin.py:104} INFO - [2021-07-14 20:09:25,941] {dag.py:2306} INFO - Setting next_dagrun for latest_only_with_trigger to 2021-07-12 00:00:00+00:00
[2021-07-14 20:09:25,952] {scheduler_job.py:190} INFO - Processing /home/airflow/.local/lib/python3.6/site-packages/airflow/example_dags/example_latest_only_with_trigger.py took 0.069 seconds
[2021-07-14 20:09:56,116] {scheduler_job.py:182} INFO - Started process (PID=1467) to work on /home/airflow/.local/lib/python3.6/site-packages/airflow/example_dags/example_latest_only_with_trigger.py
[2021-07-14 20:09:56,118] {scheduler_job.py:633} INFO - Processing file /home/airflow/.local/lib/python3.6/site-packages/airflow/example_dags/example_latest_only_with_trigger.py for tasks to queue
[2021-07-14 20:09:56,119] {logging_mixin.py:104} INFO - [2021-07-14 20:09:56,118] {dagbag.py:496} INFO - Filling up the DagBag from /home/airflow/.local/lib/python3.6/site-packages/airflow/example_dags/example_latest_only_with_trigger.py
[2021-07-14 20:09:56,132] {scheduler_job.py:643} INFO - DAG(s) dict_keys(['latest_only_with_trigger']) retrieved from /home/airflow/.local/lib/python3.6/site-packages/airflow/example_dags/example_latest_only_with_trigger.py
[2021-07-14 20:09:56,156] {logging_mixin.py:104} INFO - [2021-07-14 20:09:56,156] {dag.py:1833} INFO - Sync 1 DAGs
[2021-07-14 20:09:56,182] {logging_mixin.py:104} INFO - [2021-07-14 20:09:56,182] {dag.py:2306} INFO - Setting next_dagrun for latest_only_with_trigger to 2021-07-12 00:00:00+00:00
[2021-07-14 20:09:56,195] {scheduler_job.py:190} INFO - Processing /home/airflow/.local/lib/python3.6/site-packages/airflow/example_dags/example_latest_only_with_trigger.py took 0.081 seconds
[2021-07-14 20:10:26,538] {scheduler_job.py:182} INFO - Started process (PID=1529) to work on /home/airflow/.local/lib/python3.6/site-packages/airflow/example_dags/example_latest_only_with_trigger.py
[2021-07-14 20:10:26,540] {scheduler_job.py:633} INFO - Processing file /home/airflow/.local/lib/python3.6/site-packages/airflow/example_dags/example_latest_only_with_trigger.py for tasks to queue
[2021-07-14 20:10:26,541] {logging_mixin.py:104} INFO - [2021-07-14 20:10:26,541] {dagbag.py:496} INFO - Filling up the DagBag from /home/airflow/.local/lib/python3.6/site-packages/airflow/example_dags/example_latest_only_with_trigger.py
[2021-07-14 20:10:26,564] {scheduler_job.py:643} INFO - DAG(s) dict_keys(['latest_only_with_trigger']) retrieved from /home/airflow/.local/lib/python3.6/site-packages/airflow/example_dags/example_latest_only_with_trigger.py
[2021-07-14 20:10:26,598] {logging_mixin.py:104} INFO - [2021-07-14 20:10:26,598] {dag.py:1833} INFO - Sync 1 DAGs
[2021-07-14 20:10:26,619] {logging_mixin.py:104} INFO - [2021-07-14 20:10:26,619] {dag.py:2306} INFO - Setting next_dagrun for latest_only_with_trigger to 2021-07-12 00:00:00+00:00
[2021-07-14 20:10:26,633] {scheduler_job.py:190} INFO - Processing /home/airflow/.local/lib/python3.6/site-packages/airflow/example_dags/example_latest_only_with_trigger.py took 0.101 seconds
[2021-07-14 20:10:56,865] {scheduler_job.py:182} INFO - Started process (PID=1584) to work on /home/airflow/.local/lib/python3.6/site-packages/airflow/example_dags/example_latest_only_with_trigger.py
[2021-07-14 20:10:56,866] {scheduler_job.py:633} INFO - Processing file /home/airflow/.local/lib/python3.6/site-packages/airflow/example_dags/example_latest_only_with_trigger.py for tasks to queue
[2021-07-14 20:10:56,867] {logging_mixin.py:104} INFO - [2021-07-14 20:10:56,866] {dagbag.py:496} INFO - Filling up the DagBag from /home/airflow/.local/lib/python3.6/site-packages/airflow/example_dags/example_latest_only_with_trigger.py
[2021-07-14 20:10:56,879] {scheduler_job.py:643} INFO - DAG(s) dict_keys(['latest_only_with_trigger']) retrieved from /home/airflow/.local/lib/python3.6/site-packages/airflow/example_dags/example_latest_only_with_trigger.py
[2021-07-14 20:10:56,902] {logging_mixin.py:104} INFO - [2021-07-14 20:10:56,902] {dag.py:1833} INFO - Sync 1 DAGs
[2021-07-14 20:10:56,919] {logging_mixin.py:104} INFO - [2021-07-14 20:10:56,919] {dag.py:2306} INFO - Setting next_dagrun for latest_only_with_trigger to 2021-07-12 00:00:00+00:00
[2021-07-14 20:10:56,929] {scheduler_job.py:190} INFO - Processing /home/airflow/.local/lib/python3.6/site-packages/airflow/example_dags/example_latest_only_with_trigger.py took 0.067 seconds
[2021-07-14 20:11:27,208] {scheduler_job.py:182} INFO - Started process (PID=1648) to work on /home/airflow/.local/lib/python3.6/site-packages/airflow/example_dags/example_latest_only_with_trigger.py
[2021-07-14 20:11:27,209] {scheduler_job.py:633} INFO - Processing file /home/airflow/.local/lib/python3.6/site-packages/airflow/example_dags/example_latest_only_with_trigger.py for tasks to queue
[2021-07-14 20:11:27,210] {logging_mixin.py:104} INFO - [2021-07-14 20:11:27,210] {dagbag.py:496} INFO - Filling up the DagBag from /home/airflow/.local/lib/python3.6/site-packages/airflow/example_dags/example_latest_only_with_trigger.py
[2021-07-14 20:11:27,227] {scheduler_job.py:643} INFO - DAG(s) dict_keys(['latest_only_with_trigger']) retrieved from /home/airflow/.local/lib/python3.6/site-packages/airflow/example_dags/example_latest_only_with_trigger.py
[2021-07-14 20:11:27,259] {logging_mixin.py:104} INFO - [2021-07-14 20:11:27,259] {dag.py:1833} INFO - Sync 1 DAGs
[2021-07-14 20:11:27,291] {logging_mixin.py:104} INFO - [2021-07-14 20:11:27,291] {dag.py:2306} INFO - Setting next_dagrun for latest_only_with_trigger to 2021-07-12 00:00:00+00:00
[2021-07-14 20:11:27,316] {scheduler_job.py:190} INFO - Processing /home/airflow/.local/lib/python3.6/site-packages/airflow/example_dags/example_latest_only_with_trigger.py took 0.111 seconds
[2021-07-14 20:11:58,014] {scheduler_job.py:182} INFO - Started process (PID=1703) to work on /home/airflow/.local/lib/python3.6/site-packages/airflow/example_dags/example_latest_only_with_trigger.py
[2021-07-14 20:11:58,015] {scheduler_job.py:633} INFO - Processing file /home/airflow/.local/lib/python3.6/site-packages/airflow/example_dags/example_latest_only_with_trigger.py for tasks to queue
[2021-07-14 20:11:58,016] {logging_mixin.py:104} INFO - [2021-07-14 20:11:58,016] {dagbag.py:496} INFO - Filling up the DagBag from /home/airflow/.local/lib/python3.6/site-packages/airflow/example_dags/example_latest_only_with_trigger.py
[2021-07-14 20:11:58,033] {scheduler_job.py:643} INFO - DAG(s) dict_keys(['latest_only_with_trigger']) retrieved from /home/airflow/.local/lib/python3.6/site-packages/airflow/example_dags/example_latest_only_with_trigger.py
[2021-07-14 20:11:58,063] {logging_mixin.py:104} INFO - [2021-07-14 20:11:58,063] {dag.py:1833} INFO - Sync 1 DAGs
[2021-07-14 20:11:58,088] {logging_mixin.py:104} INFO - [2021-07-14 20:11:58,087] {dag.py:2306} INFO - Setting next_dagrun for latest_only_with_trigger to 2021-07-12 00:00:00+00:00
[2021-07-14 20:11:58,100] {scheduler_job.py:190} INFO - Processing /home/airflow/.local/lib/python3.6/site-packages/airflow/example_dags/example_latest_only_with_trigger.py took 0.090 seconds
[2021-07-14 20:12:29,185] {scheduler_job.py:182} INFO - Started process (PID=1769) to work on /home/airflow/.local/lib/python3.6/site-packages/airflow/example_dags/example_latest_only_with_trigger.py
[2021-07-14 20:12:29,186] {scheduler_job.py:633} INFO - Processing file /home/airflow/.local/lib/python3.6/site-packages/airflow/example_dags/example_latest_only_with_trigger.py for tasks to queue
[2021-07-14 20:12:29,186] {logging_mixin.py:104} INFO - [2021-07-14 20:12:29,186] {dagbag.py:496} INFO - Filling up the DagBag from /home/airflow/.local/lib/python3.6/site-packages/airflow/example_dags/example_latest_only_with_trigger.py
[2021-07-14 20:12:29,198] {scheduler_job.py:643} INFO - DAG(s) dict_keys(['latest_only_with_trigger']) retrieved from /home/airflow/.local/lib/python3.6/site-packages/airflow/example_dags/example_latest_only_with_trigger.py
[2021-07-14 20:12:29,219] {logging_mixin.py:104} INFO - [2021-07-14 20:12:29,219] {dag.py:1833} INFO - Sync 1 DAGs
[2021-07-14 20:12:29,235] {logging_mixin.py:104} INFO - [2021-07-14 20:12:29,235] {dag.py:2306} INFO - Setting next_dagrun for latest_only_with_trigger to 2021-07-12 00:00:00+00:00
[2021-07-14 20:12:29,245] {scheduler_job.py:190} INFO - Processing /home/airflow/.local/lib/python3.6/site-packages/airflow/example_dags/example_latest_only_with_trigger.py took 0.063 seconds
[2021-07-14 20:12:59,320] {scheduler_job.py:182} INFO - Started process (PID=1821) to work on /home/airflow/.local/lib/python3.6/site-packages/airflow/example_dags/example_latest_only_with_trigger.py
[2021-07-14 20:12:59,321] {scheduler_job.py:633} INFO - Processing file /home/airflow/.local/lib/python3.6/site-packages/airflow/example_dags/example_latest_only_with_trigger.py for tasks to queue
[2021-07-14 20:12:59,322] {logging_mixin.py:104} INFO - [2021-07-14 20:12:59,322] {dagbag.py:496} INFO - Filling up the DagBag from /home/airflow/.local/lib/python3.6/site-packages/airflow/example_dags/example_latest_only_with_trigger.py
[2021-07-14 20:12:59,335] {scheduler_job.py:643} INFO - DAG(s) dict_keys(['latest_only_with_trigger']) retrieved from /home/airflow/.local/lib/python3.6/site-packages/airflow/example_dags/example_latest_only_with_trigger.py
[2021-07-14 20:12:59,357] {logging_mixin.py:104} INFO - [2021-07-14 20:12:59,357] {dag.py:1833} INFO - Sync 1 DAGs
[2021-07-14 20:12:59,375] {logging_mixin.py:104} INFO - [2021-07-14 20:12:59,375] {dag.py:2306} INFO - Setting next_dagrun for latest_only_with_trigger to 2021-07-12 00:00:00+00:00
[2021-07-14 20:12:59,386] {scheduler_job.py:190} INFO - Processing /home/airflow/.local/lib/python3.6/site-packages/airflow/example_dags/example_latest_only_with_trigger.py took 0.069 seconds
[2021-07-14 20:13:29,754] {scheduler_job.py:182} INFO - Started process (PID=1887) to work on /home/airflow/.local/lib/python3.6/site-packages/airflow/example_dags/example_latest_only_with_trigger.py
[2021-07-14 20:13:29,755] {scheduler_job.py:633} INFO - Processing file /home/airflow/.local/lib/python3.6/site-packages/airflow/example_dags/example_latest_only_with_trigger.py for tasks to queue
[2021-07-14 20:13:29,756] {logging_mixin.py:104} INFO - [2021-07-14 20:13:29,756] {dagbag.py:496} INFO - Filling up the DagBag from /home/airflow/.local/lib/python3.6/site-packages/airflow/example_dags/example_latest_only_with_trigger.py
[2021-07-14 20:13:29,770] {scheduler_job.py:643} INFO - DAG(s) dict_keys(['latest_only_with_trigger']) retrieved from /home/airflow/.local/lib/python3.6/site-packages/airflow/example_dags/example_latest_only_with_trigger.py
[2021-07-14 20:13:29,793] {logging_mixin.py:104} INFO - [2021-07-14 20:13:29,793] {dag.py:1833} INFO - Sync 1 DAGs
[2021-07-14 20:13:29,812] {logging_mixin.py:104} INFO - [2021-07-14 20:13:29,812] {dag.py:2306} INFO - Setting next_dagrun for latest_only_with_trigger to 2021-07-12 00:00:00+00:00
[2021-07-14 20:13:29,823] {scheduler_job.py:190} INFO - Processing /home/airflow/.local/lib/python3.6/site-packages/airflow/example_dags/example_latest_only_with_trigger.py took 0.073 seconds
[2021-07-14 20:14:00,867] {scheduler_job.py:182} INFO - Started process (PID=1953) to work on /home/airflow/.local/lib/python3.6/site-packages/airflow/example_dags/example_latest_only_with_trigger.py
[2021-07-14 20:14:00,868] {scheduler_job.py:633} INFO - Processing file /home/airflow/.local/lib/python3.6/site-packages/airflow/example_dags/example_latest_only_with_trigger.py for tasks to queue
[2021-07-14 20:14:00,869] {logging_mixin.py:104} INFO - [2021-07-14 20:14:00,869] {dagbag.py:496} INFO - Filling up the DagBag from /home/airflow/.local/lib/python3.6/site-packages/airflow/example_dags/example_latest_only_with_trigger.py
[2021-07-14 20:14:00,882] {scheduler_job.py:643} INFO - DAG(s) dict_keys(['latest_only_with_trigger']) retrieved from /home/airflow/.local/lib/python3.6/site-packages/airflow/example_dags/example_latest_only_with_trigger.py
[2021-07-14 20:14:00,907] {logging_mixin.py:104} INFO - [2021-07-14 20:14:00,907] {dag.py:1833} INFO - Sync 1 DAGs
[2021-07-14 20:14:00,931] {logging_mixin.py:104} INFO - [2021-07-14 20:14:00,930] {dag.py:2306} INFO - Setting next_dagrun for latest_only_with_trigger to 2021-07-12 00:00:00+00:00
[2021-07-14 20:14:00,944] {scheduler_job.py:190} INFO - Processing /home/airflow/.local/lib/python3.6/site-packages/airflow/example_dags/example_latest_only_with_trigger.py took 0.080 seconds
[2021-07-14 20:14:30,989] {scheduler_job.py:182} INFO - Started process (PID=2005) to work on /home/airflow/.local/lib/python3.6/site-packages/airflow/example_dags/example_latest_only_with_trigger.py
[2021-07-14 20:14:30,990] {scheduler_job.py:633} INFO - Processing file /home/airflow/.local/lib/python3.6/site-packages/airflow/example_dags/example_latest_only_with_trigger.py for tasks to queue
[2021-07-14 20:14:30,990] {logging_mixin.py:104} INFO - [2021-07-14 20:14:30,990] {dagbag.py:496} INFO - Filling up the DagBag from /home/airflow/.local/lib/python3.6/site-packages/airflow/example_dags/example_latest_only_with_trigger.py
[2021-07-14 20:14:31,002] {scheduler_job.py:643} INFO - DAG(s) dict_keys(['latest_only_with_trigger']) retrieved from /home/airflow/.local/lib/python3.6/site-packages/airflow/example_dags/example_latest_only_with_trigger.py
[2021-07-14 20:14:31,034] {logging_mixin.py:104} INFO - [2021-07-14 20:14:31,033] {dag.py:1833} INFO - Sync 1 DAGs
[2021-07-14 20:14:31,054] {logging_mixin.py:104} INFO - [2021-07-14 20:14:31,054] {dag.py:2306} INFO - Setting next_dagrun for latest_only_with_trigger to 2021-07-12 00:00:00+00:00
[2021-07-14 20:14:31,064] {scheduler_job.py:190} INFO - Processing /home/airflow/.local/lib/python3.6/site-packages/airflow/example_dags/example_latest_only_with_trigger.py took 0.079 seconds
[2021-07-14 20:15:01,531] {scheduler_job.py:182} INFO - Started process (PID=2070) to work on /home/airflow/.local/lib/python3.6/site-packages/airflow/example_dags/example_latest_only_with_trigger.py
[2021-07-14 20:15:01,533] {scheduler_job.py:633} INFO - Processing file /home/airflow/.local/lib/python3.6/site-packages/airflow/example_dags/example_latest_only_with_trigger.py for tasks to queue
[2021-07-14 20:15:01,533] {logging_mixin.py:104} INFO - [2021-07-14 20:15:01,533] {dagbag.py:496} INFO - Filling up the DagBag from /home/airflow/.local/lib/python3.6/site-packages/airflow/example_dags/example_latest_only_with_trigger.py
[2021-07-14 20:15:01,545] {scheduler_job.py:643} INFO - DAG(s) dict_keys(['latest_only_with_trigger']) retrieved from /home/airflow/.local/lib/python3.6/site-packages/airflow/example_dags/example_latest_only_with_trigger.py
[2021-07-14 20:15:01,566] {logging_mixin.py:104} INFO - [2021-07-14 20:15:01,566] {dag.py:1833} INFO - Sync 1 DAGs
[2021-07-14 20:15:01,582] {logging_mixin.py:104} INFO - [2021-07-14 20:15:01,582] {dag.py:2306} INFO - Setting next_dagrun for latest_only_with_trigger to 2021-07-12 00:00:00+00:00
[2021-07-14 20:15:01,592] {scheduler_job.py:190} INFO - Processing /home/airflow/.local/lib/python3.6/site-packages/airflow/example_dags/example_latest_only_with_trigger.py took 0.064 seconds
[2021-07-14 20:15:32,083] {scheduler_job.py:182} INFO - Started process (PID=2124) to work on /home/airflow/.local/lib/python3.6/site-packages/airflow/example_dags/example_latest_only_with_trigger.py
[2021-07-14 20:15:32,084] {scheduler_job.py:633} INFO - Processing file /home/airflow/.local/lib/python3.6/site-packages/airflow/example_dags/example_latest_only_with_trigger.py for tasks to queue
[2021-07-14 20:15:32,085] {logging_mixin.py:104} INFO - [2021-07-14 20:15:32,085] {dagbag.py:496} INFO - Filling up the DagBag from /home/airflow/.local/lib/python3.6/site-packages/airflow/example_dags/example_latest_only_with_trigger.py
[2021-07-14 20:15:32,098] {scheduler_job.py:643} INFO - DAG(s) dict_keys(['latest_only_with_trigger']) retrieved from /home/airflow/.local/lib/python3.6/site-packages/airflow/example_dags/example_latest_only_with_trigger.py
[2021-07-14 20:15:32,125] {logging_mixin.py:104} INFO - [2021-07-14 20:15:32,125] {dag.py:1833} INFO - Sync 1 DAGs
[2021-07-14 20:15:32,149] {logging_mixin.py:104} INFO - [2021-07-14 20:15:32,149] {dag.py:2306} INFO - Setting next_dagrun for latest_only_with_trigger to 2021-07-12 00:00:00+00:00
[2021-07-14 20:15:32,162] {scheduler_job.py:190} INFO - Processing /home/airflow/.local/lib/python3.6/site-packages/airflow/example_dags/example_latest_only_with_trigger.py took 0.082 seconds
[2021-07-14 20:16:02,287] {scheduler_job.py:182} INFO - Started process (PID=2187) to work on /home/airflow/.local/lib/python3.6/site-packages/airflow/example_dags/example_latest_only_with_trigger.py
[2021-07-14 20:16:02,289] {scheduler_job.py:633} INFO - Processing file /home/airflow/.local/lib/python3.6/site-packages/airflow/example_dags/example_latest_only_with_trigger.py for tasks to queue
[2021-07-14 20:16:02,289] {logging_mixin.py:104} INFO - [2021-07-14 20:16:02,289] {dagbag.py:496} INFO - Filling up the DagBag from /home/airflow/.local/lib/python3.6/site-packages/airflow/example_dags/example_latest_only_with_trigger.py
[2021-07-14 20:16:02,307] {scheduler_job.py:643} INFO - DAG(s) dict_keys(['latest_only_with_trigger']) retrieved from /home/airflow/.local/lib/python3.6/site-packages/airflow/example_dags/example_latest_only_with_trigger.py
[2021-07-14 20:16:02,332] {logging_mixin.py:104} INFO - [2021-07-14 20:16:02,332] {dag.py:1833} INFO - Sync 1 DAGs
[2021-07-14 20:16:02,353] {logging_mixin.py:104} INFO - [2021-07-14 20:16:02,353] {dag.py:2306} INFO - Setting next_dagrun for latest_only_with_trigger to 2021-07-12 00:00:00+00:00
[2021-07-14 20:16:02,368] {scheduler_job.py:190} INFO - Processing /home/airflow/.local/lib/python3.6/site-packages/airflow/example_dags/example_latest_only_with_trigger.py took 0.085 seconds
[2021-07-14 20:16:33,384] {scheduler_job.py:182} INFO - Started process (PID=2241) to work on /home/airflow/.local/lib/python3.6/site-packages/airflow/example_dags/example_latest_only_with_trigger.py
[2021-07-14 20:16:33,386] {scheduler_job.py:633} INFO - Processing file /home/airflow/.local/lib/python3.6/site-packages/airflow/example_dags/example_latest_only_with_trigger.py for tasks to queue
[2021-07-14 20:16:33,386] {logging_mixin.py:104} INFO - [2021-07-14 20:16:33,386] {dagbag.py:496} INFO - Filling up the DagBag from /home/airflow/.local/lib/python3.6/site-packages/airflow/example_dags/example_latest_only_with_trigger.py
[2021-07-14 20:16:33,398] {scheduler_job.py:643} INFO - DAG(s) dict_keys(['latest_only_with_trigger']) retrieved from /home/airflow/.local/lib/python3.6/site-packages/airflow/example_dags/example_latest_only_with_trigger.py
[2021-07-14 20:16:33,421] {logging_mixin.py:104} INFO - [2021-07-14 20:16:33,421] {dag.py:1833} INFO - Sync 1 DAGs
[2021-07-14 20:16:33,441] {logging_mixin.py:104} INFO - [2021-07-14 20:16:33,441] {dag.py:2306} INFO - Setting next_dagrun for latest_only_with_trigger to 2021-07-12 00:00:00+00:00
[2021-07-14 20:16:33,454] {scheduler_job.py:190} INFO - Processing /home/airflow/.local/lib/python3.6/site-packages/airflow/example_dags/example_latest_only_with_trigger.py took 0.073 seconds
[2021-07-14 20:17:03,803] {scheduler_job.py:182} INFO - Started process (PID=2303) to work on /home/airflow/.local/lib/python3.6/site-packages/airflow/example_dags/example_latest_only_with_trigger.py
[2021-07-14 20:17:03,804] {scheduler_job.py:633} INFO - Processing file /home/airflow/.local/lib/python3.6/site-packages/airflow/example_dags/example_latest_only_with_trigger.py for tasks to queue
[2021-07-14 20:17:03,805] {logging_mixin.py:104} INFO - [2021-07-14 20:17:03,804] {dagbag.py:496} INFO - Filling up the DagBag from /home/airflow/.local/lib/python3.6/site-packages/airflow/example_dags/example_latest_only_with_trigger.py
[2021-07-14 20:17:03,817] {scheduler_job.py:643} INFO - DAG(s) dict_keys(['latest_only_with_trigger']) retrieved from /home/airflow/.local/lib/python3.6/site-packages/airflow/example_dags/example_latest_only_with_trigger.py
[2021-07-14 20:17:03,843] {logging_mixin.py:104} INFO - [2021-07-14 20:17:03,843] {dag.py:1833} INFO - Sync 1 DAGs
[2021-07-14 20:17:03,863] {logging_mixin.py:104} INFO - [2021-07-14 20:17:03,863] {dag.py:2306} INFO - Setting next_dagrun for latest_only_with_trigger to 2021-07-12 00:00:00+00:00
[2021-07-14 20:17:03,875] {scheduler_job.py:190} INFO - Processing /home/airflow/.local/lib/python3.6/site-packages/airflow/example_dags/example_latest_only_with_trigger.py took 0.075 seconds
[2021-07-14 20:17:34,373] {scheduler_job.py:182} INFO - Started process (PID=2356) to work on /home/airflow/.local/lib/python3.6/site-packages/airflow/example_dags/example_latest_only_with_trigger.py
[2021-07-14 20:17:34,375] {scheduler_job.py:633} INFO - Processing file /home/airflow/.local/lib/python3.6/site-packages/airflow/example_dags/example_latest_only_with_trigger.py for tasks to queue
[2021-07-14 20:17:34,375] {logging_mixin.py:104} INFO - [2021-07-14 20:17:34,375] {dagbag.py:496} INFO - Filling up the DagBag from /home/airflow/.local/lib/python3.6/site-packages/airflow/example_dags/example_latest_only_with_trigger.py
[2021-07-14 20:17:34,393] {scheduler_job.py:643} INFO - DAG(s) dict_keys(['latest_only_with_trigger']) retrieved from /home/airflow/.local/lib/python3.6/site-packages/airflow/example_dags/example_latest_only_with_trigger.py
[2021-07-14 20:17:34,423] {logging_mixin.py:104} INFO - [2021-07-14 20:17:34,423] {dag.py:1833} INFO - Sync 1 DAGs
[2021-07-14 20:17:34,446] {logging_mixin.py:104} INFO - [2021-07-14 20:17:34,446] {dag.py:2306} INFO - Setting next_dagrun for latest_only_with_trigger to 2021-07-12 00:00:00+00:00
[2021-07-14 20:17:34,461] {scheduler_job.py:190} INFO - Processing /home/airflow/.local/lib/python3.6/site-packages/airflow/example_dags/example_latest_only_with_trigger.py took 0.092 seconds
[2021-07-14 20:18:04,920] {scheduler_job.py:182} INFO - Started process (PID=2422) to work on /home/airflow/.local/lib/python3.6/site-packages/airflow/example_dags/example_latest_only_with_trigger.py
[2021-07-14 20:18:04,922] {scheduler_job.py:633} INFO - Processing file /home/airflow/.local/lib/python3.6/site-packages/airflow/example_dags/example_latest_only_with_trigger.py for tasks to queue
[2021-07-14 20:18:04,923] {logging_mixin.py:104} INFO - [2021-07-14 20:18:04,923] {dagbag.py:496} INFO - Filling up the DagBag from /home/airflow/.local/lib/python3.6/site-packages/airflow/example_dags/example_latest_only_with_trigger.py
[2021-07-14 20:18:04,935] {scheduler_job.py:643} INFO - DAG(s) dict_keys(['latest_only_with_trigger']) retrieved from /home/airflow/.local/lib/python3.6/site-packages/airflow/example_dags/example_latest_only_with_trigger.py
[2021-07-14 20:18:04,957] {logging_mixin.py:104} INFO - [2021-07-14 20:18:04,957] {dag.py:1833} INFO - Sync 1 DAGs
[2021-07-14 20:18:04,975] {logging_mixin.py:104} INFO - [2021-07-14 20:18:04,975] {dag.py:2306} INFO - Setting next_dagrun for latest_only_with_trigger to 2021-07-12 00:00:00+00:00
[2021-07-14 20:18:04,986] {scheduler_job.py:190} INFO - Processing /home/airflow/.local/lib/python3.6/site-packages/airflow/example_dags/example_latest_only_with_trigger.py took 0.069 seconds
[2021-07-14 20:18:35,620] {scheduler_job.py:182} INFO - Started process (PID=2475) to work on /home/airflow/.local/lib/python3.6/site-packages/airflow/example_dags/example_latest_only_with_trigger.py
[2021-07-14 20:18:35,627] {scheduler_job.py:633} INFO - Processing file /home/airflow/.local/lib/python3.6/site-packages/airflow/example_dags/example_latest_only_with_trigger.py for tasks to queue
[2021-07-14 20:18:35,628] {logging_mixin.py:104} INFO - [2021-07-14 20:18:35,627] {dagbag.py:496} INFO - Filling up the DagBag from /home/airflow/.local/lib/python3.6/site-packages/airflow/example_dags/example_latest_only_with_trigger.py
[2021-07-14 20:18:35,679] {scheduler_job.py:643} INFO - DAG(s) dict_keys(['latest_only_with_trigger']) retrieved from /home/airflow/.local/lib/python3.6/site-packages/airflow/example_dags/example_latest_only_with_trigger.py
[2021-07-14 20:18:35,760] {logging_mixin.py:104} INFO - [2021-07-14 20:18:35,760] {dag.py:1833} INFO - Sync 1 DAGs
[2021-07-14 20:18:35,790] {logging_mixin.py:104} INFO - [2021-07-14 20:18:35,790] {dag.py:2306} INFO - Setting next_dagrun for latest_only_with_trigger to 2021-07-12 00:00:00+00:00
[2021-07-14 20:18:35,807] {scheduler_job.py:190} INFO - Processing /home/airflow/.local/lib/python3.6/site-packages/airflow/example_dags/example_latest_only_with_trigger.py took 0.192 seconds
[2021-07-14 20:19:06,219] {scheduler_job.py:182} INFO - Started process (PID=2538) to work on /home/airflow/.local/lib/python3.6/site-packages/airflow/example_dags/example_latest_only_with_trigger.py
[2021-07-14 20:19:06,220] {scheduler_job.py:633} INFO - Processing file /home/airflow/.local/lib/python3.6/site-packages/airflow/example_dags/example_latest_only_with_trigger.py for tasks to queue
[2021-07-14 20:19:06,220] {logging_mixin.py:104} INFO - [2021-07-14 20:19:06,220] {dagbag.py:496} INFO - Filling up the DagBag from /home/airflow/.local/lib/python3.6/site-packages/airflow/example_dags/example_latest_only_with_trigger.py
[2021-07-14 20:19:06,233] {scheduler_job.py:643} INFO - DAG(s) dict_keys(['latest_only_with_trigger']) retrieved from /home/airflow/.local/lib/python3.6/site-packages/airflow/example_dags/example_latest_only_with_trigger.py
[2021-07-14 20:19:06,255] {logging_mixin.py:104} INFO - [2021-07-14 20:19:06,255] {dag.py:1833} INFO - Sync 1 DAGs
[2021-07-14 20:19:06,276] {logging_mixin.py:104} INFO - [2021-07-14 20:19:06,276] {dag.py:2306} INFO - Setting next_dagrun for latest_only_with_trigger to 2021-07-12 00:00:00+00:00
[2021-07-14 20:19:06,290] {scheduler_job.py:190} INFO - Processing /home/airflow/.local/lib/python3.6/site-packages/airflow/example_dags/example_latest_only_with_trigger.py took 0.074 seconds
[2021-07-14 20:19:36,621] {scheduler_job.py:182} INFO - Started process (PID=2592) to work on /home/airflow/.local/lib/python3.6/site-packages/airflow/example_dags/example_latest_only_with_trigger.py
[2021-07-14 20:19:36,623] {scheduler_job.py:633} INFO - Processing file /home/airflow/.local/lib/python3.6/site-packages/airflow/example_dags/example_latest_only_with_trigger.py for tasks to queue
[2021-07-14 20:19:36,624] {logging_mixin.py:104} INFO - [2021-07-14 20:19:36,624] {dagbag.py:496} INFO - Filling up the DagBag from /home/airflow/.local/lib/python3.6/site-packages/airflow/example_dags/example_latest_only_with_trigger.py
[2021-07-14 20:19:36,637] {scheduler_job.py:643} INFO - DAG(s) dict_keys(['latest_only_with_trigger']) retrieved from /home/airflow/.local/lib/python3.6/site-packages/airflow/example_dags/example_latest_only_with_trigger.py
[2021-07-14 20:19:36,664] {logging_mixin.py:104} INFO - [2021-07-14 20:19:36,664] {dag.py:1833} INFO - Sync 1 DAGs
[2021-07-14 20:19:36,684] {logging_mixin.py:104} INFO - [2021-07-14 20:19:36,684] {dag.py:2306} INFO - Setting next_dagrun for latest_only_with_trigger to 2021-07-12 00:00:00+00:00
[2021-07-14 20:19:36,696] {scheduler_job.py:190} INFO - Processing /home/airflow/.local/lib/python3.6/site-packages/airflow/example_dags/example_latest_only_with_trigger.py took 0.079 seconds
[2021-07-14 20:20:07,079] {scheduler_job.py:182} INFO - Started process (PID=2654) to work on /home/airflow/.local/lib/python3.6/site-packages/airflow/example_dags/example_latest_only_with_trigger.py
[2021-07-14 20:20:07,083] {scheduler_job.py:633} INFO - Processing file /home/airflow/.local/lib/python3.6/site-packages/airflow/example_dags/example_latest_only_with_trigger.py for tasks to queue
[2021-07-14 20:20:07,084] {logging_mixin.py:104} INFO - [2021-07-14 20:20:07,084] {dagbag.py:496} INFO - Filling up the DagBag from /home/airflow/.local/lib/python3.6/site-packages/airflow/example_dags/example_latest_only_with_trigger.py
[2021-07-14 20:20:07,103] {scheduler_job.py:643} INFO - DAG(s) dict_keys(['latest_only_with_trigger']) retrieved from /home/airflow/.local/lib/python3.6/site-packages/airflow/example_dags/example_latest_only_with_trigger.py
[2021-07-14 20:20:07,133] {logging_mixin.py:104} INFO - [2021-07-14 20:20:07,133] {dag.py:1833} INFO - Sync 1 DAGs
[2021-07-14 20:20:07,158] {logging_mixin.py:104} INFO - [2021-07-14 20:20:07,158] {dag.py:2306} INFO - Setting next_dagrun for latest_only_with_trigger to 2021-07-12 00:00:00+00:00
[2021-07-14 20:20:07,170] {scheduler_job.py:190} INFO - Processing /home/airflow/.local/lib/python3.6/site-packages/airflow/example_dags/example_latest_only_with_trigger.py took 0.095 seconds
[2021-07-14 20:20:37,223] {scheduler_job.py:182} INFO - Started process (PID=2707) to work on /home/airflow/.local/lib/python3.6/site-packages/airflow/example_dags/example_latest_only_with_trigger.py
[2021-07-14 20:20:37,225] {scheduler_job.py:633} INFO - Processing file /home/airflow/.local/lib/python3.6/site-packages/airflow/example_dags/example_latest_only_with_trigger.py for tasks to queue
[2021-07-14 20:20:37,226] {logging_mixin.py:104} INFO - [2021-07-14 20:20:37,226] {dagbag.py:496} INFO - Filling up the DagBag from /home/airflow/.local/lib/python3.6/site-packages/airflow/example_dags/example_latest_only_with_trigger.py
[2021-07-14 20:20:37,249] {scheduler_job.py:643} INFO - DAG(s) dict_keys(['latest_only_with_trigger']) retrieved from /home/airflow/.local/lib/python3.6/site-packages/airflow/example_dags/example_latest_only_with_trigger.py
[2021-07-14 20:20:37,283] {logging_mixin.py:104} INFO - [2021-07-14 20:20:37,282] {dag.py:1833} INFO - Sync 1 DAGs
[2021-07-14 20:20:37,307] {logging_mixin.py:104} INFO - [2021-07-14 20:20:37,307] {dag.py:2306} INFO - Setting next_dagrun for latest_only_with_trigger to 2021-07-12 00:00:00+00:00
[2021-07-14 20:20:37,320] {scheduler_job.py:190} INFO - Processing /home/airflow/.local/lib/python3.6/site-packages/airflow/example_dags/example_latest_only_with_trigger.py took 0.104 seconds
[2021-07-14 20:21:07,556] {scheduler_job.py:182} INFO - Started process (PID=2772) to work on /home/airflow/.local/lib/python3.6/site-packages/airflow/example_dags/example_latest_only_with_trigger.py
[2021-07-14 20:21:07,558] {scheduler_job.py:633} INFO - Processing file /home/airflow/.local/lib/python3.6/site-packages/airflow/example_dags/example_latest_only_with_trigger.py for tasks to queue
[2021-07-14 20:21:07,559] {logging_mixin.py:104} INFO - [2021-07-14 20:21:07,559] {dagbag.py:496} INFO - Filling up the DagBag from /home/airflow/.local/lib/python3.6/site-packages/airflow/example_dags/example_latest_only_with_trigger.py
[2021-07-14 20:21:07,583] {scheduler_job.py:643} INFO - DAG(s) dict_keys(['latest_only_with_trigger']) retrieved from /home/airflow/.local/lib/python3.6/site-packages/airflow/example_dags/example_latest_only_with_trigger.py
[2021-07-14 20:21:07,616] {logging_mixin.py:104} INFO - [2021-07-14 20:21:07,616] {dag.py:1833} INFO - Sync 1 DAGs
[2021-07-14 20:21:07,639] {logging_mixin.py:104} INFO - [2021-07-14 20:21:07,638] {dag.py:2306} INFO - Setting next_dagrun for latest_only_with_trigger to 2021-07-12 00:00:00+00:00
[2021-07-14 20:21:07,654] {scheduler_job.py:190} INFO - Processing /home/airflow/.local/lib/python3.6/site-packages/airflow/example_dags/example_latest_only_with_trigger.py took 0.103 seconds
[2021-07-14 20:21:37,990] {scheduler_job.py:182} INFO - Started process (PID=2827) to work on /home/airflow/.local/lib/python3.6/site-packages/airflow/example_dags/example_latest_only_with_trigger.py
[2021-07-14 20:21:37,993] {scheduler_job.py:633} INFO - Processing file /home/airflow/.local/lib/python3.6/site-packages/airflow/example_dags/example_latest_only_with_trigger.py for tasks to queue
[2021-07-14 20:21:37,995] {logging_mixin.py:104} INFO - [2021-07-14 20:21:37,994] {dagbag.py:496} INFO - Filling up the DagBag from /home/airflow/.local/lib/python3.6/site-packages/airflow/example_dags/example_latest_only_with_trigger.py
[2021-07-14 20:21:38,011] {scheduler_job.py:643} INFO - DAG(s) dict_keys(['latest_only_with_trigger']) retrieved from /home/airflow/.local/lib/python3.6/site-packages/airflow/example_dags/example_latest_only_with_trigger.py
[2021-07-14 20:21:38,044] {logging_mixin.py:104} INFO - [2021-07-14 20:21:38,044] {dag.py:1833} INFO - Sync 1 DAGs
[2021-07-14 20:21:38,072] {logging_mixin.py:104} INFO - [2021-07-14 20:21:38,072] {dag.py:2306} INFO - Setting next_dagrun for latest_only_with_trigger to 2021-07-12 00:00:00+00:00
[2021-07-14 20:21:38,090] {scheduler_job.py:190} INFO - Processing /home/airflow/.local/lib/python3.6/site-packages/airflow/example_dags/example_latest_only_with_trigger.py took 0.106 seconds
[2021-07-14 20:22:08,559] {scheduler_job.py:182} INFO - Started process (PID=2892) to work on /home/airflow/.local/lib/python3.6/site-packages/airflow/example_dags/example_latest_only_with_trigger.py
[2021-07-14 20:22:08,560] {scheduler_job.py:633} INFO - Processing file /home/airflow/.local/lib/python3.6/site-packages/airflow/example_dags/example_latest_only_with_trigger.py for tasks to queue
[2021-07-14 20:22:08,560] {logging_mixin.py:104} INFO - [2021-07-14 20:22:08,560] {dagbag.py:496} INFO - Filling up the DagBag from /home/airflow/.local/lib/python3.6/site-packages/airflow/example_dags/example_latest_only_with_trigger.py
[2021-07-14 20:22:08,576] {scheduler_job.py:643} INFO - DAG(s) dict_keys(['latest_only_with_trigger']) retrieved from /home/airflow/.local/lib/python3.6/site-packages/airflow/example_dags/example_latest_only_with_trigger.py
[2021-07-14 20:22:08,605] {logging_mixin.py:104} INFO - [2021-07-14 20:22:08,605] {dag.py:1833} INFO - Sync 1 DAGs
[2021-07-14 20:22:08,631] {logging_mixin.py:104} INFO - [2021-07-14 20:22:08,630] {dag.py:2306} INFO - Setting next_dagrun for latest_only_with_trigger to 2021-07-12 00:00:00+00:00
[2021-07-14 20:22:08,647] {scheduler_job.py:190} INFO - Processing /home/airflow/.local/lib/python3.6/site-packages/airflow/example_dags/example_latest_only_with_trigger.py took 0.092 seconds
