[2021-07-14 19:05:08,330] {scheduler_job.py:182} INFO - Started process (PID=58) to work on /home/airflow/.local/lib/python3.6/site-packages/airflow/example_dags/example_external_task_marker_dag.py
[2021-07-14 19:05:08,334] {scheduler_job.py:633} INFO - Processing file /home/airflow/.local/lib/python3.6/site-packages/airflow/example_dags/example_external_task_marker_dag.py for tasks to queue
[2021-07-14 19:05:08,339] {logging_mixin.py:104} INFO - [2021-07-14 19:05:08,339] {dagbag.py:496} INFO - Filling up the DagBag from /home/airflow/.local/lib/python3.6/site-packages/airflow/example_dags/example_external_task_marker_dag.py
[2021-07-14 19:05:08,408] {scheduler_job.py:643} INFO - DAG(s) dict_keys(['example_external_task_marker_parent', 'example_external_task_marker_child']) retrieved from /home/airflow/.local/lib/python3.6/site-packages/airflow/example_dags/example_external_task_marker_dag.py
[2021-07-14 19:05:09,669] {logging_mixin.py:104} INFO - [2021-07-14 19:05:09,668] {dag.py:1833} INFO - Sync 2 DAGs
[2021-07-14 19:05:09,709] {logging_mixin.py:104} INFO - [2021-07-14 19:05:09,709] {dag.py:2306} INFO - Setting next_dagrun for example_external_task_marker_child to None
[2021-07-14 19:05:09,711] {logging_mixin.py:104} INFO - [2021-07-14 19:05:09,711] {dag.py:2306} INFO - Setting next_dagrun for example_external_task_marker_parent to None
[2021-07-14 19:05:09,761] {scheduler_job.py:190} INFO - Processing /home/airflow/.local/lib/python3.6/site-packages/airflow/example_dags/example_external_task_marker_dag.py took 1.447 seconds
[2021-07-14 19:05:40,053] {scheduler_job.py:182} INFO - Started process (PID=113) to work on /home/airflow/.local/lib/python3.6/site-packages/airflow/example_dags/example_external_task_marker_dag.py
[2021-07-14 19:05:40,055] {scheduler_job.py:633} INFO - Processing file /home/airflow/.local/lib/python3.6/site-packages/airflow/example_dags/example_external_task_marker_dag.py for tasks to queue
[2021-07-14 19:05:40,057] {logging_mixin.py:104} INFO - [2021-07-14 19:05:40,056] {dagbag.py:496} INFO - Filling up the DagBag from /home/airflow/.local/lib/python3.6/site-packages/airflow/example_dags/example_external_task_marker_dag.py
[2021-07-14 19:05:40,093] {scheduler_job.py:643} INFO - DAG(s) dict_keys(['example_external_task_marker_parent', 'example_external_task_marker_child']) retrieved from /home/airflow/.local/lib/python3.6/site-packages/airflow/example_dags/example_external_task_marker_dag.py
[2021-07-14 19:05:40,655] {logging_mixin.py:104} INFO - [2021-07-14 19:05:40,654] {dag.py:1833} INFO - Sync 2 DAGs
[2021-07-14 19:05:40,686] {logging_mixin.py:104} INFO - [2021-07-14 19:05:40,685] {dag.py:2306} INFO - Setting next_dagrun for example_external_task_marker_child to None
[2021-07-14 19:05:40,688] {logging_mixin.py:104} INFO - [2021-07-14 19:05:40,687] {dag.py:2306} INFO - Setting next_dagrun for example_external_task_marker_parent to None
[2021-07-14 19:05:40,713] {scheduler_job.py:190} INFO - Processing /home/airflow/.local/lib/python3.6/site-packages/airflow/example_dags/example_external_task_marker_dag.py took 0.664 seconds
[2021-07-14 19:06:11,559] {scheduler_job.py:182} INFO - Started process (PID=167) to work on /home/airflow/.local/lib/python3.6/site-packages/airflow/example_dags/example_external_task_marker_dag.py
[2021-07-14 19:06:11,561] {scheduler_job.py:633} INFO - Processing file /home/airflow/.local/lib/python3.6/site-packages/airflow/example_dags/example_external_task_marker_dag.py for tasks to queue
[2021-07-14 19:06:11,562] {logging_mixin.py:104} INFO - [2021-07-14 19:06:11,562] {dagbag.py:496} INFO - Filling up the DagBag from /home/airflow/.local/lib/python3.6/site-packages/airflow/example_dags/example_external_task_marker_dag.py
[2021-07-14 19:06:11,583] {scheduler_job.py:643} INFO - DAG(s) dict_keys(['example_external_task_marker_parent', 'example_external_task_marker_child']) retrieved from /home/airflow/.local/lib/python3.6/site-packages/airflow/example_dags/example_external_task_marker_dag.py
[2021-07-14 19:06:11,895] {logging_mixin.py:104} INFO - [2021-07-14 19:06:11,894] {dag.py:1833} INFO - Sync 2 DAGs
[2021-07-14 19:06:11,913] {logging_mixin.py:104} INFO - [2021-07-14 19:06:11,913] {dag.py:2306} INFO - Setting next_dagrun for example_external_task_marker_child to None
[2021-07-14 19:06:11,914] {logging_mixin.py:104} INFO - [2021-07-14 19:06:11,914] {dag.py:2306} INFO - Setting next_dagrun for example_external_task_marker_parent to None
[2021-07-14 19:06:11,928] {scheduler_job.py:190} INFO - Processing /home/airflow/.local/lib/python3.6/site-packages/airflow/example_dags/example_external_task_marker_dag.py took 0.374 seconds
[2021-07-14 19:06:41,974] {scheduler_job.py:182} INFO - Started process (PID=230) to work on /home/airflow/.local/lib/python3.6/site-packages/airflow/example_dags/example_external_task_marker_dag.py
[2021-07-14 19:06:41,976] {scheduler_job.py:633} INFO - Processing file /home/airflow/.local/lib/python3.6/site-packages/airflow/example_dags/example_external_task_marker_dag.py for tasks to queue
[2021-07-14 19:06:41,976] {logging_mixin.py:104} INFO - [2021-07-14 19:06:41,976] {dagbag.py:496} INFO - Filling up the DagBag from /home/airflow/.local/lib/python3.6/site-packages/airflow/example_dags/example_external_task_marker_dag.py
[2021-07-14 19:06:41,994] {scheduler_job.py:643} INFO - DAG(s) dict_keys(['example_external_task_marker_parent', 'example_external_task_marker_child']) retrieved from /home/airflow/.local/lib/python3.6/site-packages/airflow/example_dags/example_external_task_marker_dag.py
[2021-07-14 19:06:42,316] {logging_mixin.py:104} INFO - [2021-07-14 19:06:42,316] {dag.py:1833} INFO - Sync 2 DAGs
[2021-07-14 19:06:42,339] {logging_mixin.py:104} INFO - [2021-07-14 19:06:42,339] {dag.py:2306} INFO - Setting next_dagrun for example_external_task_marker_child to None
[2021-07-14 19:06:42,342] {logging_mixin.py:104} INFO - [2021-07-14 19:06:42,341] {dag.py:2306} INFO - Setting next_dagrun for example_external_task_marker_parent to None
[2021-07-14 19:06:42,364] {scheduler_job.py:190} INFO - Processing /home/airflow/.local/lib/python3.6/site-packages/airflow/example_dags/example_external_task_marker_dag.py took 0.393 seconds
[2021-07-14 19:07:12,477] {scheduler_job.py:182} INFO - Started process (PID=284) to work on /home/airflow/.local/lib/python3.6/site-packages/airflow/example_dags/example_external_task_marker_dag.py
[2021-07-14 19:07:12,479] {scheduler_job.py:633} INFO - Processing file /home/airflow/.local/lib/python3.6/site-packages/airflow/example_dags/example_external_task_marker_dag.py for tasks to queue
[2021-07-14 19:07:12,480] {logging_mixin.py:104} INFO - [2021-07-14 19:07:12,480] {dagbag.py:496} INFO - Filling up the DagBag from /home/airflow/.local/lib/python3.6/site-packages/airflow/example_dags/example_external_task_marker_dag.py
[2021-07-14 19:07:12,500] {scheduler_job.py:643} INFO - DAG(s) dict_keys(['example_external_task_marker_parent', 'example_external_task_marker_child']) retrieved from /home/airflow/.local/lib/python3.6/site-packages/airflow/example_dags/example_external_task_marker_dag.py
[2021-07-14 19:07:12,901] {logging_mixin.py:104} INFO - [2021-07-14 19:07:12,901] {dag.py:1833} INFO - Sync 2 DAGs
[2021-07-14 19:07:12,919] {logging_mixin.py:104} INFO - [2021-07-14 19:07:12,919] {dag.py:2306} INFO - Setting next_dagrun for example_external_task_marker_child to None
[2021-07-14 19:07:12,920] {logging_mixin.py:104} INFO - [2021-07-14 19:07:12,920] {dag.py:2306} INFO - Setting next_dagrun for example_external_task_marker_parent to None
[2021-07-14 19:07:12,933] {scheduler_job.py:190} INFO - Processing /home/airflow/.local/lib/python3.6/site-packages/airflow/example_dags/example_external_task_marker_dag.py took 0.460 seconds
[2021-07-14 19:07:43,175] {scheduler_job.py:182} INFO - Started process (PID=346) to work on /home/airflow/.local/lib/python3.6/site-packages/airflow/example_dags/example_external_task_marker_dag.py
[2021-07-14 19:07:43,186] {scheduler_job.py:633} INFO - Processing file /home/airflow/.local/lib/python3.6/site-packages/airflow/example_dags/example_external_task_marker_dag.py for tasks to queue
[2021-07-14 19:07:43,191] {logging_mixin.py:104} INFO - [2021-07-14 19:07:43,191] {dagbag.py:496} INFO - Filling up the DagBag from /home/airflow/.local/lib/python3.6/site-packages/airflow/example_dags/example_external_task_marker_dag.py
[2021-07-14 19:07:43,219] {scheduler_job.py:643} INFO - DAG(s) dict_keys(['example_external_task_marker_parent', 'example_external_task_marker_child']) retrieved from /home/airflow/.local/lib/python3.6/site-packages/airflow/example_dags/example_external_task_marker_dag.py
[2021-07-14 19:07:43,271] {logging_mixin.py:104} INFO - [2021-07-14 19:07:43,271] {dag.py:1833} INFO - Sync 2 DAGs
[2021-07-14 19:07:43,329] {logging_mixin.py:104} INFO - [2021-07-14 19:07:43,329] {dag.py:2306} INFO - Setting next_dagrun for example_external_task_marker_child to None
[2021-07-14 19:07:43,330] {logging_mixin.py:104} INFO - [2021-07-14 19:07:43,330] {dag.py:2306} INFO - Setting next_dagrun for example_external_task_marker_parent to None
[2021-07-14 19:07:43,361] {scheduler_job.py:190} INFO - Processing /home/airflow/.local/lib/python3.6/site-packages/airflow/example_dags/example_external_task_marker_dag.py took 0.191 seconds
[2021-07-14 19:08:55,997] {scheduler_job.py:182} INFO - Started process (PID=40) to work on /home/airflow/.local/lib/python3.6/site-packages/airflow/example_dags/example_external_task_marker_dag.py
[2021-07-14 19:08:55,998] {scheduler_job.py:633} INFO - Processing file /home/airflow/.local/lib/python3.6/site-packages/airflow/example_dags/example_external_task_marker_dag.py for tasks to queue
[2021-07-14 19:08:55,999] {logging_mixin.py:104} INFO - [2021-07-14 19:08:55,999] {dagbag.py:496} INFO - Filling up the DagBag from /home/airflow/.local/lib/python3.6/site-packages/airflow/example_dags/example_external_task_marker_dag.py
[2021-07-14 19:08:56,018] {scheduler_job.py:643} INFO - DAG(s) dict_keys(['example_external_task_marker_parent', 'example_external_task_marker_child']) retrieved from /home/airflow/.local/lib/python3.6/site-packages/airflow/example_dags/example_external_task_marker_dag.py
[2021-07-14 19:08:56,288] {logging_mixin.py:104} INFO - [2021-07-14 19:08:56,288] {dag.py:1833} INFO - Sync 2 DAGs
[2021-07-14 19:08:56,304] {logging_mixin.py:104} INFO - [2021-07-14 19:08:56,304] {dag.py:2306} INFO - Setting next_dagrun for example_external_task_marker_child to None
[2021-07-14 19:08:56,305] {logging_mixin.py:104} INFO - [2021-07-14 19:08:56,305] {dag.py:2306} INFO - Setting next_dagrun for example_external_task_marker_parent to None
[2021-07-14 19:08:56,320] {scheduler_job.py:190} INFO - Processing /home/airflow/.local/lib/python3.6/site-packages/airflow/example_dags/example_external_task_marker_dag.py took 0.327 seconds
[2021-07-14 19:09:27,226] {scheduler_job.py:182} INFO - Started process (PID=105) to work on /home/airflow/.local/lib/python3.6/site-packages/airflow/example_dags/example_external_task_marker_dag.py
[2021-07-14 19:09:27,228] {scheduler_job.py:633} INFO - Processing file /home/airflow/.local/lib/python3.6/site-packages/airflow/example_dags/example_external_task_marker_dag.py for tasks to queue
[2021-07-14 19:09:27,229] {logging_mixin.py:104} INFO - [2021-07-14 19:09:27,229] {dagbag.py:496} INFO - Filling up the DagBag from /home/airflow/.local/lib/python3.6/site-packages/airflow/example_dags/example_external_task_marker_dag.py
[2021-07-14 19:09:27,257] {scheduler_job.py:643} INFO - DAG(s) dict_keys(['example_external_task_marker_parent', 'example_external_task_marker_child']) retrieved from /home/airflow/.local/lib/python3.6/site-packages/airflow/example_dags/example_external_task_marker_dag.py
[2021-07-14 19:09:27,682] {logging_mixin.py:104} INFO - [2021-07-14 19:09:27,681] {dag.py:1833} INFO - Sync 2 DAGs
[2021-07-14 19:09:27,709] {logging_mixin.py:104} INFO - [2021-07-14 19:09:27,709] {dag.py:2306} INFO - Setting next_dagrun for example_external_task_marker_child to None
[2021-07-14 19:09:27,711] {logging_mixin.py:104} INFO - [2021-07-14 19:09:27,711] {dag.py:2306} INFO - Setting next_dagrun for example_external_task_marker_parent to None
[2021-07-14 19:09:27,736] {scheduler_job.py:190} INFO - Processing /home/airflow/.local/lib/python3.6/site-packages/airflow/example_dags/example_external_task_marker_dag.py took 0.515 seconds
[2021-07-14 19:09:57,777] {scheduler_job.py:182} INFO - Started process (PID=159) to work on /home/airflow/.local/lib/python3.6/site-packages/airflow/example_dags/example_external_task_marker_dag.py
[2021-07-14 19:09:57,778] {scheduler_job.py:633} INFO - Processing file /home/airflow/.local/lib/python3.6/site-packages/airflow/example_dags/example_external_task_marker_dag.py for tasks to queue
[2021-07-14 19:09:57,778] {logging_mixin.py:104} INFO - [2021-07-14 19:09:57,778] {dagbag.py:496} INFO - Filling up the DagBag from /home/airflow/.local/lib/python3.6/site-packages/airflow/example_dags/example_external_task_marker_dag.py
[2021-07-14 19:09:57,794] {scheduler_job.py:643} INFO - DAG(s) dict_keys(['example_external_task_marker_parent', 'example_external_task_marker_child']) retrieved from /home/airflow/.local/lib/python3.6/site-packages/airflow/example_dags/example_external_task_marker_dag.py
[2021-07-14 19:09:57,821] {logging_mixin.py:104} INFO - [2021-07-14 19:09:57,821] {dag.py:1833} INFO - Sync 2 DAGs
[2021-07-14 19:09:57,839] {logging_mixin.py:104} INFO - [2021-07-14 19:09:57,839] {dag.py:2306} INFO - Setting next_dagrun for example_external_task_marker_child to None
[2021-07-14 19:09:57,840] {logging_mixin.py:104} INFO - [2021-07-14 19:09:57,840] {dag.py:2306} INFO - Setting next_dagrun for example_external_task_marker_parent to None
[2021-07-14 19:09:57,852] {scheduler_job.py:190} INFO - Processing /home/airflow/.local/lib/python3.6/site-packages/airflow/example_dags/example_external_task_marker_dag.py took 0.078 seconds
[2021-07-14 19:10:28,524] {scheduler_job.py:182} INFO - Started process (PID=218) to work on /home/airflow/.local/lib/python3.6/site-packages/airflow/example_dags/example_external_task_marker_dag.py
[2021-07-14 19:10:28,526] {scheduler_job.py:633} INFO - Processing file /home/airflow/.local/lib/python3.6/site-packages/airflow/example_dags/example_external_task_marker_dag.py for tasks to queue
[2021-07-14 19:10:28,527] {logging_mixin.py:104} INFO - [2021-07-14 19:10:28,526] {dagbag.py:496} INFO - Filling up the DagBag from /home/airflow/.local/lib/python3.6/site-packages/airflow/example_dags/example_external_task_marker_dag.py
[2021-07-14 19:10:28,546] {scheduler_job.py:643} INFO - DAG(s) dict_keys(['example_external_task_marker_parent', 'example_external_task_marker_child']) retrieved from /home/airflow/.local/lib/python3.6/site-packages/airflow/example_dags/example_external_task_marker_dag.py
[2021-07-14 19:10:28,964] {logging_mixin.py:104} INFO - [2021-07-14 19:10:28,964] {dag.py:1833} INFO - Sync 2 DAGs
[2021-07-14 19:10:28,994] {logging_mixin.py:104} INFO - [2021-07-14 19:10:28,994] {dag.py:2306} INFO - Setting next_dagrun for example_external_task_marker_child to None
[2021-07-14 19:10:28,996] {logging_mixin.py:104} INFO - [2021-07-14 19:10:28,995] {dag.py:2306} INFO - Setting next_dagrun for example_external_task_marker_parent to None
[2021-07-14 19:10:29,014] {scheduler_job.py:190} INFO - Processing /home/airflow/.local/lib/python3.6/site-packages/airflow/example_dags/example_external_task_marker_dag.py took 0.494 seconds
[2021-07-14 19:10:59,746] {scheduler_job.py:182} INFO - Started process (PID=283) to work on /home/airflow/.local/lib/python3.6/site-packages/airflow/example_dags/example_external_task_marker_dag.py
[2021-07-14 19:10:59,747] {scheduler_job.py:633} INFO - Processing file /home/airflow/.local/lib/python3.6/site-packages/airflow/example_dags/example_external_task_marker_dag.py for tasks to queue
[2021-07-14 19:10:59,748] {logging_mixin.py:104} INFO - [2021-07-14 19:10:59,748] {dagbag.py:496} INFO - Filling up the DagBag from /home/airflow/.local/lib/python3.6/site-packages/airflow/example_dags/example_external_task_marker_dag.py
[2021-07-14 19:10:59,772] {scheduler_job.py:643} INFO - DAG(s) dict_keys(['example_external_task_marker_parent', 'example_external_task_marker_child']) retrieved from /home/airflow/.local/lib/python3.6/site-packages/airflow/example_dags/example_external_task_marker_dag.py
[2021-07-14 19:11:00,160] {logging_mixin.py:104} INFO - [2021-07-14 19:11:00,160] {dag.py:1833} INFO - Sync 2 DAGs
[2021-07-14 19:11:00,185] {logging_mixin.py:104} INFO - [2021-07-14 19:11:00,185] {dag.py:2306} INFO - Setting next_dagrun for example_external_task_marker_child to None
[2021-07-14 19:11:00,186] {logging_mixin.py:104} INFO - [2021-07-14 19:11:00,186] {dag.py:2306} INFO - Setting next_dagrun for example_external_task_marker_parent to None
[2021-07-14 19:11:00,206] {scheduler_job.py:190} INFO - Processing /home/airflow/.local/lib/python3.6/site-packages/airflow/example_dags/example_external_task_marker_dag.py took 0.464 seconds
[2021-07-14 19:11:30,513] {scheduler_job.py:182} INFO - Started process (PID=337) to work on /home/airflow/.local/lib/python3.6/site-packages/airflow/example_dags/example_external_task_marker_dag.py
[2021-07-14 19:11:30,522] {scheduler_job.py:633} INFO - Processing file /home/airflow/.local/lib/python3.6/site-packages/airflow/example_dags/example_external_task_marker_dag.py for tasks to queue
[2021-07-14 19:11:30,523] {logging_mixin.py:104} INFO - [2021-07-14 19:11:30,523] {dagbag.py:496} INFO - Filling up the DagBag from /home/airflow/.local/lib/python3.6/site-packages/airflow/example_dags/example_external_task_marker_dag.py
[2021-07-14 19:11:30,542] {scheduler_job.py:643} INFO - DAG(s) dict_keys(['example_external_task_marker_parent', 'example_external_task_marker_child']) retrieved from /home/airflow/.local/lib/python3.6/site-packages/airflow/example_dags/example_external_task_marker_dag.py
[2021-07-14 19:11:30,870] {logging_mixin.py:104} INFO - [2021-07-14 19:11:30,869] {dag.py:1833} INFO - Sync 2 DAGs
[2021-07-14 19:11:30,891] {logging_mixin.py:104} INFO - [2021-07-14 19:11:30,891] {dag.py:2306} INFO - Setting next_dagrun for example_external_task_marker_child to None
[2021-07-14 19:11:30,893] {logging_mixin.py:104} INFO - [2021-07-14 19:11:30,893] {dag.py:2306} INFO - Setting next_dagrun for example_external_task_marker_parent to None
[2021-07-14 19:11:30,910] {scheduler_job.py:190} INFO - Processing /home/airflow/.local/lib/python3.6/site-packages/airflow/example_dags/example_external_task_marker_dag.py took 0.401 seconds
[2021-07-14 19:12:00,955] {scheduler_job.py:182} INFO - Started process (PID=402) to work on /home/airflow/.local/lib/python3.6/site-packages/airflow/example_dags/example_external_task_marker_dag.py
[2021-07-14 19:12:00,956] {scheduler_job.py:633} INFO - Processing file /home/airflow/.local/lib/python3.6/site-packages/airflow/example_dags/example_external_task_marker_dag.py for tasks to queue
[2021-07-14 19:12:00,957] {logging_mixin.py:104} INFO - [2021-07-14 19:12:00,957] {dagbag.py:496} INFO - Filling up the DagBag from /home/airflow/.local/lib/python3.6/site-packages/airflow/example_dags/example_external_task_marker_dag.py
[2021-07-14 19:12:00,974] {scheduler_job.py:643} INFO - DAG(s) dict_keys(['example_external_task_marker_parent', 'example_external_task_marker_child']) retrieved from /home/airflow/.local/lib/python3.6/site-packages/airflow/example_dags/example_external_task_marker_dag.py
[2021-07-14 19:12:01,257] {logging_mixin.py:104} INFO - [2021-07-14 19:12:01,256] {dag.py:1833} INFO - Sync 2 DAGs
[2021-07-14 19:12:01,277] {logging_mixin.py:104} INFO - [2021-07-14 19:12:01,277] {dag.py:2306} INFO - Setting next_dagrun for example_external_task_marker_child to None
[2021-07-14 19:12:01,278] {logging_mixin.py:104} INFO - [2021-07-14 19:12:01,277] {dag.py:2306} INFO - Setting next_dagrun for example_external_task_marker_parent to None
[2021-07-14 19:12:01,291] {scheduler_job.py:190} INFO - Processing /home/airflow/.local/lib/python3.6/site-packages/airflow/example_dags/example_external_task_marker_dag.py took 0.340 seconds
[2021-07-14 19:12:31,469] {scheduler_job.py:182} INFO - Started process (PID=451) to work on /home/airflow/.local/lib/python3.6/site-packages/airflow/example_dags/example_external_task_marker_dag.py
[2021-07-14 19:12:31,471] {scheduler_job.py:633} INFO - Processing file /home/airflow/.local/lib/python3.6/site-packages/airflow/example_dags/example_external_task_marker_dag.py for tasks to queue
[2021-07-14 19:12:31,472] {logging_mixin.py:104} INFO - [2021-07-14 19:12:31,472] {dagbag.py:496} INFO - Filling up the DagBag from /home/airflow/.local/lib/python3.6/site-packages/airflow/example_dags/example_external_task_marker_dag.py
[2021-07-14 19:12:31,489] {scheduler_job.py:643} INFO - DAG(s) dict_keys(['example_external_task_marker_parent', 'example_external_task_marker_child']) retrieved from /home/airflow/.local/lib/python3.6/site-packages/airflow/example_dags/example_external_task_marker_dag.py
[2021-07-14 19:12:31,821] {logging_mixin.py:104} INFO - [2021-07-14 19:12:31,821] {dag.py:1833} INFO - Sync 2 DAGs
[2021-07-14 19:12:31,843] {logging_mixin.py:104} INFO - [2021-07-14 19:12:31,843] {dag.py:2306} INFO - Setting next_dagrun for example_external_task_marker_child to None
[2021-07-14 19:12:31,844] {logging_mixin.py:104} INFO - [2021-07-14 19:12:31,844] {dag.py:2306} INFO - Setting next_dagrun for example_external_task_marker_parent to None
[2021-07-14 19:12:31,861] {scheduler_job.py:190} INFO - Processing /home/airflow/.local/lib/python3.6/site-packages/airflow/example_dags/example_external_task_marker_dag.py took 0.396 seconds
[2021-07-14 19:57:43,256] {scheduler_job.py:182} INFO - Started process (PID=40) to work on /home/airflow/.local/lib/python3.6/site-packages/airflow/example_dags/example_external_task_marker_dag.py
[2021-07-14 19:57:43,258] {scheduler_job.py:633} INFO - Processing file /home/airflow/.local/lib/python3.6/site-packages/airflow/example_dags/example_external_task_marker_dag.py for tasks to queue
[2021-07-14 19:57:43,259] {logging_mixin.py:104} INFO - [2021-07-14 19:57:43,259] {dagbag.py:496} INFO - Filling up the DagBag from /home/airflow/.local/lib/python3.6/site-packages/airflow/example_dags/example_external_task_marker_dag.py
[2021-07-14 19:57:43,282] {scheduler_job.py:643} INFO - DAG(s) dict_keys(['example_external_task_marker_parent', 'example_external_task_marker_child']) retrieved from /home/airflow/.local/lib/python3.6/site-packages/airflow/example_dags/example_external_task_marker_dag.py
[2021-07-14 19:57:43,684] {logging_mixin.py:104} INFO - [2021-07-14 19:57:43,684] {dag.py:1833} INFO - Sync 2 DAGs
[2021-07-14 19:57:43,708] {logging_mixin.py:104} INFO - [2021-07-14 19:57:43,708] {dag.py:2306} INFO - Setting next_dagrun for example_external_task_marker_child to None
[2021-07-14 19:57:43,710] {logging_mixin.py:104} INFO - [2021-07-14 19:57:43,710] {dag.py:2306} INFO - Setting next_dagrun for example_external_task_marker_parent to None
[2021-07-14 19:57:43,730] {scheduler_job.py:190} INFO - Processing /home/airflow/.local/lib/python3.6/site-packages/airflow/example_dags/example_external_task_marker_dag.py took 0.478 seconds
[2021-07-14 19:58:14,123] {scheduler_job.py:182} INFO - Started process (PID=101) to work on /home/airflow/.local/lib/python3.6/site-packages/airflow/example_dags/example_external_task_marker_dag.py
[2021-07-14 19:58:14,125] {scheduler_job.py:633} INFO - Processing file /home/airflow/.local/lib/python3.6/site-packages/airflow/example_dags/example_external_task_marker_dag.py for tasks to queue
[2021-07-14 19:58:14,126] {logging_mixin.py:104} INFO - [2021-07-14 19:58:14,126] {dagbag.py:496} INFO - Filling up the DagBag from /home/airflow/.local/lib/python3.6/site-packages/airflow/example_dags/example_external_task_marker_dag.py
[2021-07-14 19:58:14,157] {scheduler_job.py:643} INFO - DAG(s) dict_keys(['example_external_task_marker_parent', 'example_external_task_marker_child']) retrieved from /home/airflow/.local/lib/python3.6/site-packages/airflow/example_dags/example_external_task_marker_dag.py
[2021-07-14 19:58:14,606] {logging_mixin.py:104} INFO - [2021-07-14 19:58:14,606] {dag.py:1833} INFO - Sync 2 DAGs
[2021-07-14 19:58:14,624] {logging_mixin.py:104} INFO - [2021-07-14 19:58:14,624] {dag.py:2306} INFO - Setting next_dagrun for example_external_task_marker_child to None
[2021-07-14 19:58:14,625] {logging_mixin.py:104} INFO - [2021-07-14 19:58:14,625] {dag.py:2306} INFO - Setting next_dagrun for example_external_task_marker_parent to None
[2021-07-14 19:58:14,639] {scheduler_job.py:190} INFO - Processing /home/airflow/.local/lib/python3.6/site-packages/airflow/example_dags/example_external_task_marker_dag.py took 0.522 seconds
[2021-07-14 19:58:44,745] {scheduler_job.py:182} INFO - Started process (PID=160) to work on /home/airflow/.local/lib/python3.6/site-packages/airflow/example_dags/example_external_task_marker_dag.py
[2021-07-14 19:58:44,747] {scheduler_job.py:633} INFO - Processing file /home/airflow/.local/lib/python3.6/site-packages/airflow/example_dags/example_external_task_marker_dag.py for tasks to queue
[2021-07-14 19:58:44,748] {logging_mixin.py:104} INFO - [2021-07-14 19:58:44,747] {dagbag.py:496} INFO - Filling up the DagBag from /home/airflow/.local/lib/python3.6/site-packages/airflow/example_dags/example_external_task_marker_dag.py
[2021-07-14 19:58:44,765] {scheduler_job.py:643} INFO - DAG(s) dict_keys(['example_external_task_marker_parent', 'example_external_task_marker_child']) retrieved from /home/airflow/.local/lib/python3.6/site-packages/airflow/example_dags/example_external_task_marker_dag.py
[2021-07-14 19:58:45,025] {logging_mixin.py:104} INFO - [2021-07-14 19:58:45,025] {dag.py:1833} INFO - Sync 2 DAGs
[2021-07-14 19:58:45,039] {logging_mixin.py:104} INFO - [2021-07-14 19:58:45,039] {dag.py:2306} INFO - Setting next_dagrun for example_external_task_marker_child to None
[2021-07-14 19:58:45,040] {logging_mixin.py:104} INFO - [2021-07-14 19:58:45,040] {dag.py:2306} INFO - Setting next_dagrun for example_external_task_marker_parent to None
[2021-07-14 19:58:45,051] {scheduler_job.py:190} INFO - Processing /home/airflow/.local/lib/python3.6/site-packages/airflow/example_dags/example_external_task_marker_dag.py took 0.309 seconds
[2021-07-14 19:59:15,720] {scheduler_job.py:182} INFO - Started process (PID=226) to work on /home/airflow/.local/lib/python3.6/site-packages/airflow/example_dags/example_external_task_marker_dag.py
[2021-07-14 19:59:15,722] {scheduler_job.py:633} INFO - Processing file /home/airflow/.local/lib/python3.6/site-packages/airflow/example_dags/example_external_task_marker_dag.py for tasks to queue
[2021-07-14 19:59:15,723] {logging_mixin.py:104} INFO - [2021-07-14 19:59:15,723] {dagbag.py:496} INFO - Filling up the DagBag from /home/airflow/.local/lib/python3.6/site-packages/airflow/example_dags/example_external_task_marker_dag.py
[2021-07-14 19:59:15,752] {scheduler_job.py:643} INFO - DAG(s) dict_keys(['example_external_task_marker_parent', 'example_external_task_marker_child']) retrieved from /home/airflow/.local/lib/python3.6/site-packages/airflow/example_dags/example_external_task_marker_dag.py
[2021-07-14 19:59:16,105] {logging_mixin.py:104} INFO - [2021-07-14 19:59:16,105] {dag.py:1833} INFO - Sync 2 DAGs
[2021-07-14 19:59:16,148] {logging_mixin.py:104} INFO - [2021-07-14 19:59:16,148] {dag.py:2306} INFO - Setting next_dagrun for example_external_task_marker_child to None
[2021-07-14 19:59:16,150] {logging_mixin.py:104} INFO - [2021-07-14 19:59:16,150] {dag.py:2306} INFO - Setting next_dagrun for example_external_task_marker_parent to None
[2021-07-14 19:59:16,181] {scheduler_job.py:190} INFO - Processing /home/airflow/.local/lib/python3.6/site-packages/airflow/example_dags/example_external_task_marker_dag.py took 0.466 seconds
[2021-07-14 19:59:46,415] {scheduler_job.py:182} INFO - Started process (PID=279) to work on /home/airflow/.local/lib/python3.6/site-packages/airflow/example_dags/example_external_task_marker_dag.py
[2021-07-14 19:59:46,416] {scheduler_job.py:633} INFO - Processing file /home/airflow/.local/lib/python3.6/site-packages/airflow/example_dags/example_external_task_marker_dag.py for tasks to queue
[2021-07-14 19:59:46,417] {logging_mixin.py:104} INFO - [2021-07-14 19:59:46,417] {dagbag.py:496} INFO - Filling up the DagBag from /home/airflow/.local/lib/python3.6/site-packages/airflow/example_dags/example_external_task_marker_dag.py
[2021-07-14 19:59:46,439] {scheduler_job.py:643} INFO - DAG(s) dict_keys(['example_external_task_marker_parent', 'example_external_task_marker_child']) retrieved from /home/airflow/.local/lib/python3.6/site-packages/airflow/example_dags/example_external_task_marker_dag.py
[2021-07-14 19:59:46,472] {logging_mixin.py:104} INFO - [2021-07-14 19:59:46,472] {dag.py:1833} INFO - Sync 2 DAGs
[2021-07-14 19:59:46,490] {logging_mixin.py:104} INFO - [2021-07-14 19:59:46,490] {dag.py:2306} INFO - Setting next_dagrun for example_external_task_marker_child to None
[2021-07-14 19:59:46,491] {logging_mixin.py:104} INFO - [2021-07-14 19:59:46,491] {dag.py:2306} INFO - Setting next_dagrun for example_external_task_marker_parent to None
[2021-07-14 19:59:46,507] {scheduler_job.py:190} INFO - Processing /home/airflow/.local/lib/python3.6/site-packages/airflow/example_dags/example_external_task_marker_dag.py took 0.095 seconds
[2021-07-14 20:00:16,900] {scheduler_job.py:182} INFO - Started process (PID=340) to work on /home/airflow/.local/lib/python3.6/site-packages/airflow/example_dags/example_external_task_marker_dag.py
[2021-07-14 20:00:16,906] {scheduler_job.py:633} INFO - Processing file /home/airflow/.local/lib/python3.6/site-packages/airflow/example_dags/example_external_task_marker_dag.py for tasks to queue
[2021-07-14 20:00:16,906] {logging_mixin.py:104} INFO - [2021-07-14 20:00:16,906] {dagbag.py:496} INFO - Filling up the DagBag from /home/airflow/.local/lib/python3.6/site-packages/airflow/example_dags/example_external_task_marker_dag.py
[2021-07-14 20:00:16,919] {scheduler_job.py:643} INFO - DAG(s) dict_keys(['example_external_task_marker_parent', 'example_external_task_marker_child']) retrieved from /home/airflow/.local/lib/python3.6/site-packages/airflow/example_dags/example_external_task_marker_dag.py
[2021-07-14 20:00:16,946] {logging_mixin.py:104} INFO - [2021-07-14 20:00:16,946] {dag.py:1833} INFO - Sync 2 DAGs
[2021-07-14 20:00:16,965] {logging_mixin.py:104} INFO - [2021-07-14 20:00:16,965] {dag.py:2306} INFO - Setting next_dagrun for example_external_task_marker_child to None
[2021-07-14 20:00:16,966] {logging_mixin.py:104} INFO - [2021-07-14 20:00:16,966] {dag.py:2306} INFO - Setting next_dagrun for example_external_task_marker_parent to None
[2021-07-14 20:00:16,978] {scheduler_job.py:190} INFO - Processing /home/airflow/.local/lib/python3.6/site-packages/airflow/example_dags/example_external_task_marker_dag.py took 0.082 seconds
[2021-07-14 20:00:47,263] {scheduler_job.py:182} INFO - Started process (PID=393) to work on /home/airflow/.local/lib/python3.6/site-packages/airflow/example_dags/example_external_task_marker_dag.py
[2021-07-14 20:00:47,264] {scheduler_job.py:633} INFO - Processing file /home/airflow/.local/lib/python3.6/site-packages/airflow/example_dags/example_external_task_marker_dag.py for tasks to queue
[2021-07-14 20:00:47,265] {logging_mixin.py:104} INFO - [2021-07-14 20:00:47,265] {dagbag.py:496} INFO - Filling up the DagBag from /home/airflow/.local/lib/python3.6/site-packages/airflow/example_dags/example_external_task_marker_dag.py
[2021-07-14 20:00:47,279] {scheduler_job.py:643} INFO - DAG(s) dict_keys(['example_external_task_marker_parent', 'example_external_task_marker_child']) retrieved from /home/airflow/.local/lib/python3.6/site-packages/airflow/example_dags/example_external_task_marker_dag.py
[2021-07-14 20:00:47,305] {logging_mixin.py:104} INFO - [2021-07-14 20:00:47,305] {dag.py:1833} INFO - Sync 2 DAGs
[2021-07-14 20:00:47,324] {logging_mixin.py:104} INFO - [2021-07-14 20:00:47,323] {dag.py:2306} INFO - Setting next_dagrun for example_external_task_marker_child to None
[2021-07-14 20:00:47,325] {logging_mixin.py:104} INFO - [2021-07-14 20:00:47,325] {dag.py:2306} INFO - Setting next_dagrun for example_external_task_marker_parent to None
[2021-07-14 20:00:47,336] {scheduler_job.py:190} INFO - Processing /home/airflow/.local/lib/python3.6/site-packages/airflow/example_dags/example_external_task_marker_dag.py took 0.076 seconds
[2021-07-14 20:01:17,513] {scheduler_job.py:182} INFO - Started process (PID=456) to work on /home/airflow/.local/lib/python3.6/site-packages/airflow/example_dags/example_external_task_marker_dag.py
[2021-07-14 20:01:17,514] {scheduler_job.py:633} INFO - Processing file /home/airflow/.local/lib/python3.6/site-packages/airflow/example_dags/example_external_task_marker_dag.py for tasks to queue
[2021-07-14 20:01:17,515] {logging_mixin.py:104} INFO - [2021-07-14 20:01:17,515] {dagbag.py:496} INFO - Filling up the DagBag from /home/airflow/.local/lib/python3.6/site-packages/airflow/example_dags/example_external_task_marker_dag.py
[2021-07-14 20:01:17,530] {scheduler_job.py:643} INFO - DAG(s) dict_keys(['example_external_task_marker_parent', 'example_external_task_marker_child']) retrieved from /home/airflow/.local/lib/python3.6/site-packages/airflow/example_dags/example_external_task_marker_dag.py
[2021-07-14 20:01:17,812] {logging_mixin.py:104} INFO - [2021-07-14 20:01:17,812] {dag.py:1833} INFO - Sync 2 DAGs
[2021-07-14 20:01:17,835] {logging_mixin.py:104} INFO - [2021-07-14 20:01:17,835] {dag.py:2306} INFO - Setting next_dagrun for example_external_task_marker_child to None
[2021-07-14 20:01:17,836] {logging_mixin.py:104} INFO - [2021-07-14 20:01:17,836] {dag.py:2306} INFO - Setting next_dagrun for example_external_task_marker_parent to None
[2021-07-14 20:01:17,853] {scheduler_job.py:190} INFO - Processing /home/airflow/.local/lib/python3.6/site-packages/airflow/example_dags/example_external_task_marker_dag.py took 0.343 seconds
[2021-07-14 20:01:48,117] {scheduler_job.py:182} INFO - Started process (PID=512) to work on /home/airflow/.local/lib/python3.6/site-packages/airflow/example_dags/example_external_task_marker_dag.py
[2021-07-14 20:01:48,118] {scheduler_job.py:633} INFO - Processing file /home/airflow/.local/lib/python3.6/site-packages/airflow/example_dags/example_external_task_marker_dag.py for tasks to queue
[2021-07-14 20:01:48,119] {logging_mixin.py:104} INFO - [2021-07-14 20:01:48,119] {dagbag.py:496} INFO - Filling up the DagBag from /home/airflow/.local/lib/python3.6/site-packages/airflow/example_dags/example_external_task_marker_dag.py
[2021-07-14 20:01:48,132] {scheduler_job.py:643} INFO - DAG(s) dict_keys(['example_external_task_marker_parent', 'example_external_task_marker_child']) retrieved from /home/airflow/.local/lib/python3.6/site-packages/airflow/example_dags/example_external_task_marker_dag.py
[2021-07-14 20:01:48,159] {logging_mixin.py:104} INFO - [2021-07-14 20:01:48,159] {dag.py:1833} INFO - Sync 2 DAGs
[2021-07-14 20:01:48,179] {logging_mixin.py:104} INFO - [2021-07-14 20:01:48,179] {dag.py:2306} INFO - Setting next_dagrun for example_external_task_marker_child to None
[2021-07-14 20:01:48,180] {logging_mixin.py:104} INFO - [2021-07-14 20:01:48,180] {dag.py:2306} INFO - Setting next_dagrun for example_external_task_marker_parent to None
[2021-07-14 20:01:48,192] {scheduler_job.py:190} INFO - Processing /home/airflow/.local/lib/python3.6/site-packages/airflow/example_dags/example_external_task_marker_dag.py took 0.077 seconds
[2021-07-14 20:02:18,433] {scheduler_job.py:182} INFO - Started process (PID=577) to work on /home/airflow/.local/lib/python3.6/site-packages/airflow/example_dags/example_external_task_marker_dag.py
[2021-07-14 20:02:18,435] {scheduler_job.py:633} INFO - Processing file /home/airflow/.local/lib/python3.6/site-packages/airflow/example_dags/example_external_task_marker_dag.py for tasks to queue
[2021-07-14 20:02:18,436] {logging_mixin.py:104} INFO - [2021-07-14 20:02:18,436] {dagbag.py:496} INFO - Filling up the DagBag from /home/airflow/.local/lib/python3.6/site-packages/airflow/example_dags/example_external_task_marker_dag.py
[2021-07-14 20:02:18,457] {scheduler_job.py:643} INFO - DAG(s) dict_keys(['example_external_task_marker_parent', 'example_external_task_marker_child']) retrieved from /home/airflow/.local/lib/python3.6/site-packages/airflow/example_dags/example_external_task_marker_dag.py
[2021-07-14 20:02:18,838] {logging_mixin.py:104} INFO - [2021-07-14 20:02:18,837] {dag.py:1833} INFO - Sync 2 DAGs
[2021-07-14 20:02:18,863] {logging_mixin.py:104} INFO - [2021-07-14 20:02:18,863] {dag.py:2306} INFO - Setting next_dagrun for example_external_task_marker_child to None
[2021-07-14 20:02:18,865] {logging_mixin.py:104} INFO - [2021-07-14 20:02:18,865] {dag.py:2306} INFO - Setting next_dagrun for example_external_task_marker_parent to None
[2021-07-14 20:02:18,887] {scheduler_job.py:190} INFO - Processing /home/airflow/.local/lib/python3.6/site-packages/airflow/example_dags/example_external_task_marker_dag.py took 0.459 seconds
[2021-07-14 20:02:49,475] {scheduler_job.py:182} INFO - Started process (PID=631) to work on /home/airflow/.local/lib/python3.6/site-packages/airflow/example_dags/example_external_task_marker_dag.py
[2021-07-14 20:02:49,476] {scheduler_job.py:633} INFO - Processing file /home/airflow/.local/lib/python3.6/site-packages/airflow/example_dags/example_external_task_marker_dag.py for tasks to queue
[2021-07-14 20:02:49,477] {logging_mixin.py:104} INFO - [2021-07-14 20:02:49,477] {dagbag.py:496} INFO - Filling up the DagBag from /home/airflow/.local/lib/python3.6/site-packages/airflow/example_dags/example_external_task_marker_dag.py
[2021-07-14 20:02:49,490] {scheduler_job.py:643} INFO - DAG(s) dict_keys(['example_external_task_marker_parent', 'example_external_task_marker_child']) retrieved from /home/airflow/.local/lib/python3.6/site-packages/airflow/example_dags/example_external_task_marker_dag.py
[2021-07-14 20:02:49,521] {logging_mixin.py:104} INFO - [2021-07-14 20:02:49,521] {dag.py:1833} INFO - Sync 2 DAGs
[2021-07-14 20:02:49,539] {logging_mixin.py:104} INFO - [2021-07-14 20:02:49,539] {dag.py:2306} INFO - Setting next_dagrun for example_external_task_marker_child to None
[2021-07-14 20:02:49,540] {logging_mixin.py:104} INFO - [2021-07-14 20:02:49,540] {dag.py:2306} INFO - Setting next_dagrun for example_external_task_marker_parent to None
[2021-07-14 20:02:49,550] {scheduler_job.py:190} INFO - Processing /home/airflow/.local/lib/python3.6/site-packages/airflow/example_dags/example_external_task_marker_dag.py took 0.078 seconds
[2021-07-14 20:03:20,489] {scheduler_job.py:182} INFO - Started process (PID=695) to work on /home/airflow/.local/lib/python3.6/site-packages/airflow/example_dags/example_external_task_marker_dag.py
[2021-07-14 20:03:20,491] {scheduler_job.py:633} INFO - Processing file /home/airflow/.local/lib/python3.6/site-packages/airflow/example_dags/example_external_task_marker_dag.py for tasks to queue
[2021-07-14 20:03:20,492] {logging_mixin.py:104} INFO - [2021-07-14 20:03:20,492] {dagbag.py:496} INFO - Filling up the DagBag from /home/airflow/.local/lib/python3.6/site-packages/airflow/example_dags/example_external_task_marker_dag.py
[2021-07-14 20:03:20,505] {scheduler_job.py:643} INFO - DAG(s) dict_keys(['example_external_task_marker_parent', 'example_external_task_marker_child']) retrieved from /home/airflow/.local/lib/python3.6/site-packages/airflow/example_dags/example_external_task_marker_dag.py
[2021-07-14 20:03:20,756] {logging_mixin.py:104} INFO - [2021-07-14 20:03:20,755] {dag.py:1833} INFO - Sync 2 DAGs
[2021-07-14 20:03:20,772] {logging_mixin.py:104} INFO - [2021-07-14 20:03:20,772] {dag.py:2306} INFO - Setting next_dagrun for example_external_task_marker_child to None
[2021-07-14 20:03:20,773] {logging_mixin.py:104} INFO - [2021-07-14 20:03:20,773] {dag.py:2306} INFO - Setting next_dagrun for example_external_task_marker_parent to None
[2021-07-14 20:03:20,787] {scheduler_job.py:190} INFO - Processing /home/airflow/.local/lib/python3.6/site-packages/airflow/example_dags/example_external_task_marker_dag.py took 0.303 seconds
[2021-07-14 20:03:51,026] {scheduler_job.py:182} INFO - Started process (PID=748) to work on /home/airflow/.local/lib/python3.6/site-packages/airflow/example_dags/example_external_task_marker_dag.py
[2021-07-14 20:03:51,027] {scheduler_job.py:633} INFO - Processing file /home/airflow/.local/lib/python3.6/site-packages/airflow/example_dags/example_external_task_marker_dag.py for tasks to queue
[2021-07-14 20:03:51,028] {logging_mixin.py:104} INFO - [2021-07-14 20:03:51,028] {dagbag.py:496} INFO - Filling up the DagBag from /home/airflow/.local/lib/python3.6/site-packages/airflow/example_dags/example_external_task_marker_dag.py
[2021-07-14 20:03:51,041] {scheduler_job.py:643} INFO - DAG(s) dict_keys(['example_external_task_marker_parent', 'example_external_task_marker_child']) retrieved from /home/airflow/.local/lib/python3.6/site-packages/airflow/example_dags/example_external_task_marker_dag.py
[2021-07-14 20:03:51,313] {logging_mixin.py:104} INFO - [2021-07-14 20:03:51,312] {dag.py:1833} INFO - Sync 2 DAGs
[2021-07-14 20:03:51,331] {logging_mixin.py:104} INFO - [2021-07-14 20:03:51,330] {dag.py:2306} INFO - Setting next_dagrun for example_external_task_marker_child to None
[2021-07-14 20:03:51,332] {logging_mixin.py:104} INFO - [2021-07-14 20:03:51,332] {dag.py:2306} INFO - Setting next_dagrun for example_external_task_marker_parent to None
[2021-07-14 20:03:51,346] {scheduler_job.py:190} INFO - Processing /home/airflow/.local/lib/python3.6/site-packages/airflow/example_dags/example_external_task_marker_dag.py took 0.323 seconds
[2021-07-14 20:04:21,413] {scheduler_job.py:182} INFO - Started process (PID=816) to work on /home/airflow/.local/lib/python3.6/site-packages/airflow/example_dags/example_external_task_marker_dag.py
[2021-07-14 20:04:21,414] {scheduler_job.py:633} INFO - Processing file /home/airflow/.local/lib/python3.6/site-packages/airflow/example_dags/example_external_task_marker_dag.py for tasks to queue
[2021-07-14 20:04:21,415] {logging_mixin.py:104} INFO - [2021-07-14 20:04:21,415] {dagbag.py:496} INFO - Filling up the DagBag from /home/airflow/.local/lib/python3.6/site-packages/airflow/example_dags/example_external_task_marker_dag.py
[2021-07-14 20:04:21,429] {scheduler_job.py:643} INFO - DAG(s) dict_keys(['example_external_task_marker_parent', 'example_external_task_marker_child']) retrieved from /home/airflow/.local/lib/python3.6/site-packages/airflow/example_dags/example_external_task_marker_dag.py
[2021-07-14 20:04:21,455] {logging_mixin.py:104} INFO - [2021-07-14 20:04:21,454] {dag.py:1833} INFO - Sync 2 DAGs
[2021-07-14 20:04:21,472] {logging_mixin.py:104} INFO - [2021-07-14 20:04:21,471] {dag.py:2306} INFO - Setting next_dagrun for example_external_task_marker_child to None
[2021-07-14 20:04:21,473] {logging_mixin.py:104} INFO - [2021-07-14 20:04:21,473] {dag.py:2306} INFO - Setting next_dagrun for example_external_task_marker_parent to None
[2021-07-14 20:04:21,484] {scheduler_job.py:190} INFO - Processing /home/airflow/.local/lib/python3.6/site-packages/airflow/example_dags/example_external_task_marker_dag.py took 0.073 seconds
[2021-07-14 20:04:51,655] {scheduler_job.py:182} INFO - Started process (PID=868) to work on /home/airflow/.local/lib/python3.6/site-packages/airflow/example_dags/example_external_task_marker_dag.py
[2021-07-14 20:04:51,657] {scheduler_job.py:633} INFO - Processing file /home/airflow/.local/lib/python3.6/site-packages/airflow/example_dags/example_external_task_marker_dag.py for tasks to queue
[2021-07-14 20:04:51,658] {logging_mixin.py:104} INFO - [2021-07-14 20:04:51,657] {dagbag.py:496} INFO - Filling up the DagBag from /home/airflow/.local/lib/python3.6/site-packages/airflow/example_dags/example_external_task_marker_dag.py
[2021-07-14 20:04:51,671] {scheduler_job.py:643} INFO - DAG(s) dict_keys(['example_external_task_marker_parent', 'example_external_task_marker_child']) retrieved from /home/airflow/.local/lib/python3.6/site-packages/airflow/example_dags/example_external_task_marker_dag.py
[2021-07-14 20:04:51,696] {logging_mixin.py:104} INFO - [2021-07-14 20:04:51,696] {dag.py:1833} INFO - Sync 2 DAGs
[2021-07-14 20:04:51,714] {logging_mixin.py:104} INFO - [2021-07-14 20:04:51,714] {dag.py:2306} INFO - Setting next_dagrun for example_external_task_marker_child to None
[2021-07-14 20:04:51,715] {logging_mixin.py:104} INFO - [2021-07-14 20:04:51,715] {dag.py:2306} INFO - Setting next_dagrun for example_external_task_marker_parent to None
[2021-07-14 20:04:51,727] {scheduler_job.py:190} INFO - Processing /home/airflow/.local/lib/python3.6/site-packages/airflow/example_dags/example_external_task_marker_dag.py took 0.075 seconds
[2021-07-14 20:05:22,100] {scheduler_job.py:182} INFO - Started process (PID=933) to work on /home/airflow/.local/lib/python3.6/site-packages/airflow/example_dags/example_external_task_marker_dag.py
[2021-07-14 20:05:22,101] {scheduler_job.py:633} INFO - Processing file /home/airflow/.local/lib/python3.6/site-packages/airflow/example_dags/example_external_task_marker_dag.py for tasks to queue
[2021-07-14 20:05:22,102] {logging_mixin.py:104} INFO - [2021-07-14 20:05:22,101] {dagbag.py:496} INFO - Filling up the DagBag from /home/airflow/.local/lib/python3.6/site-packages/airflow/example_dags/example_external_task_marker_dag.py
[2021-07-14 20:05:22,115] {scheduler_job.py:643} INFO - DAG(s) dict_keys(['example_external_task_marker_parent', 'example_external_task_marker_child']) retrieved from /home/airflow/.local/lib/python3.6/site-packages/airflow/example_dags/example_external_task_marker_dag.py
[2021-07-14 20:05:22,140] {logging_mixin.py:104} INFO - [2021-07-14 20:05:22,139] {dag.py:1833} INFO - Sync 2 DAGs
[2021-07-14 20:05:22,156] {logging_mixin.py:104} INFO - [2021-07-14 20:05:22,156] {dag.py:2306} INFO - Setting next_dagrun for example_external_task_marker_child to None
[2021-07-14 20:05:22,158] {logging_mixin.py:104} INFO - [2021-07-14 20:05:22,157] {dag.py:2306} INFO - Setting next_dagrun for example_external_task_marker_parent to None
[2021-07-14 20:05:22,168] {scheduler_job.py:190} INFO - Processing /home/airflow/.local/lib/python3.6/site-packages/airflow/example_dags/example_external_task_marker_dag.py took 0.071 seconds
[2021-07-14 20:05:52,301] {scheduler_job.py:182} INFO - Started process (PID=997) to work on /home/airflow/.local/lib/python3.6/site-packages/airflow/example_dags/example_external_task_marker_dag.py
[2021-07-14 20:05:52,302] {scheduler_job.py:633} INFO - Processing file /home/airflow/.local/lib/python3.6/site-packages/airflow/example_dags/example_external_task_marker_dag.py for tasks to queue
[2021-07-14 20:05:52,303] {logging_mixin.py:104} INFO - [2021-07-14 20:05:52,303] {dagbag.py:496} INFO - Filling up the DagBag from /home/airflow/.local/lib/python3.6/site-packages/airflow/example_dags/example_external_task_marker_dag.py
[2021-07-14 20:05:52,316] {scheduler_job.py:643} INFO - DAG(s) dict_keys(['example_external_task_marker_parent', 'example_external_task_marker_child']) retrieved from /home/airflow/.local/lib/python3.6/site-packages/airflow/example_dags/example_external_task_marker_dag.py
[2021-07-14 20:05:52,344] {logging_mixin.py:104} INFO - [2021-07-14 20:05:52,344] {dag.py:1833} INFO - Sync 2 DAGs
[2021-07-14 20:05:52,368] {logging_mixin.py:104} INFO - [2021-07-14 20:05:52,368] {dag.py:2306} INFO - Setting next_dagrun for example_external_task_marker_child to None
[2021-07-14 20:05:52,369] {logging_mixin.py:104} INFO - [2021-07-14 20:05:52,369] {dag.py:2306} INFO - Setting next_dagrun for example_external_task_marker_parent to None
[2021-07-14 20:05:52,387] {scheduler_job.py:190} INFO - Processing /home/airflow/.local/lib/python3.6/site-packages/airflow/example_dags/example_external_task_marker_dag.py took 0.089 seconds
[2021-07-14 20:06:22,829] {scheduler_job.py:182} INFO - Started process (PID=1050) to work on /home/airflow/.local/lib/python3.6/site-packages/airflow/example_dags/example_external_task_marker_dag.py
[2021-07-14 20:06:22,830] {scheduler_job.py:633} INFO - Processing file /home/airflow/.local/lib/python3.6/site-packages/airflow/example_dags/example_external_task_marker_dag.py for tasks to queue
[2021-07-14 20:06:22,831] {logging_mixin.py:104} INFO - [2021-07-14 20:06:22,831] {dagbag.py:496} INFO - Filling up the DagBag from /home/airflow/.local/lib/python3.6/site-packages/airflow/example_dags/example_external_task_marker_dag.py
[2021-07-14 20:06:22,846] {scheduler_job.py:643} INFO - DAG(s) dict_keys(['example_external_task_marker_parent', 'example_external_task_marker_child']) retrieved from /home/airflow/.local/lib/python3.6/site-packages/airflow/example_dags/example_external_task_marker_dag.py
[2021-07-14 20:06:22,872] {logging_mixin.py:104} INFO - [2021-07-14 20:06:22,872] {dag.py:1833} INFO - Sync 2 DAGs
[2021-07-14 20:06:22,897] {logging_mixin.py:104} INFO - [2021-07-14 20:06:22,897] {dag.py:2306} INFO - Setting next_dagrun for example_external_task_marker_child to None
[2021-07-14 20:06:22,898] {logging_mixin.py:104} INFO - [2021-07-14 20:06:22,898] {dag.py:2306} INFO - Setting next_dagrun for example_external_task_marker_parent to None
[2021-07-14 20:06:22,912] {scheduler_job.py:190} INFO - Processing /home/airflow/.local/lib/python3.6/site-packages/airflow/example_dags/example_external_task_marker_dag.py took 0.087 seconds
[2021-07-14 20:06:53,059] {scheduler_job.py:182} INFO - Started process (PID=1113) to work on /home/airflow/.local/lib/python3.6/site-packages/airflow/example_dags/example_external_task_marker_dag.py
[2021-07-14 20:06:53,061] {scheduler_job.py:633} INFO - Processing file /home/airflow/.local/lib/python3.6/site-packages/airflow/example_dags/example_external_task_marker_dag.py for tasks to queue
[2021-07-14 20:06:53,062] {logging_mixin.py:104} INFO - [2021-07-14 20:06:53,061] {dagbag.py:496} INFO - Filling up the DagBag from /home/airflow/.local/lib/python3.6/site-packages/airflow/example_dags/example_external_task_marker_dag.py
[2021-07-14 20:06:53,085] {scheduler_job.py:643} INFO - DAG(s) dict_keys(['example_external_task_marker_parent', 'example_external_task_marker_child']) retrieved from /home/airflow/.local/lib/python3.6/site-packages/airflow/example_dags/example_external_task_marker_dag.py
[2021-07-14 20:06:53,407] {logging_mixin.py:104} INFO - [2021-07-14 20:06:53,406] {dag.py:1833} INFO - Sync 2 DAGs
[2021-07-14 20:06:53,423] {logging_mixin.py:104} INFO - [2021-07-14 20:06:53,423] {dag.py:2306} INFO - Setting next_dagrun for example_external_task_marker_child to None
[2021-07-14 20:06:53,424] {logging_mixin.py:104} INFO - [2021-07-14 20:06:53,424] {dag.py:2306} INFO - Setting next_dagrun for example_external_task_marker_parent to None
[2021-07-14 20:06:53,437] {scheduler_job.py:190} INFO - Processing /home/airflow/.local/lib/python3.6/site-packages/airflow/example_dags/example_external_task_marker_dag.py took 0.383 seconds
[2021-07-14 20:07:23,737] {scheduler_job.py:182} INFO - Started process (PID=1167) to work on /home/airflow/.local/lib/python3.6/site-packages/airflow/example_dags/example_external_task_marker_dag.py
[2021-07-14 20:07:23,738] {scheduler_job.py:633} INFO - Processing file /home/airflow/.local/lib/python3.6/site-packages/airflow/example_dags/example_external_task_marker_dag.py for tasks to queue
[2021-07-14 20:07:23,739] {logging_mixin.py:104} INFO - [2021-07-14 20:07:23,739] {dagbag.py:496} INFO - Filling up the DagBag from /home/airflow/.local/lib/python3.6/site-packages/airflow/example_dags/example_external_task_marker_dag.py
[2021-07-14 20:07:23,754] {scheduler_job.py:643} INFO - DAG(s) dict_keys(['example_external_task_marker_parent', 'example_external_task_marker_child']) retrieved from /home/airflow/.local/lib/python3.6/site-packages/airflow/example_dags/example_external_task_marker_dag.py
[2021-07-14 20:07:24,061] {logging_mixin.py:104} INFO - [2021-07-14 20:07:24,061] {dag.py:1833} INFO - Sync 2 DAGs
[2021-07-14 20:07:24,083] {logging_mixin.py:104} INFO - [2021-07-14 20:07:24,083] {dag.py:2306} INFO - Setting next_dagrun for example_external_task_marker_child to None
[2021-07-14 20:07:24,084] {logging_mixin.py:104} INFO - [2021-07-14 20:07:24,084] {dag.py:2306} INFO - Setting next_dagrun for example_external_task_marker_parent to None
[2021-07-14 20:07:24,101] {scheduler_job.py:190} INFO - Processing /home/airflow/.local/lib/python3.6/site-packages/airflow/example_dags/example_external_task_marker_dag.py took 0.367 seconds
[2021-07-14 20:07:54,519] {scheduler_job.py:182} INFO - Started process (PID=1234) to work on /home/airflow/.local/lib/python3.6/site-packages/airflow/example_dags/example_external_task_marker_dag.py
[2021-07-14 20:07:54,520] {scheduler_job.py:633} INFO - Processing file /home/airflow/.local/lib/python3.6/site-packages/airflow/example_dags/example_external_task_marker_dag.py for tasks to queue
[2021-07-14 20:07:54,522] {logging_mixin.py:104} INFO - [2021-07-14 20:07:54,521] {dagbag.py:496} INFO - Filling up the DagBag from /home/airflow/.local/lib/python3.6/site-packages/airflow/example_dags/example_external_task_marker_dag.py
[2021-07-14 20:07:54,539] {scheduler_job.py:643} INFO - DAG(s) dict_keys(['example_external_task_marker_parent', 'example_external_task_marker_child']) retrieved from /home/airflow/.local/lib/python3.6/site-packages/airflow/example_dags/example_external_task_marker_dag.py
[2021-07-14 20:07:54,579] {logging_mixin.py:104} INFO - [2021-07-14 20:07:54,578] {dag.py:1833} INFO - Sync 2 DAGs
[2021-07-14 20:07:54,609] {logging_mixin.py:104} INFO - [2021-07-14 20:07:54,608] {dag.py:2306} INFO - Setting next_dagrun for example_external_task_marker_child to None
[2021-07-14 20:07:54,610] {logging_mixin.py:104} INFO - [2021-07-14 20:07:54,610] {dag.py:2306} INFO - Setting next_dagrun for example_external_task_marker_parent to None
[2021-07-14 20:07:54,626] {scheduler_job.py:190} INFO - Processing /home/airflow/.local/lib/python3.6/site-packages/airflow/example_dags/example_external_task_marker_dag.py took 0.111 seconds
[2021-07-14 20:08:24,808] {scheduler_job.py:182} INFO - Started process (PID=1287) to work on /home/airflow/.local/lib/python3.6/site-packages/airflow/example_dags/example_external_task_marker_dag.py
[2021-07-14 20:08:24,809] {scheduler_job.py:633} INFO - Processing file /home/airflow/.local/lib/python3.6/site-packages/airflow/example_dags/example_external_task_marker_dag.py for tasks to queue
[2021-07-14 20:08:24,809] {logging_mixin.py:104} INFO - [2021-07-14 20:08:24,809] {dagbag.py:496} INFO - Filling up the DagBag from /home/airflow/.local/lib/python3.6/site-packages/airflow/example_dags/example_external_task_marker_dag.py
[2021-07-14 20:08:24,822] {scheduler_job.py:643} INFO - DAG(s) dict_keys(['example_external_task_marker_parent', 'example_external_task_marker_child']) retrieved from /home/airflow/.local/lib/python3.6/site-packages/airflow/example_dags/example_external_task_marker_dag.py
[2021-07-14 20:08:25,142] {logging_mixin.py:104} INFO - [2021-07-14 20:08:25,141] {dag.py:1833} INFO - Sync 2 DAGs
[2021-07-14 20:08:25,164] {logging_mixin.py:104} INFO - [2021-07-14 20:08:25,164] {dag.py:2306} INFO - Setting next_dagrun for example_external_task_marker_child to None
[2021-07-14 20:08:25,166] {logging_mixin.py:104} INFO - [2021-07-14 20:08:25,166] {dag.py:2306} INFO - Setting next_dagrun for example_external_task_marker_parent to None
[2021-07-14 20:08:25,184] {scheduler_job.py:190} INFO - Processing /home/airflow/.local/lib/python3.6/site-packages/airflow/example_dags/example_external_task_marker_dag.py took 0.379 seconds
[2021-07-14 20:08:55,551] {scheduler_job.py:182} INFO - Started process (PID=1352) to work on /home/airflow/.local/lib/python3.6/site-packages/airflow/example_dags/example_external_task_marker_dag.py
[2021-07-14 20:08:55,553] {scheduler_job.py:633} INFO - Processing file /home/airflow/.local/lib/python3.6/site-packages/airflow/example_dags/example_external_task_marker_dag.py for tasks to queue
[2021-07-14 20:08:55,553] {logging_mixin.py:104} INFO - [2021-07-14 20:08:55,553] {dagbag.py:496} INFO - Filling up the DagBag from /home/airflow/.local/lib/python3.6/site-packages/airflow/example_dags/example_external_task_marker_dag.py
[2021-07-14 20:08:55,566] {scheduler_job.py:643} INFO - DAG(s) dict_keys(['example_external_task_marker_parent', 'example_external_task_marker_child']) retrieved from /home/airflow/.local/lib/python3.6/site-packages/airflow/example_dags/example_external_task_marker_dag.py
[2021-07-14 20:08:55,777] {logging_mixin.py:104} INFO - [2021-07-14 20:08:55,777] {dag.py:1833} INFO - Sync 2 DAGs
[2021-07-14 20:08:55,792] {logging_mixin.py:104} INFO - [2021-07-14 20:08:55,792] {dag.py:2306} INFO - Setting next_dagrun for example_external_task_marker_child to None
[2021-07-14 20:08:55,793] {logging_mixin.py:104} INFO - [2021-07-14 20:08:55,793] {dag.py:2306} INFO - Setting next_dagrun for example_external_task_marker_parent to None
[2021-07-14 20:08:55,805] {scheduler_job.py:190} INFO - Processing /home/airflow/.local/lib/python3.6/site-packages/airflow/example_dags/example_external_task_marker_dag.py took 0.256 seconds
[2021-07-14 20:09:26,139] {scheduler_job.py:182} INFO - Started process (PID=1407) to work on /home/airflow/.local/lib/python3.6/site-packages/airflow/example_dags/example_external_task_marker_dag.py
[2021-07-14 20:09:26,140] {scheduler_job.py:633} INFO - Processing file /home/airflow/.local/lib/python3.6/site-packages/airflow/example_dags/example_external_task_marker_dag.py for tasks to queue
[2021-07-14 20:09:26,141] {logging_mixin.py:104} INFO - [2021-07-14 20:09:26,141] {dagbag.py:496} INFO - Filling up the DagBag from /home/airflow/.local/lib/python3.6/site-packages/airflow/example_dags/example_external_task_marker_dag.py
[2021-07-14 20:09:26,155] {scheduler_job.py:643} INFO - DAG(s) dict_keys(['example_external_task_marker_parent', 'example_external_task_marker_child']) retrieved from /home/airflow/.local/lib/python3.6/site-packages/airflow/example_dags/example_external_task_marker_dag.py
[2021-07-14 20:09:26,181] {logging_mixin.py:104} INFO - [2021-07-14 20:09:26,181] {dag.py:1833} INFO - Sync 2 DAGs
[2021-07-14 20:09:26,200] {logging_mixin.py:104} INFO - [2021-07-14 20:09:26,200] {dag.py:2306} INFO - Setting next_dagrun for example_external_task_marker_child to None
[2021-07-14 20:09:26,201] {logging_mixin.py:104} INFO - [2021-07-14 20:09:26,201] {dag.py:2306} INFO - Setting next_dagrun for example_external_task_marker_parent to None
[2021-07-14 20:09:26,212] {scheduler_job.py:190} INFO - Processing /home/airflow/.local/lib/python3.6/site-packages/airflow/example_dags/example_external_task_marker_dag.py took 0.076 seconds
[2021-07-14 20:09:56,307] {scheduler_job.py:182} INFO - Started process (PID=1469) to work on /home/airflow/.local/lib/python3.6/site-packages/airflow/example_dags/example_external_task_marker_dag.py
[2021-07-14 20:09:56,310] {scheduler_job.py:633} INFO - Processing file /home/airflow/.local/lib/python3.6/site-packages/airflow/example_dags/example_external_task_marker_dag.py for tasks to queue
[2021-07-14 20:09:56,311] {logging_mixin.py:104} INFO - [2021-07-14 20:09:56,311] {dagbag.py:496} INFO - Filling up the DagBag from /home/airflow/.local/lib/python3.6/site-packages/airflow/example_dags/example_external_task_marker_dag.py
[2021-07-14 20:09:56,324] {scheduler_job.py:643} INFO - DAG(s) dict_keys(['example_external_task_marker_parent', 'example_external_task_marker_child']) retrieved from /home/airflow/.local/lib/python3.6/site-packages/airflow/example_dags/example_external_task_marker_dag.py
[2021-07-14 20:09:56,604] {logging_mixin.py:104} INFO - [2021-07-14 20:09:56,604] {dag.py:1833} INFO - Sync 2 DAGs
[2021-07-14 20:09:56,620] {logging_mixin.py:104} INFO - [2021-07-14 20:09:56,620] {dag.py:2306} INFO - Setting next_dagrun for example_external_task_marker_child to None
[2021-07-14 20:09:56,621] {logging_mixin.py:104} INFO - [2021-07-14 20:09:56,621] {dag.py:2306} INFO - Setting next_dagrun for example_external_task_marker_parent to None
[2021-07-14 20:09:56,635] {scheduler_job.py:190} INFO - Processing /home/airflow/.local/lib/python3.6/site-packages/airflow/example_dags/example_external_task_marker_dag.py took 0.331 seconds
[2021-07-14 20:10:26,746] {scheduler_job.py:182} INFO - Started process (PID=1531) to work on /home/airflow/.local/lib/python3.6/site-packages/airflow/example_dags/example_external_task_marker_dag.py
[2021-07-14 20:10:26,747] {scheduler_job.py:633} INFO - Processing file /home/airflow/.local/lib/python3.6/site-packages/airflow/example_dags/example_external_task_marker_dag.py for tasks to queue
[2021-07-14 20:10:26,748] {logging_mixin.py:104} INFO - [2021-07-14 20:10:26,748] {dagbag.py:496} INFO - Filling up the DagBag from /home/airflow/.local/lib/python3.6/site-packages/airflow/example_dags/example_external_task_marker_dag.py
[2021-07-14 20:10:26,762] {scheduler_job.py:643} INFO - DAG(s) dict_keys(['example_external_task_marker_parent', 'example_external_task_marker_child']) retrieved from /home/airflow/.local/lib/python3.6/site-packages/airflow/example_dags/example_external_task_marker_dag.py
[2021-07-14 20:10:26,791] {logging_mixin.py:104} INFO - [2021-07-14 20:10:26,791] {dag.py:1833} INFO - Sync 2 DAGs
[2021-07-14 20:10:26,814] {logging_mixin.py:104} INFO - [2021-07-14 20:10:26,814] {dag.py:2306} INFO - Setting next_dagrun for example_external_task_marker_child to None
[2021-07-14 20:10:26,816] {logging_mixin.py:104} INFO - [2021-07-14 20:10:26,816] {dag.py:2306} INFO - Setting next_dagrun for example_external_task_marker_parent to None
[2021-07-14 20:10:26,830] {scheduler_job.py:190} INFO - Processing /home/airflow/.local/lib/python3.6/site-packages/airflow/example_dags/example_external_task_marker_dag.py took 0.087 seconds
[2021-07-14 20:10:56,944] {scheduler_job.py:182} INFO - Started process (PID=1586) to work on /home/airflow/.local/lib/python3.6/site-packages/airflow/example_dags/example_external_task_marker_dag.py
[2021-07-14 20:10:56,945] {scheduler_job.py:633} INFO - Processing file /home/airflow/.local/lib/python3.6/site-packages/airflow/example_dags/example_external_task_marker_dag.py for tasks to queue
[2021-07-14 20:10:56,945] {logging_mixin.py:104} INFO - [2021-07-14 20:10:56,945] {dagbag.py:496} INFO - Filling up the DagBag from /home/airflow/.local/lib/python3.6/site-packages/airflow/example_dags/example_external_task_marker_dag.py
[2021-07-14 20:10:56,958] {scheduler_job.py:643} INFO - DAG(s) dict_keys(['example_external_task_marker_parent', 'example_external_task_marker_child']) retrieved from /home/airflow/.local/lib/python3.6/site-packages/airflow/example_dags/example_external_task_marker_dag.py
[2021-07-14 20:10:57,192] {logging_mixin.py:104} INFO - [2021-07-14 20:10:57,192] {dag.py:1833} INFO - Sync 2 DAGs
[2021-07-14 20:10:57,208] {logging_mixin.py:104} INFO - [2021-07-14 20:10:57,207] {dag.py:2306} INFO - Setting next_dagrun for example_external_task_marker_child to None
[2021-07-14 20:10:57,208] {logging_mixin.py:104} INFO - [2021-07-14 20:10:57,208] {dag.py:2306} INFO - Setting next_dagrun for example_external_task_marker_parent to None
[2021-07-14 20:10:57,221] {scheduler_job.py:190} INFO - Processing /home/airflow/.local/lib/python3.6/site-packages/airflow/example_dags/example_external_task_marker_dag.py took 0.280 seconds
[2021-07-14 20:11:27,362] {scheduler_job.py:182} INFO - Started process (PID=1651) to work on /home/airflow/.local/lib/python3.6/site-packages/airflow/example_dags/example_external_task_marker_dag.py
[2021-07-14 20:11:27,363] {scheduler_job.py:633} INFO - Processing file /home/airflow/.local/lib/python3.6/site-packages/airflow/example_dags/example_external_task_marker_dag.py for tasks to queue
[2021-07-14 20:11:27,365] {logging_mixin.py:104} INFO - [2021-07-14 20:11:27,365] {dagbag.py:496} INFO - Filling up the DagBag from /home/airflow/.local/lib/python3.6/site-packages/airflow/example_dags/example_external_task_marker_dag.py
[2021-07-14 20:11:27,385] {scheduler_job.py:643} INFO - DAG(s) dict_keys(['example_external_task_marker_parent', 'example_external_task_marker_child']) retrieved from /home/airflow/.local/lib/python3.6/site-packages/airflow/example_dags/example_external_task_marker_dag.py
[2021-07-14 20:11:27,431] {logging_mixin.py:104} INFO - [2021-07-14 20:11:27,430] {dag.py:1833} INFO - Sync 2 DAGs
[2021-07-14 20:11:27,460] {logging_mixin.py:104} INFO - [2021-07-14 20:11:27,460] {dag.py:2306} INFO - Setting next_dagrun for example_external_task_marker_child to None
[2021-07-14 20:11:27,462] {logging_mixin.py:104} INFO - [2021-07-14 20:11:27,462] {dag.py:2306} INFO - Setting next_dagrun for example_external_task_marker_parent to None
[2021-07-14 20:11:27,481] {scheduler_job.py:190} INFO - Processing /home/airflow/.local/lib/python3.6/site-packages/airflow/example_dags/example_external_task_marker_dag.py took 0.125 seconds
[2021-07-14 20:11:58,213] {scheduler_job.py:182} INFO - Started process (PID=1706) to work on /home/airflow/.local/lib/python3.6/site-packages/airflow/example_dags/example_external_task_marker_dag.py
[2021-07-14 20:11:58,214] {scheduler_job.py:633} INFO - Processing file /home/airflow/.local/lib/python3.6/site-packages/airflow/example_dags/example_external_task_marker_dag.py for tasks to queue
[2021-07-14 20:11:58,215] {logging_mixin.py:104} INFO - [2021-07-14 20:11:58,215] {dagbag.py:496} INFO - Filling up the DagBag from /home/airflow/.local/lib/python3.6/site-packages/airflow/example_dags/example_external_task_marker_dag.py
[2021-07-14 20:11:58,227] {scheduler_job.py:643} INFO - DAG(s) dict_keys(['example_external_task_marker_parent', 'example_external_task_marker_child']) retrieved from /home/airflow/.local/lib/python3.6/site-packages/airflow/example_dags/example_external_task_marker_dag.py
[2021-07-14 20:11:58,470] {logging_mixin.py:104} INFO - [2021-07-14 20:11:58,470] {dag.py:1833} INFO - Sync 2 DAGs
[2021-07-14 20:11:58,490] {logging_mixin.py:104} INFO - [2021-07-14 20:11:58,489] {dag.py:2306} INFO - Setting next_dagrun for example_external_task_marker_child to None
[2021-07-14 20:11:58,491] {logging_mixin.py:104} INFO - [2021-07-14 20:11:58,491] {dag.py:2306} INFO - Setting next_dagrun for example_external_task_marker_parent to None
[2021-07-14 20:11:58,506] {scheduler_job.py:190} INFO - Processing /home/airflow/.local/lib/python3.6/site-packages/airflow/example_dags/example_external_task_marker_dag.py took 0.296 seconds
[2021-07-14 20:12:29,335] {scheduler_job.py:182} INFO - Started process (PID=1771) to work on /home/airflow/.local/lib/python3.6/site-packages/airflow/example_dags/example_external_task_marker_dag.py
[2021-07-14 20:12:29,336] {scheduler_job.py:633} INFO - Processing file /home/airflow/.local/lib/python3.6/site-packages/airflow/example_dags/example_external_task_marker_dag.py for tasks to queue
[2021-07-14 20:12:29,337] {logging_mixin.py:104} INFO - [2021-07-14 20:12:29,337] {dagbag.py:496} INFO - Filling up the DagBag from /home/airflow/.local/lib/python3.6/site-packages/airflow/example_dags/example_external_task_marker_dag.py
[2021-07-14 20:12:29,349] {scheduler_job.py:643} INFO - DAG(s) dict_keys(['example_external_task_marker_parent', 'example_external_task_marker_child']) retrieved from /home/airflow/.local/lib/python3.6/site-packages/airflow/example_dags/example_external_task_marker_dag.py
[2021-07-14 20:12:29,592] {logging_mixin.py:104} INFO - [2021-07-14 20:12:29,592] {dag.py:1833} INFO - Sync 2 DAGs
[2021-07-14 20:12:29,610] {logging_mixin.py:104} INFO - [2021-07-14 20:12:29,610] {dag.py:2306} INFO - Setting next_dagrun for example_external_task_marker_child to None
[2021-07-14 20:12:29,611] {logging_mixin.py:104} INFO - [2021-07-14 20:12:29,611] {dag.py:2306} INFO - Setting next_dagrun for example_external_task_marker_parent to None
[2021-07-14 20:12:29,624] {scheduler_job.py:190} INFO - Processing /home/airflow/.local/lib/python3.6/site-packages/airflow/example_dags/example_external_task_marker_dag.py took 0.291 seconds
[2021-07-14 20:12:59,691] {scheduler_job.py:182} INFO - Started process (PID=1826) to work on /home/airflow/.local/lib/python3.6/site-packages/airflow/example_dags/example_external_task_marker_dag.py
[2021-07-14 20:12:59,693] {scheduler_job.py:633} INFO - Processing file /home/airflow/.local/lib/python3.6/site-packages/airflow/example_dags/example_external_task_marker_dag.py for tasks to queue
[2021-07-14 20:12:59,694] {logging_mixin.py:104} INFO - [2021-07-14 20:12:59,694] {dagbag.py:496} INFO - Filling up the DagBag from /home/airflow/.local/lib/python3.6/site-packages/airflow/example_dags/example_external_task_marker_dag.py
[2021-07-14 20:12:59,708] {scheduler_job.py:643} INFO - DAG(s) dict_keys(['example_external_task_marker_parent', 'example_external_task_marker_child']) retrieved from /home/airflow/.local/lib/python3.6/site-packages/airflow/example_dags/example_external_task_marker_dag.py
[2021-07-14 20:12:59,966] {logging_mixin.py:104} INFO - [2021-07-14 20:12:59,966] {dag.py:1833} INFO - Sync 2 DAGs
[2021-07-14 20:12:59,982] {logging_mixin.py:104} INFO - [2021-07-14 20:12:59,982] {dag.py:2306} INFO - Setting next_dagrun for example_external_task_marker_child to None
[2021-07-14 20:12:59,983] {logging_mixin.py:104} INFO - [2021-07-14 20:12:59,983] {dag.py:2306} INFO - Setting next_dagrun for example_external_task_marker_parent to None
[2021-07-14 20:12:59,996] {scheduler_job.py:190} INFO - Processing /home/airflow/.local/lib/python3.6/site-packages/airflow/example_dags/example_external_task_marker_dag.py took 0.308 seconds
[2021-07-14 20:13:30,152] {scheduler_job.py:182} INFO - Started process (PID=1894) to work on /home/airflow/.local/lib/python3.6/site-packages/airflow/example_dags/example_external_task_marker_dag.py
[2021-07-14 20:13:30,153] {scheduler_job.py:633} INFO - Processing file /home/airflow/.local/lib/python3.6/site-packages/airflow/example_dags/example_external_task_marker_dag.py for tasks to queue
[2021-07-14 20:13:30,154] {logging_mixin.py:104} INFO - [2021-07-14 20:13:30,154] {dagbag.py:496} INFO - Filling up the DagBag from /home/airflow/.local/lib/python3.6/site-packages/airflow/example_dags/example_external_task_marker_dag.py
[2021-07-14 20:13:30,166] {scheduler_job.py:643} INFO - DAG(s) dict_keys(['example_external_task_marker_parent', 'example_external_task_marker_child']) retrieved from /home/airflow/.local/lib/python3.6/site-packages/airflow/example_dags/example_external_task_marker_dag.py
[2021-07-14 20:13:30,191] {logging_mixin.py:104} INFO - [2021-07-14 20:13:30,191] {dag.py:1833} INFO - Sync 2 DAGs
[2021-07-14 20:13:30,208] {logging_mixin.py:104} INFO - [2021-07-14 20:13:30,208] {dag.py:2306} INFO - Setting next_dagrun for example_external_task_marker_child to None
[2021-07-14 20:13:30,209] {logging_mixin.py:104} INFO - [2021-07-14 20:13:30,209] {dag.py:2306} INFO - Setting next_dagrun for example_external_task_marker_parent to None
[2021-07-14 20:13:30,220] {scheduler_job.py:190} INFO - Processing /home/airflow/.local/lib/python3.6/site-packages/airflow/example_dags/example_external_task_marker_dag.py took 0.070 seconds
[2021-07-14 20:14:01,056] {scheduler_job.py:182} INFO - Started process (PID=1955) to work on /home/airflow/.local/lib/python3.6/site-packages/airflow/example_dags/example_external_task_marker_dag.py
[2021-07-14 20:14:01,057] {scheduler_job.py:633} INFO - Processing file /home/airflow/.local/lib/python3.6/site-packages/airflow/example_dags/example_external_task_marker_dag.py for tasks to queue
[2021-07-14 20:14:01,058] {logging_mixin.py:104} INFO - [2021-07-14 20:14:01,058] {dagbag.py:496} INFO - Filling up the DagBag from /home/airflow/.local/lib/python3.6/site-packages/airflow/example_dags/example_external_task_marker_dag.py
[2021-07-14 20:14:01,073] {scheduler_job.py:643} INFO - DAG(s) dict_keys(['example_external_task_marker_parent', 'example_external_task_marker_child']) retrieved from /home/airflow/.local/lib/python3.6/site-packages/airflow/example_dags/example_external_task_marker_dag.py
[2021-07-14 20:14:01,101] {logging_mixin.py:104} INFO - [2021-07-14 20:14:01,101] {dag.py:1833} INFO - Sync 2 DAGs
[2021-07-14 20:14:01,122] {logging_mixin.py:104} INFO - [2021-07-14 20:14:01,122] {dag.py:2306} INFO - Setting next_dagrun for example_external_task_marker_child to None
[2021-07-14 20:14:01,123] {logging_mixin.py:104} INFO - [2021-07-14 20:14:01,123] {dag.py:2306} INFO - Setting next_dagrun for example_external_task_marker_parent to None
[2021-07-14 20:14:01,135] {scheduler_job.py:190} INFO - Processing /home/airflow/.local/lib/python3.6/site-packages/airflow/example_dags/example_external_task_marker_dag.py took 0.081 seconds
[2021-07-14 20:14:31,157] {scheduler_job.py:182} INFO - Started process (PID=2008) to work on /home/airflow/.local/lib/python3.6/site-packages/airflow/example_dags/example_external_task_marker_dag.py
[2021-07-14 20:14:31,159] {scheduler_job.py:633} INFO - Processing file /home/airflow/.local/lib/python3.6/site-packages/airflow/example_dags/example_external_task_marker_dag.py for tasks to queue
[2021-07-14 20:14:31,160] {logging_mixin.py:104} INFO - [2021-07-14 20:14:31,159] {dagbag.py:496} INFO - Filling up the DagBag from /home/airflow/.local/lib/python3.6/site-packages/airflow/example_dags/example_external_task_marker_dag.py
[2021-07-14 20:14:31,174] {scheduler_job.py:643} INFO - DAG(s) dict_keys(['example_external_task_marker_parent', 'example_external_task_marker_child']) retrieved from /home/airflow/.local/lib/python3.6/site-packages/airflow/example_dags/example_external_task_marker_dag.py
[2021-07-14 20:14:31,445] {logging_mixin.py:104} INFO - [2021-07-14 20:14:31,445] {dag.py:1833} INFO - Sync 2 DAGs
[2021-07-14 20:14:31,462] {logging_mixin.py:104} INFO - [2021-07-14 20:14:31,462] {dag.py:2306} INFO - Setting next_dagrun for example_external_task_marker_child to None
[2021-07-14 20:14:31,463] {logging_mixin.py:104} INFO - [2021-07-14 20:14:31,463] {dag.py:2306} INFO - Setting next_dagrun for example_external_task_marker_parent to None
[2021-07-14 20:14:31,475] {scheduler_job.py:190} INFO - Processing /home/airflow/.local/lib/python3.6/site-packages/airflow/example_dags/example_external_task_marker_dag.py took 0.323 seconds
[2021-07-14 20:15:01,807] {scheduler_job.py:182} INFO - Started process (PID=2074) to work on /home/airflow/.local/lib/python3.6/site-packages/airflow/example_dags/example_external_task_marker_dag.py
[2021-07-14 20:15:01,810] {scheduler_job.py:633} INFO - Processing file /home/airflow/.local/lib/python3.6/site-packages/airflow/example_dags/example_external_task_marker_dag.py for tasks to queue
[2021-07-14 20:15:01,811] {logging_mixin.py:104} INFO - [2021-07-14 20:15:01,811] {dagbag.py:496} INFO - Filling up the DagBag from /home/airflow/.local/lib/python3.6/site-packages/airflow/example_dags/example_external_task_marker_dag.py
[2021-07-14 20:15:01,825] {scheduler_job.py:643} INFO - DAG(s) dict_keys(['example_external_task_marker_parent', 'example_external_task_marker_child']) retrieved from /home/airflow/.local/lib/python3.6/site-packages/airflow/example_dags/example_external_task_marker_dag.py
[2021-07-14 20:15:01,852] {logging_mixin.py:104} INFO - [2021-07-14 20:15:01,852] {dag.py:1833} INFO - Sync 2 DAGs
[2021-07-14 20:15:01,872] {logging_mixin.py:104} INFO - [2021-07-14 20:15:01,872] {dag.py:2306} INFO - Setting next_dagrun for example_external_task_marker_child to None
[2021-07-14 20:15:01,874] {logging_mixin.py:104} INFO - [2021-07-14 20:15:01,873] {dag.py:2306} INFO - Setting next_dagrun for example_external_task_marker_parent to None
[2021-07-14 20:15:01,889] {scheduler_job.py:190} INFO - Processing /home/airflow/.local/lib/python3.6/site-packages/airflow/example_dags/example_external_task_marker_dag.py took 0.085 seconds
[2021-07-14 20:15:32,271] {scheduler_job.py:182} INFO - Started process (PID=2126) to work on /home/airflow/.local/lib/python3.6/site-packages/airflow/example_dags/example_external_task_marker_dag.py
[2021-07-14 20:15:32,273] {scheduler_job.py:633} INFO - Processing file /home/airflow/.local/lib/python3.6/site-packages/airflow/example_dags/example_external_task_marker_dag.py for tasks to queue
[2021-07-14 20:15:32,273] {logging_mixin.py:104} INFO - [2021-07-14 20:15:32,273] {dagbag.py:496} INFO - Filling up the DagBag from /home/airflow/.local/lib/python3.6/site-packages/airflow/example_dags/example_external_task_marker_dag.py
[2021-07-14 20:15:32,289] {scheduler_job.py:643} INFO - DAG(s) dict_keys(['example_external_task_marker_parent', 'example_external_task_marker_child']) retrieved from /home/airflow/.local/lib/python3.6/site-packages/airflow/example_dags/example_external_task_marker_dag.py
[2021-07-14 20:15:32,318] {logging_mixin.py:104} INFO - [2021-07-14 20:15:32,318] {dag.py:1833} INFO - Sync 2 DAGs
[2021-07-14 20:15:32,339] {logging_mixin.py:104} INFO - [2021-07-14 20:15:32,339] {dag.py:2306} INFO - Setting next_dagrun for example_external_task_marker_child to None
[2021-07-14 20:15:32,340] {logging_mixin.py:104} INFO - [2021-07-14 20:15:32,340] {dag.py:2306} INFO - Setting next_dagrun for example_external_task_marker_parent to None
[2021-07-14 20:15:32,356] {scheduler_job.py:190} INFO - Processing /home/airflow/.local/lib/python3.6/site-packages/airflow/example_dags/example_external_task_marker_dag.py took 0.088 seconds
[2021-07-14 20:16:02,468] {scheduler_job.py:182} INFO - Started process (PID=2190) to work on /home/airflow/.local/lib/python3.6/site-packages/airflow/example_dags/example_external_task_marker_dag.py
[2021-07-14 20:16:02,469] {scheduler_job.py:633} INFO - Processing file /home/airflow/.local/lib/python3.6/site-packages/airflow/example_dags/example_external_task_marker_dag.py for tasks to queue
[2021-07-14 20:16:02,470] {logging_mixin.py:104} INFO - [2021-07-14 20:16:02,470] {dagbag.py:496} INFO - Filling up the DagBag from /home/airflow/.local/lib/python3.6/site-packages/airflow/example_dags/example_external_task_marker_dag.py
[2021-07-14 20:16:02,482] {scheduler_job.py:643} INFO - DAG(s) dict_keys(['example_external_task_marker_parent', 'example_external_task_marker_child']) retrieved from /home/airflow/.local/lib/python3.6/site-packages/airflow/example_dags/example_external_task_marker_dag.py
[2021-07-14 20:16:02,782] {logging_mixin.py:104} INFO - [2021-07-14 20:16:02,782] {dag.py:1833} INFO - Sync 2 DAGs
[2021-07-14 20:16:02,799] {logging_mixin.py:104} INFO - [2021-07-14 20:16:02,799] {dag.py:2306} INFO - Setting next_dagrun for example_external_task_marker_child to None
[2021-07-14 20:16:02,800] {logging_mixin.py:104} INFO - [2021-07-14 20:16:02,800] {dag.py:2306} INFO - Setting next_dagrun for example_external_task_marker_parent to None
[2021-07-14 20:16:02,813] {scheduler_job.py:190} INFO - Processing /home/airflow/.local/lib/python3.6/site-packages/airflow/example_dags/example_external_task_marker_dag.py took 0.349 seconds
[2021-07-14 20:16:33,470] {scheduler_job.py:182} INFO - Started process (PID=2243) to work on /home/airflow/.local/lib/python3.6/site-packages/airflow/example_dags/example_external_task_marker_dag.py
[2021-07-14 20:16:33,471] {scheduler_job.py:633} INFO - Processing file /home/airflow/.local/lib/python3.6/site-packages/airflow/example_dags/example_external_task_marker_dag.py for tasks to queue
[2021-07-14 20:16:33,472] {logging_mixin.py:104} INFO - [2021-07-14 20:16:33,472] {dagbag.py:496} INFO - Filling up the DagBag from /home/airflow/.local/lib/python3.6/site-packages/airflow/example_dags/example_external_task_marker_dag.py
[2021-07-14 20:16:33,483] {scheduler_job.py:643} INFO - DAG(s) dict_keys(['example_external_task_marker_parent', 'example_external_task_marker_child']) retrieved from /home/airflow/.local/lib/python3.6/site-packages/airflow/example_dags/example_external_task_marker_dag.py
[2021-07-14 20:16:33,711] {logging_mixin.py:104} INFO - [2021-07-14 20:16:33,710] {dag.py:1833} INFO - Sync 2 DAGs
[2021-07-14 20:16:33,731] {logging_mixin.py:104} INFO - [2021-07-14 20:16:33,731] {dag.py:2306} INFO - Setting next_dagrun for example_external_task_marker_child to None
[2021-07-14 20:16:33,732] {logging_mixin.py:104} INFO - [2021-07-14 20:16:33,731] {dag.py:2306} INFO - Setting next_dagrun for example_external_task_marker_parent to None
[2021-07-14 20:16:33,743] {scheduler_job.py:190} INFO - Processing /home/airflow/.local/lib/python3.6/site-packages/airflow/example_dags/example_external_task_marker_dag.py took 0.276 seconds
[2021-07-14 20:17:03,993] {scheduler_job.py:182} INFO - Started process (PID=2305) to work on /home/airflow/.local/lib/python3.6/site-packages/airflow/example_dags/example_external_task_marker_dag.py
[2021-07-14 20:17:03,997] {scheduler_job.py:633} INFO - Processing file /home/airflow/.local/lib/python3.6/site-packages/airflow/example_dags/example_external_task_marker_dag.py for tasks to queue
[2021-07-14 20:17:04,000] {logging_mixin.py:104} INFO - [2021-07-14 20:17:04,000] {dagbag.py:496} INFO - Filling up the DagBag from /home/airflow/.local/lib/python3.6/site-packages/airflow/example_dags/example_external_task_marker_dag.py
[2021-07-14 20:17:04,023] {scheduler_job.py:643} INFO - DAG(s) dict_keys(['example_external_task_marker_parent', 'example_external_task_marker_child']) retrieved from /home/airflow/.local/lib/python3.6/site-packages/airflow/example_dags/example_external_task_marker_dag.py
[2021-07-14 20:17:04,364] {logging_mixin.py:104} INFO - [2021-07-14 20:17:04,363] {dag.py:1833} INFO - Sync 2 DAGs
[2021-07-14 20:17:04,385] {logging_mixin.py:104} INFO - [2021-07-14 20:17:04,385] {dag.py:2306} INFO - Setting next_dagrun for example_external_task_marker_child to None
[2021-07-14 20:17:04,387] {logging_mixin.py:104} INFO - [2021-07-14 20:17:04,387] {dag.py:2306} INFO - Setting next_dagrun for example_external_task_marker_parent to None
[2021-07-14 20:17:04,405] {scheduler_job.py:190} INFO - Processing /home/airflow/.local/lib/python3.6/site-packages/airflow/example_dags/example_external_task_marker_dag.py took 0.416 seconds
[2021-07-14 20:17:34,692] {scheduler_job.py:182} INFO - Started process (PID=2359) to work on /home/airflow/.local/lib/python3.6/site-packages/airflow/example_dags/example_external_task_marker_dag.py
[2021-07-14 20:17:34,694] {scheduler_job.py:633} INFO - Processing file /home/airflow/.local/lib/python3.6/site-packages/airflow/example_dags/example_external_task_marker_dag.py for tasks to queue
[2021-07-14 20:17:34,695] {logging_mixin.py:104} INFO - [2021-07-14 20:17:34,695] {dagbag.py:496} INFO - Filling up the DagBag from /home/airflow/.local/lib/python3.6/site-packages/airflow/example_dags/example_external_task_marker_dag.py
[2021-07-14 20:17:34,719] {scheduler_job.py:643} INFO - DAG(s) dict_keys(['example_external_task_marker_parent', 'example_external_task_marker_child']) retrieved from /home/airflow/.local/lib/python3.6/site-packages/airflow/example_dags/example_external_task_marker_dag.py
[2021-07-14 20:17:35,046] {logging_mixin.py:104} INFO - [2021-07-14 20:17:35,046] {dag.py:1833} INFO - Sync 2 DAGs
[2021-07-14 20:17:35,071] {logging_mixin.py:104} INFO - [2021-07-14 20:17:35,071] {dag.py:2306} INFO - Setting next_dagrun for example_external_task_marker_child to None
[2021-07-14 20:17:35,073] {logging_mixin.py:104} INFO - [2021-07-14 20:17:35,073] {dag.py:2306} INFO - Setting next_dagrun for example_external_task_marker_parent to None
[2021-07-14 20:17:35,093] {scheduler_job.py:190} INFO - Processing /home/airflow/.local/lib/python3.6/site-packages/airflow/example_dags/example_external_task_marker_dag.py took 0.405 seconds
[2021-07-14 20:18:05,184] {scheduler_job.py:182} INFO - Started process (PID=2425) to work on /home/airflow/.local/lib/python3.6/site-packages/airflow/example_dags/example_external_task_marker_dag.py
[2021-07-14 20:18:05,185] {scheduler_job.py:633} INFO - Processing file /home/airflow/.local/lib/python3.6/site-packages/airflow/example_dags/example_external_task_marker_dag.py for tasks to queue
[2021-07-14 20:18:05,186] {logging_mixin.py:104} INFO - [2021-07-14 20:18:05,186] {dagbag.py:496} INFO - Filling up the DagBag from /home/airflow/.local/lib/python3.6/site-packages/airflow/example_dags/example_external_task_marker_dag.py
[2021-07-14 20:18:05,205] {scheduler_job.py:643} INFO - DAG(s) dict_keys(['example_external_task_marker_parent', 'example_external_task_marker_child']) retrieved from /home/airflow/.local/lib/python3.6/site-packages/airflow/example_dags/example_external_task_marker_dag.py
[2021-07-14 20:18:05,461] {logging_mixin.py:104} INFO - [2021-07-14 20:18:05,461] {dag.py:1833} INFO - Sync 2 DAGs
[2021-07-14 20:18:05,476] {logging_mixin.py:104} INFO - [2021-07-14 20:18:05,476] {dag.py:2306} INFO - Setting next_dagrun for example_external_task_marker_child to None
[2021-07-14 20:18:05,477] {logging_mixin.py:104} INFO - [2021-07-14 20:18:05,477] {dag.py:2306} INFO - Setting next_dagrun for example_external_task_marker_parent to None
[2021-07-14 20:18:05,488] {scheduler_job.py:190} INFO - Processing /home/airflow/.local/lib/python3.6/site-packages/airflow/example_dags/example_external_task_marker_dag.py took 0.307 seconds
[2021-07-14 20:18:36,203] {scheduler_job.py:182} INFO - Started process (PID=2481) to work on /home/airflow/.local/lib/python3.6/site-packages/airflow/example_dags/example_external_task_marker_dag.py
[2021-07-14 20:18:36,204] {scheduler_job.py:633} INFO - Processing file /home/airflow/.local/lib/python3.6/site-packages/airflow/example_dags/example_external_task_marker_dag.py for tasks to queue
[2021-07-14 20:18:36,205] {logging_mixin.py:104} INFO - [2021-07-14 20:18:36,205] {dagbag.py:496} INFO - Filling up the DagBag from /home/airflow/.local/lib/python3.6/site-packages/airflow/example_dags/example_external_task_marker_dag.py
[2021-07-14 20:18:36,225] {scheduler_job.py:643} INFO - DAG(s) dict_keys(['example_external_task_marker_parent', 'example_external_task_marker_child']) retrieved from /home/airflow/.local/lib/python3.6/site-packages/airflow/example_dags/example_external_task_marker_dag.py
[2021-07-14 20:18:36,272] {logging_mixin.py:104} INFO - [2021-07-14 20:18:36,272] {dag.py:1833} INFO - Sync 2 DAGs
[2021-07-14 20:18:36,298] {logging_mixin.py:104} INFO - [2021-07-14 20:18:36,297] {dag.py:2306} INFO - Setting next_dagrun for example_external_task_marker_child to None
[2021-07-14 20:18:36,299] {logging_mixin.py:104} INFO - [2021-07-14 20:18:36,299] {dag.py:2306} INFO - Setting next_dagrun for example_external_task_marker_parent to None
[2021-07-14 20:18:36,314] {scheduler_job.py:190} INFO - Processing /home/airflow/.local/lib/python3.6/site-packages/airflow/example_dags/example_external_task_marker_dag.py took 0.116 seconds
[2021-07-14 20:19:06,472] {scheduler_job.py:182} INFO - Started process (PID=2541) to work on /home/airflow/.local/lib/python3.6/site-packages/airflow/example_dags/example_external_task_marker_dag.py
[2021-07-14 20:19:06,473] {scheduler_job.py:633} INFO - Processing file /home/airflow/.local/lib/python3.6/site-packages/airflow/example_dags/example_external_task_marker_dag.py for tasks to queue
[2021-07-14 20:19:06,474] {logging_mixin.py:104} INFO - [2021-07-14 20:19:06,474] {dagbag.py:496} INFO - Filling up the DagBag from /home/airflow/.local/lib/python3.6/site-packages/airflow/example_dags/example_external_task_marker_dag.py
[2021-07-14 20:19:06,487] {scheduler_job.py:643} INFO - DAG(s) dict_keys(['example_external_task_marker_parent', 'example_external_task_marker_child']) retrieved from /home/airflow/.local/lib/python3.6/site-packages/airflow/example_dags/example_external_task_marker_dag.py
[2021-07-14 20:19:06,735] {logging_mixin.py:104} INFO - [2021-07-14 20:19:06,734] {dag.py:1833} INFO - Sync 2 DAGs
[2021-07-14 20:19:06,749] {logging_mixin.py:104} INFO - [2021-07-14 20:19:06,749] {dag.py:2306} INFO - Setting next_dagrun for example_external_task_marker_child to None
[2021-07-14 20:19:06,750] {logging_mixin.py:104} INFO - [2021-07-14 20:19:06,750] {dag.py:2306} INFO - Setting next_dagrun for example_external_task_marker_parent to None
[2021-07-14 20:19:06,761] {scheduler_job.py:190} INFO - Processing /home/airflow/.local/lib/python3.6/site-packages/airflow/example_dags/example_external_task_marker_dag.py took 0.292 seconds
[2021-07-14 20:19:36,884] {scheduler_job.py:182} INFO - Started process (PID=2595) to work on /home/airflow/.local/lib/python3.6/site-packages/airflow/example_dags/example_external_task_marker_dag.py
[2021-07-14 20:19:36,885] {scheduler_job.py:633} INFO - Processing file /home/airflow/.local/lib/python3.6/site-packages/airflow/example_dags/example_external_task_marker_dag.py for tasks to queue
[2021-07-14 20:19:36,886] {logging_mixin.py:104} INFO - [2021-07-14 20:19:36,886] {dagbag.py:496} INFO - Filling up the DagBag from /home/airflow/.local/lib/python3.6/site-packages/airflow/example_dags/example_external_task_marker_dag.py
[2021-07-14 20:19:36,898] {scheduler_job.py:643} INFO - DAG(s) dict_keys(['example_external_task_marker_parent', 'example_external_task_marker_child']) retrieved from /home/airflow/.local/lib/python3.6/site-packages/airflow/example_dags/example_external_task_marker_dag.py
[2021-07-14 20:19:37,163] {logging_mixin.py:104} INFO - [2021-07-14 20:19:37,162] {dag.py:1833} INFO - Sync 2 DAGs
[2021-07-14 20:19:37,182] {logging_mixin.py:104} INFO - [2021-07-14 20:19:37,182] {dag.py:2306} INFO - Setting next_dagrun for example_external_task_marker_child to None
[2021-07-14 20:19:37,184] {logging_mixin.py:104} INFO - [2021-07-14 20:19:37,184] {dag.py:2306} INFO - Setting next_dagrun for example_external_task_marker_parent to None
[2021-07-14 20:19:37,198] {scheduler_job.py:190} INFO - Processing /home/airflow/.local/lib/python3.6/site-packages/airflow/example_dags/example_external_task_marker_dag.py took 0.318 seconds
[2021-07-14 20:20:07,400] {scheduler_job.py:182} INFO - Started process (PID=2657) to work on /home/airflow/.local/lib/python3.6/site-packages/airflow/example_dags/example_external_task_marker_dag.py
[2021-07-14 20:20:07,403] {scheduler_job.py:633} INFO - Processing file /home/airflow/.local/lib/python3.6/site-packages/airflow/example_dags/example_external_task_marker_dag.py for tasks to queue
[2021-07-14 20:20:07,405] {logging_mixin.py:104} INFO - [2021-07-14 20:20:07,404] {dagbag.py:496} INFO - Filling up the DagBag from /home/airflow/.local/lib/python3.6/site-packages/airflow/example_dags/example_external_task_marker_dag.py
[2021-07-14 20:20:07,445] {scheduler_job.py:643} INFO - DAG(s) dict_keys(['example_external_task_marker_parent', 'example_external_task_marker_child']) retrieved from /home/airflow/.local/lib/python3.6/site-packages/airflow/example_dags/example_external_task_marker_dag.py
[2021-07-14 20:20:07,518] {logging_mixin.py:104} INFO - [2021-07-14 20:20:07,518] {dag.py:1833} INFO - Sync 2 DAGs
[2021-07-14 20:20:07,547] {logging_mixin.py:104} INFO - [2021-07-14 20:20:07,546] {dag.py:2306} INFO - Setting next_dagrun for example_external_task_marker_child to None
[2021-07-14 20:20:07,548] {logging_mixin.py:104} INFO - [2021-07-14 20:20:07,548] {dag.py:2306} INFO - Setting next_dagrun for example_external_task_marker_parent to None
[2021-07-14 20:20:07,571] {scheduler_job.py:190} INFO - Processing /home/airflow/.local/lib/python3.6/site-packages/airflow/example_dags/example_external_task_marker_dag.py took 0.176 seconds
[2021-07-14 20:20:37,746] {scheduler_job.py:182} INFO - Started process (PID=2710) to work on /home/airflow/.local/lib/python3.6/site-packages/airflow/example_dags/example_external_task_marker_dag.py
[2021-07-14 20:20:37,747] {scheduler_job.py:633} INFO - Processing file /home/airflow/.local/lib/python3.6/site-packages/airflow/example_dags/example_external_task_marker_dag.py for tasks to queue
[2021-07-14 20:20:37,748] {logging_mixin.py:104} INFO - [2021-07-14 20:20:37,748] {dagbag.py:496} INFO - Filling up the DagBag from /home/airflow/.local/lib/python3.6/site-packages/airflow/example_dags/example_external_task_marker_dag.py
[2021-07-14 20:20:37,762] {scheduler_job.py:643} INFO - DAG(s) dict_keys(['example_external_task_marker_parent', 'example_external_task_marker_child']) retrieved from /home/airflow/.local/lib/python3.6/site-packages/airflow/example_dags/example_external_task_marker_dag.py
[2021-07-14 20:20:37,798] {logging_mixin.py:104} INFO - [2021-07-14 20:20:37,797] {dag.py:1833} INFO - Sync 2 DAGs
[2021-07-14 20:20:37,823] {logging_mixin.py:104} INFO - [2021-07-14 20:20:37,823] {dag.py:2306} INFO - Setting next_dagrun for example_external_task_marker_child to None
[2021-07-14 20:20:37,825] {logging_mixin.py:104} INFO - [2021-07-14 20:20:37,825] {dag.py:2306} INFO - Setting next_dagrun for example_external_task_marker_parent to None
[2021-07-14 20:20:37,843] {scheduler_job.py:190} INFO - Processing /home/airflow/.local/lib/python3.6/site-packages/airflow/example_dags/example_external_task_marker_dag.py took 0.100 seconds
[2021-07-14 20:21:08,256] {scheduler_job.py:182} INFO - Started process (PID=2775) to work on /home/airflow/.local/lib/python3.6/site-packages/airflow/example_dags/example_external_task_marker_dag.py
[2021-07-14 20:21:08,258] {scheduler_job.py:633} INFO - Processing file /home/airflow/.local/lib/python3.6/site-packages/airflow/example_dags/example_external_task_marker_dag.py for tasks to queue
[2021-07-14 20:21:08,259] {logging_mixin.py:104} INFO - [2021-07-14 20:21:08,259] {dagbag.py:496} INFO - Filling up the DagBag from /home/airflow/.local/lib/python3.6/site-packages/airflow/example_dags/example_external_task_marker_dag.py
[2021-07-14 20:21:08,279] {scheduler_job.py:643} INFO - DAG(s) dict_keys(['example_external_task_marker_parent', 'example_external_task_marker_child']) retrieved from /home/airflow/.local/lib/python3.6/site-packages/airflow/example_dags/example_external_task_marker_dag.py
[2021-07-14 20:21:08,313] {logging_mixin.py:104} INFO - [2021-07-14 20:21:08,313] {dag.py:1833} INFO - Sync 2 DAGs
[2021-07-14 20:21:08,337] {logging_mixin.py:104} INFO - [2021-07-14 20:21:08,337] {dag.py:2306} INFO - Setting next_dagrun for example_external_task_marker_child to None
[2021-07-14 20:21:08,338] {logging_mixin.py:104} INFO - [2021-07-14 20:21:08,338] {dag.py:2306} INFO - Setting next_dagrun for example_external_task_marker_parent to None
[2021-07-14 20:21:08,353] {scheduler_job.py:190} INFO - Processing /home/airflow/.local/lib/python3.6/site-packages/airflow/example_dags/example_external_task_marker_dag.py took 0.102 seconds
[2021-07-14 20:21:39,162] {scheduler_job.py:182} INFO - Started process (PID=2837) to work on /home/airflow/.local/lib/python3.6/site-packages/airflow/example_dags/example_external_task_marker_dag.py
[2021-07-14 20:21:39,168] {scheduler_job.py:633} INFO - Processing file /home/airflow/.local/lib/python3.6/site-packages/airflow/example_dags/example_external_task_marker_dag.py for tasks to queue
[2021-07-14 20:21:39,169] {logging_mixin.py:104} INFO - [2021-07-14 20:21:39,169] {dagbag.py:496} INFO - Filling up the DagBag from /home/airflow/.local/lib/python3.6/site-packages/airflow/example_dags/example_external_task_marker_dag.py
[2021-07-14 20:21:39,196] {scheduler_job.py:643} INFO - DAG(s) dict_keys(['example_external_task_marker_parent', 'example_external_task_marker_child']) retrieved from /home/airflow/.local/lib/python3.6/site-packages/airflow/example_dags/example_external_task_marker_dag.py
[2021-07-14 20:21:39,710] {logging_mixin.py:104} INFO - [2021-07-14 20:21:39,709] {dag.py:1833} INFO - Sync 2 DAGs
[2021-07-14 20:21:39,736] {logging_mixin.py:104} INFO - [2021-07-14 20:21:39,735] {dag.py:2306} INFO - Setting next_dagrun for example_external_task_marker_child to None
[2021-07-14 20:21:39,737] {logging_mixin.py:104} INFO - [2021-07-14 20:21:39,737] {dag.py:2306} INFO - Setting next_dagrun for example_external_task_marker_parent to None
[2021-07-14 20:21:39,758] {scheduler_job.py:190} INFO - Processing /home/airflow/.local/lib/python3.6/site-packages/airflow/example_dags/example_external_task_marker_dag.py took 0.601 seconds
[2021-07-14 20:22:10,680] {scheduler_job.py:182} INFO - Started process (PID=2895) to work on /home/airflow/.local/lib/python3.6/site-packages/airflow/example_dags/example_external_task_marker_dag.py
[2021-07-14 20:22:10,682] {scheduler_job.py:633} INFO - Processing file /home/airflow/.local/lib/python3.6/site-packages/airflow/example_dags/example_external_task_marker_dag.py for tasks to queue
[2021-07-14 20:22:10,683] {logging_mixin.py:104} INFO - [2021-07-14 20:22:10,683] {dagbag.py:496} INFO - Filling up the DagBag from /home/airflow/.local/lib/python3.6/site-packages/airflow/example_dags/example_external_task_marker_dag.py
[2021-07-14 20:22:10,696] {scheduler_job.py:643} INFO - DAG(s) dict_keys(['example_external_task_marker_parent', 'example_external_task_marker_child']) retrieved from /home/airflow/.local/lib/python3.6/site-packages/airflow/example_dags/example_external_task_marker_dag.py
[2021-07-14 20:22:10,724] {logging_mixin.py:104} INFO - [2021-07-14 20:22:10,724] {dag.py:1833} INFO - Sync 2 DAGs
[2021-07-14 20:22:10,742] {logging_mixin.py:104} INFO - [2021-07-14 20:22:10,742] {dag.py:2306} INFO - Setting next_dagrun for example_external_task_marker_child to None
[2021-07-14 20:22:10,743] {logging_mixin.py:104} INFO - [2021-07-14 20:22:10,743] {dag.py:2306} INFO - Setting next_dagrun for example_external_task_marker_parent to None
[2021-07-14 20:22:10,753] {scheduler_job.py:190} INFO - Processing /home/airflow/.local/lib/python3.6/site-packages/airflow/example_dags/example_external_task_marker_dag.py took 0.077 seconds
