[2021-07-14 19:04:53,486] {scheduler_job.py:182} INFO - Started process (PID=27) to work on /home/airflow/.local/lib/python3.6/site-packages/airflow/example_dags/example_trigger_target_dag.py
[2021-07-14 19:04:53,488] {scheduler_job.py:633} INFO - Processing file /home/airflow/.local/lib/python3.6/site-packages/airflow/example_dags/example_trigger_target_dag.py for tasks to queue
[2021-07-14 19:04:53,491] {logging_mixin.py:104} INFO - [2021-07-14 19:04:53,490] {dagbag.py:496} INFO - Filling up the DagBag from /home/airflow/.local/lib/python3.6/site-packages/airflow/example_dags/example_trigger_target_dag.py
[2021-07-14 19:04:53,561] {scheduler_job.py:643} INFO - DAG(s) dict_keys(['example_trigger_target_dag']) retrieved from /home/airflow/.local/lib/python3.6/site-packages/airflow/example_dags/example_trigger_target_dag.py
[2021-07-14 19:04:54,385] {logging_mixin.py:104} INFO - [2021-07-14 19:04:54,385] {dag.py:1833} INFO - Sync 1 DAGs
[2021-07-14 19:04:54,440] {logging_mixin.py:104} INFO - [2021-07-14 19:04:54,440] {dag.py:2306} INFO - Setting next_dagrun for example_trigger_target_dag to None
[2021-07-14 19:04:54,475] {scheduler_job.py:190} INFO - Processing /home/airflow/.local/lib/python3.6/site-packages/airflow/example_dags/example_trigger_target_dag.py took 0.995 seconds
[2021-07-14 19:05:24,746] {scheduler_job.py:182} INFO - Started process (PID=88) to work on /home/airflow/.local/lib/python3.6/site-packages/airflow/example_dags/example_trigger_target_dag.py
[2021-07-14 19:05:24,748] {scheduler_job.py:633} INFO - Processing file /home/airflow/.local/lib/python3.6/site-packages/airflow/example_dags/example_trigger_target_dag.py for tasks to queue
[2021-07-14 19:05:24,749] {logging_mixin.py:104} INFO - [2021-07-14 19:05:24,749] {dagbag.py:496} INFO - Filling up the DagBag from /home/airflow/.local/lib/python3.6/site-packages/airflow/example_dags/example_trigger_target_dag.py
[2021-07-14 19:05:24,787] {scheduler_job.py:643} INFO - DAG(s) dict_keys(['example_trigger_target_dag']) retrieved from /home/airflow/.local/lib/python3.6/site-packages/airflow/example_dags/example_trigger_target_dag.py
[2021-07-14 19:05:24,828] {logging_mixin.py:104} INFO - [2021-07-14 19:05:24,828] {dag.py:1833} INFO - Sync 1 DAGs
[2021-07-14 19:05:24,878] {logging_mixin.py:104} INFO - [2021-07-14 19:05:24,878] {dag.py:2306} INFO - Setting next_dagrun for example_trigger_target_dag to None
[2021-07-14 19:05:24,904] {scheduler_job.py:190} INFO - Processing /home/airflow/.local/lib/python3.6/site-packages/airflow/example_dags/example_trigger_target_dag.py took 0.163 seconds
[2021-07-14 19:05:55,378] {scheduler_job.py:182} INFO - Started process (PID=142) to work on /home/airflow/.local/lib/python3.6/site-packages/airflow/example_dags/example_trigger_target_dag.py
[2021-07-14 19:05:55,390] {scheduler_job.py:633} INFO - Processing file /home/airflow/.local/lib/python3.6/site-packages/airflow/example_dags/example_trigger_target_dag.py for tasks to queue
[2021-07-14 19:05:55,392] {logging_mixin.py:104} INFO - [2021-07-14 19:05:55,392] {dagbag.py:496} INFO - Filling up the DagBag from /home/airflow/.local/lib/python3.6/site-packages/airflow/example_dags/example_trigger_target_dag.py
[2021-07-14 19:05:55,432] {scheduler_job.py:643} INFO - DAG(s) dict_keys(['example_trigger_target_dag']) retrieved from /home/airflow/.local/lib/python3.6/site-packages/airflow/example_dags/example_trigger_target_dag.py
[2021-07-14 19:05:55,480] {logging_mixin.py:104} INFO - [2021-07-14 19:05:55,479] {dag.py:1833} INFO - Sync 1 DAGs
[2021-07-14 19:05:55,516] {logging_mixin.py:104} INFO - [2021-07-14 19:05:55,516] {dag.py:2306} INFO - Setting next_dagrun for example_trigger_target_dag to None
[2021-07-14 19:05:55,546] {scheduler_job.py:190} INFO - Processing /home/airflow/.local/lib/python3.6/site-packages/airflow/example_dags/example_trigger_target_dag.py took 0.175 seconds
[2021-07-14 19:06:25,622] {scheduler_job.py:182} INFO - Started process (PID=194) to work on /home/airflow/.local/lib/python3.6/site-packages/airflow/example_dags/example_trigger_target_dag.py
[2021-07-14 19:06:25,623] {scheduler_job.py:633} INFO - Processing file /home/airflow/.local/lib/python3.6/site-packages/airflow/example_dags/example_trigger_target_dag.py for tasks to queue
[2021-07-14 19:06:25,624] {logging_mixin.py:104} INFO - [2021-07-14 19:06:25,624] {dagbag.py:496} INFO - Filling up the DagBag from /home/airflow/.local/lib/python3.6/site-packages/airflow/example_dags/example_trigger_target_dag.py
[2021-07-14 19:06:25,647] {scheduler_job.py:643} INFO - DAG(s) dict_keys(['example_trigger_target_dag']) retrieved from /home/airflow/.local/lib/python3.6/site-packages/airflow/example_dags/example_trigger_target_dag.py
[2021-07-14 19:06:25,677] {logging_mixin.py:104} INFO - [2021-07-14 19:06:25,677] {dag.py:1833} INFO - Sync 1 DAGs
[2021-07-14 19:06:25,696] {logging_mixin.py:104} INFO - [2021-07-14 19:06:25,696] {dag.py:2306} INFO - Setting next_dagrun for example_trigger_target_dag to None
[2021-07-14 19:06:25,710] {scheduler_job.py:190} INFO - Processing /home/airflow/.local/lib/python3.6/site-packages/airflow/example_dags/example_trigger_target_dag.py took 0.091 seconds
[2021-07-14 19:06:55,937] {scheduler_job.py:182} INFO - Started process (PID=257) to work on /home/airflow/.local/lib/python3.6/site-packages/airflow/example_dags/example_trigger_target_dag.py
[2021-07-14 19:06:55,939] {scheduler_job.py:633} INFO - Processing file /home/airflow/.local/lib/python3.6/site-packages/airflow/example_dags/example_trigger_target_dag.py for tasks to queue
[2021-07-14 19:06:55,940] {logging_mixin.py:104} INFO - [2021-07-14 19:06:55,940] {dagbag.py:496} INFO - Filling up the DagBag from /home/airflow/.local/lib/python3.6/site-packages/airflow/example_dags/example_trigger_target_dag.py
[2021-07-14 19:06:55,973] {scheduler_job.py:643} INFO - DAG(s) dict_keys(['example_trigger_target_dag']) retrieved from /home/airflow/.local/lib/python3.6/site-packages/airflow/example_dags/example_trigger_target_dag.py
[2021-07-14 19:06:56,008] {logging_mixin.py:104} INFO - [2021-07-14 19:06:56,008] {dag.py:1833} INFO - Sync 1 DAGs
[2021-07-14 19:06:56,039] {logging_mixin.py:104} INFO - [2021-07-14 19:06:56,039] {dag.py:2306} INFO - Setting next_dagrun for example_trigger_target_dag to None
[2021-07-14 19:06:56,056] {scheduler_job.py:190} INFO - Processing /home/airflow/.local/lib/python3.6/site-packages/airflow/example_dags/example_trigger_target_dag.py took 0.124 seconds
[2021-07-14 19:07:26,816] {scheduler_job.py:182} INFO - Started process (PID=311) to work on /home/airflow/.local/lib/python3.6/site-packages/airflow/example_dags/example_trigger_target_dag.py
[2021-07-14 19:07:26,823] {scheduler_job.py:633} INFO - Processing file /home/airflow/.local/lib/python3.6/site-packages/airflow/example_dags/example_trigger_target_dag.py for tasks to queue
[2021-07-14 19:07:26,824] {logging_mixin.py:104} INFO - [2021-07-14 19:07:26,824] {dagbag.py:496} INFO - Filling up the DagBag from /home/airflow/.local/lib/python3.6/site-packages/airflow/example_dags/example_trigger_target_dag.py
[2021-07-14 19:07:26,838] {scheduler_job.py:643} INFO - DAG(s) dict_keys(['example_trigger_target_dag']) retrieved from /home/airflow/.local/lib/python3.6/site-packages/airflow/example_dags/example_trigger_target_dag.py
[2021-07-14 19:07:26,863] {logging_mixin.py:104} INFO - [2021-07-14 19:07:26,863] {dag.py:1833} INFO - Sync 1 DAGs
[2021-07-14 19:07:26,890] {logging_mixin.py:104} INFO - [2021-07-14 19:07:26,890] {dag.py:2306} INFO - Setting next_dagrun for example_trigger_target_dag to None
[2021-07-14 19:07:26,903] {scheduler_job.py:190} INFO - Processing /home/airflow/.local/lib/python3.6/site-packages/airflow/example_dags/example_trigger_target_dag.py took 0.090 seconds
[2021-07-14 19:08:54,900] {scheduler_job.py:182} INFO - Started process (PID=26) to work on /home/airflow/.local/lib/python3.6/site-packages/airflow/example_dags/example_trigger_target_dag.py
[2021-07-14 19:08:54,901] {scheduler_job.py:633} INFO - Processing file /home/airflow/.local/lib/python3.6/site-packages/airflow/example_dags/example_trigger_target_dag.py for tasks to queue
[2021-07-14 19:08:54,902] {logging_mixin.py:104} INFO - [2021-07-14 19:08:54,902] {dagbag.py:496} INFO - Filling up the DagBag from /home/airflow/.local/lib/python3.6/site-packages/airflow/example_dags/example_trigger_target_dag.py
[2021-07-14 19:08:54,922] {scheduler_job.py:643} INFO - DAG(s) dict_keys(['example_trigger_target_dag']) retrieved from /home/airflow/.local/lib/python3.6/site-packages/airflow/example_dags/example_trigger_target_dag.py
[2021-07-14 19:08:54,947] {logging_mixin.py:104} INFO - [2021-07-14 19:08:54,946] {dag.py:1833} INFO - Sync 1 DAGs
[2021-07-14 19:08:54,974] {logging_mixin.py:104} INFO - [2021-07-14 19:08:54,973] {dag.py:2306} INFO - Setting next_dagrun for example_trigger_target_dag to None
[2021-07-14 19:08:55,000] {scheduler_job.py:190} INFO - Processing /home/airflow/.local/lib/python3.6/site-packages/airflow/example_dags/example_trigger_target_dag.py took 0.103 seconds
[2021-07-14 19:09:26,023] {scheduler_job.py:182} INFO - Started process (PID=88) to work on /home/airflow/.local/lib/python3.6/site-packages/airflow/example_dags/example_trigger_target_dag.py
[2021-07-14 19:09:26,025] {scheduler_job.py:633} INFO - Processing file /home/airflow/.local/lib/python3.6/site-packages/airflow/example_dags/example_trigger_target_dag.py for tasks to queue
[2021-07-14 19:09:26,026] {logging_mixin.py:104} INFO - [2021-07-14 19:09:26,026] {dagbag.py:496} INFO - Filling up the DagBag from /home/airflow/.local/lib/python3.6/site-packages/airflow/example_dags/example_trigger_target_dag.py
[2021-07-14 19:09:26,060] {scheduler_job.py:643} INFO - DAG(s) dict_keys(['example_trigger_target_dag']) retrieved from /home/airflow/.local/lib/python3.6/site-packages/airflow/example_dags/example_trigger_target_dag.py
[2021-07-14 19:09:26,092] {logging_mixin.py:104} INFO - [2021-07-14 19:09:26,092] {dag.py:1833} INFO - Sync 1 DAGs
[2021-07-14 19:09:26,116] {logging_mixin.py:104} INFO - [2021-07-14 19:09:26,116] {dag.py:2306} INFO - Setting next_dagrun for example_trigger_target_dag to None
[2021-07-14 19:09:26,143] {scheduler_job.py:190} INFO - Processing /home/airflow/.local/lib/python3.6/site-packages/airflow/example_dags/example_trigger_target_dag.py took 0.126 seconds
[2021-07-14 19:09:57,019] {scheduler_job.py:182} INFO - Started process (PID=145) to work on /home/airflow/.local/lib/python3.6/site-packages/airflow/example_dags/example_trigger_target_dag.py
[2021-07-14 19:09:57,021] {scheduler_job.py:633} INFO - Processing file /home/airflow/.local/lib/python3.6/site-packages/airflow/example_dags/example_trigger_target_dag.py for tasks to queue
[2021-07-14 19:09:57,021] {logging_mixin.py:104} INFO - [2021-07-14 19:09:57,021] {dagbag.py:496} INFO - Filling up the DagBag from /home/airflow/.local/lib/python3.6/site-packages/airflow/example_dags/example_trigger_target_dag.py
[2021-07-14 19:09:57,039] {scheduler_job.py:643} INFO - DAG(s) dict_keys(['example_trigger_target_dag']) retrieved from /home/airflow/.local/lib/python3.6/site-packages/airflow/example_dags/example_trigger_target_dag.py
[2021-07-14 19:09:57,060] {logging_mixin.py:104} INFO - [2021-07-14 19:09:57,060] {dag.py:1833} INFO - Sync 1 DAGs
[2021-07-14 19:09:57,078] {logging_mixin.py:104} INFO - [2021-07-14 19:09:57,078] {dag.py:2306} INFO - Setting next_dagrun for example_trigger_target_dag to None
[2021-07-14 19:09:57,090] {scheduler_job.py:190} INFO - Processing /home/airflow/.local/lib/python3.6/site-packages/airflow/example_dags/example_trigger_target_dag.py took 0.074 seconds
[2021-07-14 19:10:27,412] {scheduler_job.py:182} INFO - Started process (PID=204) to work on /home/airflow/.local/lib/python3.6/site-packages/airflow/example_dags/example_trigger_target_dag.py
[2021-07-14 19:10:27,414] {scheduler_job.py:633} INFO - Processing file /home/airflow/.local/lib/python3.6/site-packages/airflow/example_dags/example_trigger_target_dag.py for tasks to queue
[2021-07-14 19:10:27,416] {logging_mixin.py:104} INFO - [2021-07-14 19:10:27,415] {dagbag.py:496} INFO - Filling up the DagBag from /home/airflow/.local/lib/python3.6/site-packages/airflow/example_dags/example_trigger_target_dag.py
[2021-07-14 19:10:27,448] {scheduler_job.py:643} INFO - DAG(s) dict_keys(['example_trigger_target_dag']) retrieved from /home/airflow/.local/lib/python3.6/site-packages/airflow/example_dags/example_trigger_target_dag.py
[2021-07-14 19:10:27,484] {logging_mixin.py:104} INFO - [2021-07-14 19:10:27,484] {dag.py:1833} INFO - Sync 1 DAGs
[2021-07-14 19:10:27,511] {logging_mixin.py:104} INFO - [2021-07-14 19:10:27,511] {dag.py:2306} INFO - Setting next_dagrun for example_trigger_target_dag to None
[2021-07-14 19:10:27,531] {scheduler_job.py:190} INFO - Processing /home/airflow/.local/lib/python3.6/site-packages/airflow/example_dags/example_trigger_target_dag.py took 0.124 seconds
[2021-07-14 19:10:58,233] {scheduler_job.py:182} INFO - Started process (PID=267) to work on /home/airflow/.local/lib/python3.6/site-packages/airflow/example_dags/example_trigger_target_dag.py
[2021-07-14 19:10:58,235] {scheduler_job.py:633} INFO - Processing file /home/airflow/.local/lib/python3.6/site-packages/airflow/example_dags/example_trigger_target_dag.py for tasks to queue
[2021-07-14 19:10:58,235] {logging_mixin.py:104} INFO - [2021-07-14 19:10:58,235] {dagbag.py:496} INFO - Filling up the DagBag from /home/airflow/.local/lib/python3.6/site-packages/airflow/example_dags/example_trigger_target_dag.py
[2021-07-14 19:10:58,268] {scheduler_job.py:643} INFO - DAG(s) dict_keys(['example_trigger_target_dag']) retrieved from /home/airflow/.local/lib/python3.6/site-packages/airflow/example_dags/example_trigger_target_dag.py
[2021-07-14 19:10:58,322] {logging_mixin.py:104} INFO - [2021-07-14 19:10:58,321] {dag.py:1833} INFO - Sync 1 DAGs
[2021-07-14 19:10:58,363] {logging_mixin.py:104} INFO - [2021-07-14 19:10:58,362] {dag.py:2306} INFO - Setting next_dagrun for example_trigger_target_dag to None
[2021-07-14 19:10:58,394] {scheduler_job.py:190} INFO - Processing /home/airflow/.local/lib/python3.6/site-packages/airflow/example_dags/example_trigger_target_dag.py took 0.164 seconds
[2021-07-14 19:11:28,842] {scheduler_job.py:182} INFO - Started process (PID=320) to work on /home/airflow/.local/lib/python3.6/site-packages/airflow/example_dags/example_trigger_target_dag.py
[2021-07-14 19:11:28,850] {scheduler_job.py:633} INFO - Processing file /home/airflow/.local/lib/python3.6/site-packages/airflow/example_dags/example_trigger_target_dag.py for tasks to queue
[2021-07-14 19:11:28,850] {logging_mixin.py:104} INFO - [2021-07-14 19:11:28,850] {dagbag.py:496} INFO - Filling up the DagBag from /home/airflow/.local/lib/python3.6/site-packages/airflow/example_dags/example_trigger_target_dag.py
[2021-07-14 19:11:28,869] {scheduler_job.py:643} INFO - DAG(s) dict_keys(['example_trigger_target_dag']) retrieved from /home/airflow/.local/lib/python3.6/site-packages/airflow/example_dags/example_trigger_target_dag.py
[2021-07-14 19:11:28,895] {logging_mixin.py:104} INFO - [2021-07-14 19:11:28,895] {dag.py:1833} INFO - Sync 1 DAGs
[2021-07-14 19:11:28,921] {logging_mixin.py:104} INFO - [2021-07-14 19:11:28,921] {dag.py:2306} INFO - Setting next_dagrun for example_trigger_target_dag to None
[2021-07-14 19:11:28,939] {scheduler_job.py:190} INFO - Processing /home/airflow/.local/lib/python3.6/site-packages/airflow/example_dags/example_trigger_target_dag.py took 0.101 seconds
[2021-07-14 19:11:59,657] {scheduler_job.py:182} INFO - Started process (PID=384) to work on /home/airflow/.local/lib/python3.6/site-packages/airflow/example_dags/example_trigger_target_dag.py
[2021-07-14 19:11:59,658] {scheduler_job.py:633} INFO - Processing file /home/airflow/.local/lib/python3.6/site-packages/airflow/example_dags/example_trigger_target_dag.py for tasks to queue
[2021-07-14 19:11:59,658] {logging_mixin.py:104} INFO - [2021-07-14 19:11:59,658] {dagbag.py:496} INFO - Filling up the DagBag from /home/airflow/.local/lib/python3.6/site-packages/airflow/example_dags/example_trigger_target_dag.py
[2021-07-14 19:11:59,671] {scheduler_job.py:643} INFO - DAG(s) dict_keys(['example_trigger_target_dag']) retrieved from /home/airflow/.local/lib/python3.6/site-packages/airflow/example_dags/example_trigger_target_dag.py
[2021-07-14 19:11:59,698] {logging_mixin.py:104} INFO - [2021-07-14 19:11:59,698] {dag.py:1833} INFO - Sync 1 DAGs
[2021-07-14 19:11:59,721] {logging_mixin.py:104} INFO - [2021-07-14 19:11:59,721] {dag.py:2306} INFO - Setting next_dagrun for example_trigger_target_dag to None
[2021-07-14 19:11:59,739] {scheduler_job.py:190} INFO - Processing /home/airflow/.local/lib/python3.6/site-packages/airflow/example_dags/example_trigger_target_dag.py took 0.085 seconds
[2021-07-14 19:12:30,446] {scheduler_job.py:182} INFO - Started process (PID=437) to work on /home/airflow/.local/lib/python3.6/site-packages/airflow/example_dags/example_trigger_target_dag.py
[2021-07-14 19:12:30,448] {scheduler_job.py:633} INFO - Processing file /home/airflow/.local/lib/python3.6/site-packages/airflow/example_dags/example_trigger_target_dag.py for tasks to queue
[2021-07-14 19:12:30,449] {logging_mixin.py:104} INFO - [2021-07-14 19:12:30,448] {dagbag.py:496} INFO - Filling up the DagBag from /home/airflow/.local/lib/python3.6/site-packages/airflow/example_dags/example_trigger_target_dag.py
[2021-07-14 19:12:30,469] {scheduler_job.py:643} INFO - DAG(s) dict_keys(['example_trigger_target_dag']) retrieved from /home/airflow/.local/lib/python3.6/site-packages/airflow/example_dags/example_trigger_target_dag.py
[2021-07-14 19:12:30,511] {logging_mixin.py:104} INFO - [2021-07-14 19:12:30,511] {dag.py:1833} INFO - Sync 1 DAGs
[2021-07-14 19:12:30,535] {logging_mixin.py:104} INFO - [2021-07-14 19:12:30,535] {dag.py:2306} INFO - Setting next_dagrun for example_trigger_target_dag to None
[2021-07-14 19:12:30,548] {scheduler_job.py:190} INFO - Processing /home/airflow/.local/lib/python3.6/site-packages/airflow/example_dags/example_trigger_target_dag.py took 0.104 seconds
[2021-07-14 19:57:41,777] {scheduler_job.py:182} INFO - Started process (PID=26) to work on /home/airflow/.local/lib/python3.6/site-packages/airflow/example_dags/example_trigger_target_dag.py
[2021-07-14 19:57:41,779] {scheduler_job.py:633} INFO - Processing file /home/airflow/.local/lib/python3.6/site-packages/airflow/example_dags/example_trigger_target_dag.py for tasks to queue
[2021-07-14 19:57:41,781] {logging_mixin.py:104} INFO - [2021-07-14 19:57:41,780] {dagbag.py:496} INFO - Filling up the DagBag from /home/airflow/.local/lib/python3.6/site-packages/airflow/example_dags/example_trigger_target_dag.py
[2021-07-14 19:57:41,813] {scheduler_job.py:643} INFO - DAG(s) dict_keys(['example_trigger_target_dag']) retrieved from /home/airflow/.local/lib/python3.6/site-packages/airflow/example_dags/example_trigger_target_dag.py
[2021-07-14 19:57:41,894] {logging_mixin.py:104} INFO - [2021-07-14 19:57:41,893] {dag.py:1833} INFO - Sync 1 DAGs
[2021-07-14 19:57:41,927] {logging_mixin.py:104} INFO - [2021-07-14 19:57:41,927] {dag.py:2306} INFO - Setting next_dagrun for example_trigger_target_dag to None
[2021-07-14 19:57:41,949] {scheduler_job.py:190} INFO - Processing /home/airflow/.local/lib/python3.6/site-packages/airflow/example_dags/example_trigger_target_dag.py took 0.179 seconds
[2021-07-14 19:58:12,679] {scheduler_job.py:182} INFO - Started process (PID=79) to work on /home/airflow/.local/lib/python3.6/site-packages/airflow/example_dags/example_trigger_target_dag.py
[2021-07-14 19:58:12,681] {scheduler_job.py:633} INFO - Processing file /home/airflow/.local/lib/python3.6/site-packages/airflow/example_dags/example_trigger_target_dag.py for tasks to queue
[2021-07-14 19:58:12,682] {logging_mixin.py:104} INFO - [2021-07-14 19:58:12,682] {dagbag.py:496} INFO - Filling up the DagBag from /home/airflow/.local/lib/python3.6/site-packages/airflow/example_dags/example_trigger_target_dag.py
[2021-07-14 19:58:12,712] {scheduler_job.py:643} INFO - DAG(s) dict_keys(['example_trigger_target_dag']) retrieved from /home/airflow/.local/lib/python3.6/site-packages/airflow/example_dags/example_trigger_target_dag.py
[2021-07-14 19:58:12,749] {logging_mixin.py:104} INFO - [2021-07-14 19:58:12,749] {dag.py:1833} INFO - Sync 1 DAGs
[2021-07-14 19:58:12,775] {logging_mixin.py:104} INFO - [2021-07-14 19:58:12,775] {dag.py:2306} INFO - Setting next_dagrun for example_trigger_target_dag to None
[2021-07-14 19:58:12,791] {scheduler_job.py:190} INFO - Processing /home/airflow/.local/lib/python3.6/site-packages/airflow/example_dags/example_trigger_target_dag.py took 0.117 seconds
[2021-07-14 19:58:43,810] {scheduler_job.py:182} INFO - Started process (PID=144) to work on /home/airflow/.local/lib/python3.6/site-packages/airflow/example_dags/example_trigger_target_dag.py
[2021-07-14 19:58:43,812] {scheduler_job.py:633} INFO - Processing file /home/airflow/.local/lib/python3.6/site-packages/airflow/example_dags/example_trigger_target_dag.py for tasks to queue
[2021-07-14 19:58:43,813] {logging_mixin.py:104} INFO - [2021-07-14 19:58:43,813] {dagbag.py:496} INFO - Filling up the DagBag from /home/airflow/.local/lib/python3.6/site-packages/airflow/example_dags/example_trigger_target_dag.py
[2021-07-14 19:58:43,835] {scheduler_job.py:643} INFO - DAG(s) dict_keys(['example_trigger_target_dag']) retrieved from /home/airflow/.local/lib/python3.6/site-packages/airflow/example_dags/example_trigger_target_dag.py
[2021-07-14 19:58:43,861] {logging_mixin.py:104} INFO - [2021-07-14 19:58:43,860] {dag.py:1833} INFO - Sync 1 DAGs
[2021-07-14 19:58:43,881] {logging_mixin.py:104} INFO - [2021-07-14 19:58:43,881] {dag.py:2306} INFO - Setting next_dagrun for example_trigger_target_dag to None
[2021-07-14 19:58:43,893] {scheduler_job.py:190} INFO - Processing /home/airflow/.local/lib/python3.6/site-packages/airflow/example_dags/example_trigger_target_dag.py took 0.087 seconds
[2021-07-14 19:59:14,452] {scheduler_job.py:182} INFO - Started process (PID=206) to work on /home/airflow/.local/lib/python3.6/site-packages/airflow/example_dags/example_trigger_target_dag.py
[2021-07-14 19:59:14,453] {scheduler_job.py:633} INFO - Processing file /home/airflow/.local/lib/python3.6/site-packages/airflow/example_dags/example_trigger_target_dag.py for tasks to queue
[2021-07-14 19:59:14,454] {logging_mixin.py:104} INFO - [2021-07-14 19:59:14,454] {dagbag.py:496} INFO - Filling up the DagBag from /home/airflow/.local/lib/python3.6/site-packages/airflow/example_dags/example_trigger_target_dag.py
[2021-07-14 19:59:14,483] {scheduler_job.py:643} INFO - DAG(s) dict_keys(['example_trigger_target_dag']) retrieved from /home/airflow/.local/lib/python3.6/site-packages/airflow/example_dags/example_trigger_target_dag.py
[2021-07-14 19:59:14,515] {logging_mixin.py:104} INFO - [2021-07-14 19:59:14,514] {dag.py:1833} INFO - Sync 1 DAGs
[2021-07-14 19:59:14,535] {logging_mixin.py:104} INFO - [2021-07-14 19:59:14,535] {dag.py:2306} INFO - Setting next_dagrun for example_trigger_target_dag to None
[2021-07-14 19:59:14,549] {scheduler_job.py:190} INFO - Processing /home/airflow/.local/lib/python3.6/site-packages/airflow/example_dags/example_trigger_target_dag.py took 0.101 seconds
[2021-07-14 19:59:45,426] {scheduler_job.py:182} INFO - Started process (PID=263) to work on /home/airflow/.local/lib/python3.6/site-packages/airflow/example_dags/example_trigger_target_dag.py
[2021-07-14 19:59:45,427] {scheduler_job.py:633} INFO - Processing file /home/airflow/.local/lib/python3.6/site-packages/airflow/example_dags/example_trigger_target_dag.py for tasks to queue
[2021-07-14 19:59:45,428] {logging_mixin.py:104} INFO - [2021-07-14 19:59:45,428] {dagbag.py:496} INFO - Filling up the DagBag from /home/airflow/.local/lib/python3.6/site-packages/airflow/example_dags/example_trigger_target_dag.py
[2021-07-14 19:59:45,458] {scheduler_job.py:643} INFO - DAG(s) dict_keys(['example_trigger_target_dag']) retrieved from /home/airflow/.local/lib/python3.6/site-packages/airflow/example_dags/example_trigger_target_dag.py
[2021-07-14 19:59:45,499] {logging_mixin.py:104} INFO - [2021-07-14 19:59:45,499] {dag.py:1833} INFO - Sync 1 DAGs
[2021-07-14 19:59:45,526] {logging_mixin.py:104} INFO - [2021-07-14 19:59:45,525] {dag.py:2306} INFO - Setting next_dagrun for example_trigger_target_dag to None
[2021-07-14 19:59:45,541] {scheduler_job.py:190} INFO - Processing /home/airflow/.local/lib/python3.6/site-packages/airflow/example_dags/example_trigger_target_dag.py took 0.118 seconds
[2021-07-14 20:00:16,230] {scheduler_job.py:182} INFO - Started process (PID=326) to work on /home/airflow/.local/lib/python3.6/site-packages/airflow/example_dags/example_trigger_target_dag.py
[2021-07-14 20:00:16,236] {scheduler_job.py:633} INFO - Processing file /home/airflow/.local/lib/python3.6/site-packages/airflow/example_dags/example_trigger_target_dag.py for tasks to queue
[2021-07-14 20:00:16,236] {logging_mixin.py:104} INFO - [2021-07-14 20:00:16,236] {dagbag.py:496} INFO - Filling up the DagBag from /home/airflow/.local/lib/python3.6/site-packages/airflow/example_dags/example_trigger_target_dag.py
[2021-07-14 20:00:16,248] {scheduler_job.py:643} INFO - DAG(s) dict_keys(['example_trigger_target_dag']) retrieved from /home/airflow/.local/lib/python3.6/site-packages/airflow/example_dags/example_trigger_target_dag.py
[2021-07-14 20:00:16,267] {logging_mixin.py:104} INFO - [2021-07-14 20:00:16,267] {dag.py:1833} INFO - Sync 1 DAGs
[2021-07-14 20:00:16,284] {logging_mixin.py:104} INFO - [2021-07-14 20:00:16,284] {dag.py:2306} INFO - Setting next_dagrun for example_trigger_target_dag to None
[2021-07-14 20:00:16,295] {scheduler_job.py:190} INFO - Processing /home/airflow/.local/lib/python3.6/site-packages/airflow/example_dags/example_trigger_target_dag.py took 0.067 seconds
[2021-07-14 20:00:46,421] {scheduler_job.py:182} INFO - Started process (PID=379) to work on /home/airflow/.local/lib/python3.6/site-packages/airflow/example_dags/example_trigger_target_dag.py
[2021-07-14 20:00:46,422] {scheduler_job.py:633} INFO - Processing file /home/airflow/.local/lib/python3.6/site-packages/airflow/example_dags/example_trigger_target_dag.py for tasks to queue
[2021-07-14 20:00:46,423] {logging_mixin.py:104} INFO - [2021-07-14 20:00:46,423] {dagbag.py:496} INFO - Filling up the DagBag from /home/airflow/.local/lib/python3.6/site-packages/airflow/example_dags/example_trigger_target_dag.py
[2021-07-14 20:00:46,444] {scheduler_job.py:643} INFO - DAG(s) dict_keys(['example_trigger_target_dag']) retrieved from /home/airflow/.local/lib/python3.6/site-packages/airflow/example_dags/example_trigger_target_dag.py
[2021-07-14 20:00:46,475] {logging_mixin.py:104} INFO - [2021-07-14 20:00:46,474] {dag.py:1833} INFO - Sync 1 DAGs
[2021-07-14 20:00:46,498] {logging_mixin.py:104} INFO - [2021-07-14 20:00:46,498] {dag.py:2306} INFO - Setting next_dagrun for example_trigger_target_dag to None
[2021-07-14 20:00:46,512] {scheduler_job.py:190} INFO - Processing /home/airflow/.local/lib/python3.6/site-packages/airflow/example_dags/example_trigger_target_dag.py took 0.097 seconds
[2021-07-14 20:01:16,715] {scheduler_job.py:182} INFO - Started process (PID=441) to work on /home/airflow/.local/lib/python3.6/site-packages/airflow/example_dags/example_trigger_target_dag.py
[2021-07-14 20:01:16,717] {scheduler_job.py:633} INFO - Processing file /home/airflow/.local/lib/python3.6/site-packages/airflow/example_dags/example_trigger_target_dag.py for tasks to queue
[2021-07-14 20:01:16,718] {logging_mixin.py:104} INFO - [2021-07-14 20:01:16,717] {dagbag.py:496} INFO - Filling up the DagBag from /home/airflow/.local/lib/python3.6/site-packages/airflow/example_dags/example_trigger_target_dag.py
[2021-07-14 20:01:16,740] {scheduler_job.py:643} INFO - DAG(s) dict_keys(['example_trigger_target_dag']) retrieved from /home/airflow/.local/lib/python3.6/site-packages/airflow/example_dags/example_trigger_target_dag.py
[2021-07-14 20:01:16,769] {logging_mixin.py:104} INFO - [2021-07-14 20:01:16,768] {dag.py:1833} INFO - Sync 1 DAGs
[2021-07-14 20:01:16,795] {logging_mixin.py:104} INFO - [2021-07-14 20:01:16,794] {dag.py:2306} INFO - Setting next_dagrun for example_trigger_target_dag to None
[2021-07-14 20:01:16,809] {scheduler_job.py:190} INFO - Processing /home/airflow/.local/lib/python3.6/site-packages/airflow/example_dags/example_trigger_target_dag.py took 0.098 seconds
[2021-07-14 20:01:47,354] {scheduler_job.py:182} INFO - Started process (PID=496) to work on /home/airflow/.local/lib/python3.6/site-packages/airflow/example_dags/example_trigger_target_dag.py
[2021-07-14 20:01:47,355] {scheduler_job.py:633} INFO - Processing file /home/airflow/.local/lib/python3.6/site-packages/airflow/example_dags/example_trigger_target_dag.py for tasks to queue
[2021-07-14 20:01:47,355] {logging_mixin.py:104} INFO - [2021-07-14 20:01:47,355] {dagbag.py:496} INFO - Filling up the DagBag from /home/airflow/.local/lib/python3.6/site-packages/airflow/example_dags/example_trigger_target_dag.py
[2021-07-14 20:01:47,369] {scheduler_job.py:643} INFO - DAG(s) dict_keys(['example_trigger_target_dag']) retrieved from /home/airflow/.local/lib/python3.6/site-packages/airflow/example_dags/example_trigger_target_dag.py
[2021-07-14 20:01:47,391] {logging_mixin.py:104} INFO - [2021-07-14 20:01:47,391] {dag.py:1833} INFO - Sync 1 DAGs
[2021-07-14 20:01:47,411] {logging_mixin.py:104} INFO - [2021-07-14 20:01:47,411] {dag.py:2306} INFO - Setting next_dagrun for example_trigger_target_dag to None
[2021-07-14 20:01:47,423] {scheduler_job.py:190} INFO - Processing /home/airflow/.local/lib/python3.6/site-packages/airflow/example_dags/example_trigger_target_dag.py took 0.073 seconds
[2021-07-14 20:02:17,479] {scheduler_job.py:182} INFO - Started process (PID=561) to work on /home/airflow/.local/lib/python3.6/site-packages/airflow/example_dags/example_trigger_target_dag.py
[2021-07-14 20:02:17,481] {scheduler_job.py:633} INFO - Processing file /home/airflow/.local/lib/python3.6/site-packages/airflow/example_dags/example_trigger_target_dag.py for tasks to queue
[2021-07-14 20:02:17,482] {logging_mixin.py:104} INFO - [2021-07-14 20:02:17,481] {dagbag.py:496} INFO - Filling up the DagBag from /home/airflow/.local/lib/python3.6/site-packages/airflow/example_dags/example_trigger_target_dag.py
[2021-07-14 20:02:17,498] {scheduler_job.py:643} INFO - DAG(s) dict_keys(['example_trigger_target_dag']) retrieved from /home/airflow/.local/lib/python3.6/site-packages/airflow/example_dags/example_trigger_target_dag.py
[2021-07-14 20:02:17,525] {logging_mixin.py:104} INFO - [2021-07-14 20:02:17,524] {dag.py:1833} INFO - Sync 1 DAGs
[2021-07-14 20:02:17,546] {logging_mixin.py:104} INFO - [2021-07-14 20:02:17,546] {dag.py:2306} INFO - Setting next_dagrun for example_trigger_target_dag to None
[2021-07-14 20:02:17,558] {scheduler_job.py:190} INFO - Processing /home/airflow/.local/lib/python3.6/site-packages/airflow/example_dags/example_trigger_target_dag.py took 0.081 seconds
[2021-07-14 20:02:48,329] {scheduler_job.py:182} INFO - Started process (PID=617) to work on /home/airflow/.local/lib/python3.6/site-packages/airflow/example_dags/example_trigger_target_dag.py
[2021-07-14 20:02:48,331] {scheduler_job.py:633} INFO - Processing file /home/airflow/.local/lib/python3.6/site-packages/airflow/example_dags/example_trigger_target_dag.py for tasks to queue
[2021-07-14 20:02:48,332] {logging_mixin.py:104} INFO - [2021-07-14 20:02:48,332] {dagbag.py:496} INFO - Filling up the DagBag from /home/airflow/.local/lib/python3.6/site-packages/airflow/example_dags/example_trigger_target_dag.py
[2021-07-14 20:02:48,355] {scheduler_job.py:643} INFO - DAG(s) dict_keys(['example_trigger_target_dag']) retrieved from /home/airflow/.local/lib/python3.6/site-packages/airflow/example_dags/example_trigger_target_dag.py
[2021-07-14 20:02:48,384] {logging_mixin.py:104} INFO - [2021-07-14 20:02:48,384] {dag.py:1833} INFO - Sync 1 DAGs
[2021-07-14 20:02:48,407] {logging_mixin.py:104} INFO - [2021-07-14 20:02:48,407] {dag.py:2306} INFO - Setting next_dagrun for example_trigger_target_dag to None
[2021-07-14 20:02:48,422] {scheduler_job.py:190} INFO - Processing /home/airflow/.local/lib/python3.6/site-packages/airflow/example_dags/example_trigger_target_dag.py took 0.097 seconds
[2021-07-14 20:03:18,795] {scheduler_job.py:182} INFO - Started process (PID=681) to work on /home/airflow/.local/lib/python3.6/site-packages/airflow/example_dags/example_trigger_target_dag.py
[2021-07-14 20:03:18,796] {scheduler_job.py:633} INFO - Processing file /home/airflow/.local/lib/python3.6/site-packages/airflow/example_dags/example_trigger_target_dag.py for tasks to queue
[2021-07-14 20:03:18,797] {logging_mixin.py:104} INFO - [2021-07-14 20:03:18,796] {dagbag.py:496} INFO - Filling up the DagBag from /home/airflow/.local/lib/python3.6/site-packages/airflow/example_dags/example_trigger_target_dag.py
[2021-07-14 20:03:18,810] {scheduler_job.py:643} INFO - DAG(s) dict_keys(['example_trigger_target_dag']) retrieved from /home/airflow/.local/lib/python3.6/site-packages/airflow/example_dags/example_trigger_target_dag.py
[2021-07-14 20:03:18,830] {logging_mixin.py:104} INFO - [2021-07-14 20:03:18,830] {dag.py:1833} INFO - Sync 1 DAGs
[2021-07-14 20:03:18,845] {logging_mixin.py:104} INFO - [2021-07-14 20:03:18,845] {dag.py:2306} INFO - Setting next_dagrun for example_trigger_target_dag to None
[2021-07-14 20:03:18,857] {scheduler_job.py:190} INFO - Processing /home/airflow/.local/lib/python3.6/site-packages/airflow/example_dags/example_trigger_target_dag.py took 0.066 seconds
[2021-07-14 20:03:49,062] {scheduler_job.py:182} INFO - Started process (PID=734) to work on /home/airflow/.local/lib/python3.6/site-packages/airflow/example_dags/example_trigger_target_dag.py
[2021-07-14 20:03:49,063] {scheduler_job.py:633} INFO - Processing file /home/airflow/.local/lib/python3.6/site-packages/airflow/example_dags/example_trigger_target_dag.py for tasks to queue
[2021-07-14 20:03:49,063] {logging_mixin.py:104} INFO - [2021-07-14 20:03:49,063] {dagbag.py:496} INFO - Filling up the DagBag from /home/airflow/.local/lib/python3.6/site-packages/airflow/example_dags/example_trigger_target_dag.py
[2021-07-14 20:03:49,079] {scheduler_job.py:643} INFO - DAG(s) dict_keys(['example_trigger_target_dag']) retrieved from /home/airflow/.local/lib/python3.6/site-packages/airflow/example_dags/example_trigger_target_dag.py
[2021-07-14 20:03:49,100] {logging_mixin.py:104} INFO - [2021-07-14 20:03:49,099] {dag.py:1833} INFO - Sync 1 DAGs
[2021-07-14 20:03:49,116] {logging_mixin.py:104} INFO - [2021-07-14 20:03:49,116] {dag.py:2306} INFO - Setting next_dagrun for example_trigger_target_dag to None
[2021-07-14 20:03:49,127] {scheduler_job.py:190} INFO - Processing /home/airflow/.local/lib/python3.6/site-packages/airflow/example_dags/example_trigger_target_dag.py took 0.069 seconds
[2021-07-14 20:04:19,488] {scheduler_job.py:182} INFO - Started process (PID=799) to work on /home/airflow/.local/lib/python3.6/site-packages/airflow/example_dags/example_trigger_target_dag.py
[2021-07-14 20:04:19,489] {scheduler_job.py:633} INFO - Processing file /home/airflow/.local/lib/python3.6/site-packages/airflow/example_dags/example_trigger_target_dag.py for tasks to queue
[2021-07-14 20:04:19,490] {logging_mixin.py:104} INFO - [2021-07-14 20:04:19,489] {dagbag.py:496} INFO - Filling up the DagBag from /home/airflow/.local/lib/python3.6/site-packages/airflow/example_dags/example_trigger_target_dag.py
[2021-07-14 20:04:19,503] {scheduler_job.py:643} INFO - DAG(s) dict_keys(['example_trigger_target_dag']) retrieved from /home/airflow/.local/lib/python3.6/site-packages/airflow/example_dags/example_trigger_target_dag.py
[2021-07-14 20:04:19,523] {logging_mixin.py:104} INFO - [2021-07-14 20:04:19,523] {dag.py:1833} INFO - Sync 1 DAGs
[2021-07-14 20:04:19,539] {logging_mixin.py:104} INFO - [2021-07-14 20:04:19,539] {dag.py:2306} INFO - Setting next_dagrun for example_trigger_target_dag to None
[2021-07-14 20:04:19,559] {scheduler_job.py:190} INFO - Processing /home/airflow/.local/lib/python3.6/site-packages/airflow/example_dags/example_trigger_target_dag.py took 0.075 seconds
[2021-07-14 20:04:49,921] {scheduler_job.py:182} INFO - Started process (PID=854) to work on /home/airflow/.local/lib/python3.6/site-packages/airflow/example_dags/example_trigger_target_dag.py
[2021-07-14 20:04:49,923] {scheduler_job.py:633} INFO - Processing file /home/airflow/.local/lib/python3.6/site-packages/airflow/example_dags/example_trigger_target_dag.py for tasks to queue
[2021-07-14 20:04:49,923] {logging_mixin.py:104} INFO - [2021-07-14 20:04:49,923] {dagbag.py:496} INFO - Filling up the DagBag from /home/airflow/.local/lib/python3.6/site-packages/airflow/example_dags/example_trigger_target_dag.py
[2021-07-14 20:04:49,937] {scheduler_job.py:643} INFO - DAG(s) dict_keys(['example_trigger_target_dag']) retrieved from /home/airflow/.local/lib/python3.6/site-packages/airflow/example_dags/example_trigger_target_dag.py
[2021-07-14 20:04:49,960] {logging_mixin.py:104} INFO - [2021-07-14 20:04:49,959] {dag.py:1833} INFO - Sync 1 DAGs
[2021-07-14 20:04:49,979] {logging_mixin.py:104} INFO - [2021-07-14 20:04:49,979] {dag.py:2306} INFO - Setting next_dagrun for example_trigger_target_dag to None
[2021-07-14 20:04:49,992] {scheduler_job.py:190} INFO - Processing /home/airflow/.local/lib/python3.6/site-packages/airflow/example_dags/example_trigger_target_dag.py took 0.074 seconds
[2021-07-14 20:05:20,154] {scheduler_job.py:182} INFO - Started process (PID=919) to work on /home/airflow/.local/lib/python3.6/site-packages/airflow/example_dags/example_trigger_target_dag.py
[2021-07-14 20:05:20,155] {scheduler_job.py:633} INFO - Processing file /home/airflow/.local/lib/python3.6/site-packages/airflow/example_dags/example_trigger_target_dag.py for tasks to queue
[2021-07-14 20:05:20,156] {logging_mixin.py:104} INFO - [2021-07-14 20:05:20,155] {dagbag.py:496} INFO - Filling up the DagBag from /home/airflow/.local/lib/python3.6/site-packages/airflow/example_dags/example_trigger_target_dag.py
[2021-07-14 20:05:20,170] {scheduler_job.py:643} INFO - DAG(s) dict_keys(['example_trigger_target_dag']) retrieved from /home/airflow/.local/lib/python3.6/site-packages/airflow/example_dags/example_trigger_target_dag.py
[2021-07-14 20:05:20,192] {logging_mixin.py:104} INFO - [2021-07-14 20:05:20,192] {dag.py:1833} INFO - Sync 1 DAGs
[2021-07-14 20:05:20,208] {logging_mixin.py:104} INFO - [2021-07-14 20:05:20,208] {dag.py:2306} INFO - Setting next_dagrun for example_trigger_target_dag to None
[2021-07-14 20:05:20,219] {scheduler_job.py:190} INFO - Processing /home/airflow/.local/lib/python3.6/site-packages/airflow/example_dags/example_trigger_target_dag.py took 0.068 seconds
[2021-07-14 20:05:50,443] {scheduler_job.py:182} INFO - Started process (PID=973) to work on /home/airflow/.local/lib/python3.6/site-packages/airflow/example_dags/example_trigger_target_dag.py
[2021-07-14 20:05:50,445] {scheduler_job.py:633} INFO - Processing file /home/airflow/.local/lib/python3.6/site-packages/airflow/example_dags/example_trigger_target_dag.py for tasks to queue
[2021-07-14 20:05:50,445] {logging_mixin.py:104} INFO - [2021-07-14 20:05:50,445] {dagbag.py:496} INFO - Filling up the DagBag from /home/airflow/.local/lib/python3.6/site-packages/airflow/example_dags/example_trigger_target_dag.py
[2021-07-14 20:05:50,459] {scheduler_job.py:643} INFO - DAG(s) dict_keys(['example_trigger_target_dag']) retrieved from /home/airflow/.local/lib/python3.6/site-packages/airflow/example_dags/example_trigger_target_dag.py
[2021-07-14 20:05:50,479] {logging_mixin.py:104} INFO - [2021-07-14 20:05:50,479] {dag.py:1833} INFO - Sync 1 DAGs
[2021-07-14 20:05:50,495] {logging_mixin.py:104} INFO - [2021-07-14 20:05:50,495] {dag.py:2306} INFO - Setting next_dagrun for example_trigger_target_dag to None
[2021-07-14 20:05:50,506] {scheduler_job.py:190} INFO - Processing /home/airflow/.local/lib/python3.6/site-packages/airflow/example_dags/example_trigger_target_dag.py took 0.068 seconds
[2021-07-14 20:06:20,930] {scheduler_job.py:182} INFO - Started process (PID=1036) to work on /home/airflow/.local/lib/python3.6/site-packages/airflow/example_dags/example_trigger_target_dag.py
[2021-07-14 20:06:20,931] {scheduler_job.py:633} INFO - Processing file /home/airflow/.local/lib/python3.6/site-packages/airflow/example_dags/example_trigger_target_dag.py for tasks to queue
[2021-07-14 20:06:20,932] {logging_mixin.py:104} INFO - [2021-07-14 20:06:20,932] {dagbag.py:496} INFO - Filling up the DagBag from /home/airflow/.local/lib/python3.6/site-packages/airflow/example_dags/example_trigger_target_dag.py
[2021-07-14 20:06:20,947] {scheduler_job.py:643} INFO - DAG(s) dict_keys(['example_trigger_target_dag']) retrieved from /home/airflow/.local/lib/python3.6/site-packages/airflow/example_dags/example_trigger_target_dag.py
[2021-07-14 20:06:20,966] {logging_mixin.py:104} INFO - [2021-07-14 20:06:20,966] {dag.py:1833} INFO - Sync 1 DAGs
[2021-07-14 20:06:20,982] {logging_mixin.py:104} INFO - [2021-07-14 20:06:20,982] {dag.py:2306} INFO - Setting next_dagrun for example_trigger_target_dag to None
[2021-07-14 20:06:20,993] {scheduler_job.py:190} INFO - Processing /home/airflow/.local/lib/python3.6/site-packages/airflow/example_dags/example_trigger_target_dag.py took 0.069 seconds
[2021-07-14 20:06:51,984] {scheduler_job.py:182} INFO - Started process (PID=1099) to work on /home/airflow/.local/lib/python3.6/site-packages/airflow/example_dags/example_trigger_target_dag.py
[2021-07-14 20:06:51,986] {scheduler_job.py:633} INFO - Processing file /home/airflow/.local/lib/python3.6/site-packages/airflow/example_dags/example_trigger_target_dag.py for tasks to queue
[2021-07-14 20:06:51,988] {logging_mixin.py:104} INFO - [2021-07-14 20:06:51,987] {dagbag.py:496} INFO - Filling up the DagBag from /home/airflow/.local/lib/python3.6/site-packages/airflow/example_dags/example_trigger_target_dag.py
[2021-07-14 20:06:52,019] {scheduler_job.py:643} INFO - DAG(s) dict_keys(['example_trigger_target_dag']) retrieved from /home/airflow/.local/lib/python3.6/site-packages/airflow/example_dags/example_trigger_target_dag.py
[2021-07-14 20:06:52,059] {logging_mixin.py:104} INFO - [2021-07-14 20:06:52,059] {dag.py:1833} INFO - Sync 1 DAGs
[2021-07-14 20:06:52,092] {logging_mixin.py:104} INFO - [2021-07-14 20:06:52,092] {dag.py:2306} INFO - Setting next_dagrun for example_trigger_target_dag to None
[2021-07-14 20:06:52,121] {scheduler_job.py:190} INFO - Processing /home/airflow/.local/lib/python3.6/site-packages/airflow/example_dags/example_trigger_target_dag.py took 0.143 seconds
[2021-07-14 20:07:22,695] {scheduler_job.py:182} INFO - Started process (PID=1153) to work on /home/airflow/.local/lib/python3.6/site-packages/airflow/example_dags/example_trigger_target_dag.py
[2021-07-14 20:07:22,697] {scheduler_job.py:633} INFO - Processing file /home/airflow/.local/lib/python3.6/site-packages/airflow/example_dags/example_trigger_target_dag.py for tasks to queue
[2021-07-14 20:07:22,698] {logging_mixin.py:104} INFO - [2021-07-14 20:07:22,698] {dagbag.py:496} INFO - Filling up the DagBag from /home/airflow/.local/lib/python3.6/site-packages/airflow/example_dags/example_trigger_target_dag.py
[2021-07-14 20:07:22,716] {scheduler_job.py:643} INFO - DAG(s) dict_keys(['example_trigger_target_dag']) retrieved from /home/airflow/.local/lib/python3.6/site-packages/airflow/example_dags/example_trigger_target_dag.py
[2021-07-14 20:07:22,737] {logging_mixin.py:104} INFO - [2021-07-14 20:07:22,737] {dag.py:1833} INFO - Sync 1 DAGs
[2021-07-14 20:07:22,753] {logging_mixin.py:104} INFO - [2021-07-14 20:07:22,753] {dag.py:2306} INFO - Setting next_dagrun for example_trigger_target_dag to None
[2021-07-14 20:07:22,764] {scheduler_job.py:190} INFO - Processing /home/airflow/.local/lib/python3.6/site-packages/airflow/example_dags/example_trigger_target_dag.py took 0.074 seconds
[2021-07-14 20:07:53,485] {scheduler_job.py:182} INFO - Started process (PID=1218) to work on /home/airflow/.local/lib/python3.6/site-packages/airflow/example_dags/example_trigger_target_dag.py
[2021-07-14 20:07:53,486] {scheduler_job.py:633} INFO - Processing file /home/airflow/.local/lib/python3.6/site-packages/airflow/example_dags/example_trigger_target_dag.py for tasks to queue
[2021-07-14 20:07:53,487] {logging_mixin.py:104} INFO - [2021-07-14 20:07:53,487] {dagbag.py:496} INFO - Filling up the DagBag from /home/airflow/.local/lib/python3.6/site-packages/airflow/example_dags/example_trigger_target_dag.py
[2021-07-14 20:07:53,503] {scheduler_job.py:643} INFO - DAG(s) dict_keys(['example_trigger_target_dag']) retrieved from /home/airflow/.local/lib/python3.6/site-packages/airflow/example_dags/example_trigger_target_dag.py
[2021-07-14 20:07:53,532] {logging_mixin.py:104} INFO - [2021-07-14 20:07:53,531] {dag.py:1833} INFO - Sync 1 DAGs
[2021-07-14 20:07:53,554] {logging_mixin.py:104} INFO - [2021-07-14 20:07:53,554] {dag.py:2306} INFO - Setting next_dagrun for example_trigger_target_dag to None
[2021-07-14 20:07:53,569] {scheduler_job.py:190} INFO - Processing /home/airflow/.local/lib/python3.6/site-packages/airflow/example_dags/example_trigger_target_dag.py took 0.088 seconds
[2021-07-14 20:08:23,853] {scheduler_job.py:182} INFO - Started process (PID=1273) to work on /home/airflow/.local/lib/python3.6/site-packages/airflow/example_dags/example_trigger_target_dag.py
[2021-07-14 20:08:23,854] {scheduler_job.py:633} INFO - Processing file /home/airflow/.local/lib/python3.6/site-packages/airflow/example_dags/example_trigger_target_dag.py for tasks to queue
[2021-07-14 20:08:23,855] {logging_mixin.py:104} INFO - [2021-07-14 20:08:23,855] {dagbag.py:496} INFO - Filling up the DagBag from /home/airflow/.local/lib/python3.6/site-packages/airflow/example_dags/example_trigger_target_dag.py
[2021-07-14 20:08:23,874] {scheduler_job.py:643} INFO - DAG(s) dict_keys(['example_trigger_target_dag']) retrieved from /home/airflow/.local/lib/python3.6/site-packages/airflow/example_dags/example_trigger_target_dag.py
[2021-07-14 20:08:23,902] {logging_mixin.py:104} INFO - [2021-07-14 20:08:23,902] {dag.py:1833} INFO - Sync 1 DAGs
[2021-07-14 20:08:23,924] {logging_mixin.py:104} INFO - [2021-07-14 20:08:23,924] {dag.py:2306} INFO - Setting next_dagrun for example_trigger_target_dag to None
[2021-07-14 20:08:23,937] {scheduler_job.py:190} INFO - Processing /home/airflow/.local/lib/python3.6/site-packages/airflow/example_dags/example_trigger_target_dag.py took 0.087 seconds
[2021-07-14 20:08:54,544] {scheduler_job.py:182} INFO - Started process (PID=1336) to work on /home/airflow/.local/lib/python3.6/site-packages/airflow/example_dags/example_trigger_target_dag.py
[2021-07-14 20:08:54,545] {scheduler_job.py:633} INFO - Processing file /home/airflow/.local/lib/python3.6/site-packages/airflow/example_dags/example_trigger_target_dag.py for tasks to queue
[2021-07-14 20:08:54,546] {logging_mixin.py:104} INFO - [2021-07-14 20:08:54,546] {dagbag.py:496} INFO - Filling up the DagBag from /home/airflow/.local/lib/python3.6/site-packages/airflow/example_dags/example_trigger_target_dag.py
[2021-07-14 20:08:54,559] {scheduler_job.py:643} INFO - DAG(s) dict_keys(['example_trigger_target_dag']) retrieved from /home/airflow/.local/lib/python3.6/site-packages/airflow/example_dags/example_trigger_target_dag.py
[2021-07-14 20:08:54,579] {logging_mixin.py:104} INFO - [2021-07-14 20:08:54,579] {dag.py:1833} INFO - Sync 1 DAGs
[2021-07-14 20:08:54,600] {logging_mixin.py:104} INFO - [2021-07-14 20:08:54,600] {dag.py:2306} INFO - Setting next_dagrun for example_trigger_target_dag to None
[2021-07-14 20:08:54,612] {scheduler_job.py:190} INFO - Processing /home/airflow/.local/lib/python3.6/site-packages/airflow/example_dags/example_trigger_target_dag.py took 0.073 seconds
[2021-07-14 20:09:25,191] {scheduler_job.py:182} INFO - Started process (PID=1390) to work on /home/airflow/.local/lib/python3.6/site-packages/airflow/example_dags/example_trigger_target_dag.py
[2021-07-14 20:09:25,193] {scheduler_job.py:633} INFO - Processing file /home/airflow/.local/lib/python3.6/site-packages/airflow/example_dags/example_trigger_target_dag.py for tasks to queue
[2021-07-14 20:09:25,193] {logging_mixin.py:104} INFO - [2021-07-14 20:09:25,193] {dagbag.py:496} INFO - Filling up the DagBag from /home/airflow/.local/lib/python3.6/site-packages/airflow/example_dags/example_trigger_target_dag.py
[2021-07-14 20:09:25,207] {scheduler_job.py:643} INFO - DAG(s) dict_keys(['example_trigger_target_dag']) retrieved from /home/airflow/.local/lib/python3.6/site-packages/airflow/example_dags/example_trigger_target_dag.py
[2021-07-14 20:09:25,228] {logging_mixin.py:104} INFO - [2021-07-14 20:09:25,227] {dag.py:1833} INFO - Sync 1 DAGs
[2021-07-14 20:09:25,245] {logging_mixin.py:104} INFO - [2021-07-14 20:09:25,244] {dag.py:2306} INFO - Setting next_dagrun for example_trigger_target_dag to None
[2021-07-14 20:09:25,256] {scheduler_job.py:190} INFO - Processing /home/airflow/.local/lib/python3.6/site-packages/airflow/example_dags/example_trigger_target_dag.py took 0.068 seconds
[2021-07-14 20:09:55,442] {scheduler_job.py:182} INFO - Started process (PID=1455) to work on /home/airflow/.local/lib/python3.6/site-packages/airflow/example_dags/example_trigger_target_dag.py
[2021-07-14 20:09:55,445] {scheduler_job.py:633} INFO - Processing file /home/airflow/.local/lib/python3.6/site-packages/airflow/example_dags/example_trigger_target_dag.py for tasks to queue
[2021-07-14 20:09:55,446] {logging_mixin.py:104} INFO - [2021-07-14 20:09:55,445] {dagbag.py:496} INFO - Filling up the DagBag from /home/airflow/.local/lib/python3.6/site-packages/airflow/example_dags/example_trigger_target_dag.py
[2021-07-14 20:09:55,463] {scheduler_job.py:643} INFO - DAG(s) dict_keys(['example_trigger_target_dag']) retrieved from /home/airflow/.local/lib/python3.6/site-packages/airflow/example_dags/example_trigger_target_dag.py
[2021-07-14 20:09:55,486] {logging_mixin.py:104} INFO - [2021-07-14 20:09:55,486] {dag.py:1833} INFO - Sync 1 DAGs
[2021-07-14 20:09:55,506] {logging_mixin.py:104} INFO - [2021-07-14 20:09:55,506] {dag.py:2306} INFO - Setting next_dagrun for example_trigger_target_dag to None
[2021-07-14 20:09:55,518] {scheduler_job.py:190} INFO - Processing /home/airflow/.local/lib/python3.6/site-packages/airflow/example_dags/example_trigger_target_dag.py took 0.080 seconds
[2021-07-14 20:10:25,876] {scheduler_job.py:182} INFO - Started process (PID=1508) to work on /home/airflow/.local/lib/python3.6/site-packages/airflow/example_dags/example_trigger_target_dag.py
[2021-07-14 20:10:25,877] {scheduler_job.py:633} INFO - Processing file /home/airflow/.local/lib/python3.6/site-packages/airflow/example_dags/example_trigger_target_dag.py for tasks to queue
[2021-07-14 20:10:25,878] {logging_mixin.py:104} INFO - [2021-07-14 20:10:25,878] {dagbag.py:496} INFO - Filling up the DagBag from /home/airflow/.local/lib/python3.6/site-packages/airflow/example_dags/example_trigger_target_dag.py
[2021-07-14 20:10:25,891] {scheduler_job.py:643} INFO - DAG(s) dict_keys(['example_trigger_target_dag']) retrieved from /home/airflow/.local/lib/python3.6/site-packages/airflow/example_dags/example_trigger_target_dag.py
[2021-07-14 20:10:25,911] {logging_mixin.py:104} INFO - [2021-07-14 20:10:25,911] {dag.py:1833} INFO - Sync 1 DAGs
[2021-07-14 20:10:25,926] {logging_mixin.py:104} INFO - [2021-07-14 20:10:25,926] {dag.py:2306} INFO - Setting next_dagrun for example_trigger_target_dag to None
[2021-07-14 20:10:25,938] {scheduler_job.py:190} INFO - Processing /home/airflow/.local/lib/python3.6/site-packages/airflow/example_dags/example_trigger_target_dag.py took 0.065 seconds
[2021-07-14 20:10:56,163] {scheduler_job.py:182} INFO - Started process (PID=1573) to work on /home/airflow/.local/lib/python3.6/site-packages/airflow/example_dags/example_trigger_target_dag.py
[2021-07-14 20:10:56,164] {scheduler_job.py:633} INFO - Processing file /home/airflow/.local/lib/python3.6/site-packages/airflow/example_dags/example_trigger_target_dag.py for tasks to queue
[2021-07-14 20:10:56,165] {logging_mixin.py:104} INFO - [2021-07-14 20:10:56,165] {dagbag.py:496} INFO - Filling up the DagBag from /home/airflow/.local/lib/python3.6/site-packages/airflow/example_dags/example_trigger_target_dag.py
[2021-07-14 20:10:56,185] {scheduler_job.py:643} INFO - DAG(s) dict_keys(['example_trigger_target_dag']) retrieved from /home/airflow/.local/lib/python3.6/site-packages/airflow/example_dags/example_trigger_target_dag.py
[2021-07-14 20:10:56,213] {logging_mixin.py:104} INFO - [2021-07-14 20:10:56,213] {dag.py:1833} INFO - Sync 1 DAGs
[2021-07-14 20:10:56,235] {logging_mixin.py:104} INFO - [2021-07-14 20:10:56,235] {dag.py:2306} INFO - Setting next_dagrun for example_trigger_target_dag to None
[2021-07-14 20:10:56,252] {scheduler_job.py:190} INFO - Processing /home/airflow/.local/lib/python3.6/site-packages/airflow/example_dags/example_trigger_target_dag.py took 0.094 seconds
[2021-07-14 20:11:26,459] {scheduler_job.py:182} INFO - Started process (PID=1636) to work on /home/airflow/.local/lib/python3.6/site-packages/airflow/example_dags/example_trigger_target_dag.py
[2021-07-14 20:11:26,460] {scheduler_job.py:633} INFO - Processing file /home/airflow/.local/lib/python3.6/site-packages/airflow/example_dags/example_trigger_target_dag.py for tasks to queue
[2021-07-14 20:11:26,461] {logging_mixin.py:104} INFO - [2021-07-14 20:11:26,461] {dagbag.py:496} INFO - Filling up the DagBag from /home/airflow/.local/lib/python3.6/site-packages/airflow/example_dags/example_trigger_target_dag.py
[2021-07-14 20:11:26,476] {scheduler_job.py:643} INFO - DAG(s) dict_keys(['example_trigger_target_dag']) retrieved from /home/airflow/.local/lib/python3.6/site-packages/airflow/example_dags/example_trigger_target_dag.py
[2021-07-14 20:11:26,499] {logging_mixin.py:104} INFO - [2021-07-14 20:11:26,499] {dag.py:1833} INFO - Sync 1 DAGs
[2021-07-14 20:11:26,517] {logging_mixin.py:104} INFO - [2021-07-14 20:11:26,517] {dag.py:2306} INFO - Setting next_dagrun for example_trigger_target_dag to None
[2021-07-14 20:11:26,528] {scheduler_job.py:190} INFO - Processing /home/airflow/.local/lib/python3.6/site-packages/airflow/example_dags/example_trigger_target_dag.py took 0.073 seconds
[2021-07-14 20:11:57,376] {scheduler_job.py:182} INFO - Started process (PID=1692) to work on /home/airflow/.local/lib/python3.6/site-packages/airflow/example_dags/example_trigger_target_dag.py
[2021-07-14 20:11:57,378] {scheduler_job.py:633} INFO - Processing file /home/airflow/.local/lib/python3.6/site-packages/airflow/example_dags/example_trigger_target_dag.py for tasks to queue
[2021-07-14 20:11:57,379] {logging_mixin.py:104} INFO - [2021-07-14 20:11:57,379] {dagbag.py:496} INFO - Filling up the DagBag from /home/airflow/.local/lib/python3.6/site-packages/airflow/example_dags/example_trigger_target_dag.py
[2021-07-14 20:11:57,405] {scheduler_job.py:643} INFO - DAG(s) dict_keys(['example_trigger_target_dag']) retrieved from /home/airflow/.local/lib/python3.6/site-packages/airflow/example_dags/example_trigger_target_dag.py
[2021-07-14 20:11:57,436] {logging_mixin.py:104} INFO - [2021-07-14 20:11:57,436] {dag.py:1833} INFO - Sync 1 DAGs
[2021-07-14 20:11:57,456] {logging_mixin.py:104} INFO - [2021-07-14 20:11:57,456] {dag.py:2306} INFO - Setting next_dagrun for example_trigger_target_dag to None
[2021-07-14 20:11:57,470] {scheduler_job.py:190} INFO - Processing /home/airflow/.local/lib/python3.6/site-packages/airflow/example_dags/example_trigger_target_dag.py took 0.102 seconds
[2021-07-14 20:12:27,494] {scheduler_job.py:182} INFO - Started process (PID=1756) to work on /home/airflow/.local/lib/python3.6/site-packages/airflow/example_dags/example_trigger_target_dag.py
[2021-07-14 20:12:27,495] {scheduler_job.py:633} INFO - Processing file /home/airflow/.local/lib/python3.6/site-packages/airflow/example_dags/example_trigger_target_dag.py for tasks to queue
[2021-07-14 20:12:27,496] {logging_mixin.py:104} INFO - [2021-07-14 20:12:27,496] {dagbag.py:496} INFO - Filling up the DagBag from /home/airflow/.local/lib/python3.6/site-packages/airflow/example_dags/example_trigger_target_dag.py
[2021-07-14 20:12:27,507] {scheduler_job.py:643} INFO - DAG(s) dict_keys(['example_trigger_target_dag']) retrieved from /home/airflow/.local/lib/python3.6/site-packages/airflow/example_dags/example_trigger_target_dag.py
[2021-07-14 20:12:27,528] {logging_mixin.py:104} INFO - [2021-07-14 20:12:27,528] {dag.py:1833} INFO - Sync 1 DAGs
[2021-07-14 20:12:27,543] {logging_mixin.py:104} INFO - [2021-07-14 20:12:27,543] {dag.py:2306} INFO - Setting next_dagrun for example_trigger_target_dag to None
[2021-07-14 20:12:27,556] {scheduler_job.py:190} INFO - Processing /home/airflow/.local/lib/python3.6/site-packages/airflow/example_dags/example_trigger_target_dag.py took 0.064 seconds
[2021-07-14 20:12:57,809] {scheduler_job.py:182} INFO - Started process (PID=1810) to work on /home/airflow/.local/lib/python3.6/site-packages/airflow/example_dags/example_trigger_target_dag.py
[2021-07-14 20:12:57,810] {scheduler_job.py:633} INFO - Processing file /home/airflow/.local/lib/python3.6/site-packages/airflow/example_dags/example_trigger_target_dag.py for tasks to queue
[2021-07-14 20:12:57,811] {logging_mixin.py:104} INFO - [2021-07-14 20:12:57,811] {dagbag.py:496} INFO - Filling up the DagBag from /home/airflow/.local/lib/python3.6/site-packages/airflow/example_dags/example_trigger_target_dag.py
[2021-07-14 20:12:57,824] {scheduler_job.py:643} INFO - DAG(s) dict_keys(['example_trigger_target_dag']) retrieved from /home/airflow/.local/lib/python3.6/site-packages/airflow/example_dags/example_trigger_target_dag.py
[2021-07-14 20:12:57,845] {logging_mixin.py:104} INFO - [2021-07-14 20:12:57,845] {dag.py:1833} INFO - Sync 1 DAGs
[2021-07-14 20:12:57,861] {logging_mixin.py:104} INFO - [2021-07-14 20:12:57,861] {dag.py:2306} INFO - Setting next_dagrun for example_trigger_target_dag to None
[2021-07-14 20:12:57,877] {scheduler_job.py:190} INFO - Processing /home/airflow/.local/lib/python3.6/site-packages/airflow/example_dags/example_trigger_target_dag.py took 0.071 seconds
[2021-07-14 20:13:28,251] {scheduler_job.py:182} INFO - Started process (PID=1876) to work on /home/airflow/.local/lib/python3.6/site-packages/airflow/example_dags/example_trigger_target_dag.py
[2021-07-14 20:13:28,257] {scheduler_job.py:633} INFO - Processing file /home/airflow/.local/lib/python3.6/site-packages/airflow/example_dags/example_trigger_target_dag.py for tasks to queue
[2021-07-14 20:13:28,257] {logging_mixin.py:104} INFO - [2021-07-14 20:13:28,257] {dagbag.py:496} INFO - Filling up the DagBag from /home/airflow/.local/lib/python3.6/site-packages/airflow/example_dags/example_trigger_target_dag.py
[2021-07-14 20:13:28,270] {scheduler_job.py:643} INFO - DAG(s) dict_keys(['example_trigger_target_dag']) retrieved from /home/airflow/.local/lib/python3.6/site-packages/airflow/example_dags/example_trigger_target_dag.py
[2021-07-14 20:13:28,290] {logging_mixin.py:104} INFO - [2021-07-14 20:13:28,290] {dag.py:1833} INFO - Sync 1 DAGs
[2021-07-14 20:13:28,307] {logging_mixin.py:104} INFO - [2021-07-14 20:13:28,306] {dag.py:2306} INFO - Setting next_dagrun for example_trigger_target_dag to None
[2021-07-14 20:13:28,317] {scheduler_job.py:190} INFO - Processing /home/airflow/.local/lib/python3.6/site-packages/airflow/example_dags/example_trigger_target_dag.py took 0.069 seconds
[2021-07-14 20:13:59,204] {scheduler_job.py:182} INFO - Started process (PID=1929) to work on /home/airflow/.local/lib/python3.6/site-packages/airflow/example_dags/example_trigger_target_dag.py
[2021-07-14 20:13:59,205] {scheduler_job.py:633} INFO - Processing file /home/airflow/.local/lib/python3.6/site-packages/airflow/example_dags/example_trigger_target_dag.py for tasks to queue
[2021-07-14 20:13:59,206] {logging_mixin.py:104} INFO - [2021-07-14 20:13:59,206] {dagbag.py:496} INFO - Filling up the DagBag from /home/airflow/.local/lib/python3.6/site-packages/airflow/example_dags/example_trigger_target_dag.py
[2021-07-14 20:13:59,220] {scheduler_job.py:643} INFO - DAG(s) dict_keys(['example_trigger_target_dag']) retrieved from /home/airflow/.local/lib/python3.6/site-packages/airflow/example_dags/example_trigger_target_dag.py
[2021-07-14 20:13:59,242] {logging_mixin.py:104} INFO - [2021-07-14 20:13:59,242] {dag.py:1833} INFO - Sync 1 DAGs
[2021-07-14 20:13:59,261] {logging_mixin.py:104} INFO - [2021-07-14 20:13:59,261] {dag.py:2306} INFO - Setting next_dagrun for example_trigger_target_dag to None
[2021-07-14 20:13:59,272] {scheduler_job.py:190} INFO - Processing /home/airflow/.local/lib/python3.6/site-packages/airflow/example_dags/example_trigger_target_dag.py took 0.072 seconds
[2021-07-14 20:14:29,309] {scheduler_job.py:182} INFO - Started process (PID=1993) to work on /home/airflow/.local/lib/python3.6/site-packages/airflow/example_dags/example_trigger_target_dag.py
[2021-07-14 20:14:29,311] {scheduler_job.py:633} INFO - Processing file /home/airflow/.local/lib/python3.6/site-packages/airflow/example_dags/example_trigger_target_dag.py for tasks to queue
[2021-07-14 20:14:29,313] {logging_mixin.py:104} INFO - [2021-07-14 20:14:29,312] {dagbag.py:496} INFO - Filling up the DagBag from /home/airflow/.local/lib/python3.6/site-packages/airflow/example_dags/example_trigger_target_dag.py
[2021-07-14 20:14:29,332] {scheduler_job.py:643} INFO - DAG(s) dict_keys(['example_trigger_target_dag']) retrieved from /home/airflow/.local/lib/python3.6/site-packages/airflow/example_dags/example_trigger_target_dag.py
[2021-07-14 20:14:29,359] {logging_mixin.py:104} INFO - [2021-07-14 20:14:29,359] {dag.py:1833} INFO - Sync 1 DAGs
[2021-07-14 20:14:29,380] {logging_mixin.py:104} INFO - [2021-07-14 20:14:29,380] {dag.py:2306} INFO - Setting next_dagrun for example_trigger_target_dag to None
[2021-07-14 20:14:29,399] {scheduler_job.py:190} INFO - Processing /home/airflow/.local/lib/python3.6/site-packages/airflow/example_dags/example_trigger_target_dag.py took 0.094 seconds
[2021-07-14 20:14:59,875] {scheduler_job.py:182} INFO - Started process (PID=2057) to work on /home/airflow/.local/lib/python3.6/site-packages/airflow/example_dags/example_trigger_target_dag.py
[2021-07-14 20:14:59,878] {scheduler_job.py:633} INFO - Processing file /home/airflow/.local/lib/python3.6/site-packages/airflow/example_dags/example_trigger_target_dag.py for tasks to queue
[2021-07-14 20:14:59,879] {logging_mixin.py:104} INFO - [2021-07-14 20:14:59,878] {dagbag.py:496} INFO - Filling up the DagBag from /home/airflow/.local/lib/python3.6/site-packages/airflow/example_dags/example_trigger_target_dag.py
[2021-07-14 20:14:59,898] {scheduler_job.py:643} INFO - DAG(s) dict_keys(['example_trigger_target_dag']) retrieved from /home/airflow/.local/lib/python3.6/site-packages/airflow/example_dags/example_trigger_target_dag.py
[2021-07-14 20:14:59,933] {logging_mixin.py:104} INFO - [2021-07-14 20:14:59,933] {dag.py:1833} INFO - Sync 1 DAGs
[2021-07-14 20:14:59,953] {logging_mixin.py:104} INFO - [2021-07-14 20:14:59,953] {dag.py:2306} INFO - Setting next_dagrun for example_trigger_target_dag to None
[2021-07-14 20:14:59,964] {scheduler_job.py:190} INFO - Processing /home/airflow/.local/lib/python3.6/site-packages/airflow/example_dags/example_trigger_target_dag.py took 0.092 seconds
[2021-07-14 20:15:30,290] {scheduler_job.py:182} INFO - Started process (PID=2112) to work on /home/airflow/.local/lib/python3.6/site-packages/airflow/example_dags/example_trigger_target_dag.py
[2021-07-14 20:15:30,291] {scheduler_job.py:633} INFO - Processing file /home/airflow/.local/lib/python3.6/site-packages/airflow/example_dags/example_trigger_target_dag.py for tasks to queue
[2021-07-14 20:15:30,292] {logging_mixin.py:104} INFO - [2021-07-14 20:15:30,292] {dagbag.py:496} INFO - Filling up the DagBag from /home/airflow/.local/lib/python3.6/site-packages/airflow/example_dags/example_trigger_target_dag.py
[2021-07-14 20:15:30,310] {scheduler_job.py:643} INFO - DAG(s) dict_keys(['example_trigger_target_dag']) retrieved from /home/airflow/.local/lib/python3.6/site-packages/airflow/example_dags/example_trigger_target_dag.py
[2021-07-14 20:15:30,335] {logging_mixin.py:104} INFO - [2021-07-14 20:15:30,335] {dag.py:1833} INFO - Sync 1 DAGs
[2021-07-14 20:15:30,356] {logging_mixin.py:104} INFO - [2021-07-14 20:15:30,356] {dag.py:2306} INFO - Setting next_dagrun for example_trigger_target_dag to None
[2021-07-14 20:15:30,369] {scheduler_job.py:190} INFO - Processing /home/airflow/.local/lib/python3.6/site-packages/airflow/example_dags/example_trigger_target_dag.py took 0.084 seconds
[2021-07-14 20:16:00,668] {scheduler_job.py:182} INFO - Started process (PID=2176) to work on /home/airflow/.local/lib/python3.6/site-packages/airflow/example_dags/example_trigger_target_dag.py
[2021-07-14 20:16:00,670] {scheduler_job.py:633} INFO - Processing file /home/airflow/.local/lib/python3.6/site-packages/airflow/example_dags/example_trigger_target_dag.py for tasks to queue
[2021-07-14 20:16:00,672] {logging_mixin.py:104} INFO - [2021-07-14 20:16:00,672] {dagbag.py:496} INFO - Filling up the DagBag from /home/airflow/.local/lib/python3.6/site-packages/airflow/example_dags/example_trigger_target_dag.py
[2021-07-14 20:16:00,706] {scheduler_job.py:643} INFO - DAG(s) dict_keys(['example_trigger_target_dag']) retrieved from /home/airflow/.local/lib/python3.6/site-packages/airflow/example_dags/example_trigger_target_dag.py
[2021-07-14 20:16:00,734] {logging_mixin.py:104} INFO - [2021-07-14 20:16:00,734] {dag.py:1833} INFO - Sync 1 DAGs
[2021-07-14 20:16:00,758] {logging_mixin.py:104} INFO - [2021-07-14 20:16:00,758] {dag.py:2306} INFO - Setting next_dagrun for example_trigger_target_dag to None
[2021-07-14 20:16:00,773] {scheduler_job.py:190} INFO - Processing /home/airflow/.local/lib/python3.6/site-packages/airflow/example_dags/example_trigger_target_dag.py took 0.110 seconds
[2021-07-14 20:16:31,630] {scheduler_job.py:182} INFO - Started process (PID=2229) to work on /home/airflow/.local/lib/python3.6/site-packages/airflow/example_dags/example_trigger_target_dag.py
[2021-07-14 20:16:31,632] {scheduler_job.py:633} INFO - Processing file /home/airflow/.local/lib/python3.6/site-packages/airflow/example_dags/example_trigger_target_dag.py for tasks to queue
[2021-07-14 20:16:31,633] {logging_mixin.py:104} INFO - [2021-07-14 20:16:31,633] {dagbag.py:496} INFO - Filling up the DagBag from /home/airflow/.local/lib/python3.6/site-packages/airflow/example_dags/example_trigger_target_dag.py
[2021-07-14 20:16:31,650] {scheduler_job.py:643} INFO - DAG(s) dict_keys(['example_trigger_target_dag']) retrieved from /home/airflow/.local/lib/python3.6/site-packages/airflow/example_dags/example_trigger_target_dag.py
[2021-07-14 20:16:31,679] {logging_mixin.py:104} INFO - [2021-07-14 20:16:31,678] {dag.py:1833} INFO - Sync 1 DAGs
[2021-07-14 20:16:31,700] {logging_mixin.py:104} INFO - [2021-07-14 20:16:31,700] {dag.py:2306} INFO - Setting next_dagrun for example_trigger_target_dag to None
[2021-07-14 20:16:31,714] {scheduler_job.py:190} INFO - Processing /home/airflow/.local/lib/python3.6/site-packages/airflow/example_dags/example_trigger_target_dag.py took 0.090 seconds
[2021-07-14 20:17:02,143] {scheduler_job.py:182} INFO - Started process (PID=2291) to work on /home/airflow/.local/lib/python3.6/site-packages/airflow/example_dags/example_trigger_target_dag.py
[2021-07-14 20:17:02,144] {scheduler_job.py:633} INFO - Processing file /home/airflow/.local/lib/python3.6/site-packages/airflow/example_dags/example_trigger_target_dag.py for tasks to queue
[2021-07-14 20:17:02,145] {logging_mixin.py:104} INFO - [2021-07-14 20:17:02,145] {dagbag.py:496} INFO - Filling up the DagBag from /home/airflow/.local/lib/python3.6/site-packages/airflow/example_dags/example_trigger_target_dag.py
[2021-07-14 20:17:02,160] {scheduler_job.py:643} INFO - DAG(s) dict_keys(['example_trigger_target_dag']) retrieved from /home/airflow/.local/lib/python3.6/site-packages/airflow/example_dags/example_trigger_target_dag.py
[2021-07-14 20:17:02,184] {logging_mixin.py:104} INFO - [2021-07-14 20:17:02,184] {dag.py:1833} INFO - Sync 1 DAGs
[2021-07-14 20:17:02,204] {logging_mixin.py:104} INFO - [2021-07-14 20:17:02,204] {dag.py:2306} INFO - Setting next_dagrun for example_trigger_target_dag to None
[2021-07-14 20:17:02,216] {scheduler_job.py:190} INFO - Processing /home/airflow/.local/lib/python3.6/site-packages/airflow/example_dags/example_trigger_target_dag.py took 0.076 seconds
[2021-07-14 20:17:32,575] {scheduler_job.py:182} INFO - Started process (PID=2344) to work on /home/airflow/.local/lib/python3.6/site-packages/airflow/example_dags/example_trigger_target_dag.py
[2021-07-14 20:17:32,577] {scheduler_job.py:633} INFO - Processing file /home/airflow/.local/lib/python3.6/site-packages/airflow/example_dags/example_trigger_target_dag.py for tasks to queue
[2021-07-14 20:17:32,578] {logging_mixin.py:104} INFO - [2021-07-14 20:17:32,577] {dagbag.py:496} INFO - Filling up the DagBag from /home/airflow/.local/lib/python3.6/site-packages/airflow/example_dags/example_trigger_target_dag.py
[2021-07-14 20:17:32,592] {scheduler_job.py:643} INFO - DAG(s) dict_keys(['example_trigger_target_dag']) retrieved from /home/airflow/.local/lib/python3.6/site-packages/airflow/example_dags/example_trigger_target_dag.py
[2021-07-14 20:17:32,612] {logging_mixin.py:104} INFO - [2021-07-14 20:17:32,612] {dag.py:1833} INFO - Sync 1 DAGs
[2021-07-14 20:17:32,629] {logging_mixin.py:104} INFO - [2021-07-14 20:17:32,629] {dag.py:2306} INFO - Setting next_dagrun for example_trigger_target_dag to None
[2021-07-14 20:17:32,642] {scheduler_job.py:190} INFO - Processing /home/airflow/.local/lib/python3.6/site-packages/airflow/example_dags/example_trigger_target_dag.py took 0.071 seconds
[2021-07-14 20:18:03,116] {scheduler_job.py:182} INFO - Started process (PID=2410) to work on /home/airflow/.local/lib/python3.6/site-packages/airflow/example_dags/example_trigger_target_dag.py
[2021-07-14 20:18:03,118] {scheduler_job.py:633} INFO - Processing file /home/airflow/.local/lib/python3.6/site-packages/airflow/example_dags/example_trigger_target_dag.py for tasks to queue
[2021-07-14 20:18:03,119] {logging_mixin.py:104} INFO - [2021-07-14 20:18:03,119] {dagbag.py:496} INFO - Filling up the DagBag from /home/airflow/.local/lib/python3.6/site-packages/airflow/example_dags/example_trigger_target_dag.py
[2021-07-14 20:18:03,143] {scheduler_job.py:643} INFO - DAG(s) dict_keys(['example_trigger_target_dag']) retrieved from /home/airflow/.local/lib/python3.6/site-packages/airflow/example_dags/example_trigger_target_dag.py
[2021-07-14 20:18:03,175] {logging_mixin.py:104} INFO - [2021-07-14 20:18:03,174] {dag.py:1833} INFO - Sync 1 DAGs
[2021-07-14 20:18:03,197] {logging_mixin.py:104} INFO - [2021-07-14 20:18:03,196] {dag.py:2306} INFO - Setting next_dagrun for example_trigger_target_dag to None
[2021-07-14 20:18:03,211] {scheduler_job.py:190} INFO - Processing /home/airflow/.local/lib/python3.6/site-packages/airflow/example_dags/example_trigger_target_dag.py took 0.099 seconds
[2021-07-14 20:18:33,766] {scheduler_job.py:182} INFO - Started process (PID=2463) to work on /home/airflow/.local/lib/python3.6/site-packages/airflow/example_dags/example_trigger_target_dag.py
[2021-07-14 20:18:33,767] {scheduler_job.py:633} INFO - Processing file /home/airflow/.local/lib/python3.6/site-packages/airflow/example_dags/example_trigger_target_dag.py for tasks to queue
[2021-07-14 20:18:33,768] {logging_mixin.py:104} INFO - [2021-07-14 20:18:33,768] {dagbag.py:496} INFO - Filling up the DagBag from /home/airflow/.local/lib/python3.6/site-packages/airflow/example_dags/example_trigger_target_dag.py
[2021-07-14 20:18:33,785] {scheduler_job.py:643} INFO - DAG(s) dict_keys(['example_trigger_target_dag']) retrieved from /home/airflow/.local/lib/python3.6/site-packages/airflow/example_dags/example_trigger_target_dag.py
[2021-07-14 20:18:33,810] {logging_mixin.py:104} INFO - [2021-07-14 20:18:33,810] {dag.py:1833} INFO - Sync 1 DAGs
[2021-07-14 20:18:33,829] {logging_mixin.py:104} INFO - [2021-07-14 20:18:33,829] {dag.py:2306} INFO - Setting next_dagrun for example_trigger_target_dag to None
[2021-07-14 20:18:33,840] {scheduler_job.py:190} INFO - Processing /home/airflow/.local/lib/python3.6/site-packages/airflow/example_dags/example_trigger_target_dag.py took 0.079 seconds
[2021-07-14 20:19:04,638] {scheduler_job.py:182} INFO - Started process (PID=2526) to work on /home/airflow/.local/lib/python3.6/site-packages/airflow/example_dags/example_trigger_target_dag.py
[2021-07-14 20:19:04,639] {scheduler_job.py:633} INFO - Processing file /home/airflow/.local/lib/python3.6/site-packages/airflow/example_dags/example_trigger_target_dag.py for tasks to queue
[2021-07-14 20:19:04,639] {logging_mixin.py:104} INFO - [2021-07-14 20:19:04,639] {dagbag.py:496} INFO - Filling up the DagBag from /home/airflow/.local/lib/python3.6/site-packages/airflow/example_dags/example_trigger_target_dag.py
[2021-07-14 20:19:04,654] {scheduler_job.py:643} INFO - DAG(s) dict_keys(['example_trigger_target_dag']) retrieved from /home/airflow/.local/lib/python3.6/site-packages/airflow/example_dags/example_trigger_target_dag.py
[2021-07-14 20:19:04,675] {logging_mixin.py:104} INFO - [2021-07-14 20:19:04,675] {dag.py:1833} INFO - Sync 1 DAGs
[2021-07-14 20:19:04,691] {logging_mixin.py:104} INFO - [2021-07-14 20:19:04,691] {dag.py:2306} INFO - Setting next_dagrun for example_trigger_target_dag to None
[2021-07-14 20:19:04,704] {scheduler_job.py:190} INFO - Processing /home/airflow/.local/lib/python3.6/site-packages/airflow/example_dags/example_trigger_target_dag.py took 0.070 seconds
[2021-07-14 20:19:34,843] {scheduler_job.py:182} INFO - Started process (PID=2580) to work on /home/airflow/.local/lib/python3.6/site-packages/airflow/example_dags/example_trigger_target_dag.py
[2021-07-14 20:19:34,844] {scheduler_job.py:633} INFO - Processing file /home/airflow/.local/lib/python3.6/site-packages/airflow/example_dags/example_trigger_target_dag.py for tasks to queue
[2021-07-14 20:19:34,845] {logging_mixin.py:104} INFO - [2021-07-14 20:19:34,844] {dagbag.py:496} INFO - Filling up the DagBag from /home/airflow/.local/lib/python3.6/site-packages/airflow/example_dags/example_trigger_target_dag.py
[2021-07-14 20:19:34,865] {scheduler_job.py:643} INFO - DAG(s) dict_keys(['example_trigger_target_dag']) retrieved from /home/airflow/.local/lib/python3.6/site-packages/airflow/example_dags/example_trigger_target_dag.py
[2021-07-14 20:19:34,897] {logging_mixin.py:104} INFO - [2021-07-14 20:19:34,896] {dag.py:1833} INFO - Sync 1 DAGs
[2021-07-14 20:19:34,918] {logging_mixin.py:104} INFO - [2021-07-14 20:19:34,917] {dag.py:2306} INFO - Setting next_dagrun for example_trigger_target_dag to None
[2021-07-14 20:19:34,932] {scheduler_job.py:190} INFO - Processing /home/airflow/.local/lib/python3.6/site-packages/airflow/example_dags/example_trigger_target_dag.py took 0.093 seconds
[2021-07-14 20:20:05,194] {scheduler_job.py:182} INFO - Started process (PID=2642) to work on /home/airflow/.local/lib/python3.6/site-packages/airflow/example_dags/example_trigger_target_dag.py
[2021-07-14 20:20:05,195] {scheduler_job.py:633} INFO - Processing file /home/airflow/.local/lib/python3.6/site-packages/airflow/example_dags/example_trigger_target_dag.py for tasks to queue
[2021-07-14 20:20:05,196] {logging_mixin.py:104} INFO - [2021-07-14 20:20:05,196] {dagbag.py:496} INFO - Filling up the DagBag from /home/airflow/.local/lib/python3.6/site-packages/airflow/example_dags/example_trigger_target_dag.py
[2021-07-14 20:20:05,210] {scheduler_job.py:643} INFO - DAG(s) dict_keys(['example_trigger_target_dag']) retrieved from /home/airflow/.local/lib/python3.6/site-packages/airflow/example_dags/example_trigger_target_dag.py
[2021-07-14 20:20:05,234] {logging_mixin.py:104} INFO - [2021-07-14 20:20:05,234] {dag.py:1833} INFO - Sync 1 DAGs
[2021-07-14 20:20:05,253] {logging_mixin.py:104} INFO - [2021-07-14 20:20:05,253] {dag.py:2306} INFO - Setting next_dagrun for example_trigger_target_dag to None
[2021-07-14 20:20:05,266] {scheduler_job.py:190} INFO - Processing /home/airflow/.local/lib/python3.6/site-packages/airflow/example_dags/example_trigger_target_dag.py took 0.076 seconds
[2021-07-14 20:20:35,390] {scheduler_job.py:182} INFO - Started process (PID=2695) to work on /home/airflow/.local/lib/python3.6/site-packages/airflow/example_dags/example_trigger_target_dag.py
[2021-07-14 20:20:35,392] {scheduler_job.py:633} INFO - Processing file /home/airflow/.local/lib/python3.6/site-packages/airflow/example_dags/example_trigger_target_dag.py for tasks to queue
[2021-07-14 20:20:35,393] {logging_mixin.py:104} INFO - [2021-07-14 20:20:35,393] {dagbag.py:496} INFO - Filling up the DagBag from /home/airflow/.local/lib/python3.6/site-packages/airflow/example_dags/example_trigger_target_dag.py
[2021-07-14 20:20:35,422] {scheduler_job.py:643} INFO - DAG(s) dict_keys(['example_trigger_target_dag']) retrieved from /home/airflow/.local/lib/python3.6/site-packages/airflow/example_dags/example_trigger_target_dag.py
[2021-07-14 20:20:35,460] {logging_mixin.py:104} INFO - [2021-07-14 20:20:35,460] {dag.py:1833} INFO - Sync 1 DAGs
[2021-07-14 20:20:35,494] {logging_mixin.py:104} INFO - [2021-07-14 20:20:35,494] {dag.py:2306} INFO - Setting next_dagrun for example_trigger_target_dag to None
[2021-07-14 20:20:35,513] {scheduler_job.py:190} INFO - Processing /home/airflow/.local/lib/python3.6/site-packages/airflow/example_dags/example_trigger_target_dag.py took 0.127 seconds
[2021-07-14 20:21:06,060] {scheduler_job.py:182} INFO - Started process (PID=2761) to work on /home/airflow/.local/lib/python3.6/site-packages/airflow/example_dags/example_trigger_target_dag.py
[2021-07-14 20:21:06,062] {scheduler_job.py:633} INFO - Processing file /home/airflow/.local/lib/python3.6/site-packages/airflow/example_dags/example_trigger_target_dag.py for tasks to queue
[2021-07-14 20:21:06,063] {logging_mixin.py:104} INFO - [2021-07-14 20:21:06,062] {dagbag.py:496} INFO - Filling up the DagBag from /home/airflow/.local/lib/python3.6/site-packages/airflow/example_dags/example_trigger_target_dag.py
[2021-07-14 20:21:06,078] {scheduler_job.py:643} INFO - DAG(s) dict_keys(['example_trigger_target_dag']) retrieved from /home/airflow/.local/lib/python3.6/site-packages/airflow/example_dags/example_trigger_target_dag.py
[2021-07-14 20:21:06,097] {logging_mixin.py:104} INFO - [2021-07-14 20:21:06,097] {dag.py:1833} INFO - Sync 1 DAGs
[2021-07-14 20:21:06,113] {logging_mixin.py:104} INFO - [2021-07-14 20:21:06,113] {dag.py:2306} INFO - Setting next_dagrun for example_trigger_target_dag to None
[2021-07-14 20:21:06,122] {scheduler_job.py:190} INFO - Processing /home/airflow/.local/lib/python3.6/site-packages/airflow/example_dags/example_trigger_target_dag.py took 0.067 seconds
[2021-07-14 20:21:36,466] {scheduler_job.py:182} INFO - Started process (PID=2816) to work on /home/airflow/.local/lib/python3.6/site-packages/airflow/example_dags/example_trigger_target_dag.py
[2021-07-14 20:21:36,467] {scheduler_job.py:633} INFO - Processing file /home/airflow/.local/lib/python3.6/site-packages/airflow/example_dags/example_trigger_target_dag.py for tasks to queue
[2021-07-14 20:21:36,468] {logging_mixin.py:104} INFO - [2021-07-14 20:21:36,468] {dagbag.py:496} INFO - Filling up the DagBag from /home/airflow/.local/lib/python3.6/site-packages/airflow/example_dags/example_trigger_target_dag.py
[2021-07-14 20:21:36,481] {scheduler_job.py:643} INFO - DAG(s) dict_keys(['example_trigger_target_dag']) retrieved from /home/airflow/.local/lib/python3.6/site-packages/airflow/example_dags/example_trigger_target_dag.py
[2021-07-14 20:21:36,504] {logging_mixin.py:104} INFO - [2021-07-14 20:21:36,504] {dag.py:1833} INFO - Sync 1 DAGs
[2021-07-14 20:21:36,526] {logging_mixin.py:104} INFO - [2021-07-14 20:21:36,526] {dag.py:2306} INFO - Setting next_dagrun for example_trigger_target_dag to None
[2021-07-14 20:21:36,538] {scheduler_job.py:190} INFO - Processing /home/airflow/.local/lib/python3.6/site-packages/airflow/example_dags/example_trigger_target_dag.py took 0.076 seconds
[2021-07-14 20:22:07,055] {scheduler_job.py:182} INFO - Started process (PID=2881) to work on /home/airflow/.local/lib/python3.6/site-packages/airflow/example_dags/example_trigger_target_dag.py
[2021-07-14 20:22:07,057] {scheduler_job.py:633} INFO - Processing file /home/airflow/.local/lib/python3.6/site-packages/airflow/example_dags/example_trigger_target_dag.py for tasks to queue
[2021-07-14 20:22:07,058] {logging_mixin.py:104} INFO - [2021-07-14 20:22:07,057] {dagbag.py:496} INFO - Filling up the DagBag from /home/airflow/.local/lib/python3.6/site-packages/airflow/example_dags/example_trigger_target_dag.py
[2021-07-14 20:22:07,072] {scheduler_job.py:643} INFO - DAG(s) dict_keys(['example_trigger_target_dag']) retrieved from /home/airflow/.local/lib/python3.6/site-packages/airflow/example_dags/example_trigger_target_dag.py
[2021-07-14 20:22:07,093] {logging_mixin.py:104} INFO - [2021-07-14 20:22:07,093] {dag.py:1833} INFO - Sync 1 DAGs
[2021-07-14 20:22:07,110] {logging_mixin.py:104} INFO - [2021-07-14 20:22:07,110] {dag.py:2306} INFO - Setting next_dagrun for example_trigger_target_dag to None
[2021-07-14 20:22:07,121] {scheduler_job.py:190} INFO - Processing /home/airflow/.local/lib/python3.6/site-packages/airflow/example_dags/example_trigger_target_dag.py took 0.072 seconds
