[2021-07-14 19:04:54,519] {scheduler_job.py:182} INFO - Started process (PID=30) to work on /home/airflow/.local/lib/python3.6/site-packages/airflow/example_dags/example_skip_dag.py
[2021-07-14 19:04:54,523] {scheduler_job.py:633} INFO - Processing file /home/airflow/.local/lib/python3.6/site-packages/airflow/example_dags/example_skip_dag.py for tasks to queue
[2021-07-14 19:04:54,525] {logging_mixin.py:104} INFO - [2021-07-14 19:04:54,524] {dagbag.py:496} INFO - Filling up the DagBag from /home/airflow/.local/lib/python3.6/site-packages/airflow/example_dags/example_skip_dag.py
[2021-07-14 19:04:54,568] {scheduler_job.py:643} INFO - DAG(s) dict_keys(['example_skip_dag']) retrieved from /home/airflow/.local/lib/python3.6/site-packages/airflow/example_dags/example_skip_dag.py
[2021-07-14 19:04:55,506] {logging_mixin.py:104} INFO - [2021-07-14 19:04:55,505] {dag.py:1833} INFO - Sync 1 DAGs
[2021-07-14 19:04:55,565] {logging_mixin.py:104} INFO - [2021-07-14 19:04:55,560] {dag.py:2306} INFO - Setting next_dagrun for example_skip_dag to 2021-07-12 00:00:00+00:00
[2021-07-14 19:04:55,605] {scheduler_job.py:190} INFO - Processing /home/airflow/.local/lib/python3.6/site-packages/airflow/example_dags/example_skip_dag.py took 1.091 seconds
[2021-07-14 19:05:25,938] {scheduler_job.py:182} INFO - Started process (PID=89) to work on /home/airflow/.local/lib/python3.6/site-packages/airflow/example_dags/example_skip_dag.py
[2021-07-14 19:05:25,939] {scheduler_job.py:633} INFO - Processing file /home/airflow/.local/lib/python3.6/site-packages/airflow/example_dags/example_skip_dag.py for tasks to queue
[2021-07-14 19:05:25,940] {logging_mixin.py:104} INFO - [2021-07-14 19:05:25,940] {dagbag.py:496} INFO - Filling up the DagBag from /home/airflow/.local/lib/python3.6/site-packages/airflow/example_dags/example_skip_dag.py
[2021-07-14 19:05:25,970] {scheduler_job.py:643} INFO - DAG(s) dict_keys(['example_skip_dag']) retrieved from /home/airflow/.local/lib/python3.6/site-packages/airflow/example_dags/example_skip_dag.py
[2021-07-14 19:05:26,004] {logging_mixin.py:104} INFO - [2021-07-14 19:05:26,004] {dag.py:1833} INFO - Sync 1 DAGs
[2021-07-14 19:05:26,031] {logging_mixin.py:104} INFO - [2021-07-14 19:05:26,031] {dag.py:2306} INFO - Setting next_dagrun for example_skip_dag to 2021-07-12 00:00:00+00:00
[2021-07-14 19:05:26,048] {scheduler_job.py:190} INFO - Processing /home/airflow/.local/lib/python3.6/site-packages/airflow/example_dags/example_skip_dag.py took 0.116 seconds
[2021-07-14 19:05:56,595] {scheduler_job.py:182} INFO - Started process (PID=144) to work on /home/airflow/.local/lib/python3.6/site-packages/airflow/example_dags/example_skip_dag.py
[2021-07-14 19:05:56,597] {scheduler_job.py:633} INFO - Processing file /home/airflow/.local/lib/python3.6/site-packages/airflow/example_dags/example_skip_dag.py for tasks to queue
[2021-07-14 19:05:56,597] {logging_mixin.py:104} INFO - [2021-07-14 19:05:56,597] {dagbag.py:496} INFO - Filling up the DagBag from /home/airflow/.local/lib/python3.6/site-packages/airflow/example_dags/example_skip_dag.py
[2021-07-14 19:05:56,621] {scheduler_job.py:643} INFO - DAG(s) dict_keys(['example_skip_dag']) retrieved from /home/airflow/.local/lib/python3.6/site-packages/airflow/example_dags/example_skip_dag.py
[2021-07-14 19:05:56,663] {logging_mixin.py:104} INFO - [2021-07-14 19:05:56,663] {dag.py:1833} INFO - Sync 1 DAGs
[2021-07-14 19:05:56,697] {logging_mixin.py:104} INFO - [2021-07-14 19:05:56,697] {dag.py:2306} INFO - Setting next_dagrun for example_skip_dag to 2021-07-12 00:00:00+00:00
[2021-07-14 19:05:56,716] {scheduler_job.py:190} INFO - Processing /home/airflow/.local/lib/python3.6/site-packages/airflow/example_dags/example_skip_dag.py took 0.124 seconds
[2021-07-14 19:06:26,935] {scheduler_job.py:182} INFO - Started process (PID=205) to work on /home/airflow/.local/lib/python3.6/site-packages/airflow/example_dags/example_skip_dag.py
[2021-07-14 19:06:26,941] {scheduler_job.py:633} INFO - Processing file /home/airflow/.local/lib/python3.6/site-packages/airflow/example_dags/example_skip_dag.py for tasks to queue
[2021-07-14 19:06:26,942] {logging_mixin.py:104} INFO - [2021-07-14 19:06:26,942] {dagbag.py:496} INFO - Filling up the DagBag from /home/airflow/.local/lib/python3.6/site-packages/airflow/example_dags/example_skip_dag.py
[2021-07-14 19:06:26,987] {scheduler_job.py:643} INFO - DAG(s) dict_keys(['example_skip_dag']) retrieved from /home/airflow/.local/lib/python3.6/site-packages/airflow/example_dags/example_skip_dag.py
[2021-07-14 19:06:27,032] {logging_mixin.py:104} INFO - [2021-07-14 19:06:27,032] {dag.py:1833} INFO - Sync 1 DAGs
[2021-07-14 19:06:27,067] {logging_mixin.py:104} INFO - [2021-07-14 19:06:27,067] {dag.py:2306} INFO - Setting next_dagrun for example_skip_dag to 2021-07-12 00:00:00+00:00
[2021-07-14 19:06:27,082] {scheduler_job.py:190} INFO - Processing /home/airflow/.local/lib/python3.6/site-packages/airflow/example_dags/example_skip_dag.py took 0.162 seconds
[2021-07-14 19:06:57,234] {scheduler_job.py:182} INFO - Started process (PID=260) to work on /home/airflow/.local/lib/python3.6/site-packages/airflow/example_dags/example_skip_dag.py
[2021-07-14 19:06:57,236] {scheduler_job.py:633} INFO - Processing file /home/airflow/.local/lib/python3.6/site-packages/airflow/example_dags/example_skip_dag.py for tasks to queue
[2021-07-14 19:06:57,237] {logging_mixin.py:104} INFO - [2021-07-14 19:06:57,237] {dagbag.py:496} INFO - Filling up the DagBag from /home/airflow/.local/lib/python3.6/site-packages/airflow/example_dags/example_skip_dag.py
[2021-07-14 19:06:57,268] {scheduler_job.py:643} INFO - DAG(s) dict_keys(['example_skip_dag']) retrieved from /home/airflow/.local/lib/python3.6/site-packages/airflow/example_dags/example_skip_dag.py
[2021-07-14 19:06:57,310] {logging_mixin.py:104} INFO - [2021-07-14 19:06:57,310] {dag.py:1833} INFO - Sync 1 DAGs
[2021-07-14 19:06:57,346] {logging_mixin.py:104} INFO - [2021-07-14 19:06:57,346] {dag.py:2306} INFO - Setting next_dagrun for example_skip_dag to 2021-07-12 00:00:00+00:00
[2021-07-14 19:06:57,370] {scheduler_job.py:190} INFO - Processing /home/airflow/.local/lib/python3.6/site-packages/airflow/example_dags/example_skip_dag.py took 0.143 seconds
[2021-07-14 19:07:28,056] {scheduler_job.py:182} INFO - Started process (PID=314) to work on /home/airflow/.local/lib/python3.6/site-packages/airflow/example_dags/example_skip_dag.py
[2021-07-14 19:07:28,067] {scheduler_job.py:633} INFO - Processing file /home/airflow/.local/lib/python3.6/site-packages/airflow/example_dags/example_skip_dag.py for tasks to queue
[2021-07-14 19:07:28,069] {logging_mixin.py:104} INFO - [2021-07-14 19:07:28,069] {dagbag.py:496} INFO - Filling up the DagBag from /home/airflow/.local/lib/python3.6/site-packages/airflow/example_dags/example_skip_dag.py
[2021-07-14 19:07:28,092] {scheduler_job.py:643} INFO - DAG(s) dict_keys(['example_skip_dag']) retrieved from /home/airflow/.local/lib/python3.6/site-packages/airflow/example_dags/example_skip_dag.py
[2021-07-14 19:07:28,132] {logging_mixin.py:104} INFO - [2021-07-14 19:07:28,131] {dag.py:1833} INFO - Sync 1 DAGs
[2021-07-14 19:07:28,163] {logging_mixin.py:104} INFO - [2021-07-14 19:07:28,162] {dag.py:2306} INFO - Setting next_dagrun for example_skip_dag to 2021-07-12 00:00:00+00:00
[2021-07-14 19:07:28,183] {scheduler_job.py:190} INFO - Processing /home/airflow/.local/lib/python3.6/site-packages/airflow/example_dags/example_skip_dag.py took 0.132 seconds
[2021-07-14 19:08:55,021] {scheduler_job.py:182} INFO - Started process (PID=28) to work on /home/airflow/.local/lib/python3.6/site-packages/airflow/example_dags/example_skip_dag.py
[2021-07-14 19:08:55,024] {scheduler_job.py:633} INFO - Processing file /home/airflow/.local/lib/python3.6/site-packages/airflow/example_dags/example_skip_dag.py for tasks to queue
[2021-07-14 19:08:55,025] {logging_mixin.py:104} INFO - [2021-07-14 19:08:55,025] {dagbag.py:496} INFO - Filling up the DagBag from /home/airflow/.local/lib/python3.6/site-packages/airflow/example_dags/example_skip_dag.py
[2021-07-14 19:08:55,058] {scheduler_job.py:643} INFO - DAG(s) dict_keys(['example_skip_dag']) retrieved from /home/airflow/.local/lib/python3.6/site-packages/airflow/example_dags/example_skip_dag.py
[2021-07-14 19:08:55,088] {logging_mixin.py:104} INFO - [2021-07-14 19:08:55,088] {dag.py:1833} INFO - Sync 1 DAGs
[2021-07-14 19:08:55,112] {logging_mixin.py:104} INFO - [2021-07-14 19:08:55,112] {dag.py:2306} INFO - Setting next_dagrun for example_skip_dag to 2021-07-12 00:00:00+00:00
[2021-07-14 19:08:55,133] {scheduler_job.py:190} INFO - Processing /home/airflow/.local/lib/python3.6/site-packages/airflow/example_dags/example_skip_dag.py took 0.116 seconds
[2021-07-14 19:09:26,165] {scheduler_job.py:182} INFO - Started process (PID=92) to work on /home/airflow/.local/lib/python3.6/site-packages/airflow/example_dags/example_skip_dag.py
[2021-07-14 19:09:26,166] {scheduler_job.py:633} INFO - Processing file /home/airflow/.local/lib/python3.6/site-packages/airflow/example_dags/example_skip_dag.py for tasks to queue
[2021-07-14 19:09:26,167] {logging_mixin.py:104} INFO - [2021-07-14 19:09:26,167] {dagbag.py:496} INFO - Filling up the DagBag from /home/airflow/.local/lib/python3.6/site-packages/airflow/example_dags/example_skip_dag.py
[2021-07-14 19:09:26,190] {scheduler_job.py:643} INFO - DAG(s) dict_keys(['example_skip_dag']) retrieved from /home/airflow/.local/lib/python3.6/site-packages/airflow/example_dags/example_skip_dag.py
[2021-07-14 19:09:26,218] {logging_mixin.py:104} INFO - [2021-07-14 19:09:26,218] {dag.py:1833} INFO - Sync 1 DAGs
[2021-07-14 19:09:26,242] {logging_mixin.py:104} INFO - [2021-07-14 19:09:26,242] {dag.py:2306} INFO - Setting next_dagrun for example_skip_dag to 2021-07-12 00:00:00+00:00
[2021-07-14 19:09:26,265] {scheduler_job.py:190} INFO - Processing /home/airflow/.local/lib/python3.6/site-packages/airflow/example_dags/example_skip_dag.py took 0.104 seconds
[2021-07-14 19:09:57,105] {scheduler_job.py:182} INFO - Started process (PID=147) to work on /home/airflow/.local/lib/python3.6/site-packages/airflow/example_dags/example_skip_dag.py
[2021-07-14 19:09:57,106] {scheduler_job.py:633} INFO - Processing file /home/airflow/.local/lib/python3.6/site-packages/airflow/example_dags/example_skip_dag.py for tasks to queue
[2021-07-14 19:09:57,106] {logging_mixin.py:104} INFO - [2021-07-14 19:09:57,106] {dagbag.py:496} INFO - Filling up the DagBag from /home/airflow/.local/lib/python3.6/site-packages/airflow/example_dags/example_skip_dag.py
[2021-07-14 19:09:57,122] {scheduler_job.py:643} INFO - DAG(s) dict_keys(['example_skip_dag']) retrieved from /home/airflow/.local/lib/python3.6/site-packages/airflow/example_dags/example_skip_dag.py
[2021-07-14 19:09:57,146] {logging_mixin.py:104} INFO - [2021-07-14 19:09:57,146] {dag.py:1833} INFO - Sync 1 DAGs
[2021-07-14 19:09:57,164] {logging_mixin.py:104} INFO - [2021-07-14 19:09:57,164] {dag.py:2306} INFO - Setting next_dagrun for example_skip_dag to 2021-07-12 00:00:00+00:00
[2021-07-14 19:09:57,175] {scheduler_job.py:190} INFO - Processing /home/airflow/.local/lib/python3.6/site-packages/airflow/example_dags/example_skip_dag.py took 0.073 seconds
[2021-07-14 19:10:27,558] {scheduler_job.py:182} INFO - Started process (PID=206) to work on /home/airflow/.local/lib/python3.6/site-packages/airflow/example_dags/example_skip_dag.py
[2021-07-14 19:10:27,560] {scheduler_job.py:633} INFO - Processing file /home/airflow/.local/lib/python3.6/site-packages/airflow/example_dags/example_skip_dag.py for tasks to queue
[2021-07-14 19:10:27,562] {logging_mixin.py:104} INFO - [2021-07-14 19:10:27,561] {dagbag.py:496} INFO - Filling up the DagBag from /home/airflow/.local/lib/python3.6/site-packages/airflow/example_dags/example_skip_dag.py
[2021-07-14 19:10:27,593] {scheduler_job.py:643} INFO - DAG(s) dict_keys(['example_skip_dag']) retrieved from /home/airflow/.local/lib/python3.6/site-packages/airflow/example_dags/example_skip_dag.py
[2021-07-14 19:10:27,643] {logging_mixin.py:104} INFO - [2021-07-14 19:10:27,643] {dag.py:1833} INFO - Sync 1 DAGs
[2021-07-14 19:10:27,687] {logging_mixin.py:104} INFO - [2021-07-14 19:10:27,686] {dag.py:2306} INFO - Setting next_dagrun for example_skip_dag to 2021-07-12 00:00:00+00:00
[2021-07-14 19:10:27,711] {scheduler_job.py:190} INFO - Processing /home/airflow/.local/lib/python3.6/site-packages/airflow/example_dags/example_skip_dag.py took 0.159 seconds
[2021-07-14 19:10:58,420] {scheduler_job.py:182} INFO - Started process (PID=269) to work on /home/airflow/.local/lib/python3.6/site-packages/airflow/example_dags/example_skip_dag.py
[2021-07-14 19:10:58,422] {scheduler_job.py:633} INFO - Processing file /home/airflow/.local/lib/python3.6/site-packages/airflow/example_dags/example_skip_dag.py for tasks to queue
[2021-07-14 19:10:58,423] {logging_mixin.py:104} INFO - [2021-07-14 19:10:58,423] {dagbag.py:496} INFO - Filling up the DagBag from /home/airflow/.local/lib/python3.6/site-packages/airflow/example_dags/example_skip_dag.py
[2021-07-14 19:10:58,451] {scheduler_job.py:643} INFO - DAG(s) dict_keys(['example_skip_dag']) retrieved from /home/airflow/.local/lib/python3.6/site-packages/airflow/example_dags/example_skip_dag.py
[2021-07-14 19:10:58,488] {logging_mixin.py:104} INFO - [2021-07-14 19:10:58,487] {dag.py:1833} INFO - Sync 1 DAGs
[2021-07-14 19:10:58,516] {logging_mixin.py:104} INFO - [2021-07-14 19:10:58,516] {dag.py:2306} INFO - Setting next_dagrun for example_skip_dag to 2021-07-12 00:00:00+00:00
[2021-07-14 19:10:58,532] {scheduler_job.py:190} INFO - Processing /home/airflow/.local/lib/python3.6/site-packages/airflow/example_dags/example_skip_dag.py took 0.118 seconds
[2021-07-14 19:11:28,966] {scheduler_job.py:182} INFO - Started process (PID=322) to work on /home/airflow/.local/lib/python3.6/site-packages/airflow/example_dags/example_skip_dag.py
[2021-07-14 19:11:28,973] {scheduler_job.py:633} INFO - Processing file /home/airflow/.local/lib/python3.6/site-packages/airflow/example_dags/example_skip_dag.py for tasks to queue
[2021-07-14 19:11:28,975] {logging_mixin.py:104} INFO - [2021-07-14 19:11:28,974] {dagbag.py:496} INFO - Filling up the DagBag from /home/airflow/.local/lib/python3.6/site-packages/airflow/example_dags/example_skip_dag.py
[2021-07-14 19:11:28,992] {scheduler_job.py:643} INFO - DAG(s) dict_keys(['example_skip_dag']) retrieved from /home/airflow/.local/lib/python3.6/site-packages/airflow/example_dags/example_skip_dag.py
[2021-07-14 19:11:29,029] {logging_mixin.py:104} INFO - [2021-07-14 19:11:29,028] {dag.py:1833} INFO - Sync 1 DAGs
[2021-07-14 19:11:29,060] {logging_mixin.py:104} INFO - [2021-07-14 19:11:29,059] {dag.py:2306} INFO - Setting next_dagrun for example_skip_dag to 2021-07-12 00:00:00+00:00
[2021-07-14 19:11:29,082] {scheduler_job.py:190} INFO - Processing /home/airflow/.local/lib/python3.6/site-packages/airflow/example_dags/example_skip_dag.py took 0.120 seconds
[2021-07-14 19:11:59,776] {scheduler_job.py:182} INFO - Started process (PID=386) to work on /home/airflow/.local/lib/python3.6/site-packages/airflow/example_dags/example_skip_dag.py
[2021-07-14 19:11:59,777] {scheduler_job.py:633} INFO - Processing file /home/airflow/.local/lib/python3.6/site-packages/airflow/example_dags/example_skip_dag.py for tasks to queue
[2021-07-14 19:11:59,779] {logging_mixin.py:104} INFO - [2021-07-14 19:11:59,779] {dagbag.py:496} INFO - Filling up the DagBag from /home/airflow/.local/lib/python3.6/site-packages/airflow/example_dags/example_skip_dag.py
[2021-07-14 19:11:59,803] {scheduler_job.py:643} INFO - DAG(s) dict_keys(['example_skip_dag']) retrieved from /home/airflow/.local/lib/python3.6/site-packages/airflow/example_dags/example_skip_dag.py
[2021-07-14 19:11:59,842] {logging_mixin.py:104} INFO - [2021-07-14 19:11:59,841] {dag.py:1833} INFO - Sync 1 DAGs
[2021-07-14 19:11:59,870] {logging_mixin.py:104} INFO - [2021-07-14 19:11:59,869] {dag.py:2306} INFO - Setting next_dagrun for example_skip_dag to 2021-07-12 00:00:00+00:00
[2021-07-14 19:11:59,886] {scheduler_job.py:190} INFO - Processing /home/airflow/.local/lib/python3.6/site-packages/airflow/example_dags/example_skip_dag.py took 0.116 seconds
[2021-07-14 19:12:30,576] {scheduler_job.py:182} INFO - Started process (PID=439) to work on /home/airflow/.local/lib/python3.6/site-packages/airflow/example_dags/example_skip_dag.py
[2021-07-14 19:12:30,578] {scheduler_job.py:633} INFO - Processing file /home/airflow/.local/lib/python3.6/site-packages/airflow/example_dags/example_skip_dag.py for tasks to queue
[2021-07-14 19:12:30,580] {logging_mixin.py:104} INFO - [2021-07-14 19:12:30,580] {dagbag.py:496} INFO - Filling up the DagBag from /home/airflow/.local/lib/python3.6/site-packages/airflow/example_dags/example_skip_dag.py
[2021-07-14 19:12:30,600] {scheduler_job.py:643} INFO - DAG(s) dict_keys(['example_skip_dag']) retrieved from /home/airflow/.local/lib/python3.6/site-packages/airflow/example_dags/example_skip_dag.py
[2021-07-14 19:12:30,629] {logging_mixin.py:104} INFO - [2021-07-14 19:12:30,629] {dag.py:1833} INFO - Sync 1 DAGs
[2021-07-14 19:12:30,653] {logging_mixin.py:104} INFO - [2021-07-14 19:12:30,653] {dag.py:2306} INFO - Setting next_dagrun for example_skip_dag to 2021-07-12 00:00:00+00:00
[2021-07-14 19:12:30,666] {scheduler_job.py:190} INFO - Processing /home/airflow/.local/lib/python3.6/site-packages/airflow/example_dags/example_skip_dag.py took 0.095 seconds
[2021-07-14 19:57:41,977] {scheduler_job.py:182} INFO - Started process (PID=28) to work on /home/airflow/.local/lib/python3.6/site-packages/airflow/example_dags/example_skip_dag.py
[2021-07-14 19:57:41,979] {scheduler_job.py:633} INFO - Processing file /home/airflow/.local/lib/python3.6/site-packages/airflow/example_dags/example_skip_dag.py for tasks to queue
[2021-07-14 19:57:41,981] {logging_mixin.py:104} INFO - [2021-07-14 19:57:41,980] {dagbag.py:496} INFO - Filling up the DagBag from /home/airflow/.local/lib/python3.6/site-packages/airflow/example_dags/example_skip_dag.py
[2021-07-14 19:57:42,015] {scheduler_job.py:643} INFO - DAG(s) dict_keys(['example_skip_dag']) retrieved from /home/airflow/.local/lib/python3.6/site-packages/airflow/example_dags/example_skip_dag.py
[2021-07-14 19:57:42,068] {logging_mixin.py:104} INFO - [2021-07-14 19:57:42,068] {dag.py:1833} INFO - Sync 1 DAGs
[2021-07-14 19:57:42,101] {logging_mixin.py:104} INFO - [2021-07-14 19:57:42,101] {dag.py:2306} INFO - Setting next_dagrun for example_skip_dag to 2021-07-12 00:00:00+00:00
[2021-07-14 19:57:42,120] {scheduler_job.py:190} INFO - Processing /home/airflow/.local/lib/python3.6/site-packages/airflow/example_dags/example_skip_dag.py took 0.148 seconds
[2021-07-14 19:58:12,812] {scheduler_job.py:182} INFO - Started process (PID=81) to work on /home/airflow/.local/lib/python3.6/site-packages/airflow/example_dags/example_skip_dag.py
[2021-07-14 19:58:12,814] {scheduler_job.py:633} INFO - Processing file /home/airflow/.local/lib/python3.6/site-packages/airflow/example_dags/example_skip_dag.py for tasks to queue
[2021-07-14 19:58:12,815] {logging_mixin.py:104} INFO - [2021-07-14 19:58:12,815] {dagbag.py:496} INFO - Filling up the DagBag from /home/airflow/.local/lib/python3.6/site-packages/airflow/example_dags/example_skip_dag.py
[2021-07-14 19:58:12,841] {scheduler_job.py:643} INFO - DAG(s) dict_keys(['example_skip_dag']) retrieved from /home/airflow/.local/lib/python3.6/site-packages/airflow/example_dags/example_skip_dag.py
[2021-07-14 19:58:12,879] {logging_mixin.py:104} INFO - [2021-07-14 19:58:12,879] {dag.py:1833} INFO - Sync 1 DAGs
[2021-07-14 19:58:12,907] {logging_mixin.py:104} INFO - [2021-07-14 19:58:12,907] {dag.py:2306} INFO - Setting next_dagrun for example_skip_dag to 2021-07-12 00:00:00+00:00
[2021-07-14 19:58:12,927] {scheduler_job.py:190} INFO - Processing /home/airflow/.local/lib/python3.6/site-packages/airflow/example_dags/example_skip_dag.py took 0.120 seconds
[2021-07-14 19:58:43,917] {scheduler_job.py:182} INFO - Started process (PID=146) to work on /home/airflow/.local/lib/python3.6/site-packages/airflow/example_dags/example_skip_dag.py
[2021-07-14 19:58:43,918] {scheduler_job.py:633} INFO - Processing file /home/airflow/.local/lib/python3.6/site-packages/airflow/example_dags/example_skip_dag.py for tasks to queue
[2021-07-14 19:58:43,919] {logging_mixin.py:104} INFO - [2021-07-14 19:58:43,919] {dagbag.py:496} INFO - Filling up the DagBag from /home/airflow/.local/lib/python3.6/site-packages/airflow/example_dags/example_skip_dag.py
[2021-07-14 19:58:43,943] {scheduler_job.py:643} INFO - DAG(s) dict_keys(['example_skip_dag']) retrieved from /home/airflow/.local/lib/python3.6/site-packages/airflow/example_dags/example_skip_dag.py
[2021-07-14 19:58:43,974] {logging_mixin.py:104} INFO - [2021-07-14 19:58:43,973] {dag.py:1833} INFO - Sync 1 DAGs
[2021-07-14 19:58:43,998] {logging_mixin.py:104} INFO - [2021-07-14 19:58:43,998] {dag.py:2306} INFO - Setting next_dagrun for example_skip_dag to 2021-07-12 00:00:00+00:00
[2021-07-14 19:58:44,011] {scheduler_job.py:190} INFO - Processing /home/airflow/.local/lib/python3.6/site-packages/airflow/example_dags/example_skip_dag.py took 0.098 seconds
[2021-07-14 19:59:14,574] {scheduler_job.py:182} INFO - Started process (PID=209) to work on /home/airflow/.local/lib/python3.6/site-packages/airflow/example_dags/example_skip_dag.py
[2021-07-14 19:59:14,576] {scheduler_job.py:633} INFO - Processing file /home/airflow/.local/lib/python3.6/site-packages/airflow/example_dags/example_skip_dag.py for tasks to queue
[2021-07-14 19:59:14,576] {logging_mixin.py:104} INFO - [2021-07-14 19:59:14,576] {dagbag.py:496} INFO - Filling up the DagBag from /home/airflow/.local/lib/python3.6/site-packages/airflow/example_dags/example_skip_dag.py
[2021-07-14 19:59:14,599] {scheduler_job.py:643} INFO - DAG(s) dict_keys(['example_skip_dag']) retrieved from /home/airflow/.local/lib/python3.6/site-packages/airflow/example_dags/example_skip_dag.py
[2021-07-14 19:59:14,631] {logging_mixin.py:104} INFO - [2021-07-14 19:59:14,631] {dag.py:1833} INFO - Sync 1 DAGs
[2021-07-14 19:59:14,653] {logging_mixin.py:104} INFO - [2021-07-14 19:59:14,653] {dag.py:2306} INFO - Setting next_dagrun for example_skip_dag to 2021-07-12 00:00:00+00:00
[2021-07-14 19:59:14,671] {scheduler_job.py:190} INFO - Processing /home/airflow/.local/lib/python3.6/site-packages/airflow/example_dags/example_skip_dag.py took 0.101 seconds
[2021-07-14 19:59:45,565] {scheduler_job.py:182} INFO - Started process (PID=265) to work on /home/airflow/.local/lib/python3.6/site-packages/airflow/example_dags/example_skip_dag.py
[2021-07-14 19:59:45,566] {scheduler_job.py:633} INFO - Processing file /home/airflow/.local/lib/python3.6/site-packages/airflow/example_dags/example_skip_dag.py for tasks to queue
[2021-07-14 19:59:45,567] {logging_mixin.py:104} INFO - [2021-07-14 19:59:45,567] {dagbag.py:496} INFO - Filling up the DagBag from /home/airflow/.local/lib/python3.6/site-packages/airflow/example_dags/example_skip_dag.py
[2021-07-14 19:59:45,587] {scheduler_job.py:643} INFO - DAG(s) dict_keys(['example_skip_dag']) retrieved from /home/airflow/.local/lib/python3.6/site-packages/airflow/example_dags/example_skip_dag.py
[2021-07-14 19:59:45,614] {logging_mixin.py:104} INFO - [2021-07-14 19:59:45,614] {dag.py:1833} INFO - Sync 1 DAGs
[2021-07-14 19:59:45,638] {logging_mixin.py:104} INFO - [2021-07-14 19:59:45,638] {dag.py:2306} INFO - Setting next_dagrun for example_skip_dag to 2021-07-12 00:00:00+00:00
[2021-07-14 19:59:45,653] {scheduler_job.py:190} INFO - Processing /home/airflow/.local/lib/python3.6/site-packages/airflow/example_dags/example_skip_dag.py took 0.094 seconds
[2021-07-14 20:00:16,312] {scheduler_job.py:182} INFO - Started process (PID=328) to work on /home/airflow/.local/lib/python3.6/site-packages/airflow/example_dags/example_skip_dag.py
[2021-07-14 20:00:16,318] {scheduler_job.py:633} INFO - Processing file /home/airflow/.local/lib/python3.6/site-packages/airflow/example_dags/example_skip_dag.py for tasks to queue
[2021-07-14 20:00:16,318] {logging_mixin.py:104} INFO - [2021-07-14 20:00:16,318] {dagbag.py:496} INFO - Filling up the DagBag from /home/airflow/.local/lib/python3.6/site-packages/airflow/example_dags/example_skip_dag.py
[2021-07-14 20:00:16,330] {scheduler_job.py:643} INFO - DAG(s) dict_keys(['example_skip_dag']) retrieved from /home/airflow/.local/lib/python3.6/site-packages/airflow/example_dags/example_skip_dag.py
[2021-07-14 20:00:16,355] {logging_mixin.py:104} INFO - [2021-07-14 20:00:16,355] {dag.py:1833} INFO - Sync 1 DAGs
[2021-07-14 20:00:16,378] {logging_mixin.py:104} INFO - [2021-07-14 20:00:16,378] {dag.py:2306} INFO - Setting next_dagrun for example_skip_dag to 2021-07-12 00:00:00+00:00
[2021-07-14 20:00:16,392] {scheduler_job.py:190} INFO - Processing /home/airflow/.local/lib/python3.6/site-packages/airflow/example_dags/example_skip_dag.py took 0.083 seconds
[2021-07-14 20:00:46,637] {scheduler_job.py:182} INFO - Started process (PID=381) to work on /home/airflow/.local/lib/python3.6/site-packages/airflow/example_dags/example_skip_dag.py
[2021-07-14 20:00:46,638] {scheduler_job.py:633} INFO - Processing file /home/airflow/.local/lib/python3.6/site-packages/airflow/example_dags/example_skip_dag.py for tasks to queue
[2021-07-14 20:00:46,639] {logging_mixin.py:104} INFO - [2021-07-14 20:00:46,639] {dagbag.py:496} INFO - Filling up the DagBag from /home/airflow/.local/lib/python3.6/site-packages/airflow/example_dags/example_skip_dag.py
[2021-07-14 20:00:46,651] {scheduler_job.py:643} INFO - DAG(s) dict_keys(['example_skip_dag']) retrieved from /home/airflow/.local/lib/python3.6/site-packages/airflow/example_dags/example_skip_dag.py
[2021-07-14 20:00:46,677] {logging_mixin.py:104} INFO - [2021-07-14 20:00:46,677] {dag.py:1833} INFO - Sync 1 DAGs
[2021-07-14 20:00:46,694] {logging_mixin.py:104} INFO - [2021-07-14 20:00:46,694] {dag.py:2306} INFO - Setting next_dagrun for example_skip_dag to 2021-07-12 00:00:00+00:00
[2021-07-14 20:00:46,705] {scheduler_job.py:190} INFO - Processing /home/airflow/.local/lib/python3.6/site-packages/airflow/example_dags/example_skip_dag.py took 0.071 seconds
[2021-07-14 20:01:16,931] {scheduler_job.py:182} INFO - Started process (PID=444) to work on /home/airflow/.local/lib/python3.6/site-packages/airflow/example_dags/example_skip_dag.py
[2021-07-14 20:01:16,932] {scheduler_job.py:633} INFO - Processing file /home/airflow/.local/lib/python3.6/site-packages/airflow/example_dags/example_skip_dag.py for tasks to queue
[2021-07-14 20:01:16,933] {logging_mixin.py:104} INFO - [2021-07-14 20:01:16,933] {dagbag.py:496} INFO - Filling up the DagBag from /home/airflow/.local/lib/python3.6/site-packages/airflow/example_dags/example_skip_dag.py
[2021-07-14 20:01:16,947] {scheduler_job.py:643} INFO - DAG(s) dict_keys(['example_skip_dag']) retrieved from /home/airflow/.local/lib/python3.6/site-packages/airflow/example_dags/example_skip_dag.py
[2021-07-14 20:01:16,971] {logging_mixin.py:104} INFO - [2021-07-14 20:01:16,970] {dag.py:1833} INFO - Sync 1 DAGs
[2021-07-14 20:01:16,990] {logging_mixin.py:104} INFO - [2021-07-14 20:01:16,990] {dag.py:2306} INFO - Setting next_dagrun for example_skip_dag to 2021-07-12 00:00:00+00:00
[2021-07-14 20:01:17,002] {scheduler_job.py:190} INFO - Processing /home/airflow/.local/lib/python3.6/site-packages/airflow/example_dags/example_skip_dag.py took 0.074 seconds
[2021-07-14 20:01:47,510] {scheduler_job.py:182} INFO - Started process (PID=498) to work on /home/airflow/.local/lib/python3.6/site-packages/airflow/example_dags/example_skip_dag.py
[2021-07-14 20:01:47,511] {scheduler_job.py:633} INFO - Processing file /home/airflow/.local/lib/python3.6/site-packages/airflow/example_dags/example_skip_dag.py for tasks to queue
[2021-07-14 20:01:47,512] {logging_mixin.py:104} INFO - [2021-07-14 20:01:47,512] {dagbag.py:496} INFO - Filling up the DagBag from /home/airflow/.local/lib/python3.6/site-packages/airflow/example_dags/example_skip_dag.py
[2021-07-14 20:01:47,524] {scheduler_job.py:643} INFO - DAG(s) dict_keys(['example_skip_dag']) retrieved from /home/airflow/.local/lib/python3.6/site-packages/airflow/example_dags/example_skip_dag.py
[2021-07-14 20:01:47,547] {logging_mixin.py:104} INFO - [2021-07-14 20:01:47,547] {dag.py:1833} INFO - Sync 1 DAGs
[2021-07-14 20:01:47,569] {logging_mixin.py:104} INFO - [2021-07-14 20:01:47,569] {dag.py:2306} INFO - Setting next_dagrun for example_skip_dag to 2021-07-12 00:00:00+00:00
[2021-07-14 20:01:47,583] {scheduler_job.py:190} INFO - Processing /home/airflow/.local/lib/python3.6/site-packages/airflow/example_dags/example_skip_dag.py took 0.075 seconds
[2021-07-14 20:02:17,666] {scheduler_job.py:182} INFO - Started process (PID=564) to work on /home/airflow/.local/lib/python3.6/site-packages/airflow/example_dags/example_skip_dag.py
[2021-07-14 20:02:17,668] {scheduler_job.py:633} INFO - Processing file /home/airflow/.local/lib/python3.6/site-packages/airflow/example_dags/example_skip_dag.py for tasks to queue
[2021-07-14 20:02:17,669] {logging_mixin.py:104} INFO - [2021-07-14 20:02:17,668] {dagbag.py:496} INFO - Filling up the DagBag from /home/airflow/.local/lib/python3.6/site-packages/airflow/example_dags/example_skip_dag.py
[2021-07-14 20:02:17,687] {scheduler_job.py:643} INFO - DAG(s) dict_keys(['example_skip_dag']) retrieved from /home/airflow/.local/lib/python3.6/site-packages/airflow/example_dags/example_skip_dag.py
[2021-07-14 20:02:17,714] {logging_mixin.py:104} INFO - [2021-07-14 20:02:17,714] {dag.py:1833} INFO - Sync 1 DAGs
[2021-07-14 20:02:17,736] {logging_mixin.py:104} INFO - [2021-07-14 20:02:17,736] {dag.py:2306} INFO - Setting next_dagrun for example_skip_dag to 2021-07-12 00:00:00+00:00
[2021-07-14 20:02:17,748] {scheduler_job.py:190} INFO - Processing /home/airflow/.local/lib/python3.6/site-packages/airflow/example_dags/example_skip_dag.py took 0.087 seconds
[2021-07-14 20:02:48,560] {scheduler_job.py:182} INFO - Started process (PID=619) to work on /home/airflow/.local/lib/python3.6/site-packages/airflow/example_dags/example_skip_dag.py
[2021-07-14 20:02:48,562] {scheduler_job.py:633} INFO - Processing file /home/airflow/.local/lib/python3.6/site-packages/airflow/example_dags/example_skip_dag.py for tasks to queue
[2021-07-14 20:02:48,562] {logging_mixin.py:104} INFO - [2021-07-14 20:02:48,562] {dagbag.py:496} INFO - Filling up the DagBag from /home/airflow/.local/lib/python3.6/site-packages/airflow/example_dags/example_skip_dag.py
[2021-07-14 20:02:48,575] {scheduler_job.py:643} INFO - DAG(s) dict_keys(['example_skip_dag']) retrieved from /home/airflow/.local/lib/python3.6/site-packages/airflow/example_dags/example_skip_dag.py
[2021-07-14 20:02:48,600] {logging_mixin.py:104} INFO - [2021-07-14 20:02:48,600] {dag.py:1833} INFO - Sync 1 DAGs
[2021-07-14 20:02:48,618] {logging_mixin.py:104} INFO - [2021-07-14 20:02:48,617] {dag.py:2306} INFO - Setting next_dagrun for example_skip_dag to 2021-07-12 00:00:00+00:00
[2021-07-14 20:02:48,628] {scheduler_job.py:190} INFO - Processing /home/airflow/.local/lib/python3.6/site-packages/airflow/example_dags/example_skip_dag.py took 0.071 seconds
[2021-07-14 20:03:18,946] {scheduler_job.py:182} INFO - Started process (PID=683) to work on /home/airflow/.local/lib/python3.6/site-packages/airflow/example_dags/example_skip_dag.py
[2021-07-14 20:03:18,947] {scheduler_job.py:633} INFO - Processing file /home/airflow/.local/lib/python3.6/site-packages/airflow/example_dags/example_skip_dag.py for tasks to queue
[2021-07-14 20:03:18,948] {logging_mixin.py:104} INFO - [2021-07-14 20:03:18,948] {dagbag.py:496} INFO - Filling up the DagBag from /home/airflow/.local/lib/python3.6/site-packages/airflow/example_dags/example_skip_dag.py
[2021-07-14 20:03:18,960] {scheduler_job.py:643} INFO - DAG(s) dict_keys(['example_skip_dag']) retrieved from /home/airflow/.local/lib/python3.6/site-packages/airflow/example_dags/example_skip_dag.py
[2021-07-14 20:03:18,981] {logging_mixin.py:104} INFO - [2021-07-14 20:03:18,981] {dag.py:1833} INFO - Sync 1 DAGs
[2021-07-14 20:03:18,997] {logging_mixin.py:104} INFO - [2021-07-14 20:03:18,997] {dag.py:2306} INFO - Setting next_dagrun for example_skip_dag to 2021-07-12 00:00:00+00:00
[2021-07-14 20:03:19,008] {scheduler_job.py:190} INFO - Processing /home/airflow/.local/lib/python3.6/site-packages/airflow/example_dags/example_skip_dag.py took 0.065 seconds
[2021-07-14 20:03:49,217] {scheduler_job.py:182} INFO - Started process (PID=736) to work on /home/airflow/.local/lib/python3.6/site-packages/airflow/example_dags/example_skip_dag.py
[2021-07-14 20:03:49,218] {scheduler_job.py:633} INFO - Processing file /home/airflow/.local/lib/python3.6/site-packages/airflow/example_dags/example_skip_dag.py for tasks to queue
[2021-07-14 20:03:49,218] {logging_mixin.py:104} INFO - [2021-07-14 20:03:49,218] {dagbag.py:496} INFO - Filling up the DagBag from /home/airflow/.local/lib/python3.6/site-packages/airflow/example_dags/example_skip_dag.py
[2021-07-14 20:03:49,233] {scheduler_job.py:643} INFO - DAG(s) dict_keys(['example_skip_dag']) retrieved from /home/airflow/.local/lib/python3.6/site-packages/airflow/example_dags/example_skip_dag.py
[2021-07-14 20:03:49,258] {logging_mixin.py:104} INFO - [2021-07-14 20:03:49,258] {dag.py:1833} INFO - Sync 1 DAGs
[2021-07-14 20:03:49,276] {logging_mixin.py:104} INFO - [2021-07-14 20:03:49,276] {dag.py:2306} INFO - Setting next_dagrun for example_skip_dag to 2021-07-12 00:00:00+00:00
[2021-07-14 20:03:49,288] {scheduler_job.py:190} INFO - Processing /home/airflow/.local/lib/python3.6/site-packages/airflow/example_dags/example_skip_dag.py took 0.074 seconds
[2021-07-14 20:04:19,649] {scheduler_job.py:182} INFO - Started process (PID=801) to work on /home/airflow/.local/lib/python3.6/site-packages/airflow/example_dags/example_skip_dag.py
[2021-07-14 20:04:19,650] {scheduler_job.py:633} INFO - Processing file /home/airflow/.local/lib/python3.6/site-packages/airflow/example_dags/example_skip_dag.py for tasks to queue
[2021-07-14 20:04:19,651] {logging_mixin.py:104} INFO - [2021-07-14 20:04:19,650] {dagbag.py:496} INFO - Filling up the DagBag from /home/airflow/.local/lib/python3.6/site-packages/airflow/example_dags/example_skip_dag.py
[2021-07-14 20:04:19,662] {scheduler_job.py:643} INFO - DAG(s) dict_keys(['example_skip_dag']) retrieved from /home/airflow/.local/lib/python3.6/site-packages/airflow/example_dags/example_skip_dag.py
[2021-07-14 20:04:19,683] {logging_mixin.py:104} INFO - [2021-07-14 20:04:19,682] {dag.py:1833} INFO - Sync 1 DAGs
[2021-07-14 20:04:19,698] {logging_mixin.py:104} INFO - [2021-07-14 20:04:19,698] {dag.py:2306} INFO - Setting next_dagrun for example_skip_dag to 2021-07-12 00:00:00+00:00
[2021-07-14 20:04:19,708] {scheduler_job.py:190} INFO - Processing /home/airflow/.local/lib/python3.6/site-packages/airflow/example_dags/example_skip_dag.py took 0.062 seconds
[2021-07-14 20:04:50,085] {scheduler_job.py:182} INFO - Started process (PID=856) to work on /home/airflow/.local/lib/python3.6/site-packages/airflow/example_dags/example_skip_dag.py
[2021-07-14 20:04:50,087] {scheduler_job.py:633} INFO - Processing file /home/airflow/.local/lib/python3.6/site-packages/airflow/example_dags/example_skip_dag.py for tasks to queue
[2021-07-14 20:04:50,088] {logging_mixin.py:104} INFO - [2021-07-14 20:04:50,088] {dagbag.py:496} INFO - Filling up the DagBag from /home/airflow/.local/lib/python3.6/site-packages/airflow/example_dags/example_skip_dag.py
[2021-07-14 20:04:50,100] {scheduler_job.py:643} INFO - DAG(s) dict_keys(['example_skip_dag']) retrieved from /home/airflow/.local/lib/python3.6/site-packages/airflow/example_dags/example_skip_dag.py
[2021-07-14 20:04:50,124] {logging_mixin.py:104} INFO - [2021-07-14 20:04:50,124] {dag.py:1833} INFO - Sync 1 DAGs
[2021-07-14 20:04:50,146] {logging_mixin.py:104} INFO - [2021-07-14 20:04:50,146] {dag.py:2306} INFO - Setting next_dagrun for example_skip_dag to 2021-07-12 00:00:00+00:00
[2021-07-14 20:04:50,157] {scheduler_job.py:190} INFO - Processing /home/airflow/.local/lib/python3.6/site-packages/airflow/example_dags/example_skip_dag.py took 0.075 seconds
[2021-07-14 20:05:20,313] {scheduler_job.py:182} INFO - Started process (PID=921) to work on /home/airflow/.local/lib/python3.6/site-packages/airflow/example_dags/example_skip_dag.py
[2021-07-14 20:05:20,315] {scheduler_job.py:633} INFO - Processing file /home/airflow/.local/lib/python3.6/site-packages/airflow/example_dags/example_skip_dag.py for tasks to queue
[2021-07-14 20:05:20,315] {logging_mixin.py:104} INFO - [2021-07-14 20:05:20,315] {dagbag.py:496} INFO - Filling up the DagBag from /home/airflow/.local/lib/python3.6/site-packages/airflow/example_dags/example_skip_dag.py
[2021-07-14 20:05:20,329] {scheduler_job.py:643} INFO - DAG(s) dict_keys(['example_skip_dag']) retrieved from /home/airflow/.local/lib/python3.6/site-packages/airflow/example_dags/example_skip_dag.py
[2021-07-14 20:05:20,351] {logging_mixin.py:104} INFO - [2021-07-14 20:05:20,351] {dag.py:1833} INFO - Sync 1 DAGs
[2021-07-14 20:05:20,369] {logging_mixin.py:104} INFO - [2021-07-14 20:05:20,368] {dag.py:2306} INFO - Setting next_dagrun for example_skip_dag to 2021-07-12 00:00:00+00:00
[2021-07-14 20:05:20,380] {scheduler_job.py:190} INFO - Processing /home/airflow/.local/lib/python3.6/site-packages/airflow/example_dags/example_skip_dag.py took 0.070 seconds
[2021-07-14 20:05:50,607] {scheduler_job.py:182} INFO - Started process (PID=975) to work on /home/airflow/.local/lib/python3.6/site-packages/airflow/example_dags/example_skip_dag.py
[2021-07-14 20:05:50,608] {scheduler_job.py:633} INFO - Processing file /home/airflow/.local/lib/python3.6/site-packages/airflow/example_dags/example_skip_dag.py for tasks to queue
[2021-07-14 20:05:50,609] {logging_mixin.py:104} INFO - [2021-07-14 20:05:50,609] {dagbag.py:496} INFO - Filling up the DagBag from /home/airflow/.local/lib/python3.6/site-packages/airflow/example_dags/example_skip_dag.py
[2021-07-14 20:05:50,620] {scheduler_job.py:643} INFO - DAG(s) dict_keys(['example_skip_dag']) retrieved from /home/airflow/.local/lib/python3.6/site-packages/airflow/example_dags/example_skip_dag.py
[2021-07-14 20:05:50,643] {logging_mixin.py:104} INFO - [2021-07-14 20:05:50,642] {dag.py:1833} INFO - Sync 1 DAGs
[2021-07-14 20:05:50,659] {logging_mixin.py:104} INFO - [2021-07-14 20:05:50,659] {dag.py:2306} INFO - Setting next_dagrun for example_skip_dag to 2021-07-12 00:00:00+00:00
[2021-07-14 20:05:50,671] {scheduler_job.py:190} INFO - Processing /home/airflow/.local/lib/python3.6/site-packages/airflow/example_dags/example_skip_dag.py took 0.066 seconds
[2021-07-14 20:06:21,087] {scheduler_job.py:182} INFO - Started process (PID=1038) to work on /home/airflow/.local/lib/python3.6/site-packages/airflow/example_dags/example_skip_dag.py
[2021-07-14 20:06:21,088] {scheduler_job.py:633} INFO - Processing file /home/airflow/.local/lib/python3.6/site-packages/airflow/example_dags/example_skip_dag.py for tasks to queue
[2021-07-14 20:06:21,089] {logging_mixin.py:104} INFO - [2021-07-14 20:06:21,089] {dagbag.py:496} INFO - Filling up the DagBag from /home/airflow/.local/lib/python3.6/site-packages/airflow/example_dags/example_skip_dag.py
[2021-07-14 20:06:21,103] {scheduler_job.py:643} INFO - DAG(s) dict_keys(['example_skip_dag']) retrieved from /home/airflow/.local/lib/python3.6/site-packages/airflow/example_dags/example_skip_dag.py
[2021-07-14 20:06:21,125] {logging_mixin.py:104} INFO - [2021-07-14 20:06:21,125] {dag.py:1833} INFO - Sync 1 DAGs
[2021-07-14 20:06:21,142] {logging_mixin.py:104} INFO - [2021-07-14 20:06:21,142] {dag.py:2306} INFO - Setting next_dagrun for example_skip_dag to 2021-07-12 00:00:00+00:00
[2021-07-14 20:06:21,153] {scheduler_job.py:190} INFO - Processing /home/airflow/.local/lib/python3.6/site-packages/airflow/example_dags/example_skip_dag.py took 0.070 seconds
[2021-07-14 20:06:52,287] {scheduler_job.py:182} INFO - Started process (PID=1101) to work on /home/airflow/.local/lib/python3.6/site-packages/airflow/example_dags/example_skip_dag.py
[2021-07-14 20:06:52,288] {scheduler_job.py:633} INFO - Processing file /home/airflow/.local/lib/python3.6/site-packages/airflow/example_dags/example_skip_dag.py for tasks to queue
[2021-07-14 20:06:52,289] {logging_mixin.py:104} INFO - [2021-07-14 20:06:52,288] {dagbag.py:496} INFO - Filling up the DagBag from /home/airflow/.local/lib/python3.6/site-packages/airflow/example_dags/example_skip_dag.py
[2021-07-14 20:06:52,301] {scheduler_job.py:643} INFO - DAG(s) dict_keys(['example_skip_dag']) retrieved from /home/airflow/.local/lib/python3.6/site-packages/airflow/example_dags/example_skip_dag.py
[2021-07-14 20:06:52,324] {logging_mixin.py:104} INFO - [2021-07-14 20:06:52,324] {dag.py:1833} INFO - Sync 1 DAGs
[2021-07-14 20:06:52,343] {logging_mixin.py:104} INFO - [2021-07-14 20:06:52,343] {dag.py:2306} INFO - Setting next_dagrun for example_skip_dag to 2021-07-12 00:00:00+00:00
[2021-07-14 20:06:52,354] {scheduler_job.py:190} INFO - Processing /home/airflow/.local/lib/python3.6/site-packages/airflow/example_dags/example_skip_dag.py took 0.071 seconds
[2021-07-14 20:07:22,878] {scheduler_job.py:182} INFO - Started process (PID=1155) to work on /home/airflow/.local/lib/python3.6/site-packages/airflow/example_dags/example_skip_dag.py
[2021-07-14 20:07:22,879] {scheduler_job.py:633} INFO - Processing file /home/airflow/.local/lib/python3.6/site-packages/airflow/example_dags/example_skip_dag.py for tasks to queue
[2021-07-14 20:07:22,880] {logging_mixin.py:104} INFO - [2021-07-14 20:07:22,880] {dagbag.py:496} INFO - Filling up the DagBag from /home/airflow/.local/lib/python3.6/site-packages/airflow/example_dags/example_skip_dag.py
[2021-07-14 20:07:22,897] {scheduler_job.py:643} INFO - DAG(s) dict_keys(['example_skip_dag']) retrieved from /home/airflow/.local/lib/python3.6/site-packages/airflow/example_dags/example_skip_dag.py
[2021-07-14 20:07:22,932] {logging_mixin.py:104} INFO - [2021-07-14 20:07:22,932] {dag.py:1833} INFO - Sync 1 DAGs
[2021-07-14 20:07:22,952] {logging_mixin.py:104} INFO - [2021-07-14 20:07:22,952] {dag.py:2306} INFO - Setting next_dagrun for example_skip_dag to 2021-07-12 00:00:00+00:00
[2021-07-14 20:07:22,966] {scheduler_job.py:190} INFO - Processing /home/airflow/.local/lib/python3.6/site-packages/airflow/example_dags/example_skip_dag.py took 0.092 seconds
[2021-07-14 20:07:53,680] {scheduler_job.py:182} INFO - Started process (PID=1220) to work on /home/airflow/.local/lib/python3.6/site-packages/airflow/example_dags/example_skip_dag.py
[2021-07-14 20:07:53,681] {scheduler_job.py:633} INFO - Processing file /home/airflow/.local/lib/python3.6/site-packages/airflow/example_dags/example_skip_dag.py for tasks to queue
[2021-07-14 20:07:53,682] {logging_mixin.py:104} INFO - [2021-07-14 20:07:53,682] {dagbag.py:496} INFO - Filling up the DagBag from /home/airflow/.local/lib/python3.6/site-packages/airflow/example_dags/example_skip_dag.py
[2021-07-14 20:07:53,696] {scheduler_job.py:643} INFO - DAG(s) dict_keys(['example_skip_dag']) retrieved from /home/airflow/.local/lib/python3.6/site-packages/airflow/example_dags/example_skip_dag.py
[2021-07-14 20:07:53,723] {logging_mixin.py:104} INFO - [2021-07-14 20:07:53,723] {dag.py:1833} INFO - Sync 1 DAGs
[2021-07-14 20:07:53,743] {logging_mixin.py:104} INFO - [2021-07-14 20:07:53,743] {dag.py:2306} INFO - Setting next_dagrun for example_skip_dag to 2021-07-12 00:00:00+00:00
[2021-07-14 20:07:53,757] {scheduler_job.py:190} INFO - Processing /home/airflow/.local/lib/python3.6/site-packages/airflow/example_dags/example_skip_dag.py took 0.081 seconds
[2021-07-14 20:08:24,064] {scheduler_job.py:182} INFO - Started process (PID=1275) to work on /home/airflow/.local/lib/python3.6/site-packages/airflow/example_dags/example_skip_dag.py
[2021-07-14 20:08:24,065] {scheduler_job.py:633} INFO - Processing file /home/airflow/.local/lib/python3.6/site-packages/airflow/example_dags/example_skip_dag.py for tasks to queue
[2021-07-14 20:08:24,066] {logging_mixin.py:104} INFO - [2021-07-14 20:08:24,066] {dagbag.py:496} INFO - Filling up the DagBag from /home/airflow/.local/lib/python3.6/site-packages/airflow/example_dags/example_skip_dag.py
[2021-07-14 20:08:24,084] {scheduler_job.py:643} INFO - DAG(s) dict_keys(['example_skip_dag']) retrieved from /home/airflow/.local/lib/python3.6/site-packages/airflow/example_dags/example_skip_dag.py
[2021-07-14 20:08:24,112] {logging_mixin.py:104} INFO - [2021-07-14 20:08:24,112] {dag.py:1833} INFO - Sync 1 DAGs
[2021-07-14 20:08:24,141] {logging_mixin.py:104} INFO - [2021-07-14 20:08:24,141] {dag.py:2306} INFO - Setting next_dagrun for example_skip_dag to 2021-07-12 00:00:00+00:00
[2021-07-14 20:08:24,161] {scheduler_job.py:190} INFO - Processing /home/airflow/.local/lib/python3.6/site-packages/airflow/example_dags/example_skip_dag.py took 0.102 seconds
[2021-07-14 20:08:54,703] {scheduler_job.py:182} INFO - Started process (PID=1338) to work on /home/airflow/.local/lib/python3.6/site-packages/airflow/example_dags/example_skip_dag.py
[2021-07-14 20:08:54,704] {scheduler_job.py:633} INFO - Processing file /home/airflow/.local/lib/python3.6/site-packages/airflow/example_dags/example_skip_dag.py for tasks to queue
[2021-07-14 20:08:54,705] {logging_mixin.py:104} INFO - [2021-07-14 20:08:54,705] {dagbag.py:496} INFO - Filling up the DagBag from /home/airflow/.local/lib/python3.6/site-packages/airflow/example_dags/example_skip_dag.py
[2021-07-14 20:08:54,717] {scheduler_job.py:643} INFO - DAG(s) dict_keys(['example_skip_dag']) retrieved from /home/airflow/.local/lib/python3.6/site-packages/airflow/example_dags/example_skip_dag.py
[2021-07-14 20:08:54,739] {logging_mixin.py:104} INFO - [2021-07-14 20:08:54,739] {dag.py:1833} INFO - Sync 1 DAGs
[2021-07-14 20:08:54,756] {logging_mixin.py:104} INFO - [2021-07-14 20:08:54,755] {dag.py:2306} INFO - Setting next_dagrun for example_skip_dag to 2021-07-12 00:00:00+00:00
[2021-07-14 20:08:54,766] {scheduler_job.py:190} INFO - Processing /home/airflow/.local/lib/python3.6/site-packages/airflow/example_dags/example_skip_dag.py took 0.066 seconds
[2021-07-14 20:09:25,357] {scheduler_job.py:182} INFO - Started process (PID=1392) to work on /home/airflow/.local/lib/python3.6/site-packages/airflow/example_dags/example_skip_dag.py
[2021-07-14 20:09:25,358] {scheduler_job.py:633} INFO - Processing file /home/airflow/.local/lib/python3.6/site-packages/airflow/example_dags/example_skip_dag.py for tasks to queue
[2021-07-14 20:09:25,358] {logging_mixin.py:104} INFO - [2021-07-14 20:09:25,358] {dagbag.py:496} INFO - Filling up the DagBag from /home/airflow/.local/lib/python3.6/site-packages/airflow/example_dags/example_skip_dag.py
[2021-07-14 20:09:25,370] {scheduler_job.py:643} INFO - DAG(s) dict_keys(['example_skip_dag']) retrieved from /home/airflow/.local/lib/python3.6/site-packages/airflow/example_dags/example_skip_dag.py
[2021-07-14 20:09:25,393] {logging_mixin.py:104} INFO - [2021-07-14 20:09:25,393] {dag.py:1833} INFO - Sync 1 DAGs
[2021-07-14 20:09:25,411] {logging_mixin.py:104} INFO - [2021-07-14 20:09:25,411] {dag.py:2306} INFO - Setting next_dagrun for example_skip_dag to 2021-07-12 00:00:00+00:00
[2021-07-14 20:09:25,421] {scheduler_job.py:190} INFO - Processing /home/airflow/.local/lib/python3.6/site-packages/airflow/example_dags/example_skip_dag.py took 0.067 seconds
[2021-07-14 20:09:55,619] {scheduler_job.py:182} INFO - Started process (PID=1457) to work on /home/airflow/.local/lib/python3.6/site-packages/airflow/example_dags/example_skip_dag.py
[2021-07-14 20:09:55,620] {scheduler_job.py:633} INFO - Processing file /home/airflow/.local/lib/python3.6/site-packages/airflow/example_dags/example_skip_dag.py for tasks to queue
[2021-07-14 20:09:55,621] {logging_mixin.py:104} INFO - [2021-07-14 20:09:55,621] {dagbag.py:496} INFO - Filling up the DagBag from /home/airflow/.local/lib/python3.6/site-packages/airflow/example_dags/example_skip_dag.py
[2021-07-14 20:09:55,633] {scheduler_job.py:643} INFO - DAG(s) dict_keys(['example_skip_dag']) retrieved from /home/airflow/.local/lib/python3.6/site-packages/airflow/example_dags/example_skip_dag.py
[2021-07-14 20:09:55,665] {logging_mixin.py:104} INFO - [2021-07-14 20:09:55,665] {dag.py:1833} INFO - Sync 1 DAGs
[2021-07-14 20:09:55,694] {logging_mixin.py:104} INFO - [2021-07-14 20:09:55,694] {dag.py:2306} INFO - Setting next_dagrun for example_skip_dag to 2021-07-12 00:00:00+00:00
[2021-07-14 20:09:55,706] {scheduler_job.py:190} INFO - Processing /home/airflow/.local/lib/python3.6/site-packages/airflow/example_dags/example_skip_dag.py took 0.090 seconds
[2021-07-14 20:10:26,031] {scheduler_job.py:182} INFO - Started process (PID=1510) to work on /home/airflow/.local/lib/python3.6/site-packages/airflow/example_dags/example_skip_dag.py
[2021-07-14 20:10:26,032] {scheduler_job.py:633} INFO - Processing file /home/airflow/.local/lib/python3.6/site-packages/airflow/example_dags/example_skip_dag.py for tasks to queue
[2021-07-14 20:10:26,033] {logging_mixin.py:104} INFO - [2021-07-14 20:10:26,033] {dagbag.py:496} INFO - Filling up the DagBag from /home/airflow/.local/lib/python3.6/site-packages/airflow/example_dags/example_skip_dag.py
[2021-07-14 20:10:26,045] {scheduler_job.py:643} INFO - DAG(s) dict_keys(['example_skip_dag']) retrieved from /home/airflow/.local/lib/python3.6/site-packages/airflow/example_dags/example_skip_dag.py
[2021-07-14 20:10:26,067] {logging_mixin.py:104} INFO - [2021-07-14 20:10:26,066] {dag.py:1833} INFO - Sync 1 DAGs
[2021-07-14 20:10:26,083] {logging_mixin.py:104} INFO - [2021-07-14 20:10:26,083] {dag.py:2306} INFO - Setting next_dagrun for example_skip_dag to 2021-07-12 00:00:00+00:00
[2021-07-14 20:10:26,093] {scheduler_job.py:190} INFO - Processing /home/airflow/.local/lib/python3.6/site-packages/airflow/example_dags/example_skip_dag.py took 0.064 seconds
[2021-07-14 20:10:56,376] {scheduler_job.py:182} INFO - Started process (PID=1575) to work on /home/airflow/.local/lib/python3.6/site-packages/airflow/example_dags/example_skip_dag.py
[2021-07-14 20:10:56,377] {scheduler_job.py:633} INFO - Processing file /home/airflow/.local/lib/python3.6/site-packages/airflow/example_dags/example_skip_dag.py for tasks to queue
[2021-07-14 20:10:56,378] {logging_mixin.py:104} INFO - [2021-07-14 20:10:56,377] {dagbag.py:496} INFO - Filling up the DagBag from /home/airflow/.local/lib/python3.6/site-packages/airflow/example_dags/example_skip_dag.py
[2021-07-14 20:10:56,390] {scheduler_job.py:643} INFO - DAG(s) dict_keys(['example_skip_dag']) retrieved from /home/airflow/.local/lib/python3.6/site-packages/airflow/example_dags/example_skip_dag.py
[2021-07-14 20:10:56,412] {logging_mixin.py:104} INFO - [2021-07-14 20:10:56,412] {dag.py:1833} INFO - Sync 1 DAGs
[2021-07-14 20:10:56,429] {logging_mixin.py:104} INFO - [2021-07-14 20:10:56,429] {dag.py:2306} INFO - Setting next_dagrun for example_skip_dag to 2021-07-12 00:00:00+00:00
[2021-07-14 20:10:56,439] {scheduler_job.py:190} INFO - Processing /home/airflow/.local/lib/python3.6/site-packages/airflow/example_dags/example_skip_dag.py took 0.066 seconds
[2021-07-14 20:11:26,644] {scheduler_job.py:182} INFO - Started process (PID=1638) to work on /home/airflow/.local/lib/python3.6/site-packages/airflow/example_dags/example_skip_dag.py
[2021-07-14 20:11:26,646] {scheduler_job.py:633} INFO - Processing file /home/airflow/.local/lib/python3.6/site-packages/airflow/example_dags/example_skip_dag.py for tasks to queue
[2021-07-14 20:11:26,647] {logging_mixin.py:104} INFO - [2021-07-14 20:11:26,647] {dagbag.py:496} INFO - Filling up the DagBag from /home/airflow/.local/lib/python3.6/site-packages/airflow/example_dags/example_skip_dag.py
[2021-07-14 20:11:26,664] {scheduler_job.py:643} INFO - DAG(s) dict_keys(['example_skip_dag']) retrieved from /home/airflow/.local/lib/python3.6/site-packages/airflow/example_dags/example_skip_dag.py
[2021-07-14 20:11:26,690] {logging_mixin.py:104} INFO - [2021-07-14 20:11:26,690] {dag.py:1833} INFO - Sync 1 DAGs
[2021-07-14 20:11:26,708] {logging_mixin.py:104} INFO - [2021-07-14 20:11:26,708] {dag.py:2306} INFO - Setting next_dagrun for example_skip_dag to 2021-07-12 00:00:00+00:00
[2021-07-14 20:11:26,722] {scheduler_job.py:190} INFO - Processing /home/airflow/.local/lib/python3.6/site-packages/airflow/example_dags/example_skip_dag.py took 0.082 seconds
[2021-07-14 20:11:57,570] {scheduler_job.py:182} INFO - Started process (PID=1694) to work on /home/airflow/.local/lib/python3.6/site-packages/airflow/example_dags/example_skip_dag.py
[2021-07-14 20:11:57,571] {scheduler_job.py:633} INFO - Processing file /home/airflow/.local/lib/python3.6/site-packages/airflow/example_dags/example_skip_dag.py for tasks to queue
[2021-07-14 20:11:57,572] {logging_mixin.py:104} INFO - [2021-07-14 20:11:57,572] {dagbag.py:496} INFO - Filling up the DagBag from /home/airflow/.local/lib/python3.6/site-packages/airflow/example_dags/example_skip_dag.py
[2021-07-14 20:11:57,584] {scheduler_job.py:643} INFO - DAG(s) dict_keys(['example_skip_dag']) retrieved from /home/airflow/.local/lib/python3.6/site-packages/airflow/example_dags/example_skip_dag.py
[2021-07-14 20:11:57,607] {logging_mixin.py:104} INFO - [2021-07-14 20:11:57,607] {dag.py:1833} INFO - Sync 1 DAGs
[2021-07-14 20:11:57,624] {logging_mixin.py:104} INFO - [2021-07-14 20:11:57,624] {dag.py:2306} INFO - Setting next_dagrun for example_skip_dag to 2021-07-12 00:00:00+00:00
[2021-07-14 20:11:57,634] {scheduler_job.py:190} INFO - Processing /home/airflow/.local/lib/python3.6/site-packages/airflow/example_dags/example_skip_dag.py took 0.067 seconds
[2021-07-14 20:12:27,688] {scheduler_job.py:182} INFO - Started process (PID=1759) to work on /home/airflow/.local/lib/python3.6/site-packages/airflow/example_dags/example_skip_dag.py
[2021-07-14 20:12:27,689] {scheduler_job.py:633} INFO - Processing file /home/airflow/.local/lib/python3.6/site-packages/airflow/example_dags/example_skip_dag.py for tasks to queue
[2021-07-14 20:12:27,690] {logging_mixin.py:104} INFO - [2021-07-14 20:12:27,690] {dagbag.py:496} INFO - Filling up the DagBag from /home/airflow/.local/lib/python3.6/site-packages/airflow/example_dags/example_skip_dag.py
[2021-07-14 20:12:27,701] {scheduler_job.py:643} INFO - DAG(s) dict_keys(['example_skip_dag']) retrieved from /home/airflow/.local/lib/python3.6/site-packages/airflow/example_dags/example_skip_dag.py
[2021-07-14 20:12:27,722] {logging_mixin.py:104} INFO - [2021-07-14 20:12:27,722] {dag.py:1833} INFO - Sync 1 DAGs
[2021-07-14 20:12:27,740] {logging_mixin.py:104} INFO - [2021-07-14 20:12:27,740] {dag.py:2306} INFO - Setting next_dagrun for example_skip_dag to 2021-07-12 00:00:00+00:00
[2021-07-14 20:12:27,751] {scheduler_job.py:190} INFO - Processing /home/airflow/.local/lib/python3.6/site-packages/airflow/example_dags/example_skip_dag.py took 0.065 seconds
[2021-07-14 20:12:57,966] {scheduler_job.py:182} INFO - Started process (PID=1812) to work on /home/airflow/.local/lib/python3.6/site-packages/airflow/example_dags/example_skip_dag.py
[2021-07-14 20:12:57,967] {scheduler_job.py:633} INFO - Processing file /home/airflow/.local/lib/python3.6/site-packages/airflow/example_dags/example_skip_dag.py for tasks to queue
[2021-07-14 20:12:57,968] {logging_mixin.py:104} INFO - [2021-07-14 20:12:57,968] {dagbag.py:496} INFO - Filling up the DagBag from /home/airflow/.local/lib/python3.6/site-packages/airflow/example_dags/example_skip_dag.py
[2021-07-14 20:12:57,979] {scheduler_job.py:643} INFO - DAG(s) dict_keys(['example_skip_dag']) retrieved from /home/airflow/.local/lib/python3.6/site-packages/airflow/example_dags/example_skip_dag.py
[2021-07-14 20:12:58,001] {logging_mixin.py:104} INFO - [2021-07-14 20:12:58,001] {dag.py:1833} INFO - Sync 1 DAGs
[2021-07-14 20:12:58,018] {logging_mixin.py:104} INFO - [2021-07-14 20:12:58,018] {dag.py:2306} INFO - Setting next_dagrun for example_skip_dag to 2021-07-12 00:00:00+00:00
[2021-07-14 20:12:58,027] {scheduler_job.py:190} INFO - Processing /home/airflow/.local/lib/python3.6/site-packages/airflow/example_dags/example_skip_dag.py took 0.064 seconds
[2021-07-14 20:13:28,409] {scheduler_job.py:182} INFO - Started process (PID=1878) to work on /home/airflow/.local/lib/python3.6/site-packages/airflow/example_dags/example_skip_dag.py
[2021-07-14 20:13:28,410] {scheduler_job.py:633} INFO - Processing file /home/airflow/.local/lib/python3.6/site-packages/airflow/example_dags/example_skip_dag.py for tasks to queue
[2021-07-14 20:13:28,411] {logging_mixin.py:104} INFO - [2021-07-14 20:13:28,411] {dagbag.py:496} INFO - Filling up the DagBag from /home/airflow/.local/lib/python3.6/site-packages/airflow/example_dags/example_skip_dag.py
[2021-07-14 20:13:28,422] {scheduler_job.py:643} INFO - DAG(s) dict_keys(['example_skip_dag']) retrieved from /home/airflow/.local/lib/python3.6/site-packages/airflow/example_dags/example_skip_dag.py
[2021-07-14 20:13:28,445] {logging_mixin.py:104} INFO - [2021-07-14 20:13:28,445] {dag.py:1833} INFO - Sync 1 DAGs
[2021-07-14 20:13:28,461] {logging_mixin.py:104} INFO - [2021-07-14 20:13:28,461] {dag.py:2306} INFO - Setting next_dagrun for example_skip_dag to 2021-07-12 00:00:00+00:00
[2021-07-14 20:13:28,472] {scheduler_job.py:190} INFO - Processing /home/airflow/.local/lib/python3.6/site-packages/airflow/example_dags/example_skip_dag.py took 0.066 seconds
[2021-07-14 20:13:59,391] {scheduler_job.py:182} INFO - Started process (PID=1931) to work on /home/airflow/.local/lib/python3.6/site-packages/airflow/example_dags/example_skip_dag.py
[2021-07-14 20:13:59,393] {scheduler_job.py:633} INFO - Processing file /home/airflow/.local/lib/python3.6/site-packages/airflow/example_dags/example_skip_dag.py for tasks to queue
[2021-07-14 20:13:59,393] {logging_mixin.py:104} INFO - [2021-07-14 20:13:59,393] {dagbag.py:496} INFO - Filling up the DagBag from /home/airflow/.local/lib/python3.6/site-packages/airflow/example_dags/example_skip_dag.py
[2021-07-14 20:13:59,406] {scheduler_job.py:643} INFO - DAG(s) dict_keys(['example_skip_dag']) retrieved from /home/airflow/.local/lib/python3.6/site-packages/airflow/example_dags/example_skip_dag.py
[2021-07-14 20:13:59,428] {logging_mixin.py:104} INFO - [2021-07-14 20:13:59,428] {dag.py:1833} INFO - Sync 1 DAGs
[2021-07-14 20:13:59,445] {logging_mixin.py:104} INFO - [2021-07-14 20:13:59,445] {dag.py:2306} INFO - Setting next_dagrun for example_skip_dag to 2021-07-12 00:00:00+00:00
[2021-07-14 20:13:59,456] {scheduler_job.py:190} INFO - Processing /home/airflow/.local/lib/python3.6/site-packages/airflow/example_dags/example_skip_dag.py took 0.067 seconds
[2021-07-14 20:14:29,521] {scheduler_job.py:182} INFO - Started process (PID=1996) to work on /home/airflow/.local/lib/python3.6/site-packages/airflow/example_dags/example_skip_dag.py
[2021-07-14 20:14:29,522] {scheduler_job.py:633} INFO - Processing file /home/airflow/.local/lib/python3.6/site-packages/airflow/example_dags/example_skip_dag.py for tasks to queue
[2021-07-14 20:14:29,523] {logging_mixin.py:104} INFO - [2021-07-14 20:14:29,523] {dagbag.py:496} INFO - Filling up the DagBag from /home/airflow/.local/lib/python3.6/site-packages/airflow/example_dags/example_skip_dag.py
[2021-07-14 20:14:29,536] {scheduler_job.py:643} INFO - DAG(s) dict_keys(['example_skip_dag']) retrieved from /home/airflow/.local/lib/python3.6/site-packages/airflow/example_dags/example_skip_dag.py
[2021-07-14 20:14:29,559] {logging_mixin.py:104} INFO - [2021-07-14 20:14:29,559] {dag.py:1833} INFO - Sync 1 DAGs
[2021-07-14 20:14:29,578] {logging_mixin.py:104} INFO - [2021-07-14 20:14:29,578] {dag.py:2306} INFO - Setting next_dagrun for example_skip_dag to 2021-07-12 00:00:00+00:00
[2021-07-14 20:14:29,590] {scheduler_job.py:190} INFO - Processing /home/airflow/.local/lib/python3.6/site-packages/airflow/example_dags/example_skip_dag.py took 0.072 seconds
[2021-07-14 20:15:00,064] {scheduler_job.py:182} INFO - Started process (PID=2060) to work on /home/airflow/.local/lib/python3.6/site-packages/airflow/example_dags/example_skip_dag.py
[2021-07-14 20:15:00,066] {scheduler_job.py:633} INFO - Processing file /home/airflow/.local/lib/python3.6/site-packages/airflow/example_dags/example_skip_dag.py for tasks to queue
[2021-07-14 20:15:00,066] {logging_mixin.py:104} INFO - [2021-07-14 20:15:00,066] {dagbag.py:496} INFO - Filling up the DagBag from /home/airflow/.local/lib/python3.6/site-packages/airflow/example_dags/example_skip_dag.py
[2021-07-14 20:15:00,080] {scheduler_job.py:643} INFO - DAG(s) dict_keys(['example_skip_dag']) retrieved from /home/airflow/.local/lib/python3.6/site-packages/airflow/example_dags/example_skip_dag.py
[2021-07-14 20:15:00,106] {logging_mixin.py:104} INFO - [2021-07-14 20:15:00,106] {dag.py:1833} INFO - Sync 1 DAGs
[2021-07-14 20:15:00,125] {logging_mixin.py:104} INFO - [2021-07-14 20:15:00,125] {dag.py:2306} INFO - Setting next_dagrun for example_skip_dag to 2021-07-12 00:00:00+00:00
[2021-07-14 20:15:00,137] {scheduler_job.py:190} INFO - Processing /home/airflow/.local/lib/python3.6/site-packages/airflow/example_dags/example_skip_dag.py took 0.076 seconds
[2021-07-14 20:15:30,499] {scheduler_job.py:182} INFO - Started process (PID=2114) to work on /home/airflow/.local/lib/python3.6/site-packages/airflow/example_dags/example_skip_dag.py
[2021-07-14 20:15:30,500] {scheduler_job.py:633} INFO - Processing file /home/airflow/.local/lib/python3.6/site-packages/airflow/example_dags/example_skip_dag.py for tasks to queue
[2021-07-14 20:15:30,501] {logging_mixin.py:104} INFO - [2021-07-14 20:15:30,501] {dagbag.py:496} INFO - Filling up the DagBag from /home/airflow/.local/lib/python3.6/site-packages/airflow/example_dags/example_skip_dag.py
[2021-07-14 20:15:30,523] {scheduler_job.py:643} INFO - DAG(s) dict_keys(['example_skip_dag']) retrieved from /home/airflow/.local/lib/python3.6/site-packages/airflow/example_dags/example_skip_dag.py
[2021-07-14 20:15:30,564] {logging_mixin.py:104} INFO - [2021-07-14 20:15:30,564] {dag.py:1833} INFO - Sync 1 DAGs
[2021-07-14 20:15:30,584] {logging_mixin.py:104} INFO - [2021-07-14 20:15:30,584] {dag.py:2306} INFO - Setting next_dagrun for example_skip_dag to 2021-07-12 00:00:00+00:00
[2021-07-14 20:15:30,600] {scheduler_job.py:190} INFO - Processing /home/airflow/.local/lib/python3.6/site-packages/airflow/example_dags/example_skip_dag.py took 0.104 seconds
[2021-07-14 20:16:00,892] {scheduler_job.py:182} INFO - Started process (PID=2178) to work on /home/airflow/.local/lib/python3.6/site-packages/airflow/example_dags/example_skip_dag.py
[2021-07-14 20:16:00,894] {scheduler_job.py:633} INFO - Processing file /home/airflow/.local/lib/python3.6/site-packages/airflow/example_dags/example_skip_dag.py for tasks to queue
[2021-07-14 20:16:00,895] {logging_mixin.py:104} INFO - [2021-07-14 20:16:00,895] {dagbag.py:496} INFO - Filling up the DagBag from /home/airflow/.local/lib/python3.6/site-packages/airflow/example_dags/example_skip_dag.py
[2021-07-14 20:16:00,912] {scheduler_job.py:643} INFO - DAG(s) dict_keys(['example_skip_dag']) retrieved from /home/airflow/.local/lib/python3.6/site-packages/airflow/example_dags/example_skip_dag.py
[2021-07-14 20:16:00,945] {logging_mixin.py:104} INFO - [2021-07-14 20:16:00,945] {dag.py:1833} INFO - Sync 1 DAGs
[2021-07-14 20:16:00,964] {logging_mixin.py:104} INFO - [2021-07-14 20:16:00,964] {dag.py:2306} INFO - Setting next_dagrun for example_skip_dag to 2021-07-12 00:00:00+00:00
[2021-07-14 20:16:00,977] {scheduler_job.py:190} INFO - Processing /home/airflow/.local/lib/python3.6/site-packages/airflow/example_dags/example_skip_dag.py took 0.088 seconds
[2021-07-14 20:16:31,828] {scheduler_job.py:182} INFO - Started process (PID=2231) to work on /home/airflow/.local/lib/python3.6/site-packages/airflow/example_dags/example_skip_dag.py
[2021-07-14 20:16:31,829] {scheduler_job.py:633} INFO - Processing file /home/airflow/.local/lib/python3.6/site-packages/airflow/example_dags/example_skip_dag.py for tasks to queue
[2021-07-14 20:16:31,830] {logging_mixin.py:104} INFO - [2021-07-14 20:16:31,830] {dagbag.py:496} INFO - Filling up the DagBag from /home/airflow/.local/lib/python3.6/site-packages/airflow/example_dags/example_skip_dag.py
[2021-07-14 20:16:31,845] {scheduler_job.py:643} INFO - DAG(s) dict_keys(['example_skip_dag']) retrieved from /home/airflow/.local/lib/python3.6/site-packages/airflow/example_dags/example_skip_dag.py
[2021-07-14 20:16:31,873] {logging_mixin.py:104} INFO - [2021-07-14 20:16:31,872] {dag.py:1833} INFO - Sync 1 DAGs
[2021-07-14 20:16:31,895] {logging_mixin.py:104} INFO - [2021-07-14 20:16:31,895] {dag.py:2306} INFO - Setting next_dagrun for example_skip_dag to 2021-07-12 00:00:00+00:00
[2021-07-14 20:16:31,909] {scheduler_job.py:190} INFO - Processing /home/airflow/.local/lib/python3.6/site-packages/airflow/example_dags/example_skip_dag.py took 0.086 seconds
[2021-07-14 20:17:02,331] {scheduler_job.py:182} INFO - Started process (PID=2293) to work on /home/airflow/.local/lib/python3.6/site-packages/airflow/example_dags/example_skip_dag.py
[2021-07-14 20:17:02,333] {scheduler_job.py:633} INFO - Processing file /home/airflow/.local/lib/python3.6/site-packages/airflow/example_dags/example_skip_dag.py for tasks to queue
[2021-07-14 20:17:02,334] {logging_mixin.py:104} INFO - [2021-07-14 20:17:02,333] {dagbag.py:496} INFO - Filling up the DagBag from /home/airflow/.local/lib/python3.6/site-packages/airflow/example_dags/example_skip_dag.py
[2021-07-14 20:17:02,350] {scheduler_job.py:643} INFO - DAG(s) dict_keys(['example_skip_dag']) retrieved from /home/airflow/.local/lib/python3.6/site-packages/airflow/example_dags/example_skip_dag.py
[2021-07-14 20:17:02,385] {logging_mixin.py:104} INFO - [2021-07-14 20:17:02,384] {dag.py:1833} INFO - Sync 1 DAGs
[2021-07-14 20:17:02,408] {logging_mixin.py:104} INFO - [2021-07-14 20:17:02,408] {dag.py:2306} INFO - Setting next_dagrun for example_skip_dag to 2021-07-12 00:00:00+00:00
[2021-07-14 20:17:02,418] {scheduler_job.py:190} INFO - Processing /home/airflow/.local/lib/python3.6/site-packages/airflow/example_dags/example_skip_dag.py took 0.092 seconds
[2021-07-14 20:17:32,741] {scheduler_job.py:182} INFO - Started process (PID=2346) to work on /home/airflow/.local/lib/python3.6/site-packages/airflow/example_dags/example_skip_dag.py
[2021-07-14 20:17:32,742] {scheduler_job.py:633} INFO - Processing file /home/airflow/.local/lib/python3.6/site-packages/airflow/example_dags/example_skip_dag.py for tasks to queue
[2021-07-14 20:17:32,743] {logging_mixin.py:104} INFO - [2021-07-14 20:17:32,742] {dagbag.py:496} INFO - Filling up the DagBag from /home/airflow/.local/lib/python3.6/site-packages/airflow/example_dags/example_skip_dag.py
[2021-07-14 20:17:32,754] {scheduler_job.py:643} INFO - DAG(s) dict_keys(['example_skip_dag']) retrieved from /home/airflow/.local/lib/python3.6/site-packages/airflow/example_dags/example_skip_dag.py
[2021-07-14 20:17:32,777] {logging_mixin.py:104} INFO - [2021-07-14 20:17:32,777] {dag.py:1833} INFO - Sync 1 DAGs
[2021-07-14 20:17:32,798] {logging_mixin.py:104} INFO - [2021-07-14 20:17:32,798] {dag.py:2306} INFO - Setting next_dagrun for example_skip_dag to 2021-07-12 00:00:00+00:00
[2021-07-14 20:17:32,811] {scheduler_job.py:190} INFO - Processing /home/airflow/.local/lib/python3.6/site-packages/airflow/example_dags/example_skip_dag.py took 0.072 seconds
[2021-07-14 20:18:03,446] {scheduler_job.py:182} INFO - Started process (PID=2412) to work on /home/airflow/.local/lib/python3.6/site-packages/airflow/example_dags/example_skip_dag.py
[2021-07-14 20:18:03,448] {scheduler_job.py:633} INFO - Processing file /home/airflow/.local/lib/python3.6/site-packages/airflow/example_dags/example_skip_dag.py for tasks to queue
[2021-07-14 20:18:03,449] {logging_mixin.py:104} INFO - [2021-07-14 20:18:03,448] {dagbag.py:496} INFO - Filling up the DagBag from /home/airflow/.local/lib/python3.6/site-packages/airflow/example_dags/example_skip_dag.py
[2021-07-14 20:18:03,463] {scheduler_job.py:643} INFO - DAG(s) dict_keys(['example_skip_dag']) retrieved from /home/airflow/.local/lib/python3.6/site-packages/airflow/example_dags/example_skip_dag.py
[2021-07-14 20:18:03,490] {logging_mixin.py:104} INFO - [2021-07-14 20:18:03,490] {dag.py:1833} INFO - Sync 1 DAGs
[2021-07-14 20:18:03,511] {logging_mixin.py:104} INFO - [2021-07-14 20:18:03,511] {dag.py:2306} INFO - Setting next_dagrun for example_skip_dag to 2021-07-12 00:00:00+00:00
[2021-07-14 20:18:03,523] {scheduler_job.py:190} INFO - Processing /home/airflow/.local/lib/python3.6/site-packages/airflow/example_dags/example_skip_dag.py took 0.082 seconds
[2021-07-14 20:18:33,962] {scheduler_job.py:182} INFO - Started process (PID=2465) to work on /home/airflow/.local/lib/python3.6/site-packages/airflow/example_dags/example_skip_dag.py
[2021-07-14 20:18:33,964] {scheduler_job.py:633} INFO - Processing file /home/airflow/.local/lib/python3.6/site-packages/airflow/example_dags/example_skip_dag.py for tasks to queue
[2021-07-14 20:18:33,965] {logging_mixin.py:104} INFO - [2021-07-14 20:18:33,965] {dagbag.py:496} INFO - Filling up the DagBag from /home/airflow/.local/lib/python3.6/site-packages/airflow/example_dags/example_skip_dag.py
[2021-07-14 20:18:33,981] {scheduler_job.py:643} INFO - DAG(s) dict_keys(['example_skip_dag']) retrieved from /home/airflow/.local/lib/python3.6/site-packages/airflow/example_dags/example_skip_dag.py
[2021-07-14 20:18:34,015] {logging_mixin.py:104} INFO - [2021-07-14 20:18:34,015] {dag.py:1833} INFO - Sync 1 DAGs
[2021-07-14 20:18:34,044] {logging_mixin.py:104} INFO - [2021-07-14 20:18:34,044] {dag.py:2306} INFO - Setting next_dagrun for example_skip_dag to 2021-07-12 00:00:00+00:00
[2021-07-14 20:18:34,061] {scheduler_job.py:190} INFO - Processing /home/airflow/.local/lib/python3.6/site-packages/airflow/example_dags/example_skip_dag.py took 0.104 seconds
[2021-07-14 20:19:04,796] {scheduler_job.py:182} INFO - Started process (PID=2528) to work on /home/airflow/.local/lib/python3.6/site-packages/airflow/example_dags/example_skip_dag.py
[2021-07-14 20:19:04,797] {scheduler_job.py:633} INFO - Processing file /home/airflow/.local/lib/python3.6/site-packages/airflow/example_dags/example_skip_dag.py for tasks to queue
[2021-07-14 20:19:04,798] {logging_mixin.py:104} INFO - [2021-07-14 20:19:04,798] {dagbag.py:496} INFO - Filling up the DagBag from /home/airflow/.local/lib/python3.6/site-packages/airflow/example_dags/example_skip_dag.py
[2021-07-14 20:19:04,811] {scheduler_job.py:643} INFO - DAG(s) dict_keys(['example_skip_dag']) retrieved from /home/airflow/.local/lib/python3.6/site-packages/airflow/example_dags/example_skip_dag.py
[2021-07-14 20:19:04,834] {logging_mixin.py:104} INFO - [2021-07-14 20:19:04,834] {dag.py:1833} INFO - Sync 1 DAGs
[2021-07-14 20:19:04,851] {logging_mixin.py:104} INFO - [2021-07-14 20:19:04,850] {dag.py:2306} INFO - Setting next_dagrun for example_skip_dag to 2021-07-12 00:00:00+00:00
[2021-07-14 20:19:04,860] {scheduler_job.py:190} INFO - Processing /home/airflow/.local/lib/python3.6/site-packages/airflow/example_dags/example_skip_dag.py took 0.067 seconds
[2021-07-14 20:19:35,050] {scheduler_job.py:182} INFO - Started process (PID=2582) to work on /home/airflow/.local/lib/python3.6/site-packages/airflow/example_dags/example_skip_dag.py
[2021-07-14 20:19:35,052] {scheduler_job.py:633} INFO - Processing file /home/airflow/.local/lib/python3.6/site-packages/airflow/example_dags/example_skip_dag.py for tasks to queue
[2021-07-14 20:19:35,053] {logging_mixin.py:104} INFO - [2021-07-14 20:19:35,053] {dagbag.py:496} INFO - Filling up the DagBag from /home/airflow/.local/lib/python3.6/site-packages/airflow/example_dags/example_skip_dag.py
[2021-07-14 20:19:35,069] {scheduler_job.py:643} INFO - DAG(s) dict_keys(['example_skip_dag']) retrieved from /home/airflow/.local/lib/python3.6/site-packages/airflow/example_dags/example_skip_dag.py
[2021-07-14 20:19:35,097] {logging_mixin.py:104} INFO - [2021-07-14 20:19:35,097] {dag.py:1833} INFO - Sync 1 DAGs
[2021-07-14 20:19:35,120] {logging_mixin.py:104} INFO - [2021-07-14 20:19:35,120] {dag.py:2306} INFO - Setting next_dagrun for example_skip_dag to 2021-07-12 00:00:00+00:00
[2021-07-14 20:19:35,136] {scheduler_job.py:190} INFO - Processing /home/airflow/.local/lib/python3.6/site-packages/airflow/example_dags/example_skip_dag.py took 0.088 seconds
[2021-07-14 20:20:05,385] {scheduler_job.py:182} INFO - Started process (PID=2644) to work on /home/airflow/.local/lib/python3.6/site-packages/airflow/example_dags/example_skip_dag.py
[2021-07-14 20:20:05,389] {scheduler_job.py:633} INFO - Processing file /home/airflow/.local/lib/python3.6/site-packages/airflow/example_dags/example_skip_dag.py for tasks to queue
[2021-07-14 20:20:05,390] {logging_mixin.py:104} INFO - [2021-07-14 20:20:05,389] {dagbag.py:496} INFO - Filling up the DagBag from /home/airflow/.local/lib/python3.6/site-packages/airflow/example_dags/example_skip_dag.py
[2021-07-14 20:20:05,405] {scheduler_job.py:643} INFO - DAG(s) dict_keys(['example_skip_dag']) retrieved from /home/airflow/.local/lib/python3.6/site-packages/airflow/example_dags/example_skip_dag.py
[2021-07-14 20:20:05,428] {logging_mixin.py:104} INFO - [2021-07-14 20:20:05,428] {dag.py:1833} INFO - Sync 1 DAGs
[2021-07-14 20:20:05,448] {logging_mixin.py:104} INFO - [2021-07-14 20:20:05,447] {dag.py:2306} INFO - Setting next_dagrun for example_skip_dag to 2021-07-12 00:00:00+00:00
[2021-07-14 20:20:05,461] {scheduler_job.py:190} INFO - Processing /home/airflow/.local/lib/python3.6/site-packages/airflow/example_dags/example_skip_dag.py took 0.079 seconds
[2021-07-14 20:20:35,544] {scheduler_job.py:182} INFO - Started process (PID=2698) to work on /home/airflow/.local/lib/python3.6/site-packages/airflow/example_dags/example_skip_dag.py
[2021-07-14 20:20:35,546] {scheduler_job.py:633} INFO - Processing file /home/airflow/.local/lib/python3.6/site-packages/airflow/example_dags/example_skip_dag.py for tasks to queue
[2021-07-14 20:20:35,547] {logging_mixin.py:104} INFO - [2021-07-14 20:20:35,546] {dagbag.py:496} INFO - Filling up the DagBag from /home/airflow/.local/lib/python3.6/site-packages/airflow/example_dags/example_skip_dag.py
[2021-07-14 20:20:35,562] {scheduler_job.py:643} INFO - DAG(s) dict_keys(['example_skip_dag']) retrieved from /home/airflow/.local/lib/python3.6/site-packages/airflow/example_dags/example_skip_dag.py
[2021-07-14 20:20:35,591] {logging_mixin.py:104} INFO - [2021-07-14 20:20:35,591] {dag.py:1833} INFO - Sync 1 DAGs
[2021-07-14 20:20:35,618] {logging_mixin.py:104} INFO - [2021-07-14 20:20:35,617] {dag.py:2306} INFO - Setting next_dagrun for example_skip_dag to 2021-07-12 00:00:00+00:00
[2021-07-14 20:20:35,635] {scheduler_job.py:190} INFO - Processing /home/airflow/.local/lib/python3.6/site-packages/airflow/example_dags/example_skip_dag.py took 0.096 seconds
[2021-07-14 20:21:06,211] {scheduler_job.py:182} INFO - Started process (PID=2763) to work on /home/airflow/.local/lib/python3.6/site-packages/airflow/example_dags/example_skip_dag.py
[2021-07-14 20:21:06,212] {scheduler_job.py:633} INFO - Processing file /home/airflow/.local/lib/python3.6/site-packages/airflow/example_dags/example_skip_dag.py for tasks to queue
[2021-07-14 20:21:06,213] {logging_mixin.py:104} INFO - [2021-07-14 20:21:06,212] {dagbag.py:496} INFO - Filling up the DagBag from /home/airflow/.local/lib/python3.6/site-packages/airflow/example_dags/example_skip_dag.py
[2021-07-14 20:21:06,225] {scheduler_job.py:643} INFO - DAG(s) dict_keys(['example_skip_dag']) retrieved from /home/airflow/.local/lib/python3.6/site-packages/airflow/example_dags/example_skip_dag.py
[2021-07-14 20:21:06,255] {logging_mixin.py:104} INFO - [2021-07-14 20:21:06,255] {dag.py:1833} INFO - Sync 1 DAGs
[2021-07-14 20:21:06,273] {logging_mixin.py:104} INFO - [2021-07-14 20:21:06,273] {dag.py:2306} INFO - Setting next_dagrun for example_skip_dag to 2021-07-12 00:00:00+00:00
[2021-07-14 20:21:06,283] {scheduler_job.py:190} INFO - Processing /home/airflow/.local/lib/python3.6/site-packages/airflow/example_dags/example_skip_dag.py took 0.075 seconds
[2021-07-14 20:21:36,628] {scheduler_job.py:182} INFO - Started process (PID=2818) to work on /home/airflow/.local/lib/python3.6/site-packages/airflow/example_dags/example_skip_dag.py
[2021-07-14 20:21:36,629] {scheduler_job.py:633} INFO - Processing file /home/airflow/.local/lib/python3.6/site-packages/airflow/example_dags/example_skip_dag.py for tasks to queue
[2021-07-14 20:21:36,630] {logging_mixin.py:104} INFO - [2021-07-14 20:21:36,630] {dagbag.py:496} INFO - Filling up the DagBag from /home/airflow/.local/lib/python3.6/site-packages/airflow/example_dags/example_skip_dag.py
[2021-07-14 20:21:36,642] {scheduler_job.py:643} INFO - DAG(s) dict_keys(['example_skip_dag']) retrieved from /home/airflow/.local/lib/python3.6/site-packages/airflow/example_dags/example_skip_dag.py
[2021-07-14 20:21:36,667] {logging_mixin.py:104} INFO - [2021-07-14 20:21:36,667] {dag.py:1833} INFO - Sync 1 DAGs
[2021-07-14 20:21:36,685] {logging_mixin.py:104} INFO - [2021-07-14 20:21:36,685] {dag.py:2306} INFO - Setting next_dagrun for example_skip_dag to 2021-07-12 00:00:00+00:00
[2021-07-14 20:21:36,696] {scheduler_job.py:190} INFO - Processing /home/airflow/.local/lib/python3.6/site-packages/airflow/example_dags/example_skip_dag.py took 0.071 seconds
[2021-07-14 20:22:07,213] {scheduler_job.py:182} INFO - Started process (PID=2883) to work on /home/airflow/.local/lib/python3.6/site-packages/airflow/example_dags/example_skip_dag.py
[2021-07-14 20:22:07,214] {scheduler_job.py:633} INFO - Processing file /home/airflow/.local/lib/python3.6/site-packages/airflow/example_dags/example_skip_dag.py for tasks to queue
[2021-07-14 20:22:07,215] {logging_mixin.py:104} INFO - [2021-07-14 20:22:07,215] {dagbag.py:496} INFO - Filling up the DagBag from /home/airflow/.local/lib/python3.6/site-packages/airflow/example_dags/example_skip_dag.py
[2021-07-14 20:22:07,227] {scheduler_job.py:643} INFO - DAG(s) dict_keys(['example_skip_dag']) retrieved from /home/airflow/.local/lib/python3.6/site-packages/airflow/example_dags/example_skip_dag.py
[2021-07-14 20:22:07,248] {logging_mixin.py:104} INFO - [2021-07-14 20:22:07,247] {dag.py:1833} INFO - Sync 1 DAGs
[2021-07-14 20:22:07,263] {logging_mixin.py:104} INFO - [2021-07-14 20:22:07,263] {dag.py:2306} INFO - Setting next_dagrun for example_skip_dag to 2021-07-12 00:00:00+00:00
[2021-07-14 20:22:07,273] {scheduler_job.py:190} INFO - Processing /home/airflow/.local/lib/python3.6/site-packages/airflow/example_dags/example_skip_dag.py took 0.063 seconds
