[2021-07-14 19:05:02,806] {scheduler_job.py:182} INFO - Started process (PID=48) to work on /home/airflow/.local/lib/python3.6/site-packages/airflow/example_dags/example_branch_operator.py
[2021-07-14 19:05:02,808] {scheduler_job.py:633} INFO - Processing file /home/airflow/.local/lib/python3.6/site-packages/airflow/example_dags/example_branch_operator.py for tasks to queue
[2021-07-14 19:05:02,809] {logging_mixin.py:104} INFO - [2021-07-14 19:05:02,809] {dagbag.py:496} INFO - Filling up the DagBag from /home/airflow/.local/lib/python3.6/site-packages/airflow/example_dags/example_branch_operator.py
[2021-07-14 19:05:02,897] {scheduler_job.py:643} INFO - DAG(s) dict_keys(['example_branch_operator']) retrieved from /home/airflow/.local/lib/python3.6/site-packages/airflow/example_dags/example_branch_operator.py
[2021-07-14 19:05:04,546] {logging_mixin.py:104} INFO - [2021-07-14 19:05:04,546] {dag.py:1833} INFO - Sync 1 DAGs
[2021-07-14 19:05:04,822] {logging_mixin.py:104} INFO - [2021-07-14 19:05:04,822] {dag.py:2306} INFO - Setting next_dagrun for example_branch_operator to 2021-07-12 00:00:00+00:00
[2021-07-14 19:05:05,077] {scheduler_job.py:190} INFO - Processing /home/airflow/.local/lib/python3.6/site-packages/airflow/example_dags/example_branch_operator.py took 2.277 seconds
[2021-07-14 19:05:35,738] {scheduler_job.py:182} INFO - Started process (PID=109) to work on /home/airflow/.local/lib/python3.6/site-packages/airflow/example_dags/example_branch_operator.py
[2021-07-14 19:05:35,741] {scheduler_job.py:633} INFO - Processing file /home/airflow/.local/lib/python3.6/site-packages/airflow/example_dags/example_branch_operator.py for tasks to queue
[2021-07-14 19:05:35,742] {logging_mixin.py:104} INFO - [2021-07-14 19:05:35,742] {dagbag.py:496} INFO - Filling up the DagBag from /home/airflow/.local/lib/python3.6/site-packages/airflow/example_dags/example_branch_operator.py
[2021-07-14 19:05:35,775] {scheduler_job.py:643} INFO - DAG(s) dict_keys(['example_branch_operator']) retrieved from /home/airflow/.local/lib/python3.6/site-packages/airflow/example_dags/example_branch_operator.py
[2021-07-14 19:05:35,810] {logging_mixin.py:104} INFO - [2021-07-14 19:05:35,810] {dag.py:1833} INFO - Sync 1 DAGs
[2021-07-14 19:05:35,842] {logging_mixin.py:104} INFO - [2021-07-14 19:05:35,842] {dag.py:2306} INFO - Setting next_dagrun for example_branch_operator to 2021-07-12 00:00:00+00:00
[2021-07-14 19:05:35,861] {scheduler_job.py:190} INFO - Processing /home/airflow/.local/lib/python3.6/site-packages/airflow/example_dags/example_branch_operator.py took 0.128 seconds
[2021-07-14 19:06:06,254] {scheduler_job.py:182} INFO - Started process (PID=162) to work on /home/airflow/.local/lib/python3.6/site-packages/airflow/example_dags/example_branch_operator.py
[2021-07-14 19:06:06,258] {scheduler_job.py:633} INFO - Processing file /home/airflow/.local/lib/python3.6/site-packages/airflow/example_dags/example_branch_operator.py for tasks to queue
[2021-07-14 19:06:06,259] {logging_mixin.py:104} INFO - [2021-07-14 19:06:06,259] {dagbag.py:496} INFO - Filling up the DagBag from /home/airflow/.local/lib/python3.6/site-packages/airflow/example_dags/example_branch_operator.py
[2021-07-14 19:06:06,291] {scheduler_job.py:643} INFO - DAG(s) dict_keys(['example_branch_operator']) retrieved from /home/airflow/.local/lib/python3.6/site-packages/airflow/example_dags/example_branch_operator.py
[2021-07-14 19:06:06,324] {logging_mixin.py:104} INFO - [2021-07-14 19:06:06,324] {dag.py:1833} INFO - Sync 1 DAGs
[2021-07-14 19:06:06,354] {logging_mixin.py:104} INFO - [2021-07-14 19:06:06,354] {dag.py:2306} INFO - Setting next_dagrun for example_branch_operator to 2021-07-12 00:00:00+00:00
[2021-07-14 19:06:06,373] {scheduler_job.py:190} INFO - Processing /home/airflow/.local/lib/python3.6/site-packages/airflow/example_dags/example_branch_operator.py took 0.124 seconds
[2021-07-14 19:06:36,726] {scheduler_job.py:182} INFO - Started process (PID=216) to work on /home/airflow/.local/lib/python3.6/site-packages/airflow/example_dags/example_branch_operator.py
[2021-07-14 19:06:36,728] {scheduler_job.py:633} INFO - Processing file /home/airflow/.local/lib/python3.6/site-packages/airflow/example_dags/example_branch_operator.py for tasks to queue
[2021-07-14 19:06:36,729] {logging_mixin.py:104} INFO - [2021-07-14 19:06:36,729] {dagbag.py:496} INFO - Filling up the DagBag from /home/airflow/.local/lib/python3.6/site-packages/airflow/example_dags/example_branch_operator.py
[2021-07-14 19:06:36,752] {scheduler_job.py:643} INFO - DAG(s) dict_keys(['example_branch_operator']) retrieved from /home/airflow/.local/lib/python3.6/site-packages/airflow/example_dags/example_branch_operator.py
[2021-07-14 19:06:36,776] {logging_mixin.py:104} INFO - [2021-07-14 19:06:36,776] {dag.py:1833} INFO - Sync 1 DAGs
[2021-07-14 19:06:36,798] {logging_mixin.py:104} INFO - [2021-07-14 19:06:36,798] {dag.py:2306} INFO - Setting next_dagrun for example_branch_operator to 2021-07-12 00:00:00+00:00
[2021-07-14 19:06:36,810] {scheduler_job.py:190} INFO - Processing /home/airflow/.local/lib/python3.6/site-packages/airflow/example_dags/example_branch_operator.py took 0.088 seconds
[2021-07-14 19:07:07,094] {scheduler_job.py:182} INFO - Started process (PID=279) to work on /home/airflow/.local/lib/python3.6/site-packages/airflow/example_dags/example_branch_operator.py
[2021-07-14 19:07:07,095] {scheduler_job.py:633} INFO - Processing file /home/airflow/.local/lib/python3.6/site-packages/airflow/example_dags/example_branch_operator.py for tasks to queue
[2021-07-14 19:07:07,096] {logging_mixin.py:104} INFO - [2021-07-14 19:07:07,096] {dagbag.py:496} INFO - Filling up the DagBag from /home/airflow/.local/lib/python3.6/site-packages/airflow/example_dags/example_branch_operator.py
[2021-07-14 19:07:07,118] {scheduler_job.py:643} INFO - DAG(s) dict_keys(['example_branch_operator']) retrieved from /home/airflow/.local/lib/python3.6/site-packages/airflow/example_dags/example_branch_operator.py
[2021-07-14 19:07:07,143] {logging_mixin.py:104} INFO - [2021-07-14 19:07:07,143] {dag.py:1833} INFO - Sync 1 DAGs
[2021-07-14 19:07:07,169] {logging_mixin.py:104} INFO - [2021-07-14 19:07:07,169] {dag.py:2306} INFO - Setting next_dagrun for example_branch_operator to 2021-07-12 00:00:00+00:00
[2021-07-14 19:07:07,184] {scheduler_job.py:190} INFO - Processing /home/airflow/.local/lib/python3.6/site-packages/airflow/example_dags/example_branch_operator.py took 0.094 seconds
[2021-07-14 19:07:37,789] {scheduler_job.py:182} INFO - Started process (PID=332) to work on /home/airflow/.local/lib/python3.6/site-packages/airflow/example_dags/example_branch_operator.py
[2021-07-14 19:07:37,800] {scheduler_job.py:633} INFO - Processing file /home/airflow/.local/lib/python3.6/site-packages/airflow/example_dags/example_branch_operator.py for tasks to queue
[2021-07-14 19:07:37,801] {logging_mixin.py:104} INFO - [2021-07-14 19:07:37,801] {dagbag.py:496} INFO - Filling up the DagBag from /home/airflow/.local/lib/python3.6/site-packages/airflow/example_dags/example_branch_operator.py
[2021-07-14 19:07:37,822] {scheduler_job.py:643} INFO - DAG(s) dict_keys(['example_branch_operator']) retrieved from /home/airflow/.local/lib/python3.6/site-packages/airflow/example_dags/example_branch_operator.py
[2021-07-14 19:07:37,855] {logging_mixin.py:104} INFO - [2021-07-14 19:07:37,855] {dag.py:1833} INFO - Sync 1 DAGs
[2021-07-14 19:07:37,885] {logging_mixin.py:104} INFO - [2021-07-14 19:07:37,885] {dag.py:2306} INFO - Setting next_dagrun for example_branch_operator to 2021-07-12 00:00:00+00:00
[2021-07-14 19:07:37,901] {scheduler_job.py:190} INFO - Processing /home/airflow/.local/lib/python3.6/site-packages/airflow/example_dags/example_branch_operator.py took 0.117 seconds
[2021-07-14 19:08:55,691] {scheduler_job.py:182} INFO - Started process (PID=36) to work on /home/airflow/.local/lib/python3.6/site-packages/airflow/example_dags/example_branch_operator.py
[2021-07-14 19:08:55,692] {scheduler_job.py:633} INFO - Processing file /home/airflow/.local/lib/python3.6/site-packages/airflow/example_dags/example_branch_operator.py for tasks to queue
[2021-07-14 19:08:55,693] {logging_mixin.py:104} INFO - [2021-07-14 19:08:55,693] {dagbag.py:496} INFO - Filling up the DagBag from /home/airflow/.local/lib/python3.6/site-packages/airflow/example_dags/example_branch_operator.py
[2021-07-14 19:08:55,713] {scheduler_job.py:643} INFO - DAG(s) dict_keys(['example_branch_operator']) retrieved from /home/airflow/.local/lib/python3.6/site-packages/airflow/example_dags/example_branch_operator.py
[2021-07-14 19:08:55,738] {logging_mixin.py:104} INFO - [2021-07-14 19:08:55,738] {dag.py:1833} INFO - Sync 1 DAGs
[2021-07-14 19:08:55,758] {logging_mixin.py:104} INFO - [2021-07-14 19:08:55,758] {dag.py:2306} INFO - Setting next_dagrun for example_branch_operator to 2021-07-12 00:00:00+00:00
[2021-07-14 19:08:55,771] {scheduler_job.py:190} INFO - Processing /home/airflow/.local/lib/python3.6/site-packages/airflow/example_dags/example_branch_operator.py took 0.083 seconds
[2021-07-14 19:09:26,934] {scheduler_job.py:182} INFO - Started process (PID=101) to work on /home/airflow/.local/lib/python3.6/site-packages/airflow/example_dags/example_branch_operator.py
[2021-07-14 19:09:26,935] {scheduler_job.py:633} INFO - Processing file /home/airflow/.local/lib/python3.6/site-packages/airflow/example_dags/example_branch_operator.py for tasks to queue
[2021-07-14 19:09:26,936] {logging_mixin.py:104} INFO - [2021-07-14 19:09:26,935] {dagbag.py:496} INFO - Filling up the DagBag from /home/airflow/.local/lib/python3.6/site-packages/airflow/example_dags/example_branch_operator.py
[2021-07-14 19:09:26,966] {scheduler_job.py:643} INFO - DAG(s) dict_keys(['example_branch_operator']) retrieved from /home/airflow/.local/lib/python3.6/site-packages/airflow/example_dags/example_branch_operator.py
[2021-07-14 19:09:27,009] {logging_mixin.py:104} INFO - [2021-07-14 19:09:27,008] {dag.py:1833} INFO - Sync 1 DAGs
[2021-07-14 19:09:27,044] {logging_mixin.py:104} INFO - [2021-07-14 19:09:27,043] {dag.py:2306} INFO - Setting next_dagrun for example_branch_operator to 2021-07-12 00:00:00+00:00
[2021-07-14 19:09:27,063] {scheduler_job.py:190} INFO - Processing /home/airflow/.local/lib/python3.6/site-packages/airflow/example_dags/example_branch_operator.py took 0.133 seconds
[2021-07-14 19:09:57,549] {scheduler_job.py:182} INFO - Started process (PID=155) to work on /home/airflow/.local/lib/python3.6/site-packages/airflow/example_dags/example_branch_operator.py
[2021-07-14 19:09:57,550] {scheduler_job.py:633} INFO - Processing file /home/airflow/.local/lib/python3.6/site-packages/airflow/example_dags/example_branch_operator.py for tasks to queue
[2021-07-14 19:09:57,551] {logging_mixin.py:104} INFO - [2021-07-14 19:09:57,550] {dagbag.py:496} INFO - Filling up the DagBag from /home/airflow/.local/lib/python3.6/site-packages/airflow/example_dags/example_branch_operator.py
[2021-07-14 19:09:57,571] {scheduler_job.py:643} INFO - DAG(s) dict_keys(['example_branch_operator']) retrieved from /home/airflow/.local/lib/python3.6/site-packages/airflow/example_dags/example_branch_operator.py
[2021-07-14 19:09:57,596] {logging_mixin.py:104} INFO - [2021-07-14 19:09:57,596] {dag.py:1833} INFO - Sync 1 DAGs
[2021-07-14 19:09:57,617] {logging_mixin.py:104} INFO - [2021-07-14 19:09:57,617] {dag.py:2306} INFO - Setting next_dagrun for example_branch_operator to 2021-07-12 00:00:00+00:00
[2021-07-14 19:09:57,628] {scheduler_job.py:190} INFO - Processing /home/airflow/.local/lib/python3.6/site-packages/airflow/example_dags/example_branch_operator.py took 0.083 seconds
[2021-07-14 19:10:28,232] {scheduler_job.py:182} INFO - Started process (PID=214) to work on /home/airflow/.local/lib/python3.6/site-packages/airflow/example_dags/example_branch_operator.py
[2021-07-14 19:10:28,234] {scheduler_job.py:633} INFO - Processing file /home/airflow/.local/lib/python3.6/site-packages/airflow/example_dags/example_branch_operator.py for tasks to queue
[2021-07-14 19:10:28,235] {logging_mixin.py:104} INFO - [2021-07-14 19:10:28,235] {dagbag.py:496} INFO - Filling up the DagBag from /home/airflow/.local/lib/python3.6/site-packages/airflow/example_dags/example_branch_operator.py
[2021-07-14 19:10:28,262] {scheduler_job.py:643} INFO - DAG(s) dict_keys(['example_branch_operator']) retrieved from /home/airflow/.local/lib/python3.6/site-packages/airflow/example_dags/example_branch_operator.py
[2021-07-14 19:10:28,298] {logging_mixin.py:104} INFO - [2021-07-14 19:10:28,298] {dag.py:1833} INFO - Sync 1 DAGs
[2021-07-14 19:10:28,326] {logging_mixin.py:104} INFO - [2021-07-14 19:10:28,326] {dag.py:2306} INFO - Setting next_dagrun for example_branch_operator to 2021-07-12 00:00:00+00:00
[2021-07-14 19:10:28,339] {scheduler_job.py:190} INFO - Processing /home/airflow/.local/lib/python3.6/site-packages/airflow/example_dags/example_branch_operator.py took 0.111 seconds
[2021-07-14 19:10:59,257] {scheduler_job.py:182} INFO - Started process (PID=277) to work on /home/airflow/.local/lib/python3.6/site-packages/airflow/example_dags/example_branch_operator.py
[2021-07-14 19:10:59,258] {scheduler_job.py:633} INFO - Processing file /home/airflow/.local/lib/python3.6/site-packages/airflow/example_dags/example_branch_operator.py for tasks to queue
[2021-07-14 19:10:59,259] {logging_mixin.py:104} INFO - [2021-07-14 19:10:59,259] {dagbag.py:496} INFO - Filling up the DagBag from /home/airflow/.local/lib/python3.6/site-packages/airflow/example_dags/example_branch_operator.py
[2021-07-14 19:10:59,282] {scheduler_job.py:643} INFO - DAG(s) dict_keys(['example_branch_operator']) retrieved from /home/airflow/.local/lib/python3.6/site-packages/airflow/example_dags/example_branch_operator.py
[2021-07-14 19:10:59,318] {logging_mixin.py:104} INFO - [2021-07-14 19:10:59,317] {dag.py:1833} INFO - Sync 1 DAGs
[2021-07-14 19:10:59,350] {logging_mixin.py:104} INFO - [2021-07-14 19:10:59,350] {dag.py:2306} INFO - Setting next_dagrun for example_branch_operator to 2021-07-12 00:00:00+00:00
[2021-07-14 19:10:59,370] {scheduler_job.py:190} INFO - Processing /home/airflow/.local/lib/python3.6/site-packages/airflow/example_dags/example_branch_operator.py took 0.116 seconds
[2021-07-14 19:11:29,838] {scheduler_job.py:182} INFO - Started process (PID=330) to work on /home/airflow/.local/lib/python3.6/site-packages/airflow/example_dags/example_branch_operator.py
[2021-07-14 19:11:29,848] {scheduler_job.py:633} INFO - Processing file /home/airflow/.local/lib/python3.6/site-packages/airflow/example_dags/example_branch_operator.py for tasks to queue
[2021-07-14 19:11:29,849] {logging_mixin.py:104} INFO - [2021-07-14 19:11:29,849] {dagbag.py:496} INFO - Filling up the DagBag from /home/airflow/.local/lib/python3.6/site-packages/airflow/example_dags/example_branch_operator.py
[2021-07-14 19:11:29,874] {scheduler_job.py:643} INFO - DAG(s) dict_keys(['example_branch_operator']) retrieved from /home/airflow/.local/lib/python3.6/site-packages/airflow/example_dags/example_branch_operator.py
[2021-07-14 19:11:29,916] {logging_mixin.py:104} INFO - [2021-07-14 19:11:29,916] {dag.py:1833} INFO - Sync 1 DAGs
[2021-07-14 19:11:29,953] {logging_mixin.py:104} INFO - [2021-07-14 19:11:29,952] {dag.py:2306} INFO - Setting next_dagrun for example_branch_operator to 2021-07-12 00:00:00+00:00
[2021-07-14 19:11:29,975] {scheduler_job.py:190} INFO - Processing /home/airflow/.local/lib/python3.6/site-packages/airflow/example_dags/example_branch_operator.py took 0.140 seconds
[2021-07-14 19:12:00,486] {scheduler_job.py:182} INFO - Started process (PID=394) to work on /home/airflow/.local/lib/python3.6/site-packages/airflow/example_dags/example_branch_operator.py
[2021-07-14 19:12:00,487] {scheduler_job.py:633} INFO - Processing file /home/airflow/.local/lib/python3.6/site-packages/airflow/example_dags/example_branch_operator.py for tasks to queue
[2021-07-14 19:12:00,488] {logging_mixin.py:104} INFO - [2021-07-14 19:12:00,488] {dagbag.py:496} INFO - Filling up the DagBag from /home/airflow/.local/lib/python3.6/site-packages/airflow/example_dags/example_branch_operator.py
[2021-07-14 19:12:00,523] {scheduler_job.py:643} INFO - DAG(s) dict_keys(['example_branch_operator']) retrieved from /home/airflow/.local/lib/python3.6/site-packages/airflow/example_dags/example_branch_operator.py
[2021-07-14 19:12:00,567] {logging_mixin.py:104} INFO - [2021-07-14 19:12:00,567] {dag.py:1833} INFO - Sync 1 DAGs
[2021-07-14 19:12:00,598] {logging_mixin.py:104} INFO - [2021-07-14 19:12:00,597] {dag.py:2306} INFO - Setting next_dagrun for example_branch_operator to 2021-07-12 00:00:00+00:00
[2021-07-14 19:12:00,612] {scheduler_job.py:190} INFO - Processing /home/airflow/.local/lib/python3.6/site-packages/airflow/example_dags/example_branch_operator.py took 0.130 seconds
[2021-07-14 19:12:31,203] {scheduler_job.py:182} INFO - Started process (PID=447) to work on /home/airflow/.local/lib/python3.6/site-packages/airflow/example_dags/example_branch_operator.py
[2021-07-14 19:12:31,208] {scheduler_job.py:633} INFO - Processing file /home/airflow/.local/lib/python3.6/site-packages/airflow/example_dags/example_branch_operator.py for tasks to queue
[2021-07-14 19:12:31,209] {logging_mixin.py:104} INFO - [2021-07-14 19:12:31,209] {dagbag.py:496} INFO - Filling up the DagBag from /home/airflow/.local/lib/python3.6/site-packages/airflow/example_dags/example_branch_operator.py
[2021-07-14 19:12:31,257] {scheduler_job.py:643} INFO - DAG(s) dict_keys(['example_branch_operator']) retrieved from /home/airflow/.local/lib/python3.6/site-packages/airflow/example_dags/example_branch_operator.py
[2021-07-14 19:12:31,297] {logging_mixin.py:104} INFO - [2021-07-14 19:12:31,297] {dag.py:1833} INFO - Sync 1 DAGs
[2021-07-14 19:12:31,332] {logging_mixin.py:104} INFO - [2021-07-14 19:12:31,332] {dag.py:2306} INFO - Setting next_dagrun for example_branch_operator to 2021-07-12 00:00:00+00:00
[2021-07-14 19:12:31,350] {scheduler_job.py:190} INFO - Processing /home/airflow/.local/lib/python3.6/site-packages/airflow/example_dags/example_branch_operator.py took 0.151 seconds
[2021-07-14 19:57:42,932] {scheduler_job.py:182} INFO - Started process (PID=36) to work on /home/airflow/.local/lib/python3.6/site-packages/airflow/example_dags/example_branch_operator.py
[2021-07-14 19:57:42,934] {scheduler_job.py:633} INFO - Processing file /home/airflow/.local/lib/python3.6/site-packages/airflow/example_dags/example_branch_operator.py for tasks to queue
[2021-07-14 19:57:42,935] {logging_mixin.py:104} INFO - [2021-07-14 19:57:42,934] {dagbag.py:496} INFO - Filling up the DagBag from /home/airflow/.local/lib/python3.6/site-packages/airflow/example_dags/example_branch_operator.py
[2021-07-14 19:57:42,976] {scheduler_job.py:643} INFO - DAG(s) dict_keys(['example_branch_operator']) retrieved from /home/airflow/.local/lib/python3.6/site-packages/airflow/example_dags/example_branch_operator.py
[2021-07-14 19:57:43,013] {logging_mixin.py:104} INFO - [2021-07-14 19:57:43,013] {dag.py:1833} INFO - Sync 1 DAGs
[2021-07-14 19:57:43,043] {logging_mixin.py:104} INFO - [2021-07-14 19:57:43,043] {dag.py:2306} INFO - Setting next_dagrun for example_branch_operator to 2021-07-12 00:00:00+00:00
[2021-07-14 19:57:43,062] {scheduler_job.py:190} INFO - Processing /home/airflow/.local/lib/python3.6/site-packages/airflow/example_dags/example_branch_operator.py took 0.135 seconds
[2021-07-14 19:58:13,814] {scheduler_job.py:182} INFO - Started process (PID=95) to work on /home/airflow/.local/lib/python3.6/site-packages/airflow/example_dags/example_branch_operator.py
[2021-07-14 19:58:13,816] {scheduler_job.py:633} INFO - Processing file /home/airflow/.local/lib/python3.6/site-packages/airflow/example_dags/example_branch_operator.py for tasks to queue
[2021-07-14 19:58:13,818] {logging_mixin.py:104} INFO - [2021-07-14 19:58:13,817] {dagbag.py:496} INFO - Filling up the DagBag from /home/airflow/.local/lib/python3.6/site-packages/airflow/example_dags/example_branch_operator.py
[2021-07-14 19:58:13,856] {scheduler_job.py:643} INFO - DAG(s) dict_keys(['example_branch_operator']) retrieved from /home/airflow/.local/lib/python3.6/site-packages/airflow/example_dags/example_branch_operator.py
[2021-07-14 19:58:13,899] {logging_mixin.py:104} INFO - [2021-07-14 19:58:13,899] {dag.py:1833} INFO - Sync 1 DAGs
[2021-07-14 19:58:13,938] {logging_mixin.py:104} INFO - [2021-07-14 19:58:13,938] {dag.py:2306} INFO - Setting next_dagrun for example_branch_operator to 2021-07-12 00:00:00+00:00
[2021-07-14 19:58:13,958] {scheduler_job.py:190} INFO - Processing /home/airflow/.local/lib/python3.6/site-packages/airflow/example_dags/example_branch_operator.py took 0.148 seconds
[2021-07-14 19:58:44,407] {scheduler_job.py:182} INFO - Started process (PID=154) to work on /home/airflow/.local/lib/python3.6/site-packages/airflow/example_dags/example_branch_operator.py
[2021-07-14 19:58:44,408] {scheduler_job.py:633} INFO - Processing file /home/airflow/.local/lib/python3.6/site-packages/airflow/example_dags/example_branch_operator.py for tasks to queue
[2021-07-14 19:58:44,409] {logging_mixin.py:104} INFO - [2021-07-14 19:58:44,409] {dagbag.py:496} INFO - Filling up the DagBag from /home/airflow/.local/lib/python3.6/site-packages/airflow/example_dags/example_branch_operator.py
[2021-07-14 19:58:44,430] {scheduler_job.py:643} INFO - DAG(s) dict_keys(['example_branch_operator']) retrieved from /home/airflow/.local/lib/python3.6/site-packages/airflow/example_dags/example_branch_operator.py
[2021-07-14 19:58:44,452] {logging_mixin.py:104} INFO - [2021-07-14 19:58:44,452] {dag.py:1833} INFO - Sync 1 DAGs
[2021-07-14 19:58:44,474] {logging_mixin.py:104} INFO - [2021-07-14 19:58:44,473] {dag.py:2306} INFO - Setting next_dagrun for example_branch_operator to 2021-07-12 00:00:00+00:00
[2021-07-14 19:58:44,485] {scheduler_job.py:190} INFO - Processing /home/airflow/.local/lib/python3.6/site-packages/airflow/example_dags/example_branch_operator.py took 0.082 seconds
[2021-07-14 19:59:15,292] {scheduler_job.py:182} INFO - Started process (PID=219) to work on /home/airflow/.local/lib/python3.6/site-packages/airflow/example_dags/example_branch_operator.py
[2021-07-14 19:59:15,294] {scheduler_job.py:633} INFO - Processing file /home/airflow/.local/lib/python3.6/site-packages/airflow/example_dags/example_branch_operator.py for tasks to queue
[2021-07-14 19:59:15,295] {logging_mixin.py:104} INFO - [2021-07-14 19:59:15,295] {dagbag.py:496} INFO - Filling up the DagBag from /home/airflow/.local/lib/python3.6/site-packages/airflow/example_dags/example_branch_operator.py
[2021-07-14 19:59:15,325] {scheduler_job.py:643} INFO - DAG(s) dict_keys(['example_branch_operator']) retrieved from /home/airflow/.local/lib/python3.6/site-packages/airflow/example_dags/example_branch_operator.py
[2021-07-14 19:59:15,362] {logging_mixin.py:104} INFO - [2021-07-14 19:59:15,362] {dag.py:1833} INFO - Sync 1 DAGs
[2021-07-14 19:59:15,396] {logging_mixin.py:104} INFO - [2021-07-14 19:59:15,396] {dag.py:2306} INFO - Setting next_dagrun for example_branch_operator to 2021-07-12 00:00:00+00:00
[2021-07-14 19:59:15,412] {scheduler_job.py:190} INFO - Processing /home/airflow/.local/lib/python3.6/site-packages/airflow/example_dags/example_branch_operator.py took 0.124 seconds
[2021-07-14 19:59:46,074] {scheduler_job.py:182} INFO - Started process (PID=273) to work on /home/airflow/.local/lib/python3.6/site-packages/airflow/example_dags/example_branch_operator.py
[2021-07-14 19:59:46,076] {scheduler_job.py:633} INFO - Processing file /home/airflow/.local/lib/python3.6/site-packages/airflow/example_dags/example_branch_operator.py for tasks to queue
[2021-07-14 19:59:46,077] {logging_mixin.py:104} INFO - [2021-07-14 19:59:46,076] {dagbag.py:496} INFO - Filling up the DagBag from /home/airflow/.local/lib/python3.6/site-packages/airflow/example_dags/example_branch_operator.py
[2021-07-14 19:59:46,102] {scheduler_job.py:643} INFO - DAG(s) dict_keys(['example_branch_operator']) retrieved from /home/airflow/.local/lib/python3.6/site-packages/airflow/example_dags/example_branch_operator.py
[2021-07-14 19:59:46,134] {logging_mixin.py:104} INFO - [2021-07-14 19:59:46,134] {dag.py:1833} INFO - Sync 1 DAGs
[2021-07-14 19:59:46,168] {logging_mixin.py:104} INFO - [2021-07-14 19:59:46,167] {dag.py:2306} INFO - Setting next_dagrun for example_branch_operator to 2021-07-12 00:00:00+00:00
[2021-07-14 19:59:46,186] {scheduler_job.py:190} INFO - Processing /home/airflow/.local/lib/python3.6/site-packages/airflow/example_dags/example_branch_operator.py took 0.116 seconds
[2021-07-14 20:00:16,704] {scheduler_job.py:182} INFO - Started process (PID=336) to work on /home/airflow/.local/lib/python3.6/site-packages/airflow/example_dags/example_branch_operator.py
[2021-07-14 20:00:16,711] {scheduler_job.py:633} INFO - Processing file /home/airflow/.local/lib/python3.6/site-packages/airflow/example_dags/example_branch_operator.py for tasks to queue
[2021-07-14 20:00:16,711] {logging_mixin.py:104} INFO - [2021-07-14 20:00:16,711] {dagbag.py:496} INFO - Filling up the DagBag from /home/airflow/.local/lib/python3.6/site-packages/airflow/example_dags/example_branch_operator.py
[2021-07-14 20:00:16,731] {scheduler_job.py:643} INFO - DAG(s) dict_keys(['example_branch_operator']) retrieved from /home/airflow/.local/lib/python3.6/site-packages/airflow/example_dags/example_branch_operator.py
[2021-07-14 20:00:16,757] {logging_mixin.py:104} INFO - [2021-07-14 20:00:16,757] {dag.py:1833} INFO - Sync 1 DAGs
[2021-07-14 20:00:16,781] {logging_mixin.py:104} INFO - [2021-07-14 20:00:16,781] {dag.py:2306} INFO - Setting next_dagrun for example_branch_operator to 2021-07-12 00:00:00+00:00
[2021-07-14 20:00:16,793] {scheduler_job.py:190} INFO - Processing /home/airflow/.local/lib/python3.6/site-packages/airflow/example_dags/example_branch_operator.py took 0.091 seconds
[2021-07-14 20:00:47,050] {scheduler_job.py:182} INFO - Started process (PID=389) to work on /home/airflow/.local/lib/python3.6/site-packages/airflow/example_dags/example_branch_operator.py
[2021-07-14 20:00:47,052] {scheduler_job.py:633} INFO - Processing file /home/airflow/.local/lib/python3.6/site-packages/airflow/example_dags/example_branch_operator.py for tasks to queue
[2021-07-14 20:00:47,052] {logging_mixin.py:104} INFO - [2021-07-14 20:00:47,052] {dagbag.py:496} INFO - Filling up the DagBag from /home/airflow/.local/lib/python3.6/site-packages/airflow/example_dags/example_branch_operator.py
[2021-07-14 20:00:47,069] {scheduler_job.py:643} INFO - DAG(s) dict_keys(['example_branch_operator']) retrieved from /home/airflow/.local/lib/python3.6/site-packages/airflow/example_dags/example_branch_operator.py
[2021-07-14 20:00:47,092] {logging_mixin.py:104} INFO - [2021-07-14 20:00:47,092] {dag.py:1833} INFO - Sync 1 DAGs
[2021-07-14 20:00:47,112] {logging_mixin.py:104} INFO - [2021-07-14 20:00:47,112] {dag.py:2306} INFO - Setting next_dagrun for example_branch_operator to 2021-07-12 00:00:00+00:00
[2021-07-14 20:00:47,124] {scheduler_job.py:190} INFO - Processing /home/airflow/.local/lib/python3.6/site-packages/airflow/example_dags/example_branch_operator.py took 0.077 seconds
[2021-07-14 20:01:17,264] {scheduler_job.py:182} INFO - Started process (PID=451) to work on /home/airflow/.local/lib/python3.6/site-packages/airflow/example_dags/example_branch_operator.py
[2021-07-14 20:01:17,265] {scheduler_job.py:633} INFO - Processing file /home/airflow/.local/lib/python3.6/site-packages/airflow/example_dags/example_branch_operator.py for tasks to queue
[2021-07-14 20:01:17,266] {logging_mixin.py:104} INFO - [2021-07-14 20:01:17,266] {dagbag.py:496} INFO - Filling up the DagBag from /home/airflow/.local/lib/python3.6/site-packages/airflow/example_dags/example_branch_operator.py
[2021-07-14 20:01:17,284] {scheduler_job.py:643} INFO - DAG(s) dict_keys(['example_branch_operator']) retrieved from /home/airflow/.local/lib/python3.6/site-packages/airflow/example_dags/example_branch_operator.py
[2021-07-14 20:01:17,316] {logging_mixin.py:104} INFO - [2021-07-14 20:01:17,316] {dag.py:1833} INFO - Sync 1 DAGs
[2021-07-14 20:01:17,344] {logging_mixin.py:104} INFO - [2021-07-14 20:01:17,343] {dag.py:2306} INFO - Setting next_dagrun for example_branch_operator to 2021-07-12 00:00:00+00:00
[2021-07-14 20:01:17,356] {scheduler_job.py:190} INFO - Processing /home/airflow/.local/lib/python3.6/site-packages/airflow/example_dags/example_branch_operator.py took 0.095 seconds
[2021-07-14 20:01:47,860] {scheduler_job.py:182} INFO - Started process (PID=506) to work on /home/airflow/.local/lib/python3.6/site-packages/airflow/example_dags/example_branch_operator.py
[2021-07-14 20:01:47,861] {scheduler_job.py:633} INFO - Processing file /home/airflow/.local/lib/python3.6/site-packages/airflow/example_dags/example_branch_operator.py for tasks to queue
[2021-07-14 20:01:47,862] {logging_mixin.py:104} INFO - [2021-07-14 20:01:47,862] {dagbag.py:496} INFO - Filling up the DagBag from /home/airflow/.local/lib/python3.6/site-packages/airflow/example_dags/example_branch_operator.py
[2021-07-14 20:01:47,879] {scheduler_job.py:643} INFO - DAG(s) dict_keys(['example_branch_operator']) retrieved from /home/airflow/.local/lib/python3.6/site-packages/airflow/example_dags/example_branch_operator.py
[2021-07-14 20:01:47,902] {logging_mixin.py:104} INFO - [2021-07-14 20:01:47,902] {dag.py:1833} INFO - Sync 1 DAGs
[2021-07-14 20:01:47,923] {logging_mixin.py:104} INFO - [2021-07-14 20:01:47,923] {dag.py:2306} INFO - Setting next_dagrun for example_branch_operator to 2021-07-12 00:00:00+00:00
[2021-07-14 20:01:47,935] {scheduler_job.py:190} INFO - Processing /home/airflow/.local/lib/python3.6/site-packages/airflow/example_dags/example_branch_operator.py took 0.078 seconds
[2021-07-14 20:02:18,181] {scheduler_job.py:182} INFO - Started process (PID=573) to work on /home/airflow/.local/lib/python3.6/site-packages/airflow/example_dags/example_branch_operator.py
[2021-07-14 20:02:18,182] {scheduler_job.py:633} INFO - Processing file /home/airflow/.local/lib/python3.6/site-packages/airflow/example_dags/example_branch_operator.py for tasks to queue
[2021-07-14 20:02:18,183] {logging_mixin.py:104} INFO - [2021-07-14 20:02:18,183] {dagbag.py:496} INFO - Filling up the DagBag from /home/airflow/.local/lib/python3.6/site-packages/airflow/example_dags/example_branch_operator.py
[2021-07-14 20:02:18,199] {scheduler_job.py:643} INFO - DAG(s) dict_keys(['example_branch_operator']) retrieved from /home/airflow/.local/lib/python3.6/site-packages/airflow/example_dags/example_branch_operator.py
[2021-07-14 20:02:18,221] {logging_mixin.py:104} INFO - [2021-07-14 20:02:18,221] {dag.py:1833} INFO - Sync 1 DAGs
[2021-07-14 20:02:18,243] {logging_mixin.py:104} INFO - [2021-07-14 20:02:18,242] {dag.py:2306} INFO - Setting next_dagrun for example_branch_operator to 2021-07-12 00:00:00+00:00
[2021-07-14 20:02:18,254] {scheduler_job.py:190} INFO - Processing /home/airflow/.local/lib/python3.6/site-packages/airflow/example_dags/example_branch_operator.py took 0.076 seconds
[2021-07-14 20:02:49,154] {scheduler_job.py:182} INFO - Started process (PID=627) to work on /home/airflow/.local/lib/python3.6/site-packages/airflow/example_dags/example_branch_operator.py
[2021-07-14 20:02:49,155] {scheduler_job.py:633} INFO - Processing file /home/airflow/.local/lib/python3.6/site-packages/airflow/example_dags/example_branch_operator.py for tasks to queue
[2021-07-14 20:02:49,156] {logging_mixin.py:104} INFO - [2021-07-14 20:02:49,156] {dagbag.py:496} INFO - Filling up the DagBag from /home/airflow/.local/lib/python3.6/site-packages/airflow/example_dags/example_branch_operator.py
[2021-07-14 20:02:49,181] {scheduler_job.py:643} INFO - DAG(s) dict_keys(['example_branch_operator']) retrieved from /home/airflow/.local/lib/python3.6/site-packages/airflow/example_dags/example_branch_operator.py
[2021-07-14 20:02:49,216] {logging_mixin.py:104} INFO - [2021-07-14 20:02:49,216] {dag.py:1833} INFO - Sync 1 DAGs
[2021-07-14 20:02:49,242] {logging_mixin.py:104} INFO - [2021-07-14 20:02:49,241] {dag.py:2306} INFO - Setting next_dagrun for example_branch_operator to 2021-07-12 00:00:00+00:00
[2021-07-14 20:02:49,259] {scheduler_job.py:190} INFO - Processing /home/airflow/.local/lib/python3.6/site-packages/airflow/example_dags/example_branch_operator.py took 0.109 seconds
[2021-07-14 20:03:19,280] {scheduler_job.py:182} INFO - Started process (PID=691) to work on /home/airflow/.local/lib/python3.6/site-packages/airflow/example_dags/example_branch_operator.py
[2021-07-14 20:03:19,282] {scheduler_job.py:633} INFO - Processing file /home/airflow/.local/lib/python3.6/site-packages/airflow/example_dags/example_branch_operator.py for tasks to queue
[2021-07-14 20:03:19,283] {logging_mixin.py:104} INFO - [2021-07-14 20:03:19,282] {dagbag.py:496} INFO - Filling up the DagBag from /home/airflow/.local/lib/python3.6/site-packages/airflow/example_dags/example_branch_operator.py
[2021-07-14 20:03:19,302] {scheduler_job.py:643} INFO - DAG(s) dict_keys(['example_branch_operator']) retrieved from /home/airflow/.local/lib/python3.6/site-packages/airflow/example_dags/example_branch_operator.py
[2021-07-14 20:03:19,339] {logging_mixin.py:104} INFO - [2021-07-14 20:03:19,339] {dag.py:1833} INFO - Sync 1 DAGs
[2021-07-14 20:03:19,364] {logging_mixin.py:104} INFO - [2021-07-14 20:03:19,364] {dag.py:2306} INFO - Setting next_dagrun for example_branch_operator to 2021-07-12 00:00:00+00:00
[2021-07-14 20:03:19,377] {scheduler_job.py:190} INFO - Processing /home/airflow/.local/lib/python3.6/site-packages/airflow/example_dags/example_branch_operator.py took 0.100 seconds
[2021-07-14 20:03:49,777] {scheduler_job.py:182} INFO - Started process (PID=744) to work on /home/airflow/.local/lib/python3.6/site-packages/airflow/example_dags/example_branch_operator.py
[2021-07-14 20:03:49,779] {scheduler_job.py:633} INFO - Processing file /home/airflow/.local/lib/python3.6/site-packages/airflow/example_dags/example_branch_operator.py for tasks to queue
[2021-07-14 20:03:49,780] {logging_mixin.py:104} INFO - [2021-07-14 20:03:49,780] {dagbag.py:496} INFO - Filling up the DagBag from /home/airflow/.local/lib/python3.6/site-packages/airflow/example_dags/example_branch_operator.py
[2021-07-14 20:03:49,812] {scheduler_job.py:643} INFO - DAG(s) dict_keys(['example_branch_operator']) retrieved from /home/airflow/.local/lib/python3.6/site-packages/airflow/example_dags/example_branch_operator.py
[2021-07-14 20:03:49,851] {logging_mixin.py:104} INFO - [2021-07-14 20:03:49,850] {dag.py:1833} INFO - Sync 1 DAGs
[2021-07-14 20:03:49,879] {logging_mixin.py:104} INFO - [2021-07-14 20:03:49,879] {dag.py:2306} INFO - Setting next_dagrun for example_branch_operator to 2021-07-12 00:00:00+00:00
[2021-07-14 20:03:49,895] {scheduler_job.py:190} INFO - Processing /home/airflow/.local/lib/python3.6/site-packages/airflow/example_dags/example_branch_operator.py took 0.123 seconds
[2021-07-14 20:04:20,081] {scheduler_job.py:182} INFO - Started process (PID=809) to work on /home/airflow/.local/lib/python3.6/site-packages/airflow/example_dags/example_branch_operator.py
[2021-07-14 20:04:20,082] {scheduler_job.py:633} INFO - Processing file /home/airflow/.local/lib/python3.6/site-packages/airflow/example_dags/example_branch_operator.py for tasks to queue
[2021-07-14 20:04:20,083] {logging_mixin.py:104} INFO - [2021-07-14 20:04:20,083] {dagbag.py:496} INFO - Filling up the DagBag from /home/airflow/.local/lib/python3.6/site-packages/airflow/example_dags/example_branch_operator.py
[2021-07-14 20:04:20,100] {scheduler_job.py:643} INFO - DAG(s) dict_keys(['example_branch_operator']) retrieved from /home/airflow/.local/lib/python3.6/site-packages/airflow/example_dags/example_branch_operator.py
[2021-07-14 20:04:20,124] {logging_mixin.py:104} INFO - [2021-07-14 20:04:20,124] {dag.py:1833} INFO - Sync 1 DAGs
[2021-07-14 20:04:20,151] {logging_mixin.py:104} INFO - [2021-07-14 20:04:20,151] {dag.py:2306} INFO - Setting next_dagrun for example_branch_operator to 2021-07-12 00:00:00+00:00
[2021-07-14 20:04:20,164] {scheduler_job.py:190} INFO - Processing /home/airflow/.local/lib/python3.6/site-packages/airflow/example_dags/example_branch_operator.py took 0.086 seconds
[2021-07-14 20:04:50,469] {scheduler_job.py:182} INFO - Started process (PID=864) to work on /home/airflow/.local/lib/python3.6/site-packages/airflow/example_dags/example_branch_operator.py
[2021-07-14 20:04:50,472] {scheduler_job.py:633} INFO - Processing file /home/airflow/.local/lib/python3.6/site-packages/airflow/example_dags/example_branch_operator.py for tasks to queue
[2021-07-14 20:04:50,473] {logging_mixin.py:104} INFO - [2021-07-14 20:04:50,473] {dagbag.py:496} INFO - Filling up the DagBag from /home/airflow/.local/lib/python3.6/site-packages/airflow/example_dags/example_branch_operator.py
[2021-07-14 20:04:50,497] {scheduler_job.py:643} INFO - DAG(s) dict_keys(['example_branch_operator']) retrieved from /home/airflow/.local/lib/python3.6/site-packages/airflow/example_dags/example_branch_operator.py
[2021-07-14 20:04:50,526] {logging_mixin.py:104} INFO - [2021-07-14 20:04:50,526] {dag.py:1833} INFO - Sync 1 DAGs
[2021-07-14 20:04:50,549] {logging_mixin.py:104} INFO - [2021-07-14 20:04:50,549] {dag.py:2306} INFO - Setting next_dagrun for example_branch_operator to 2021-07-12 00:00:00+00:00
[2021-07-14 20:04:50,560] {scheduler_job.py:190} INFO - Processing /home/airflow/.local/lib/python3.6/site-packages/airflow/example_dags/example_branch_operator.py took 0.094 seconds
[2021-07-14 20:05:20,893] {scheduler_job.py:182} INFO - Started process (PID=929) to work on /home/airflow/.local/lib/python3.6/site-packages/airflow/example_dags/example_branch_operator.py
[2021-07-14 20:05:20,895] {scheduler_job.py:633} INFO - Processing file /home/airflow/.local/lib/python3.6/site-packages/airflow/example_dags/example_branch_operator.py for tasks to queue
[2021-07-14 20:05:20,896] {logging_mixin.py:104} INFO - [2021-07-14 20:05:20,896] {dagbag.py:496} INFO - Filling up the DagBag from /home/airflow/.local/lib/python3.6/site-packages/airflow/example_dags/example_branch_operator.py
[2021-07-14 20:05:20,916] {scheduler_job.py:643} INFO - DAG(s) dict_keys(['example_branch_operator']) retrieved from /home/airflow/.local/lib/python3.6/site-packages/airflow/example_dags/example_branch_operator.py
[2021-07-14 20:05:20,943] {logging_mixin.py:104} INFO - [2021-07-14 20:05:20,943] {dag.py:1833} INFO - Sync 1 DAGs
[2021-07-14 20:05:20,964] {logging_mixin.py:104} INFO - [2021-07-14 20:05:20,964] {dag.py:2306} INFO - Setting next_dagrun for example_branch_operator to 2021-07-12 00:00:00+00:00
[2021-07-14 20:05:20,976] {scheduler_job.py:190} INFO - Processing /home/airflow/.local/lib/python3.6/site-packages/airflow/example_dags/example_branch_operator.py took 0.087 seconds
[2021-07-14 20:05:50,997] {scheduler_job.py:182} INFO - Started process (PID=983) to work on /home/airflow/.local/lib/python3.6/site-packages/airflow/example_dags/example_branch_operator.py
[2021-07-14 20:05:50,998] {scheduler_job.py:633} INFO - Processing file /home/airflow/.local/lib/python3.6/site-packages/airflow/example_dags/example_branch_operator.py for tasks to queue
[2021-07-14 20:05:50,999] {logging_mixin.py:104} INFO - [2021-07-14 20:05:50,999] {dagbag.py:496} INFO - Filling up the DagBag from /home/airflow/.local/lib/python3.6/site-packages/airflow/example_dags/example_branch_operator.py
[2021-07-14 20:05:51,014] {scheduler_job.py:643} INFO - DAG(s) dict_keys(['example_branch_operator']) retrieved from /home/airflow/.local/lib/python3.6/site-packages/airflow/example_dags/example_branch_operator.py
[2021-07-14 20:05:51,035] {logging_mixin.py:104} INFO - [2021-07-14 20:05:51,035] {dag.py:1833} INFO - Sync 1 DAGs
[2021-07-14 20:05:51,055] {logging_mixin.py:104} INFO - [2021-07-14 20:05:51,055] {dag.py:2306} INFO - Setting next_dagrun for example_branch_operator to 2021-07-12 00:00:00+00:00
[2021-07-14 20:05:51,067] {scheduler_job.py:190} INFO - Processing /home/airflow/.local/lib/python3.6/site-packages/airflow/example_dags/example_branch_operator.py took 0.072 seconds
[2021-07-14 20:06:21,579] {scheduler_job.py:182} INFO - Started process (PID=1046) to work on /home/airflow/.local/lib/python3.6/site-packages/airflow/example_dags/example_branch_operator.py
[2021-07-14 20:06:21,580] {scheduler_job.py:633} INFO - Processing file /home/airflow/.local/lib/python3.6/site-packages/airflow/example_dags/example_branch_operator.py for tasks to queue
[2021-07-14 20:06:21,581] {logging_mixin.py:104} INFO - [2021-07-14 20:06:21,581] {dagbag.py:496} INFO - Filling up the DagBag from /home/airflow/.local/lib/python3.6/site-packages/airflow/example_dags/example_branch_operator.py
[2021-07-14 20:06:21,603] {scheduler_job.py:643} INFO - DAG(s) dict_keys(['example_branch_operator']) retrieved from /home/airflow/.local/lib/python3.6/site-packages/airflow/example_dags/example_branch_operator.py
[2021-07-14 20:06:21,625] {logging_mixin.py:104} INFO - [2021-07-14 20:06:21,624] {dag.py:1833} INFO - Sync 1 DAGs
[2021-07-14 20:06:21,648] {logging_mixin.py:104} INFO - [2021-07-14 20:06:21,648] {dag.py:2306} INFO - Setting next_dagrun for example_branch_operator to 2021-07-12 00:00:00+00:00
[2021-07-14 20:06:21,659] {scheduler_job.py:190} INFO - Processing /home/airflow/.local/lib/python3.6/site-packages/airflow/example_dags/example_branch_operator.py took 0.084 seconds
[2021-07-14 20:06:52,772] {scheduler_job.py:182} INFO - Started process (PID=1109) to work on /home/airflow/.local/lib/python3.6/site-packages/airflow/example_dags/example_branch_operator.py
[2021-07-14 20:06:52,774] {scheduler_job.py:633} INFO - Processing file /home/airflow/.local/lib/python3.6/site-packages/airflow/example_dags/example_branch_operator.py for tasks to queue
[2021-07-14 20:06:52,775] {logging_mixin.py:104} INFO - [2021-07-14 20:06:52,775] {dagbag.py:496} INFO - Filling up the DagBag from /home/airflow/.local/lib/python3.6/site-packages/airflow/example_dags/example_branch_operator.py
[2021-07-14 20:06:52,797] {scheduler_job.py:643} INFO - DAG(s) dict_keys(['example_branch_operator']) retrieved from /home/airflow/.local/lib/python3.6/site-packages/airflow/example_dags/example_branch_operator.py
[2021-07-14 20:06:52,823] {logging_mixin.py:104} INFO - [2021-07-14 20:06:52,822] {dag.py:1833} INFO - Sync 1 DAGs
[2021-07-14 20:06:52,846] {logging_mixin.py:104} INFO - [2021-07-14 20:06:52,845] {dag.py:2306} INFO - Setting next_dagrun for example_branch_operator to 2021-07-12 00:00:00+00:00
[2021-07-14 20:06:52,864] {scheduler_job.py:190} INFO - Processing /home/airflow/.local/lib/python3.6/site-packages/airflow/example_dags/example_branch_operator.py took 0.095 seconds
[2021-07-14 20:07:23,459] {scheduler_job.py:182} INFO - Started process (PID=1163) to work on /home/airflow/.local/lib/python3.6/site-packages/airflow/example_dags/example_branch_operator.py
[2021-07-14 20:07:23,461] {scheduler_job.py:633} INFO - Processing file /home/airflow/.local/lib/python3.6/site-packages/airflow/example_dags/example_branch_operator.py for tasks to queue
[2021-07-14 20:07:23,462] {logging_mixin.py:104} INFO - [2021-07-14 20:07:23,462] {dagbag.py:496} INFO - Filling up the DagBag from /home/airflow/.local/lib/python3.6/site-packages/airflow/example_dags/example_branch_operator.py
[2021-07-14 20:07:23,487] {scheduler_job.py:643} INFO - DAG(s) dict_keys(['example_branch_operator']) retrieved from /home/airflow/.local/lib/python3.6/site-packages/airflow/example_dags/example_branch_operator.py
[2021-07-14 20:07:23,520] {logging_mixin.py:104} INFO - [2021-07-14 20:07:23,520] {dag.py:1833} INFO - Sync 1 DAGs
[2021-07-14 20:07:23,547] {logging_mixin.py:104} INFO - [2021-07-14 20:07:23,546] {dag.py:2306} INFO - Setting next_dagrun for example_branch_operator to 2021-07-12 00:00:00+00:00
[2021-07-14 20:07:23,559] {scheduler_job.py:190} INFO - Processing /home/airflow/.local/lib/python3.6/site-packages/airflow/example_dags/example_branch_operator.py took 0.104 seconds
[2021-07-14 20:07:54,064] {scheduler_job.py:182} INFO - Started process (PID=1228) to work on /home/airflow/.local/lib/python3.6/site-packages/airflow/example_dags/example_branch_operator.py
[2021-07-14 20:07:54,065] {scheduler_job.py:633} INFO - Processing file /home/airflow/.local/lib/python3.6/site-packages/airflow/example_dags/example_branch_operator.py for tasks to queue
[2021-07-14 20:07:54,066] {logging_mixin.py:104} INFO - [2021-07-14 20:07:54,065] {dagbag.py:496} INFO - Filling up the DagBag from /home/airflow/.local/lib/python3.6/site-packages/airflow/example_dags/example_branch_operator.py
[2021-07-14 20:07:54,082] {scheduler_job.py:643} INFO - DAG(s) dict_keys(['example_branch_operator']) retrieved from /home/airflow/.local/lib/python3.6/site-packages/airflow/example_dags/example_branch_operator.py
[2021-07-14 20:07:54,105] {logging_mixin.py:104} INFO - [2021-07-14 20:07:54,105] {dag.py:1833} INFO - Sync 1 DAGs
[2021-07-14 20:07:54,126] {logging_mixin.py:104} INFO - [2021-07-14 20:07:54,126] {dag.py:2306} INFO - Setting next_dagrun for example_branch_operator to 2021-07-12 00:00:00+00:00
[2021-07-14 20:07:54,137] {scheduler_job.py:190} INFO - Processing /home/airflow/.local/lib/python3.6/site-packages/airflow/example_dags/example_branch_operator.py took 0.076 seconds
[2021-07-14 20:08:24,487] {scheduler_job.py:182} INFO - Started process (PID=1282) to work on /home/airflow/.local/lib/python3.6/site-packages/airflow/example_dags/example_branch_operator.py
[2021-07-14 20:08:24,488] {scheduler_job.py:633} INFO - Processing file /home/airflow/.local/lib/python3.6/site-packages/airflow/example_dags/example_branch_operator.py for tasks to queue
[2021-07-14 20:08:24,488] {logging_mixin.py:104} INFO - [2021-07-14 20:08:24,488] {dagbag.py:496} INFO - Filling up the DagBag from /home/airflow/.local/lib/python3.6/site-packages/airflow/example_dags/example_branch_operator.py
[2021-07-14 20:08:24,504] {scheduler_job.py:643} INFO - DAG(s) dict_keys(['example_branch_operator']) retrieved from /home/airflow/.local/lib/python3.6/site-packages/airflow/example_dags/example_branch_operator.py
[2021-07-14 20:08:24,525] {logging_mixin.py:104} INFO - [2021-07-14 20:08:24,525] {dag.py:1833} INFO - Sync 1 DAGs
[2021-07-14 20:08:24,546] {logging_mixin.py:104} INFO - [2021-07-14 20:08:24,546] {dag.py:2306} INFO - Setting next_dagrun for example_branch_operator to 2021-07-12 00:00:00+00:00
[2021-07-14 20:08:24,558] {scheduler_job.py:190} INFO - Processing /home/airflow/.local/lib/python3.6/site-packages/airflow/example_dags/example_branch_operator.py took 0.075 seconds
[2021-07-14 20:08:55,081] {scheduler_job.py:182} INFO - Started process (PID=1346) to work on /home/airflow/.local/lib/python3.6/site-packages/airflow/example_dags/example_branch_operator.py
[2021-07-14 20:08:55,083] {scheduler_job.py:633} INFO - Processing file /home/airflow/.local/lib/python3.6/site-packages/airflow/example_dags/example_branch_operator.py for tasks to queue
[2021-07-14 20:08:55,084] {logging_mixin.py:104} INFO - [2021-07-14 20:08:55,084] {dagbag.py:496} INFO - Filling up the DagBag from /home/airflow/.local/lib/python3.6/site-packages/airflow/example_dags/example_branch_operator.py
[2021-07-14 20:08:55,107] {scheduler_job.py:643} INFO - DAG(s) dict_keys(['example_branch_operator']) retrieved from /home/airflow/.local/lib/python3.6/site-packages/airflow/example_dags/example_branch_operator.py
[2021-07-14 20:08:55,131] {logging_mixin.py:104} INFO - [2021-07-14 20:08:55,131] {dag.py:1833} INFO - Sync 1 DAGs
[2021-07-14 20:08:55,156] {logging_mixin.py:104} INFO - [2021-07-14 20:08:55,156] {dag.py:2306} INFO - Setting next_dagrun for example_branch_operator to 2021-07-12 00:00:00+00:00
[2021-07-14 20:08:55,171] {scheduler_job.py:190} INFO - Processing /home/airflow/.local/lib/python3.6/site-packages/airflow/example_dags/example_branch_operator.py took 0.093 seconds
[2021-07-14 20:09:25,693] {scheduler_job.py:182} INFO - Started process (PID=1400) to work on /home/airflow/.local/lib/python3.6/site-packages/airflow/example_dags/example_branch_operator.py
[2021-07-14 20:09:25,695] {scheduler_job.py:633} INFO - Processing file /home/airflow/.local/lib/python3.6/site-packages/airflow/example_dags/example_branch_operator.py for tasks to queue
[2021-07-14 20:09:25,695] {logging_mixin.py:104} INFO - [2021-07-14 20:09:25,695] {dagbag.py:496} INFO - Filling up the DagBag from /home/airflow/.local/lib/python3.6/site-packages/airflow/example_dags/example_branch_operator.py
[2021-07-14 20:09:25,716] {scheduler_job.py:643} INFO - DAG(s) dict_keys(['example_branch_operator']) retrieved from /home/airflow/.local/lib/python3.6/site-packages/airflow/example_dags/example_branch_operator.py
[2021-07-14 20:09:25,741] {logging_mixin.py:104} INFO - [2021-07-14 20:09:25,741] {dag.py:1833} INFO - Sync 1 DAGs
[2021-07-14 20:09:25,763] {logging_mixin.py:104} INFO - [2021-07-14 20:09:25,763] {dag.py:2306} INFO - Setting next_dagrun for example_branch_operator to 2021-07-12 00:00:00+00:00
[2021-07-14 20:09:25,775] {scheduler_job.py:190} INFO - Processing /home/airflow/.local/lib/python3.6/site-packages/airflow/example_dags/example_branch_operator.py took 0.086 seconds
[2021-07-14 20:09:55,987] {scheduler_job.py:182} INFO - Started process (PID=1464) to work on /home/airflow/.local/lib/python3.6/site-packages/airflow/example_dags/example_branch_operator.py
[2021-07-14 20:09:55,989] {scheduler_job.py:633} INFO - Processing file /home/airflow/.local/lib/python3.6/site-packages/airflow/example_dags/example_branch_operator.py for tasks to queue
[2021-07-14 20:09:55,990] {logging_mixin.py:104} INFO - [2021-07-14 20:09:55,990] {dagbag.py:496} INFO - Filling up the DagBag from /home/airflow/.local/lib/python3.6/site-packages/airflow/example_dags/example_branch_operator.py
[2021-07-14 20:09:56,009] {scheduler_job.py:643} INFO - DAG(s) dict_keys(['example_branch_operator']) retrieved from /home/airflow/.local/lib/python3.6/site-packages/airflow/example_dags/example_branch_operator.py
[2021-07-14 20:09:56,038] {logging_mixin.py:104} INFO - [2021-07-14 20:09:56,038] {dag.py:1833} INFO - Sync 1 DAGs
[2021-07-14 20:09:56,067] {logging_mixin.py:104} INFO - [2021-07-14 20:09:56,066] {dag.py:2306} INFO - Setting next_dagrun for example_branch_operator to 2021-07-12 00:00:00+00:00
[2021-07-14 20:09:56,080] {scheduler_job.py:190} INFO - Processing /home/airflow/.local/lib/python3.6/site-packages/airflow/example_dags/example_branch_operator.py took 0.096 seconds
[2021-07-14 20:10:26,397] {scheduler_job.py:182} INFO - Started process (PID=1524) to work on /home/airflow/.local/lib/python3.6/site-packages/airflow/example_dags/example_branch_operator.py
[2021-07-14 20:10:26,398] {scheduler_job.py:633} INFO - Processing file /home/airflow/.local/lib/python3.6/site-packages/airflow/example_dags/example_branch_operator.py for tasks to queue
[2021-07-14 20:10:26,399] {logging_mixin.py:104} INFO - [2021-07-14 20:10:26,399] {dagbag.py:496} INFO - Filling up the DagBag from /home/airflow/.local/lib/python3.6/site-packages/airflow/example_dags/example_branch_operator.py
[2021-07-14 20:10:26,417] {scheduler_job.py:643} INFO - DAG(s) dict_keys(['example_branch_operator']) retrieved from /home/airflow/.local/lib/python3.6/site-packages/airflow/example_dags/example_branch_operator.py
[2021-07-14 20:10:26,445] {logging_mixin.py:104} INFO - [2021-07-14 20:10:26,445] {dag.py:1833} INFO - Sync 1 DAGs
[2021-07-14 20:10:26,474] {logging_mixin.py:104} INFO - [2021-07-14 20:10:26,474] {dag.py:2306} INFO - Setting next_dagrun for example_branch_operator to 2021-07-12 00:00:00+00:00
[2021-07-14 20:10:26,488] {scheduler_job.py:190} INFO - Processing /home/airflow/.local/lib/python3.6/site-packages/airflow/example_dags/example_branch_operator.py took 0.095 seconds
[2021-07-14 20:10:56,740] {scheduler_job.py:182} INFO - Started process (PID=1582) to work on /home/airflow/.local/lib/python3.6/site-packages/airflow/example_dags/example_branch_operator.py
[2021-07-14 20:10:56,742] {scheduler_job.py:633} INFO - Processing file /home/airflow/.local/lib/python3.6/site-packages/airflow/example_dags/example_branch_operator.py for tasks to queue
[2021-07-14 20:10:56,743] {logging_mixin.py:104} INFO - [2021-07-14 20:10:56,743] {dagbag.py:496} INFO - Filling up the DagBag from /home/airflow/.local/lib/python3.6/site-packages/airflow/example_dags/example_branch_operator.py
[2021-07-14 20:10:56,766] {scheduler_job.py:643} INFO - DAG(s) dict_keys(['example_branch_operator']) retrieved from /home/airflow/.local/lib/python3.6/site-packages/airflow/example_dags/example_branch_operator.py
[2021-07-14 20:10:56,802] {logging_mixin.py:104} INFO - [2021-07-14 20:10:56,802] {dag.py:1833} INFO - Sync 1 DAGs
[2021-07-14 20:10:56,834] {logging_mixin.py:104} INFO - [2021-07-14 20:10:56,834] {dag.py:2306} INFO - Setting next_dagrun for example_branch_operator to 2021-07-12 00:00:00+00:00
[2021-07-14 20:10:56,849] {scheduler_job.py:190} INFO - Processing /home/airflow/.local/lib/python3.6/site-packages/airflow/example_dags/example_branch_operator.py took 0.113 seconds
[2021-07-14 20:11:27,110] {scheduler_job.py:182} INFO - Started process (PID=1646) to work on /home/airflow/.local/lib/python3.6/site-packages/airflow/example_dags/example_branch_operator.py
[2021-07-14 20:11:27,111] {scheduler_job.py:633} INFO - Processing file /home/airflow/.local/lib/python3.6/site-packages/airflow/example_dags/example_branch_operator.py for tasks to queue
[2021-07-14 20:11:27,112] {logging_mixin.py:104} INFO - [2021-07-14 20:11:27,112] {dagbag.py:496} INFO - Filling up the DagBag from /home/airflow/.local/lib/python3.6/site-packages/airflow/example_dags/example_branch_operator.py
[2021-07-14 20:11:27,129] {scheduler_job.py:643} INFO - DAG(s) dict_keys(['example_branch_operator']) retrieved from /home/airflow/.local/lib/python3.6/site-packages/airflow/example_dags/example_branch_operator.py
[2021-07-14 20:11:27,155] {logging_mixin.py:104} INFO - [2021-07-14 20:11:27,155] {dag.py:1833} INFO - Sync 1 DAGs
[2021-07-14 20:11:27,179] {logging_mixin.py:104} INFO - [2021-07-14 20:11:27,179] {dag.py:2306} INFO - Setting next_dagrun for example_branch_operator to 2021-07-12 00:00:00+00:00
[2021-07-14 20:11:27,192] {scheduler_job.py:190} INFO - Processing /home/airflow/.local/lib/python3.6/site-packages/airflow/example_dags/example_branch_operator.py took 0.084 seconds
[2021-07-14 20:11:57,904] {scheduler_job.py:182} INFO - Started process (PID=1701) to work on /home/airflow/.local/lib/python3.6/site-packages/airflow/example_dags/example_branch_operator.py
[2021-07-14 20:11:57,905] {scheduler_job.py:633} INFO - Processing file /home/airflow/.local/lib/python3.6/site-packages/airflow/example_dags/example_branch_operator.py for tasks to queue
[2021-07-14 20:11:57,906] {logging_mixin.py:104} INFO - [2021-07-14 20:11:57,906] {dagbag.py:496} INFO - Filling up the DagBag from /home/airflow/.local/lib/python3.6/site-packages/airflow/example_dags/example_branch_operator.py
[2021-07-14 20:11:57,932] {scheduler_job.py:643} INFO - DAG(s) dict_keys(['example_branch_operator']) retrieved from /home/airflow/.local/lib/python3.6/site-packages/airflow/example_dags/example_branch_operator.py
[2021-07-14 20:11:57,959] {logging_mixin.py:104} INFO - [2021-07-14 20:11:57,959] {dag.py:1833} INFO - Sync 1 DAGs
[2021-07-14 20:11:57,984] {logging_mixin.py:104} INFO - [2021-07-14 20:11:57,983] {dag.py:2306} INFO - Setting next_dagrun for example_branch_operator to 2021-07-12 00:00:00+00:00
[2021-07-14 20:11:57,998] {scheduler_job.py:190} INFO - Processing /home/airflow/.local/lib/python3.6/site-packages/airflow/example_dags/example_branch_operator.py took 0.098 seconds
[2021-07-14 20:12:28,020] {scheduler_job.py:182} INFO - Started process (PID=1766) to work on /home/airflow/.local/lib/python3.6/site-packages/airflow/example_dags/example_branch_operator.py
[2021-07-14 20:12:28,021] {scheduler_job.py:633} INFO - Processing file /home/airflow/.local/lib/python3.6/site-packages/airflow/example_dags/example_branch_operator.py for tasks to queue
[2021-07-14 20:12:28,022] {logging_mixin.py:104} INFO - [2021-07-14 20:12:28,022] {dagbag.py:496} INFO - Filling up the DagBag from /home/airflow/.local/lib/python3.6/site-packages/airflow/example_dags/example_branch_operator.py
[2021-07-14 20:12:28,038] {scheduler_job.py:643} INFO - DAG(s) dict_keys(['example_branch_operator']) retrieved from /home/airflow/.local/lib/python3.6/site-packages/airflow/example_dags/example_branch_operator.py
[2021-07-14 20:12:28,060] {logging_mixin.py:104} INFO - [2021-07-14 20:12:28,060] {dag.py:1833} INFO - Sync 1 DAGs
[2021-07-14 20:12:28,079] {logging_mixin.py:104} INFO - [2021-07-14 20:12:28,079] {dag.py:2306} INFO - Setting next_dagrun for example_branch_operator to 2021-07-12 00:00:00+00:00
[2021-07-14 20:12:28,090] {scheduler_job.py:190} INFO - Processing /home/airflow/.local/lib/python3.6/site-packages/airflow/example_dags/example_branch_operator.py took 0.073 seconds
[2021-07-14 20:12:58,271] {scheduler_job.py:182} INFO - Started process (PID=1819) to work on /home/airflow/.local/lib/python3.6/site-packages/airflow/example_dags/example_branch_operator.py
[2021-07-14 20:12:58,273] {scheduler_job.py:633} INFO - Processing file /home/airflow/.local/lib/python3.6/site-packages/airflow/example_dags/example_branch_operator.py for tasks to queue
[2021-07-14 20:12:58,274] {logging_mixin.py:104} INFO - [2021-07-14 20:12:58,274] {dagbag.py:496} INFO - Filling up the DagBag from /home/airflow/.local/lib/python3.6/site-packages/airflow/example_dags/example_branch_operator.py
[2021-07-14 20:12:58,295] {scheduler_job.py:643} INFO - DAG(s) dict_keys(['example_branch_operator']) retrieved from /home/airflow/.local/lib/python3.6/site-packages/airflow/example_dags/example_branch_operator.py
[2021-07-14 20:12:58,317] {logging_mixin.py:104} INFO - [2021-07-14 20:12:58,317] {dag.py:1833} INFO - Sync 1 DAGs
[2021-07-14 20:12:58,333] {logging_mixin.py:104} INFO - [2021-07-14 20:12:58,333] {dag.py:2306} INFO - Setting next_dagrun for example_branch_operator to 2021-07-12 00:00:00+00:00
[2021-07-14 20:12:58,343] {scheduler_job.py:190} INFO - Processing /home/airflow/.local/lib/python3.6/site-packages/airflow/example_dags/example_branch_operator.py took 0.076 seconds
[2021-07-14 20:13:28,709] {scheduler_job.py:182} INFO - Started process (PID=1885) to work on /home/airflow/.local/lib/python3.6/site-packages/airflow/example_dags/example_branch_operator.py
[2021-07-14 20:13:28,711] {scheduler_job.py:633} INFO - Processing file /home/airflow/.local/lib/python3.6/site-packages/airflow/example_dags/example_branch_operator.py for tasks to queue
[2021-07-14 20:13:28,712] {logging_mixin.py:104} INFO - [2021-07-14 20:13:28,711] {dagbag.py:496} INFO - Filling up the DagBag from /home/airflow/.local/lib/python3.6/site-packages/airflow/example_dags/example_branch_operator.py
[2021-07-14 20:13:28,729] {scheduler_job.py:643} INFO - DAG(s) dict_keys(['example_branch_operator']) retrieved from /home/airflow/.local/lib/python3.6/site-packages/airflow/example_dags/example_branch_operator.py
[2021-07-14 20:13:28,753] {logging_mixin.py:104} INFO - [2021-07-14 20:13:28,753] {dag.py:1833} INFO - Sync 1 DAGs
[2021-07-14 20:13:28,778] {logging_mixin.py:104} INFO - [2021-07-14 20:13:28,777] {dag.py:2306} INFO - Setting next_dagrun for example_branch_operator to 2021-07-12 00:00:00+00:00
[2021-07-14 20:13:28,788] {scheduler_job.py:190} INFO - Processing /home/airflow/.local/lib/python3.6/site-packages/airflow/example_dags/example_branch_operator.py took 0.082 seconds
[2021-07-14 20:13:59,689] {scheduler_job.py:182} INFO - Started process (PID=1947) to work on /home/airflow/.local/lib/python3.6/site-packages/airflow/example_dags/example_branch_operator.py
[2021-07-14 20:13:59,690] {scheduler_job.py:633} INFO - Processing file /home/airflow/.local/lib/python3.6/site-packages/airflow/example_dags/example_branch_operator.py for tasks to queue
[2021-07-14 20:13:59,691] {logging_mixin.py:104} INFO - [2021-07-14 20:13:59,691] {dagbag.py:496} INFO - Filling up the DagBag from /home/airflow/.local/lib/python3.6/site-packages/airflow/example_dags/example_branch_operator.py
[2021-07-14 20:13:59,708] {scheduler_job.py:643} INFO - DAG(s) dict_keys(['example_branch_operator']) retrieved from /home/airflow/.local/lib/python3.6/site-packages/airflow/example_dags/example_branch_operator.py
[2021-07-14 20:13:59,732] {logging_mixin.py:104} INFO - [2021-07-14 20:13:59,732] {dag.py:1833} INFO - Sync 1 DAGs
[2021-07-14 20:13:59,756] {logging_mixin.py:104} INFO - [2021-07-14 20:13:59,756] {dag.py:2306} INFO - Setting next_dagrun for example_branch_operator to 2021-07-12 00:00:00+00:00
[2021-07-14 20:13:59,767] {scheduler_job.py:190} INFO - Processing /home/airflow/.local/lib/python3.6/site-packages/airflow/example_dags/example_branch_operator.py took 0.081 seconds
[2021-07-14 20:14:29,892] {scheduler_job.py:182} INFO - Started process (PID=2003) to work on /home/airflow/.local/lib/python3.6/site-packages/airflow/example_dags/example_branch_operator.py
[2021-07-14 20:14:29,894] {scheduler_job.py:633} INFO - Processing file /home/airflow/.local/lib/python3.6/site-packages/airflow/example_dags/example_branch_operator.py for tasks to queue
[2021-07-14 20:14:29,894] {logging_mixin.py:104} INFO - [2021-07-14 20:14:29,894] {dagbag.py:496} INFO - Filling up the DagBag from /home/airflow/.local/lib/python3.6/site-packages/airflow/example_dags/example_branch_operator.py
[2021-07-14 20:14:29,912] {scheduler_job.py:643} INFO - DAG(s) dict_keys(['example_branch_operator']) retrieved from /home/airflow/.local/lib/python3.6/site-packages/airflow/example_dags/example_branch_operator.py
[2021-07-14 20:14:29,937] {logging_mixin.py:104} INFO - [2021-07-14 20:14:29,937] {dag.py:1833} INFO - Sync 1 DAGs
[2021-07-14 20:14:29,959] {logging_mixin.py:104} INFO - [2021-07-14 20:14:29,959] {dag.py:2306} INFO - Setting next_dagrun for example_branch_operator to 2021-07-12 00:00:00+00:00
[2021-07-14 20:14:29,970] {scheduler_job.py:190} INFO - Processing /home/airflow/.local/lib/python3.6/site-packages/airflow/example_dags/example_branch_operator.py took 0.081 seconds
[2021-07-14 20:15:00,398] {scheduler_job.py:182} INFO - Started process (PID=2067) to work on /home/airflow/.local/lib/python3.6/site-packages/airflow/example_dags/example_branch_operator.py
[2021-07-14 20:15:00,400] {scheduler_job.py:633} INFO - Processing file /home/airflow/.local/lib/python3.6/site-packages/airflow/example_dags/example_branch_operator.py for tasks to queue
[2021-07-14 20:15:00,401] {logging_mixin.py:104} INFO - [2021-07-14 20:15:00,401] {dagbag.py:496} INFO - Filling up the DagBag from /home/airflow/.local/lib/python3.6/site-packages/airflow/example_dags/example_branch_operator.py
[2021-07-14 20:15:00,418] {scheduler_job.py:643} INFO - DAG(s) dict_keys(['example_branch_operator']) retrieved from /home/airflow/.local/lib/python3.6/site-packages/airflow/example_dags/example_branch_operator.py
[2021-07-14 20:15:00,441] {logging_mixin.py:104} INFO - [2021-07-14 20:15:00,441] {dag.py:1833} INFO - Sync 1 DAGs
[2021-07-14 20:15:00,468] {logging_mixin.py:104} INFO - [2021-07-14 20:15:00,468] {dag.py:2306} INFO - Setting next_dagrun for example_branch_operator to 2021-07-12 00:00:00+00:00
[2021-07-14 20:15:00,484] {scheduler_job.py:190} INFO - Processing /home/airflow/.local/lib/python3.6/site-packages/airflow/example_dags/example_branch_operator.py took 0.088 seconds
[2021-07-14 20:15:30,913] {scheduler_job.py:182} INFO - Started process (PID=2121) to work on /home/airflow/.local/lib/python3.6/site-packages/airflow/example_dags/example_branch_operator.py
[2021-07-14 20:15:30,915] {scheduler_job.py:633} INFO - Processing file /home/airflow/.local/lib/python3.6/site-packages/airflow/example_dags/example_branch_operator.py for tasks to queue
[2021-07-14 20:15:30,915] {logging_mixin.py:104} INFO - [2021-07-14 20:15:30,915] {dagbag.py:496} INFO - Filling up the DagBag from /home/airflow/.local/lib/python3.6/site-packages/airflow/example_dags/example_branch_operator.py
[2021-07-14 20:15:30,938] {scheduler_job.py:643} INFO - DAG(s) dict_keys(['example_branch_operator']) retrieved from /home/airflow/.local/lib/python3.6/site-packages/airflow/example_dags/example_branch_operator.py
[2021-07-14 20:15:30,968] {logging_mixin.py:104} INFO - [2021-07-14 20:15:30,968] {dag.py:1833} INFO - Sync 1 DAGs
[2021-07-14 20:15:30,992] {logging_mixin.py:104} INFO - [2021-07-14 20:15:30,992] {dag.py:2306} INFO - Setting next_dagrun for example_branch_operator to 2021-07-12 00:00:00+00:00
[2021-07-14 20:15:31,005] {scheduler_job.py:190} INFO - Processing /home/airflow/.local/lib/python3.6/site-packages/airflow/example_dags/example_branch_operator.py took 0.096 seconds
[2021-07-14 20:16:01,231] {scheduler_job.py:182} INFO - Started process (PID=2185) to work on /home/airflow/.local/lib/python3.6/site-packages/airflow/example_dags/example_branch_operator.py
[2021-07-14 20:16:01,232] {scheduler_job.py:633} INFO - Processing file /home/airflow/.local/lib/python3.6/site-packages/airflow/example_dags/example_branch_operator.py for tasks to queue
[2021-07-14 20:16:01,233] {logging_mixin.py:104} INFO - [2021-07-14 20:16:01,233] {dagbag.py:496} INFO - Filling up the DagBag from /home/airflow/.local/lib/python3.6/site-packages/airflow/example_dags/example_branch_operator.py
[2021-07-14 20:16:01,253] {scheduler_job.py:643} INFO - DAG(s) dict_keys(['example_branch_operator']) retrieved from /home/airflow/.local/lib/python3.6/site-packages/airflow/example_dags/example_branch_operator.py
[2021-07-14 20:16:01,283] {logging_mixin.py:104} INFO - [2021-07-14 20:16:01,283] {dag.py:1833} INFO - Sync 1 DAGs
[2021-07-14 20:16:01,305] {logging_mixin.py:104} INFO - [2021-07-14 20:16:01,305] {dag.py:2306} INFO - Setting next_dagrun for example_branch_operator to 2021-07-12 00:00:00+00:00
[2021-07-14 20:16:01,316] {scheduler_job.py:190} INFO - Processing /home/airflow/.local/lib/python3.6/site-packages/airflow/example_dags/example_branch_operator.py took 0.090 seconds
[2021-07-14 20:16:32,229] {scheduler_job.py:182} INFO - Started process (PID=2238) to work on /home/airflow/.local/lib/python3.6/site-packages/airflow/example_dags/example_branch_operator.py
[2021-07-14 20:16:32,231] {scheduler_job.py:633} INFO - Processing file /home/airflow/.local/lib/python3.6/site-packages/airflow/example_dags/example_branch_operator.py for tasks to queue
[2021-07-14 20:16:32,232] {logging_mixin.py:104} INFO - [2021-07-14 20:16:32,232] {dagbag.py:496} INFO - Filling up the DagBag from /home/airflow/.local/lib/python3.6/site-packages/airflow/example_dags/example_branch_operator.py
[2021-07-14 20:16:32,260] {scheduler_job.py:643} INFO - DAG(s) dict_keys(['example_branch_operator']) retrieved from /home/airflow/.local/lib/python3.6/site-packages/airflow/example_dags/example_branch_operator.py
[2021-07-14 20:16:32,291] {logging_mixin.py:104} INFO - [2021-07-14 20:16:32,291] {dag.py:1833} INFO - Sync 1 DAGs
[2021-07-14 20:16:32,315] {logging_mixin.py:104} INFO - [2021-07-14 20:16:32,315] {dag.py:2306} INFO - Setting next_dagrun for example_branch_operator to 2021-07-12 00:00:00+00:00
[2021-07-14 20:16:32,328] {scheduler_job.py:190} INFO - Processing /home/airflow/.local/lib/python3.6/site-packages/airflow/example_dags/example_branch_operator.py took 0.104 seconds
[2021-07-14 20:17:02,669] {scheduler_job.py:182} INFO - Started process (PID=2300) to work on /home/airflow/.local/lib/python3.6/site-packages/airflow/example_dags/example_branch_operator.py
[2021-07-14 20:17:02,670] {scheduler_job.py:633} INFO - Processing file /home/airflow/.local/lib/python3.6/site-packages/airflow/example_dags/example_branch_operator.py for tasks to queue
[2021-07-14 20:17:02,670] {logging_mixin.py:104} INFO - [2021-07-14 20:17:02,670] {dagbag.py:496} INFO - Filling up the DagBag from /home/airflow/.local/lib/python3.6/site-packages/airflow/example_dags/example_branch_operator.py
[2021-07-14 20:17:02,687] {scheduler_job.py:643} INFO - DAG(s) dict_keys(['example_branch_operator']) retrieved from /home/airflow/.local/lib/python3.6/site-packages/airflow/example_dags/example_branch_operator.py
[2021-07-14 20:17:02,712] {logging_mixin.py:104} INFO - [2021-07-14 20:17:02,711] {dag.py:1833} INFO - Sync 1 DAGs
[2021-07-14 20:17:02,731] {logging_mixin.py:104} INFO - [2021-07-14 20:17:02,731] {dag.py:2306} INFO - Setting next_dagrun for example_branch_operator to 2021-07-12 00:00:00+00:00
[2021-07-14 20:17:02,742] {scheduler_job.py:190} INFO - Processing /home/airflow/.local/lib/python3.6/site-packages/airflow/example_dags/example_branch_operator.py took 0.076 seconds
[2021-07-14 20:17:33,139] {scheduler_job.py:182} INFO - Started process (PID=2353) to work on /home/airflow/.local/lib/python3.6/site-packages/airflow/example_dags/example_branch_operator.py
[2021-07-14 20:17:33,141] {scheduler_job.py:633} INFO - Processing file /home/airflow/.local/lib/python3.6/site-packages/airflow/example_dags/example_branch_operator.py for tasks to queue
[2021-07-14 20:17:33,142] {logging_mixin.py:104} INFO - [2021-07-14 20:17:33,142] {dagbag.py:496} INFO - Filling up the DagBag from /home/airflow/.local/lib/python3.6/site-packages/airflow/example_dags/example_branch_operator.py
[2021-07-14 20:17:33,163] {scheduler_job.py:643} INFO - DAG(s) dict_keys(['example_branch_operator']) retrieved from /home/airflow/.local/lib/python3.6/site-packages/airflow/example_dags/example_branch_operator.py
[2021-07-14 20:17:33,198] {logging_mixin.py:104} INFO - [2021-07-14 20:17:33,198] {dag.py:1833} INFO - Sync 1 DAGs
[2021-07-14 20:17:33,230] {logging_mixin.py:104} INFO - [2021-07-14 20:17:33,230] {dag.py:2306} INFO - Setting next_dagrun for example_branch_operator to 2021-07-12 00:00:00+00:00
[2021-07-14 20:17:33,241] {scheduler_job.py:190} INFO - Processing /home/airflow/.local/lib/python3.6/site-packages/airflow/example_dags/example_branch_operator.py took 0.107 seconds
[2021-07-14 20:18:03,753] {scheduler_job.py:182} INFO - Started process (PID=2419) to work on /home/airflow/.local/lib/python3.6/site-packages/airflow/example_dags/example_branch_operator.py
[2021-07-14 20:18:03,754] {scheduler_job.py:633} INFO - Processing file /home/airflow/.local/lib/python3.6/site-packages/airflow/example_dags/example_branch_operator.py for tasks to queue
[2021-07-14 20:18:03,755] {logging_mixin.py:104} INFO - [2021-07-14 20:18:03,755] {dagbag.py:496} INFO - Filling up the DagBag from /home/airflow/.local/lib/python3.6/site-packages/airflow/example_dags/example_branch_operator.py
[2021-07-14 20:18:03,771] {scheduler_job.py:643} INFO - DAG(s) dict_keys(['example_branch_operator']) retrieved from /home/airflow/.local/lib/python3.6/site-packages/airflow/example_dags/example_branch_operator.py
[2021-07-14 20:18:03,795] {logging_mixin.py:104} INFO - [2021-07-14 20:18:03,794] {dag.py:1833} INFO - Sync 1 DAGs
[2021-07-14 20:18:03,815] {logging_mixin.py:104} INFO - [2021-07-14 20:18:03,815] {dag.py:2306} INFO - Setting next_dagrun for example_branch_operator to 2021-07-12 00:00:00+00:00
[2021-07-14 20:18:03,825] {scheduler_job.py:190} INFO - Processing /home/airflow/.local/lib/python3.6/site-packages/airflow/example_dags/example_branch_operator.py took 0.074 seconds
[2021-07-14 20:18:34,399] {scheduler_job.py:182} INFO - Started process (PID=2472) to work on /home/airflow/.local/lib/python3.6/site-packages/airflow/example_dags/example_branch_operator.py
[2021-07-14 20:18:34,400] {scheduler_job.py:633} INFO - Processing file /home/airflow/.local/lib/python3.6/site-packages/airflow/example_dags/example_branch_operator.py for tasks to queue
[2021-07-14 20:18:34,401] {logging_mixin.py:104} INFO - [2021-07-14 20:18:34,400] {dagbag.py:496} INFO - Filling up the DagBag from /home/airflow/.local/lib/python3.6/site-packages/airflow/example_dags/example_branch_operator.py
[2021-07-14 20:18:34,422] {scheduler_job.py:643} INFO - DAG(s) dict_keys(['example_branch_operator']) retrieved from /home/airflow/.local/lib/python3.6/site-packages/airflow/example_dags/example_branch_operator.py
[2021-07-14 20:18:34,452] {logging_mixin.py:104} INFO - [2021-07-14 20:18:34,452] {dag.py:1833} INFO - Sync 1 DAGs
[2021-07-14 20:18:34,478] {logging_mixin.py:104} INFO - [2021-07-14 20:18:34,477] {dag.py:2306} INFO - Setting next_dagrun for example_branch_operator to 2021-07-12 00:00:00+00:00
[2021-07-14 20:18:34,490] {scheduler_job.py:190} INFO - Processing /home/airflow/.local/lib/python3.6/site-packages/airflow/example_dags/example_branch_operator.py took 0.095 seconds
[2021-07-14 20:19:05,092] {scheduler_job.py:182} INFO - Started process (PID=2535) to work on /home/airflow/.local/lib/python3.6/site-packages/airflow/example_dags/example_branch_operator.py
[2021-07-14 20:19:05,093] {scheduler_job.py:633} INFO - Processing file /home/airflow/.local/lib/python3.6/site-packages/airflow/example_dags/example_branch_operator.py for tasks to queue
[2021-07-14 20:19:05,093] {logging_mixin.py:104} INFO - [2021-07-14 20:19:05,093] {dagbag.py:496} INFO - Filling up the DagBag from /home/airflow/.local/lib/python3.6/site-packages/airflow/example_dags/example_branch_operator.py
[2021-07-14 20:19:05,111] {scheduler_job.py:643} INFO - DAG(s) dict_keys(['example_branch_operator']) retrieved from /home/airflow/.local/lib/python3.6/site-packages/airflow/example_dags/example_branch_operator.py
[2021-07-14 20:19:05,137] {logging_mixin.py:104} INFO - [2021-07-14 20:19:05,137] {dag.py:1833} INFO - Sync 1 DAGs
[2021-07-14 20:19:05,166] {logging_mixin.py:104} INFO - [2021-07-14 20:19:05,166] {dag.py:2306} INFO - Setting next_dagrun for example_branch_operator to 2021-07-12 00:00:00+00:00
[2021-07-14 20:19:05,180] {scheduler_job.py:190} INFO - Processing /home/airflow/.local/lib/python3.6/site-packages/airflow/example_dags/example_branch_operator.py took 0.092 seconds
[2021-07-14 20:19:35,442] {scheduler_job.py:182} INFO - Started process (PID=2589) to work on /home/airflow/.local/lib/python3.6/site-packages/airflow/example_dags/example_branch_operator.py
[2021-07-14 20:19:35,443] {scheduler_job.py:633} INFO - Processing file /home/airflow/.local/lib/python3.6/site-packages/airflow/example_dags/example_branch_operator.py for tasks to queue
[2021-07-14 20:19:35,444] {logging_mixin.py:104} INFO - [2021-07-14 20:19:35,444] {dagbag.py:496} INFO - Filling up the DagBag from /home/airflow/.local/lib/python3.6/site-packages/airflow/example_dags/example_branch_operator.py
[2021-07-14 20:19:35,472] {scheduler_job.py:643} INFO - DAG(s) dict_keys(['example_branch_operator']) retrieved from /home/airflow/.local/lib/python3.6/site-packages/airflow/example_dags/example_branch_operator.py
[2021-07-14 20:19:35,507] {logging_mixin.py:104} INFO - [2021-07-14 20:19:35,507] {dag.py:1833} INFO - Sync 1 DAGs
[2021-07-14 20:19:35,535] {logging_mixin.py:104} INFO - [2021-07-14 20:19:35,535] {dag.py:2306} INFO - Setting next_dagrun for example_branch_operator to 2021-07-12 00:00:00+00:00
[2021-07-14 20:19:35,553] {scheduler_job.py:190} INFO - Processing /home/airflow/.local/lib/python3.6/site-packages/airflow/example_dags/example_branch_operator.py took 0.117 seconds
[2021-07-14 20:20:05,947] {scheduler_job.py:182} INFO - Started process (PID=2651) to work on /home/airflow/.local/lib/python3.6/site-packages/airflow/example_dags/example_branch_operator.py
[2021-07-14 20:20:05,949] {scheduler_job.py:633} INFO - Processing file /home/airflow/.local/lib/python3.6/site-packages/airflow/example_dags/example_branch_operator.py for tasks to queue
[2021-07-14 20:20:05,951] {logging_mixin.py:104} INFO - [2021-07-14 20:20:05,950] {dagbag.py:496} INFO - Filling up the DagBag from /home/airflow/.local/lib/python3.6/site-packages/airflow/example_dags/example_branch_operator.py
[2021-07-14 20:20:05,973] {scheduler_job.py:643} INFO - DAG(s) dict_keys(['example_branch_operator']) retrieved from /home/airflow/.local/lib/python3.6/site-packages/airflow/example_dags/example_branch_operator.py
[2021-07-14 20:20:06,007] {logging_mixin.py:104} INFO - [2021-07-14 20:20:06,007] {dag.py:1833} INFO - Sync 1 DAGs
[2021-07-14 20:20:06,034] {logging_mixin.py:104} INFO - [2021-07-14 20:20:06,034] {dag.py:2306} INFO - Setting next_dagrun for example_branch_operator to 2021-07-12 00:00:00+00:00
[2021-07-14 20:20:06,051] {scheduler_job.py:190} INFO - Processing /home/airflow/.local/lib/python3.6/site-packages/airflow/example_dags/example_branch_operator.py took 0.107 seconds
[2021-07-14 20:20:36,102] {scheduler_job.py:182} INFO - Started process (PID=2705) to work on /home/airflow/.local/lib/python3.6/site-packages/airflow/example_dags/example_branch_operator.py
[2021-07-14 20:20:36,104] {scheduler_job.py:633} INFO - Processing file /home/airflow/.local/lib/python3.6/site-packages/airflow/example_dags/example_branch_operator.py for tasks to queue
[2021-07-14 20:20:36,105] {logging_mixin.py:104} INFO - [2021-07-14 20:20:36,105] {dagbag.py:496} INFO - Filling up the DagBag from /home/airflow/.local/lib/python3.6/site-packages/airflow/example_dags/example_branch_operator.py
[2021-07-14 20:20:36,127] {scheduler_job.py:643} INFO - DAG(s) dict_keys(['example_branch_operator']) retrieved from /home/airflow/.local/lib/python3.6/site-packages/airflow/example_dags/example_branch_operator.py
[2021-07-14 20:20:36,152] {logging_mixin.py:104} INFO - [2021-07-14 20:20:36,152] {dag.py:1833} INFO - Sync 1 DAGs
[2021-07-14 20:20:36,170] {logging_mixin.py:104} INFO - [2021-07-14 20:20:36,170] {dag.py:2306} INFO - Setting next_dagrun for example_branch_operator to 2021-07-12 00:00:00+00:00
[2021-07-14 20:20:36,180] {scheduler_job.py:190} INFO - Processing /home/airflow/.local/lib/python3.6/site-packages/airflow/example_dags/example_branch_operator.py took 0.083 seconds
[2021-07-14 20:21:06,517] {scheduler_job.py:182} INFO - Started process (PID=2770) to work on /home/airflow/.local/lib/python3.6/site-packages/airflow/example_dags/example_branch_operator.py
[2021-07-14 20:21:06,518] {scheduler_job.py:633} INFO - Processing file /home/airflow/.local/lib/python3.6/site-packages/airflow/example_dags/example_branch_operator.py for tasks to queue
[2021-07-14 20:21:06,519] {logging_mixin.py:104} INFO - [2021-07-14 20:21:06,518] {dagbag.py:496} INFO - Filling up the DagBag from /home/airflow/.local/lib/python3.6/site-packages/airflow/example_dags/example_branch_operator.py
[2021-07-14 20:21:06,535] {scheduler_job.py:643} INFO - DAG(s) dict_keys(['example_branch_operator']) retrieved from /home/airflow/.local/lib/python3.6/site-packages/airflow/example_dags/example_branch_operator.py
[2021-07-14 20:21:06,553] {logging_mixin.py:104} INFO - [2021-07-14 20:21:06,553] {dag.py:1833} INFO - Sync 1 DAGs
[2021-07-14 20:21:06,571] {logging_mixin.py:104} INFO - [2021-07-14 20:21:06,571] {dag.py:2306} INFO - Setting next_dagrun for example_branch_operator to 2021-07-12 00:00:00+00:00
[2021-07-14 20:21:06,580] {scheduler_job.py:190} INFO - Processing /home/airflow/.local/lib/python3.6/site-packages/airflow/example_dags/example_branch_operator.py took 0.067 seconds
[2021-07-14 20:21:36,921] {scheduler_job.py:182} INFO - Started process (PID=2825) to work on /home/airflow/.local/lib/python3.6/site-packages/airflow/example_dags/example_branch_operator.py
[2021-07-14 20:21:36,923] {scheduler_job.py:633} INFO - Processing file /home/airflow/.local/lib/python3.6/site-packages/airflow/example_dags/example_branch_operator.py for tasks to queue
[2021-07-14 20:21:36,924] {logging_mixin.py:104} INFO - [2021-07-14 20:21:36,924] {dagbag.py:496} INFO - Filling up the DagBag from /home/airflow/.local/lib/python3.6/site-packages/airflow/example_dags/example_branch_operator.py
[2021-07-14 20:21:36,944] {scheduler_job.py:643} INFO - DAG(s) dict_keys(['example_branch_operator']) retrieved from /home/airflow/.local/lib/python3.6/site-packages/airflow/example_dags/example_branch_operator.py
[2021-07-14 20:21:36,967] {logging_mixin.py:104} INFO - [2021-07-14 20:21:36,967] {dag.py:1833} INFO - Sync 1 DAGs
[2021-07-14 20:21:36,984] {logging_mixin.py:104} INFO - [2021-07-14 20:21:36,984] {dag.py:2306} INFO - Setting next_dagrun for example_branch_operator to 2021-07-12 00:00:00+00:00
[2021-07-14 20:21:36,994] {scheduler_job.py:190} INFO - Processing /home/airflow/.local/lib/python3.6/site-packages/airflow/example_dags/example_branch_operator.py took 0.077 seconds
[2021-07-14 20:22:07,515] {scheduler_job.py:182} INFO - Started process (PID=2890) to work on /home/airflow/.local/lib/python3.6/site-packages/airflow/example_dags/example_branch_operator.py
[2021-07-14 20:22:07,516] {scheduler_job.py:633} INFO - Processing file /home/airflow/.local/lib/python3.6/site-packages/airflow/example_dags/example_branch_operator.py for tasks to queue
[2021-07-14 20:22:07,517] {logging_mixin.py:104} INFO - [2021-07-14 20:22:07,517] {dagbag.py:496} INFO - Filling up the DagBag from /home/airflow/.local/lib/python3.6/site-packages/airflow/example_dags/example_branch_operator.py
[2021-07-14 20:22:07,540] {scheduler_job.py:643} INFO - DAG(s) dict_keys(['example_branch_operator']) retrieved from /home/airflow/.local/lib/python3.6/site-packages/airflow/example_dags/example_branch_operator.py
[2021-07-14 20:22:07,562] {logging_mixin.py:104} INFO - [2021-07-14 20:22:07,562] {dag.py:1833} INFO - Sync 1 DAGs
[2021-07-14 20:22:07,586] {logging_mixin.py:104} INFO - [2021-07-14 20:22:07,586] {dag.py:2306} INFO - Setting next_dagrun for example_branch_operator to 2021-07-12 00:00:00+00:00
[2021-07-14 20:22:07,597] {scheduler_job.py:190} INFO - Processing /home/airflow/.local/lib/python3.6/site-packages/airflow/example_dags/example_branch_operator.py took 0.085 seconds
