[2021-07-14 19:05:14,801] {scheduler_job.py:182} INFO - Started process (PID=67) to work on /home/airflow/.local/lib/python3.6/site-packages/airflow/example_dags/example_trigger_controller_dag.py
[2021-07-14 19:05:14,804] {scheduler_job.py:633} INFO - Processing file /home/airflow/.local/lib/python3.6/site-packages/airflow/example_dags/example_trigger_controller_dag.py for tasks to queue
[2021-07-14 19:05:14,819] {logging_mixin.py:104} INFO - [2021-07-14 19:05:14,805] {dagbag.py:496} INFO - Filling up the DagBag from /home/airflow/.local/lib/python3.6/site-packages/airflow/example_dags/example_trigger_controller_dag.py
[2021-07-14 19:05:14,884] {scheduler_job.py:643} INFO - DAG(s) dict_keys(['example_trigger_controller_dag']) retrieved from /home/airflow/.local/lib/python3.6/site-packages/airflow/example_dags/example_trigger_controller_dag.py
[2021-07-14 19:05:15,596] {logging_mixin.py:104} INFO - [2021-07-14 19:05:15,595] {dag.py:1833} INFO - Sync 1 DAGs
[2021-07-14 19:05:15,633] {logging_mixin.py:104} INFO - [2021-07-14 19:05:15,633] {dag.py:2306} INFO - Setting next_dagrun for example_trigger_controller_dag to 2021-07-12 00:00:00+00:00
[2021-07-14 19:05:15,665] {scheduler_job.py:190} INFO - Processing /home/airflow/.local/lib/python3.6/site-packages/airflow/example_dags/example_trigger_controller_dag.py took 0.871 seconds
[2021-07-14 19:05:47,599] {scheduler_job.py:182} INFO - Started process (PID=132) to work on /home/airflow/.local/lib/python3.6/site-packages/airflow/example_dags/example_trigger_controller_dag.py
[2021-07-14 19:05:47,605] {scheduler_job.py:633} INFO - Processing file /home/airflow/.local/lib/python3.6/site-packages/airflow/example_dags/example_trigger_controller_dag.py for tasks to queue
[2021-07-14 19:05:47,606] {logging_mixin.py:104} INFO - [2021-07-14 19:05:47,606] {dagbag.py:496} INFO - Filling up the DagBag from /home/airflow/.local/lib/python3.6/site-packages/airflow/example_dags/example_trigger_controller_dag.py
[2021-07-14 19:05:47,679] {scheduler_job.py:643} INFO - DAG(s) dict_keys(['example_trigger_controller_dag']) retrieved from /home/airflow/.local/lib/python3.6/site-packages/airflow/example_dags/example_trigger_controller_dag.py
[2021-07-14 19:05:47,750] {logging_mixin.py:104} INFO - [2021-07-14 19:05:47,750] {dag.py:1833} INFO - Sync 1 DAGs
[2021-07-14 19:05:47,833] {logging_mixin.py:104} INFO - [2021-07-14 19:05:47,833] {dag.py:2306} INFO - Setting next_dagrun for example_trigger_controller_dag to 2021-07-12 00:00:00+00:00
[2021-07-14 19:05:47,928] {scheduler_job.py:190} INFO - Processing /home/airflow/.local/lib/python3.6/site-packages/airflow/example_dags/example_trigger_controller_dag.py took 0.343 seconds
[2021-07-14 19:06:18,540] {scheduler_job.py:182} INFO - Started process (PID=185) to work on /home/airflow/.local/lib/python3.6/site-packages/airflow/example_dags/example_trigger_controller_dag.py
[2021-07-14 19:06:18,542] {scheduler_job.py:633} INFO - Processing file /home/airflow/.local/lib/python3.6/site-packages/airflow/example_dags/example_trigger_controller_dag.py for tasks to queue
[2021-07-14 19:06:18,543] {logging_mixin.py:104} INFO - [2021-07-14 19:06:18,543] {dagbag.py:496} INFO - Filling up the DagBag from /home/airflow/.local/lib/python3.6/site-packages/airflow/example_dags/example_trigger_controller_dag.py
[2021-07-14 19:06:18,566] {scheduler_job.py:643} INFO - DAG(s) dict_keys(['example_trigger_controller_dag']) retrieved from /home/airflow/.local/lib/python3.6/site-packages/airflow/example_dags/example_trigger_controller_dag.py
[2021-07-14 19:06:18,602] {logging_mixin.py:104} INFO - [2021-07-14 19:06:18,602] {dag.py:1833} INFO - Sync 1 DAGs
[2021-07-14 19:06:18,625] {logging_mixin.py:104} INFO - [2021-07-14 19:06:18,625] {dag.py:2306} INFO - Setting next_dagrun for example_trigger_controller_dag to 2021-07-12 00:00:00+00:00
[2021-07-14 19:06:18,641] {scheduler_job.py:190} INFO - Processing /home/airflow/.local/lib/python3.6/site-packages/airflow/example_dags/example_trigger_controller_dag.py took 0.105 seconds
[2021-07-14 19:06:49,052] {scheduler_job.py:182} INFO - Started process (PID=237) to work on /home/airflow/.local/lib/python3.6/site-packages/airflow/example_dags/example_trigger_controller_dag.py
[2021-07-14 19:06:49,055] {scheduler_job.py:633} INFO - Processing file /home/airflow/.local/lib/python3.6/site-packages/airflow/example_dags/example_trigger_controller_dag.py for tasks to queue
[2021-07-14 19:06:49,056] {logging_mixin.py:104} INFO - [2021-07-14 19:06:49,056] {dagbag.py:496} INFO - Filling up the DagBag from /home/airflow/.local/lib/python3.6/site-packages/airflow/example_dags/example_trigger_controller_dag.py
[2021-07-14 19:06:49,085] {scheduler_job.py:643} INFO - DAG(s) dict_keys(['example_trigger_controller_dag']) retrieved from /home/airflow/.local/lib/python3.6/site-packages/airflow/example_dags/example_trigger_controller_dag.py
[2021-07-14 19:06:49,128] {logging_mixin.py:104} INFO - [2021-07-14 19:06:49,128] {dag.py:1833} INFO - Sync 1 DAGs
[2021-07-14 19:06:49,163] {logging_mixin.py:104} INFO - [2021-07-14 19:06:49,163] {dag.py:2306} INFO - Setting next_dagrun for example_trigger_controller_dag to 2021-07-12 00:00:00+00:00
[2021-07-14 19:06:49,193] {scheduler_job.py:190} INFO - Processing /home/airflow/.local/lib/python3.6/site-packages/airflow/example_dags/example_trigger_controller_dag.py took 0.147 seconds
[2021-07-14 19:07:19,905] {scheduler_job.py:182} INFO - Started process (PID=302) to work on /home/airflow/.local/lib/python3.6/site-packages/airflow/example_dags/example_trigger_controller_dag.py
[2021-07-14 19:07:19,907] {scheduler_job.py:633} INFO - Processing file /home/airflow/.local/lib/python3.6/site-packages/airflow/example_dags/example_trigger_controller_dag.py for tasks to queue
[2021-07-14 19:07:19,908] {logging_mixin.py:104} INFO - [2021-07-14 19:07:19,908] {dagbag.py:496} INFO - Filling up the DagBag from /home/airflow/.local/lib/python3.6/site-packages/airflow/example_dags/example_trigger_controller_dag.py
[2021-07-14 19:07:19,938] {scheduler_job.py:643} INFO - DAG(s) dict_keys(['example_trigger_controller_dag']) retrieved from /home/airflow/.local/lib/python3.6/site-packages/airflow/example_dags/example_trigger_controller_dag.py
[2021-07-14 19:07:19,969] {logging_mixin.py:104} INFO - [2021-07-14 19:07:19,969] {dag.py:1833} INFO - Sync 1 DAGs
[2021-07-14 19:07:19,998] {logging_mixin.py:104} INFO - [2021-07-14 19:07:19,998] {dag.py:2306} INFO - Setting next_dagrun for example_trigger_controller_dag to 2021-07-12 00:00:00+00:00
[2021-07-14 19:07:20,016] {scheduler_job.py:190} INFO - Processing /home/airflow/.local/lib/python3.6/site-packages/airflow/example_dags/example_trigger_controller_dag.py took 0.115 seconds
[2021-07-14 19:07:50,344] {scheduler_job.py:182} INFO - Started process (PID=354) to work on /home/airflow/.local/lib/python3.6/site-packages/airflow/example_dags/example_trigger_controller_dag.py
[2021-07-14 19:07:50,347] {scheduler_job.py:633} INFO - Processing file /home/airflow/.local/lib/python3.6/site-packages/airflow/example_dags/example_trigger_controller_dag.py for tasks to queue
[2021-07-14 19:07:50,348] {logging_mixin.py:104} INFO - [2021-07-14 19:07:50,348] {dagbag.py:496} INFO - Filling up the DagBag from /home/airflow/.local/lib/python3.6/site-packages/airflow/example_dags/example_trigger_controller_dag.py
[2021-07-14 19:07:50,371] {scheduler_job.py:643} INFO - DAG(s) dict_keys(['example_trigger_controller_dag']) retrieved from /home/airflow/.local/lib/python3.6/site-packages/airflow/example_dags/example_trigger_controller_dag.py
[2021-07-14 19:07:50,416] {logging_mixin.py:104} INFO - [2021-07-14 19:07:50,416] {dag.py:1833} INFO - Sync 1 DAGs
[2021-07-14 19:07:50,446] {logging_mixin.py:104} INFO - [2021-07-14 19:07:50,446] {dag.py:2306} INFO - Setting next_dagrun for example_trigger_controller_dag to 2021-07-12 00:00:00+00:00
[2021-07-14 19:07:50,464] {scheduler_job.py:190} INFO - Processing /home/airflow/.local/lib/python3.6/site-packages/airflow/example_dags/example_trigger_controller_dag.py took 0.129 seconds
[2021-07-14 19:08:57,101] {scheduler_job.py:182} INFO - Started process (PID=49) to work on /home/airflow/.local/lib/python3.6/site-packages/airflow/example_dags/example_trigger_controller_dag.py
[2021-07-14 19:08:57,103] {scheduler_job.py:633} INFO - Processing file /home/airflow/.local/lib/python3.6/site-packages/airflow/example_dags/example_trigger_controller_dag.py for tasks to queue
[2021-07-14 19:08:57,104] {logging_mixin.py:104} INFO - [2021-07-14 19:08:57,104] {dagbag.py:496} INFO - Filling up the DagBag from /home/airflow/.local/lib/python3.6/site-packages/airflow/example_dags/example_trigger_controller_dag.py
[2021-07-14 19:08:57,118] {scheduler_job.py:643} INFO - DAG(s) dict_keys(['example_trigger_controller_dag']) retrieved from /home/airflow/.local/lib/python3.6/site-packages/airflow/example_dags/example_trigger_controller_dag.py
[2021-07-14 19:08:57,147] {logging_mixin.py:104} INFO - [2021-07-14 19:08:57,147] {dag.py:1833} INFO - Sync 1 DAGs
[2021-07-14 19:08:57,169] {logging_mixin.py:104} INFO - [2021-07-14 19:08:57,169] {dag.py:2306} INFO - Setting next_dagrun for example_trigger_controller_dag to 2021-07-12 00:00:00+00:00
[2021-07-14 19:08:57,183] {scheduler_job.py:190} INFO - Processing /home/airflow/.local/lib/python3.6/site-packages/airflow/example_dags/example_trigger_controller_dag.py took 0.085 seconds
[2021-07-14 19:09:28,753] {scheduler_job.py:182} INFO - Started process (PID=114) to work on /home/airflow/.local/lib/python3.6/site-packages/airflow/example_dags/example_trigger_controller_dag.py
[2021-07-14 19:09:28,754] {scheduler_job.py:633} INFO - Processing file /home/airflow/.local/lib/python3.6/site-packages/airflow/example_dags/example_trigger_controller_dag.py for tasks to queue
[2021-07-14 19:09:28,755] {logging_mixin.py:104} INFO - [2021-07-14 19:09:28,755] {dagbag.py:496} INFO - Filling up the DagBag from /home/airflow/.local/lib/python3.6/site-packages/airflow/example_dags/example_trigger_controller_dag.py
[2021-07-14 19:09:28,780] {scheduler_job.py:643} INFO - DAG(s) dict_keys(['example_trigger_controller_dag']) retrieved from /home/airflow/.local/lib/python3.6/site-packages/airflow/example_dags/example_trigger_controller_dag.py
[2021-07-14 19:09:28,856] {logging_mixin.py:104} INFO - [2021-07-14 19:09:28,856] {dag.py:1833} INFO - Sync 1 DAGs
[2021-07-14 19:09:28,891] {logging_mixin.py:104} INFO - [2021-07-14 19:09:28,891] {dag.py:2306} INFO - Setting next_dagrun for example_trigger_controller_dag to 2021-07-12 00:00:00+00:00
[2021-07-14 19:09:28,913] {scheduler_job.py:190} INFO - Processing /home/airflow/.local/lib/python3.6/site-packages/airflow/example_dags/example_trigger_controller_dag.py took 0.164 seconds
[2021-07-14 19:09:59,672] {scheduler_job.py:182} INFO - Started process (PID=167) to work on /home/airflow/.local/lib/python3.6/site-packages/airflow/example_dags/example_trigger_controller_dag.py
[2021-07-14 19:09:59,673] {scheduler_job.py:633} INFO - Processing file /home/airflow/.local/lib/python3.6/site-packages/airflow/example_dags/example_trigger_controller_dag.py for tasks to queue
[2021-07-14 19:09:59,674] {logging_mixin.py:104} INFO - [2021-07-14 19:09:59,674] {dagbag.py:496} INFO - Filling up the DagBag from /home/airflow/.local/lib/python3.6/site-packages/airflow/example_dags/example_trigger_controller_dag.py
[2021-07-14 19:09:59,702] {scheduler_job.py:643} INFO - DAG(s) dict_keys(['example_trigger_controller_dag']) retrieved from /home/airflow/.local/lib/python3.6/site-packages/airflow/example_dags/example_trigger_controller_dag.py
[2021-07-14 19:09:59,774] {logging_mixin.py:104} INFO - [2021-07-14 19:09:59,773] {dag.py:1833} INFO - Sync 1 DAGs
[2021-07-14 19:09:59,809] {logging_mixin.py:104} INFO - [2021-07-14 19:09:59,809] {dag.py:2306} INFO - Setting next_dagrun for example_trigger_controller_dag to 2021-07-12 00:00:00+00:00
[2021-07-14 19:09:59,826] {scheduler_job.py:190} INFO - Processing /home/airflow/.local/lib/python3.6/site-packages/airflow/example_dags/example_trigger_controller_dag.py took 0.159 seconds
[2021-07-14 19:10:30,542] {scheduler_job.py:182} INFO - Started process (PID=225) to work on /home/airflow/.local/lib/python3.6/site-packages/airflow/example_dags/example_trigger_controller_dag.py
[2021-07-14 19:10:30,543] {scheduler_job.py:633} INFO - Processing file /home/airflow/.local/lib/python3.6/site-packages/airflow/example_dags/example_trigger_controller_dag.py for tasks to queue
[2021-07-14 19:10:30,544] {logging_mixin.py:104} INFO - [2021-07-14 19:10:30,544] {dagbag.py:496} INFO - Filling up the DagBag from /home/airflow/.local/lib/python3.6/site-packages/airflow/example_dags/example_trigger_controller_dag.py
[2021-07-14 19:10:30,578] {scheduler_job.py:643} INFO - DAG(s) dict_keys(['example_trigger_controller_dag']) retrieved from /home/airflow/.local/lib/python3.6/site-packages/airflow/example_dags/example_trigger_controller_dag.py
[2021-07-14 19:10:30,652] {logging_mixin.py:104} INFO - [2021-07-14 19:10:30,652] {dag.py:1833} INFO - Sync 1 DAGs
[2021-07-14 19:10:30,702] {logging_mixin.py:104} INFO - [2021-07-14 19:10:30,702] {dag.py:2306} INFO - Setting next_dagrun for example_trigger_controller_dag to 2021-07-12 00:00:00+00:00
[2021-07-14 19:10:30,734] {scheduler_job.py:190} INFO - Processing /home/airflow/.local/lib/python3.6/site-packages/airflow/example_dags/example_trigger_controller_dag.py took 0.199 seconds
[2021-07-14 19:11:01,685] {scheduler_job.py:182} INFO - Started process (PID=288) to work on /home/airflow/.local/lib/python3.6/site-packages/airflow/example_dags/example_trigger_controller_dag.py
[2021-07-14 19:11:01,687] {scheduler_job.py:633} INFO - Processing file /home/airflow/.local/lib/python3.6/site-packages/airflow/example_dags/example_trigger_controller_dag.py for tasks to queue
[2021-07-14 19:11:01,688] {logging_mixin.py:104} INFO - [2021-07-14 19:11:01,688] {dagbag.py:496} INFO - Filling up the DagBag from /home/airflow/.local/lib/python3.6/site-packages/airflow/example_dags/example_trigger_controller_dag.py
[2021-07-14 19:11:01,709] {scheduler_job.py:643} INFO - DAG(s) dict_keys(['example_trigger_controller_dag']) retrieved from /home/airflow/.local/lib/python3.6/site-packages/airflow/example_dags/example_trigger_controller_dag.py
[2021-07-14 19:11:01,740] {logging_mixin.py:104} INFO - [2021-07-14 19:11:01,740] {dag.py:1833} INFO - Sync 1 DAGs
[2021-07-14 19:11:01,764] {logging_mixin.py:104} INFO - [2021-07-14 19:11:01,764] {dag.py:2306} INFO - Setting next_dagrun for example_trigger_controller_dag to 2021-07-12 00:00:00+00:00
[2021-07-14 19:11:01,780] {scheduler_job.py:190} INFO - Processing /home/airflow/.local/lib/python3.6/site-packages/airflow/example_dags/example_trigger_controller_dag.py took 0.098 seconds
[2021-07-14 19:11:32,367] {scheduler_job.py:182} INFO - Started process (PID=341) to work on /home/airflow/.local/lib/python3.6/site-packages/airflow/example_dags/example_trigger_controller_dag.py
[2021-07-14 19:11:32,375] {scheduler_job.py:633} INFO - Processing file /home/airflow/.local/lib/python3.6/site-packages/airflow/example_dags/example_trigger_controller_dag.py for tasks to queue
[2021-07-14 19:11:32,376] {logging_mixin.py:104} INFO - [2021-07-14 19:11:32,375] {dagbag.py:496} INFO - Filling up the DagBag from /home/airflow/.local/lib/python3.6/site-packages/airflow/example_dags/example_trigger_controller_dag.py
[2021-07-14 19:11:32,391] {scheduler_job.py:643} INFO - DAG(s) dict_keys(['example_trigger_controller_dag']) retrieved from /home/airflow/.local/lib/python3.6/site-packages/airflow/example_dags/example_trigger_controller_dag.py
[2021-07-14 19:11:32,422] {logging_mixin.py:104} INFO - [2021-07-14 19:11:32,422] {dag.py:1833} INFO - Sync 1 DAGs
[2021-07-14 19:11:32,450] {logging_mixin.py:104} INFO - [2021-07-14 19:11:32,450] {dag.py:2306} INFO - Setting next_dagrun for example_trigger_controller_dag to 2021-07-12 00:00:00+00:00
[2021-07-14 19:11:32,468] {scheduler_job.py:190} INFO - Processing /home/airflow/.local/lib/python3.6/site-packages/airflow/example_dags/example_trigger_controller_dag.py took 0.106 seconds
[2021-07-14 19:12:03,776] {scheduler_job.py:182} INFO - Started process (PID=407) to work on /home/airflow/.local/lib/python3.6/site-packages/airflow/example_dags/example_trigger_controller_dag.py
[2021-07-14 19:12:03,777] {scheduler_job.py:633} INFO - Processing file /home/airflow/.local/lib/python3.6/site-packages/airflow/example_dags/example_trigger_controller_dag.py for tasks to queue
[2021-07-14 19:12:03,778] {logging_mixin.py:104} INFO - [2021-07-14 19:12:03,778] {dagbag.py:496} INFO - Filling up the DagBag from /home/airflow/.local/lib/python3.6/site-packages/airflow/example_dags/example_trigger_controller_dag.py
[2021-07-14 19:12:03,792] {scheduler_job.py:643} INFO - DAG(s) dict_keys(['example_trigger_controller_dag']) retrieved from /home/airflow/.local/lib/python3.6/site-packages/airflow/example_dags/example_trigger_controller_dag.py
[2021-07-14 19:12:03,817] {logging_mixin.py:104} INFO - [2021-07-14 19:12:03,817] {dag.py:1833} INFO - Sync 1 DAGs
[2021-07-14 19:12:03,836] {logging_mixin.py:104} INFO - [2021-07-14 19:12:03,836] {dag.py:2306} INFO - Setting next_dagrun for example_trigger_controller_dag to 2021-07-12 00:00:00+00:00
[2021-07-14 19:12:03,848] {scheduler_job.py:190} INFO - Processing /home/airflow/.local/lib/python3.6/site-packages/airflow/example_dags/example_trigger_controller_dag.py took 0.076 seconds
[2021-07-14 19:12:34,506] {scheduler_job.py:182} INFO - Started process (PID=460) to work on /home/airflow/.local/lib/python3.6/site-packages/airflow/example_dags/example_trigger_controller_dag.py
[2021-07-14 19:12:34,507] {scheduler_job.py:633} INFO - Processing file /home/airflow/.local/lib/python3.6/site-packages/airflow/example_dags/example_trigger_controller_dag.py for tasks to queue
[2021-07-14 19:12:34,508] {logging_mixin.py:104} INFO - [2021-07-14 19:12:34,508] {dagbag.py:496} INFO - Filling up the DagBag from /home/airflow/.local/lib/python3.6/site-packages/airflow/example_dags/example_trigger_controller_dag.py
[2021-07-14 19:12:34,520] {scheduler_job.py:643} INFO - DAG(s) dict_keys(['example_trigger_controller_dag']) retrieved from /home/airflow/.local/lib/python3.6/site-packages/airflow/example_dags/example_trigger_controller_dag.py
[2021-07-14 19:12:34,544] {logging_mixin.py:104} INFO - [2021-07-14 19:12:34,544] {dag.py:1833} INFO - Sync 1 DAGs
[2021-07-14 19:12:34,564] {logging_mixin.py:104} INFO - [2021-07-14 19:12:34,564] {dag.py:2306} INFO - Setting next_dagrun for example_trigger_controller_dag to 2021-07-12 00:00:00+00:00
[2021-07-14 19:12:34,574] {scheduler_job.py:190} INFO - Processing /home/airflow/.local/lib/python3.6/site-packages/airflow/example_dags/example_trigger_controller_dag.py took 0.072 seconds
[2021-07-14 19:57:44,772] {scheduler_job.py:182} INFO - Started process (PID=49) to work on /home/airflow/.local/lib/python3.6/site-packages/airflow/example_dags/example_trigger_controller_dag.py
[2021-07-14 19:57:44,777] {scheduler_job.py:633} INFO - Processing file /home/airflow/.local/lib/python3.6/site-packages/airflow/example_dags/example_trigger_controller_dag.py for tasks to queue
[2021-07-14 19:57:44,779] {logging_mixin.py:104} INFO - [2021-07-14 19:57:44,778] {dagbag.py:496} INFO - Filling up the DagBag from /home/airflow/.local/lib/python3.6/site-packages/airflow/example_dags/example_trigger_controller_dag.py
[2021-07-14 19:57:44,807] {scheduler_job.py:643} INFO - DAG(s) dict_keys(['example_trigger_controller_dag']) retrieved from /home/airflow/.local/lib/python3.6/site-packages/airflow/example_dags/example_trigger_controller_dag.py
[2021-07-14 19:57:44,883] {logging_mixin.py:104} INFO - [2021-07-14 19:57:44,883] {dag.py:1833} INFO - Sync 1 DAGs
[2021-07-14 19:57:44,940] {logging_mixin.py:104} INFO - [2021-07-14 19:57:44,939] {dag.py:2306} INFO - Setting next_dagrun for example_trigger_controller_dag to 2021-07-12 00:00:00+00:00
[2021-07-14 19:57:44,975] {scheduler_job.py:190} INFO - Processing /home/airflow/.local/lib/python3.6/site-packages/airflow/example_dags/example_trigger_controller_dag.py took 0.209 seconds
[2021-07-14 19:58:15,168] {scheduler_job.py:182} INFO - Started process (PID=110) to work on /home/airflow/.local/lib/python3.6/site-packages/airflow/example_dags/example_trigger_controller_dag.py
[2021-07-14 19:58:15,169] {scheduler_job.py:633} INFO - Processing file /home/airflow/.local/lib/python3.6/site-packages/airflow/example_dags/example_trigger_controller_dag.py for tasks to queue
[2021-07-14 19:58:15,170] {logging_mixin.py:104} INFO - [2021-07-14 19:58:15,170] {dagbag.py:496} INFO - Filling up the DagBag from /home/airflow/.local/lib/python3.6/site-packages/airflow/example_dags/example_trigger_controller_dag.py
[2021-07-14 19:58:15,192] {scheduler_job.py:643} INFO - DAG(s) dict_keys(['example_trigger_controller_dag']) retrieved from /home/airflow/.local/lib/python3.6/site-packages/airflow/example_dags/example_trigger_controller_dag.py
[2021-07-14 19:58:15,218] {logging_mixin.py:104} INFO - [2021-07-14 19:58:15,218] {dag.py:1833} INFO - Sync 1 DAGs
[2021-07-14 19:58:15,239] {logging_mixin.py:104} INFO - [2021-07-14 19:58:15,239] {dag.py:2306} INFO - Setting next_dagrun for example_trigger_controller_dag to 2021-07-12 00:00:00+00:00
[2021-07-14 19:58:15,253] {scheduler_job.py:190} INFO - Processing /home/airflow/.local/lib/python3.6/site-packages/airflow/example_dags/example_trigger_controller_dag.py took 0.089 seconds
[2021-07-14 19:58:45,441] {scheduler_job.py:182} INFO - Started process (PID=166) to work on /home/airflow/.local/lib/python3.6/site-packages/airflow/example_dags/example_trigger_controller_dag.py
[2021-07-14 19:58:45,442] {scheduler_job.py:633} INFO - Processing file /home/airflow/.local/lib/python3.6/site-packages/airflow/example_dags/example_trigger_controller_dag.py for tasks to queue
[2021-07-14 19:58:45,443] {logging_mixin.py:104} INFO - [2021-07-14 19:58:45,443] {dagbag.py:496} INFO - Filling up the DagBag from /home/airflow/.local/lib/python3.6/site-packages/airflow/example_dags/example_trigger_controller_dag.py
[2021-07-14 19:58:45,457] {scheduler_job.py:643} INFO - DAG(s) dict_keys(['example_trigger_controller_dag']) retrieved from /home/airflow/.local/lib/python3.6/site-packages/airflow/example_dags/example_trigger_controller_dag.py
[2021-07-14 19:58:45,477] {logging_mixin.py:104} INFO - [2021-07-14 19:58:45,476] {dag.py:1833} INFO - Sync 1 DAGs
[2021-07-14 19:58:45,493] {logging_mixin.py:104} INFO - [2021-07-14 19:58:45,493] {dag.py:2306} INFO - Setting next_dagrun for example_trigger_controller_dag to 2021-07-12 00:00:00+00:00
[2021-07-14 19:58:45,504] {scheduler_job.py:190} INFO - Processing /home/airflow/.local/lib/python3.6/site-packages/airflow/example_dags/example_trigger_controller_dag.py took 0.066 seconds
[2021-07-14 19:59:16,865] {scheduler_job.py:182} INFO - Started process (PID=232) to work on /home/airflow/.local/lib/python3.6/site-packages/airflow/example_dags/example_trigger_controller_dag.py
[2021-07-14 19:59:16,867] {scheduler_job.py:633} INFO - Processing file /home/airflow/.local/lib/python3.6/site-packages/airflow/example_dags/example_trigger_controller_dag.py for tasks to queue
[2021-07-14 19:59:16,868] {logging_mixin.py:104} INFO - [2021-07-14 19:59:16,868] {dagbag.py:496} INFO - Filling up the DagBag from /home/airflow/.local/lib/python3.6/site-packages/airflow/example_dags/example_trigger_controller_dag.py
[2021-07-14 19:59:16,905] {scheduler_job.py:643} INFO - DAG(s) dict_keys(['example_trigger_controller_dag']) retrieved from /home/airflow/.local/lib/python3.6/site-packages/airflow/example_dags/example_trigger_controller_dag.py
[2021-07-14 19:59:16,971] {logging_mixin.py:104} INFO - [2021-07-14 19:59:16,971] {dag.py:1833} INFO - Sync 1 DAGs
[2021-07-14 19:59:17,015] {logging_mixin.py:104} INFO - [2021-07-14 19:59:17,015] {dag.py:2306} INFO - Setting next_dagrun for example_trigger_controller_dag to 2021-07-12 00:00:00+00:00
[2021-07-14 19:59:17,033] {scheduler_job.py:190} INFO - Processing /home/airflow/.local/lib/python3.6/site-packages/airflow/example_dags/example_trigger_controller_dag.py took 0.173 seconds
[2021-07-14 19:59:48,330] {scheduler_job.py:182} INFO - Started process (PID=285) to work on /home/airflow/.local/lib/python3.6/site-packages/airflow/example_dags/example_trigger_controller_dag.py
[2021-07-14 19:59:48,332] {scheduler_job.py:633} INFO - Processing file /home/airflow/.local/lib/python3.6/site-packages/airflow/example_dags/example_trigger_controller_dag.py for tasks to queue
[2021-07-14 19:59:48,333] {logging_mixin.py:104} INFO - [2021-07-14 19:59:48,333] {dagbag.py:496} INFO - Filling up the DagBag from /home/airflow/.local/lib/python3.6/site-packages/airflow/example_dags/example_trigger_controller_dag.py
[2021-07-14 19:59:48,355] {scheduler_job.py:643} INFO - DAG(s) dict_keys(['example_trigger_controller_dag']) retrieved from /home/airflow/.local/lib/python3.6/site-packages/airflow/example_dags/example_trigger_controller_dag.py
[2021-07-14 19:59:48,386] {logging_mixin.py:104} INFO - [2021-07-14 19:59:48,386] {dag.py:1833} INFO - Sync 1 DAGs
[2021-07-14 19:59:48,412] {logging_mixin.py:104} INFO - [2021-07-14 19:59:48,412] {dag.py:2306} INFO - Setting next_dagrun for example_trigger_controller_dag to 2021-07-12 00:00:00+00:00
[2021-07-14 19:59:48,427] {scheduler_job.py:190} INFO - Processing /home/airflow/.local/lib/python3.6/site-packages/airflow/example_dags/example_trigger_controller_dag.py took 0.101 seconds
[2021-07-14 20:00:18,684] {scheduler_job.py:182} INFO - Started process (PID=348) to work on /home/airflow/.local/lib/python3.6/site-packages/airflow/example_dags/example_trigger_controller_dag.py
[2021-07-14 20:00:18,689] {scheduler_job.py:633} INFO - Processing file /home/airflow/.local/lib/python3.6/site-packages/airflow/example_dags/example_trigger_controller_dag.py for tasks to queue
[2021-07-14 20:00:18,690] {logging_mixin.py:104} INFO - [2021-07-14 20:00:18,690] {dagbag.py:496} INFO - Filling up the DagBag from /home/airflow/.local/lib/python3.6/site-packages/airflow/example_dags/example_trigger_controller_dag.py
[2021-07-14 20:00:18,701] {scheduler_job.py:643} INFO - DAG(s) dict_keys(['example_trigger_controller_dag']) retrieved from /home/airflow/.local/lib/python3.6/site-packages/airflow/example_dags/example_trigger_controller_dag.py
[2021-07-14 20:00:18,721] {logging_mixin.py:104} INFO - [2021-07-14 20:00:18,721] {dag.py:1833} INFO - Sync 1 DAGs
[2021-07-14 20:00:18,738] {logging_mixin.py:104} INFO - [2021-07-14 20:00:18,738] {dag.py:2306} INFO - Setting next_dagrun for example_trigger_controller_dag to 2021-07-12 00:00:00+00:00
[2021-07-14 20:00:18,749] {scheduler_job.py:190} INFO - Processing /home/airflow/.local/lib/python3.6/site-packages/airflow/example_dags/example_trigger_controller_dag.py took 0.068 seconds
[2021-07-14 20:00:49,213] {scheduler_job.py:182} INFO - Started process (PID=401) to work on /home/airflow/.local/lib/python3.6/site-packages/airflow/example_dags/example_trigger_controller_dag.py
[2021-07-14 20:00:49,214] {scheduler_job.py:633} INFO - Processing file /home/airflow/.local/lib/python3.6/site-packages/airflow/example_dags/example_trigger_controller_dag.py for tasks to queue
[2021-07-14 20:00:49,215] {logging_mixin.py:104} INFO - [2021-07-14 20:00:49,215] {dagbag.py:496} INFO - Filling up the DagBag from /home/airflow/.local/lib/python3.6/site-packages/airflow/example_dags/example_trigger_controller_dag.py
[2021-07-14 20:00:49,227] {scheduler_job.py:643} INFO - DAG(s) dict_keys(['example_trigger_controller_dag']) retrieved from /home/airflow/.local/lib/python3.6/site-packages/airflow/example_dags/example_trigger_controller_dag.py
[2021-07-14 20:00:49,249] {logging_mixin.py:104} INFO - [2021-07-14 20:00:49,249] {dag.py:1833} INFO - Sync 1 DAGs
[2021-07-14 20:00:49,267] {logging_mixin.py:104} INFO - [2021-07-14 20:00:49,266] {dag.py:2306} INFO - Setting next_dagrun for example_trigger_controller_dag to 2021-07-12 00:00:00+00:00
[2021-07-14 20:00:49,278] {scheduler_job.py:190} INFO - Processing /home/airflow/.local/lib/python3.6/site-packages/airflow/example_dags/example_trigger_controller_dag.py took 0.069 seconds
[2021-07-14 20:01:19,381] {scheduler_job.py:182} INFO - Started process (PID=464) to work on /home/airflow/.local/lib/python3.6/site-packages/airflow/example_dags/example_trigger_controller_dag.py
[2021-07-14 20:01:19,383] {scheduler_job.py:633} INFO - Processing file /home/airflow/.local/lib/python3.6/site-packages/airflow/example_dags/example_trigger_controller_dag.py for tasks to queue
[2021-07-14 20:01:19,384] {logging_mixin.py:104} INFO - [2021-07-14 20:01:19,383] {dagbag.py:496} INFO - Filling up the DagBag from /home/airflow/.local/lib/python3.6/site-packages/airflow/example_dags/example_trigger_controller_dag.py
[2021-07-14 20:01:19,396] {scheduler_job.py:643} INFO - DAG(s) dict_keys(['example_trigger_controller_dag']) retrieved from /home/airflow/.local/lib/python3.6/site-packages/airflow/example_dags/example_trigger_controller_dag.py
[2021-07-14 20:01:19,418] {logging_mixin.py:104} INFO - [2021-07-14 20:01:19,418] {dag.py:1833} INFO - Sync 1 DAGs
[2021-07-14 20:01:19,435] {logging_mixin.py:104} INFO - [2021-07-14 20:01:19,435] {dag.py:2306} INFO - Setting next_dagrun for example_trigger_controller_dag to 2021-07-12 00:00:00+00:00
[2021-07-14 20:01:19,446] {scheduler_job.py:190} INFO - Processing /home/airflow/.local/lib/python3.6/site-packages/airflow/example_dags/example_trigger_controller_dag.py took 0.068 seconds
[2021-07-14 20:01:49,581] {scheduler_job.py:182} INFO - Started process (PID=517) to work on /home/airflow/.local/lib/python3.6/site-packages/airflow/example_dags/example_trigger_controller_dag.py
[2021-07-14 20:01:49,583] {scheduler_job.py:633} INFO - Processing file /home/airflow/.local/lib/python3.6/site-packages/airflow/example_dags/example_trigger_controller_dag.py for tasks to queue
[2021-07-14 20:01:49,583] {logging_mixin.py:104} INFO - [2021-07-14 20:01:49,583] {dagbag.py:496} INFO - Filling up the DagBag from /home/airflow/.local/lib/python3.6/site-packages/airflow/example_dags/example_trigger_controller_dag.py
[2021-07-14 20:01:49,594] {scheduler_job.py:643} INFO - DAG(s) dict_keys(['example_trigger_controller_dag']) retrieved from /home/airflow/.local/lib/python3.6/site-packages/airflow/example_dags/example_trigger_controller_dag.py
[2021-07-14 20:01:49,615] {logging_mixin.py:104} INFO - [2021-07-14 20:01:49,615] {dag.py:1833} INFO - Sync 1 DAGs
[2021-07-14 20:01:49,632] {logging_mixin.py:104} INFO - [2021-07-14 20:01:49,632] {dag.py:2306} INFO - Setting next_dagrun for example_trigger_controller_dag to 2021-07-12 00:00:00+00:00
[2021-07-14 20:01:49,644] {scheduler_job.py:190} INFO - Processing /home/airflow/.local/lib/python3.6/site-packages/airflow/example_dags/example_trigger_controller_dag.py took 0.066 seconds
[2021-07-14 20:02:19,919] {scheduler_job.py:182} INFO - Started process (PID=583) to work on /home/airflow/.local/lib/python3.6/site-packages/airflow/example_dags/example_trigger_controller_dag.py
[2021-07-14 20:02:19,921] {scheduler_job.py:633} INFO - Processing file /home/airflow/.local/lib/python3.6/site-packages/airflow/example_dags/example_trigger_controller_dag.py for tasks to queue
[2021-07-14 20:02:19,923] {logging_mixin.py:104} INFO - [2021-07-14 20:02:19,922] {dagbag.py:496} INFO - Filling up the DagBag from /home/airflow/.local/lib/python3.6/site-packages/airflow/example_dags/example_trigger_controller_dag.py
[2021-07-14 20:02:19,936] {scheduler_job.py:643} INFO - DAG(s) dict_keys(['example_trigger_controller_dag']) retrieved from /home/airflow/.local/lib/python3.6/site-packages/airflow/example_dags/example_trigger_controller_dag.py
[2021-07-14 20:02:19,966] {logging_mixin.py:104} INFO - [2021-07-14 20:02:19,966] {dag.py:1833} INFO - Sync 1 DAGs
[2021-07-14 20:02:19,988] {logging_mixin.py:104} INFO - [2021-07-14 20:02:19,988] {dag.py:2306} INFO - Setting next_dagrun for example_trigger_controller_dag to 2021-07-12 00:00:00+00:00
[2021-07-14 20:02:20,002] {scheduler_job.py:190} INFO - Processing /home/airflow/.local/lib/python3.6/site-packages/airflow/example_dags/example_trigger_controller_dag.py took 0.086 seconds
[2021-07-14 20:02:50,995] {scheduler_job.py:182} INFO - Started process (PID=638) to work on /home/airflow/.local/lib/python3.6/site-packages/airflow/example_dags/example_trigger_controller_dag.py
[2021-07-14 20:02:50,997] {scheduler_job.py:633} INFO - Processing file /home/airflow/.local/lib/python3.6/site-packages/airflow/example_dags/example_trigger_controller_dag.py for tasks to queue
[2021-07-14 20:02:50,998] {logging_mixin.py:104} INFO - [2021-07-14 20:02:50,998] {dagbag.py:496} INFO - Filling up the DagBag from /home/airflow/.local/lib/python3.6/site-packages/airflow/example_dags/example_trigger_controller_dag.py
[2021-07-14 20:02:51,014] {scheduler_job.py:643} INFO - DAG(s) dict_keys(['example_trigger_controller_dag']) retrieved from /home/airflow/.local/lib/python3.6/site-packages/airflow/example_dags/example_trigger_controller_dag.py
[2021-07-14 20:02:51,048] {logging_mixin.py:104} INFO - [2021-07-14 20:02:51,047] {dag.py:1833} INFO - Sync 1 DAGs
[2021-07-14 20:02:51,077] {logging_mixin.py:104} INFO - [2021-07-14 20:02:51,076] {dag.py:2306} INFO - Setting next_dagrun for example_trigger_controller_dag to 2021-07-12 00:00:00+00:00
[2021-07-14 20:02:51,095] {scheduler_job.py:190} INFO - Processing /home/airflow/.local/lib/python3.6/site-packages/airflow/example_dags/example_trigger_controller_dag.py took 0.105 seconds
[2021-07-14 20:03:22,369] {scheduler_job.py:182} INFO - Started process (PID=703) to work on /home/airflow/.local/lib/python3.6/site-packages/airflow/example_dags/example_trigger_controller_dag.py
[2021-07-14 20:03:22,370] {scheduler_job.py:633} INFO - Processing file /home/airflow/.local/lib/python3.6/site-packages/airflow/example_dags/example_trigger_controller_dag.py for tasks to queue
[2021-07-14 20:03:22,371] {logging_mixin.py:104} INFO - [2021-07-14 20:03:22,371] {dagbag.py:496} INFO - Filling up the DagBag from /home/airflow/.local/lib/python3.6/site-packages/airflow/example_dags/example_trigger_controller_dag.py
[2021-07-14 20:03:22,382] {scheduler_job.py:643} INFO - DAG(s) dict_keys(['example_trigger_controller_dag']) retrieved from /home/airflow/.local/lib/python3.6/site-packages/airflow/example_dags/example_trigger_controller_dag.py
[2021-07-14 20:03:22,403] {logging_mixin.py:104} INFO - [2021-07-14 20:03:22,403] {dag.py:1833} INFO - Sync 1 DAGs
[2021-07-14 20:03:22,421] {logging_mixin.py:104} INFO - [2021-07-14 20:03:22,420] {dag.py:2306} INFO - Setting next_dagrun for example_trigger_controller_dag to 2021-07-12 00:00:00+00:00
[2021-07-14 20:03:22,431] {scheduler_job.py:190} INFO - Processing /home/airflow/.local/lib/python3.6/site-packages/airflow/example_dags/example_trigger_controller_dag.py took 0.065 seconds
[2021-07-14 20:03:52,770] {scheduler_job.py:182} INFO - Started process (PID=765) to work on /home/airflow/.local/lib/python3.6/site-packages/airflow/example_dags/example_trigger_controller_dag.py
[2021-07-14 20:03:52,772] {scheduler_job.py:633} INFO - Processing file /home/airflow/.local/lib/python3.6/site-packages/airflow/example_dags/example_trigger_controller_dag.py for tasks to queue
[2021-07-14 20:03:52,772] {logging_mixin.py:104} INFO - [2021-07-14 20:03:52,772] {dagbag.py:496} INFO - Filling up the DagBag from /home/airflow/.local/lib/python3.6/site-packages/airflow/example_dags/example_trigger_controller_dag.py
[2021-07-14 20:03:52,788] {scheduler_job.py:643} INFO - DAG(s) dict_keys(['example_trigger_controller_dag']) retrieved from /home/airflow/.local/lib/python3.6/site-packages/airflow/example_dags/example_trigger_controller_dag.py
[2021-07-14 20:03:52,818] {logging_mixin.py:104} INFO - [2021-07-14 20:03:52,818] {dag.py:1833} INFO - Sync 1 DAGs
[2021-07-14 20:03:52,841] {logging_mixin.py:104} INFO - [2021-07-14 20:03:52,841] {dag.py:2306} INFO - Setting next_dagrun for example_trigger_controller_dag to 2021-07-12 00:00:00+00:00
[2021-07-14 20:03:52,855] {scheduler_job.py:190} INFO - Processing /home/airflow/.local/lib/python3.6/site-packages/airflow/example_dags/example_trigger_controller_dag.py took 0.089 seconds
[2021-07-14 20:04:23,892] {scheduler_job.py:182} INFO - Started process (PID=821) to work on /home/airflow/.local/lib/python3.6/site-packages/airflow/example_dags/example_trigger_controller_dag.py
[2021-07-14 20:04:23,894] {scheduler_job.py:633} INFO - Processing file /home/airflow/.local/lib/python3.6/site-packages/airflow/example_dags/example_trigger_controller_dag.py for tasks to queue
[2021-07-14 20:04:23,895] {logging_mixin.py:104} INFO - [2021-07-14 20:04:23,895] {dagbag.py:496} INFO - Filling up the DagBag from /home/airflow/.local/lib/python3.6/site-packages/airflow/example_dags/example_trigger_controller_dag.py
[2021-07-14 20:04:23,912] {scheduler_job.py:643} INFO - DAG(s) dict_keys(['example_trigger_controller_dag']) retrieved from /home/airflow/.local/lib/python3.6/site-packages/airflow/example_dags/example_trigger_controller_dag.py
[2021-07-14 20:04:23,936] {logging_mixin.py:104} INFO - [2021-07-14 20:04:23,936] {dag.py:1833} INFO - Sync 1 DAGs
[2021-07-14 20:04:23,952] {logging_mixin.py:104} INFO - [2021-07-14 20:04:23,952] {dag.py:2306} INFO - Setting next_dagrun for example_trigger_controller_dag to 2021-07-12 00:00:00+00:00
[2021-07-14 20:04:23,963] {scheduler_job.py:190} INFO - Processing /home/airflow/.local/lib/python3.6/site-packages/airflow/example_dags/example_trigger_controller_dag.py took 0.074 seconds
[2021-07-14 20:04:54,034] {scheduler_job.py:182} INFO - Started process (PID=886) to work on /home/airflow/.local/lib/python3.6/site-packages/airflow/example_dags/example_trigger_controller_dag.py
[2021-07-14 20:04:54,036] {scheduler_job.py:633} INFO - Processing file /home/airflow/.local/lib/python3.6/site-packages/airflow/example_dags/example_trigger_controller_dag.py for tasks to queue
[2021-07-14 20:04:54,037] {logging_mixin.py:104} INFO - [2021-07-14 20:04:54,037] {dagbag.py:496} INFO - Filling up the DagBag from /home/airflow/.local/lib/python3.6/site-packages/airflow/example_dags/example_trigger_controller_dag.py
[2021-07-14 20:04:54,049] {scheduler_job.py:643} INFO - DAG(s) dict_keys(['example_trigger_controller_dag']) retrieved from /home/airflow/.local/lib/python3.6/site-packages/airflow/example_dags/example_trigger_controller_dag.py
[2021-07-14 20:04:54,077] {logging_mixin.py:104} INFO - [2021-07-14 20:04:54,076] {dag.py:1833} INFO - Sync 1 DAGs
[2021-07-14 20:04:54,097] {logging_mixin.py:104} INFO - [2021-07-14 20:04:54,097] {dag.py:2306} INFO - Setting next_dagrun for example_trigger_controller_dag to 2021-07-12 00:00:00+00:00
[2021-07-14 20:04:54,110] {scheduler_job.py:190} INFO - Processing /home/airflow/.local/lib/python3.6/site-packages/airflow/example_dags/example_trigger_controller_dag.py took 0.079 seconds
[2021-07-14 20:05:24,564] {scheduler_job.py:182} INFO - Started process (PID=940) to work on /home/airflow/.local/lib/python3.6/site-packages/airflow/example_dags/example_trigger_controller_dag.py
[2021-07-14 20:05:24,566] {scheduler_job.py:633} INFO - Processing file /home/airflow/.local/lib/python3.6/site-packages/airflow/example_dags/example_trigger_controller_dag.py for tasks to queue
[2021-07-14 20:05:24,566] {logging_mixin.py:104} INFO - [2021-07-14 20:05:24,566] {dagbag.py:496} INFO - Filling up the DagBag from /home/airflow/.local/lib/python3.6/site-packages/airflow/example_dags/example_trigger_controller_dag.py
[2021-07-14 20:05:24,578] {scheduler_job.py:643} INFO - DAG(s) dict_keys(['example_trigger_controller_dag']) retrieved from /home/airflow/.local/lib/python3.6/site-packages/airflow/example_dags/example_trigger_controller_dag.py
[2021-07-14 20:05:24,607] {logging_mixin.py:104} INFO - [2021-07-14 20:05:24,607] {dag.py:1833} INFO - Sync 1 DAGs
[2021-07-14 20:05:24,636] {logging_mixin.py:104} INFO - [2021-07-14 20:05:24,635] {dag.py:2306} INFO - Setting next_dagrun for example_trigger_controller_dag to 2021-07-12 00:00:00+00:00
[2021-07-14 20:05:24,653] {scheduler_job.py:190} INFO - Processing /home/airflow/.local/lib/python3.6/site-packages/airflow/example_dags/example_trigger_controller_dag.py took 0.092 seconds
[2021-07-14 20:05:54,717] {scheduler_job.py:182} INFO - Started process (PID=1004) to work on /home/airflow/.local/lib/python3.6/site-packages/airflow/example_dags/example_trigger_controller_dag.py
[2021-07-14 20:05:54,718] {scheduler_job.py:633} INFO - Processing file /home/airflow/.local/lib/python3.6/site-packages/airflow/example_dags/example_trigger_controller_dag.py for tasks to queue
[2021-07-14 20:05:54,718] {logging_mixin.py:104} INFO - [2021-07-14 20:05:54,718] {dagbag.py:496} INFO - Filling up the DagBag from /home/airflow/.local/lib/python3.6/site-packages/airflow/example_dags/example_trigger_controller_dag.py
[2021-07-14 20:05:54,728] {scheduler_job.py:643} INFO - DAG(s) dict_keys(['example_trigger_controller_dag']) retrieved from /home/airflow/.local/lib/python3.6/site-packages/airflow/example_dags/example_trigger_controller_dag.py
[2021-07-14 20:05:54,747] {logging_mixin.py:104} INFO - [2021-07-14 20:05:54,747] {dag.py:1833} INFO - Sync 1 DAGs
[2021-07-14 20:05:54,762] {logging_mixin.py:104} INFO - [2021-07-14 20:05:54,762] {dag.py:2306} INFO - Setting next_dagrun for example_trigger_controller_dag to 2021-07-12 00:00:00+00:00
[2021-07-14 20:05:54,772] {scheduler_job.py:190} INFO - Processing /home/airflow/.local/lib/python3.6/site-packages/airflow/example_dags/example_trigger_controller_dag.py took 0.058 seconds
[2021-07-14 20:06:25,147] {scheduler_job.py:182} INFO - Started process (PID=1057) to work on /home/airflow/.local/lib/python3.6/site-packages/airflow/example_dags/example_trigger_controller_dag.py
[2021-07-14 20:06:25,148] {scheduler_job.py:633} INFO - Processing file /home/airflow/.local/lib/python3.6/site-packages/airflow/example_dags/example_trigger_controller_dag.py for tasks to queue
[2021-07-14 20:06:25,149] {logging_mixin.py:104} INFO - [2021-07-14 20:06:25,149] {dagbag.py:496} INFO - Filling up the DagBag from /home/airflow/.local/lib/python3.6/site-packages/airflow/example_dags/example_trigger_controller_dag.py
[2021-07-14 20:06:25,162] {scheduler_job.py:643} INFO - DAG(s) dict_keys(['example_trigger_controller_dag']) retrieved from /home/airflow/.local/lib/python3.6/site-packages/airflow/example_dags/example_trigger_controller_dag.py
[2021-07-14 20:06:25,187] {logging_mixin.py:104} INFO - [2021-07-14 20:06:25,187] {dag.py:1833} INFO - Sync 1 DAGs
[2021-07-14 20:06:25,209] {logging_mixin.py:104} INFO - [2021-07-14 20:06:25,209] {dag.py:2306} INFO - Setting next_dagrun for example_trigger_controller_dag to 2021-07-12 00:00:00+00:00
[2021-07-14 20:06:25,220] {scheduler_job.py:190} INFO - Processing /home/airflow/.local/lib/python3.6/site-packages/airflow/example_dags/example_trigger_controller_dag.py took 0.076 seconds
[2021-07-14 20:06:55,749] {scheduler_job.py:182} INFO - Started process (PID=1120) to work on /home/airflow/.local/lib/python3.6/site-packages/airflow/example_dags/example_trigger_controller_dag.py
[2021-07-14 20:06:55,750] {scheduler_job.py:633} INFO - Processing file /home/airflow/.local/lib/python3.6/site-packages/airflow/example_dags/example_trigger_controller_dag.py for tasks to queue
[2021-07-14 20:06:55,750] {logging_mixin.py:104} INFO - [2021-07-14 20:06:55,750] {dagbag.py:496} INFO - Filling up the DagBag from /home/airflow/.local/lib/python3.6/site-packages/airflow/example_dags/example_trigger_controller_dag.py
[2021-07-14 20:06:55,761] {scheduler_job.py:643} INFO - DAG(s) dict_keys(['example_trigger_controller_dag']) retrieved from /home/airflow/.local/lib/python3.6/site-packages/airflow/example_dags/example_trigger_controller_dag.py
[2021-07-14 20:06:55,781] {logging_mixin.py:104} INFO - [2021-07-14 20:06:55,780] {dag.py:1833} INFO - Sync 1 DAGs
[2021-07-14 20:06:55,798] {logging_mixin.py:104} INFO - [2021-07-14 20:06:55,797] {dag.py:2306} INFO - Setting next_dagrun for example_trigger_controller_dag to 2021-07-12 00:00:00+00:00
[2021-07-14 20:06:55,809] {scheduler_job.py:190} INFO - Processing /home/airflow/.local/lib/python3.6/site-packages/airflow/example_dags/example_trigger_controller_dag.py took 0.064 seconds
[2021-07-14 20:07:26,526] {scheduler_job.py:182} INFO - Started process (PID=1174) to work on /home/airflow/.local/lib/python3.6/site-packages/airflow/example_dags/example_trigger_controller_dag.py
[2021-07-14 20:07:26,527] {scheduler_job.py:633} INFO - Processing file /home/airflow/.local/lib/python3.6/site-packages/airflow/example_dags/example_trigger_controller_dag.py for tasks to queue
[2021-07-14 20:07:26,528] {logging_mixin.py:104} INFO - [2021-07-14 20:07:26,528] {dagbag.py:496} INFO - Filling up the DagBag from /home/airflow/.local/lib/python3.6/site-packages/airflow/example_dags/example_trigger_controller_dag.py
[2021-07-14 20:07:26,539] {scheduler_job.py:643} INFO - DAG(s) dict_keys(['example_trigger_controller_dag']) retrieved from /home/airflow/.local/lib/python3.6/site-packages/airflow/example_dags/example_trigger_controller_dag.py
[2021-07-14 20:07:26,565] {logging_mixin.py:104} INFO - [2021-07-14 20:07:26,565] {dag.py:1833} INFO - Sync 1 DAGs
[2021-07-14 20:07:26,588] {logging_mixin.py:104} INFO - [2021-07-14 20:07:26,588] {dag.py:2306} INFO - Setting next_dagrun for example_trigger_controller_dag to 2021-07-12 00:00:00+00:00
[2021-07-14 20:07:26,601] {scheduler_job.py:190} INFO - Processing /home/airflow/.local/lib/python3.6/site-packages/airflow/example_dags/example_trigger_controller_dag.py took 0.078 seconds
[2021-07-14 20:07:57,018] {scheduler_job.py:182} INFO - Started process (PID=1239) to work on /home/airflow/.local/lib/python3.6/site-packages/airflow/example_dags/example_trigger_controller_dag.py
[2021-07-14 20:07:57,019] {scheduler_job.py:633} INFO - Processing file /home/airflow/.local/lib/python3.6/site-packages/airflow/example_dags/example_trigger_controller_dag.py for tasks to queue
[2021-07-14 20:07:57,019] {logging_mixin.py:104} INFO - [2021-07-14 20:07:57,019] {dagbag.py:496} INFO - Filling up the DagBag from /home/airflow/.local/lib/python3.6/site-packages/airflow/example_dags/example_trigger_controller_dag.py
[2021-07-14 20:07:57,030] {scheduler_job.py:643} INFO - DAG(s) dict_keys(['example_trigger_controller_dag']) retrieved from /home/airflow/.local/lib/python3.6/site-packages/airflow/example_dags/example_trigger_controller_dag.py
[2021-07-14 20:07:57,049] {logging_mixin.py:104} INFO - [2021-07-14 20:07:57,049] {dag.py:1833} INFO - Sync 1 DAGs
[2021-07-14 20:07:57,065] {logging_mixin.py:104} INFO - [2021-07-14 20:07:57,064] {dag.py:2306} INFO - Setting next_dagrun for example_trigger_controller_dag to 2021-07-12 00:00:00+00:00
[2021-07-14 20:07:57,076] {scheduler_job.py:190} INFO - Processing /home/airflow/.local/lib/python3.6/site-packages/airflow/example_dags/example_trigger_controller_dag.py took 0.061 seconds
[2021-07-14 20:08:27,598] {scheduler_job.py:182} INFO - Started process (PID=1303) to work on /home/airflow/.local/lib/python3.6/site-packages/airflow/example_dags/example_trigger_controller_dag.py
[2021-07-14 20:08:27,600] {scheduler_job.py:633} INFO - Processing file /home/airflow/.local/lib/python3.6/site-packages/airflow/example_dags/example_trigger_controller_dag.py for tasks to queue
[2021-07-14 20:08:27,601] {logging_mixin.py:104} INFO - [2021-07-14 20:08:27,600] {dagbag.py:496} INFO - Filling up the DagBag from /home/airflow/.local/lib/python3.6/site-packages/airflow/example_dags/example_trigger_controller_dag.py
[2021-07-14 20:08:27,616] {scheduler_job.py:643} INFO - DAG(s) dict_keys(['example_trigger_controller_dag']) retrieved from /home/airflow/.local/lib/python3.6/site-packages/airflow/example_dags/example_trigger_controller_dag.py
[2021-07-14 20:08:27,638] {logging_mixin.py:104} INFO - [2021-07-14 20:08:27,638] {dag.py:1833} INFO - Sync 1 DAGs
[2021-07-14 20:08:27,662] {logging_mixin.py:104} INFO - [2021-07-14 20:08:27,661] {dag.py:2306} INFO - Setting next_dagrun for example_trigger_controller_dag to 2021-07-12 00:00:00+00:00
[2021-07-14 20:08:27,676] {scheduler_job.py:190} INFO - Processing /home/airflow/.local/lib/python3.6/site-packages/airflow/example_dags/example_trigger_controller_dag.py took 0.081 seconds
[2021-07-14 20:08:57,820] {scheduler_job.py:182} INFO - Started process (PID=1357) to work on /home/airflow/.local/lib/python3.6/site-packages/airflow/example_dags/example_trigger_controller_dag.py
[2021-07-14 20:08:57,821] {scheduler_job.py:633} INFO - Processing file /home/airflow/.local/lib/python3.6/site-packages/airflow/example_dags/example_trigger_controller_dag.py for tasks to queue
[2021-07-14 20:08:57,822] {logging_mixin.py:104} INFO - [2021-07-14 20:08:57,822] {dagbag.py:496} INFO - Filling up the DagBag from /home/airflow/.local/lib/python3.6/site-packages/airflow/example_dags/example_trigger_controller_dag.py
[2021-07-14 20:08:57,838] {scheduler_job.py:643} INFO - DAG(s) dict_keys(['example_trigger_controller_dag']) retrieved from /home/airflow/.local/lib/python3.6/site-packages/airflow/example_dags/example_trigger_controller_dag.py
[2021-07-14 20:08:57,859] {logging_mixin.py:104} INFO - [2021-07-14 20:08:57,859] {dag.py:1833} INFO - Sync 1 DAGs
[2021-07-14 20:08:57,876] {logging_mixin.py:104} INFO - [2021-07-14 20:08:57,876] {dag.py:2306} INFO - Setting next_dagrun for example_trigger_controller_dag to 2021-07-12 00:00:00+00:00
[2021-07-14 20:08:57,887] {scheduler_job.py:190} INFO - Processing /home/airflow/.local/lib/python3.6/site-packages/airflow/example_dags/example_trigger_controller_dag.py took 0.071 seconds
[2021-07-14 20:09:28,594] {scheduler_job.py:182} INFO - Started process (PID=1421) to work on /home/airflow/.local/lib/python3.6/site-packages/airflow/example_dags/example_trigger_controller_dag.py
[2021-07-14 20:09:28,595] {scheduler_job.py:633} INFO - Processing file /home/airflow/.local/lib/python3.6/site-packages/airflow/example_dags/example_trigger_controller_dag.py for tasks to queue
[2021-07-14 20:09:28,596] {logging_mixin.py:104} INFO - [2021-07-14 20:09:28,596] {dagbag.py:496} INFO - Filling up the DagBag from /home/airflow/.local/lib/python3.6/site-packages/airflow/example_dags/example_trigger_controller_dag.py
[2021-07-14 20:09:28,610] {scheduler_job.py:643} INFO - DAG(s) dict_keys(['example_trigger_controller_dag']) retrieved from /home/airflow/.local/lib/python3.6/site-packages/airflow/example_dags/example_trigger_controller_dag.py
[2021-07-14 20:09:28,635] {logging_mixin.py:104} INFO - [2021-07-14 20:09:28,635] {dag.py:1833} INFO - Sync 1 DAGs
[2021-07-14 20:09:28,656] {logging_mixin.py:104} INFO - [2021-07-14 20:09:28,656] {dag.py:2306} INFO - Setting next_dagrun for example_trigger_controller_dag to 2021-07-12 00:00:00+00:00
[2021-07-14 20:09:28,666] {scheduler_job.py:190} INFO - Processing /home/airflow/.local/lib/python3.6/site-packages/airflow/example_dags/example_trigger_controller_dag.py took 0.077 seconds
[2021-07-14 20:09:59,018] {scheduler_job.py:182} INFO - Started process (PID=1476) to work on /home/airflow/.local/lib/python3.6/site-packages/airflow/example_dags/example_trigger_controller_dag.py
[2021-07-14 20:09:59,020] {scheduler_job.py:633} INFO - Processing file /home/airflow/.local/lib/python3.6/site-packages/airflow/example_dags/example_trigger_controller_dag.py for tasks to queue
[2021-07-14 20:09:59,021] {logging_mixin.py:104} INFO - [2021-07-14 20:09:59,021] {dagbag.py:496} INFO - Filling up the DagBag from /home/airflow/.local/lib/python3.6/site-packages/airflow/example_dags/example_trigger_controller_dag.py
[2021-07-14 20:09:59,036] {scheduler_job.py:643} INFO - DAG(s) dict_keys(['example_trigger_controller_dag']) retrieved from /home/airflow/.local/lib/python3.6/site-packages/airflow/example_dags/example_trigger_controller_dag.py
[2021-07-14 20:09:59,060] {logging_mixin.py:104} INFO - [2021-07-14 20:09:59,060] {dag.py:1833} INFO - Sync 1 DAGs
[2021-07-14 20:09:59,082] {logging_mixin.py:104} INFO - [2021-07-14 20:09:59,082] {dag.py:2306} INFO - Setting next_dagrun for example_trigger_controller_dag to 2021-07-12 00:00:00+00:00
[2021-07-14 20:09:59,094] {scheduler_job.py:190} INFO - Processing /home/airflow/.local/lib/python3.6/site-packages/airflow/example_dags/example_trigger_controller_dag.py took 0.078 seconds
[2021-07-14 20:10:29,431] {scheduler_job.py:182} INFO - Started process (PID=1539) to work on /home/airflow/.local/lib/python3.6/site-packages/airflow/example_dags/example_trigger_controller_dag.py
[2021-07-14 20:10:29,433] {scheduler_job.py:633} INFO - Processing file /home/airflow/.local/lib/python3.6/site-packages/airflow/example_dags/example_trigger_controller_dag.py for tasks to queue
[2021-07-14 20:10:29,434] {logging_mixin.py:104} INFO - [2021-07-14 20:10:29,434] {dagbag.py:496} INFO - Filling up the DagBag from /home/airflow/.local/lib/python3.6/site-packages/airflow/example_dags/example_trigger_controller_dag.py
[2021-07-14 20:10:29,445] {scheduler_job.py:643} INFO - DAG(s) dict_keys(['example_trigger_controller_dag']) retrieved from /home/airflow/.local/lib/python3.6/site-packages/airflow/example_dags/example_trigger_controller_dag.py
[2021-07-14 20:10:29,465] {logging_mixin.py:104} INFO - [2021-07-14 20:10:29,465] {dag.py:1833} INFO - Sync 1 DAGs
[2021-07-14 20:10:29,483] {logging_mixin.py:104} INFO - [2021-07-14 20:10:29,483] {dag.py:2306} INFO - Setting next_dagrun for example_trigger_controller_dag to 2021-07-12 00:00:00+00:00
[2021-07-14 20:10:29,494] {scheduler_job.py:190} INFO - Processing /home/airflow/.local/lib/python3.6/site-packages/airflow/example_dags/example_trigger_controller_dag.py took 0.067 seconds
[2021-07-14 20:10:59,822] {scheduler_job.py:182} INFO - Started process (PID=1594) to work on /home/airflow/.local/lib/python3.6/site-packages/airflow/example_dags/example_trigger_controller_dag.py
[2021-07-14 20:10:59,824] {scheduler_job.py:633} INFO - Processing file /home/airflow/.local/lib/python3.6/site-packages/airflow/example_dags/example_trigger_controller_dag.py for tasks to queue
[2021-07-14 20:10:59,826] {logging_mixin.py:104} INFO - [2021-07-14 20:10:59,825] {dagbag.py:496} INFO - Filling up the DagBag from /home/airflow/.local/lib/python3.6/site-packages/airflow/example_dags/example_trigger_controller_dag.py
[2021-07-14 20:10:59,846] {scheduler_job.py:643} INFO - DAG(s) dict_keys(['example_trigger_controller_dag']) retrieved from /home/airflow/.local/lib/python3.6/site-packages/airflow/example_dags/example_trigger_controller_dag.py
[2021-07-14 20:10:59,881] {logging_mixin.py:104} INFO - [2021-07-14 20:10:59,881] {dag.py:1833} INFO - Sync 1 DAGs
[2021-07-14 20:10:59,907] {logging_mixin.py:104} INFO - [2021-07-14 20:10:59,907] {dag.py:2306} INFO - Setting next_dagrun for example_trigger_controller_dag to 2021-07-12 00:00:00+00:00
[2021-07-14 20:10:59,921] {scheduler_job.py:190} INFO - Processing /home/airflow/.local/lib/python3.6/site-packages/airflow/example_dags/example_trigger_controller_dag.py took 0.104 seconds
[2021-07-14 20:11:30,217] {scheduler_job.py:182} INFO - Started process (PID=1658) to work on /home/airflow/.local/lib/python3.6/site-packages/airflow/example_dags/example_trigger_controller_dag.py
[2021-07-14 20:11:30,219] {scheduler_job.py:633} INFO - Processing file /home/airflow/.local/lib/python3.6/site-packages/airflow/example_dags/example_trigger_controller_dag.py for tasks to queue
[2021-07-14 20:11:30,220] {logging_mixin.py:104} INFO - [2021-07-14 20:11:30,220] {dagbag.py:496} INFO - Filling up the DagBag from /home/airflow/.local/lib/python3.6/site-packages/airflow/example_dags/example_trigger_controller_dag.py
[2021-07-14 20:11:30,242] {scheduler_job.py:643} INFO - DAG(s) dict_keys(['example_trigger_controller_dag']) retrieved from /home/airflow/.local/lib/python3.6/site-packages/airflow/example_dags/example_trigger_controller_dag.py
[2021-07-14 20:11:30,311] {logging_mixin.py:104} INFO - [2021-07-14 20:11:30,310] {dag.py:1833} INFO - Sync 1 DAGs
[2021-07-14 20:11:30,343] {logging_mixin.py:104} INFO - [2021-07-14 20:11:30,342] {dag.py:2306} INFO - Setting next_dagrun for example_trigger_controller_dag to 2021-07-12 00:00:00+00:00
[2021-07-14 20:11:30,361] {scheduler_job.py:190} INFO - Processing /home/airflow/.local/lib/python3.6/site-packages/airflow/example_dags/example_trigger_controller_dag.py took 0.149 seconds
[2021-07-14 20:12:00,711] {scheduler_job.py:182} INFO - Started process (PID=1713) to work on /home/airflow/.local/lib/python3.6/site-packages/airflow/example_dags/example_trigger_controller_dag.py
[2021-07-14 20:12:00,712] {scheduler_job.py:633} INFO - Processing file /home/airflow/.local/lib/python3.6/site-packages/airflow/example_dags/example_trigger_controller_dag.py for tasks to queue
[2021-07-14 20:12:00,713] {logging_mixin.py:104} INFO - [2021-07-14 20:12:00,713] {dagbag.py:496} INFO - Filling up the DagBag from /home/airflow/.local/lib/python3.6/site-packages/airflow/example_dags/example_trigger_controller_dag.py
[2021-07-14 20:12:00,726] {scheduler_job.py:643} INFO - DAG(s) dict_keys(['example_trigger_controller_dag']) retrieved from /home/airflow/.local/lib/python3.6/site-packages/airflow/example_dags/example_trigger_controller_dag.py
[2021-07-14 20:12:00,747] {logging_mixin.py:104} INFO - [2021-07-14 20:12:00,747] {dag.py:1833} INFO - Sync 1 DAGs
[2021-07-14 20:12:00,763] {logging_mixin.py:104} INFO - [2021-07-14 20:12:00,763] {dag.py:2306} INFO - Setting next_dagrun for example_trigger_controller_dag to 2021-07-12 00:00:00+00:00
[2021-07-14 20:12:00,775] {scheduler_job.py:190} INFO - Processing /home/airflow/.local/lib/python3.6/site-packages/airflow/example_dags/example_trigger_controller_dag.py took 0.066 seconds
[2021-07-14 20:12:31,007] {scheduler_job.py:182} INFO - Started process (PID=1778) to work on /home/airflow/.local/lib/python3.6/site-packages/airflow/example_dags/example_trigger_controller_dag.py
[2021-07-14 20:12:31,008] {scheduler_job.py:633} INFO - Processing file /home/airflow/.local/lib/python3.6/site-packages/airflow/example_dags/example_trigger_controller_dag.py for tasks to queue
[2021-07-14 20:12:31,008] {logging_mixin.py:104} INFO - [2021-07-14 20:12:31,008] {dagbag.py:496} INFO - Filling up the DagBag from /home/airflow/.local/lib/python3.6/site-packages/airflow/example_dags/example_trigger_controller_dag.py
[2021-07-14 20:12:31,018] {scheduler_job.py:643} INFO - DAG(s) dict_keys(['example_trigger_controller_dag']) retrieved from /home/airflow/.local/lib/python3.6/site-packages/airflow/example_dags/example_trigger_controller_dag.py
[2021-07-14 20:12:31,037] {logging_mixin.py:104} INFO - [2021-07-14 20:12:31,036] {dag.py:1833} INFO - Sync 1 DAGs
[2021-07-14 20:12:31,052] {logging_mixin.py:104} INFO - [2021-07-14 20:12:31,052] {dag.py:2306} INFO - Setting next_dagrun for example_trigger_controller_dag to 2021-07-12 00:00:00+00:00
[2021-07-14 20:12:31,062] {scheduler_job.py:190} INFO - Processing /home/airflow/.local/lib/python3.6/site-packages/airflow/example_dags/example_trigger_controller_dag.py took 0.058 seconds
[2021-07-14 20:13:01,438] {scheduler_job.py:182} INFO - Started process (PID=1843) to work on /home/airflow/.local/lib/python3.6/site-packages/airflow/example_dags/example_trigger_controller_dag.py
[2021-07-14 20:13:01,439] {scheduler_job.py:633} INFO - Processing file /home/airflow/.local/lib/python3.6/site-packages/airflow/example_dags/example_trigger_controller_dag.py for tasks to queue
[2021-07-14 20:13:01,440] {logging_mixin.py:104} INFO - [2021-07-14 20:13:01,440] {dagbag.py:496} INFO - Filling up the DagBag from /home/airflow/.local/lib/python3.6/site-packages/airflow/example_dags/example_trigger_controller_dag.py
[2021-07-14 20:13:01,455] {scheduler_job.py:643} INFO - DAG(s) dict_keys(['example_trigger_controller_dag']) retrieved from /home/airflow/.local/lib/python3.6/site-packages/airflow/example_dags/example_trigger_controller_dag.py
[2021-07-14 20:13:01,485] {logging_mixin.py:104} INFO - [2021-07-14 20:13:01,485] {dag.py:1833} INFO - Sync 1 DAGs
[2021-07-14 20:13:01,509] {logging_mixin.py:104} INFO - [2021-07-14 20:13:01,509] {dag.py:2306} INFO - Setting next_dagrun for example_trigger_controller_dag to 2021-07-12 00:00:00+00:00
[2021-07-14 20:13:01,523] {scheduler_job.py:190} INFO - Processing /home/airflow/.local/lib/python3.6/site-packages/airflow/example_dags/example_trigger_controller_dag.py took 0.089 seconds
[2021-07-14 20:13:32,510] {scheduler_job.py:182} INFO - Started process (PID=1897) to work on /home/airflow/.local/lib/python3.6/site-packages/airflow/example_dags/example_trigger_controller_dag.py
[2021-07-14 20:13:32,511] {scheduler_job.py:633} INFO - Processing file /home/airflow/.local/lib/python3.6/site-packages/airflow/example_dags/example_trigger_controller_dag.py for tasks to queue
[2021-07-14 20:13:32,512] {logging_mixin.py:104} INFO - [2021-07-14 20:13:32,511] {dagbag.py:496} INFO - Filling up the DagBag from /home/airflow/.local/lib/python3.6/site-packages/airflow/example_dags/example_trigger_controller_dag.py
[2021-07-14 20:13:32,524] {scheduler_job.py:643} INFO - DAG(s) dict_keys(['example_trigger_controller_dag']) retrieved from /home/airflow/.local/lib/python3.6/site-packages/airflow/example_dags/example_trigger_controller_dag.py
[2021-07-14 20:13:32,544] {logging_mixin.py:104} INFO - [2021-07-14 20:13:32,544] {dag.py:1833} INFO - Sync 1 DAGs
[2021-07-14 20:13:32,561] {logging_mixin.py:104} INFO - [2021-07-14 20:13:32,561] {dag.py:2306} INFO - Setting next_dagrun for example_trigger_controller_dag to 2021-07-12 00:00:00+00:00
[2021-07-14 20:13:32,573] {scheduler_job.py:190} INFO - Processing /home/airflow/.local/lib/python3.6/site-packages/airflow/example_dags/example_trigger_controller_dag.py took 0.066 seconds
[2021-07-14 20:14:03,668] {scheduler_job.py:182} INFO - Started process (PID=1962) to work on /home/airflow/.local/lib/python3.6/site-packages/airflow/example_dags/example_trigger_controller_dag.py
[2021-07-14 20:14:03,669] {scheduler_job.py:633} INFO - Processing file /home/airflow/.local/lib/python3.6/site-packages/airflow/example_dags/example_trigger_controller_dag.py for tasks to queue
[2021-07-14 20:14:03,670] {logging_mixin.py:104} INFO - [2021-07-14 20:14:03,669] {dagbag.py:496} INFO - Filling up the DagBag from /home/airflow/.local/lib/python3.6/site-packages/airflow/example_dags/example_trigger_controller_dag.py
[2021-07-14 20:14:03,685] {scheduler_job.py:643} INFO - DAG(s) dict_keys(['example_trigger_controller_dag']) retrieved from /home/airflow/.local/lib/python3.6/site-packages/airflow/example_dags/example_trigger_controller_dag.py
[2021-07-14 20:14:03,723] {logging_mixin.py:104} INFO - [2021-07-14 20:14:03,723] {dag.py:1833} INFO - Sync 1 DAGs
[2021-07-14 20:14:03,748] {logging_mixin.py:104} INFO - [2021-07-14 20:14:03,748] {dag.py:2306} INFO - Setting next_dagrun for example_trigger_controller_dag to 2021-07-12 00:00:00+00:00
[2021-07-14 20:14:03,761] {scheduler_job.py:190} INFO - Processing /home/airflow/.local/lib/python3.6/site-packages/airflow/example_dags/example_trigger_controller_dag.py took 0.097 seconds
[2021-07-14 20:14:35,104] {scheduler_job.py:182} INFO - Started process (PID=2016) to work on /home/airflow/.local/lib/python3.6/site-packages/airflow/example_dags/example_trigger_controller_dag.py
[2021-07-14 20:14:35,105] {scheduler_job.py:633} INFO - Processing file /home/airflow/.local/lib/python3.6/site-packages/airflow/example_dags/example_trigger_controller_dag.py for tasks to queue
[2021-07-14 20:14:35,106] {logging_mixin.py:104} INFO - [2021-07-14 20:14:35,106] {dagbag.py:496} INFO - Filling up the DagBag from /home/airflow/.local/lib/python3.6/site-packages/airflow/example_dags/example_trigger_controller_dag.py
[2021-07-14 20:14:35,122] {scheduler_job.py:643} INFO - DAG(s) dict_keys(['example_trigger_controller_dag']) retrieved from /home/airflow/.local/lib/python3.6/site-packages/airflow/example_dags/example_trigger_controller_dag.py
[2021-07-14 20:14:35,157] {logging_mixin.py:104} INFO - [2021-07-14 20:14:35,157] {dag.py:1833} INFO - Sync 1 DAGs
[2021-07-14 20:14:35,181] {logging_mixin.py:104} INFO - [2021-07-14 20:14:35,181] {dag.py:2306} INFO - Setting next_dagrun for example_trigger_controller_dag to 2021-07-12 00:00:00+00:00
[2021-07-14 20:14:35,194] {scheduler_job.py:190} INFO - Processing /home/airflow/.local/lib/python3.6/site-packages/airflow/example_dags/example_trigger_controller_dag.py took 0.093 seconds
[2021-07-14 20:15:05,334] {scheduler_job.py:182} INFO - Started process (PID=2080) to work on /home/airflow/.local/lib/python3.6/site-packages/airflow/example_dags/example_trigger_controller_dag.py
[2021-07-14 20:15:05,335] {scheduler_job.py:633} INFO - Processing file /home/airflow/.local/lib/python3.6/site-packages/airflow/example_dags/example_trigger_controller_dag.py for tasks to queue
[2021-07-14 20:15:05,336] {logging_mixin.py:104} INFO - [2021-07-14 20:15:05,336] {dagbag.py:496} INFO - Filling up the DagBag from /home/airflow/.local/lib/python3.6/site-packages/airflow/example_dags/example_trigger_controller_dag.py
[2021-07-14 20:15:05,348] {scheduler_job.py:643} INFO - DAG(s) dict_keys(['example_trigger_controller_dag']) retrieved from /home/airflow/.local/lib/python3.6/site-packages/airflow/example_dags/example_trigger_controller_dag.py
[2021-07-14 20:15:05,373] {logging_mixin.py:104} INFO - [2021-07-14 20:15:05,373] {dag.py:1833} INFO - Sync 1 DAGs
[2021-07-14 20:15:05,400] {logging_mixin.py:104} INFO - [2021-07-14 20:15:05,400] {dag.py:2306} INFO - Setting next_dagrun for example_trigger_controller_dag to 2021-07-12 00:00:00+00:00
[2021-07-14 20:15:05,414] {scheduler_job.py:190} INFO - Processing /home/airflow/.local/lib/python3.6/site-packages/airflow/example_dags/example_trigger_controller_dag.py took 0.084 seconds
[2021-07-14 20:15:35,889] {scheduler_job.py:182} INFO - Started process (PID=2142) to work on /home/airflow/.local/lib/python3.6/site-packages/airflow/example_dags/example_trigger_controller_dag.py
[2021-07-14 20:15:35,891] {scheduler_job.py:633} INFO - Processing file /home/airflow/.local/lib/python3.6/site-packages/airflow/example_dags/example_trigger_controller_dag.py for tasks to queue
[2021-07-14 20:15:35,891] {logging_mixin.py:104} INFO - [2021-07-14 20:15:35,891] {dagbag.py:496} INFO - Filling up the DagBag from /home/airflow/.local/lib/python3.6/site-packages/airflow/example_dags/example_trigger_controller_dag.py
[2021-07-14 20:15:35,903] {scheduler_job.py:643} INFO - DAG(s) dict_keys(['example_trigger_controller_dag']) retrieved from /home/airflow/.local/lib/python3.6/site-packages/airflow/example_dags/example_trigger_controller_dag.py
[2021-07-14 20:15:35,923] {logging_mixin.py:104} INFO - [2021-07-14 20:15:35,923] {dag.py:1833} INFO - Sync 1 DAGs
[2021-07-14 20:15:35,940] {logging_mixin.py:104} INFO - [2021-07-14 20:15:35,940] {dag.py:2306} INFO - Setting next_dagrun for example_trigger_controller_dag to 2021-07-12 00:00:00+00:00
[2021-07-14 20:15:35,952] {scheduler_job.py:190} INFO - Processing /home/airflow/.local/lib/python3.6/site-packages/airflow/example_dags/example_trigger_controller_dag.py took 0.066 seconds
[2021-07-14 20:16:05,996] {scheduler_job.py:182} INFO - Started process (PID=2197) to work on /home/airflow/.local/lib/python3.6/site-packages/airflow/example_dags/example_trigger_controller_dag.py
[2021-07-14 20:16:05,997] {scheduler_job.py:633} INFO - Processing file /home/airflow/.local/lib/python3.6/site-packages/airflow/example_dags/example_trigger_controller_dag.py for tasks to queue
[2021-07-14 20:16:05,998] {logging_mixin.py:104} INFO - [2021-07-14 20:16:05,997] {dagbag.py:496} INFO - Filling up the DagBag from /home/airflow/.local/lib/python3.6/site-packages/airflow/example_dags/example_trigger_controller_dag.py
[2021-07-14 20:16:06,010] {scheduler_job.py:643} INFO - DAG(s) dict_keys(['example_trigger_controller_dag']) retrieved from /home/airflow/.local/lib/python3.6/site-packages/airflow/example_dags/example_trigger_controller_dag.py
[2021-07-14 20:16:06,035] {logging_mixin.py:104} INFO - [2021-07-14 20:16:06,034] {dag.py:1833} INFO - Sync 1 DAGs
[2021-07-14 20:16:06,049] {logging_mixin.py:104} INFO - [2021-07-14 20:16:06,049] {dag.py:2306} INFO - Setting next_dagrun for example_trigger_controller_dag to 2021-07-12 00:00:00+00:00
[2021-07-14 20:16:06,058] {scheduler_job.py:190} INFO - Processing /home/airflow/.local/lib/python3.6/site-packages/airflow/example_dags/example_trigger_controller_dag.py took 0.064 seconds
[2021-07-14 20:16:36,388] {scheduler_job.py:182} INFO - Started process (PID=2258) to work on /home/airflow/.local/lib/python3.6/site-packages/airflow/example_dags/example_trigger_controller_dag.py
[2021-07-14 20:16:36,390] {scheduler_job.py:633} INFO - Processing file /home/airflow/.local/lib/python3.6/site-packages/airflow/example_dags/example_trigger_controller_dag.py for tasks to queue
[2021-07-14 20:16:36,390] {logging_mixin.py:104} INFO - [2021-07-14 20:16:36,390] {dagbag.py:496} INFO - Filling up the DagBag from /home/airflow/.local/lib/python3.6/site-packages/airflow/example_dags/example_trigger_controller_dag.py
[2021-07-14 20:16:36,403] {scheduler_job.py:643} INFO - DAG(s) dict_keys(['example_trigger_controller_dag']) retrieved from /home/airflow/.local/lib/python3.6/site-packages/airflow/example_dags/example_trigger_controller_dag.py
[2021-07-14 20:16:36,429] {logging_mixin.py:104} INFO - [2021-07-14 20:16:36,429] {dag.py:1833} INFO - Sync 1 DAGs
[2021-07-14 20:16:36,449] {logging_mixin.py:104} INFO - [2021-07-14 20:16:36,449] {dag.py:2306} INFO - Setting next_dagrun for example_trigger_controller_dag to 2021-07-12 00:00:00+00:00
[2021-07-14 20:16:36,460] {scheduler_job.py:190} INFO - Processing /home/airflow/.local/lib/python3.6/site-packages/airflow/example_dags/example_trigger_controller_dag.py took 0.075 seconds
[2021-07-14 20:17:06,550] {scheduler_job.py:182} INFO - Started process (PID=2312) to work on /home/airflow/.local/lib/python3.6/site-packages/airflow/example_dags/example_trigger_controller_dag.py
[2021-07-14 20:17:06,551] {scheduler_job.py:633} INFO - Processing file /home/airflow/.local/lib/python3.6/site-packages/airflow/example_dags/example_trigger_controller_dag.py for tasks to queue
[2021-07-14 20:17:06,552] {logging_mixin.py:104} INFO - [2021-07-14 20:17:06,552] {dagbag.py:496} INFO - Filling up the DagBag from /home/airflow/.local/lib/python3.6/site-packages/airflow/example_dags/example_trigger_controller_dag.py
[2021-07-14 20:17:06,565] {scheduler_job.py:643} INFO - DAG(s) dict_keys(['example_trigger_controller_dag']) retrieved from /home/airflow/.local/lib/python3.6/site-packages/airflow/example_dags/example_trigger_controller_dag.py
[2021-07-14 20:17:06,586] {logging_mixin.py:104} INFO - [2021-07-14 20:17:06,586] {dag.py:1833} INFO - Sync 1 DAGs
[2021-07-14 20:17:06,608] {logging_mixin.py:104} INFO - [2021-07-14 20:17:06,608] {dag.py:2306} INFO - Setting next_dagrun for example_trigger_controller_dag to 2021-07-12 00:00:00+00:00
[2021-07-14 20:17:06,619] {scheduler_job.py:190} INFO - Processing /home/airflow/.local/lib/python3.6/site-packages/airflow/example_dags/example_trigger_controller_dag.py took 0.073 seconds
[2021-07-14 20:17:37,160] {scheduler_job.py:182} INFO - Started process (PID=2374) to work on /home/airflow/.local/lib/python3.6/site-packages/airflow/example_dags/example_trigger_controller_dag.py
[2021-07-14 20:17:37,162] {scheduler_job.py:633} INFO - Processing file /home/airflow/.local/lib/python3.6/site-packages/airflow/example_dags/example_trigger_controller_dag.py for tasks to queue
[2021-07-14 20:17:37,163] {logging_mixin.py:104} INFO - [2021-07-14 20:17:37,163] {dagbag.py:496} INFO - Filling up the DagBag from /home/airflow/.local/lib/python3.6/site-packages/airflow/example_dags/example_trigger_controller_dag.py
[2021-07-14 20:17:37,179] {scheduler_job.py:643} INFO - DAG(s) dict_keys(['example_trigger_controller_dag']) retrieved from /home/airflow/.local/lib/python3.6/site-packages/airflow/example_dags/example_trigger_controller_dag.py
[2021-07-14 20:17:37,206] {logging_mixin.py:104} INFO - [2021-07-14 20:17:37,206] {dag.py:1833} INFO - Sync 1 DAGs
[2021-07-14 20:17:37,226] {logging_mixin.py:104} INFO - [2021-07-14 20:17:37,226] {dag.py:2306} INFO - Setting next_dagrun for example_trigger_controller_dag to 2021-07-12 00:00:00+00:00
[2021-07-14 20:17:37,239] {scheduler_job.py:190} INFO - Processing /home/airflow/.local/lib/python3.6/site-packages/airflow/example_dags/example_trigger_controller_dag.py took 0.082 seconds
[2021-07-14 20:18:07,758] {scheduler_job.py:182} INFO - Started process (PID=2431) to work on /home/airflow/.local/lib/python3.6/site-packages/airflow/example_dags/example_trigger_controller_dag.py
[2021-07-14 20:18:07,760] {scheduler_job.py:633} INFO - Processing file /home/airflow/.local/lib/python3.6/site-packages/airflow/example_dags/example_trigger_controller_dag.py for tasks to queue
[2021-07-14 20:18:07,761] {logging_mixin.py:104} INFO - [2021-07-14 20:18:07,761] {dagbag.py:496} INFO - Filling up the DagBag from /home/airflow/.local/lib/python3.6/site-packages/airflow/example_dags/example_trigger_controller_dag.py
[2021-07-14 20:18:07,776] {scheduler_job.py:643} INFO - DAG(s) dict_keys(['example_trigger_controller_dag']) retrieved from /home/airflow/.local/lib/python3.6/site-packages/airflow/example_dags/example_trigger_controller_dag.py
[2021-07-14 20:18:07,814] {logging_mixin.py:104} INFO - [2021-07-14 20:18:07,814] {dag.py:1833} INFO - Sync 1 DAGs
[2021-07-14 20:18:07,845] {logging_mixin.py:104} INFO - [2021-07-14 20:18:07,845] {dag.py:2306} INFO - Setting next_dagrun for example_trigger_controller_dag to 2021-07-12 00:00:00+00:00
[2021-07-14 20:18:07,861] {scheduler_job.py:190} INFO - Processing /home/airflow/.local/lib/python3.6/site-packages/airflow/example_dags/example_trigger_controller_dag.py took 0.106 seconds
[2021-07-14 20:18:38,662] {scheduler_job.py:182} INFO - Started process (PID=2494) to work on /home/airflow/.local/lib/python3.6/site-packages/airflow/example_dags/example_trigger_controller_dag.py
[2021-07-14 20:18:38,663] {scheduler_job.py:633} INFO - Processing file /home/airflow/.local/lib/python3.6/site-packages/airflow/example_dags/example_trigger_controller_dag.py for tasks to queue
[2021-07-14 20:18:38,664] {logging_mixin.py:104} INFO - [2021-07-14 20:18:38,664] {dagbag.py:496} INFO - Filling up the DagBag from /home/airflow/.local/lib/python3.6/site-packages/airflow/example_dags/example_trigger_controller_dag.py
[2021-07-14 20:18:38,677] {scheduler_job.py:643} INFO - DAG(s) dict_keys(['example_trigger_controller_dag']) retrieved from /home/airflow/.local/lib/python3.6/site-packages/airflow/example_dags/example_trigger_controller_dag.py
[2021-07-14 20:18:38,707] {logging_mixin.py:104} INFO - [2021-07-14 20:18:38,707] {dag.py:1833} INFO - Sync 1 DAGs
[2021-07-14 20:18:38,727] {logging_mixin.py:104} INFO - [2021-07-14 20:18:38,726] {dag.py:2306} INFO - Setting next_dagrun for example_trigger_controller_dag to 2021-07-12 00:00:00+00:00
[2021-07-14 20:18:38,738] {scheduler_job.py:190} INFO - Processing /home/airflow/.local/lib/python3.6/site-packages/airflow/example_dags/example_trigger_controller_dag.py took 0.081 seconds
[2021-07-14 20:19:08,824] {scheduler_job.py:182} INFO - Started process (PID=2547) to work on /home/airflow/.local/lib/python3.6/site-packages/airflow/example_dags/example_trigger_controller_dag.py
[2021-07-14 20:19:08,825] {scheduler_job.py:633} INFO - Processing file /home/airflow/.local/lib/python3.6/site-packages/airflow/example_dags/example_trigger_controller_dag.py for tasks to queue
[2021-07-14 20:19:08,826] {logging_mixin.py:104} INFO - [2021-07-14 20:19:08,826] {dagbag.py:496} INFO - Filling up the DagBag from /home/airflow/.local/lib/python3.6/site-packages/airflow/example_dags/example_trigger_controller_dag.py
[2021-07-14 20:19:08,837] {scheduler_job.py:643} INFO - DAG(s) dict_keys(['example_trigger_controller_dag']) retrieved from /home/airflow/.local/lib/python3.6/site-packages/airflow/example_dags/example_trigger_controller_dag.py
[2021-07-14 20:19:08,858] {logging_mixin.py:104} INFO - [2021-07-14 20:19:08,857] {dag.py:1833} INFO - Sync 1 DAGs
[2021-07-14 20:19:08,877] {logging_mixin.py:104} INFO - [2021-07-14 20:19:08,876] {dag.py:2306} INFO - Setting next_dagrun for example_trigger_controller_dag to 2021-07-12 00:00:00+00:00
[2021-07-14 20:19:08,887] {scheduler_job.py:190} INFO - Processing /home/airflow/.local/lib/python3.6/site-packages/airflow/example_dags/example_trigger_controller_dag.py took 0.065 seconds
[2021-07-14 20:19:39,284] {scheduler_job.py:182} INFO - Started process (PID=2611) to work on /home/airflow/.local/lib/python3.6/site-packages/airflow/example_dags/example_trigger_controller_dag.py
[2021-07-14 20:19:39,286] {scheduler_job.py:633} INFO - Processing file /home/airflow/.local/lib/python3.6/site-packages/airflow/example_dags/example_trigger_controller_dag.py for tasks to queue
[2021-07-14 20:19:39,287] {logging_mixin.py:104} INFO - [2021-07-14 20:19:39,287] {dagbag.py:496} INFO - Filling up the DagBag from /home/airflow/.local/lib/python3.6/site-packages/airflow/example_dags/example_trigger_controller_dag.py
[2021-07-14 20:19:39,301] {scheduler_job.py:643} INFO - DAG(s) dict_keys(['example_trigger_controller_dag']) retrieved from /home/airflow/.local/lib/python3.6/site-packages/airflow/example_dags/example_trigger_controller_dag.py
[2021-07-14 20:19:39,337] {logging_mixin.py:104} INFO - [2021-07-14 20:19:39,337] {dag.py:1833} INFO - Sync 1 DAGs
[2021-07-14 20:19:39,363] {logging_mixin.py:104} INFO - [2021-07-14 20:19:39,363] {dag.py:2306} INFO - Setting next_dagrun for example_trigger_controller_dag to 2021-07-12 00:00:00+00:00
[2021-07-14 20:19:39,377] {scheduler_job.py:190} INFO - Processing /home/airflow/.local/lib/python3.6/site-packages/airflow/example_dags/example_trigger_controller_dag.py took 0.095 seconds
[2021-07-14 20:20:10,143] {scheduler_job.py:182} INFO - Started process (PID=2663) to work on /home/airflow/.local/lib/python3.6/site-packages/airflow/example_dags/example_trigger_controller_dag.py
[2021-07-14 20:20:10,145] {scheduler_job.py:633} INFO - Processing file /home/airflow/.local/lib/python3.6/site-packages/airflow/example_dags/example_trigger_controller_dag.py for tasks to queue
[2021-07-14 20:20:10,145] {logging_mixin.py:104} INFO - [2021-07-14 20:20:10,145] {dagbag.py:496} INFO - Filling up the DagBag from /home/airflow/.local/lib/python3.6/site-packages/airflow/example_dags/example_trigger_controller_dag.py
[2021-07-14 20:20:10,160] {scheduler_job.py:643} INFO - DAG(s) dict_keys(['example_trigger_controller_dag']) retrieved from /home/airflow/.local/lib/python3.6/site-packages/airflow/example_dags/example_trigger_controller_dag.py
[2021-07-14 20:20:10,190] {logging_mixin.py:104} INFO - [2021-07-14 20:20:10,190] {dag.py:1833} INFO - Sync 1 DAGs
[2021-07-14 20:20:10,206] {logging_mixin.py:104} INFO - [2021-07-14 20:20:10,206] {dag.py:2306} INFO - Setting next_dagrun for example_trigger_controller_dag to 2021-07-12 00:00:00+00:00
[2021-07-14 20:20:10,215] {scheduler_job.py:190} INFO - Processing /home/airflow/.local/lib/python3.6/site-packages/airflow/example_dags/example_trigger_controller_dag.py took 0.076 seconds
[2021-07-14 20:20:41,380] {scheduler_job.py:182} INFO - Started process (PID=2727) to work on /home/airflow/.local/lib/python3.6/site-packages/airflow/example_dags/example_trigger_controller_dag.py
[2021-07-14 20:20:41,382] {scheduler_job.py:633} INFO - Processing file /home/airflow/.local/lib/python3.6/site-packages/airflow/example_dags/example_trigger_controller_dag.py for tasks to queue
[2021-07-14 20:20:41,383] {logging_mixin.py:104} INFO - [2021-07-14 20:20:41,383] {dagbag.py:496} INFO - Filling up the DagBag from /home/airflow/.local/lib/python3.6/site-packages/airflow/example_dags/example_trigger_controller_dag.py
[2021-07-14 20:20:41,399] {scheduler_job.py:643} INFO - DAG(s) dict_keys(['example_trigger_controller_dag']) retrieved from /home/airflow/.local/lib/python3.6/site-packages/airflow/example_dags/example_trigger_controller_dag.py
[2021-07-14 20:20:41,420] {logging_mixin.py:104} INFO - [2021-07-14 20:20:41,420] {dag.py:1833} INFO - Sync 1 DAGs
[2021-07-14 20:20:41,438] {logging_mixin.py:104} INFO - [2021-07-14 20:20:41,438] {dag.py:2306} INFO - Setting next_dagrun for example_trigger_controller_dag to 2021-07-12 00:00:00+00:00
[2021-07-14 20:20:41,449] {scheduler_job.py:190} INFO - Processing /home/airflow/.local/lib/python3.6/site-packages/airflow/example_dags/example_trigger_controller_dag.py took 0.071 seconds
[2021-07-14 20:21:11,747] {scheduler_job.py:182} INFO - Started process (PID=2782) to work on /home/airflow/.local/lib/python3.6/site-packages/airflow/example_dags/example_trigger_controller_dag.py
[2021-07-14 20:21:11,748] {scheduler_job.py:633} INFO - Processing file /home/airflow/.local/lib/python3.6/site-packages/airflow/example_dags/example_trigger_controller_dag.py for tasks to queue
[2021-07-14 20:21:11,749] {logging_mixin.py:104} INFO - [2021-07-14 20:21:11,749] {dagbag.py:496} INFO - Filling up the DagBag from /home/airflow/.local/lib/python3.6/site-packages/airflow/example_dags/example_trigger_controller_dag.py
[2021-07-14 20:21:11,766] {scheduler_job.py:643} INFO - DAG(s) dict_keys(['example_trigger_controller_dag']) retrieved from /home/airflow/.local/lib/python3.6/site-packages/airflow/example_dags/example_trigger_controller_dag.py
[2021-07-14 20:21:11,795] {logging_mixin.py:104} INFO - [2021-07-14 20:21:11,795] {dag.py:1833} INFO - Sync 1 DAGs
[2021-07-14 20:21:11,812] {logging_mixin.py:104} INFO - [2021-07-14 20:21:11,812] {dag.py:2306} INFO - Setting next_dagrun for example_trigger_controller_dag to 2021-07-12 00:00:00+00:00
[2021-07-14 20:21:11,822] {scheduler_job.py:190} INFO - Processing /home/airflow/.local/lib/python3.6/site-packages/airflow/example_dags/example_trigger_controller_dag.py took 0.080 seconds
[2021-07-14 20:21:42,368] {scheduler_job.py:182} INFO - Started process (PID=2848) to work on /home/airflow/.local/lib/python3.6/site-packages/airflow/example_dags/example_trigger_controller_dag.py
[2021-07-14 20:21:42,370] {scheduler_job.py:633} INFO - Processing file /home/airflow/.local/lib/python3.6/site-packages/airflow/example_dags/example_trigger_controller_dag.py for tasks to queue
[2021-07-14 20:21:42,371] {logging_mixin.py:104} INFO - [2021-07-14 20:21:42,371] {dagbag.py:496} INFO - Filling up the DagBag from /home/airflow/.local/lib/python3.6/site-packages/airflow/example_dags/example_trigger_controller_dag.py
[2021-07-14 20:21:42,382] {scheduler_job.py:643} INFO - DAG(s) dict_keys(['example_trigger_controller_dag']) retrieved from /home/airflow/.local/lib/python3.6/site-packages/airflow/example_dags/example_trigger_controller_dag.py
[2021-07-14 20:21:42,400] {logging_mixin.py:104} INFO - [2021-07-14 20:21:42,400] {dag.py:1833} INFO - Sync 1 DAGs
[2021-07-14 20:21:42,414] {logging_mixin.py:104} INFO - [2021-07-14 20:21:42,414] {dag.py:2306} INFO - Setting next_dagrun for example_trigger_controller_dag to 2021-07-12 00:00:00+00:00
[2021-07-14 20:21:42,425] {scheduler_job.py:190} INFO - Processing /home/airflow/.local/lib/python3.6/site-packages/airflow/example_dags/example_trigger_controller_dag.py took 0.059 seconds
[2021-07-14 20:22:13,139] {scheduler_job.py:182} INFO - Started process (PID=2902) to work on /home/airflow/.local/lib/python3.6/site-packages/airflow/example_dags/example_trigger_controller_dag.py
[2021-07-14 20:22:13,140] {scheduler_job.py:633} INFO - Processing file /home/airflow/.local/lib/python3.6/site-packages/airflow/example_dags/example_trigger_controller_dag.py for tasks to queue
[2021-07-14 20:22:13,141] {logging_mixin.py:104} INFO - [2021-07-14 20:22:13,141] {dagbag.py:496} INFO - Filling up the DagBag from /home/airflow/.local/lib/python3.6/site-packages/airflow/example_dags/example_trigger_controller_dag.py
[2021-07-14 20:22:13,152] {scheduler_job.py:643} INFO - DAG(s) dict_keys(['example_trigger_controller_dag']) retrieved from /home/airflow/.local/lib/python3.6/site-packages/airflow/example_dags/example_trigger_controller_dag.py
[2021-07-14 20:22:13,173] {logging_mixin.py:104} INFO - [2021-07-14 20:22:13,172] {dag.py:1833} INFO - Sync 1 DAGs
[2021-07-14 20:22:13,190] {logging_mixin.py:104} INFO - [2021-07-14 20:22:13,190] {dag.py:2306} INFO - Setting next_dagrun for example_trigger_controller_dag to 2021-07-12 00:00:00+00:00
[2021-07-14 20:22:13,202] {scheduler_job.py:190} INFO - Processing /home/airflow/.local/lib/python3.6/site-packages/airflow/example_dags/example_trigger_controller_dag.py took 0.067 seconds
