[2021-07-14 19:05:01,709] {scheduler_job.py:182} INFO - Started process (PID=47) to work on /home/airflow/.local/lib/python3.6/site-packages/airflow/example_dags/example_task_group.py
[2021-07-14 19:05:01,714] {scheduler_job.py:633} INFO - Processing file /home/airflow/.local/lib/python3.6/site-packages/airflow/example_dags/example_task_group.py for tasks to queue
[2021-07-14 19:05:01,720] {logging_mixin.py:104} INFO - [2021-07-14 19:05:01,715] {dagbag.py:496} INFO - Filling up the DagBag from /home/airflow/.local/lib/python3.6/site-packages/airflow/example_dags/example_task_group.py
[2021-07-14 19:05:01,799] {scheduler_job.py:643} INFO - DAG(s) dict_keys(['example_task_group']) retrieved from /home/airflow/.local/lib/python3.6/site-packages/airflow/example_dags/example_task_group.py
[2021-07-14 19:05:02,706] {logging_mixin.py:104} INFO - [2021-07-14 19:05:02,706] {dag.py:1833} INFO - Sync 1 DAGs
[2021-07-14 19:05:02,743] {logging_mixin.py:104} INFO - [2021-07-14 19:05:02,743] {dag.py:2306} INFO - Setting next_dagrun for example_task_group to 2021-07-12 00:00:00+00:00
[2021-07-14 19:05:02,775] {scheduler_job.py:190} INFO - Processing /home/airflow/.local/lib/python3.6/site-packages/airflow/example_dags/example_task_group.py took 1.084 seconds
[2021-07-14 19:05:33,555] {scheduler_job.py:182} INFO - Started process (PID=108) to work on /home/airflow/.local/lib/python3.6/site-packages/airflow/example_dags/example_task_group.py
[2021-07-14 19:05:33,557] {scheduler_job.py:633} INFO - Processing file /home/airflow/.local/lib/python3.6/site-packages/airflow/example_dags/example_task_group.py for tasks to queue
[2021-07-14 19:05:33,559] {logging_mixin.py:104} INFO - [2021-07-14 19:05:33,558] {dagbag.py:496} INFO - Filling up the DagBag from /home/airflow/.local/lib/python3.6/site-packages/airflow/example_dags/example_task_group.py
[2021-07-14 19:05:33,606] {scheduler_job.py:643} INFO - DAG(s) dict_keys(['example_task_group']) retrieved from /home/airflow/.local/lib/python3.6/site-packages/airflow/example_dags/example_task_group.py
[2021-07-14 19:05:33,673] {logging_mixin.py:104} INFO - [2021-07-14 19:05:33,672] {dag.py:1833} INFO - Sync 1 DAGs
[2021-07-14 19:05:33,723] {logging_mixin.py:104} INFO - [2021-07-14 19:05:33,723] {dag.py:2306} INFO - Setting next_dagrun for example_task_group to 2021-07-12 00:00:00+00:00
[2021-07-14 19:05:33,759] {scheduler_job.py:190} INFO - Processing /home/airflow/.local/lib/python3.6/site-packages/airflow/example_dags/example_task_group.py took 0.210 seconds
[2021-07-14 19:06:04,118] {scheduler_job.py:182} INFO - Started process (PID=161) to work on /home/airflow/.local/lib/python3.6/site-packages/airflow/example_dags/example_task_group.py
[2021-07-14 19:06:04,120] {scheduler_job.py:633} INFO - Processing file /home/airflow/.local/lib/python3.6/site-packages/airflow/example_dags/example_task_group.py for tasks to queue
[2021-07-14 19:06:04,121] {logging_mixin.py:104} INFO - [2021-07-14 19:06:04,120] {dagbag.py:496} INFO - Filling up the DagBag from /home/airflow/.local/lib/python3.6/site-packages/airflow/example_dags/example_task_group.py
[2021-07-14 19:06:04,151] {scheduler_job.py:643} INFO - DAG(s) dict_keys(['example_task_group']) retrieved from /home/airflow/.local/lib/python3.6/site-packages/airflow/example_dags/example_task_group.py
[2021-07-14 19:06:04,187] {logging_mixin.py:104} INFO - [2021-07-14 19:06:04,186] {dag.py:1833} INFO - Sync 1 DAGs
[2021-07-14 19:06:04,218] {logging_mixin.py:104} INFO - [2021-07-14 19:06:04,217] {dag.py:2306} INFO - Setting next_dagrun for example_task_group to 2021-07-12 00:00:00+00:00
[2021-07-14 19:06:04,237] {scheduler_job.py:190} INFO - Processing /home/airflow/.local/lib/python3.6/site-packages/airflow/example_dags/example_task_group.py took 0.125 seconds
[2021-07-14 19:06:34,573] {scheduler_job.py:182} INFO - Started process (PID=215) to work on /home/airflow/.local/lib/python3.6/site-packages/airflow/example_dags/example_task_group.py
[2021-07-14 19:06:34,575] {scheduler_job.py:633} INFO - Processing file /home/airflow/.local/lib/python3.6/site-packages/airflow/example_dags/example_task_group.py for tasks to queue
[2021-07-14 19:06:34,576] {logging_mixin.py:104} INFO - [2021-07-14 19:06:34,575] {dagbag.py:496} INFO - Filling up the DagBag from /home/airflow/.local/lib/python3.6/site-packages/airflow/example_dags/example_task_group.py
[2021-07-14 19:06:34,613] {scheduler_job.py:643} INFO - DAG(s) dict_keys(['example_task_group']) retrieved from /home/airflow/.local/lib/python3.6/site-packages/airflow/example_dags/example_task_group.py
[2021-07-14 19:06:34,662] {logging_mixin.py:104} INFO - [2021-07-14 19:06:34,662] {dag.py:1833} INFO - Sync 1 DAGs
[2021-07-14 19:06:34,692] {logging_mixin.py:104} INFO - [2021-07-14 19:06:34,691] {dag.py:2306} INFO - Setting next_dagrun for example_task_group to 2021-07-12 00:00:00+00:00
[2021-07-14 19:06:34,711] {scheduler_job.py:190} INFO - Processing /home/airflow/.local/lib/python3.6/site-packages/airflow/example_dags/example_task_group.py took 0.143 seconds
[2021-07-14 19:07:04,952] {scheduler_job.py:182} INFO - Started process (PID=278) to work on /home/airflow/.local/lib/python3.6/site-packages/airflow/example_dags/example_task_group.py
[2021-07-14 19:07:04,954] {scheduler_job.py:633} INFO - Processing file /home/airflow/.local/lib/python3.6/site-packages/airflow/example_dags/example_task_group.py for tasks to queue
[2021-07-14 19:07:04,955] {logging_mixin.py:104} INFO - [2021-07-14 19:07:04,955] {dagbag.py:496} INFO - Filling up the DagBag from /home/airflow/.local/lib/python3.6/site-packages/airflow/example_dags/example_task_group.py
[2021-07-14 19:07:04,984] {scheduler_job.py:643} INFO - DAG(s) dict_keys(['example_task_group']) retrieved from /home/airflow/.local/lib/python3.6/site-packages/airflow/example_dags/example_task_group.py
[2021-07-14 19:07:05,017] {logging_mixin.py:104} INFO - [2021-07-14 19:07:05,016] {dag.py:1833} INFO - Sync 1 DAGs
[2021-07-14 19:07:05,041] {logging_mixin.py:104} INFO - [2021-07-14 19:07:05,040] {dag.py:2306} INFO - Setting next_dagrun for example_task_group to 2021-07-12 00:00:00+00:00
[2021-07-14 19:07:05,064] {scheduler_job.py:190} INFO - Processing /home/airflow/.local/lib/python3.6/site-packages/airflow/example_dags/example_task_group.py took 0.115 seconds
[2021-07-14 19:07:35,654] {scheduler_job.py:182} INFO - Started process (PID=331) to work on /home/airflow/.local/lib/python3.6/site-packages/airflow/example_dags/example_task_group.py
[2021-07-14 19:07:35,662] {scheduler_job.py:633} INFO - Processing file /home/airflow/.local/lib/python3.6/site-packages/airflow/example_dags/example_task_group.py for tasks to queue
[2021-07-14 19:07:35,663] {logging_mixin.py:104} INFO - [2021-07-14 19:07:35,663] {dagbag.py:496} INFO - Filling up the DagBag from /home/airflow/.local/lib/python3.6/site-packages/airflow/example_dags/example_task_group.py
[2021-07-14 19:07:35,682] {scheduler_job.py:643} INFO - DAG(s) dict_keys(['example_task_group']) retrieved from /home/airflow/.local/lib/python3.6/site-packages/airflow/example_dags/example_task_group.py
[2021-07-14 19:07:35,721] {logging_mixin.py:104} INFO - [2021-07-14 19:07:35,721] {dag.py:1833} INFO - Sync 1 DAGs
[2021-07-14 19:07:35,742] {logging_mixin.py:104} INFO - [2021-07-14 19:07:35,742] {dag.py:2306} INFO - Setting next_dagrun for example_task_group to 2021-07-12 00:00:00+00:00
[2021-07-14 19:07:35,754] {scheduler_job.py:190} INFO - Processing /home/airflow/.local/lib/python3.6/site-packages/airflow/example_dags/example_task_group.py took 0.104 seconds
[2021-07-14 19:08:55,622] {scheduler_job.py:182} INFO - Started process (PID=35) to work on /home/airflow/.local/lib/python3.6/site-packages/airflow/example_dags/example_task_group.py
[2021-07-14 19:08:55,624] {scheduler_job.py:633} INFO - Processing file /home/airflow/.local/lib/python3.6/site-packages/airflow/example_dags/example_task_group.py for tasks to queue
[2021-07-14 19:08:55,625] {logging_mixin.py:104} INFO - [2021-07-14 19:08:55,625] {dagbag.py:496} INFO - Filling up the DagBag from /home/airflow/.local/lib/python3.6/site-packages/airflow/example_dags/example_task_group.py
[2021-07-14 19:08:55,650] {scheduler_job.py:643} INFO - DAG(s) dict_keys(['example_task_group']) retrieved from /home/airflow/.local/lib/python3.6/site-packages/airflow/example_dags/example_task_group.py
[2021-07-14 19:08:55,941] {logging_mixin.py:104} INFO - [2021-07-14 19:08:55,941] {dag.py:1833} INFO - Sync 1 DAGs
[2021-07-14 19:08:55,957] {logging_mixin.py:104} INFO - [2021-07-14 19:08:55,957] {dag.py:2306} INFO - Setting next_dagrun for example_task_group to 2021-07-12 00:00:00+00:00
[2021-07-14 19:08:55,973] {scheduler_job.py:190} INFO - Processing /home/airflow/.local/lib/python3.6/site-packages/airflow/example_dags/example_task_group.py took 0.354 seconds
[2021-07-14 19:09:26,874] {scheduler_job.py:182} INFO - Started process (PID=100) to work on /home/airflow/.local/lib/python3.6/site-packages/airflow/example_dags/example_task_group.py
[2021-07-14 19:09:26,876] {scheduler_job.py:633} INFO - Processing file /home/airflow/.local/lib/python3.6/site-packages/airflow/example_dags/example_task_group.py for tasks to queue
[2021-07-14 19:09:26,877] {logging_mixin.py:104} INFO - [2021-07-14 19:09:26,877] {dagbag.py:496} INFO - Filling up the DagBag from /home/airflow/.local/lib/python3.6/site-packages/airflow/example_dags/example_task_group.py
[2021-07-14 19:09:26,905] {scheduler_job.py:643} INFO - DAG(s) dict_keys(['example_task_group']) retrieved from /home/airflow/.local/lib/python3.6/site-packages/airflow/example_dags/example_task_group.py
[2021-07-14 19:09:26,937] {logging_mixin.py:104} INFO - [2021-07-14 19:09:26,936] {dag.py:1833} INFO - Sync 1 DAGs
[2021-07-14 19:09:26,960] {logging_mixin.py:104} INFO - [2021-07-14 19:09:26,960] {dag.py:2306} INFO - Setting next_dagrun for example_task_group to 2021-07-12 00:00:00+00:00
[2021-07-14 19:09:26,980] {scheduler_job.py:190} INFO - Processing /home/airflow/.local/lib/python3.6/site-packages/airflow/example_dags/example_task_group.py took 0.110 seconds
[2021-07-14 19:09:57,454] {scheduler_job.py:182} INFO - Started process (PID=154) to work on /home/airflow/.local/lib/python3.6/site-packages/airflow/example_dags/example_task_group.py
[2021-07-14 19:09:57,455] {scheduler_job.py:633} INFO - Processing file /home/airflow/.local/lib/python3.6/site-packages/airflow/example_dags/example_task_group.py for tasks to queue
[2021-07-14 19:09:57,456] {logging_mixin.py:104} INFO - [2021-07-14 19:09:57,455] {dagbag.py:496} INFO - Filling up the DagBag from /home/airflow/.local/lib/python3.6/site-packages/airflow/example_dags/example_task_group.py
[2021-07-14 19:09:57,480] {scheduler_job.py:643} INFO - DAG(s) dict_keys(['example_task_group']) retrieved from /home/airflow/.local/lib/python3.6/site-packages/airflow/example_dags/example_task_group.py
[2021-07-14 19:09:57,505] {logging_mixin.py:104} INFO - [2021-07-14 19:09:57,504] {dag.py:1833} INFO - Sync 1 DAGs
[2021-07-14 19:09:57,524] {logging_mixin.py:104} INFO - [2021-07-14 19:09:57,523] {dag.py:2306} INFO - Setting next_dagrun for example_task_group to 2021-07-12 00:00:00+00:00
[2021-07-14 19:09:57,535] {scheduler_job.py:190} INFO - Processing /home/airflow/.local/lib/python3.6/site-packages/airflow/example_dags/example_task_group.py took 0.084 seconds
[2021-07-14 19:10:28,128] {scheduler_job.py:182} INFO - Started process (PID=213) to work on /home/airflow/.local/lib/python3.6/site-packages/airflow/example_dags/example_task_group.py
[2021-07-14 19:10:28,129] {scheduler_job.py:633} INFO - Processing file /home/airflow/.local/lib/python3.6/site-packages/airflow/example_dags/example_task_group.py for tasks to queue
[2021-07-14 19:10:28,129] {logging_mixin.py:104} INFO - [2021-07-14 19:10:28,129] {dagbag.py:496} INFO - Filling up the DagBag from /home/airflow/.local/lib/python3.6/site-packages/airflow/example_dags/example_task_group.py
[2021-07-14 19:10:28,152] {scheduler_job.py:643} INFO - DAG(s) dict_keys(['example_task_group']) retrieved from /home/airflow/.local/lib/python3.6/site-packages/airflow/example_dags/example_task_group.py
[2021-07-14 19:10:28,177] {logging_mixin.py:104} INFO - [2021-07-14 19:10:28,177] {dag.py:1833} INFO - Sync 1 DAGs
[2021-07-14 19:10:28,202] {logging_mixin.py:104} INFO - [2021-07-14 19:10:28,201] {dag.py:2306} INFO - Setting next_dagrun for example_task_group to 2021-07-12 00:00:00+00:00
[2021-07-14 19:10:28,214] {scheduler_job.py:190} INFO - Processing /home/airflow/.local/lib/python3.6/site-packages/airflow/example_dags/example_task_group.py took 0.089 seconds
[2021-07-14 19:10:59,154] {scheduler_job.py:182} INFO - Started process (PID=276) to work on /home/airflow/.local/lib/python3.6/site-packages/airflow/example_dags/example_task_group.py
[2021-07-14 19:10:59,155] {scheduler_job.py:633} INFO - Processing file /home/airflow/.local/lib/python3.6/site-packages/airflow/example_dags/example_task_group.py for tasks to queue
[2021-07-14 19:10:59,156] {logging_mixin.py:104} INFO - [2021-07-14 19:10:59,156] {dagbag.py:496} INFO - Filling up the DagBag from /home/airflow/.local/lib/python3.6/site-packages/airflow/example_dags/example_task_group.py
[2021-07-14 19:10:59,179] {scheduler_job.py:643} INFO - DAG(s) dict_keys(['example_task_group']) retrieved from /home/airflow/.local/lib/python3.6/site-packages/airflow/example_dags/example_task_group.py
[2021-07-14 19:10:59,206] {logging_mixin.py:104} INFO - [2021-07-14 19:10:59,206] {dag.py:1833} INFO - Sync 1 DAGs
[2021-07-14 19:10:59,227] {logging_mixin.py:104} INFO - [2021-07-14 19:10:59,226] {dag.py:2306} INFO - Setting next_dagrun for example_task_group to 2021-07-12 00:00:00+00:00
[2021-07-14 19:10:59,240] {scheduler_job.py:190} INFO - Processing /home/airflow/.local/lib/python3.6/site-packages/airflow/example_dags/example_task_group.py took 0.089 seconds
[2021-07-14 19:11:29,686] {scheduler_job.py:182} INFO - Started process (PID=329) to work on /home/airflow/.local/lib/python3.6/site-packages/airflow/example_dags/example_task_group.py
[2021-07-14 19:11:29,696] {scheduler_job.py:633} INFO - Processing file /home/airflow/.local/lib/python3.6/site-packages/airflow/example_dags/example_task_group.py for tasks to queue
[2021-07-14 19:11:29,697] {logging_mixin.py:104} INFO - [2021-07-14 19:11:29,697] {dagbag.py:496} INFO - Filling up the DagBag from /home/airflow/.local/lib/python3.6/site-packages/airflow/example_dags/example_task_group.py
[2021-07-14 19:11:29,725] {scheduler_job.py:643} INFO - DAG(s) dict_keys(['example_task_group']) retrieved from /home/airflow/.local/lib/python3.6/site-packages/airflow/example_dags/example_task_group.py
[2021-07-14 19:11:29,762] {logging_mixin.py:104} INFO - [2021-07-14 19:11:29,762] {dag.py:1833} INFO - Sync 1 DAGs
[2021-07-14 19:11:29,798] {logging_mixin.py:104} INFO - [2021-07-14 19:11:29,797] {dag.py:2306} INFO - Setting next_dagrun for example_task_group to 2021-07-12 00:00:00+00:00
[2021-07-14 19:11:29,818] {scheduler_job.py:190} INFO - Processing /home/airflow/.local/lib/python3.6/site-packages/airflow/example_dags/example_task_group.py took 0.137 seconds
[2021-07-14 19:12:00,377] {scheduler_job.py:182} INFO - Started process (PID=393) to work on /home/airflow/.local/lib/python3.6/site-packages/airflow/example_dags/example_task_group.py
[2021-07-14 19:12:00,379] {scheduler_job.py:633} INFO - Processing file /home/airflow/.local/lib/python3.6/site-packages/airflow/example_dags/example_task_group.py for tasks to queue
[2021-07-14 19:12:00,380] {logging_mixin.py:104} INFO - [2021-07-14 19:12:00,380] {dagbag.py:496} INFO - Filling up the DagBag from /home/airflow/.local/lib/python3.6/site-packages/airflow/example_dags/example_task_group.py
[2021-07-14 19:12:00,402] {scheduler_job.py:643} INFO - DAG(s) dict_keys(['example_task_group']) retrieved from /home/airflow/.local/lib/python3.6/site-packages/airflow/example_dags/example_task_group.py
[2021-07-14 19:12:00,429] {logging_mixin.py:104} INFO - [2021-07-14 19:12:00,429] {dag.py:1833} INFO - Sync 1 DAGs
[2021-07-14 19:12:00,448] {logging_mixin.py:104} INFO - [2021-07-14 19:12:00,448] {dag.py:2306} INFO - Setting next_dagrun for example_task_group to 2021-07-12 00:00:00+00:00
[2021-07-14 19:12:00,464] {scheduler_job.py:190} INFO - Processing /home/airflow/.local/lib/python3.6/site-packages/airflow/example_dags/example_task_group.py took 0.089 seconds
[2021-07-14 19:12:31,076] {scheduler_job.py:182} INFO - Started process (PID=446) to work on /home/airflow/.local/lib/python3.6/site-packages/airflow/example_dags/example_task_group.py
[2021-07-14 19:12:31,077] {scheduler_job.py:633} INFO - Processing file /home/airflow/.local/lib/python3.6/site-packages/airflow/example_dags/example_task_group.py for tasks to queue
[2021-07-14 19:12:31,078] {logging_mixin.py:104} INFO - [2021-07-14 19:12:31,078] {dagbag.py:496} INFO - Filling up the DagBag from /home/airflow/.local/lib/python3.6/site-packages/airflow/example_dags/example_task_group.py
[2021-07-14 19:12:31,097] {scheduler_job.py:643} INFO - DAG(s) dict_keys(['example_task_group']) retrieved from /home/airflow/.local/lib/python3.6/site-packages/airflow/example_dags/example_task_group.py
[2021-07-14 19:12:31,134] {logging_mixin.py:104} INFO - [2021-07-14 19:12:31,134] {dag.py:1833} INFO - Sync 1 DAGs
[2021-07-14 19:12:31,161] {logging_mixin.py:104} INFO - [2021-07-14 19:12:31,161] {dag.py:2306} INFO - Setting next_dagrun for example_task_group to 2021-07-12 00:00:00+00:00
[2021-07-14 19:12:31,179] {scheduler_job.py:190} INFO - Processing /home/airflow/.local/lib/python3.6/site-packages/airflow/example_dags/example_task_group.py took 0.106 seconds
[2021-07-14 19:57:42,885] {scheduler_job.py:182} INFO - Started process (PID=35) to work on /home/airflow/.local/lib/python3.6/site-packages/airflow/example_dags/example_task_group.py
[2021-07-14 19:57:42,887] {scheduler_job.py:633} INFO - Processing file /home/airflow/.local/lib/python3.6/site-packages/airflow/example_dags/example_task_group.py for tasks to queue
[2021-07-14 19:57:42,889] {logging_mixin.py:104} INFO - [2021-07-14 19:57:42,888] {dagbag.py:496} INFO - Filling up the DagBag from /home/airflow/.local/lib/python3.6/site-packages/airflow/example_dags/example_task_group.py
[2021-07-14 19:57:42,922] {scheduler_job.py:643} INFO - DAG(s) dict_keys(['example_task_group']) retrieved from /home/airflow/.local/lib/python3.6/site-packages/airflow/example_dags/example_task_group.py
[2021-07-14 19:57:42,962] {logging_mixin.py:104} INFO - [2021-07-14 19:57:42,962] {dag.py:1833} INFO - Sync 1 DAGs
[2021-07-14 19:57:42,987] {logging_mixin.py:104} INFO - [2021-07-14 19:57:42,987] {dag.py:2306} INFO - Setting next_dagrun for example_task_group to 2021-07-12 00:00:00+00:00
[2021-07-14 19:57:43,003] {scheduler_job.py:190} INFO - Processing /home/airflow/.local/lib/python3.6/site-packages/airflow/example_dags/example_task_group.py took 0.123 seconds
[2021-07-14 19:58:13,729] {scheduler_job.py:182} INFO - Started process (PID=94) to work on /home/airflow/.local/lib/python3.6/site-packages/airflow/example_dags/example_task_group.py
[2021-07-14 19:58:13,731] {scheduler_job.py:633} INFO - Processing file /home/airflow/.local/lib/python3.6/site-packages/airflow/example_dags/example_task_group.py for tasks to queue
[2021-07-14 19:58:13,732] {logging_mixin.py:104} INFO - [2021-07-14 19:58:13,732] {dagbag.py:496} INFO - Filling up the DagBag from /home/airflow/.local/lib/python3.6/site-packages/airflow/example_dags/example_task_group.py
[2021-07-14 19:58:13,764] {scheduler_job.py:643} INFO - DAG(s) dict_keys(['example_task_group']) retrieved from /home/airflow/.local/lib/python3.6/site-packages/airflow/example_dags/example_task_group.py
[2021-07-14 19:58:13,801] {logging_mixin.py:104} INFO - [2021-07-14 19:58:13,801] {dag.py:1833} INFO - Sync 1 DAGs
[2021-07-14 19:58:13,832] {logging_mixin.py:104} INFO - [2021-07-14 19:58:13,832] {dag.py:2306} INFO - Setting next_dagrun for example_task_group to 2021-07-12 00:00:00+00:00
[2021-07-14 19:58:13,851] {scheduler_job.py:190} INFO - Processing /home/airflow/.local/lib/python3.6/site-packages/airflow/example_dags/example_task_group.py took 0.125 seconds
[2021-07-14 19:58:44,317] {scheduler_job.py:182} INFO - Started process (PID=153) to work on /home/airflow/.local/lib/python3.6/site-packages/airflow/example_dags/example_task_group.py
[2021-07-14 19:58:44,318] {scheduler_job.py:633} INFO - Processing file /home/airflow/.local/lib/python3.6/site-packages/airflow/example_dags/example_task_group.py for tasks to queue
[2021-07-14 19:58:44,319] {logging_mixin.py:104} INFO - [2021-07-14 19:58:44,319] {dagbag.py:496} INFO - Filling up the DagBag from /home/airflow/.local/lib/python3.6/site-packages/airflow/example_dags/example_task_group.py
[2021-07-14 19:58:44,340] {scheduler_job.py:643} INFO - DAG(s) dict_keys(['example_task_group']) retrieved from /home/airflow/.local/lib/python3.6/site-packages/airflow/example_dags/example_task_group.py
[2021-07-14 19:58:44,362] {logging_mixin.py:104} INFO - [2021-07-14 19:58:44,362] {dag.py:1833} INFO - Sync 1 DAGs
[2021-07-14 19:58:44,379] {logging_mixin.py:104} INFO - [2021-07-14 19:58:44,379] {dag.py:2306} INFO - Setting next_dagrun for example_task_group to 2021-07-12 00:00:00+00:00
[2021-07-14 19:58:44,391] {scheduler_job.py:190} INFO - Processing /home/airflow/.local/lib/python3.6/site-packages/airflow/example_dags/example_task_group.py took 0.077 seconds
[2021-07-14 19:59:15,236] {scheduler_job.py:182} INFO - Started process (PID=218) to work on /home/airflow/.local/lib/python3.6/site-packages/airflow/example_dags/example_task_group.py
[2021-07-14 19:59:15,237] {scheduler_job.py:633} INFO - Processing file /home/airflow/.local/lib/python3.6/site-packages/airflow/example_dags/example_task_group.py for tasks to queue
[2021-07-14 19:59:15,238] {logging_mixin.py:104} INFO - [2021-07-14 19:59:15,238] {dagbag.py:496} INFO - Filling up the DagBag from /home/airflow/.local/lib/python3.6/site-packages/airflow/example_dags/example_task_group.py
[2021-07-14 19:59:15,266] {scheduler_job.py:643} INFO - DAG(s) dict_keys(['example_task_group']) retrieved from /home/airflow/.local/lib/python3.6/site-packages/airflow/example_dags/example_task_group.py
[2021-07-14 19:59:15,297] {logging_mixin.py:104} INFO - [2021-07-14 19:59:15,297] {dag.py:1833} INFO - Sync 1 DAGs
[2021-07-14 19:59:15,320] {logging_mixin.py:104} INFO - [2021-07-14 19:59:15,320] {dag.py:2306} INFO - Setting next_dagrun for example_task_group to 2021-07-12 00:00:00+00:00
[2021-07-14 19:59:15,336] {scheduler_job.py:190} INFO - Processing /home/airflow/.local/lib/python3.6/site-packages/airflow/example_dags/example_task_group.py took 0.104 seconds
[2021-07-14 19:59:45,960] {scheduler_job.py:182} INFO - Started process (PID=272) to work on /home/airflow/.local/lib/python3.6/site-packages/airflow/example_dags/example_task_group.py
[2021-07-14 19:59:45,962] {scheduler_job.py:633} INFO - Processing file /home/airflow/.local/lib/python3.6/site-packages/airflow/example_dags/example_task_group.py for tasks to queue
[2021-07-14 19:59:45,963] {logging_mixin.py:104} INFO - [2021-07-14 19:59:45,963] {dagbag.py:496} INFO - Filling up the DagBag from /home/airflow/.local/lib/python3.6/site-packages/airflow/example_dags/example_task_group.py
[2021-07-14 19:59:45,988] {scheduler_job.py:643} INFO - DAG(s) dict_keys(['example_task_group']) retrieved from /home/airflow/.local/lib/python3.6/site-packages/airflow/example_dags/example_task_group.py
[2021-07-14 19:59:46,019] {logging_mixin.py:104} INFO - [2021-07-14 19:59:46,019] {dag.py:1833} INFO - Sync 1 DAGs
[2021-07-14 19:59:46,039] {logging_mixin.py:104} INFO - [2021-07-14 19:59:46,039] {dag.py:2306} INFO - Setting next_dagrun for example_task_group to 2021-07-12 00:00:00+00:00
[2021-07-14 19:59:46,053] {scheduler_job.py:190} INFO - Processing /home/airflow/.local/lib/python3.6/site-packages/airflow/example_dags/example_task_group.py took 0.096 seconds
[2021-07-14 20:00:16,679] {scheduler_job.py:182} INFO - Started process (PID=335) to work on /home/airflow/.local/lib/python3.6/site-packages/airflow/example_dags/example_task_group.py
[2021-07-14 20:00:16,686] {scheduler_job.py:633} INFO - Processing file /home/airflow/.local/lib/python3.6/site-packages/airflow/example_dags/example_task_group.py for tasks to queue
[2021-07-14 20:00:16,686] {logging_mixin.py:104} INFO - [2021-07-14 20:00:16,686] {dagbag.py:496} INFO - Filling up the DagBag from /home/airflow/.local/lib/python3.6/site-packages/airflow/example_dags/example_task_group.py
[2021-07-14 20:00:16,704] {scheduler_job.py:643} INFO - DAG(s) dict_keys(['example_task_group']) retrieved from /home/airflow/.local/lib/python3.6/site-packages/airflow/example_dags/example_task_group.py
[2021-07-14 20:00:16,733] {logging_mixin.py:104} INFO - [2021-07-14 20:00:16,733] {dag.py:1833} INFO - Sync 1 DAGs
[2021-07-14 20:00:16,753] {logging_mixin.py:104} INFO - [2021-07-14 20:00:16,753] {dag.py:2306} INFO - Setting next_dagrun for example_task_group to 2021-07-12 00:00:00+00:00
[2021-07-14 20:00:16,766] {scheduler_job.py:190} INFO - Processing /home/airflow/.local/lib/python3.6/site-packages/airflow/example_dags/example_task_group.py took 0.090 seconds
[2021-07-14 20:00:46,970] {scheduler_job.py:182} INFO - Started process (PID=388) to work on /home/airflow/.local/lib/python3.6/site-packages/airflow/example_dags/example_task_group.py
[2021-07-14 20:00:46,971] {scheduler_job.py:633} INFO - Processing file /home/airflow/.local/lib/python3.6/site-packages/airflow/example_dags/example_task_group.py for tasks to queue
[2021-07-14 20:00:46,971] {logging_mixin.py:104} INFO - [2021-07-14 20:00:46,971] {dagbag.py:496} INFO - Filling up the DagBag from /home/airflow/.local/lib/python3.6/site-packages/airflow/example_dags/example_task_group.py
[2021-07-14 20:00:46,986] {scheduler_job.py:643} INFO - DAG(s) dict_keys(['example_task_group']) retrieved from /home/airflow/.local/lib/python3.6/site-packages/airflow/example_dags/example_task_group.py
[2021-07-14 20:00:47,007] {logging_mixin.py:104} INFO - [2021-07-14 20:00:47,007] {dag.py:1833} INFO - Sync 1 DAGs
[2021-07-14 20:00:47,024] {logging_mixin.py:104} INFO - [2021-07-14 20:00:47,024] {dag.py:2306} INFO - Setting next_dagrun for example_task_group to 2021-07-12 00:00:00+00:00
[2021-07-14 20:00:47,037] {scheduler_job.py:190} INFO - Processing /home/airflow/.local/lib/python3.6/site-packages/airflow/example_dags/example_task_group.py took 0.069 seconds
[2021-07-14 20:01:17,203] {scheduler_job.py:182} INFO - Started process (PID=450) to work on /home/airflow/.local/lib/python3.6/site-packages/airflow/example_dags/example_task_group.py
[2021-07-14 20:01:17,204] {scheduler_job.py:633} INFO - Processing file /home/airflow/.local/lib/python3.6/site-packages/airflow/example_dags/example_task_group.py for tasks to queue
[2021-07-14 20:01:17,204] {logging_mixin.py:104} INFO - [2021-07-14 20:01:17,204] {dagbag.py:496} INFO - Filling up the DagBag from /home/airflow/.local/lib/python3.6/site-packages/airflow/example_dags/example_task_group.py
[2021-07-14 20:01:17,221] {scheduler_job.py:643} INFO - DAG(s) dict_keys(['example_task_group']) retrieved from /home/airflow/.local/lib/python3.6/site-packages/airflow/example_dags/example_task_group.py
[2021-07-14 20:01:17,246] {logging_mixin.py:104} INFO - [2021-07-14 20:01:17,246] {dag.py:1833} INFO - Sync 1 DAGs
[2021-07-14 20:01:17,266] {logging_mixin.py:104} INFO - [2021-07-14 20:01:17,266] {dag.py:2306} INFO - Setting next_dagrun for example_task_group to 2021-07-12 00:00:00+00:00
[2021-07-14 20:01:17,278] {scheduler_job.py:190} INFO - Processing /home/airflow/.local/lib/python3.6/site-packages/airflow/example_dags/example_task_group.py took 0.078 seconds
[2021-07-14 20:01:47,776] {scheduler_job.py:182} INFO - Started process (PID=504) to work on /home/airflow/.local/lib/python3.6/site-packages/airflow/example_dags/example_task_group.py
[2021-07-14 20:01:47,777] {scheduler_job.py:633} INFO - Processing file /home/airflow/.local/lib/python3.6/site-packages/airflow/example_dags/example_task_group.py for tasks to queue
[2021-07-14 20:01:47,778] {logging_mixin.py:104} INFO - [2021-07-14 20:01:47,778] {dagbag.py:496} INFO - Filling up the DagBag from /home/airflow/.local/lib/python3.6/site-packages/airflow/example_dags/example_task_group.py
[2021-07-14 20:01:47,793] {scheduler_job.py:643} INFO - DAG(s) dict_keys(['example_task_group']) retrieved from /home/airflow/.local/lib/python3.6/site-packages/airflow/example_dags/example_task_group.py
[2021-07-14 20:01:47,816] {logging_mixin.py:104} INFO - [2021-07-14 20:01:47,816] {dag.py:1833} INFO - Sync 1 DAGs
[2021-07-14 20:01:47,834] {logging_mixin.py:104} INFO - [2021-07-14 20:01:47,834] {dag.py:2306} INFO - Setting next_dagrun for example_task_group to 2021-07-12 00:00:00+00:00
[2021-07-14 20:01:47,845] {scheduler_job.py:190} INFO - Processing /home/airflow/.local/lib/python3.6/site-packages/airflow/example_dags/example_task_group.py took 0.072 seconds
[2021-07-14 20:02:18,099] {scheduler_job.py:182} INFO - Started process (PID=572) to work on /home/airflow/.local/lib/python3.6/site-packages/airflow/example_dags/example_task_group.py
[2021-07-14 20:02:18,100] {scheduler_job.py:633} INFO - Processing file /home/airflow/.local/lib/python3.6/site-packages/airflow/example_dags/example_task_group.py for tasks to queue
[2021-07-14 20:02:18,101] {logging_mixin.py:104} INFO - [2021-07-14 20:02:18,101] {dagbag.py:496} INFO - Filling up the DagBag from /home/airflow/.local/lib/python3.6/site-packages/airflow/example_dags/example_task_group.py
[2021-07-14 20:02:18,116] {scheduler_job.py:643} INFO - DAG(s) dict_keys(['example_task_group']) retrieved from /home/airflow/.local/lib/python3.6/site-packages/airflow/example_dags/example_task_group.py
[2021-07-14 20:02:18,138] {logging_mixin.py:104} INFO - [2021-07-14 20:02:18,138] {dag.py:1833} INFO - Sync 1 DAGs
[2021-07-14 20:02:18,155] {logging_mixin.py:104} INFO - [2021-07-14 20:02:18,155] {dag.py:2306} INFO - Setting next_dagrun for example_task_group to 2021-07-12 00:00:00+00:00
[2021-07-14 20:02:18,166] {scheduler_job.py:190} INFO - Processing /home/airflow/.local/lib/python3.6/site-packages/airflow/example_dags/example_task_group.py took 0.070 seconds
[2021-07-14 20:02:49,095] {scheduler_job.py:182} INFO - Started process (PID=626) to work on /home/airflow/.local/lib/python3.6/site-packages/airflow/example_dags/example_task_group.py
[2021-07-14 20:02:49,097] {scheduler_job.py:633} INFO - Processing file /home/airflow/.local/lib/python3.6/site-packages/airflow/example_dags/example_task_group.py for tasks to queue
[2021-07-14 20:02:49,098] {logging_mixin.py:104} INFO - [2021-07-14 20:02:49,098] {dagbag.py:496} INFO - Filling up the DagBag from /home/airflow/.local/lib/python3.6/site-packages/airflow/example_dags/example_task_group.py
[2021-07-14 20:02:49,121] {scheduler_job.py:643} INFO - DAG(s) dict_keys(['example_task_group']) retrieved from /home/airflow/.local/lib/python3.6/site-packages/airflow/example_dags/example_task_group.py
[2021-07-14 20:02:49,158] {logging_mixin.py:104} INFO - [2021-07-14 20:02:49,158] {dag.py:1833} INFO - Sync 1 DAGs
[2021-07-14 20:02:49,185] {logging_mixin.py:104} INFO - [2021-07-14 20:02:49,184] {dag.py:2306} INFO - Setting next_dagrun for example_task_group to 2021-07-12 00:00:00+00:00
[2021-07-14 20:02:49,201] {scheduler_job.py:190} INFO - Processing /home/airflow/.local/lib/python3.6/site-packages/airflow/example_dags/example_task_group.py took 0.111 seconds
[2021-07-14 20:03:19,243] {scheduler_job.py:182} INFO - Started process (PID=690) to work on /home/airflow/.local/lib/python3.6/site-packages/airflow/example_dags/example_task_group.py
[2021-07-14 20:03:19,243] {scheduler_job.py:633} INFO - Processing file /home/airflow/.local/lib/python3.6/site-packages/airflow/example_dags/example_task_group.py for tasks to queue
[2021-07-14 20:03:19,244] {logging_mixin.py:104} INFO - [2021-07-14 20:03:19,244] {dagbag.py:496} INFO - Filling up the DagBag from /home/airflow/.local/lib/python3.6/site-packages/airflow/example_dags/example_task_group.py
[2021-07-14 20:03:19,262] {scheduler_job.py:643} INFO - DAG(s) dict_keys(['example_task_group']) retrieved from /home/airflow/.local/lib/python3.6/site-packages/airflow/example_dags/example_task_group.py
[2021-07-14 20:03:19,302] {logging_mixin.py:104} INFO - [2021-07-14 20:03:19,302] {dag.py:1833} INFO - Sync 1 DAGs
[2021-07-14 20:03:19,320] {logging_mixin.py:104} INFO - [2021-07-14 20:03:19,320] {dag.py:2306} INFO - Setting next_dagrun for example_task_group to 2021-07-12 00:00:00+00:00
[2021-07-14 20:03:19,333] {scheduler_job.py:190} INFO - Processing /home/airflow/.local/lib/python3.6/site-packages/airflow/example_dags/example_task_group.py took 0.093 seconds
[2021-07-14 20:03:49,721] {scheduler_job.py:182} INFO - Started process (PID=743) to work on /home/airflow/.local/lib/python3.6/site-packages/airflow/example_dags/example_task_group.py
[2021-07-14 20:03:49,723] {scheduler_job.py:633} INFO - Processing file /home/airflow/.local/lib/python3.6/site-packages/airflow/example_dags/example_task_group.py for tasks to queue
[2021-07-14 20:03:49,724] {logging_mixin.py:104} INFO - [2021-07-14 20:03:49,724] {dagbag.py:496} INFO - Filling up the DagBag from /home/airflow/.local/lib/python3.6/site-packages/airflow/example_dags/example_task_group.py
[2021-07-14 20:03:49,746] {scheduler_job.py:643} INFO - DAG(s) dict_keys(['example_task_group']) retrieved from /home/airflow/.local/lib/python3.6/site-packages/airflow/example_dags/example_task_group.py
[2021-07-14 20:03:49,783] {logging_mixin.py:104} INFO - [2021-07-14 20:03:49,782] {dag.py:1833} INFO - Sync 1 DAGs
[2021-07-14 20:03:49,809] {logging_mixin.py:104} INFO - [2021-07-14 20:03:49,809] {dag.py:2306} INFO - Setting next_dagrun for example_task_group to 2021-07-12 00:00:00+00:00
[2021-07-14 20:03:49,824] {scheduler_job.py:190} INFO - Processing /home/airflow/.local/lib/python3.6/site-packages/airflow/example_dags/example_task_group.py took 0.107 seconds
[2021-07-14 20:04:20,076] {scheduler_job.py:182} INFO - Started process (PID=808) to work on /home/airflow/.local/lib/python3.6/site-packages/airflow/example_dags/example_task_group.py
[2021-07-14 20:04:20,077] {scheduler_job.py:633} INFO - Processing file /home/airflow/.local/lib/python3.6/site-packages/airflow/example_dags/example_task_group.py for tasks to queue
[2021-07-14 20:04:20,077] {logging_mixin.py:104} INFO - [2021-07-14 20:04:20,077] {dagbag.py:496} INFO - Filling up the DagBag from /home/airflow/.local/lib/python3.6/site-packages/airflow/example_dags/example_task_group.py
[2021-07-14 20:04:20,097] {scheduler_job.py:643} INFO - DAG(s) dict_keys(['example_task_group']) retrieved from /home/airflow/.local/lib/python3.6/site-packages/airflow/example_dags/example_task_group.py
[2021-07-14 20:04:20,121] {logging_mixin.py:104} INFO - [2021-07-14 20:04:20,120] {dag.py:1833} INFO - Sync 1 DAGs
[2021-07-14 20:04:20,142] {logging_mixin.py:104} INFO - [2021-07-14 20:04:20,142] {dag.py:2306} INFO - Setting next_dagrun for example_task_group to 2021-07-12 00:00:00+00:00
[2021-07-14 20:04:20,154] {scheduler_job.py:190} INFO - Processing /home/airflow/.local/lib/python3.6/site-packages/airflow/example_dags/example_task_group.py took 0.082 seconds
[2021-07-14 20:04:50,395] {scheduler_job.py:182} INFO - Started process (PID=863) to work on /home/airflow/.local/lib/python3.6/site-packages/airflow/example_dags/example_task_group.py
[2021-07-14 20:04:50,397] {scheduler_job.py:633} INFO - Processing file /home/airflow/.local/lib/python3.6/site-packages/airflow/example_dags/example_task_group.py for tasks to queue
[2021-07-14 20:04:50,398] {logging_mixin.py:104} INFO - [2021-07-14 20:04:50,397] {dagbag.py:496} INFO - Filling up the DagBag from /home/airflow/.local/lib/python3.6/site-packages/airflow/example_dags/example_task_group.py
[2021-07-14 20:04:50,416] {scheduler_job.py:643} INFO - DAG(s) dict_keys(['example_task_group']) retrieved from /home/airflow/.local/lib/python3.6/site-packages/airflow/example_dags/example_task_group.py
[2021-07-14 20:04:50,443] {logging_mixin.py:104} INFO - [2021-07-14 20:04:50,443] {dag.py:1833} INFO - Sync 1 DAGs
[2021-07-14 20:04:50,461] {logging_mixin.py:104} INFO - [2021-07-14 20:04:50,461] {dag.py:2306} INFO - Setting next_dagrun for example_task_group to 2021-07-12 00:00:00+00:00
[2021-07-14 20:04:50,475] {scheduler_job.py:190} INFO - Processing /home/airflow/.local/lib/python3.6/site-packages/airflow/example_dags/example_task_group.py took 0.083 seconds
[2021-07-14 20:05:20,776] {scheduler_job.py:182} INFO - Started process (PID=928) to work on /home/airflow/.local/lib/python3.6/site-packages/airflow/example_dags/example_task_group.py
[2021-07-14 20:05:20,777] {scheduler_job.py:633} INFO - Processing file /home/airflow/.local/lib/python3.6/site-packages/airflow/example_dags/example_task_group.py for tasks to queue
[2021-07-14 20:05:20,778] {logging_mixin.py:104} INFO - [2021-07-14 20:05:20,778] {dagbag.py:496} INFO - Filling up the DagBag from /home/airflow/.local/lib/python3.6/site-packages/airflow/example_dags/example_task_group.py
[2021-07-14 20:05:20,798] {scheduler_job.py:643} INFO - DAG(s) dict_keys(['example_task_group']) retrieved from /home/airflow/.local/lib/python3.6/site-packages/airflow/example_dags/example_task_group.py
[2021-07-14 20:05:20,833] {logging_mixin.py:104} INFO - [2021-07-14 20:05:20,833] {dag.py:1833} INFO - Sync 1 DAGs
[2021-07-14 20:05:20,857] {logging_mixin.py:104} INFO - [2021-07-14 20:05:20,857] {dag.py:2306} INFO - Setting next_dagrun for example_task_group to 2021-07-12 00:00:00+00:00
[2021-07-14 20:05:20,873] {scheduler_job.py:190} INFO - Processing /home/airflow/.local/lib/python3.6/site-packages/airflow/example_dags/example_task_group.py took 0.101 seconds
[2021-07-14 20:05:50,919] {scheduler_job.py:182} INFO - Started process (PID=982) to work on /home/airflow/.local/lib/python3.6/site-packages/airflow/example_dags/example_task_group.py
[2021-07-14 20:05:50,920] {scheduler_job.py:633} INFO - Processing file /home/airflow/.local/lib/python3.6/site-packages/airflow/example_dags/example_task_group.py for tasks to queue
[2021-07-14 20:05:50,921] {logging_mixin.py:104} INFO - [2021-07-14 20:05:50,921] {dagbag.py:496} INFO - Filling up the DagBag from /home/airflow/.local/lib/python3.6/site-packages/airflow/example_dags/example_task_group.py
[2021-07-14 20:05:50,935] {scheduler_job.py:643} INFO - DAG(s) dict_keys(['example_task_group']) retrieved from /home/airflow/.local/lib/python3.6/site-packages/airflow/example_dags/example_task_group.py
[2021-07-14 20:05:50,957] {logging_mixin.py:104} INFO - [2021-07-14 20:05:50,956] {dag.py:1833} INFO - Sync 1 DAGs
[2021-07-14 20:05:50,973] {logging_mixin.py:104} INFO - [2021-07-14 20:05:50,973] {dag.py:2306} INFO - Setting next_dagrun for example_task_group to 2021-07-12 00:00:00+00:00
[2021-07-14 20:05:50,983] {scheduler_job.py:190} INFO - Processing /home/airflow/.local/lib/python3.6/site-packages/airflow/example_dags/example_task_group.py took 0.068 seconds
[2021-07-14 20:06:21,428] {scheduler_job.py:182} INFO - Started process (PID=1045) to work on /home/airflow/.local/lib/python3.6/site-packages/airflow/example_dags/example_task_group.py
[2021-07-14 20:06:21,429] {scheduler_job.py:633} INFO - Processing file /home/airflow/.local/lib/python3.6/site-packages/airflow/example_dags/example_task_group.py for tasks to queue
[2021-07-14 20:06:21,430] {logging_mixin.py:104} INFO - [2021-07-14 20:06:21,430] {dagbag.py:496} INFO - Filling up the DagBag from /home/airflow/.local/lib/python3.6/site-packages/airflow/example_dags/example_task_group.py
[2021-07-14 20:06:21,458] {scheduler_job.py:643} INFO - DAG(s) dict_keys(['example_task_group']) retrieved from /home/airflow/.local/lib/python3.6/site-packages/airflow/example_dags/example_task_group.py
[2021-07-14 20:06:21,519] {logging_mixin.py:104} INFO - [2021-07-14 20:06:21,518] {dag.py:1833} INFO - Sync 1 DAGs
[2021-07-14 20:06:21,543] {logging_mixin.py:104} INFO - [2021-07-14 20:06:21,543] {dag.py:2306} INFO - Setting next_dagrun for example_task_group to 2021-07-12 00:00:00+00:00
[2021-07-14 20:06:21,561] {scheduler_job.py:190} INFO - Processing /home/airflow/.local/lib/python3.6/site-packages/airflow/example_dags/example_task_group.py took 0.138 seconds
[2021-07-14 20:06:52,737] {scheduler_job.py:182} INFO - Started process (PID=1108) to work on /home/airflow/.local/lib/python3.6/site-packages/airflow/example_dags/example_task_group.py
[2021-07-14 20:06:52,739] {scheduler_job.py:633} INFO - Processing file /home/airflow/.local/lib/python3.6/site-packages/airflow/example_dags/example_task_group.py for tasks to queue
[2021-07-14 20:06:52,740] {logging_mixin.py:104} INFO - [2021-07-14 20:06:52,739] {dagbag.py:496} INFO - Filling up the DagBag from /home/airflow/.local/lib/python3.6/site-packages/airflow/example_dags/example_task_group.py
[2021-07-14 20:06:52,762] {scheduler_job.py:643} INFO - DAG(s) dict_keys(['example_task_group']) retrieved from /home/airflow/.local/lib/python3.6/site-packages/airflow/example_dags/example_task_group.py
[2021-07-14 20:06:52,790] {logging_mixin.py:104} INFO - [2021-07-14 20:06:52,790] {dag.py:1833} INFO - Sync 1 DAGs
[2021-07-14 20:06:52,811] {logging_mixin.py:104} INFO - [2021-07-14 20:06:52,811] {dag.py:2306} INFO - Setting next_dagrun for example_task_group to 2021-07-12 00:00:00+00:00
[2021-07-14 20:06:52,822] {scheduler_job.py:190} INFO - Processing /home/airflow/.local/lib/python3.6/site-packages/airflow/example_dags/example_task_group.py took 0.089 seconds
[2021-07-14 20:07:23,309] {scheduler_job.py:182} INFO - Started process (PID=1162) to work on /home/airflow/.local/lib/python3.6/site-packages/airflow/example_dags/example_task_group.py
[2021-07-14 20:07:23,310] {scheduler_job.py:633} INFO - Processing file /home/airflow/.local/lib/python3.6/site-packages/airflow/example_dags/example_task_group.py for tasks to queue
[2021-07-14 20:07:23,311] {logging_mixin.py:104} INFO - [2021-07-14 20:07:23,311] {dagbag.py:496} INFO - Filling up the DagBag from /home/airflow/.local/lib/python3.6/site-packages/airflow/example_dags/example_task_group.py
[2021-07-14 20:07:23,332] {scheduler_job.py:643} INFO - DAG(s) dict_keys(['example_task_group']) retrieved from /home/airflow/.local/lib/python3.6/site-packages/airflow/example_dags/example_task_group.py
[2021-07-14 20:07:23,385] {logging_mixin.py:104} INFO - [2021-07-14 20:07:23,385] {dag.py:1833} INFO - Sync 1 DAGs
[2021-07-14 20:07:23,417] {logging_mixin.py:104} INFO - [2021-07-14 20:07:23,416] {dag.py:2306} INFO - Setting next_dagrun for example_task_group to 2021-07-12 00:00:00+00:00
[2021-07-14 20:07:23,434] {scheduler_job.py:190} INFO - Processing /home/airflow/.local/lib/python3.6/site-packages/airflow/example_dags/example_task_group.py took 0.129 seconds
[2021-07-14 20:07:53,974] {scheduler_job.py:182} INFO - Started process (PID=1226) to work on /home/airflow/.local/lib/python3.6/site-packages/airflow/example_dags/example_task_group.py
[2021-07-14 20:07:53,975] {scheduler_job.py:633} INFO - Processing file /home/airflow/.local/lib/python3.6/site-packages/airflow/example_dags/example_task_group.py for tasks to queue
[2021-07-14 20:07:53,975] {logging_mixin.py:104} INFO - [2021-07-14 20:07:53,975] {dagbag.py:496} INFO - Filling up the DagBag from /home/airflow/.local/lib/python3.6/site-packages/airflow/example_dags/example_task_group.py
[2021-07-14 20:07:53,992] {scheduler_job.py:643} INFO - DAG(s) dict_keys(['example_task_group']) retrieved from /home/airflow/.local/lib/python3.6/site-packages/airflow/example_dags/example_task_group.py
[2021-07-14 20:07:54,016] {logging_mixin.py:104} INFO - [2021-07-14 20:07:54,016] {dag.py:1833} INFO - Sync 1 DAGs
[2021-07-14 20:07:54,036] {logging_mixin.py:104} INFO - [2021-07-14 20:07:54,036] {dag.py:2306} INFO - Setting next_dagrun for example_task_group to 2021-07-12 00:00:00+00:00
[2021-07-14 20:07:54,048] {scheduler_job.py:190} INFO - Processing /home/airflow/.local/lib/python3.6/site-packages/airflow/example_dags/example_task_group.py took 0.078 seconds
[2021-07-14 20:08:24,417] {scheduler_job.py:182} INFO - Started process (PID=1281) to work on /home/airflow/.local/lib/python3.6/site-packages/airflow/example_dags/example_task_group.py
[2021-07-14 20:08:24,418] {scheduler_job.py:633} INFO - Processing file /home/airflow/.local/lib/python3.6/site-packages/airflow/example_dags/example_task_group.py for tasks to queue
[2021-07-14 20:08:24,419] {logging_mixin.py:104} INFO - [2021-07-14 20:08:24,418] {dagbag.py:496} INFO - Filling up the DagBag from /home/airflow/.local/lib/python3.6/site-packages/airflow/example_dags/example_task_group.py
[2021-07-14 20:08:24,434] {scheduler_job.py:643} INFO - DAG(s) dict_keys(['example_task_group']) retrieved from /home/airflow/.local/lib/python3.6/site-packages/airflow/example_dags/example_task_group.py
[2021-07-14 20:08:24,455] {logging_mixin.py:104} INFO - [2021-07-14 20:08:24,455] {dag.py:1833} INFO - Sync 1 DAGs
[2021-07-14 20:08:24,472] {logging_mixin.py:104} INFO - [2021-07-14 20:08:24,472] {dag.py:2306} INFO - Setting next_dagrun for example_task_group to 2021-07-12 00:00:00+00:00
[2021-07-14 20:08:24,484] {scheduler_job.py:190} INFO - Processing /home/airflow/.local/lib/python3.6/site-packages/airflow/example_dags/example_task_group.py took 0.070 seconds
[2021-07-14 20:08:54,980] {scheduler_job.py:182} INFO - Started process (PID=1344) to work on /home/airflow/.local/lib/python3.6/site-packages/airflow/example_dags/example_task_group.py
[2021-07-14 20:08:54,981] {scheduler_job.py:633} INFO - Processing file /home/airflow/.local/lib/python3.6/site-packages/airflow/example_dags/example_task_group.py for tasks to queue
[2021-07-14 20:08:54,983] {logging_mixin.py:104} INFO - [2021-07-14 20:08:54,982] {dagbag.py:496} INFO - Filling up the DagBag from /home/airflow/.local/lib/python3.6/site-packages/airflow/example_dags/example_task_group.py
[2021-07-14 20:08:55,002] {scheduler_job.py:643} INFO - DAG(s) dict_keys(['example_task_group']) retrieved from /home/airflow/.local/lib/python3.6/site-packages/airflow/example_dags/example_task_group.py
[2021-07-14 20:08:55,030] {logging_mixin.py:104} INFO - [2021-07-14 20:08:55,030] {dag.py:1833} INFO - Sync 1 DAGs
[2021-07-14 20:08:55,055] {logging_mixin.py:104} INFO - [2021-07-14 20:08:55,055] {dag.py:2306} INFO - Setting next_dagrun for example_task_group to 2021-07-12 00:00:00+00:00
[2021-07-14 20:08:55,066] {scheduler_job.py:190} INFO - Processing /home/airflow/.local/lib/python3.6/site-packages/airflow/example_dags/example_task_group.py took 0.090 seconds
[2021-07-14 20:09:25,600] {scheduler_job.py:182} INFO - Started process (PID=1398) to work on /home/airflow/.local/lib/python3.6/site-packages/airflow/example_dags/example_task_group.py
[2021-07-14 20:09:25,601] {scheduler_job.py:633} INFO - Processing file /home/airflow/.local/lib/python3.6/site-packages/airflow/example_dags/example_task_group.py for tasks to queue
[2021-07-14 20:09:25,601] {logging_mixin.py:104} INFO - [2021-07-14 20:09:25,601] {dagbag.py:496} INFO - Filling up the DagBag from /home/airflow/.local/lib/python3.6/site-packages/airflow/example_dags/example_task_group.py
[2021-07-14 20:09:25,617] {scheduler_job.py:643} INFO - DAG(s) dict_keys(['example_task_group']) retrieved from /home/airflow/.local/lib/python3.6/site-packages/airflow/example_dags/example_task_group.py
[2021-07-14 20:09:25,644] {logging_mixin.py:104} INFO - [2021-07-14 20:09:25,644] {dag.py:1833} INFO - Sync 1 DAGs
[2021-07-14 20:09:25,666] {logging_mixin.py:104} INFO - [2021-07-14 20:09:25,666] {dag.py:2306} INFO - Setting next_dagrun for example_task_group to 2021-07-12 00:00:00+00:00
[2021-07-14 20:09:25,677] {scheduler_job.py:190} INFO - Processing /home/airflow/.local/lib/python3.6/site-packages/airflow/example_dags/example_task_group.py took 0.080 seconds
[2021-07-14 20:09:55,908] {scheduler_job.py:182} INFO - Started process (PID=1463) to work on /home/airflow/.local/lib/python3.6/site-packages/airflow/example_dags/example_task_group.py
[2021-07-14 20:09:55,910] {scheduler_job.py:633} INFO - Processing file /home/airflow/.local/lib/python3.6/site-packages/airflow/example_dags/example_task_group.py for tasks to queue
[2021-07-14 20:09:55,911] {logging_mixin.py:104} INFO - [2021-07-14 20:09:55,911] {dagbag.py:496} INFO - Filling up the DagBag from /home/airflow/.local/lib/python3.6/site-packages/airflow/example_dags/example_task_group.py
[2021-07-14 20:09:55,932] {scheduler_job.py:643} INFO - DAG(s) dict_keys(['example_task_group']) retrieved from /home/airflow/.local/lib/python3.6/site-packages/airflow/example_dags/example_task_group.py
[2021-07-14 20:09:55,955] {logging_mixin.py:104} INFO - [2021-07-14 20:09:55,954] {dag.py:1833} INFO - Sync 1 DAGs
[2021-07-14 20:09:55,973] {logging_mixin.py:104} INFO - [2021-07-14 20:09:55,972] {dag.py:2306} INFO - Setting next_dagrun for example_task_group to 2021-07-12 00:00:00+00:00
[2021-07-14 20:09:55,987] {scheduler_job.py:190} INFO - Processing /home/airflow/.local/lib/python3.6/site-packages/airflow/example_dags/example_task_group.py took 0.082 seconds
[2021-07-14 20:10:26,312] {scheduler_job.py:182} INFO - Started process (PID=1523) to work on /home/airflow/.local/lib/python3.6/site-packages/airflow/example_dags/example_task_group.py
[2021-07-14 20:10:26,313] {scheduler_job.py:633} INFO - Processing file /home/airflow/.local/lib/python3.6/site-packages/airflow/example_dags/example_task_group.py for tasks to queue
[2021-07-14 20:10:26,314] {logging_mixin.py:104} INFO - [2021-07-14 20:10:26,314] {dagbag.py:496} INFO - Filling up the DagBag from /home/airflow/.local/lib/python3.6/site-packages/airflow/example_dags/example_task_group.py
[2021-07-14 20:10:26,331] {scheduler_job.py:643} INFO - DAG(s) dict_keys(['example_task_group']) retrieved from /home/airflow/.local/lib/python3.6/site-packages/airflow/example_dags/example_task_group.py
[2021-07-14 20:10:26,360] {logging_mixin.py:104} INFO - [2021-07-14 20:10:26,359] {dag.py:1833} INFO - Sync 1 DAGs
[2021-07-14 20:10:26,384] {logging_mixin.py:104} INFO - [2021-07-14 20:10:26,383] {dag.py:2306} INFO - Setting next_dagrun for example_task_group to 2021-07-12 00:00:00+00:00
[2021-07-14 20:10:26,398] {scheduler_job.py:190} INFO - Processing /home/airflow/.local/lib/python3.6/site-packages/airflow/example_dags/example_task_group.py took 0.089 seconds
[2021-07-14 20:10:56,677] {scheduler_job.py:182} INFO - Started process (PID=1581) to work on /home/airflow/.local/lib/python3.6/site-packages/airflow/example_dags/example_task_group.py
[2021-07-14 20:10:56,678] {scheduler_job.py:633} INFO - Processing file /home/airflow/.local/lib/python3.6/site-packages/airflow/example_dags/example_task_group.py for tasks to queue
[2021-07-14 20:10:56,679] {logging_mixin.py:104} INFO - [2021-07-14 20:10:56,679] {dagbag.py:496} INFO - Filling up the DagBag from /home/airflow/.local/lib/python3.6/site-packages/airflow/example_dags/example_task_group.py
[2021-07-14 20:10:56,700] {scheduler_job.py:643} INFO - DAG(s) dict_keys(['example_task_group']) retrieved from /home/airflow/.local/lib/python3.6/site-packages/airflow/example_dags/example_task_group.py
[2021-07-14 20:10:56,731] {logging_mixin.py:104} INFO - [2021-07-14 20:10:56,731] {dag.py:1833} INFO - Sync 1 DAGs
[2021-07-14 20:10:56,755] {logging_mixin.py:104} INFO - [2021-07-14 20:10:56,755] {dag.py:2306} INFO - Setting next_dagrun for example_task_group to 2021-07-12 00:00:00+00:00
[2021-07-14 20:10:56,768] {scheduler_job.py:190} INFO - Processing /home/airflow/.local/lib/python3.6/site-packages/airflow/example_dags/example_task_group.py took 0.096 seconds
[2021-07-14 20:11:26,994] {scheduler_job.py:182} INFO - Started process (PID=1644) to work on /home/airflow/.local/lib/python3.6/site-packages/airflow/example_dags/example_task_group.py
[2021-07-14 20:11:26,996] {scheduler_job.py:633} INFO - Processing file /home/airflow/.local/lib/python3.6/site-packages/airflow/example_dags/example_task_group.py for tasks to queue
[2021-07-14 20:11:26,998] {logging_mixin.py:104} INFO - [2021-07-14 20:11:26,998] {dagbag.py:496} INFO - Filling up the DagBag from /home/airflow/.local/lib/python3.6/site-packages/airflow/example_dags/example_task_group.py
[2021-07-14 20:11:27,028] {scheduler_job.py:643} INFO - DAG(s) dict_keys(['example_task_group']) retrieved from /home/airflow/.local/lib/python3.6/site-packages/airflow/example_dags/example_task_group.py
[2021-07-14 20:11:27,076] {logging_mixin.py:104} INFO - [2021-07-14 20:11:27,075] {dag.py:1833} INFO - Sync 1 DAGs
[2021-07-14 20:11:27,099] {logging_mixin.py:104} INFO - [2021-07-14 20:11:27,099] {dag.py:2306} INFO - Setting next_dagrun for example_task_group to 2021-07-12 00:00:00+00:00
[2021-07-14 20:11:27,112] {scheduler_job.py:190} INFO - Processing /home/airflow/.local/lib/python3.6/site-packages/airflow/example_dags/example_task_group.py took 0.124 seconds
[2021-07-14 20:11:57,899] {scheduler_job.py:182} INFO - Started process (PID=1700) to work on /home/airflow/.local/lib/python3.6/site-packages/airflow/example_dags/example_task_group.py
[2021-07-14 20:11:57,901] {scheduler_job.py:633} INFO - Processing file /home/airflow/.local/lib/python3.6/site-packages/airflow/example_dags/example_task_group.py for tasks to queue
[2021-07-14 20:11:57,902] {logging_mixin.py:104} INFO - [2021-07-14 20:11:57,902] {dagbag.py:496} INFO - Filling up the DagBag from /home/airflow/.local/lib/python3.6/site-packages/airflow/example_dags/example_task_group.py
[2021-07-14 20:11:57,926] {scheduler_job.py:643} INFO - DAG(s) dict_keys(['example_task_group']) retrieved from /home/airflow/.local/lib/python3.6/site-packages/airflow/example_dags/example_task_group.py
[2021-07-14 20:11:57,954] {logging_mixin.py:104} INFO - [2021-07-14 20:11:57,954] {dag.py:1833} INFO - Sync 1 DAGs
[2021-07-14 20:11:57,971] {logging_mixin.py:104} INFO - [2021-07-14 20:11:57,971] {dag.py:2306} INFO - Setting next_dagrun for example_task_group to 2021-07-12 00:00:00+00:00
[2021-07-14 20:11:57,982] {scheduler_job.py:190} INFO - Processing /home/airflow/.local/lib/python3.6/site-packages/airflow/example_dags/example_task_group.py took 0.086 seconds
[2021-07-14 20:12:28,016] {scheduler_job.py:182} INFO - Started process (PID=1765) to work on /home/airflow/.local/lib/python3.6/site-packages/airflow/example_dags/example_task_group.py
[2021-07-14 20:12:28,017] {scheduler_job.py:633} INFO - Processing file /home/airflow/.local/lib/python3.6/site-packages/airflow/example_dags/example_task_group.py for tasks to queue
[2021-07-14 20:12:28,018] {logging_mixin.py:104} INFO - [2021-07-14 20:12:28,018] {dagbag.py:496} INFO - Filling up the DagBag from /home/airflow/.local/lib/python3.6/site-packages/airflow/example_dags/example_task_group.py
[2021-07-14 20:12:28,033] {scheduler_job.py:643} INFO - DAG(s) dict_keys(['example_task_group']) retrieved from /home/airflow/.local/lib/python3.6/site-packages/airflow/example_dags/example_task_group.py
[2021-07-14 20:12:28,055] {logging_mixin.py:104} INFO - [2021-07-14 20:12:28,055] {dag.py:1833} INFO - Sync 1 DAGs
[2021-07-14 20:12:28,072] {logging_mixin.py:104} INFO - [2021-07-14 20:12:28,072] {dag.py:2306} INFO - Setting next_dagrun for example_task_group to 2021-07-12 00:00:00+00:00
[2021-07-14 20:12:28,082] {scheduler_job.py:190} INFO - Processing /home/airflow/.local/lib/python3.6/site-packages/airflow/example_dags/example_task_group.py took 0.069 seconds
[2021-07-14 20:12:58,222] {scheduler_job.py:182} INFO - Started process (PID=1818) to work on /home/airflow/.local/lib/python3.6/site-packages/airflow/example_dags/example_task_group.py
[2021-07-14 20:12:58,223] {scheduler_job.py:633} INFO - Processing file /home/airflow/.local/lib/python3.6/site-packages/airflow/example_dags/example_task_group.py for tasks to queue
[2021-07-14 20:12:58,223] {logging_mixin.py:104} INFO - [2021-07-14 20:12:58,223] {dagbag.py:496} INFO - Filling up the DagBag from /home/airflow/.local/lib/python3.6/site-packages/airflow/example_dags/example_task_group.py
[2021-07-14 20:12:58,238] {scheduler_job.py:643} INFO - DAG(s) dict_keys(['example_task_group']) retrieved from /home/airflow/.local/lib/python3.6/site-packages/airflow/example_dags/example_task_group.py
[2021-07-14 20:12:58,263] {logging_mixin.py:104} INFO - [2021-07-14 20:12:58,262] {dag.py:1833} INFO - Sync 1 DAGs
[2021-07-14 20:12:58,286] {logging_mixin.py:104} INFO - [2021-07-14 20:12:58,286] {dag.py:2306} INFO - Setting next_dagrun for example_task_group to 2021-07-12 00:00:00+00:00
[2021-07-14 20:12:58,297] {scheduler_job.py:190} INFO - Processing /home/airflow/.local/lib/python3.6/site-packages/airflow/example_dags/example_task_group.py took 0.078 seconds
[2021-07-14 20:13:28,647] {scheduler_job.py:182} INFO - Started process (PID=1884) to work on /home/airflow/.local/lib/python3.6/site-packages/airflow/example_dags/example_task_group.py
[2021-07-14 20:13:28,648] {scheduler_job.py:633} INFO - Processing file /home/airflow/.local/lib/python3.6/site-packages/airflow/example_dags/example_task_group.py for tasks to queue
[2021-07-14 20:13:28,649] {logging_mixin.py:104} INFO - [2021-07-14 20:13:28,649] {dagbag.py:496} INFO - Filling up the DagBag from /home/airflow/.local/lib/python3.6/site-packages/airflow/example_dags/example_task_group.py
[2021-07-14 20:13:28,663] {scheduler_job.py:643} INFO - DAG(s) dict_keys(['example_task_group']) retrieved from /home/airflow/.local/lib/python3.6/site-packages/airflow/example_dags/example_task_group.py
[2021-07-14 20:13:28,687] {logging_mixin.py:104} INFO - [2021-07-14 20:13:28,687] {dag.py:1833} INFO - Sync 1 DAGs
[2021-07-14 20:13:28,710] {logging_mixin.py:104} INFO - [2021-07-14 20:13:28,710] {dag.py:2306} INFO - Setting next_dagrun for example_task_group to 2021-07-12 00:00:00+00:00
[2021-07-14 20:13:28,722] {scheduler_job.py:190} INFO - Processing /home/airflow/.local/lib/python3.6/site-packages/airflow/example_dags/example_task_group.py took 0.078 seconds
[2021-07-14 20:13:59,677] {scheduler_job.py:182} INFO - Started process (PID=1946) to work on /home/airflow/.local/lib/python3.6/site-packages/airflow/example_dags/example_task_group.py
[2021-07-14 20:13:59,679] {scheduler_job.py:633} INFO - Processing file /home/airflow/.local/lib/python3.6/site-packages/airflow/example_dags/example_task_group.py for tasks to queue
[2021-07-14 20:13:59,680] {logging_mixin.py:104} INFO - [2021-07-14 20:13:59,679] {dagbag.py:496} INFO - Filling up the DagBag from /home/airflow/.local/lib/python3.6/site-packages/airflow/example_dags/example_task_group.py
[2021-07-14 20:13:59,698] {scheduler_job.py:643} INFO - DAG(s) dict_keys(['example_task_group']) retrieved from /home/airflow/.local/lib/python3.6/site-packages/airflow/example_dags/example_task_group.py
[2021-07-14 20:13:59,723] {logging_mixin.py:104} INFO - [2021-07-14 20:13:59,723] {dag.py:1833} INFO - Sync 1 DAGs
[2021-07-14 20:13:59,741] {logging_mixin.py:104} INFO - [2021-07-14 20:13:59,741] {dag.py:2306} INFO - Setting next_dagrun for example_task_group to 2021-07-12 00:00:00+00:00
[2021-07-14 20:13:59,752] {scheduler_job.py:190} INFO - Processing /home/airflow/.local/lib/python3.6/site-packages/airflow/example_dags/example_task_group.py took 0.079 seconds
[2021-07-14 20:14:29,888] {scheduler_job.py:182} INFO - Started process (PID=2002) to work on /home/airflow/.local/lib/python3.6/site-packages/airflow/example_dags/example_task_group.py
[2021-07-14 20:14:29,890] {scheduler_job.py:633} INFO - Processing file /home/airflow/.local/lib/python3.6/site-packages/airflow/example_dags/example_task_group.py for tasks to queue
[2021-07-14 20:14:29,891] {logging_mixin.py:104} INFO - [2021-07-14 20:14:29,890] {dagbag.py:496} INFO - Filling up the DagBag from /home/airflow/.local/lib/python3.6/site-packages/airflow/example_dags/example_task_group.py
[2021-07-14 20:14:29,909] {scheduler_job.py:643} INFO - DAG(s) dict_keys(['example_task_group']) retrieved from /home/airflow/.local/lib/python3.6/site-packages/airflow/example_dags/example_task_group.py
[2021-07-14 20:14:29,935] {logging_mixin.py:104} INFO - [2021-07-14 20:14:29,935] {dag.py:1833} INFO - Sync 1 DAGs
[2021-07-14 20:14:29,954] {logging_mixin.py:104} INFO - [2021-07-14 20:14:29,954] {dag.py:2306} INFO - Setting next_dagrun for example_task_group to 2021-07-12 00:00:00+00:00
[2021-07-14 20:14:29,967] {scheduler_job.py:190} INFO - Processing /home/airflow/.local/lib/python3.6/site-packages/airflow/example_dags/example_task_group.py took 0.082 seconds
[2021-07-14 20:15:00,341] {scheduler_job.py:182} INFO - Started process (PID=2066) to work on /home/airflow/.local/lib/python3.6/site-packages/airflow/example_dags/example_task_group.py
[2021-07-14 20:15:00,343] {scheduler_job.py:633} INFO - Processing file /home/airflow/.local/lib/python3.6/site-packages/airflow/example_dags/example_task_group.py for tasks to queue
[2021-07-14 20:15:00,344] {logging_mixin.py:104} INFO - [2021-07-14 20:15:00,343] {dagbag.py:496} INFO - Filling up the DagBag from /home/airflow/.local/lib/python3.6/site-packages/airflow/example_dags/example_task_group.py
[2021-07-14 20:15:00,363] {scheduler_job.py:643} INFO - DAG(s) dict_keys(['example_task_group']) retrieved from /home/airflow/.local/lib/python3.6/site-packages/airflow/example_dags/example_task_group.py
[2021-07-14 20:15:00,387] {logging_mixin.py:104} INFO - [2021-07-14 20:15:00,387] {dag.py:1833} INFO - Sync 1 DAGs
[2021-07-14 20:15:00,405] {logging_mixin.py:104} INFO - [2021-07-14 20:15:00,405] {dag.py:2306} INFO - Setting next_dagrun for example_task_group to 2021-07-12 00:00:00+00:00
[2021-07-14 20:15:00,417] {scheduler_job.py:190} INFO - Processing /home/airflow/.local/lib/python3.6/site-packages/airflow/example_dags/example_task_group.py took 0.080 seconds
[2021-07-14 20:15:30,849] {scheduler_job.py:182} INFO - Started process (PID=2120) to work on /home/airflow/.local/lib/python3.6/site-packages/airflow/example_dags/example_task_group.py
[2021-07-14 20:15:30,851] {scheduler_job.py:633} INFO - Processing file /home/airflow/.local/lib/python3.6/site-packages/airflow/example_dags/example_task_group.py for tasks to queue
[2021-07-14 20:15:30,853] {logging_mixin.py:104} INFO - [2021-07-14 20:15:30,852] {dagbag.py:496} INFO - Filling up the DagBag from /home/airflow/.local/lib/python3.6/site-packages/airflow/example_dags/example_task_group.py
[2021-07-14 20:15:30,875] {scheduler_job.py:643} INFO - DAG(s) dict_keys(['example_task_group']) retrieved from /home/airflow/.local/lib/python3.6/site-packages/airflow/example_dags/example_task_group.py
[2021-07-14 20:15:30,911] {logging_mixin.py:104} INFO - [2021-07-14 20:15:30,910] {dag.py:1833} INFO - Sync 1 DAGs
[2021-07-14 20:15:30,938] {logging_mixin.py:104} INFO - [2021-07-14 20:15:30,937] {dag.py:2306} INFO - Setting next_dagrun for example_task_group to 2021-07-12 00:00:00+00:00
[2021-07-14 20:15:30,956] {scheduler_job.py:190} INFO - Processing /home/airflow/.local/lib/python3.6/site-packages/airflow/example_dags/example_task_group.py took 0.111 seconds
[2021-07-14 20:16:01,183] {scheduler_job.py:182} INFO - Started process (PID=2184) to work on /home/airflow/.local/lib/python3.6/site-packages/airflow/example_dags/example_task_group.py
[2021-07-14 20:16:01,184] {scheduler_job.py:633} INFO - Processing file /home/airflow/.local/lib/python3.6/site-packages/airflow/example_dags/example_task_group.py for tasks to queue
[2021-07-14 20:16:01,185] {logging_mixin.py:104} INFO - [2021-07-14 20:16:01,185] {dagbag.py:496} INFO - Filling up the DagBag from /home/airflow/.local/lib/python3.6/site-packages/airflow/example_dags/example_task_group.py
[2021-07-14 20:16:01,201] {scheduler_job.py:643} INFO - DAG(s) dict_keys(['example_task_group']) retrieved from /home/airflow/.local/lib/python3.6/site-packages/airflow/example_dags/example_task_group.py
[2021-07-14 20:16:01,224] {logging_mixin.py:104} INFO - [2021-07-14 20:16:01,224] {dag.py:1833} INFO - Sync 1 DAGs
[2021-07-14 20:16:01,245] {logging_mixin.py:104} INFO - [2021-07-14 20:16:01,245] {dag.py:2306} INFO - Setting next_dagrun for example_task_group to 2021-07-12 00:00:00+00:00
[2021-07-14 20:16:01,258] {scheduler_job.py:190} INFO - Processing /home/airflow/.local/lib/python3.6/site-packages/airflow/example_dags/example_task_group.py took 0.078 seconds
[2021-07-14 20:16:32,151] {scheduler_job.py:182} INFO - Started process (PID=2237) to work on /home/airflow/.local/lib/python3.6/site-packages/airflow/example_dags/example_task_group.py
[2021-07-14 20:16:32,153] {scheduler_job.py:633} INFO - Processing file /home/airflow/.local/lib/python3.6/site-packages/airflow/example_dags/example_task_group.py for tasks to queue
[2021-07-14 20:16:32,154] {logging_mixin.py:104} INFO - [2021-07-14 20:16:32,153] {dagbag.py:496} INFO - Filling up the DagBag from /home/airflow/.local/lib/python3.6/site-packages/airflow/example_dags/example_task_group.py
[2021-07-14 20:16:32,179] {scheduler_job.py:643} INFO - DAG(s) dict_keys(['example_task_group']) retrieved from /home/airflow/.local/lib/python3.6/site-packages/airflow/example_dags/example_task_group.py
[2021-07-14 20:16:32,210] {logging_mixin.py:104} INFO - [2021-07-14 20:16:32,209] {dag.py:1833} INFO - Sync 1 DAGs
[2021-07-14 20:16:32,233] {logging_mixin.py:104} INFO - [2021-07-14 20:16:32,233] {dag.py:2306} INFO - Setting next_dagrun for example_task_group to 2021-07-12 00:00:00+00:00
[2021-07-14 20:16:32,249] {scheduler_job.py:190} INFO - Processing /home/airflow/.local/lib/python3.6/site-packages/airflow/example_dags/example_task_group.py took 0.101 seconds
[2021-07-14 20:17:02,619] {scheduler_job.py:182} INFO - Started process (PID=2299) to work on /home/airflow/.local/lib/python3.6/site-packages/airflow/example_dags/example_task_group.py
[2021-07-14 20:17:02,620] {scheduler_job.py:633} INFO - Processing file /home/airflow/.local/lib/python3.6/site-packages/airflow/example_dags/example_task_group.py for tasks to queue
[2021-07-14 20:17:02,621] {logging_mixin.py:104} INFO - [2021-07-14 20:17:02,621] {dagbag.py:496} INFO - Filling up the DagBag from /home/airflow/.local/lib/python3.6/site-packages/airflow/example_dags/example_task_group.py
[2021-07-14 20:17:02,640] {scheduler_job.py:643} INFO - DAG(s) dict_keys(['example_task_group']) retrieved from /home/airflow/.local/lib/python3.6/site-packages/airflow/example_dags/example_task_group.py
[2021-07-14 20:17:02,664] {logging_mixin.py:104} INFO - [2021-07-14 20:17:02,664] {dag.py:1833} INFO - Sync 1 DAGs
[2021-07-14 20:17:02,681] {logging_mixin.py:104} INFO - [2021-07-14 20:17:02,681] {dag.py:2306} INFO - Setting next_dagrun for example_task_group to 2021-07-12 00:00:00+00:00
[2021-07-14 20:17:02,693] {scheduler_job.py:190} INFO - Processing /home/airflow/.local/lib/python3.6/site-packages/airflow/example_dags/example_task_group.py took 0.077 seconds
[2021-07-14 20:17:33,134] {scheduler_job.py:182} INFO - Started process (PID=2352) to work on /home/airflow/.local/lib/python3.6/site-packages/airflow/example_dags/example_task_group.py
[2021-07-14 20:17:33,135] {scheduler_job.py:633} INFO - Processing file /home/airflow/.local/lib/python3.6/site-packages/airflow/example_dags/example_task_group.py for tasks to queue
[2021-07-14 20:17:33,136] {logging_mixin.py:104} INFO - [2021-07-14 20:17:33,136] {dagbag.py:496} INFO - Filling up the DagBag from /home/airflow/.local/lib/python3.6/site-packages/airflow/example_dags/example_task_group.py
[2021-07-14 20:17:33,158] {scheduler_job.py:643} INFO - DAG(s) dict_keys(['example_task_group']) retrieved from /home/airflow/.local/lib/python3.6/site-packages/airflow/example_dags/example_task_group.py
[2021-07-14 20:17:33,185] {logging_mixin.py:104} INFO - [2021-07-14 20:17:33,185] {dag.py:1833} INFO - Sync 1 DAGs
[2021-07-14 20:17:33,208] {logging_mixin.py:104} INFO - [2021-07-14 20:17:33,208] {dag.py:2306} INFO - Setting next_dagrun for example_task_group to 2021-07-12 00:00:00+00:00
[2021-07-14 20:17:33,224] {scheduler_job.py:190} INFO - Processing /home/airflow/.local/lib/python3.6/site-packages/airflow/example_dags/example_task_group.py took 0.094 seconds
[2021-07-14 20:18:03,716] {scheduler_job.py:182} INFO - Started process (PID=2418) to work on /home/airflow/.local/lib/python3.6/site-packages/airflow/example_dags/example_task_group.py
[2021-07-14 20:18:03,718] {scheduler_job.py:633} INFO - Processing file /home/airflow/.local/lib/python3.6/site-packages/airflow/example_dags/example_task_group.py for tasks to queue
[2021-07-14 20:18:03,718] {logging_mixin.py:104} INFO - [2021-07-14 20:18:03,718] {dagbag.py:496} INFO - Filling up the DagBag from /home/airflow/.local/lib/python3.6/site-packages/airflow/example_dags/example_task_group.py
[2021-07-14 20:18:03,736] {scheduler_job.py:643} INFO - DAG(s) dict_keys(['example_task_group']) retrieved from /home/airflow/.local/lib/python3.6/site-packages/airflow/example_dags/example_task_group.py
[2021-07-14 20:18:03,758] {logging_mixin.py:104} INFO - [2021-07-14 20:18:03,758] {dag.py:1833} INFO - Sync 1 DAGs
[2021-07-14 20:18:03,775] {logging_mixin.py:104} INFO - [2021-07-14 20:18:03,775] {dag.py:2306} INFO - Setting next_dagrun for example_task_group to 2021-07-12 00:00:00+00:00
[2021-07-14 20:18:03,786] {scheduler_job.py:190} INFO - Processing /home/airflow/.local/lib/python3.6/site-packages/airflow/example_dags/example_task_group.py took 0.073 seconds
[2021-07-14 20:18:34,323] {scheduler_job.py:182} INFO - Started process (PID=2471) to work on /home/airflow/.local/lib/python3.6/site-packages/airflow/example_dags/example_task_group.py
[2021-07-14 20:18:34,325] {scheduler_job.py:633} INFO - Processing file /home/airflow/.local/lib/python3.6/site-packages/airflow/example_dags/example_task_group.py for tasks to queue
[2021-07-14 20:18:34,326] {logging_mixin.py:104} INFO - [2021-07-14 20:18:34,326] {dagbag.py:496} INFO - Filling up the DagBag from /home/airflow/.local/lib/python3.6/site-packages/airflow/example_dags/example_task_group.py
[2021-07-14 20:18:34,349] {scheduler_job.py:643} INFO - DAG(s) dict_keys(['example_task_group']) retrieved from /home/airflow/.local/lib/python3.6/site-packages/airflow/example_dags/example_task_group.py
[2021-07-14 20:18:34,386] {logging_mixin.py:104} INFO - [2021-07-14 20:18:34,386] {dag.py:1833} INFO - Sync 1 DAGs
[2021-07-14 20:18:34,415] {logging_mixin.py:104} INFO - [2021-07-14 20:18:34,415] {dag.py:2306} INFO - Setting next_dagrun for example_task_group to 2021-07-12 00:00:00+00:00
[2021-07-14 20:18:34,432] {scheduler_job.py:190} INFO - Processing /home/airflow/.local/lib/python3.6/site-packages/airflow/example_dags/example_task_group.py took 0.112 seconds
[2021-07-14 20:19:05,038] {scheduler_job.py:182} INFO - Started process (PID=2534) to work on /home/airflow/.local/lib/python3.6/site-packages/airflow/example_dags/example_task_group.py
[2021-07-14 20:19:05,039] {scheduler_job.py:633} INFO - Processing file /home/airflow/.local/lib/python3.6/site-packages/airflow/example_dags/example_task_group.py for tasks to queue
[2021-07-14 20:19:05,040] {logging_mixin.py:104} INFO - [2021-07-14 20:19:05,039] {dagbag.py:496} INFO - Filling up the DagBag from /home/airflow/.local/lib/python3.6/site-packages/airflow/example_dags/example_task_group.py
[2021-07-14 20:19:05,055] {scheduler_job.py:643} INFO - DAG(s) dict_keys(['example_task_group']) retrieved from /home/airflow/.local/lib/python3.6/site-packages/airflow/example_dags/example_task_group.py
[2021-07-14 20:19:05,077] {logging_mixin.py:104} INFO - [2021-07-14 20:19:05,077] {dag.py:1833} INFO - Sync 1 DAGs
[2021-07-14 20:19:05,096] {logging_mixin.py:104} INFO - [2021-07-14 20:19:05,096] {dag.py:2306} INFO - Setting next_dagrun for example_task_group to 2021-07-12 00:00:00+00:00
[2021-07-14 20:19:05,108] {scheduler_job.py:190} INFO - Processing /home/airflow/.local/lib/python3.6/site-packages/airflow/example_dags/example_task_group.py took 0.073 seconds
[2021-07-14 20:19:35,358] {scheduler_job.py:182} INFO - Started process (PID=2588) to work on /home/airflow/.local/lib/python3.6/site-packages/airflow/example_dags/example_task_group.py
[2021-07-14 20:19:35,359] {scheduler_job.py:633} INFO - Processing file /home/airflow/.local/lib/python3.6/site-packages/airflow/example_dags/example_task_group.py for tasks to queue
[2021-07-14 20:19:35,360] {logging_mixin.py:104} INFO - [2021-07-14 20:19:35,360] {dagbag.py:496} INFO - Filling up the DagBag from /home/airflow/.local/lib/python3.6/site-packages/airflow/example_dags/example_task_group.py
[2021-07-14 20:19:35,382] {scheduler_job.py:643} INFO - DAG(s) dict_keys(['example_task_group']) retrieved from /home/airflow/.local/lib/python3.6/site-packages/airflow/example_dags/example_task_group.py
[2021-07-14 20:19:35,412] {logging_mixin.py:104} INFO - [2021-07-14 20:19:35,412] {dag.py:1833} INFO - Sync 1 DAGs
[2021-07-14 20:19:35,440] {logging_mixin.py:104} INFO - [2021-07-14 20:19:35,439] {dag.py:2306} INFO - Setting next_dagrun for example_task_group to 2021-07-12 00:00:00+00:00
[2021-07-14 20:19:35,458] {scheduler_job.py:190} INFO - Processing /home/airflow/.local/lib/python3.6/site-packages/airflow/example_dags/example_task_group.py took 0.105 seconds
[2021-07-14 20:20:05,832] {scheduler_job.py:182} INFO - Started process (PID=2650) to work on /home/airflow/.local/lib/python3.6/site-packages/airflow/example_dags/example_task_group.py
[2021-07-14 20:20:05,835] {scheduler_job.py:633} INFO - Processing file /home/airflow/.local/lib/python3.6/site-packages/airflow/example_dags/example_task_group.py for tasks to queue
[2021-07-14 20:20:05,836] {logging_mixin.py:104} INFO - [2021-07-14 20:20:05,836] {dagbag.py:496} INFO - Filling up the DagBag from /home/airflow/.local/lib/python3.6/site-packages/airflow/example_dags/example_task_group.py
[2021-07-14 20:20:05,859] {scheduler_job.py:643} INFO - DAG(s) dict_keys(['example_task_group']) retrieved from /home/airflow/.local/lib/python3.6/site-packages/airflow/example_dags/example_task_group.py
[2021-07-14 20:20:05,889] {logging_mixin.py:104} INFO - [2021-07-14 20:20:05,888] {dag.py:1833} INFO - Sync 1 DAGs
[2021-07-14 20:20:05,911] {logging_mixin.py:104} INFO - [2021-07-14 20:20:05,911] {dag.py:2306} INFO - Setting next_dagrun for example_task_group to 2021-07-12 00:00:00+00:00
[2021-07-14 20:20:05,926] {scheduler_job.py:190} INFO - Processing /home/airflow/.local/lib/python3.6/site-packages/airflow/example_dags/example_task_group.py took 0.098 seconds
[2021-07-14 20:20:36,032] {scheduler_job.py:182} INFO - Started process (PID=2704) to work on /home/airflow/.local/lib/python3.6/site-packages/airflow/example_dags/example_task_group.py
[2021-07-14 20:20:36,034] {scheduler_job.py:633} INFO - Processing file /home/airflow/.local/lib/python3.6/site-packages/airflow/example_dags/example_task_group.py for tasks to queue
[2021-07-14 20:20:36,035] {logging_mixin.py:104} INFO - [2021-07-14 20:20:36,035] {dagbag.py:496} INFO - Filling up the DagBag from /home/airflow/.local/lib/python3.6/site-packages/airflow/example_dags/example_task_group.py
[2021-07-14 20:20:36,065] {scheduler_job.py:643} INFO - DAG(s) dict_keys(['example_task_group']) retrieved from /home/airflow/.local/lib/python3.6/site-packages/airflow/example_dags/example_task_group.py
[2021-07-14 20:20:36,108] {logging_mixin.py:104} INFO - [2021-07-14 20:20:36,108] {dag.py:1833} INFO - Sync 1 DAGs
[2021-07-14 20:20:36,131] {logging_mixin.py:104} INFO - [2021-07-14 20:20:36,130] {dag.py:2306} INFO - Setting next_dagrun for example_task_group to 2021-07-12 00:00:00+00:00
[2021-07-14 20:20:36,143] {scheduler_job.py:190} INFO - Processing /home/airflow/.local/lib/python3.6/site-packages/airflow/example_dags/example_task_group.py took 0.117 seconds
[2021-07-14 20:21:06,458] {scheduler_job.py:182} INFO - Started process (PID=2769) to work on /home/airflow/.local/lib/python3.6/site-packages/airflow/example_dags/example_task_group.py
[2021-07-14 20:21:06,460] {scheduler_job.py:633} INFO - Processing file /home/airflow/.local/lib/python3.6/site-packages/airflow/example_dags/example_task_group.py for tasks to queue
[2021-07-14 20:21:06,461] {logging_mixin.py:104} INFO - [2021-07-14 20:21:06,460] {dagbag.py:496} INFO - Filling up the DagBag from /home/airflow/.local/lib/python3.6/site-packages/airflow/example_dags/example_task_group.py
[2021-07-14 20:21:06,475] {scheduler_job.py:643} INFO - DAG(s) dict_keys(['example_task_group']) retrieved from /home/airflow/.local/lib/python3.6/site-packages/airflow/example_dags/example_task_group.py
[2021-07-14 20:21:06,497] {logging_mixin.py:104} INFO - [2021-07-14 20:21:06,497] {dag.py:1833} INFO - Sync 1 DAGs
[2021-07-14 20:21:06,515] {logging_mixin.py:104} INFO - [2021-07-14 20:21:06,515] {dag.py:2306} INFO - Setting next_dagrun for example_task_group to 2021-07-12 00:00:00+00:00
[2021-07-14 20:21:06,526] {scheduler_job.py:190} INFO - Processing /home/airflow/.local/lib/python3.6/site-packages/airflow/example_dags/example_task_group.py took 0.071 seconds
[2021-07-14 20:21:36,880] {scheduler_job.py:182} INFO - Started process (PID=2824) to work on /home/airflow/.local/lib/python3.6/site-packages/airflow/example_dags/example_task_group.py
[2021-07-14 20:21:36,881] {scheduler_job.py:633} INFO - Processing file /home/airflow/.local/lib/python3.6/site-packages/airflow/example_dags/example_task_group.py for tasks to queue
[2021-07-14 20:21:36,882] {logging_mixin.py:104} INFO - [2021-07-14 20:21:36,882] {dagbag.py:496} INFO - Filling up the DagBag from /home/airflow/.local/lib/python3.6/site-packages/airflow/example_dags/example_task_group.py
[2021-07-14 20:21:36,899] {scheduler_job.py:643} INFO - DAG(s) dict_keys(['example_task_group']) retrieved from /home/airflow/.local/lib/python3.6/site-packages/airflow/example_dags/example_task_group.py
[2021-07-14 20:21:36,926] {logging_mixin.py:104} INFO - [2021-07-14 20:21:36,926] {dag.py:1833} INFO - Sync 1 DAGs
[2021-07-14 20:21:36,946] {logging_mixin.py:104} INFO - [2021-07-14 20:21:36,946] {dag.py:2306} INFO - Setting next_dagrun for example_task_group to 2021-07-12 00:00:00+00:00
[2021-07-14 20:21:36,958] {scheduler_job.py:190} INFO - Processing /home/airflow/.local/lib/python3.6/site-packages/airflow/example_dags/example_task_group.py took 0.081 seconds
[2021-07-14 20:22:07,450] {scheduler_job.py:182} INFO - Started process (PID=2889) to work on /home/airflow/.local/lib/python3.6/site-packages/airflow/example_dags/example_task_group.py
[2021-07-14 20:22:07,451] {scheduler_job.py:633} INFO - Processing file /home/airflow/.local/lib/python3.6/site-packages/airflow/example_dags/example_task_group.py for tasks to queue
[2021-07-14 20:22:07,452] {logging_mixin.py:104} INFO - [2021-07-14 20:22:07,452] {dagbag.py:496} INFO - Filling up the DagBag from /home/airflow/.local/lib/python3.6/site-packages/airflow/example_dags/example_task_group.py
[2021-07-14 20:22:07,469] {scheduler_job.py:643} INFO - DAG(s) dict_keys(['example_task_group']) retrieved from /home/airflow/.local/lib/python3.6/site-packages/airflow/example_dags/example_task_group.py
[2021-07-14 20:22:07,493] {logging_mixin.py:104} INFO - [2021-07-14 20:22:07,493] {dag.py:1833} INFO - Sync 1 DAGs
[2021-07-14 20:22:07,513] {logging_mixin.py:104} INFO - [2021-07-14 20:22:07,513] {dag.py:2306} INFO - Setting next_dagrun for example_task_group to 2021-07-12 00:00:00+00:00
[2021-07-14 20:22:07,526] {scheduler_job.py:190} INFO - Processing /home/airflow/.local/lib/python3.6/site-packages/airflow/example_dags/example_task_group.py took 0.079 seconds
