[2021-07-14 19:05:05,263] {scheduler_job.py:182} INFO - Started process (PID=51) to work on /home/airflow/.local/lib/python3.6/site-packages/airflow/example_dags/example_branch_datetime_operator.py
[2021-07-14 19:05:05,267] {scheduler_job.py:633} INFO - Processing file /home/airflow/.local/lib/python3.6/site-packages/airflow/example_dags/example_branch_datetime_operator.py for tasks to queue
[2021-07-14 19:05:05,268] {logging_mixin.py:104} INFO - [2021-07-14 19:05:05,268] {dagbag.py:496} INFO - Filling up the DagBag from /home/airflow/.local/lib/python3.6/site-packages/airflow/example_dags/example_branch_datetime_operator.py
[2021-07-14 19:05:05,517] {scheduler_job.py:643} INFO - DAG(s) dict_keys(['example_branch_datetime_operator_2']) retrieved from /home/airflow/.local/lib/python3.6/site-packages/airflow/example_dags/example_branch_datetime_operator.py
[2021-07-14 19:05:08,056] {logging_mixin.py:104} INFO - [2021-07-14 19:05:08,056] {dag.py:1833} INFO - Sync 1 DAGs
[2021-07-14 19:05:08,135] {logging_mixin.py:104} INFO - [2021-07-14 19:05:08,135] {dag.py:2306} INFO - Setting next_dagrun for example_branch_datetime_operator_2 to 2021-07-12 00:00:00+00:00
[2021-07-14 19:05:08,157] {scheduler_job.py:190} INFO - Processing /home/airflow/.local/lib/python3.6/site-packages/airflow/example_dags/example_branch_datetime_operator.py took 2.953 seconds
[2021-07-14 19:05:38,898] {scheduler_job.py:182} INFO - Started process (PID=112) to work on /home/airflow/.local/lib/python3.6/site-packages/airflow/example_dags/example_branch_datetime_operator.py
[2021-07-14 19:05:38,900] {scheduler_job.py:633} INFO - Processing file /home/airflow/.local/lib/python3.6/site-packages/airflow/example_dags/example_branch_datetime_operator.py for tasks to queue
[2021-07-14 19:05:38,901] {logging_mixin.py:104} INFO - [2021-07-14 19:05:38,901] {dagbag.py:496} INFO - Filling up the DagBag from /home/airflow/.local/lib/python3.6/site-packages/airflow/example_dags/example_branch_datetime_operator.py
[2021-07-14 19:05:38,924] {scheduler_job.py:643} INFO - DAG(s) dict_keys(['example_branch_datetime_operator_2']) retrieved from /home/airflow/.local/lib/python3.6/site-packages/airflow/example_dags/example_branch_datetime_operator.py
[2021-07-14 19:05:38,963] {logging_mixin.py:104} INFO - [2021-07-14 19:05:38,963] {dag.py:1833} INFO - Sync 1 DAGs
[2021-07-14 19:05:39,003] {logging_mixin.py:104} INFO - [2021-07-14 19:05:39,003] {dag.py:2306} INFO - Setting next_dagrun for example_branch_datetime_operator_2 to 2021-07-12 00:00:00+00:00
[2021-07-14 19:05:39,022] {scheduler_job.py:190} INFO - Processing /home/airflow/.local/lib/python3.6/site-packages/airflow/example_dags/example_branch_datetime_operator.py took 0.128 seconds
[2021-07-14 19:06:09,413] {scheduler_job.py:182} INFO - Started process (PID=165) to work on /home/airflow/.local/lib/python3.6/site-packages/airflow/example_dags/example_branch_datetime_operator.py
[2021-07-14 19:06:09,415] {scheduler_job.py:633} INFO - Processing file /home/airflow/.local/lib/python3.6/site-packages/airflow/example_dags/example_branch_datetime_operator.py for tasks to queue
[2021-07-14 19:06:09,416] {logging_mixin.py:104} INFO - [2021-07-14 19:06:09,416] {dagbag.py:496} INFO - Filling up the DagBag from /home/airflow/.local/lib/python3.6/site-packages/airflow/example_dags/example_branch_datetime_operator.py
[2021-07-14 19:06:09,444] {scheduler_job.py:643} INFO - DAG(s) dict_keys(['example_branch_datetime_operator_2']) retrieved from /home/airflow/.local/lib/python3.6/site-packages/airflow/example_dags/example_branch_datetime_operator.py
[2021-07-14 19:06:09,481] {logging_mixin.py:104} INFO - [2021-07-14 19:06:09,481] {dag.py:1833} INFO - Sync 1 DAGs
[2021-07-14 19:06:09,514] {logging_mixin.py:104} INFO - [2021-07-14 19:06:09,514] {dag.py:2306} INFO - Setting next_dagrun for example_branch_datetime_operator_2 to 2021-07-12 00:00:00+00:00
[2021-07-14 19:06:09,528] {scheduler_job.py:190} INFO - Processing /home/airflow/.local/lib/python3.6/site-packages/airflow/example_dags/example_branch_datetime_operator.py took 0.121 seconds
[2021-07-14 19:06:39,753] {scheduler_job.py:182} INFO - Started process (PID=225) to work on /home/airflow/.local/lib/python3.6/site-packages/airflow/example_dags/example_branch_datetime_operator.py
[2021-07-14 19:06:39,754] {scheduler_job.py:633} INFO - Processing file /home/airflow/.local/lib/python3.6/site-packages/airflow/example_dags/example_branch_datetime_operator.py for tasks to queue
[2021-07-14 19:06:39,755] {logging_mixin.py:104} INFO - [2021-07-14 19:06:39,755] {dagbag.py:496} INFO - Filling up the DagBag from /home/airflow/.local/lib/python3.6/site-packages/airflow/example_dags/example_branch_datetime_operator.py
[2021-07-14 19:06:39,781] {scheduler_job.py:643} INFO - DAG(s) dict_keys(['example_branch_datetime_operator_2']) retrieved from /home/airflow/.local/lib/python3.6/site-packages/airflow/example_dags/example_branch_datetime_operator.py
[2021-07-14 19:06:39,809] {logging_mixin.py:104} INFO - [2021-07-14 19:06:39,809] {dag.py:1833} INFO - Sync 1 DAGs
[2021-07-14 19:06:39,835] {logging_mixin.py:104} INFO - [2021-07-14 19:06:39,835] {dag.py:2306} INFO - Setting next_dagrun for example_branch_datetime_operator_2 to 2021-07-12 00:00:00+00:00
[2021-07-14 19:06:39,847] {scheduler_job.py:190} INFO - Processing /home/airflow/.local/lib/python3.6/site-packages/airflow/example_dags/example_branch_datetime_operator.py took 0.099 seconds
[2021-07-14 19:07:10,219] {scheduler_job.py:182} INFO - Started process (PID=282) to work on /home/airflow/.local/lib/python3.6/site-packages/airflow/example_dags/example_branch_datetime_operator.py
[2021-07-14 19:07:10,220] {scheduler_job.py:633} INFO - Processing file /home/airflow/.local/lib/python3.6/site-packages/airflow/example_dags/example_branch_datetime_operator.py for tasks to queue
[2021-07-14 19:07:10,221] {logging_mixin.py:104} INFO - [2021-07-14 19:07:10,221] {dagbag.py:496} INFO - Filling up the DagBag from /home/airflow/.local/lib/python3.6/site-packages/airflow/example_dags/example_branch_datetime_operator.py
[2021-07-14 19:07:10,242] {scheduler_job.py:643} INFO - DAG(s) dict_keys(['example_branch_datetime_operator_2']) retrieved from /home/airflow/.local/lib/python3.6/site-packages/airflow/example_dags/example_branch_datetime_operator.py
[2021-07-14 19:07:10,268] {logging_mixin.py:104} INFO - [2021-07-14 19:07:10,268] {dag.py:1833} INFO - Sync 1 DAGs
[2021-07-14 19:07:10,298] {logging_mixin.py:104} INFO - [2021-07-14 19:07:10,298] {dag.py:2306} INFO - Setting next_dagrun for example_branch_datetime_operator_2 to 2021-07-12 00:00:00+00:00
[2021-07-14 19:07:10,330] {scheduler_job.py:190} INFO - Processing /home/airflow/.local/lib/python3.6/site-packages/airflow/example_dags/example_branch_datetime_operator.py took 0.115 seconds
[2021-07-14 19:07:40,944] {scheduler_job.py:182} INFO - Started process (PID=335) to work on /home/airflow/.local/lib/python3.6/site-packages/airflow/example_dags/example_branch_datetime_operator.py
[2021-07-14 19:07:40,963] {scheduler_job.py:633} INFO - Processing file /home/airflow/.local/lib/python3.6/site-packages/airflow/example_dags/example_branch_datetime_operator.py for tasks to queue
[2021-07-14 19:07:40,967] {logging_mixin.py:104} INFO - [2021-07-14 19:07:40,967] {dagbag.py:496} INFO - Filling up the DagBag from /home/airflow/.local/lib/python3.6/site-packages/airflow/example_dags/example_branch_datetime_operator.py
[2021-07-14 19:07:41,009] {scheduler_job.py:643} INFO - DAG(s) dict_keys(['example_branch_datetime_operator_2']) retrieved from /home/airflow/.local/lib/python3.6/site-packages/airflow/example_dags/example_branch_datetime_operator.py
[2021-07-14 19:07:41,062] {logging_mixin.py:104} INFO - [2021-07-14 19:07:41,062] {dag.py:1833} INFO - Sync 1 DAGs
[2021-07-14 19:07:41,111] {logging_mixin.py:104} INFO - [2021-07-14 19:07:41,110] {dag.py:2306} INFO - Setting next_dagrun for example_branch_datetime_operator_2 to 2021-07-12 00:00:00+00:00
[2021-07-14 19:07:41,136] {scheduler_job.py:190} INFO - Processing /home/airflow/.local/lib/python3.6/site-packages/airflow/example_dags/example_branch_datetime_operator.py took 0.203 seconds
[2021-07-14 19:08:55,989] {scheduler_job.py:182} INFO - Started process (PID=39) to work on /home/airflow/.local/lib/python3.6/site-packages/airflow/example_dags/example_branch_datetime_operator.py
[2021-07-14 19:08:55,990] {scheduler_job.py:633} INFO - Processing file /home/airflow/.local/lib/python3.6/site-packages/airflow/example_dags/example_branch_datetime_operator.py for tasks to queue
[2021-07-14 19:08:55,990] {logging_mixin.py:104} INFO - [2021-07-14 19:08:55,990] {dagbag.py:496} INFO - Filling up the DagBag from /home/airflow/.local/lib/python3.6/site-packages/airflow/example_dags/example_branch_datetime_operator.py
[2021-07-14 19:08:56,009] {scheduler_job.py:643} INFO - DAG(s) dict_keys(['example_branch_datetime_operator_2']) retrieved from /home/airflow/.local/lib/python3.6/site-packages/airflow/example_dags/example_branch_datetime_operator.py
[2021-07-14 19:08:56,039] {logging_mixin.py:104} INFO - [2021-07-14 19:08:56,039] {dag.py:1833} INFO - Sync 1 DAGs
[2021-07-14 19:08:56,060] {logging_mixin.py:104} INFO - [2021-07-14 19:08:56,060] {dag.py:2306} INFO - Setting next_dagrun for example_branch_datetime_operator_2 to 2021-07-12 00:00:00+00:00
[2021-07-14 19:08:56,072] {scheduler_job.py:190} INFO - Processing /home/airflow/.local/lib/python3.6/site-packages/airflow/example_dags/example_branch_datetime_operator.py took 0.087 seconds
[2021-07-14 19:09:27,150] {scheduler_job.py:182} INFO - Started process (PID=104) to work on /home/airflow/.local/lib/python3.6/site-packages/airflow/example_dags/example_branch_datetime_operator.py
[2021-07-14 19:09:27,151] {scheduler_job.py:633} INFO - Processing file /home/airflow/.local/lib/python3.6/site-packages/airflow/example_dags/example_branch_datetime_operator.py for tasks to queue
[2021-07-14 19:09:27,153] {logging_mixin.py:104} INFO - [2021-07-14 19:09:27,152] {dagbag.py:496} INFO - Filling up the DagBag from /home/airflow/.local/lib/python3.6/site-packages/airflow/example_dags/example_branch_datetime_operator.py
[2021-07-14 19:09:27,185] {scheduler_job.py:643} INFO - DAG(s) dict_keys(['example_branch_datetime_operator_2']) retrieved from /home/airflow/.local/lib/python3.6/site-packages/airflow/example_dags/example_branch_datetime_operator.py
[2021-07-14 19:09:27,222] {logging_mixin.py:104} INFO - [2021-07-14 19:09:27,222] {dag.py:1833} INFO - Sync 1 DAGs
[2021-07-14 19:09:27,258] {logging_mixin.py:104} INFO - [2021-07-14 19:09:27,258] {dag.py:2306} INFO - Setting next_dagrun for example_branch_datetime_operator_2 to 2021-07-12 00:00:00+00:00
[2021-07-14 19:09:27,280] {scheduler_job.py:190} INFO - Processing /home/airflow/.local/lib/python3.6/site-packages/airflow/example_dags/example_branch_datetime_operator.py took 0.136 seconds
[2021-07-14 19:09:57,739] {scheduler_job.py:182} INFO - Started process (PID=158) to work on /home/airflow/.local/lib/python3.6/site-packages/airflow/example_dags/example_branch_datetime_operator.py
[2021-07-14 19:09:57,740] {scheduler_job.py:633} INFO - Processing file /home/airflow/.local/lib/python3.6/site-packages/airflow/example_dags/example_branch_datetime_operator.py for tasks to queue
[2021-07-14 19:09:57,740] {logging_mixin.py:104} INFO - [2021-07-14 19:09:57,740] {dagbag.py:496} INFO - Filling up the DagBag from /home/airflow/.local/lib/python3.6/site-packages/airflow/example_dags/example_branch_datetime_operator.py
[2021-07-14 19:09:57,757] {scheduler_job.py:643} INFO - DAG(s) dict_keys(['example_branch_datetime_operator_2']) retrieved from /home/airflow/.local/lib/python3.6/site-packages/airflow/example_dags/example_branch_datetime_operator.py
[2021-07-14 19:09:57,780] {logging_mixin.py:104} INFO - [2021-07-14 19:09:57,780] {dag.py:1833} INFO - Sync 1 DAGs
[2021-07-14 19:09:57,801] {logging_mixin.py:104} INFO - [2021-07-14 19:09:57,801] {dag.py:2306} INFO - Setting next_dagrun for example_branch_datetime_operator_2 to 2021-07-12 00:00:00+00:00
[2021-07-14 19:09:57,811] {scheduler_job.py:190} INFO - Processing /home/airflow/.local/lib/python3.6/site-packages/airflow/example_dags/example_branch_datetime_operator.py took 0.076 seconds
[2021-07-14 19:10:28,470] {scheduler_job.py:182} INFO - Started process (PID=217) to work on /home/airflow/.local/lib/python3.6/site-packages/airflow/example_dags/example_branch_datetime_operator.py
[2021-07-14 19:10:28,471] {scheduler_job.py:633} INFO - Processing file /home/airflow/.local/lib/python3.6/site-packages/airflow/example_dags/example_branch_datetime_operator.py for tasks to queue
[2021-07-14 19:10:28,472] {logging_mixin.py:104} INFO - [2021-07-14 19:10:28,472] {dagbag.py:496} INFO - Filling up the DagBag from /home/airflow/.local/lib/python3.6/site-packages/airflow/example_dags/example_branch_datetime_operator.py
[2021-07-14 19:10:28,493] {scheduler_job.py:643} INFO - DAG(s) dict_keys(['example_branch_datetime_operator_2']) retrieved from /home/airflow/.local/lib/python3.6/site-packages/airflow/example_dags/example_branch_datetime_operator.py
[2021-07-14 19:10:28,522] {logging_mixin.py:104} INFO - [2021-07-14 19:10:28,522] {dag.py:1833} INFO - Sync 1 DAGs
[2021-07-14 19:10:28,551] {logging_mixin.py:104} INFO - [2021-07-14 19:10:28,551] {dag.py:2306} INFO - Setting next_dagrun for example_branch_datetime_operator_2 to 2021-07-12 00:00:00+00:00
[2021-07-14 19:10:28,566] {scheduler_job.py:190} INFO - Processing /home/airflow/.local/lib/python3.6/site-packages/airflow/example_dags/example_branch_datetime_operator.py took 0.100 seconds
[2021-07-14 19:10:59,504] {scheduler_job.py:182} INFO - Started process (PID=280) to work on /home/airflow/.local/lib/python3.6/site-packages/airflow/example_dags/example_branch_datetime_operator.py
[2021-07-14 19:10:59,506] {scheduler_job.py:633} INFO - Processing file /home/airflow/.local/lib/python3.6/site-packages/airflow/example_dags/example_branch_datetime_operator.py for tasks to queue
[2021-07-14 19:10:59,507] {logging_mixin.py:104} INFO - [2021-07-14 19:10:59,507] {dagbag.py:496} INFO - Filling up the DagBag from /home/airflow/.local/lib/python3.6/site-packages/airflow/example_dags/example_branch_datetime_operator.py
[2021-07-14 19:10:59,531] {scheduler_job.py:643} INFO - DAG(s) dict_keys(['example_branch_datetime_operator_2']) retrieved from /home/airflow/.local/lib/python3.6/site-packages/airflow/example_dags/example_branch_datetime_operator.py
[2021-07-14 19:10:59,568] {logging_mixin.py:104} INFO - [2021-07-14 19:10:59,568] {dag.py:1833} INFO - Sync 1 DAGs
[2021-07-14 19:10:59,602] {logging_mixin.py:104} INFO - [2021-07-14 19:10:59,601] {dag.py:2306} INFO - Setting next_dagrun for example_branch_datetime_operator_2 to 2021-07-12 00:00:00+00:00
[2021-07-14 19:10:59,618] {scheduler_job.py:190} INFO - Processing /home/airflow/.local/lib/python3.6/site-packages/airflow/example_dags/example_branch_datetime_operator.py took 0.118 seconds
[2021-07-14 19:11:30,142] {scheduler_job.py:182} INFO - Started process (PID=333) to work on /home/airflow/.local/lib/python3.6/site-packages/airflow/example_dags/example_branch_datetime_operator.py
[2021-07-14 19:11:30,150] {scheduler_job.py:633} INFO - Processing file /home/airflow/.local/lib/python3.6/site-packages/airflow/example_dags/example_branch_datetime_operator.py for tasks to queue
[2021-07-14 19:11:30,151] {logging_mixin.py:104} INFO - [2021-07-14 19:11:30,151] {dagbag.py:496} INFO - Filling up the DagBag from /home/airflow/.local/lib/python3.6/site-packages/airflow/example_dags/example_branch_datetime_operator.py
[2021-07-14 19:11:30,172] {scheduler_job.py:643} INFO - DAG(s) dict_keys(['example_branch_datetime_operator_2']) retrieved from /home/airflow/.local/lib/python3.6/site-packages/airflow/example_dags/example_branch_datetime_operator.py
[2021-07-14 19:11:30,205] {logging_mixin.py:104} INFO - [2021-07-14 19:11:30,204] {dag.py:1833} INFO - Sync 1 DAGs
[2021-07-14 19:11:30,233] {logging_mixin.py:104} INFO - [2021-07-14 19:11:30,233] {dag.py:2306} INFO - Setting next_dagrun for example_branch_datetime_operator_2 to 2021-07-12 00:00:00+00:00
[2021-07-14 19:11:30,249] {scheduler_job.py:190} INFO - Processing /home/airflow/.local/lib/python3.6/site-packages/airflow/example_dags/example_branch_datetime_operator.py took 0.111 seconds
[2021-07-14 19:12:00,730] {scheduler_job.py:182} INFO - Started process (PID=397) to work on /home/airflow/.local/lib/python3.6/site-packages/airflow/example_dags/example_branch_datetime_operator.py
[2021-07-14 19:12:00,731] {scheduler_job.py:633} INFO - Processing file /home/airflow/.local/lib/python3.6/site-packages/airflow/example_dags/example_branch_datetime_operator.py for tasks to queue
[2021-07-14 19:12:00,731] {logging_mixin.py:104} INFO - [2021-07-14 19:12:00,731] {dagbag.py:496} INFO - Filling up the DagBag from /home/airflow/.local/lib/python3.6/site-packages/airflow/example_dags/example_branch_datetime_operator.py
[2021-07-14 19:12:00,748] {scheduler_job.py:643} INFO - DAG(s) dict_keys(['example_branch_datetime_operator_2']) retrieved from /home/airflow/.local/lib/python3.6/site-packages/airflow/example_dags/example_branch_datetime_operator.py
[2021-07-14 19:12:00,778] {logging_mixin.py:104} INFO - [2021-07-14 19:12:00,778] {dag.py:1833} INFO - Sync 1 DAGs
[2021-07-14 19:12:00,803] {logging_mixin.py:104} INFO - [2021-07-14 19:12:00,803] {dag.py:2306} INFO - Setting next_dagrun for example_branch_datetime_operator_2 to 2021-07-12 00:00:00+00:00
[2021-07-14 19:12:00,815] {scheduler_job.py:190} INFO - Processing /home/airflow/.local/lib/python3.6/site-packages/airflow/example_dags/example_branch_datetime_operator.py took 0.089 seconds
[2021-07-14 19:12:31,460] {scheduler_job.py:182} INFO - Started process (PID=450) to work on /home/airflow/.local/lib/python3.6/site-packages/airflow/example_dags/example_branch_datetime_operator.py
[2021-07-14 19:12:31,461] {scheduler_job.py:633} INFO - Processing file /home/airflow/.local/lib/python3.6/site-packages/airflow/example_dags/example_branch_datetime_operator.py for tasks to queue
[2021-07-14 19:12:31,462] {logging_mixin.py:104} INFO - [2021-07-14 19:12:31,462] {dagbag.py:496} INFO - Filling up the DagBag from /home/airflow/.local/lib/python3.6/site-packages/airflow/example_dags/example_branch_datetime_operator.py
[2021-07-14 19:12:31,482] {scheduler_job.py:643} INFO - DAG(s) dict_keys(['example_branch_datetime_operator_2']) retrieved from /home/airflow/.local/lib/python3.6/site-packages/airflow/example_dags/example_branch_datetime_operator.py
[2021-07-14 19:12:31,507] {logging_mixin.py:104} INFO - [2021-07-14 19:12:31,507] {dag.py:1833} INFO - Sync 1 DAGs
[2021-07-14 19:12:31,532] {logging_mixin.py:104} INFO - [2021-07-14 19:12:31,532] {dag.py:2306} INFO - Setting next_dagrun for example_branch_datetime_operator_2 to 2021-07-12 00:00:00+00:00
[2021-07-14 19:12:31,546] {scheduler_job.py:190} INFO - Processing /home/airflow/.local/lib/python3.6/site-packages/airflow/example_dags/example_branch_datetime_operator.py took 0.089 seconds
[2021-07-14 19:57:43,195] {scheduler_job.py:182} INFO - Started process (PID=39) to work on /home/airflow/.local/lib/python3.6/site-packages/airflow/example_dags/example_branch_datetime_operator.py
[2021-07-14 19:57:43,197] {scheduler_job.py:633} INFO - Processing file /home/airflow/.local/lib/python3.6/site-packages/airflow/example_dags/example_branch_datetime_operator.py for tasks to queue
[2021-07-14 19:57:43,198] {logging_mixin.py:104} INFO - [2021-07-14 19:57:43,197] {dagbag.py:496} INFO - Filling up the DagBag from /home/airflow/.local/lib/python3.6/site-packages/airflow/example_dags/example_branch_datetime_operator.py
[2021-07-14 19:57:43,218] {scheduler_job.py:643} INFO - DAG(s) dict_keys(['example_branch_datetime_operator_2']) retrieved from /home/airflow/.local/lib/python3.6/site-packages/airflow/example_dags/example_branch_datetime_operator.py
[2021-07-14 19:57:43,246] {logging_mixin.py:104} INFO - [2021-07-14 19:57:43,246] {dag.py:1833} INFO - Sync 1 DAGs
[2021-07-14 19:57:43,268] {logging_mixin.py:104} INFO - [2021-07-14 19:57:43,268] {dag.py:2306} INFO - Setting next_dagrun for example_branch_datetime_operator_2 to 2021-07-12 00:00:00+00:00
[2021-07-14 19:57:43,280] {scheduler_job.py:190} INFO - Processing /home/airflow/.local/lib/python3.6/site-packages/airflow/example_dags/example_branch_datetime_operator.py took 0.088 seconds
[2021-07-14 19:58:14,041] {scheduler_job.py:182} INFO - Started process (PID=100) to work on /home/airflow/.local/lib/python3.6/site-packages/airflow/example_dags/example_branch_datetime_operator.py
[2021-07-14 19:58:14,043] {scheduler_job.py:633} INFO - Processing file /home/airflow/.local/lib/python3.6/site-packages/airflow/example_dags/example_branch_datetime_operator.py for tasks to queue
[2021-07-14 19:58:14,044] {logging_mixin.py:104} INFO - [2021-07-14 19:58:14,044] {dagbag.py:496} INFO - Filling up the DagBag from /home/airflow/.local/lib/python3.6/site-packages/airflow/example_dags/example_branch_datetime_operator.py
[2021-07-14 19:58:14,077] {scheduler_job.py:643} INFO - DAG(s) dict_keys(['example_branch_datetime_operator_2']) retrieved from /home/airflow/.local/lib/python3.6/site-packages/airflow/example_dags/example_branch_datetime_operator.py
[2021-07-14 19:58:14,121] {logging_mixin.py:104} INFO - [2021-07-14 19:58:14,121] {dag.py:1833} INFO - Sync 1 DAGs
[2021-07-14 19:58:14,161] {logging_mixin.py:104} INFO - [2021-07-14 19:58:14,161] {dag.py:2306} INFO - Setting next_dagrun for example_branch_datetime_operator_2 to 2021-07-12 00:00:00+00:00
[2021-07-14 19:58:14,191] {scheduler_job.py:190} INFO - Processing /home/airflow/.local/lib/python3.6/site-packages/airflow/example_dags/example_branch_datetime_operator.py took 0.155 seconds
[2021-07-14 19:58:44,591] {scheduler_job.py:182} INFO - Started process (PID=157) to work on /home/airflow/.local/lib/python3.6/site-packages/airflow/example_dags/example_branch_datetime_operator.py
[2021-07-14 19:58:44,592] {scheduler_job.py:633} INFO - Processing file /home/airflow/.local/lib/python3.6/site-packages/airflow/example_dags/example_branch_datetime_operator.py for tasks to queue
[2021-07-14 19:58:44,593] {logging_mixin.py:104} INFO - [2021-07-14 19:58:44,592] {dagbag.py:496} INFO - Filling up the DagBag from /home/airflow/.local/lib/python3.6/site-packages/airflow/example_dags/example_branch_datetime_operator.py
[2021-07-14 19:58:44,608] {scheduler_job.py:643} INFO - DAG(s) dict_keys(['example_branch_datetime_operator_2']) retrieved from /home/airflow/.local/lib/python3.6/site-packages/airflow/example_dags/example_branch_datetime_operator.py
[2021-07-14 19:58:44,629] {logging_mixin.py:104} INFO - [2021-07-14 19:58:44,629] {dag.py:1833} INFO - Sync 1 DAGs
[2021-07-14 19:58:44,652] {logging_mixin.py:104} INFO - [2021-07-14 19:58:44,652] {dag.py:2306} INFO - Setting next_dagrun for example_branch_datetime_operator_2 to 2021-07-12 00:00:00+00:00
[2021-07-14 19:58:44,664] {scheduler_job.py:190} INFO - Processing /home/airflow/.local/lib/python3.6/site-packages/airflow/example_dags/example_branch_datetime_operator.py took 0.076 seconds
[2021-07-14 19:59:15,487] {scheduler_job.py:182} INFO - Started process (PID=223) to work on /home/airflow/.local/lib/python3.6/site-packages/airflow/example_dags/example_branch_datetime_operator.py
[2021-07-14 19:59:15,489] {scheduler_job.py:633} INFO - Processing file /home/airflow/.local/lib/python3.6/site-packages/airflow/example_dags/example_branch_datetime_operator.py for tasks to queue
[2021-07-14 19:59:15,492] {logging_mixin.py:104} INFO - [2021-07-14 19:59:15,492] {dagbag.py:496} INFO - Filling up the DagBag from /home/airflow/.local/lib/python3.6/site-packages/airflow/example_dags/example_branch_datetime_operator.py
[2021-07-14 19:59:15,521] {scheduler_job.py:643} INFO - DAG(s) dict_keys(['example_branch_datetime_operator_2']) retrieved from /home/airflow/.local/lib/python3.6/site-packages/airflow/example_dags/example_branch_datetime_operator.py
[2021-07-14 19:59:15,555] {logging_mixin.py:104} INFO - [2021-07-14 19:59:15,555] {dag.py:1833} INFO - Sync 1 DAGs
[2021-07-14 19:59:15,592] {logging_mixin.py:104} INFO - [2021-07-14 19:59:15,592] {dag.py:2306} INFO - Setting next_dagrun for example_branch_datetime_operator_2 to 2021-07-12 00:00:00+00:00
[2021-07-14 19:59:15,609] {scheduler_job.py:190} INFO - Processing /home/airflow/.local/lib/python3.6/site-packages/airflow/example_dags/example_branch_datetime_operator.py took 0.126 seconds
[2021-07-14 19:59:46,311] {scheduler_job.py:182} INFO - Started process (PID=276) to work on /home/airflow/.local/lib/python3.6/site-packages/airflow/example_dags/example_branch_datetime_operator.py
[2021-07-14 19:59:46,312] {scheduler_job.py:633} INFO - Processing file /home/airflow/.local/lib/python3.6/site-packages/airflow/example_dags/example_branch_datetime_operator.py for tasks to queue
[2021-07-14 19:59:46,313] {logging_mixin.py:104} INFO - [2021-07-14 19:59:46,313] {dagbag.py:496} INFO - Filling up the DagBag from /home/airflow/.local/lib/python3.6/site-packages/airflow/example_dags/example_branch_datetime_operator.py
[2021-07-14 19:59:46,331] {scheduler_job.py:643} INFO - DAG(s) dict_keys(['example_branch_datetime_operator_2']) retrieved from /home/airflow/.local/lib/python3.6/site-packages/airflow/example_dags/example_branch_datetime_operator.py
[2021-07-14 19:59:46,353] {logging_mixin.py:104} INFO - [2021-07-14 19:59:46,353] {dag.py:1833} INFO - Sync 1 DAGs
[2021-07-14 19:59:46,374] {logging_mixin.py:104} INFO - [2021-07-14 19:59:46,374] {dag.py:2306} INFO - Setting next_dagrun for example_branch_datetime_operator_2 to 2021-07-12 00:00:00+00:00
[2021-07-14 19:59:46,385] {scheduler_job.py:190} INFO - Processing /home/airflow/.local/lib/python3.6/site-packages/airflow/example_dags/example_branch_datetime_operator.py took 0.077 seconds
[2021-07-14 20:00:16,888] {scheduler_job.py:182} INFO - Started process (PID=339) to work on /home/airflow/.local/lib/python3.6/site-packages/airflow/example_dags/example_branch_datetime_operator.py
[2021-07-14 20:00:16,893] {scheduler_job.py:633} INFO - Processing file /home/airflow/.local/lib/python3.6/site-packages/airflow/example_dags/example_branch_datetime_operator.py for tasks to queue
[2021-07-14 20:00:16,894] {logging_mixin.py:104} INFO - [2021-07-14 20:00:16,894] {dagbag.py:496} INFO - Filling up the DagBag from /home/airflow/.local/lib/python3.6/site-packages/airflow/example_dags/example_branch_datetime_operator.py
[2021-07-14 20:00:16,908] {scheduler_job.py:643} INFO - DAG(s) dict_keys(['example_branch_datetime_operator_2']) retrieved from /home/airflow/.local/lib/python3.6/site-packages/airflow/example_dags/example_branch_datetime_operator.py
[2021-07-14 20:00:16,930] {logging_mixin.py:104} INFO - [2021-07-14 20:00:16,930] {dag.py:1833} INFO - Sync 1 DAGs
[2021-07-14 20:00:16,951] {logging_mixin.py:104} INFO - [2021-07-14 20:00:16,951] {dag.py:2306} INFO - Setting next_dagrun for example_branch_datetime_operator_2 to 2021-07-12 00:00:00+00:00
[2021-07-14 20:00:16,963] {scheduler_job.py:190} INFO - Processing /home/airflow/.local/lib/python3.6/site-packages/airflow/example_dags/example_branch_datetime_operator.py took 0.079 seconds
[2021-07-14 20:00:47,230] {scheduler_job.py:182} INFO - Started process (PID=392) to work on /home/airflow/.local/lib/python3.6/site-packages/airflow/example_dags/example_branch_datetime_operator.py
[2021-07-14 20:00:47,231] {scheduler_job.py:633} INFO - Processing file /home/airflow/.local/lib/python3.6/site-packages/airflow/example_dags/example_branch_datetime_operator.py for tasks to queue
[2021-07-14 20:00:47,232] {logging_mixin.py:104} INFO - [2021-07-14 20:00:47,232] {dagbag.py:496} INFO - Filling up the DagBag from /home/airflow/.local/lib/python3.6/site-packages/airflow/example_dags/example_branch_datetime_operator.py
[2021-07-14 20:00:47,245] {scheduler_job.py:643} INFO - DAG(s) dict_keys(['example_branch_datetime_operator_2']) retrieved from /home/airflow/.local/lib/python3.6/site-packages/airflow/example_dags/example_branch_datetime_operator.py
[2021-07-14 20:00:47,266] {logging_mixin.py:104} INFO - [2021-07-14 20:00:47,265] {dag.py:1833} INFO - Sync 1 DAGs
[2021-07-14 20:00:47,286] {logging_mixin.py:104} INFO - [2021-07-14 20:00:47,286] {dag.py:2306} INFO - Setting next_dagrun for example_branch_datetime_operator_2 to 2021-07-12 00:00:00+00:00
[2021-07-14 20:00:47,298] {scheduler_job.py:190} INFO - Processing /home/airflow/.local/lib/python3.6/site-packages/airflow/example_dags/example_branch_datetime_operator.py took 0.071 seconds
[2021-07-14 20:01:17,466] {scheduler_job.py:182} INFO - Started process (PID=455) to work on /home/airflow/.local/lib/python3.6/site-packages/airflow/example_dags/example_branch_datetime_operator.py
[2021-07-14 20:01:17,467] {scheduler_job.py:633} INFO - Processing file /home/airflow/.local/lib/python3.6/site-packages/airflow/example_dags/example_branch_datetime_operator.py for tasks to queue
[2021-07-14 20:01:17,468] {logging_mixin.py:104} INFO - [2021-07-14 20:01:17,468] {dagbag.py:496} INFO - Filling up the DagBag from /home/airflow/.local/lib/python3.6/site-packages/airflow/example_dags/example_branch_datetime_operator.py
[2021-07-14 20:01:17,481] {scheduler_job.py:643} INFO - DAG(s) dict_keys(['example_branch_datetime_operator_2']) retrieved from /home/airflow/.local/lib/python3.6/site-packages/airflow/example_dags/example_branch_datetime_operator.py
[2021-07-14 20:01:17,506] {logging_mixin.py:104} INFO - [2021-07-14 20:01:17,505] {dag.py:1833} INFO - Sync 1 DAGs
[2021-07-14 20:01:17,528] {logging_mixin.py:104} INFO - [2021-07-14 20:01:17,527] {dag.py:2306} INFO - Setting next_dagrun for example_branch_datetime_operator_2 to 2021-07-12 00:00:00+00:00
[2021-07-14 20:01:17,539] {scheduler_job.py:190} INFO - Processing /home/airflow/.local/lib/python3.6/site-packages/airflow/example_dags/example_branch_datetime_operator.py took 0.076 seconds
[2021-07-14 20:01:48,026] {scheduler_job.py:182} INFO - Started process (PID=509) to work on /home/airflow/.local/lib/python3.6/site-packages/airflow/example_dags/example_branch_datetime_operator.py
[2021-07-14 20:01:48,027] {scheduler_job.py:633} INFO - Processing file /home/airflow/.local/lib/python3.6/site-packages/airflow/example_dags/example_branch_datetime_operator.py for tasks to queue
[2021-07-14 20:01:48,028] {logging_mixin.py:104} INFO - [2021-07-14 20:01:48,028] {dagbag.py:496} INFO - Filling up the DagBag from /home/airflow/.local/lib/python3.6/site-packages/airflow/example_dags/example_branch_datetime_operator.py
[2021-07-14 20:01:48,040] {scheduler_job.py:643} INFO - DAG(s) dict_keys(['example_branch_datetime_operator_2']) retrieved from /home/airflow/.local/lib/python3.6/site-packages/airflow/example_dags/example_branch_datetime_operator.py
[2021-07-14 20:01:48,062] {logging_mixin.py:104} INFO - [2021-07-14 20:01:48,062] {dag.py:1833} INFO - Sync 1 DAGs
[2021-07-14 20:01:48,081] {logging_mixin.py:104} INFO - [2021-07-14 20:01:48,081] {dag.py:2306} INFO - Setting next_dagrun for example_branch_datetime_operator_2 to 2021-07-12 00:00:00+00:00
[2021-07-14 20:01:48,093] {scheduler_job.py:190} INFO - Processing /home/airflow/.local/lib/python3.6/site-packages/airflow/example_dags/example_branch_datetime_operator.py took 0.070 seconds
[2021-07-14 20:02:18,378] {scheduler_job.py:182} INFO - Started process (PID=576) to work on /home/airflow/.local/lib/python3.6/site-packages/airflow/example_dags/example_branch_datetime_operator.py
[2021-07-14 20:02:18,380] {scheduler_job.py:633} INFO - Processing file /home/airflow/.local/lib/python3.6/site-packages/airflow/example_dags/example_branch_datetime_operator.py for tasks to queue
[2021-07-14 20:02:18,381] {logging_mixin.py:104} INFO - [2021-07-14 20:02:18,381] {dagbag.py:496} INFO - Filling up the DagBag from /home/airflow/.local/lib/python3.6/site-packages/airflow/example_dags/example_branch_datetime_operator.py
[2021-07-14 20:02:18,407] {scheduler_job.py:643} INFO - DAG(s) dict_keys(['example_branch_datetime_operator_2']) retrieved from /home/airflow/.local/lib/python3.6/site-packages/airflow/example_dags/example_branch_datetime_operator.py
[2021-07-14 20:02:18,443] {logging_mixin.py:104} INFO - [2021-07-14 20:02:18,442] {dag.py:1833} INFO - Sync 1 DAGs
[2021-07-14 20:02:18,484] {logging_mixin.py:104} INFO - [2021-07-14 20:02:18,484] {dag.py:2306} INFO - Setting next_dagrun for example_branch_datetime_operator_2 to 2021-07-12 00:00:00+00:00
[2021-07-14 20:02:18,499] {scheduler_job.py:190} INFO - Processing /home/airflow/.local/lib/python3.6/site-packages/airflow/example_dags/example_branch_datetime_operator.py took 0.124 seconds
[2021-07-14 20:02:49,382] {scheduler_job.py:182} INFO - Started process (PID=630) to work on /home/airflow/.local/lib/python3.6/site-packages/airflow/example_dags/example_branch_datetime_operator.py
[2021-07-14 20:02:49,384] {scheduler_job.py:633} INFO - Processing file /home/airflow/.local/lib/python3.6/site-packages/airflow/example_dags/example_branch_datetime_operator.py for tasks to queue
[2021-07-14 20:02:49,385] {logging_mixin.py:104} INFO - [2021-07-14 20:02:49,385] {dagbag.py:496} INFO - Filling up the DagBag from /home/airflow/.local/lib/python3.6/site-packages/airflow/example_dags/example_branch_datetime_operator.py
[2021-07-14 20:02:49,401] {scheduler_job.py:643} INFO - DAG(s) dict_keys(['example_branch_datetime_operator_2']) retrieved from /home/airflow/.local/lib/python3.6/site-packages/airflow/example_dags/example_branch_datetime_operator.py
[2021-07-14 20:02:49,428] {logging_mixin.py:104} INFO - [2021-07-14 20:02:49,428] {dag.py:1833} INFO - Sync 1 DAGs
[2021-07-14 20:02:49,452] {logging_mixin.py:104} INFO - [2021-07-14 20:02:49,452] {dag.py:2306} INFO - Setting next_dagrun for example_branch_datetime_operator_2 to 2021-07-12 00:00:00+00:00
[2021-07-14 20:02:49,462] {scheduler_job.py:190} INFO - Processing /home/airflow/.local/lib/python3.6/site-packages/airflow/example_dags/example_branch_datetime_operator.py took 0.083 seconds
[2021-07-14 20:03:19,476] {scheduler_job.py:182} INFO - Started process (PID=694) to work on /home/airflow/.local/lib/python3.6/site-packages/airflow/example_dags/example_branch_datetime_operator.py
[2021-07-14 20:03:19,476] {scheduler_job.py:633} INFO - Processing file /home/airflow/.local/lib/python3.6/site-packages/airflow/example_dags/example_branch_datetime_operator.py for tasks to queue
[2021-07-14 20:03:19,477] {logging_mixin.py:104} INFO - [2021-07-14 20:03:19,477] {dagbag.py:496} INFO - Filling up the DagBag from /home/airflow/.local/lib/python3.6/site-packages/airflow/example_dags/example_branch_datetime_operator.py
[2021-07-14 20:03:19,492] {scheduler_job.py:643} INFO - DAG(s) dict_keys(['example_branch_datetime_operator_2']) retrieved from /home/airflow/.local/lib/python3.6/site-packages/airflow/example_dags/example_branch_datetime_operator.py
[2021-07-14 20:03:19,513] {logging_mixin.py:104} INFO - [2021-07-14 20:03:19,513] {dag.py:1833} INFO - Sync 1 DAGs
[2021-07-14 20:03:19,531] {logging_mixin.py:104} INFO - [2021-07-14 20:03:19,531] {dag.py:2306} INFO - Setting next_dagrun for example_branch_datetime_operator_2 to 2021-07-12 00:00:00+00:00
[2021-07-14 20:03:19,540] {scheduler_job.py:190} INFO - Processing /home/airflow/.local/lib/python3.6/site-packages/airflow/example_dags/example_branch_datetime_operator.py took 0.067 seconds
[2021-07-14 20:03:49,980] {scheduler_job.py:182} INFO - Started process (PID=747) to work on /home/airflow/.local/lib/python3.6/site-packages/airflow/example_dags/example_branch_datetime_operator.py
[2021-07-14 20:03:49,982] {scheduler_job.py:633} INFO - Processing file /home/airflow/.local/lib/python3.6/site-packages/airflow/example_dags/example_branch_datetime_operator.py for tasks to queue
[2021-07-14 20:03:49,983] {logging_mixin.py:104} INFO - [2021-07-14 20:03:49,983] {dagbag.py:496} INFO - Filling up the DagBag from /home/airflow/.local/lib/python3.6/site-packages/airflow/example_dags/example_branch_datetime_operator.py
[2021-07-14 20:03:50,002] {scheduler_job.py:643} INFO - DAG(s) dict_keys(['example_branch_datetime_operator_2']) retrieved from /home/airflow/.local/lib/python3.6/site-packages/airflow/example_dags/example_branch_datetime_operator.py
[2021-07-14 20:03:50,028] {logging_mixin.py:104} INFO - [2021-07-14 20:03:50,028] {dag.py:1833} INFO - Sync 1 DAGs
[2021-07-14 20:03:50,055] {logging_mixin.py:104} INFO - [2021-07-14 20:03:50,055] {dag.py:2306} INFO - Setting next_dagrun for example_branch_datetime_operator_2 to 2021-07-12 00:00:00+00:00
[2021-07-14 20:03:50,069] {scheduler_job.py:190} INFO - Processing /home/airflow/.local/lib/python3.6/site-packages/airflow/example_dags/example_branch_datetime_operator.py took 0.092 seconds
[2021-07-14 20:04:20,255] {scheduler_job.py:182} INFO - Started process (PID=812) to work on /home/airflow/.local/lib/python3.6/site-packages/airflow/example_dags/example_branch_datetime_operator.py
[2021-07-14 20:04:20,256] {scheduler_job.py:633} INFO - Processing file /home/airflow/.local/lib/python3.6/site-packages/airflow/example_dags/example_branch_datetime_operator.py for tasks to queue
[2021-07-14 20:04:20,257] {logging_mixin.py:104} INFO - [2021-07-14 20:04:20,257] {dagbag.py:496} INFO - Filling up the DagBag from /home/airflow/.local/lib/python3.6/site-packages/airflow/example_dags/example_branch_datetime_operator.py
[2021-07-14 20:04:20,271] {scheduler_job.py:643} INFO - DAG(s) dict_keys(['example_branch_datetime_operator_2']) retrieved from /home/airflow/.local/lib/python3.6/site-packages/airflow/example_dags/example_branch_datetime_operator.py
[2021-07-14 20:04:20,294] {logging_mixin.py:104} INFO - [2021-07-14 20:04:20,294] {dag.py:1833} INFO - Sync 1 DAGs
[2021-07-14 20:04:20,312] {logging_mixin.py:104} INFO - [2021-07-14 20:04:20,312] {dag.py:2306} INFO - Setting next_dagrun for example_branch_datetime_operator_2 to 2021-07-12 00:00:00+00:00
[2021-07-14 20:04:20,321] {scheduler_job.py:190} INFO - Processing /home/airflow/.local/lib/python3.6/site-packages/airflow/example_dags/example_branch_datetime_operator.py took 0.069 seconds
[2021-07-14 20:04:50,595] {scheduler_job.py:182} INFO - Started process (PID=867) to work on /home/airflow/.local/lib/python3.6/site-packages/airflow/example_dags/example_branch_datetime_operator.py
[2021-07-14 20:04:50,596] {scheduler_job.py:633} INFO - Processing file /home/airflow/.local/lib/python3.6/site-packages/airflow/example_dags/example_branch_datetime_operator.py for tasks to queue
[2021-07-14 20:04:50,597] {logging_mixin.py:104} INFO - [2021-07-14 20:04:50,597] {dagbag.py:496} INFO - Filling up the DagBag from /home/airflow/.local/lib/python3.6/site-packages/airflow/example_dags/example_branch_datetime_operator.py
[2021-07-14 20:04:50,609] {scheduler_job.py:643} INFO - DAG(s) dict_keys(['example_branch_datetime_operator_2']) retrieved from /home/airflow/.local/lib/python3.6/site-packages/airflow/example_dags/example_branch_datetime_operator.py
[2021-07-14 20:04:50,630] {logging_mixin.py:104} INFO - [2021-07-14 20:04:50,630] {dag.py:1833} INFO - Sync 1 DAGs
[2021-07-14 20:04:50,651] {logging_mixin.py:104} INFO - [2021-07-14 20:04:50,651] {dag.py:2306} INFO - Setting next_dagrun for example_branch_datetime_operator_2 to 2021-07-12 00:00:00+00:00
[2021-07-14 20:04:50,660] {scheduler_job.py:190} INFO - Processing /home/airflow/.local/lib/python3.6/site-packages/airflow/example_dags/example_branch_datetime_operator.py took 0.069 seconds
[2021-07-14 20:05:21,031] {scheduler_job.py:182} INFO - Started process (PID=932) to work on /home/airflow/.local/lib/python3.6/site-packages/airflow/example_dags/example_branch_datetime_operator.py
[2021-07-14 20:05:21,033] {scheduler_job.py:633} INFO - Processing file /home/airflow/.local/lib/python3.6/site-packages/airflow/example_dags/example_branch_datetime_operator.py for tasks to queue
[2021-07-14 20:05:21,033] {logging_mixin.py:104} INFO - [2021-07-14 20:05:21,033] {dagbag.py:496} INFO - Filling up the DagBag from /home/airflow/.local/lib/python3.6/site-packages/airflow/example_dags/example_branch_datetime_operator.py
[2021-07-14 20:05:21,047] {scheduler_job.py:643} INFO - DAG(s) dict_keys(['example_branch_datetime_operator_2']) retrieved from /home/airflow/.local/lib/python3.6/site-packages/airflow/example_dags/example_branch_datetime_operator.py
[2021-07-14 20:05:21,074] {logging_mixin.py:104} INFO - [2021-07-14 20:05:21,074] {dag.py:1833} INFO - Sync 1 DAGs
[2021-07-14 20:05:21,102] {logging_mixin.py:104} INFO - [2021-07-14 20:05:21,102] {dag.py:2306} INFO - Setting next_dagrun for example_branch_datetime_operator_2 to 2021-07-12 00:00:00+00:00
[2021-07-14 20:05:21,115] {scheduler_job.py:190} INFO - Processing /home/airflow/.local/lib/python3.6/site-packages/airflow/example_dags/example_branch_datetime_operator.py took 0.088 seconds
[2021-07-14 20:05:51,246] {scheduler_job.py:182} INFO - Started process (PID=986) to work on /home/airflow/.local/lib/python3.6/site-packages/airflow/example_dags/example_branch_datetime_operator.py
[2021-07-14 20:05:51,247] {scheduler_job.py:633} INFO - Processing file /home/airflow/.local/lib/python3.6/site-packages/airflow/example_dags/example_branch_datetime_operator.py for tasks to queue
[2021-07-14 20:05:51,248] {logging_mixin.py:104} INFO - [2021-07-14 20:05:51,248] {dagbag.py:496} INFO - Filling up the DagBag from /home/airflow/.local/lib/python3.6/site-packages/airflow/example_dags/example_branch_datetime_operator.py
[2021-07-14 20:05:51,266] {scheduler_job.py:643} INFO - DAG(s) dict_keys(['example_branch_datetime_operator_2']) retrieved from /home/airflow/.local/lib/python3.6/site-packages/airflow/example_dags/example_branch_datetime_operator.py
[2021-07-14 20:05:51,290] {logging_mixin.py:104} INFO - [2021-07-14 20:05:51,289] {dag.py:1833} INFO - Sync 1 DAGs
[2021-07-14 20:05:51,308] {logging_mixin.py:104} INFO - [2021-07-14 20:05:51,308] {dag.py:2306} INFO - Setting next_dagrun for example_branch_datetime_operator_2 to 2021-07-12 00:00:00+00:00
[2021-07-14 20:05:51,318] {scheduler_job.py:190} INFO - Processing /home/airflow/.local/lib/python3.6/site-packages/airflow/example_dags/example_branch_datetime_operator.py took 0.077 seconds
[2021-07-14 20:06:21,761] {scheduler_job.py:182} INFO - Started process (PID=1049) to work on /home/airflow/.local/lib/python3.6/site-packages/airflow/example_dags/example_branch_datetime_operator.py
[2021-07-14 20:06:21,762] {scheduler_job.py:633} INFO - Processing file /home/airflow/.local/lib/python3.6/site-packages/airflow/example_dags/example_branch_datetime_operator.py for tasks to queue
[2021-07-14 20:06:21,763] {logging_mixin.py:104} INFO - [2021-07-14 20:06:21,763] {dagbag.py:496} INFO - Filling up the DagBag from /home/airflow/.local/lib/python3.6/site-packages/airflow/example_dags/example_branch_datetime_operator.py
[2021-07-14 20:06:21,781] {scheduler_job.py:643} INFO - DAG(s) dict_keys(['example_branch_datetime_operator_2']) retrieved from /home/airflow/.local/lib/python3.6/site-packages/airflow/example_dags/example_branch_datetime_operator.py
[2021-07-14 20:06:21,823] {logging_mixin.py:104} INFO - [2021-07-14 20:06:21,822] {dag.py:1833} INFO - Sync 1 DAGs
[2021-07-14 20:06:21,856] {logging_mixin.py:104} INFO - [2021-07-14 20:06:21,856] {dag.py:2306} INFO - Setting next_dagrun for example_branch_datetime_operator_2 to 2021-07-12 00:00:00+00:00
[2021-07-14 20:06:21,869] {scheduler_job.py:190} INFO - Processing /home/airflow/.local/lib/python3.6/site-packages/airflow/example_dags/example_branch_datetime_operator.py took 0.112 seconds
[2021-07-14 20:06:53,013] {scheduler_job.py:182} INFO - Started process (PID=1112) to work on /home/airflow/.local/lib/python3.6/site-packages/airflow/example_dags/example_branch_datetime_operator.py
[2021-07-14 20:06:53,015] {scheduler_job.py:633} INFO - Processing file /home/airflow/.local/lib/python3.6/site-packages/airflow/example_dags/example_branch_datetime_operator.py for tasks to queue
[2021-07-14 20:06:53,017] {logging_mixin.py:104} INFO - [2021-07-14 20:06:53,017] {dagbag.py:496} INFO - Filling up the DagBag from /home/airflow/.local/lib/python3.6/site-packages/airflow/example_dags/example_branch_datetime_operator.py
[2021-07-14 20:06:53,044] {scheduler_job.py:643} INFO - DAG(s) dict_keys(['example_branch_datetime_operator_2']) retrieved from /home/airflow/.local/lib/python3.6/site-packages/airflow/example_dags/example_branch_datetime_operator.py
[2021-07-14 20:06:53,089] {logging_mixin.py:104} INFO - [2021-07-14 20:06:53,089] {dag.py:1833} INFO - Sync 1 DAGs
[2021-07-14 20:06:53,128] {logging_mixin.py:104} INFO - [2021-07-14 20:06:53,127] {dag.py:2306} INFO - Setting next_dagrun for example_branch_datetime_operator_2 to 2021-07-12 00:00:00+00:00
[2021-07-14 20:06:53,146] {scheduler_job.py:190} INFO - Processing /home/airflow/.local/lib/python3.6/site-packages/airflow/example_dags/example_branch_datetime_operator.py took 0.140 seconds
[2021-07-14 20:07:23,702] {scheduler_job.py:182} INFO - Started process (PID=1166) to work on /home/airflow/.local/lib/python3.6/site-packages/airflow/example_dags/example_branch_datetime_operator.py
[2021-07-14 20:07:23,704] {scheduler_job.py:633} INFO - Processing file /home/airflow/.local/lib/python3.6/site-packages/airflow/example_dags/example_branch_datetime_operator.py for tasks to queue
[2021-07-14 20:07:23,705] {logging_mixin.py:104} INFO - [2021-07-14 20:07:23,704] {dagbag.py:496} INFO - Filling up the DagBag from /home/airflow/.local/lib/python3.6/site-packages/airflow/example_dags/example_branch_datetime_operator.py
[2021-07-14 20:07:23,720] {scheduler_job.py:643} INFO - DAG(s) dict_keys(['example_branch_datetime_operator_2']) retrieved from /home/airflow/.local/lib/python3.6/site-packages/airflow/example_dags/example_branch_datetime_operator.py
[2021-07-14 20:07:23,743] {logging_mixin.py:104} INFO - [2021-07-14 20:07:23,743] {dag.py:1833} INFO - Sync 1 DAGs
[2021-07-14 20:07:23,766] {logging_mixin.py:104} INFO - [2021-07-14 20:07:23,766] {dag.py:2306} INFO - Setting next_dagrun for example_branch_datetime_operator_2 to 2021-07-12 00:00:00+00:00
[2021-07-14 20:07:23,777] {scheduler_job.py:190} INFO - Processing /home/airflow/.local/lib/python3.6/site-packages/airflow/example_dags/example_branch_datetime_operator.py took 0.077 seconds
[2021-07-14 20:07:54,374] {scheduler_job.py:182} INFO - Started process (PID=1231) to work on /home/airflow/.local/lib/python3.6/site-packages/airflow/example_dags/example_branch_datetime_operator.py
[2021-07-14 20:07:54,375] {scheduler_job.py:633} INFO - Processing file /home/airflow/.local/lib/python3.6/site-packages/airflow/example_dags/example_branch_datetime_operator.py for tasks to queue
[2021-07-14 20:07:54,377] {logging_mixin.py:104} INFO - [2021-07-14 20:07:54,376] {dagbag.py:496} INFO - Filling up the DagBag from /home/airflow/.local/lib/python3.6/site-packages/airflow/example_dags/example_branch_datetime_operator.py
[2021-07-14 20:07:54,397] {scheduler_job.py:643} INFO - DAG(s) dict_keys(['example_branch_datetime_operator_2']) retrieved from /home/airflow/.local/lib/python3.6/site-packages/airflow/example_dags/example_branch_datetime_operator.py
[2021-07-14 20:07:54,432] {logging_mixin.py:104} INFO - [2021-07-14 20:07:54,431] {dag.py:1833} INFO - Sync 1 DAGs
[2021-07-14 20:07:54,467] {logging_mixin.py:104} INFO - [2021-07-14 20:07:54,467] {dag.py:2306} INFO - Setting next_dagrun for example_branch_datetime_operator_2 to 2021-07-12 00:00:00+00:00
[2021-07-14 20:07:54,485] {scheduler_job.py:190} INFO - Processing /home/airflow/.local/lib/python3.6/site-packages/airflow/example_dags/example_branch_datetime_operator.py took 0.116 seconds
[2021-07-14 20:08:24,732] {scheduler_job.py:182} INFO - Started process (PID=1286) to work on /home/airflow/.local/lib/python3.6/site-packages/airflow/example_dags/example_branch_datetime_operator.py
[2021-07-14 20:08:24,733] {scheduler_job.py:633} INFO - Processing file /home/airflow/.local/lib/python3.6/site-packages/airflow/example_dags/example_branch_datetime_operator.py for tasks to queue
[2021-07-14 20:08:24,734] {logging_mixin.py:104} INFO - [2021-07-14 20:08:24,734] {dagbag.py:496} INFO - Filling up the DagBag from /home/airflow/.local/lib/python3.6/site-packages/airflow/example_dags/example_branch_datetime_operator.py
[2021-07-14 20:08:24,747] {scheduler_job.py:643} INFO - DAG(s) dict_keys(['example_branch_datetime_operator_2']) retrieved from /home/airflow/.local/lib/python3.6/site-packages/airflow/example_dags/example_branch_datetime_operator.py
[2021-07-14 20:08:24,768] {logging_mixin.py:104} INFO - [2021-07-14 20:08:24,768] {dag.py:1833} INFO - Sync 1 DAGs
[2021-07-14 20:08:24,788] {logging_mixin.py:104} INFO - [2021-07-14 20:08:24,788] {dag.py:2306} INFO - Setting next_dagrun for example_branch_datetime_operator_2 to 2021-07-12 00:00:00+00:00
[2021-07-14 20:08:24,799] {scheduler_job.py:190} INFO - Processing /home/airflow/.local/lib/python3.6/site-packages/airflow/example_dags/example_branch_datetime_operator.py took 0.070 seconds
[2021-07-14 20:08:55,384] {scheduler_job.py:182} INFO - Started process (PID=1349) to work on /home/airflow/.local/lib/python3.6/site-packages/airflow/example_dags/example_branch_datetime_operator.py
[2021-07-14 20:08:55,385] {scheduler_job.py:633} INFO - Processing file /home/airflow/.local/lib/python3.6/site-packages/airflow/example_dags/example_branch_datetime_operator.py for tasks to queue
[2021-07-14 20:08:55,385] {logging_mixin.py:104} INFO - [2021-07-14 20:08:55,385] {dagbag.py:496} INFO - Filling up the DagBag from /home/airflow/.local/lib/python3.6/site-packages/airflow/example_dags/example_branch_datetime_operator.py
[2021-07-14 20:08:55,399] {scheduler_job.py:643} INFO - DAG(s) dict_keys(['example_branch_datetime_operator_2']) retrieved from /home/airflow/.local/lib/python3.6/site-packages/airflow/example_dags/example_branch_datetime_operator.py
[2021-07-14 20:08:55,426] {logging_mixin.py:104} INFO - [2021-07-14 20:08:55,425] {dag.py:1833} INFO - Sync 1 DAGs
[2021-07-14 20:08:55,453] {logging_mixin.py:104} INFO - [2021-07-14 20:08:55,453] {dag.py:2306} INFO - Setting next_dagrun for example_branch_datetime_operator_2 to 2021-07-12 00:00:00+00:00
[2021-07-14 20:08:55,464] {scheduler_job.py:190} INFO - Processing /home/airflow/.local/lib/python3.6/site-packages/airflow/example_dags/example_branch_datetime_operator.py took 0.084 seconds
[2021-07-14 20:09:25,967] {scheduler_job.py:182} INFO - Started process (PID=1403) to work on /home/airflow/.local/lib/python3.6/site-packages/airflow/example_dags/example_branch_datetime_operator.py
[2021-07-14 20:09:25,968] {scheduler_job.py:633} INFO - Processing file /home/airflow/.local/lib/python3.6/site-packages/airflow/example_dags/example_branch_datetime_operator.py for tasks to queue
[2021-07-14 20:09:25,969] {logging_mixin.py:104} INFO - [2021-07-14 20:09:25,969] {dagbag.py:496} INFO - Filling up the DagBag from /home/airflow/.local/lib/python3.6/site-packages/airflow/example_dags/example_branch_datetime_operator.py
[2021-07-14 20:09:25,984] {scheduler_job.py:643} INFO - DAG(s) dict_keys(['example_branch_datetime_operator_2']) retrieved from /home/airflow/.local/lib/python3.6/site-packages/airflow/example_dags/example_branch_datetime_operator.py
[2021-07-14 20:09:26,008] {logging_mixin.py:104} INFO - [2021-07-14 20:09:26,007] {dag.py:1833} INFO - Sync 1 DAGs
[2021-07-14 20:09:26,029] {logging_mixin.py:104} INFO - [2021-07-14 20:09:26,029] {dag.py:2306} INFO - Setting next_dagrun for example_branch_datetime_operator_2 to 2021-07-12 00:00:00+00:00
[2021-07-14 20:09:26,040] {scheduler_job.py:190} INFO - Processing /home/airflow/.local/lib/python3.6/site-packages/airflow/example_dags/example_branch_datetime_operator.py took 0.076 seconds
[2021-07-14 20:09:56,210] {scheduler_job.py:182} INFO - Started process (PID=1468) to work on /home/airflow/.local/lib/python3.6/site-packages/airflow/example_dags/example_branch_datetime_operator.py
[2021-07-14 20:09:56,212] {scheduler_job.py:633} INFO - Processing file /home/airflow/.local/lib/python3.6/site-packages/airflow/example_dags/example_branch_datetime_operator.py for tasks to queue
[2021-07-14 20:09:56,213] {logging_mixin.py:104} INFO - [2021-07-14 20:09:56,213] {dagbag.py:496} INFO - Filling up the DagBag from /home/airflow/.local/lib/python3.6/site-packages/airflow/example_dags/example_branch_datetime_operator.py
[2021-07-14 20:09:56,228] {scheduler_job.py:643} INFO - DAG(s) dict_keys(['example_branch_datetime_operator_2']) retrieved from /home/airflow/.local/lib/python3.6/site-packages/airflow/example_dags/example_branch_datetime_operator.py
[2021-07-14 20:09:56,251] {logging_mixin.py:104} INFO - [2021-07-14 20:09:56,251] {dag.py:1833} INFO - Sync 1 DAGs
[2021-07-14 20:09:56,277] {logging_mixin.py:104} INFO - [2021-07-14 20:09:56,277] {dag.py:2306} INFO - Setting next_dagrun for example_branch_datetime_operator_2 to 2021-07-12 00:00:00+00:00
[2021-07-14 20:09:56,290] {scheduler_job.py:190} INFO - Processing /home/airflow/.local/lib/python3.6/site-packages/airflow/example_dags/example_branch_datetime_operator.py took 0.083 seconds
[2021-07-14 20:10:26,649] {scheduler_job.py:182} INFO - Started process (PID=1530) to work on /home/airflow/.local/lib/python3.6/site-packages/airflow/example_dags/example_branch_datetime_operator.py
[2021-07-14 20:10:26,650] {scheduler_job.py:633} INFO - Processing file /home/airflow/.local/lib/python3.6/site-packages/airflow/example_dags/example_branch_datetime_operator.py for tasks to queue
[2021-07-14 20:10:26,651] {logging_mixin.py:104} INFO - [2021-07-14 20:10:26,651] {dagbag.py:496} INFO - Filling up the DagBag from /home/airflow/.local/lib/python3.6/site-packages/airflow/example_dags/example_branch_datetime_operator.py
[2021-07-14 20:10:26,664] {scheduler_job.py:643} INFO - DAG(s) dict_keys(['example_branch_datetime_operator_2']) retrieved from /home/airflow/.local/lib/python3.6/site-packages/airflow/example_dags/example_branch_datetime_operator.py
[2021-07-14 20:10:26,688] {logging_mixin.py:104} INFO - [2021-07-14 20:10:26,688] {dag.py:1833} INFO - Sync 1 DAGs
[2021-07-14 20:10:26,710] {logging_mixin.py:104} INFO - [2021-07-14 20:10:26,710] {dag.py:2306} INFO - Setting next_dagrun for example_branch_datetime_operator_2 to 2021-07-12 00:00:00+00:00
[2021-07-14 20:10:26,725] {scheduler_job.py:190} INFO - Processing /home/airflow/.local/lib/python3.6/site-packages/airflow/example_dags/example_branch_datetime_operator.py took 0.080 seconds
[2021-07-14 20:10:56,906] {scheduler_job.py:182} INFO - Started process (PID=1585) to work on /home/airflow/.local/lib/python3.6/site-packages/airflow/example_dags/example_branch_datetime_operator.py
[2021-07-14 20:10:56,907] {scheduler_job.py:633} INFO - Processing file /home/airflow/.local/lib/python3.6/site-packages/airflow/example_dags/example_branch_datetime_operator.py for tasks to queue
[2021-07-14 20:10:56,908] {logging_mixin.py:104} INFO - [2021-07-14 20:10:56,908] {dagbag.py:496} INFO - Filling up the DagBag from /home/airflow/.local/lib/python3.6/site-packages/airflow/example_dags/example_branch_datetime_operator.py
[2021-07-14 20:10:56,923] {scheduler_job.py:643} INFO - DAG(s) dict_keys(['example_branch_datetime_operator_2']) retrieved from /home/airflow/.local/lib/python3.6/site-packages/airflow/example_dags/example_branch_datetime_operator.py
[2021-07-14 20:10:56,945] {logging_mixin.py:104} INFO - [2021-07-14 20:10:56,945] {dag.py:1833} INFO - Sync 1 DAGs
[2021-07-14 20:10:56,965] {logging_mixin.py:104} INFO - [2021-07-14 20:10:56,965] {dag.py:2306} INFO - Setting next_dagrun for example_branch_datetime_operator_2 to 2021-07-12 00:00:00+00:00
[2021-07-14 20:10:56,976] {scheduler_job.py:190} INFO - Processing /home/airflow/.local/lib/python3.6/site-packages/airflow/example_dags/example_branch_datetime_operator.py took 0.073 seconds
[2021-07-14 20:11:27,219] {scheduler_job.py:182} INFO - Started process (PID=1649) to work on /home/airflow/.local/lib/python3.6/site-packages/airflow/example_dags/example_branch_datetime_operator.py
[2021-07-14 20:11:27,220] {scheduler_job.py:633} INFO - Processing file /home/airflow/.local/lib/python3.6/site-packages/airflow/example_dags/example_branch_datetime_operator.py for tasks to queue
[2021-07-14 20:11:27,221] {logging_mixin.py:104} INFO - [2021-07-14 20:11:27,221] {dagbag.py:496} INFO - Filling up the DagBag from /home/airflow/.local/lib/python3.6/site-packages/airflow/example_dags/example_branch_datetime_operator.py
[2021-07-14 20:11:27,238] {scheduler_job.py:643} INFO - DAG(s) dict_keys(['example_branch_datetime_operator_2']) retrieved from /home/airflow/.local/lib/python3.6/site-packages/airflow/example_dags/example_branch_datetime_operator.py
[2021-07-14 20:11:27,279] {logging_mixin.py:104} INFO - [2021-07-14 20:11:27,279] {dag.py:1833} INFO - Sync 1 DAGs
[2021-07-14 20:11:27,319] {logging_mixin.py:104} INFO - [2021-07-14 20:11:27,318] {dag.py:2306} INFO - Setting next_dagrun for example_branch_datetime_operator_2 to 2021-07-12 00:00:00+00:00
[2021-07-14 20:11:27,338] {scheduler_job.py:190} INFO - Processing /home/airflow/.local/lib/python3.6/site-packages/airflow/example_dags/example_branch_datetime_operator.py took 0.123 seconds
[2021-07-14 20:11:58,115] {scheduler_job.py:182} INFO - Started process (PID=1704) to work on /home/airflow/.local/lib/python3.6/site-packages/airflow/example_dags/example_branch_datetime_operator.py
[2021-07-14 20:11:58,117] {scheduler_job.py:633} INFO - Processing file /home/airflow/.local/lib/python3.6/site-packages/airflow/example_dags/example_branch_datetime_operator.py for tasks to queue
[2021-07-14 20:11:58,118] {logging_mixin.py:104} INFO - [2021-07-14 20:11:58,118] {dagbag.py:496} INFO - Filling up the DagBag from /home/airflow/.local/lib/python3.6/site-packages/airflow/example_dags/example_branch_datetime_operator.py
[2021-07-14 20:11:58,136] {scheduler_job.py:643} INFO - DAG(s) dict_keys(['example_branch_datetime_operator_2']) retrieved from /home/airflow/.local/lib/python3.6/site-packages/airflow/example_dags/example_branch_datetime_operator.py
[2021-07-14 20:11:58,165] {logging_mixin.py:104} INFO - [2021-07-14 20:11:58,165] {dag.py:1833} INFO - Sync 1 DAGs
[2021-07-14 20:11:58,187] {logging_mixin.py:104} INFO - [2021-07-14 20:11:58,186] {dag.py:2306} INFO - Setting next_dagrun for example_branch_datetime_operator_2 to 2021-07-12 00:00:00+00:00
[2021-07-14 20:11:58,197] {scheduler_job.py:190} INFO - Processing /home/airflow/.local/lib/python3.6/site-packages/airflow/example_dags/example_branch_datetime_operator.py took 0.085 seconds
[2021-07-14 20:12:29,258] {scheduler_job.py:182} INFO - Started process (PID=1770) to work on /home/airflow/.local/lib/python3.6/site-packages/airflow/example_dags/example_branch_datetime_operator.py
[2021-07-14 20:12:29,259] {scheduler_job.py:633} INFO - Processing file /home/airflow/.local/lib/python3.6/site-packages/airflow/example_dags/example_branch_datetime_operator.py for tasks to queue
[2021-07-14 20:12:29,260] {logging_mixin.py:104} INFO - [2021-07-14 20:12:29,260] {dagbag.py:496} INFO - Filling up the DagBag from /home/airflow/.local/lib/python3.6/site-packages/airflow/example_dags/example_branch_datetime_operator.py
[2021-07-14 20:12:29,272] {scheduler_job.py:643} INFO - DAG(s) dict_keys(['example_branch_datetime_operator_2']) retrieved from /home/airflow/.local/lib/python3.6/site-packages/airflow/example_dags/example_branch_datetime_operator.py
[2021-07-14 20:12:29,292] {logging_mixin.py:104} INFO - [2021-07-14 20:12:29,292] {dag.py:1833} INFO - Sync 1 DAGs
[2021-07-14 20:12:29,312] {logging_mixin.py:104} INFO - [2021-07-14 20:12:29,312] {dag.py:2306} INFO - Setting next_dagrun for example_branch_datetime_operator_2 to 2021-07-12 00:00:00+00:00
[2021-07-14 20:12:29,322] {scheduler_job.py:190} INFO - Processing /home/airflow/.local/lib/python3.6/site-packages/airflow/example_dags/example_branch_datetime_operator.py took 0.066 seconds
[2021-07-14 20:12:59,401] {scheduler_job.py:182} INFO - Started process (PID=1822) to work on /home/airflow/.local/lib/python3.6/site-packages/airflow/example_dags/example_branch_datetime_operator.py
[2021-07-14 20:12:59,402] {scheduler_job.py:633} INFO - Processing file /home/airflow/.local/lib/python3.6/site-packages/airflow/example_dags/example_branch_datetime_operator.py for tasks to queue
[2021-07-14 20:12:59,403] {logging_mixin.py:104} INFO - [2021-07-14 20:12:59,403] {dagbag.py:496} INFO - Filling up the DagBag from /home/airflow/.local/lib/python3.6/site-packages/airflow/example_dags/example_branch_datetime_operator.py
[2021-07-14 20:12:59,420] {scheduler_job.py:643} INFO - DAG(s) dict_keys(['example_branch_datetime_operator_2']) retrieved from /home/airflow/.local/lib/python3.6/site-packages/airflow/example_dags/example_branch_datetime_operator.py
[2021-07-14 20:12:59,445] {logging_mixin.py:104} INFO - [2021-07-14 20:12:59,445] {dag.py:1833} INFO - Sync 1 DAGs
[2021-07-14 20:12:59,471] {logging_mixin.py:104} INFO - [2021-07-14 20:12:59,471] {dag.py:2306} INFO - Setting next_dagrun for example_branch_datetime_operator_2 to 2021-07-12 00:00:00+00:00
[2021-07-14 20:12:59,482] {scheduler_job.py:190} INFO - Processing /home/airflow/.local/lib/python3.6/site-packages/airflow/example_dags/example_branch_datetime_operator.py took 0.084 seconds
[2021-07-14 20:13:29,839] {scheduler_job.py:182} INFO - Started process (PID=1888) to work on /home/airflow/.local/lib/python3.6/site-packages/airflow/example_dags/example_branch_datetime_operator.py
[2021-07-14 20:13:29,840] {scheduler_job.py:633} INFO - Processing file /home/airflow/.local/lib/python3.6/site-packages/airflow/example_dags/example_branch_datetime_operator.py for tasks to queue
[2021-07-14 20:13:29,841] {logging_mixin.py:104} INFO - [2021-07-14 20:13:29,841] {dagbag.py:496} INFO - Filling up the DagBag from /home/airflow/.local/lib/python3.6/site-packages/airflow/example_dags/example_branch_datetime_operator.py
[2021-07-14 20:13:29,854] {scheduler_job.py:643} INFO - DAG(s) dict_keys(['example_branch_datetime_operator_2']) retrieved from /home/airflow/.local/lib/python3.6/site-packages/airflow/example_dags/example_branch_datetime_operator.py
[2021-07-14 20:13:29,876] {logging_mixin.py:104} INFO - [2021-07-14 20:13:29,876] {dag.py:1833} INFO - Sync 1 DAGs
[2021-07-14 20:13:29,897] {logging_mixin.py:104} INFO - [2021-07-14 20:13:29,897] {dag.py:2306} INFO - Setting next_dagrun for example_branch_datetime_operator_2 to 2021-07-12 00:00:00+00:00
[2021-07-14 20:13:29,908] {scheduler_job.py:190} INFO - Processing /home/airflow/.local/lib/python3.6/site-packages/airflow/example_dags/example_branch_datetime_operator.py took 0.073 seconds
[2021-07-14 20:14:00,961] {scheduler_job.py:182} INFO - Started process (PID=1954) to work on /home/airflow/.local/lib/python3.6/site-packages/airflow/example_dags/example_branch_datetime_operator.py
[2021-07-14 20:14:00,962] {scheduler_job.py:633} INFO - Processing file /home/airflow/.local/lib/python3.6/site-packages/airflow/example_dags/example_branch_datetime_operator.py for tasks to queue
[2021-07-14 20:14:00,963] {logging_mixin.py:104} INFO - [2021-07-14 20:14:00,963] {dagbag.py:496} INFO - Filling up the DagBag from /home/airflow/.local/lib/python3.6/site-packages/airflow/example_dags/example_branch_datetime_operator.py
[2021-07-14 20:14:00,980] {scheduler_job.py:643} INFO - DAG(s) dict_keys(['example_branch_datetime_operator_2']) retrieved from /home/airflow/.local/lib/python3.6/site-packages/airflow/example_dags/example_branch_datetime_operator.py
[2021-07-14 20:14:01,003] {logging_mixin.py:104} INFO - [2021-07-14 20:14:01,003] {dag.py:1833} INFO - Sync 1 DAGs
[2021-07-14 20:14:01,028] {logging_mixin.py:104} INFO - [2021-07-14 20:14:01,028] {dag.py:2306} INFO - Setting next_dagrun for example_branch_datetime_operator_2 to 2021-07-12 00:00:00+00:00
[2021-07-14 20:14:01,041] {scheduler_job.py:190} INFO - Processing /home/airflow/.local/lib/python3.6/site-packages/airflow/example_dags/example_branch_datetime_operator.py took 0.083 seconds
[2021-07-14 20:14:31,080] {scheduler_job.py:182} INFO - Started process (PID=2006) to work on /home/airflow/.local/lib/python3.6/site-packages/airflow/example_dags/example_branch_datetime_operator.py
[2021-07-14 20:14:31,080] {scheduler_job.py:633} INFO - Processing file /home/airflow/.local/lib/python3.6/site-packages/airflow/example_dags/example_branch_datetime_operator.py for tasks to queue
[2021-07-14 20:14:31,081] {logging_mixin.py:104} INFO - [2021-07-14 20:14:31,081] {dagbag.py:496} INFO - Filling up the DagBag from /home/airflow/.local/lib/python3.6/site-packages/airflow/example_dags/example_branch_datetime_operator.py
[2021-07-14 20:14:31,092] {scheduler_job.py:643} INFO - DAG(s) dict_keys(['example_branch_datetime_operator_2']) retrieved from /home/airflow/.local/lib/python3.6/site-packages/airflow/example_dags/example_branch_datetime_operator.py
[2021-07-14 20:14:31,112] {logging_mixin.py:104} INFO - [2021-07-14 20:14:31,111] {dag.py:1833} INFO - Sync 1 DAGs
[2021-07-14 20:14:31,128] {logging_mixin.py:104} INFO - [2021-07-14 20:14:31,127] {dag.py:2306} INFO - Setting next_dagrun for example_branch_datetime_operator_2 to 2021-07-12 00:00:00+00:00
[2021-07-14 20:14:31,137] {scheduler_job.py:190} INFO - Processing /home/airflow/.local/lib/python3.6/site-packages/airflow/example_dags/example_branch_datetime_operator.py took 0.060 seconds
[2021-07-14 20:15:01,606] {scheduler_job.py:182} INFO - Started process (PID=2071) to work on /home/airflow/.local/lib/python3.6/site-packages/airflow/example_dags/example_branch_datetime_operator.py
[2021-07-14 20:15:01,608] {scheduler_job.py:633} INFO - Processing file /home/airflow/.local/lib/python3.6/site-packages/airflow/example_dags/example_branch_datetime_operator.py for tasks to queue
[2021-07-14 20:15:01,609] {logging_mixin.py:104} INFO - [2021-07-14 20:15:01,609] {dagbag.py:496} INFO - Filling up the DagBag from /home/airflow/.local/lib/python3.6/site-packages/airflow/example_dags/example_branch_datetime_operator.py
[2021-07-14 20:15:01,621] {scheduler_job.py:643} INFO - DAG(s) dict_keys(['example_branch_datetime_operator_2']) retrieved from /home/airflow/.local/lib/python3.6/site-packages/airflow/example_dags/example_branch_datetime_operator.py
[2021-07-14 20:15:01,642] {logging_mixin.py:104} INFO - [2021-07-14 20:15:01,642] {dag.py:1833} INFO - Sync 1 DAGs
[2021-07-14 20:15:01,663] {logging_mixin.py:104} INFO - [2021-07-14 20:15:01,663] {dag.py:2306} INFO - Setting next_dagrun for example_branch_datetime_operator_2 to 2021-07-12 00:00:00+00:00
[2021-07-14 20:15:01,676] {scheduler_job.py:190} INFO - Processing /home/airflow/.local/lib/python3.6/site-packages/airflow/example_dags/example_branch_datetime_operator.py took 0.072 seconds
[2021-07-14 20:15:32,180] {scheduler_job.py:182} INFO - Started process (PID=2125) to work on /home/airflow/.local/lib/python3.6/site-packages/airflow/example_dags/example_branch_datetime_operator.py
[2021-07-14 20:15:32,182] {scheduler_job.py:633} INFO - Processing file /home/airflow/.local/lib/python3.6/site-packages/airflow/example_dags/example_branch_datetime_operator.py for tasks to queue
[2021-07-14 20:15:32,182] {logging_mixin.py:104} INFO - [2021-07-14 20:15:32,182] {dagbag.py:496} INFO - Filling up the DagBag from /home/airflow/.local/lib/python3.6/site-packages/airflow/example_dags/example_branch_datetime_operator.py
[2021-07-14 20:15:32,200] {scheduler_job.py:643} INFO - DAG(s) dict_keys(['example_branch_datetime_operator_2']) retrieved from /home/airflow/.local/lib/python3.6/site-packages/airflow/example_dags/example_branch_datetime_operator.py
[2021-07-14 20:15:32,223] {logging_mixin.py:104} INFO - [2021-07-14 20:15:32,222] {dag.py:1833} INFO - Sync 1 DAGs
[2021-07-14 20:15:32,244] {logging_mixin.py:104} INFO - [2021-07-14 20:15:32,244] {dag.py:2306} INFO - Setting next_dagrun for example_branch_datetime_operator_2 to 2021-07-12 00:00:00+00:00
[2021-07-14 20:15:32,255] {scheduler_job.py:190} INFO - Processing /home/airflow/.local/lib/python3.6/site-packages/airflow/example_dags/example_branch_datetime_operator.py took 0.079 seconds
[2021-07-14 20:16:02,382] {scheduler_job.py:182} INFO - Started process (PID=2188) to work on /home/airflow/.local/lib/python3.6/site-packages/airflow/example_dags/example_branch_datetime_operator.py
[2021-07-14 20:16:02,384] {scheduler_job.py:633} INFO - Processing file /home/airflow/.local/lib/python3.6/site-packages/airflow/example_dags/example_branch_datetime_operator.py for tasks to queue
[2021-07-14 20:16:02,384] {logging_mixin.py:104} INFO - [2021-07-14 20:16:02,384] {dagbag.py:496} INFO - Filling up the DagBag from /home/airflow/.local/lib/python3.6/site-packages/airflow/example_dags/example_branch_datetime_operator.py
[2021-07-14 20:16:02,396] {scheduler_job.py:643} INFO - DAG(s) dict_keys(['example_branch_datetime_operator_2']) retrieved from /home/airflow/.local/lib/python3.6/site-packages/airflow/example_dags/example_branch_datetime_operator.py
[2021-07-14 20:16:02,420] {logging_mixin.py:104} INFO - [2021-07-14 20:16:02,419] {dag.py:1833} INFO - Sync 1 DAGs
[2021-07-14 20:16:02,439] {logging_mixin.py:104} INFO - [2021-07-14 20:16:02,439] {dag.py:2306} INFO - Setting next_dagrun for example_branch_datetime_operator_2 to 2021-07-12 00:00:00+00:00
[2021-07-14 20:16:02,448] {scheduler_job.py:190} INFO - Processing /home/airflow/.local/lib/python3.6/site-packages/airflow/example_dags/example_branch_datetime_operator.py took 0.068 seconds
[2021-07-14 20:16:33,388] {scheduler_job.py:182} INFO - Started process (PID=2242) to work on /home/airflow/.local/lib/python3.6/site-packages/airflow/example_dags/example_branch_datetime_operator.py
[2021-07-14 20:16:33,389] {scheduler_job.py:633} INFO - Processing file /home/airflow/.local/lib/python3.6/site-packages/airflow/example_dags/example_branch_datetime_operator.py for tasks to queue
[2021-07-14 20:16:33,390] {logging_mixin.py:104} INFO - [2021-07-14 20:16:33,390] {dagbag.py:496} INFO - Filling up the DagBag from /home/airflow/.local/lib/python3.6/site-packages/airflow/example_dags/example_branch_datetime_operator.py
[2021-07-14 20:16:33,403] {scheduler_job.py:643} INFO - DAG(s) dict_keys(['example_branch_datetime_operator_2']) retrieved from /home/airflow/.local/lib/python3.6/site-packages/airflow/example_dags/example_branch_datetime_operator.py
[2021-07-14 20:16:33,425] {logging_mixin.py:104} INFO - [2021-07-14 20:16:33,424] {dag.py:1833} INFO - Sync 1 DAGs
[2021-07-14 20:16:33,446] {logging_mixin.py:104} INFO - [2021-07-14 20:16:33,446] {dag.py:2306} INFO - Setting next_dagrun for example_branch_datetime_operator_2 to 2021-07-12 00:00:00+00:00
[2021-07-14 20:16:33,457] {scheduler_job.py:190} INFO - Processing /home/airflow/.local/lib/python3.6/site-packages/airflow/example_dags/example_branch_datetime_operator.py took 0.072 seconds
[2021-07-14 20:17:03,890] {scheduler_job.py:182} INFO - Started process (PID=2304) to work on /home/airflow/.local/lib/python3.6/site-packages/airflow/example_dags/example_branch_datetime_operator.py
[2021-07-14 20:17:03,891] {scheduler_job.py:633} INFO - Processing file /home/airflow/.local/lib/python3.6/site-packages/airflow/example_dags/example_branch_datetime_operator.py for tasks to queue
[2021-07-14 20:17:03,892] {logging_mixin.py:104} INFO - [2021-07-14 20:17:03,892] {dagbag.py:496} INFO - Filling up the DagBag from /home/airflow/.local/lib/python3.6/site-packages/airflow/example_dags/example_branch_datetime_operator.py
[2021-07-14 20:17:03,905] {scheduler_job.py:643} INFO - DAG(s) dict_keys(['example_branch_datetime_operator_2']) retrieved from /home/airflow/.local/lib/python3.6/site-packages/airflow/example_dags/example_branch_datetime_operator.py
[2021-07-14 20:17:03,932] {logging_mixin.py:104} INFO - [2021-07-14 20:17:03,932] {dag.py:1833} INFO - Sync 1 DAGs
[2021-07-14 20:17:03,959] {logging_mixin.py:104} INFO - [2021-07-14 20:17:03,959] {dag.py:2306} INFO - Setting next_dagrun for example_branch_datetime_operator_2 to 2021-07-12 00:00:00+00:00
[2021-07-14 20:17:03,972] {scheduler_job.py:190} INFO - Processing /home/airflow/.local/lib/python3.6/site-packages/airflow/example_dags/example_branch_datetime_operator.py took 0.085 seconds
[2021-07-14 20:17:34,477] {scheduler_job.py:182} INFO - Started process (PID=2357) to work on /home/airflow/.local/lib/python3.6/site-packages/airflow/example_dags/example_branch_datetime_operator.py
[2021-07-14 20:17:34,479] {scheduler_job.py:633} INFO - Processing file /home/airflow/.local/lib/python3.6/site-packages/airflow/example_dags/example_branch_datetime_operator.py for tasks to queue
[2021-07-14 20:17:34,479] {logging_mixin.py:104} INFO - [2021-07-14 20:17:34,479] {dagbag.py:496} INFO - Filling up the DagBag from /home/airflow/.local/lib/python3.6/site-packages/airflow/example_dags/example_branch_datetime_operator.py
[2021-07-14 20:17:34,493] {scheduler_job.py:643} INFO - DAG(s) dict_keys(['example_branch_datetime_operator_2']) retrieved from /home/airflow/.local/lib/python3.6/site-packages/airflow/example_dags/example_branch_datetime_operator.py
[2021-07-14 20:17:34,524] {logging_mixin.py:104} INFO - [2021-07-14 20:17:34,524] {dag.py:1833} INFO - Sync 1 DAGs
[2021-07-14 20:17:34,560] {logging_mixin.py:104} INFO - [2021-07-14 20:17:34,560] {dag.py:2306} INFO - Setting next_dagrun for example_branch_datetime_operator_2 to 2021-07-12 00:00:00+00:00
[2021-07-14 20:17:34,577] {scheduler_job.py:190} INFO - Processing /home/airflow/.local/lib/python3.6/site-packages/airflow/example_dags/example_branch_datetime_operator.py took 0.103 seconds
[2021-07-14 20:18:05,002] {scheduler_job.py:182} INFO - Started process (PID=2423) to work on /home/airflow/.local/lib/python3.6/site-packages/airflow/example_dags/example_branch_datetime_operator.py
[2021-07-14 20:18:05,003] {scheduler_job.py:633} INFO - Processing file /home/airflow/.local/lib/python3.6/site-packages/airflow/example_dags/example_branch_datetime_operator.py for tasks to queue
[2021-07-14 20:18:05,004] {logging_mixin.py:104} INFO - [2021-07-14 20:18:05,004] {dagbag.py:496} INFO - Filling up the DagBag from /home/airflow/.local/lib/python3.6/site-packages/airflow/example_dags/example_branch_datetime_operator.py
[2021-07-14 20:18:05,017] {scheduler_job.py:643} INFO - DAG(s) dict_keys(['example_branch_datetime_operator_2']) retrieved from /home/airflow/.local/lib/python3.6/site-packages/airflow/example_dags/example_branch_datetime_operator.py
[2021-07-14 20:18:05,039] {logging_mixin.py:104} INFO - [2021-07-14 20:18:05,039] {dag.py:1833} INFO - Sync 1 DAGs
[2021-07-14 20:18:05,061] {logging_mixin.py:104} INFO - [2021-07-14 20:18:05,061] {dag.py:2306} INFO - Setting next_dagrun for example_branch_datetime_operator_2 to 2021-07-12 00:00:00+00:00
[2021-07-14 20:18:05,072] {scheduler_job.py:190} INFO - Processing /home/airflow/.local/lib/python3.6/site-packages/airflow/example_dags/example_branch_datetime_operator.py took 0.073 seconds
[2021-07-14 20:18:35,830] {scheduler_job.py:182} INFO - Started process (PID=2476) to work on /home/airflow/.local/lib/python3.6/site-packages/airflow/example_dags/example_branch_datetime_operator.py
[2021-07-14 20:18:35,832] {scheduler_job.py:633} INFO - Processing file /home/airflow/.local/lib/python3.6/site-packages/airflow/example_dags/example_branch_datetime_operator.py for tasks to queue
[2021-07-14 20:18:35,833] {logging_mixin.py:104} INFO - [2021-07-14 20:18:35,833] {dagbag.py:496} INFO - Filling up the DagBag from /home/airflow/.local/lib/python3.6/site-packages/airflow/example_dags/example_branch_datetime_operator.py
[2021-07-14 20:18:35,854] {scheduler_job.py:643} INFO - DAG(s) dict_keys(['example_branch_datetime_operator_2']) retrieved from /home/airflow/.local/lib/python3.6/site-packages/airflow/example_dags/example_branch_datetime_operator.py
[2021-07-14 20:18:35,884] {logging_mixin.py:104} INFO - [2021-07-14 20:18:35,884] {dag.py:1833} INFO - Sync 1 DAGs
[2021-07-14 20:18:35,914] {logging_mixin.py:104} INFO - [2021-07-14 20:18:35,913] {dag.py:2306} INFO - Setting next_dagrun for example_branch_datetime_operator_2 to 2021-07-12 00:00:00+00:00
[2021-07-14 20:18:35,936] {scheduler_job.py:190} INFO - Processing /home/airflow/.local/lib/python3.6/site-packages/airflow/example_dags/example_branch_datetime_operator.py took 0.110 seconds
[2021-07-14 20:19:06,305] {scheduler_job.py:182} INFO - Started process (PID=2539) to work on /home/airflow/.local/lib/python3.6/site-packages/airflow/example_dags/example_branch_datetime_operator.py
[2021-07-14 20:19:06,307] {scheduler_job.py:633} INFO - Processing file /home/airflow/.local/lib/python3.6/site-packages/airflow/example_dags/example_branch_datetime_operator.py for tasks to queue
[2021-07-14 20:19:06,307] {logging_mixin.py:104} INFO - [2021-07-14 20:19:06,307] {dagbag.py:496} INFO - Filling up the DagBag from /home/airflow/.local/lib/python3.6/site-packages/airflow/example_dags/example_branch_datetime_operator.py
[2021-07-14 20:19:06,321] {scheduler_job.py:643} INFO - DAG(s) dict_keys(['example_branch_datetime_operator_2']) retrieved from /home/airflow/.local/lib/python3.6/site-packages/airflow/example_dags/example_branch_datetime_operator.py
[2021-07-14 20:19:06,341] {logging_mixin.py:104} INFO - [2021-07-14 20:19:06,341] {dag.py:1833} INFO - Sync 1 DAGs
[2021-07-14 20:19:06,361] {logging_mixin.py:104} INFO - [2021-07-14 20:19:06,361] {dag.py:2306} INFO - Setting next_dagrun for example_branch_datetime_operator_2 to 2021-07-12 00:00:00+00:00
[2021-07-14 20:19:06,374] {scheduler_job.py:190} INFO - Processing /home/airflow/.local/lib/python3.6/site-packages/airflow/example_dags/example_branch_datetime_operator.py took 0.071 seconds
[2021-07-14 20:19:36,711] {scheduler_job.py:182} INFO - Started process (PID=2593) to work on /home/airflow/.local/lib/python3.6/site-packages/airflow/example_dags/example_branch_datetime_operator.py
[2021-07-14 20:19:36,712] {scheduler_job.py:633} INFO - Processing file /home/airflow/.local/lib/python3.6/site-packages/airflow/example_dags/example_branch_datetime_operator.py for tasks to queue
[2021-07-14 20:19:36,713] {logging_mixin.py:104} INFO - [2021-07-14 20:19:36,713] {dagbag.py:496} INFO - Filling up the DagBag from /home/airflow/.local/lib/python3.6/site-packages/airflow/example_dags/example_branch_datetime_operator.py
[2021-07-14 20:19:36,729] {scheduler_job.py:643} INFO - DAG(s) dict_keys(['example_branch_datetime_operator_2']) retrieved from /home/airflow/.local/lib/python3.6/site-packages/airflow/example_dags/example_branch_datetime_operator.py
[2021-07-14 20:19:36,784] {logging_mixin.py:104} INFO - [2021-07-14 20:19:36,784] {dag.py:1833} INFO - Sync 1 DAGs
[2021-07-14 20:19:36,807] {logging_mixin.py:104} INFO - [2021-07-14 20:19:36,807] {dag.py:2306} INFO - Setting next_dagrun for example_branch_datetime_operator_2 to 2021-07-12 00:00:00+00:00
[2021-07-14 20:19:36,818] {scheduler_job.py:190} INFO - Processing /home/airflow/.local/lib/python3.6/site-packages/airflow/example_dags/example_branch_datetime_operator.py took 0.111 seconds
[2021-07-14 20:20:07,186] {scheduler_job.py:182} INFO - Started process (PID=2655) to work on /home/airflow/.local/lib/python3.6/site-packages/airflow/example_dags/example_branch_datetime_operator.py
[2021-07-14 20:20:07,188] {scheduler_job.py:633} INFO - Processing file /home/airflow/.local/lib/python3.6/site-packages/airflow/example_dags/example_branch_datetime_operator.py for tasks to queue
[2021-07-14 20:20:07,188] {logging_mixin.py:104} INFO - [2021-07-14 20:20:07,188] {dagbag.py:496} INFO - Filling up the DagBag from /home/airflow/.local/lib/python3.6/site-packages/airflow/example_dags/example_branch_datetime_operator.py
[2021-07-14 20:20:07,204] {scheduler_job.py:643} INFO - DAG(s) dict_keys(['example_branch_datetime_operator_2']) retrieved from /home/airflow/.local/lib/python3.6/site-packages/airflow/example_dags/example_branch_datetime_operator.py
[2021-07-14 20:20:07,226] {logging_mixin.py:104} INFO - [2021-07-14 20:20:07,226] {dag.py:1833} INFO - Sync 1 DAGs
[2021-07-14 20:20:07,247] {logging_mixin.py:104} INFO - [2021-07-14 20:20:07,247] {dag.py:2306} INFO - Setting next_dagrun for example_branch_datetime_operator_2 to 2021-07-12 00:00:00+00:00
[2021-07-14 20:20:07,258] {scheduler_job.py:190} INFO - Processing /home/airflow/.local/lib/python3.6/site-packages/airflow/example_dags/example_branch_datetime_operator.py took 0.076 seconds
[2021-07-14 20:20:37,314] {scheduler_job.py:182} INFO - Started process (PID=2708) to work on /home/airflow/.local/lib/python3.6/site-packages/airflow/example_dags/example_branch_datetime_operator.py
[2021-07-14 20:20:37,315] {scheduler_job.py:633} INFO - Processing file /home/airflow/.local/lib/python3.6/site-packages/airflow/example_dags/example_branch_datetime_operator.py for tasks to queue
[2021-07-14 20:20:37,316] {logging_mixin.py:104} INFO - [2021-07-14 20:20:37,316] {dagbag.py:496} INFO - Filling up the DagBag from /home/airflow/.local/lib/python3.6/site-packages/airflow/example_dags/example_branch_datetime_operator.py
[2021-07-14 20:20:37,329] {scheduler_job.py:643} INFO - DAG(s) dict_keys(['example_branch_datetime_operator_2']) retrieved from /home/airflow/.local/lib/python3.6/site-packages/airflow/example_dags/example_branch_datetime_operator.py
[2021-07-14 20:20:37,350] {logging_mixin.py:104} INFO - [2021-07-14 20:20:37,350] {dag.py:1833} INFO - Sync 1 DAGs
[2021-07-14 20:20:37,368] {logging_mixin.py:104} INFO - [2021-07-14 20:20:37,368] {dag.py:2306} INFO - Setting next_dagrun for example_branch_datetime_operator_2 to 2021-07-12 00:00:00+00:00
[2021-07-14 20:20:37,379] {scheduler_job.py:190} INFO - Processing /home/airflow/.local/lib/python3.6/site-packages/airflow/example_dags/example_branch_datetime_operator.py took 0.068 seconds
[2021-07-14 20:21:07,673] {scheduler_job.py:182} INFO - Started process (PID=2773) to work on /home/airflow/.local/lib/python3.6/site-packages/airflow/example_dags/example_branch_datetime_operator.py
[2021-07-14 20:21:07,674] {scheduler_job.py:633} INFO - Processing file /home/airflow/.local/lib/python3.6/site-packages/airflow/example_dags/example_branch_datetime_operator.py for tasks to queue
[2021-07-14 20:21:07,675] {logging_mixin.py:104} INFO - [2021-07-14 20:21:07,675] {dagbag.py:496} INFO - Filling up the DagBag from /home/airflow/.local/lib/python3.6/site-packages/airflow/example_dags/example_branch_datetime_operator.py
[2021-07-14 20:21:07,691] {scheduler_job.py:643} INFO - DAG(s) dict_keys(['example_branch_datetime_operator_2']) retrieved from /home/airflow/.local/lib/python3.6/site-packages/airflow/example_dags/example_branch_datetime_operator.py
[2021-07-14 20:21:07,719] {logging_mixin.py:104} INFO - [2021-07-14 20:21:07,719] {dag.py:1833} INFO - Sync 1 DAGs
[2021-07-14 20:21:07,755] {logging_mixin.py:104} INFO - [2021-07-14 20:21:07,754] {dag.py:2306} INFO - Setting next_dagrun for example_branch_datetime_operator_2 to 2021-07-12 00:00:00+00:00
[2021-07-14 20:21:07,773] {scheduler_job.py:190} INFO - Processing /home/airflow/.local/lib/python3.6/site-packages/airflow/example_dags/example_branch_datetime_operator.py took 0.104 seconds
[2021-07-14 20:21:38,109] {scheduler_job.py:182} INFO - Started process (PID=2828) to work on /home/airflow/.local/lib/python3.6/site-packages/airflow/example_dags/example_branch_datetime_operator.py
[2021-07-14 20:21:38,111] {scheduler_job.py:633} INFO - Processing file /home/airflow/.local/lib/python3.6/site-packages/airflow/example_dags/example_branch_datetime_operator.py for tasks to queue
[2021-07-14 20:21:38,112] {logging_mixin.py:104} INFO - [2021-07-14 20:21:38,112] {dagbag.py:496} INFO - Filling up the DagBag from /home/airflow/.local/lib/python3.6/site-packages/airflow/example_dags/example_branch_datetime_operator.py
[2021-07-14 20:21:38,130] {scheduler_job.py:643} INFO - DAG(s) dict_keys(['example_branch_datetime_operator_2']) retrieved from /home/airflow/.local/lib/python3.6/site-packages/airflow/example_dags/example_branch_datetime_operator.py
[2021-07-14 20:21:38,157] {logging_mixin.py:104} INFO - [2021-07-14 20:21:38,157] {dag.py:1833} INFO - Sync 1 DAGs
[2021-07-14 20:21:38,183] {logging_mixin.py:104} INFO - [2021-07-14 20:21:38,183] {dag.py:2306} INFO - Setting next_dagrun for example_branch_datetime_operator_2 to 2021-07-12 00:00:00+00:00
[2021-07-14 20:21:38,198] {scheduler_job.py:190} INFO - Processing /home/airflow/.local/lib/python3.6/site-packages/airflow/example_dags/example_branch_datetime_operator.py took 0.092 seconds
[2021-07-14 20:22:08,664] {scheduler_job.py:182} INFO - Started process (PID=2893) to work on /home/airflow/.local/lib/python3.6/site-packages/airflow/example_dags/example_branch_datetime_operator.py
[2021-07-14 20:22:08,666] {scheduler_job.py:633} INFO - Processing file /home/airflow/.local/lib/python3.6/site-packages/airflow/example_dags/example_branch_datetime_operator.py for tasks to queue
[2021-07-14 20:22:08,667] {logging_mixin.py:104} INFO - [2021-07-14 20:22:08,666] {dagbag.py:496} INFO - Filling up the DagBag from /home/airflow/.local/lib/python3.6/site-packages/airflow/example_dags/example_branch_datetime_operator.py
[2021-07-14 20:22:08,681] {scheduler_job.py:643} INFO - DAG(s) dict_keys(['example_branch_datetime_operator_2']) retrieved from /home/airflow/.local/lib/python3.6/site-packages/airflow/example_dags/example_branch_datetime_operator.py
[2021-07-14 20:22:08,710] {logging_mixin.py:104} INFO - [2021-07-14 20:22:08,710] {dag.py:1833} INFO - Sync 1 DAGs
[2021-07-14 20:22:08,736] {logging_mixin.py:104} INFO - [2021-07-14 20:22:08,735] {dag.py:2306} INFO - Setting next_dagrun for example_branch_datetime_operator_2 to 2021-07-12 00:00:00+00:00
[2021-07-14 20:22:08,748] {scheduler_job.py:190} INFO - Processing /home/airflow/.local/lib/python3.6/site-packages/airflow/example_dags/example_branch_datetime_operator.py took 0.087 seconds
