[2021-07-14 19:05:17,313] {scheduler_job.py:182} INFO - Started process (PID=83) to work on /home/airflow/.local/lib/python3.6/site-packages/airflow/example_dags/example_kubernetes_executor_config.py
[2021-07-14 19:05:17,315] {scheduler_job.py:633} INFO - Processing file /home/airflow/.local/lib/python3.6/site-packages/airflow/example_dags/example_kubernetes_executor_config.py for tasks to queue
[2021-07-14 19:05:17,321] {logging_mixin.py:104} INFO - [2021-07-14 19:05:17,321] {dagbag.py:496} INFO - Filling up the DagBag from /home/airflow/.local/lib/python3.6/site-packages/airflow/example_dags/example_kubernetes_executor_config.py
[2021-07-14 19:05:17,456] {scheduler_job.py:643} INFO - DAG(s) dict_keys(['example_kubernetes_executor_config']) retrieved from /home/airflow/.local/lib/python3.6/site-packages/airflow/example_dags/example_kubernetes_executor_config.py
[2021-07-14 19:05:18,061] {logging_mixin.py:104} INFO - [2021-07-14 19:05:18,061] {dag.py:1833} INFO - Sync 1 DAGs
[2021-07-14 19:05:18,185] {logging_mixin.py:104} INFO - [2021-07-14 19:05:18,184] {dag.py:2306} INFO - Setting next_dagrun for example_kubernetes_executor_config to None
[2021-07-14 19:05:18,226] {scheduler_job.py:190} INFO - Processing /home/airflow/.local/lib/python3.6/site-packages/airflow/example_dags/example_kubernetes_executor_config.py took 0.923 seconds
[2021-07-14 19:05:48,374] {scheduler_job.py:182} INFO - Started process (PID=137) to work on /home/airflow/.local/lib/python3.6/site-packages/airflow/example_dags/example_kubernetes_executor_config.py
[2021-07-14 19:05:48,385] {scheduler_job.py:633} INFO - Processing file /home/airflow/.local/lib/python3.6/site-packages/airflow/example_dags/example_kubernetes_executor_config.py for tasks to queue
[2021-07-14 19:05:48,386] {logging_mixin.py:104} INFO - [2021-07-14 19:05:48,386] {dagbag.py:496} INFO - Filling up the DagBag from /home/airflow/.local/lib/python3.6/site-packages/airflow/example_dags/example_kubernetes_executor_config.py
[2021-07-14 19:05:48,481] {scheduler_job.py:643} INFO - DAG(s) dict_keys(['example_kubernetes_executor_config']) retrieved from /home/airflow/.local/lib/python3.6/site-packages/airflow/example_dags/example_kubernetes_executor_config.py
[2021-07-14 19:05:48,551] {logging_mixin.py:104} INFO - [2021-07-14 19:05:48,551] {dag.py:1833} INFO - Sync 1 DAGs
[2021-07-14 19:05:48,589] {logging_mixin.py:104} INFO - [2021-07-14 19:05:48,589] {dag.py:2306} INFO - Setting next_dagrun for example_kubernetes_executor_config to None
[2021-07-14 19:05:48,615] {scheduler_job.py:190} INFO - Processing /home/airflow/.local/lib/python3.6/site-packages/airflow/example_dags/example_kubernetes_executor_config.py took 0.254 seconds
[2021-07-14 19:06:19,169] {scheduler_job.py:182} INFO - Started process (PID=190) to work on /home/airflow/.local/lib/python3.6/site-packages/airflow/example_dags/example_kubernetes_executor_config.py
[2021-07-14 19:06:19,171] {scheduler_job.py:633} INFO - Processing file /home/airflow/.local/lib/python3.6/site-packages/airflow/example_dags/example_kubernetes_executor_config.py for tasks to queue
[2021-07-14 19:06:19,172] {logging_mixin.py:104} INFO - [2021-07-14 19:06:19,171] {dagbag.py:496} INFO - Filling up the DagBag from /home/airflow/.local/lib/python3.6/site-packages/airflow/example_dags/example_kubernetes_executor_config.py
[2021-07-14 19:06:19,205] {scheduler_job.py:643} INFO - DAG(s) dict_keys(['example_kubernetes_executor_config']) retrieved from /home/airflow/.local/lib/python3.6/site-packages/airflow/example_dags/example_kubernetes_executor_config.py
[2021-07-14 19:06:19,247] {logging_mixin.py:104} INFO - [2021-07-14 19:06:19,247] {dag.py:1833} INFO - Sync 1 DAGs
[2021-07-14 19:06:19,271] {logging_mixin.py:104} INFO - [2021-07-14 19:06:19,271] {dag.py:2306} INFO - Setting next_dagrun for example_kubernetes_executor_config to None
[2021-07-14 19:06:19,286] {scheduler_job.py:190} INFO - Processing /home/airflow/.local/lib/python3.6/site-packages/airflow/example_dags/example_kubernetes_executor_config.py took 0.122 seconds
[2021-07-14 19:06:49,699] {scheduler_job.py:182} INFO - Started process (PID=243) to work on /home/airflow/.local/lib/python3.6/site-packages/airflow/example_dags/example_kubernetes_executor_config.py
[2021-07-14 19:06:49,701] {scheduler_job.py:633} INFO - Processing file /home/airflow/.local/lib/python3.6/site-packages/airflow/example_dags/example_kubernetes_executor_config.py for tasks to queue
[2021-07-14 19:06:49,702] {logging_mixin.py:104} INFO - [2021-07-14 19:06:49,702] {dagbag.py:496} INFO - Filling up the DagBag from /home/airflow/.local/lib/python3.6/site-packages/airflow/example_dags/example_kubernetes_executor_config.py
[2021-07-14 19:06:49,728] {scheduler_job.py:643} INFO - DAG(s) dict_keys(['example_kubernetes_executor_config']) retrieved from /home/airflow/.local/lib/python3.6/site-packages/airflow/example_dags/example_kubernetes_executor_config.py
[2021-07-14 19:06:49,772] {logging_mixin.py:104} INFO - [2021-07-14 19:06:49,771] {dag.py:1833} INFO - Sync 1 DAGs
[2021-07-14 19:06:49,798] {logging_mixin.py:104} INFO - [2021-07-14 19:06:49,797] {dag.py:2306} INFO - Setting next_dagrun for example_kubernetes_executor_config to None
[2021-07-14 19:06:49,811] {scheduler_job.py:190} INFO - Processing /home/airflow/.local/lib/python3.6/site-packages/airflow/example_dags/example_kubernetes_executor_config.py took 0.117 seconds
[2021-07-14 19:07:20,637] {scheduler_job.py:182} INFO - Started process (PID=307) to work on /home/airflow/.local/lib/python3.6/site-packages/airflow/example_dags/example_kubernetes_executor_config.py
[2021-07-14 19:07:20,639] {scheduler_job.py:633} INFO - Processing file /home/airflow/.local/lib/python3.6/site-packages/airflow/example_dags/example_kubernetes_executor_config.py for tasks to queue
[2021-07-14 19:07:20,646] {logging_mixin.py:104} INFO - [2021-07-14 19:07:20,640] {dagbag.py:496} INFO - Filling up the DagBag from /home/airflow/.local/lib/python3.6/site-packages/airflow/example_dags/example_kubernetes_executor_config.py
[2021-07-14 19:07:20,674] {scheduler_job.py:643} INFO - DAG(s) dict_keys(['example_kubernetes_executor_config']) retrieved from /home/airflow/.local/lib/python3.6/site-packages/airflow/example_dags/example_kubernetes_executor_config.py
[2021-07-14 19:07:20,717] {logging_mixin.py:104} INFO - [2021-07-14 19:07:20,717] {dag.py:1833} INFO - Sync 1 DAGs
[2021-07-14 19:07:20,744] {logging_mixin.py:104} INFO - [2021-07-14 19:07:20,744] {dag.py:2306} INFO - Setting next_dagrun for example_kubernetes_executor_config to None
[2021-07-14 19:07:20,761] {scheduler_job.py:190} INFO - Processing /home/airflow/.local/lib/python3.6/site-packages/airflow/example_dags/example_kubernetes_executor_config.py took 0.129 seconds
[2021-07-14 19:07:51,234] {scheduler_job.py:182} INFO - Started process (PID=360) to work on /home/airflow/.local/lib/python3.6/site-packages/airflow/example_dags/example_kubernetes_executor_config.py
[2021-07-14 19:07:51,236] {scheduler_job.py:633} INFO - Processing file /home/airflow/.local/lib/python3.6/site-packages/airflow/example_dags/example_kubernetes_executor_config.py for tasks to queue
[2021-07-14 19:07:51,238] {logging_mixin.py:104} INFO - [2021-07-14 19:07:51,237] {dagbag.py:496} INFO - Filling up the DagBag from /home/airflow/.local/lib/python3.6/site-packages/airflow/example_dags/example_kubernetes_executor_config.py
[2021-07-14 19:07:51,275] {scheduler_job.py:643} INFO - DAG(s) dict_keys(['example_kubernetes_executor_config']) retrieved from /home/airflow/.local/lib/python3.6/site-packages/airflow/example_dags/example_kubernetes_executor_config.py
[2021-07-14 19:07:51,355] {logging_mixin.py:104} INFO - [2021-07-14 19:07:51,354] {dag.py:1833} INFO - Sync 1 DAGs
[2021-07-14 19:07:51,402] {logging_mixin.py:104} INFO - [2021-07-14 19:07:51,401] {dag.py:2306} INFO - Setting next_dagrun for example_kubernetes_executor_config to None
[2021-07-14 19:07:51,433] {scheduler_job.py:190} INFO - Processing /home/airflow/.local/lib/python3.6/site-packages/airflow/example_dags/example_kubernetes_executor_config.py took 0.205 seconds
[2021-07-14 19:08:57,403] {scheduler_job.py:182} INFO - Started process (PID=54) to work on /home/airflow/.local/lib/python3.6/site-packages/airflow/example_dags/example_kubernetes_executor_config.py
[2021-07-14 19:08:57,404] {scheduler_job.py:633} INFO - Processing file /home/airflow/.local/lib/python3.6/site-packages/airflow/example_dags/example_kubernetes_executor_config.py for tasks to queue
[2021-07-14 19:08:57,405] {logging_mixin.py:104} INFO - [2021-07-14 19:08:57,405] {dagbag.py:496} INFO - Filling up the DagBag from /home/airflow/.local/lib/python3.6/site-packages/airflow/example_dags/example_kubernetes_executor_config.py
[2021-07-14 19:08:57,424] {scheduler_job.py:643} INFO - DAG(s) dict_keys(['example_kubernetes_executor_config']) retrieved from /home/airflow/.local/lib/python3.6/site-packages/airflow/example_dags/example_kubernetes_executor_config.py
[2021-07-14 19:08:57,450] {logging_mixin.py:104} INFO - [2021-07-14 19:08:57,450] {dag.py:1833} INFO - Sync 1 DAGs
[2021-07-14 19:08:57,467] {logging_mixin.py:104} INFO - [2021-07-14 19:08:57,467] {dag.py:2306} INFO - Setting next_dagrun for example_kubernetes_executor_config to None
[2021-07-14 19:08:57,480] {scheduler_job.py:190} INFO - Processing /home/airflow/.local/lib/python3.6/site-packages/airflow/example_dags/example_kubernetes_executor_config.py took 0.080 seconds
[2021-07-14 19:09:29,508] {scheduler_job.py:182} INFO - Started process (PID=119) to work on /home/airflow/.local/lib/python3.6/site-packages/airflow/example_dags/example_kubernetes_executor_config.py
[2021-07-14 19:09:29,510] {scheduler_job.py:633} INFO - Processing file /home/airflow/.local/lib/python3.6/site-packages/airflow/example_dags/example_kubernetes_executor_config.py for tasks to queue
[2021-07-14 19:09:29,511] {logging_mixin.py:104} INFO - [2021-07-14 19:09:29,510] {dagbag.py:496} INFO - Filling up the DagBag from /home/airflow/.local/lib/python3.6/site-packages/airflow/example_dags/example_kubernetes_executor_config.py
[2021-07-14 19:09:29,536] {scheduler_job.py:643} INFO - DAG(s) dict_keys(['example_kubernetes_executor_config']) retrieved from /home/airflow/.local/lib/python3.6/site-packages/airflow/example_dags/example_kubernetes_executor_config.py
[2021-07-14 19:09:29,571] {logging_mixin.py:104} INFO - [2021-07-14 19:09:29,570] {dag.py:1833} INFO - Sync 1 DAGs
[2021-07-14 19:09:29,594] {logging_mixin.py:104} INFO - [2021-07-14 19:09:29,594] {dag.py:2306} INFO - Setting next_dagrun for example_kubernetes_executor_config to None
[2021-07-14 19:09:29,610] {scheduler_job.py:190} INFO - Processing /home/airflow/.local/lib/python3.6/site-packages/airflow/example_dags/example_kubernetes_executor_config.py took 0.107 seconds
[2021-07-14 19:10:00,618] {scheduler_job.py:182} INFO - Started process (PID=173) to work on /home/airflow/.local/lib/python3.6/site-packages/airflow/example_dags/example_kubernetes_executor_config.py
[2021-07-14 19:10:00,619] {scheduler_job.py:633} INFO - Processing file /home/airflow/.local/lib/python3.6/site-packages/airflow/example_dags/example_kubernetes_executor_config.py for tasks to queue
[2021-07-14 19:10:00,620] {logging_mixin.py:104} INFO - [2021-07-14 19:10:00,620] {dagbag.py:496} INFO - Filling up the DagBag from /home/airflow/.local/lib/python3.6/site-packages/airflow/example_dags/example_kubernetes_executor_config.py
[2021-07-14 19:10:00,679] {scheduler_job.py:643} INFO - DAG(s) dict_keys(['example_kubernetes_executor_config']) retrieved from /home/airflow/.local/lib/python3.6/site-packages/airflow/example_dags/example_kubernetes_executor_config.py
[2021-07-14 19:10:00,747] {logging_mixin.py:104} INFO - [2021-07-14 19:10:00,747] {dag.py:1833} INFO - Sync 1 DAGs
[2021-07-14 19:10:00,790] {logging_mixin.py:104} INFO - [2021-07-14 19:10:00,790] {dag.py:2306} INFO - Setting next_dagrun for example_kubernetes_executor_config to None
[2021-07-14 19:10:00,816] {scheduler_job.py:190} INFO - Processing /home/airflow/.local/lib/python3.6/site-packages/airflow/example_dags/example_kubernetes_executor_config.py took 0.210 seconds
[2021-07-14 19:10:31,748] {scheduler_job.py:182} INFO - Started process (PID=232) to work on /home/airflow/.local/lib/python3.6/site-packages/airflow/example_dags/example_kubernetes_executor_config.py
[2021-07-14 19:10:31,750] {scheduler_job.py:633} INFO - Processing file /home/airflow/.local/lib/python3.6/site-packages/airflow/example_dags/example_kubernetes_executor_config.py for tasks to queue
[2021-07-14 19:10:31,751] {logging_mixin.py:104} INFO - [2021-07-14 19:10:31,751] {dagbag.py:496} INFO - Filling up the DagBag from /home/airflow/.local/lib/python3.6/site-packages/airflow/example_dags/example_kubernetes_executor_config.py
[2021-07-14 19:10:31,780] {scheduler_job.py:643} INFO - DAG(s) dict_keys(['example_kubernetes_executor_config']) retrieved from /home/airflow/.local/lib/python3.6/site-packages/airflow/example_dags/example_kubernetes_executor_config.py
[2021-07-14 19:10:31,820] {logging_mixin.py:104} INFO - [2021-07-14 19:10:31,819] {dag.py:1833} INFO - Sync 1 DAGs
[2021-07-14 19:10:31,848] {logging_mixin.py:104} INFO - [2021-07-14 19:10:31,848] {dag.py:2306} INFO - Setting next_dagrun for example_kubernetes_executor_config to None
[2021-07-14 19:10:31,867] {scheduler_job.py:190} INFO - Processing /home/airflow/.local/lib/python3.6/site-packages/airflow/example_dags/example_kubernetes_executor_config.py took 0.124 seconds
[2021-07-14 19:11:02,354] {scheduler_job.py:182} INFO - Started process (PID=295) to work on /home/airflow/.local/lib/python3.6/site-packages/airflow/example_dags/example_kubernetes_executor_config.py
[2021-07-14 19:11:02,356] {scheduler_job.py:633} INFO - Processing file /home/airflow/.local/lib/python3.6/site-packages/airflow/example_dags/example_kubernetes_executor_config.py for tasks to queue
[2021-07-14 19:11:02,357] {logging_mixin.py:104} INFO - [2021-07-14 19:11:02,357] {dagbag.py:496} INFO - Filling up the DagBag from /home/airflow/.local/lib/python3.6/site-packages/airflow/example_dags/example_kubernetes_executor_config.py
[2021-07-14 19:11:02,380] {scheduler_job.py:643} INFO - DAG(s) dict_keys(['example_kubernetes_executor_config']) retrieved from /home/airflow/.local/lib/python3.6/site-packages/airflow/example_dags/example_kubernetes_executor_config.py
[2021-07-14 19:11:02,406] {logging_mixin.py:104} INFO - [2021-07-14 19:11:02,406] {dag.py:1833} INFO - Sync 1 DAGs
[2021-07-14 19:11:02,425] {logging_mixin.py:104} INFO - [2021-07-14 19:11:02,425] {dag.py:2306} INFO - Setting next_dagrun for example_kubernetes_executor_config to None
[2021-07-14 19:11:02,436] {scheduler_job.py:190} INFO - Processing /home/airflow/.local/lib/python3.6/site-packages/airflow/example_dags/example_kubernetes_executor_config.py took 0.087 seconds
[2021-07-14 19:11:33,210] {scheduler_job.py:182} INFO - Started process (PID=348) to work on /home/airflow/.local/lib/python3.6/site-packages/airflow/example_dags/example_kubernetes_executor_config.py
[2021-07-14 19:11:33,220] {scheduler_job.py:633} INFO - Processing file /home/airflow/.local/lib/python3.6/site-packages/airflow/example_dags/example_kubernetes_executor_config.py for tasks to queue
[2021-07-14 19:11:33,221] {logging_mixin.py:104} INFO - [2021-07-14 19:11:33,221] {dagbag.py:496} INFO - Filling up the DagBag from /home/airflow/.local/lib/python3.6/site-packages/airflow/example_dags/example_kubernetes_executor_config.py
[2021-07-14 19:11:33,247] {scheduler_job.py:643} INFO - DAG(s) dict_keys(['example_kubernetes_executor_config']) retrieved from /home/airflow/.local/lib/python3.6/site-packages/airflow/example_dags/example_kubernetes_executor_config.py
[2021-07-14 19:11:33,287] {logging_mixin.py:104} INFO - [2021-07-14 19:11:33,286] {dag.py:1833} INFO - Sync 1 DAGs
[2021-07-14 19:11:33,312] {logging_mixin.py:104} INFO - [2021-07-14 19:11:33,312] {dag.py:2306} INFO - Setting next_dagrun for example_kubernetes_executor_config to None
[2021-07-14 19:11:33,330] {scheduler_job.py:190} INFO - Processing /home/airflow/.local/lib/python3.6/site-packages/airflow/example_dags/example_kubernetes_executor_config.py took 0.124 seconds
[2021-07-14 19:12:04,004] {scheduler_job.py:182} INFO - Started process (PID=412) to work on /home/airflow/.local/lib/python3.6/site-packages/airflow/example_dags/example_kubernetes_executor_config.py
[2021-07-14 19:12:04,005] {scheduler_job.py:633} INFO - Processing file /home/airflow/.local/lib/python3.6/site-packages/airflow/example_dags/example_kubernetes_executor_config.py for tasks to queue
[2021-07-14 19:12:04,007] {logging_mixin.py:104} INFO - [2021-07-14 19:12:04,006] {dagbag.py:496} INFO - Filling up the DagBag from /home/airflow/.local/lib/python3.6/site-packages/airflow/example_dags/example_kubernetes_executor_config.py
[2021-07-14 19:12:04,026] {scheduler_job.py:643} INFO - DAG(s) dict_keys(['example_kubernetes_executor_config']) retrieved from /home/airflow/.local/lib/python3.6/site-packages/airflow/example_dags/example_kubernetes_executor_config.py
[2021-07-14 19:12:04,055] {logging_mixin.py:104} INFO - [2021-07-14 19:12:04,055] {dag.py:1833} INFO - Sync 1 DAGs
[2021-07-14 19:12:04,075] {logging_mixin.py:104} INFO - [2021-07-14 19:12:04,075] {dag.py:2306} INFO - Setting next_dagrun for example_kubernetes_executor_config to None
[2021-07-14 19:12:04,086] {scheduler_job.py:190} INFO - Processing /home/airflow/.local/lib/python3.6/site-packages/airflow/example_dags/example_kubernetes_executor_config.py took 0.086 seconds
[2021-07-14 19:12:34,717] {scheduler_job.py:182} INFO - Started process (PID=465) to work on /home/airflow/.local/lib/python3.6/site-packages/airflow/example_dags/example_kubernetes_executor_config.py
[2021-07-14 19:12:34,720] {scheduler_job.py:633} INFO - Processing file /home/airflow/.local/lib/python3.6/site-packages/airflow/example_dags/example_kubernetes_executor_config.py for tasks to queue
[2021-07-14 19:12:34,721] {logging_mixin.py:104} INFO - [2021-07-14 19:12:34,721] {dagbag.py:496} INFO - Filling up the DagBag from /home/airflow/.local/lib/python3.6/site-packages/airflow/example_dags/example_kubernetes_executor_config.py
[2021-07-14 19:12:34,737] {scheduler_job.py:643} INFO - DAG(s) dict_keys(['example_kubernetes_executor_config']) retrieved from /home/airflow/.local/lib/python3.6/site-packages/airflow/example_dags/example_kubernetes_executor_config.py
[2021-07-14 19:12:34,766] {logging_mixin.py:104} INFO - [2021-07-14 19:12:34,766] {dag.py:1833} INFO - Sync 1 DAGs
[2021-07-14 19:12:34,785] {logging_mixin.py:104} INFO - [2021-07-14 19:12:34,785] {dag.py:2306} INFO - Setting next_dagrun for example_kubernetes_executor_config to None
[2021-07-14 19:12:34,797] {scheduler_job.py:190} INFO - Processing /home/airflow/.local/lib/python3.6/site-packages/airflow/example_dags/example_kubernetes_executor_config.py took 0.083 seconds
[2021-07-14 19:57:45,713] {scheduler_job.py:182} INFO - Started process (PID=61) to work on /home/airflow/.local/lib/python3.6/site-packages/airflow/example_dags/example_kubernetes_executor_config.py
[2021-07-14 19:57:45,716] {scheduler_job.py:633} INFO - Processing file /home/airflow/.local/lib/python3.6/site-packages/airflow/example_dags/example_kubernetes_executor_config.py for tasks to queue
[2021-07-14 19:57:45,717] {logging_mixin.py:104} INFO - [2021-07-14 19:57:45,717] {dagbag.py:496} INFO - Filling up the DagBag from /home/airflow/.local/lib/python3.6/site-packages/airflow/example_dags/example_kubernetes_executor_config.py
[2021-07-14 19:57:45,752] {scheduler_job.py:643} INFO - DAG(s) dict_keys(['example_kubernetes_executor_config']) retrieved from /home/airflow/.local/lib/python3.6/site-packages/airflow/example_dags/example_kubernetes_executor_config.py
[2021-07-14 19:57:45,821] {logging_mixin.py:104} INFO - [2021-07-14 19:57:45,820] {dag.py:1833} INFO - Sync 1 DAGs
[2021-07-14 19:57:45,858] {logging_mixin.py:104} INFO - [2021-07-14 19:57:45,857] {dag.py:2306} INFO - Setting next_dagrun for example_kubernetes_executor_config to None
[2021-07-14 19:57:45,877] {scheduler_job.py:190} INFO - Processing /home/airflow/.local/lib/python3.6/site-packages/airflow/example_dags/example_kubernetes_executor_config.py took 0.172 seconds
[2021-07-14 19:58:16,040] {scheduler_job.py:182} INFO - Started process (PID=116) to work on /home/airflow/.local/lib/python3.6/site-packages/airflow/example_dags/example_kubernetes_executor_config.py
[2021-07-14 19:58:16,042] {scheduler_job.py:633} INFO - Processing file /home/airflow/.local/lib/python3.6/site-packages/airflow/example_dags/example_kubernetes_executor_config.py for tasks to queue
[2021-07-14 19:58:16,043] {logging_mixin.py:104} INFO - [2021-07-14 19:58:16,043] {dagbag.py:496} INFO - Filling up the DagBag from /home/airflow/.local/lib/python3.6/site-packages/airflow/example_dags/example_kubernetes_executor_config.py
[2021-07-14 19:58:16,080] {scheduler_job.py:643} INFO - DAG(s) dict_keys(['example_kubernetes_executor_config']) retrieved from /home/airflow/.local/lib/python3.6/site-packages/airflow/example_dags/example_kubernetes_executor_config.py
[2021-07-14 19:58:16,129] {logging_mixin.py:104} INFO - [2021-07-14 19:58:16,129] {dag.py:1833} INFO - Sync 1 DAGs
[2021-07-14 19:58:16,165] {logging_mixin.py:104} INFO - [2021-07-14 19:58:16,165] {dag.py:2306} INFO - Setting next_dagrun for example_kubernetes_executor_config to None
[2021-07-14 19:58:16,187] {scheduler_job.py:190} INFO - Processing /home/airflow/.local/lib/python3.6/site-packages/airflow/example_dags/example_kubernetes_executor_config.py took 0.155 seconds
[2021-07-14 19:58:46,912] {scheduler_job.py:182} INFO - Started process (PID=172) to work on /home/airflow/.local/lib/python3.6/site-packages/airflow/example_dags/example_kubernetes_executor_config.py
[2021-07-14 19:58:46,913] {scheduler_job.py:633} INFO - Processing file /home/airflow/.local/lib/python3.6/site-packages/airflow/example_dags/example_kubernetes_executor_config.py for tasks to queue
[2021-07-14 19:58:46,914] {logging_mixin.py:104} INFO - [2021-07-14 19:58:46,914] {dagbag.py:496} INFO - Filling up the DagBag from /home/airflow/.local/lib/python3.6/site-packages/airflow/example_dags/example_kubernetes_executor_config.py
[2021-07-14 19:58:46,932] {scheduler_job.py:643} INFO - DAG(s) dict_keys(['example_kubernetes_executor_config']) retrieved from /home/airflow/.local/lib/python3.6/site-packages/airflow/example_dags/example_kubernetes_executor_config.py
[2021-07-14 19:58:46,959] {logging_mixin.py:104} INFO - [2021-07-14 19:58:46,958] {dag.py:1833} INFO - Sync 1 DAGs
[2021-07-14 19:58:46,976] {logging_mixin.py:104} INFO - [2021-07-14 19:58:46,975] {dag.py:2306} INFO - Setting next_dagrun for example_kubernetes_executor_config to None
[2021-07-14 19:58:46,987] {scheduler_job.py:190} INFO - Processing /home/airflow/.local/lib/python3.6/site-packages/airflow/example_dags/example_kubernetes_executor_config.py took 0.078 seconds
[2021-07-14 19:59:17,830] {scheduler_job.py:182} INFO - Started process (PID=238) to work on /home/airflow/.local/lib/python3.6/site-packages/airflow/example_dags/example_kubernetes_executor_config.py
[2021-07-14 19:59:17,831] {scheduler_job.py:633} INFO - Processing file /home/airflow/.local/lib/python3.6/site-packages/airflow/example_dags/example_kubernetes_executor_config.py for tasks to queue
[2021-07-14 19:59:17,832] {logging_mixin.py:104} INFO - [2021-07-14 19:59:17,832] {dagbag.py:496} INFO - Filling up the DagBag from /home/airflow/.local/lib/python3.6/site-packages/airflow/example_dags/example_kubernetes_executor_config.py
[2021-07-14 19:59:17,862] {scheduler_job.py:643} INFO - DAG(s) dict_keys(['example_kubernetes_executor_config']) retrieved from /home/airflow/.local/lib/python3.6/site-packages/airflow/example_dags/example_kubernetes_executor_config.py
[2021-07-14 19:59:17,895] {logging_mixin.py:104} INFO - [2021-07-14 19:59:17,895] {dag.py:1833} INFO - Sync 1 DAGs
[2021-07-14 19:59:17,917] {logging_mixin.py:104} INFO - [2021-07-14 19:59:17,917] {dag.py:2306} INFO - Setting next_dagrun for example_kubernetes_executor_config to None
[2021-07-14 19:59:17,934] {scheduler_job.py:190} INFO - Processing /home/airflow/.local/lib/python3.6/site-packages/airflow/example_dags/example_kubernetes_executor_config.py took 0.108 seconds
[2021-07-14 19:59:48,695] {scheduler_job.py:182} INFO - Started process (PID=291) to work on /home/airflow/.local/lib/python3.6/site-packages/airflow/example_dags/example_kubernetes_executor_config.py
[2021-07-14 19:59:48,696] {scheduler_job.py:633} INFO - Processing file /home/airflow/.local/lib/python3.6/site-packages/airflow/example_dags/example_kubernetes_executor_config.py for tasks to queue
[2021-07-14 19:59:48,697] {logging_mixin.py:104} INFO - [2021-07-14 19:59:48,697] {dagbag.py:496} INFO - Filling up the DagBag from /home/airflow/.local/lib/python3.6/site-packages/airflow/example_dags/example_kubernetes_executor_config.py
[2021-07-14 19:59:48,715] {scheduler_job.py:643} INFO - DAG(s) dict_keys(['example_kubernetes_executor_config']) retrieved from /home/airflow/.local/lib/python3.6/site-packages/airflow/example_dags/example_kubernetes_executor_config.py
[2021-07-14 19:59:48,745] {logging_mixin.py:104} INFO - [2021-07-14 19:59:48,744] {dag.py:1833} INFO - Sync 1 DAGs
[2021-07-14 19:59:48,767] {logging_mixin.py:104} INFO - [2021-07-14 19:59:48,766] {dag.py:2306} INFO - Setting next_dagrun for example_kubernetes_executor_config to None
[2021-07-14 19:59:48,780] {scheduler_job.py:190} INFO - Processing /home/airflow/.local/lib/python3.6/site-packages/airflow/example_dags/example_kubernetes_executor_config.py took 0.087 seconds
[2021-07-14 20:00:18,907] {scheduler_job.py:182} INFO - Started process (PID=353) to work on /home/airflow/.local/lib/python3.6/site-packages/airflow/example_dags/example_kubernetes_executor_config.py
[2021-07-14 20:00:18,913] {scheduler_job.py:633} INFO - Processing file /home/airflow/.local/lib/python3.6/site-packages/airflow/example_dags/example_kubernetes_executor_config.py for tasks to queue
[2021-07-14 20:00:18,914] {logging_mixin.py:104} INFO - [2021-07-14 20:00:18,914] {dagbag.py:496} INFO - Filling up the DagBag from /home/airflow/.local/lib/python3.6/site-packages/airflow/example_dags/example_kubernetes_executor_config.py
[2021-07-14 20:00:18,928] {scheduler_job.py:643} INFO - DAG(s) dict_keys(['example_kubernetes_executor_config']) retrieved from /home/airflow/.local/lib/python3.6/site-packages/airflow/example_dags/example_kubernetes_executor_config.py
[2021-07-14 20:00:18,952] {logging_mixin.py:104} INFO - [2021-07-14 20:00:18,952] {dag.py:1833} INFO - Sync 1 DAGs
[2021-07-14 20:00:18,968] {logging_mixin.py:104} INFO - [2021-07-14 20:00:18,968] {dag.py:2306} INFO - Setting next_dagrun for example_kubernetes_executor_config to None
[2021-07-14 20:00:18,979] {scheduler_job.py:190} INFO - Processing /home/airflow/.local/lib/python3.6/site-packages/airflow/example_dags/example_kubernetes_executor_config.py took 0.075 seconds
[2021-07-14 20:00:49,463] {scheduler_job.py:182} INFO - Started process (PID=406) to work on /home/airflow/.local/lib/python3.6/site-packages/airflow/example_dags/example_kubernetes_executor_config.py
[2021-07-14 20:00:49,464] {scheduler_job.py:633} INFO - Processing file /home/airflow/.local/lib/python3.6/site-packages/airflow/example_dags/example_kubernetes_executor_config.py for tasks to queue
[2021-07-14 20:00:49,465] {logging_mixin.py:104} INFO - [2021-07-14 20:00:49,465] {dagbag.py:496} INFO - Filling up the DagBag from /home/airflow/.local/lib/python3.6/site-packages/airflow/example_dags/example_kubernetes_executor_config.py
[2021-07-14 20:00:49,480] {scheduler_job.py:643} INFO - DAG(s) dict_keys(['example_kubernetes_executor_config']) retrieved from /home/airflow/.local/lib/python3.6/site-packages/airflow/example_dags/example_kubernetes_executor_config.py
[2021-07-14 20:00:49,505] {logging_mixin.py:104} INFO - [2021-07-14 20:00:49,504] {dag.py:1833} INFO - Sync 1 DAGs
[2021-07-14 20:00:49,522] {logging_mixin.py:104} INFO - [2021-07-14 20:00:49,522] {dag.py:2306} INFO - Setting next_dagrun for example_kubernetes_executor_config to None
[2021-07-14 20:00:49,534] {scheduler_job.py:190} INFO - Processing /home/airflow/.local/lib/python3.6/site-packages/airflow/example_dags/example_kubernetes_executor_config.py took 0.073 seconds
[2021-07-14 20:01:19,845] {scheduler_job.py:182} INFO - Started process (PID=469) to work on /home/airflow/.local/lib/python3.6/site-packages/airflow/example_dags/example_kubernetes_executor_config.py
[2021-07-14 20:01:19,846] {scheduler_job.py:633} INFO - Processing file /home/airflow/.local/lib/python3.6/site-packages/airflow/example_dags/example_kubernetes_executor_config.py for tasks to queue
[2021-07-14 20:01:19,847] {logging_mixin.py:104} INFO - [2021-07-14 20:01:19,846] {dagbag.py:496} INFO - Filling up the DagBag from /home/airflow/.local/lib/python3.6/site-packages/airflow/example_dags/example_kubernetes_executor_config.py
[2021-07-14 20:01:19,861] {scheduler_job.py:643} INFO - DAG(s) dict_keys(['example_kubernetes_executor_config']) retrieved from /home/airflow/.local/lib/python3.6/site-packages/airflow/example_dags/example_kubernetes_executor_config.py
[2021-07-14 20:01:19,886] {logging_mixin.py:104} INFO - [2021-07-14 20:01:19,886] {dag.py:1833} INFO - Sync 1 DAGs
[2021-07-14 20:01:19,906] {logging_mixin.py:104} INFO - [2021-07-14 20:01:19,905] {dag.py:2306} INFO - Setting next_dagrun for example_kubernetes_executor_config to None
[2021-07-14 20:01:19,919] {scheduler_job.py:190} INFO - Processing /home/airflow/.local/lib/python3.6/site-packages/airflow/example_dags/example_kubernetes_executor_config.py took 0.077 seconds
[2021-07-14 20:01:50,140] {scheduler_job.py:182} INFO - Started process (PID=523) to work on /home/airflow/.local/lib/python3.6/site-packages/airflow/example_dags/example_kubernetes_executor_config.py
[2021-07-14 20:01:50,141] {scheduler_job.py:633} INFO - Processing file /home/airflow/.local/lib/python3.6/site-packages/airflow/example_dags/example_kubernetes_executor_config.py for tasks to queue
[2021-07-14 20:01:50,142] {logging_mixin.py:104} INFO - [2021-07-14 20:01:50,142] {dagbag.py:496} INFO - Filling up the DagBag from /home/airflow/.local/lib/python3.6/site-packages/airflow/example_dags/example_kubernetes_executor_config.py
[2021-07-14 20:01:50,160] {scheduler_job.py:643} INFO - DAG(s) dict_keys(['example_kubernetes_executor_config']) retrieved from /home/airflow/.local/lib/python3.6/site-packages/airflow/example_dags/example_kubernetes_executor_config.py
[2021-07-14 20:01:50,196] {logging_mixin.py:104} INFO - [2021-07-14 20:01:50,196] {dag.py:1833} INFO - Sync 1 DAGs
[2021-07-14 20:01:50,218] {logging_mixin.py:104} INFO - [2021-07-14 20:01:50,217] {dag.py:2306} INFO - Setting next_dagrun for example_kubernetes_executor_config to None
[2021-07-14 20:01:50,231] {scheduler_job.py:190} INFO - Processing /home/airflow/.local/lib/python3.6/site-packages/airflow/example_dags/example_kubernetes_executor_config.py took 0.095 seconds
[2021-07-14 20:02:20,710] {scheduler_job.py:182} INFO - Started process (PID=590) to work on /home/airflow/.local/lib/python3.6/site-packages/airflow/example_dags/example_kubernetes_executor_config.py
[2021-07-14 20:02:20,712] {scheduler_job.py:633} INFO - Processing file /home/airflow/.local/lib/python3.6/site-packages/airflow/example_dags/example_kubernetes_executor_config.py for tasks to queue
[2021-07-14 20:02:20,713] {logging_mixin.py:104} INFO - [2021-07-14 20:02:20,713] {dagbag.py:496} INFO - Filling up the DagBag from /home/airflow/.local/lib/python3.6/site-packages/airflow/example_dags/example_kubernetes_executor_config.py
[2021-07-14 20:02:20,735] {scheduler_job.py:643} INFO - DAG(s) dict_keys(['example_kubernetes_executor_config']) retrieved from /home/airflow/.local/lib/python3.6/site-packages/airflow/example_dags/example_kubernetes_executor_config.py
[2021-07-14 20:02:20,767] {logging_mixin.py:104} INFO - [2021-07-14 20:02:20,767] {dag.py:1833} INFO - Sync 1 DAGs
[2021-07-14 20:02:20,795] {logging_mixin.py:104} INFO - [2021-07-14 20:02:20,794] {dag.py:2306} INFO - Setting next_dagrun for example_kubernetes_executor_config to None
[2021-07-14 20:02:20,813] {scheduler_job.py:190} INFO - Processing /home/airflow/.local/lib/python3.6/site-packages/airflow/example_dags/example_kubernetes_executor_config.py took 0.107 seconds
[2021-07-14 20:02:51,345] {scheduler_job.py:182} INFO - Started process (PID=644) to work on /home/airflow/.local/lib/python3.6/site-packages/airflow/example_dags/example_kubernetes_executor_config.py
[2021-07-14 20:02:51,346] {scheduler_job.py:633} INFO - Processing file /home/airflow/.local/lib/python3.6/site-packages/airflow/example_dags/example_kubernetes_executor_config.py for tasks to queue
[2021-07-14 20:02:51,347] {logging_mixin.py:104} INFO - [2021-07-14 20:02:51,347] {dagbag.py:496} INFO - Filling up the DagBag from /home/airflow/.local/lib/python3.6/site-packages/airflow/example_dags/example_kubernetes_executor_config.py
[2021-07-14 20:02:51,368] {scheduler_job.py:643} INFO - DAG(s) dict_keys(['example_kubernetes_executor_config']) retrieved from /home/airflow/.local/lib/python3.6/site-packages/airflow/example_dags/example_kubernetes_executor_config.py
[2021-07-14 20:02:51,399] {logging_mixin.py:104} INFO - [2021-07-14 20:02:51,399] {dag.py:1833} INFO - Sync 1 DAGs
[2021-07-14 20:02:51,424] {logging_mixin.py:104} INFO - [2021-07-14 20:02:51,424] {dag.py:2306} INFO - Setting next_dagrun for example_kubernetes_executor_config to None
[2021-07-14 20:02:51,439] {scheduler_job.py:190} INFO - Processing /home/airflow/.local/lib/python3.6/site-packages/airflow/example_dags/example_kubernetes_executor_config.py took 0.099 seconds
[2021-07-14 20:03:22,575] {scheduler_job.py:182} INFO - Started process (PID=708) to work on /home/airflow/.local/lib/python3.6/site-packages/airflow/example_dags/example_kubernetes_executor_config.py
[2021-07-14 20:03:22,576] {scheduler_job.py:633} INFO - Processing file /home/airflow/.local/lib/python3.6/site-packages/airflow/example_dags/example_kubernetes_executor_config.py for tasks to queue
[2021-07-14 20:03:22,577] {logging_mixin.py:104} INFO - [2021-07-14 20:03:22,577] {dagbag.py:496} INFO - Filling up the DagBag from /home/airflow/.local/lib/python3.6/site-packages/airflow/example_dags/example_kubernetes_executor_config.py
[2021-07-14 20:03:22,592] {scheduler_job.py:643} INFO - DAG(s) dict_keys(['example_kubernetes_executor_config']) retrieved from /home/airflow/.local/lib/python3.6/site-packages/airflow/example_dags/example_kubernetes_executor_config.py
[2021-07-14 20:03:22,618] {logging_mixin.py:104} INFO - [2021-07-14 20:03:22,618] {dag.py:1833} INFO - Sync 1 DAGs
[2021-07-14 20:03:22,637] {logging_mixin.py:104} INFO - [2021-07-14 20:03:22,636] {dag.py:2306} INFO - Setting next_dagrun for example_kubernetes_executor_config to None
[2021-07-14 20:03:22,650] {scheduler_job.py:190} INFO - Processing /home/airflow/.local/lib/python3.6/site-packages/airflow/example_dags/example_kubernetes_executor_config.py took 0.077 seconds
[2021-07-14 20:03:53,184] {scheduler_job.py:182} INFO - Started process (PID=771) to work on /home/airflow/.local/lib/python3.6/site-packages/airflow/example_dags/example_kubernetes_executor_config.py
[2021-07-14 20:03:53,185] {scheduler_job.py:633} INFO - Processing file /home/airflow/.local/lib/python3.6/site-packages/airflow/example_dags/example_kubernetes_executor_config.py for tasks to queue
[2021-07-14 20:03:53,186] {logging_mixin.py:104} INFO - [2021-07-14 20:03:53,186] {dagbag.py:496} INFO - Filling up the DagBag from /home/airflow/.local/lib/python3.6/site-packages/airflow/example_dags/example_kubernetes_executor_config.py
[2021-07-14 20:03:53,202] {scheduler_job.py:643} INFO - DAG(s) dict_keys(['example_kubernetes_executor_config']) retrieved from /home/airflow/.local/lib/python3.6/site-packages/airflow/example_dags/example_kubernetes_executor_config.py
[2021-07-14 20:03:53,229] {logging_mixin.py:104} INFO - [2021-07-14 20:03:53,229] {dag.py:1833} INFO - Sync 1 DAGs
[2021-07-14 20:03:53,248] {logging_mixin.py:104} INFO - [2021-07-14 20:03:53,248] {dag.py:2306} INFO - Setting next_dagrun for example_kubernetes_executor_config to None
[2021-07-14 20:03:53,266] {scheduler_job.py:190} INFO - Processing /home/airflow/.local/lib/python3.6/site-packages/airflow/example_dags/example_kubernetes_executor_config.py took 0.085 seconds
[2021-07-14 20:04:24,295] {scheduler_job.py:182} INFO - Started process (PID=826) to work on /home/airflow/.local/lib/python3.6/site-packages/airflow/example_dags/example_kubernetes_executor_config.py
[2021-07-14 20:04:24,298] {scheduler_job.py:633} INFO - Processing file /home/airflow/.local/lib/python3.6/site-packages/airflow/example_dags/example_kubernetes_executor_config.py for tasks to queue
[2021-07-14 20:04:24,299] {logging_mixin.py:104} INFO - [2021-07-14 20:04:24,299] {dagbag.py:496} INFO - Filling up the DagBag from /home/airflow/.local/lib/python3.6/site-packages/airflow/example_dags/example_kubernetes_executor_config.py
[2021-07-14 20:04:24,327] {scheduler_job.py:643} INFO - DAG(s) dict_keys(['example_kubernetes_executor_config']) retrieved from /home/airflow/.local/lib/python3.6/site-packages/airflow/example_dags/example_kubernetes_executor_config.py
[2021-07-14 20:04:24,365] {logging_mixin.py:104} INFO - [2021-07-14 20:04:24,365] {dag.py:1833} INFO - Sync 1 DAGs
[2021-07-14 20:04:24,397] {logging_mixin.py:104} INFO - [2021-07-14 20:04:24,397] {dag.py:2306} INFO - Setting next_dagrun for example_kubernetes_executor_config to None
[2021-07-14 20:04:24,415] {scheduler_job.py:190} INFO - Processing /home/airflow/.local/lib/python3.6/site-packages/airflow/example_dags/example_kubernetes_executor_config.py took 0.125 seconds
[2021-07-14 20:04:54,498] {scheduler_job.py:182} INFO - Started process (PID=892) to work on /home/airflow/.local/lib/python3.6/site-packages/airflow/example_dags/example_kubernetes_executor_config.py
[2021-07-14 20:04:54,500] {scheduler_job.py:633} INFO - Processing file /home/airflow/.local/lib/python3.6/site-packages/airflow/example_dags/example_kubernetes_executor_config.py for tasks to queue
[2021-07-14 20:04:54,501] {logging_mixin.py:104} INFO - [2021-07-14 20:04:54,501] {dagbag.py:496} INFO - Filling up the DagBag from /home/airflow/.local/lib/python3.6/site-packages/airflow/example_dags/example_kubernetes_executor_config.py
[2021-07-14 20:04:54,515] {scheduler_job.py:643} INFO - DAG(s) dict_keys(['example_kubernetes_executor_config']) retrieved from /home/airflow/.local/lib/python3.6/site-packages/airflow/example_dags/example_kubernetes_executor_config.py
[2021-07-14 20:04:54,543] {logging_mixin.py:104} INFO - [2021-07-14 20:04:54,543] {dag.py:1833} INFO - Sync 1 DAGs
[2021-07-14 20:04:54,567] {logging_mixin.py:104} INFO - [2021-07-14 20:04:54,566] {dag.py:2306} INFO - Setting next_dagrun for example_kubernetes_executor_config to None
[2021-07-14 20:04:54,581] {scheduler_job.py:190} INFO - Processing /home/airflow/.local/lib/python3.6/site-packages/airflow/example_dags/example_kubernetes_executor_config.py took 0.086 seconds
[2021-07-14 20:05:25,001] {scheduler_job.py:182} INFO - Started process (PID=946) to work on /home/airflow/.local/lib/python3.6/site-packages/airflow/example_dags/example_kubernetes_executor_config.py
[2021-07-14 20:05:25,001] {scheduler_job.py:633} INFO - Processing file /home/airflow/.local/lib/python3.6/site-packages/airflow/example_dags/example_kubernetes_executor_config.py for tasks to queue
[2021-07-14 20:05:25,002] {logging_mixin.py:104} INFO - [2021-07-14 20:05:25,002] {dagbag.py:496} INFO - Filling up the DagBag from /home/airflow/.local/lib/python3.6/site-packages/airflow/example_dags/example_kubernetes_executor_config.py
[2021-07-14 20:05:25,016] {scheduler_job.py:643} INFO - DAG(s) dict_keys(['example_kubernetes_executor_config']) retrieved from /home/airflow/.local/lib/python3.6/site-packages/airflow/example_dags/example_kubernetes_executor_config.py
[2021-07-14 20:05:25,039] {logging_mixin.py:104} INFO - [2021-07-14 20:05:25,039] {dag.py:1833} INFO - Sync 1 DAGs
[2021-07-14 20:05:25,056] {logging_mixin.py:104} INFO - [2021-07-14 20:05:25,056] {dag.py:2306} INFO - Setting next_dagrun for example_kubernetes_executor_config to None
[2021-07-14 20:05:25,066] {scheduler_job.py:190} INFO - Processing /home/airflow/.local/lib/python3.6/site-packages/airflow/example_dags/example_kubernetes_executor_config.py took 0.068 seconds
[2021-07-14 20:05:55,183] {scheduler_job.py:182} INFO - Started process (PID=1010) to work on /home/airflow/.local/lib/python3.6/site-packages/airflow/example_dags/example_kubernetes_executor_config.py
[2021-07-14 20:05:55,184] {scheduler_job.py:633} INFO - Processing file /home/airflow/.local/lib/python3.6/site-packages/airflow/example_dags/example_kubernetes_executor_config.py for tasks to queue
[2021-07-14 20:05:55,185] {logging_mixin.py:104} INFO - [2021-07-14 20:05:55,185] {dagbag.py:496} INFO - Filling up the DagBag from /home/airflow/.local/lib/python3.6/site-packages/airflow/example_dags/example_kubernetes_executor_config.py
[2021-07-14 20:05:55,199] {scheduler_job.py:643} INFO - DAG(s) dict_keys(['example_kubernetes_executor_config']) retrieved from /home/airflow/.local/lib/python3.6/site-packages/airflow/example_dags/example_kubernetes_executor_config.py
[2021-07-14 20:05:55,224] {logging_mixin.py:104} INFO - [2021-07-14 20:05:55,224] {dag.py:1833} INFO - Sync 1 DAGs
[2021-07-14 20:05:55,244] {logging_mixin.py:104} INFO - [2021-07-14 20:05:55,243] {dag.py:2306} INFO - Setting next_dagrun for example_kubernetes_executor_config to None
[2021-07-14 20:05:55,262] {scheduler_job.py:190} INFO - Processing /home/airflow/.local/lib/python3.6/site-packages/airflow/example_dags/example_kubernetes_executor_config.py took 0.081 seconds
[2021-07-14 20:06:25,369] {scheduler_job.py:182} INFO - Started process (PID=1062) to work on /home/airflow/.local/lib/python3.6/site-packages/airflow/example_dags/example_kubernetes_executor_config.py
[2021-07-14 20:06:25,370] {scheduler_job.py:633} INFO - Processing file /home/airflow/.local/lib/python3.6/site-packages/airflow/example_dags/example_kubernetes_executor_config.py for tasks to queue
[2021-07-14 20:06:25,371] {logging_mixin.py:104} INFO - [2021-07-14 20:06:25,371] {dagbag.py:496} INFO - Filling up the DagBag from /home/airflow/.local/lib/python3.6/site-packages/airflow/example_dags/example_kubernetes_executor_config.py
[2021-07-14 20:06:25,388] {scheduler_job.py:643} INFO - DAG(s) dict_keys(['example_kubernetes_executor_config']) retrieved from /home/airflow/.local/lib/python3.6/site-packages/airflow/example_dags/example_kubernetes_executor_config.py
[2021-07-14 20:06:25,421] {logging_mixin.py:104} INFO - [2021-07-14 20:06:25,421] {dag.py:1833} INFO - Sync 1 DAGs
[2021-07-14 20:06:25,441] {logging_mixin.py:104} INFO - [2021-07-14 20:06:25,441] {dag.py:2306} INFO - Setting next_dagrun for example_kubernetes_executor_config to None
[2021-07-14 20:06:25,454] {scheduler_job.py:190} INFO - Processing /home/airflow/.local/lib/python3.6/site-packages/airflow/example_dags/example_kubernetes_executor_config.py took 0.089 seconds
[2021-07-14 20:06:56,070] {scheduler_job.py:182} INFO - Started process (PID=1126) to work on /home/airflow/.local/lib/python3.6/site-packages/airflow/example_dags/example_kubernetes_executor_config.py
[2021-07-14 20:06:56,071] {scheduler_job.py:633} INFO - Processing file /home/airflow/.local/lib/python3.6/site-packages/airflow/example_dags/example_kubernetes_executor_config.py for tasks to queue
[2021-07-14 20:06:56,072] {logging_mixin.py:104} INFO - [2021-07-14 20:06:56,072] {dagbag.py:496} INFO - Filling up the DagBag from /home/airflow/.local/lib/python3.6/site-packages/airflow/example_dags/example_kubernetes_executor_config.py
[2021-07-14 20:06:56,088] {scheduler_job.py:643} INFO - DAG(s) dict_keys(['example_kubernetes_executor_config']) retrieved from /home/airflow/.local/lib/python3.6/site-packages/airflow/example_dags/example_kubernetes_executor_config.py
[2021-07-14 20:06:56,118] {logging_mixin.py:104} INFO - [2021-07-14 20:06:56,118] {dag.py:1833} INFO - Sync 1 DAGs
[2021-07-14 20:06:56,141] {logging_mixin.py:104} INFO - [2021-07-14 20:06:56,141] {dag.py:2306} INFO - Setting next_dagrun for example_kubernetes_executor_config to None
[2021-07-14 20:06:56,158] {scheduler_job.py:190} INFO - Processing /home/airflow/.local/lib/python3.6/site-packages/airflow/example_dags/example_kubernetes_executor_config.py took 0.092 seconds
[2021-07-14 20:07:26,787] {scheduler_job.py:182} INFO - Started process (PID=1180) to work on /home/airflow/.local/lib/python3.6/site-packages/airflow/example_dags/example_kubernetes_executor_config.py
[2021-07-14 20:07:26,788] {scheduler_job.py:633} INFO - Processing file /home/airflow/.local/lib/python3.6/site-packages/airflow/example_dags/example_kubernetes_executor_config.py for tasks to queue
[2021-07-14 20:07:26,788] {logging_mixin.py:104} INFO - [2021-07-14 20:07:26,788] {dagbag.py:496} INFO - Filling up the DagBag from /home/airflow/.local/lib/python3.6/site-packages/airflow/example_dags/example_kubernetes_executor_config.py
[2021-07-14 20:07:26,805] {scheduler_job.py:643} INFO - DAG(s) dict_keys(['example_kubernetes_executor_config']) retrieved from /home/airflow/.local/lib/python3.6/site-packages/airflow/example_dags/example_kubernetes_executor_config.py
[2021-07-14 20:07:26,839] {logging_mixin.py:104} INFO - [2021-07-14 20:07:26,839] {dag.py:1833} INFO - Sync 1 DAGs
[2021-07-14 20:07:26,857] {logging_mixin.py:104} INFO - [2021-07-14 20:07:26,857] {dag.py:2306} INFO - Setting next_dagrun for example_kubernetes_executor_config to None
[2021-07-14 20:07:26,869] {scheduler_job.py:190} INFO - Processing /home/airflow/.local/lib/python3.6/site-packages/airflow/example_dags/example_kubernetes_executor_config.py took 0.085 seconds
[2021-07-14 20:07:57,275] {scheduler_job.py:182} INFO - Started process (PID=1244) to work on /home/airflow/.local/lib/python3.6/site-packages/airflow/example_dags/example_kubernetes_executor_config.py
[2021-07-14 20:07:57,277] {scheduler_job.py:633} INFO - Processing file /home/airflow/.local/lib/python3.6/site-packages/airflow/example_dags/example_kubernetes_executor_config.py for tasks to queue
[2021-07-14 20:07:57,278] {logging_mixin.py:104} INFO - [2021-07-14 20:07:57,278] {dagbag.py:496} INFO - Filling up the DagBag from /home/airflow/.local/lib/python3.6/site-packages/airflow/example_dags/example_kubernetes_executor_config.py
[2021-07-14 20:07:57,302] {scheduler_job.py:643} INFO - DAG(s) dict_keys(['example_kubernetes_executor_config']) retrieved from /home/airflow/.local/lib/python3.6/site-packages/airflow/example_dags/example_kubernetes_executor_config.py
[2021-07-14 20:07:57,334] {logging_mixin.py:104} INFO - [2021-07-14 20:07:57,333] {dag.py:1833} INFO - Sync 1 DAGs
[2021-07-14 20:07:57,351] {logging_mixin.py:104} INFO - [2021-07-14 20:07:57,351] {dag.py:2306} INFO - Setting next_dagrun for example_kubernetes_executor_config to None
[2021-07-14 20:07:57,363] {scheduler_job.py:190} INFO - Processing /home/airflow/.local/lib/python3.6/site-packages/airflow/example_dags/example_kubernetes_executor_config.py took 0.093 seconds
[2021-07-14 20:08:27,903] {scheduler_job.py:182} INFO - Started process (PID=1308) to work on /home/airflow/.local/lib/python3.6/site-packages/airflow/example_dags/example_kubernetes_executor_config.py
[2021-07-14 20:08:27,904] {scheduler_job.py:633} INFO - Processing file /home/airflow/.local/lib/python3.6/site-packages/airflow/example_dags/example_kubernetes_executor_config.py for tasks to queue
[2021-07-14 20:08:27,906] {logging_mixin.py:104} INFO - [2021-07-14 20:08:27,905] {dagbag.py:496} INFO - Filling up the DagBag from /home/airflow/.local/lib/python3.6/site-packages/airflow/example_dags/example_kubernetes_executor_config.py
[2021-07-14 20:08:27,930] {scheduler_job.py:643} INFO - DAG(s) dict_keys(['example_kubernetes_executor_config']) retrieved from /home/airflow/.local/lib/python3.6/site-packages/airflow/example_dags/example_kubernetes_executor_config.py
[2021-07-14 20:08:27,971] {logging_mixin.py:104} INFO - [2021-07-14 20:08:27,970] {dag.py:1833} INFO - Sync 1 DAGs
[2021-07-14 20:08:27,999] {logging_mixin.py:104} INFO - [2021-07-14 20:08:27,999] {dag.py:2306} INFO - Setting next_dagrun for example_kubernetes_executor_config to None
[2021-07-14 20:08:28,013] {scheduler_job.py:190} INFO - Processing /home/airflow/.local/lib/python3.6/site-packages/airflow/example_dags/example_kubernetes_executor_config.py took 0.113 seconds
[2021-07-14 20:08:58,221] {scheduler_job.py:182} INFO - Started process (PID=1362) to work on /home/airflow/.local/lib/python3.6/site-packages/airflow/example_dags/example_kubernetes_executor_config.py
[2021-07-14 20:08:58,222] {scheduler_job.py:633} INFO - Processing file /home/airflow/.local/lib/python3.6/site-packages/airflow/example_dags/example_kubernetes_executor_config.py for tasks to queue
[2021-07-14 20:08:58,224] {logging_mixin.py:104} INFO - [2021-07-14 20:08:58,223] {dagbag.py:496} INFO - Filling up the DagBag from /home/airflow/.local/lib/python3.6/site-packages/airflow/example_dags/example_kubernetes_executor_config.py
[2021-07-14 20:08:58,248] {scheduler_job.py:643} INFO - DAG(s) dict_keys(['example_kubernetes_executor_config']) retrieved from /home/airflow/.local/lib/python3.6/site-packages/airflow/example_dags/example_kubernetes_executor_config.py
[2021-07-14 20:08:58,284] {logging_mixin.py:104} INFO - [2021-07-14 20:08:58,283] {dag.py:1833} INFO - Sync 1 DAGs
[2021-07-14 20:08:58,309] {logging_mixin.py:104} INFO - [2021-07-14 20:08:58,309] {dag.py:2306} INFO - Setting next_dagrun for example_kubernetes_executor_config to None
[2021-07-14 20:08:58,325] {scheduler_job.py:190} INFO - Processing /home/airflow/.local/lib/python3.6/site-packages/airflow/example_dags/example_kubernetes_executor_config.py took 0.109 seconds
[2021-07-14 20:09:28,837] {scheduler_job.py:182} INFO - Started process (PID=1426) to work on /home/airflow/.local/lib/python3.6/site-packages/airflow/example_dags/example_kubernetes_executor_config.py
[2021-07-14 20:09:28,838] {scheduler_job.py:633} INFO - Processing file /home/airflow/.local/lib/python3.6/site-packages/airflow/example_dags/example_kubernetes_executor_config.py for tasks to queue
[2021-07-14 20:09:28,839] {logging_mixin.py:104} INFO - [2021-07-14 20:09:28,839] {dagbag.py:496} INFO - Filling up the DagBag from /home/airflow/.local/lib/python3.6/site-packages/airflow/example_dags/example_kubernetes_executor_config.py
[2021-07-14 20:09:28,860] {scheduler_job.py:643} INFO - DAG(s) dict_keys(['example_kubernetes_executor_config']) retrieved from /home/airflow/.local/lib/python3.6/site-packages/airflow/example_dags/example_kubernetes_executor_config.py
[2021-07-14 20:09:28,894] {logging_mixin.py:104} INFO - [2021-07-14 20:09:28,894] {dag.py:1833} INFO - Sync 1 DAGs
[2021-07-14 20:09:28,916] {logging_mixin.py:104} INFO - [2021-07-14 20:09:28,915] {dag.py:2306} INFO - Setting next_dagrun for example_kubernetes_executor_config to None
[2021-07-14 20:09:28,926] {scheduler_job.py:190} INFO - Processing /home/airflow/.local/lib/python3.6/site-packages/airflow/example_dags/example_kubernetes_executor_config.py took 0.092 seconds
[2021-07-14 20:09:59,246] {scheduler_job.py:182} INFO - Started process (PID=1481) to work on /home/airflow/.local/lib/python3.6/site-packages/airflow/example_dags/example_kubernetes_executor_config.py
[2021-07-14 20:09:59,248] {scheduler_job.py:633} INFO - Processing file /home/airflow/.local/lib/python3.6/site-packages/airflow/example_dags/example_kubernetes_executor_config.py for tasks to queue
[2021-07-14 20:09:59,248] {logging_mixin.py:104} INFO - [2021-07-14 20:09:59,248] {dagbag.py:496} INFO - Filling up the DagBag from /home/airflow/.local/lib/python3.6/site-packages/airflow/example_dags/example_kubernetes_executor_config.py
[2021-07-14 20:09:59,263] {scheduler_job.py:643} INFO - DAG(s) dict_keys(['example_kubernetes_executor_config']) retrieved from /home/airflow/.local/lib/python3.6/site-packages/airflow/example_dags/example_kubernetes_executor_config.py
[2021-07-14 20:09:59,286] {logging_mixin.py:104} INFO - [2021-07-14 20:09:59,286] {dag.py:1833} INFO - Sync 1 DAGs
[2021-07-14 20:09:59,305] {logging_mixin.py:104} INFO - [2021-07-14 20:09:59,305] {dag.py:2306} INFO - Setting next_dagrun for example_kubernetes_executor_config to None
[2021-07-14 20:09:59,316] {scheduler_job.py:190} INFO - Processing /home/airflow/.local/lib/python3.6/site-packages/airflow/example_dags/example_kubernetes_executor_config.py took 0.073 seconds
[2021-07-14 20:10:29,644] {scheduler_job.py:182} INFO - Started process (PID=1544) to work on /home/airflow/.local/lib/python3.6/site-packages/airflow/example_dags/example_kubernetes_executor_config.py
[2021-07-14 20:10:29,645] {scheduler_job.py:633} INFO - Processing file /home/airflow/.local/lib/python3.6/site-packages/airflow/example_dags/example_kubernetes_executor_config.py for tasks to queue
[2021-07-14 20:10:29,646] {logging_mixin.py:104} INFO - [2021-07-14 20:10:29,646] {dagbag.py:496} INFO - Filling up the DagBag from /home/airflow/.local/lib/python3.6/site-packages/airflow/example_dags/example_kubernetes_executor_config.py
[2021-07-14 20:10:29,665] {scheduler_job.py:643} INFO - DAG(s) dict_keys(['example_kubernetes_executor_config']) retrieved from /home/airflow/.local/lib/python3.6/site-packages/airflow/example_dags/example_kubernetes_executor_config.py
[2021-07-14 20:10:29,688] {logging_mixin.py:104} INFO - [2021-07-14 20:10:29,688] {dag.py:1833} INFO - Sync 1 DAGs
[2021-07-14 20:10:29,707] {logging_mixin.py:104} INFO - [2021-07-14 20:10:29,706] {dag.py:2306} INFO - Setting next_dagrun for example_kubernetes_executor_config to None
[2021-07-14 20:10:29,716] {scheduler_job.py:190} INFO - Processing /home/airflow/.local/lib/python3.6/site-packages/airflow/example_dags/example_kubernetes_executor_config.py took 0.076 seconds
[2021-07-14 20:11:00,107] {scheduler_job.py:182} INFO - Started process (PID=1599) to work on /home/airflow/.local/lib/python3.6/site-packages/airflow/example_dags/example_kubernetes_executor_config.py
[2021-07-14 20:11:00,108] {scheduler_job.py:633} INFO - Processing file /home/airflow/.local/lib/python3.6/site-packages/airflow/example_dags/example_kubernetes_executor_config.py for tasks to queue
[2021-07-14 20:11:00,108] {logging_mixin.py:104} INFO - [2021-07-14 20:11:00,108] {dagbag.py:496} INFO - Filling up the DagBag from /home/airflow/.local/lib/python3.6/site-packages/airflow/example_dags/example_kubernetes_executor_config.py
[2021-07-14 20:11:00,124] {scheduler_job.py:643} INFO - DAG(s) dict_keys(['example_kubernetes_executor_config']) retrieved from /home/airflow/.local/lib/python3.6/site-packages/airflow/example_dags/example_kubernetes_executor_config.py
[2021-07-14 20:11:00,147] {logging_mixin.py:104} INFO - [2021-07-14 20:11:00,147] {dag.py:1833} INFO - Sync 1 DAGs
[2021-07-14 20:11:00,164] {logging_mixin.py:104} INFO - [2021-07-14 20:11:00,164] {dag.py:2306} INFO - Setting next_dagrun for example_kubernetes_executor_config to None
[2021-07-14 20:11:00,174] {scheduler_job.py:190} INFO - Processing /home/airflow/.local/lib/python3.6/site-packages/airflow/example_dags/example_kubernetes_executor_config.py took 0.070 seconds
[2021-07-14 20:11:30,513] {scheduler_job.py:182} INFO - Started process (PID=1663) to work on /home/airflow/.local/lib/python3.6/site-packages/airflow/example_dags/example_kubernetes_executor_config.py
[2021-07-14 20:11:30,516] {scheduler_job.py:633} INFO - Processing file /home/airflow/.local/lib/python3.6/site-packages/airflow/example_dags/example_kubernetes_executor_config.py for tasks to queue
[2021-07-14 20:11:30,517] {logging_mixin.py:104} INFO - [2021-07-14 20:11:30,517] {dagbag.py:496} INFO - Filling up the DagBag from /home/airflow/.local/lib/python3.6/site-packages/airflow/example_dags/example_kubernetes_executor_config.py
[2021-07-14 20:11:30,545] {scheduler_job.py:643} INFO - DAG(s) dict_keys(['example_kubernetes_executor_config']) retrieved from /home/airflow/.local/lib/python3.6/site-packages/airflow/example_dags/example_kubernetes_executor_config.py
[2021-07-14 20:11:30,592] {logging_mixin.py:104} INFO - [2021-07-14 20:11:30,592] {dag.py:1833} INFO - Sync 1 DAGs
[2021-07-14 20:11:30,624] {logging_mixin.py:104} INFO - [2021-07-14 20:11:30,623] {dag.py:2306} INFO - Setting next_dagrun for example_kubernetes_executor_config to None
[2021-07-14 20:11:30,645] {scheduler_job.py:190} INFO - Processing /home/airflow/.local/lib/python3.6/site-packages/airflow/example_dags/example_kubernetes_executor_config.py took 0.139 seconds
[2021-07-14 20:12:00,908] {scheduler_job.py:182} INFO - Started process (PID=1718) to work on /home/airflow/.local/lib/python3.6/site-packages/airflow/example_dags/example_kubernetes_executor_config.py
[2021-07-14 20:12:00,909] {scheduler_job.py:633} INFO - Processing file /home/airflow/.local/lib/python3.6/site-packages/airflow/example_dags/example_kubernetes_executor_config.py for tasks to queue
[2021-07-14 20:12:00,910] {logging_mixin.py:104} INFO - [2021-07-14 20:12:00,910] {dagbag.py:496} INFO - Filling up the DagBag from /home/airflow/.local/lib/python3.6/site-packages/airflow/example_dags/example_kubernetes_executor_config.py
[2021-07-14 20:12:00,926] {scheduler_job.py:643} INFO - DAG(s) dict_keys(['example_kubernetes_executor_config']) retrieved from /home/airflow/.local/lib/python3.6/site-packages/airflow/example_dags/example_kubernetes_executor_config.py
[2021-07-14 20:12:00,949] {logging_mixin.py:104} INFO - [2021-07-14 20:12:00,949] {dag.py:1833} INFO - Sync 1 DAGs
[2021-07-14 20:12:00,966] {logging_mixin.py:104} INFO - [2021-07-14 20:12:00,966] {dag.py:2306} INFO - Setting next_dagrun for example_kubernetes_executor_config to None
[2021-07-14 20:12:00,975] {scheduler_job.py:190} INFO - Processing /home/airflow/.local/lib/python3.6/site-packages/airflow/example_dags/example_kubernetes_executor_config.py took 0.071 seconds
[2021-07-14 20:12:31,262] {scheduler_job.py:182} INFO - Started process (PID=1783) to work on /home/airflow/.local/lib/python3.6/site-packages/airflow/example_dags/example_kubernetes_executor_config.py
[2021-07-14 20:12:31,263] {scheduler_job.py:633} INFO - Processing file /home/airflow/.local/lib/python3.6/site-packages/airflow/example_dags/example_kubernetes_executor_config.py for tasks to queue
[2021-07-14 20:12:31,263] {logging_mixin.py:104} INFO - [2021-07-14 20:12:31,263] {dagbag.py:496} INFO - Filling up the DagBag from /home/airflow/.local/lib/python3.6/site-packages/airflow/example_dags/example_kubernetes_executor_config.py
[2021-07-14 20:12:31,276] {scheduler_job.py:643} INFO - DAG(s) dict_keys(['example_kubernetes_executor_config']) retrieved from /home/airflow/.local/lib/python3.6/site-packages/airflow/example_dags/example_kubernetes_executor_config.py
[2021-07-14 20:12:31,297] {logging_mixin.py:104} INFO - [2021-07-14 20:12:31,297] {dag.py:1833} INFO - Sync 1 DAGs
[2021-07-14 20:12:31,313] {logging_mixin.py:104} INFO - [2021-07-14 20:12:31,312] {dag.py:2306} INFO - Setting next_dagrun for example_kubernetes_executor_config to None
[2021-07-14 20:12:31,324] {scheduler_job.py:190} INFO - Processing /home/airflow/.local/lib/python3.6/site-packages/airflow/example_dags/example_kubernetes_executor_config.py took 0.065 seconds
[2021-07-14 20:13:01,747] {scheduler_job.py:182} INFO - Started process (PID=1848) to work on /home/airflow/.local/lib/python3.6/site-packages/airflow/example_dags/example_kubernetes_executor_config.py
[2021-07-14 20:13:01,749] {scheduler_job.py:633} INFO - Processing file /home/airflow/.local/lib/python3.6/site-packages/airflow/example_dags/example_kubernetes_executor_config.py for tasks to queue
[2021-07-14 20:13:01,750] {logging_mixin.py:104} INFO - [2021-07-14 20:13:01,750] {dagbag.py:496} INFO - Filling up the DagBag from /home/airflow/.local/lib/python3.6/site-packages/airflow/example_dags/example_kubernetes_executor_config.py
[2021-07-14 20:13:01,773] {scheduler_job.py:643} INFO - DAG(s) dict_keys(['example_kubernetes_executor_config']) retrieved from /home/airflow/.local/lib/python3.6/site-packages/airflow/example_dags/example_kubernetes_executor_config.py
[2021-07-14 20:13:01,804] {logging_mixin.py:104} INFO - [2021-07-14 20:13:01,804] {dag.py:1833} INFO - Sync 1 DAGs
[2021-07-14 20:13:01,821] {logging_mixin.py:104} INFO - [2021-07-14 20:13:01,821] {dag.py:2306} INFO - Setting next_dagrun for example_kubernetes_executor_config to None
[2021-07-14 20:13:01,830] {scheduler_job.py:190} INFO - Processing /home/airflow/.local/lib/python3.6/site-packages/airflow/example_dags/example_kubernetes_executor_config.py took 0.087 seconds
[2021-07-14 20:13:32,698] {scheduler_job.py:182} INFO - Started process (PID=1902) to work on /home/airflow/.local/lib/python3.6/site-packages/airflow/example_dags/example_kubernetes_executor_config.py
[2021-07-14 20:13:32,699] {scheduler_job.py:633} INFO - Processing file /home/airflow/.local/lib/python3.6/site-packages/airflow/example_dags/example_kubernetes_executor_config.py for tasks to queue
[2021-07-14 20:13:32,700] {logging_mixin.py:104} INFO - [2021-07-14 20:13:32,700] {dagbag.py:496} INFO - Filling up the DagBag from /home/airflow/.local/lib/python3.6/site-packages/airflow/example_dags/example_kubernetes_executor_config.py
[2021-07-14 20:13:32,714] {scheduler_job.py:643} INFO - DAG(s) dict_keys(['example_kubernetes_executor_config']) retrieved from /home/airflow/.local/lib/python3.6/site-packages/airflow/example_dags/example_kubernetes_executor_config.py
[2021-07-14 20:13:32,737] {logging_mixin.py:104} INFO - [2021-07-14 20:13:32,736] {dag.py:1833} INFO - Sync 1 DAGs
[2021-07-14 20:13:32,754] {logging_mixin.py:104} INFO - [2021-07-14 20:13:32,754] {dag.py:2306} INFO - Setting next_dagrun for example_kubernetes_executor_config to None
[2021-07-14 20:13:32,764] {scheduler_job.py:190} INFO - Processing /home/airflow/.local/lib/python3.6/site-packages/airflow/example_dags/example_kubernetes_executor_config.py took 0.069 seconds
[2021-07-14 20:14:03,952] {scheduler_job.py:182} INFO - Started process (PID=1967) to work on /home/airflow/.local/lib/python3.6/site-packages/airflow/example_dags/example_kubernetes_executor_config.py
[2021-07-14 20:14:03,953] {scheduler_job.py:633} INFO - Processing file /home/airflow/.local/lib/python3.6/site-packages/airflow/example_dags/example_kubernetes_executor_config.py for tasks to queue
[2021-07-14 20:14:03,953] {logging_mixin.py:104} INFO - [2021-07-14 20:14:03,953] {dagbag.py:496} INFO - Filling up the DagBag from /home/airflow/.local/lib/python3.6/site-packages/airflow/example_dags/example_kubernetes_executor_config.py
[2021-07-14 20:14:03,969] {scheduler_job.py:643} INFO - DAG(s) dict_keys(['example_kubernetes_executor_config']) retrieved from /home/airflow/.local/lib/python3.6/site-packages/airflow/example_dags/example_kubernetes_executor_config.py
[2021-07-14 20:14:04,000] {logging_mixin.py:104} INFO - [2021-07-14 20:14:04,000] {dag.py:1833} INFO - Sync 1 DAGs
[2021-07-14 20:14:04,018] {logging_mixin.py:104} INFO - [2021-07-14 20:14:04,018] {dag.py:2306} INFO - Setting next_dagrun for example_kubernetes_executor_config to None
[2021-07-14 20:14:04,030] {scheduler_job.py:190} INFO - Processing /home/airflow/.local/lib/python3.6/site-packages/airflow/example_dags/example_kubernetes_executor_config.py took 0.082 seconds
[2021-07-14 20:14:35,341] {scheduler_job.py:182} INFO - Started process (PID=2028) to work on /home/airflow/.local/lib/python3.6/site-packages/airflow/example_dags/example_kubernetes_executor_config.py
[2021-07-14 20:14:35,342] {scheduler_job.py:633} INFO - Processing file /home/airflow/.local/lib/python3.6/site-packages/airflow/example_dags/example_kubernetes_executor_config.py for tasks to queue
[2021-07-14 20:14:35,343] {logging_mixin.py:104} INFO - [2021-07-14 20:14:35,343] {dagbag.py:496} INFO - Filling up the DagBag from /home/airflow/.local/lib/python3.6/site-packages/airflow/example_dags/example_kubernetes_executor_config.py
[2021-07-14 20:14:35,360] {scheduler_job.py:643} INFO - DAG(s) dict_keys(['example_kubernetes_executor_config']) retrieved from /home/airflow/.local/lib/python3.6/site-packages/airflow/example_dags/example_kubernetes_executor_config.py
[2021-07-14 20:14:35,383] {logging_mixin.py:104} INFO - [2021-07-14 20:14:35,383] {dag.py:1833} INFO - Sync 1 DAGs
[2021-07-14 20:14:35,404] {logging_mixin.py:104} INFO - [2021-07-14 20:14:35,404] {dag.py:2306} INFO - Setting next_dagrun for example_kubernetes_executor_config to None
[2021-07-14 20:14:35,416] {scheduler_job.py:190} INFO - Processing /home/airflow/.local/lib/python3.6/site-packages/airflow/example_dags/example_kubernetes_executor_config.py took 0.079 seconds
[2021-07-14 20:15:05,752] {scheduler_job.py:182} INFO - Started process (PID=2085) to work on /home/airflow/.local/lib/python3.6/site-packages/airflow/example_dags/example_kubernetes_executor_config.py
[2021-07-14 20:15:05,753] {scheduler_job.py:633} INFO - Processing file /home/airflow/.local/lib/python3.6/site-packages/airflow/example_dags/example_kubernetes_executor_config.py for tasks to queue
[2021-07-14 20:15:05,754] {logging_mixin.py:104} INFO - [2021-07-14 20:15:05,754] {dagbag.py:496} INFO - Filling up the DagBag from /home/airflow/.local/lib/python3.6/site-packages/airflow/example_dags/example_kubernetes_executor_config.py
[2021-07-14 20:15:05,769] {scheduler_job.py:643} INFO - DAG(s) dict_keys(['example_kubernetes_executor_config']) retrieved from /home/airflow/.local/lib/python3.6/site-packages/airflow/example_dags/example_kubernetes_executor_config.py
[2021-07-14 20:15:05,795] {logging_mixin.py:104} INFO - [2021-07-14 20:15:05,795] {dag.py:1833} INFO - Sync 1 DAGs
[2021-07-14 20:15:05,814] {logging_mixin.py:104} INFO - [2021-07-14 20:15:05,814] {dag.py:2306} INFO - Setting next_dagrun for example_kubernetes_executor_config to None
[2021-07-14 20:15:05,826] {scheduler_job.py:190} INFO - Processing /home/airflow/.local/lib/python3.6/site-packages/airflow/example_dags/example_kubernetes_executor_config.py took 0.077 seconds
[2021-07-14 20:15:36,356] {scheduler_job.py:182} INFO - Started process (PID=2149) to work on /home/airflow/.local/lib/python3.6/site-packages/airflow/example_dags/example_kubernetes_executor_config.py
[2021-07-14 20:15:36,357] {scheduler_job.py:633} INFO - Processing file /home/airflow/.local/lib/python3.6/site-packages/airflow/example_dags/example_kubernetes_executor_config.py for tasks to queue
[2021-07-14 20:15:36,358] {logging_mixin.py:104} INFO - [2021-07-14 20:15:36,358] {dagbag.py:496} INFO - Filling up the DagBag from /home/airflow/.local/lib/python3.6/site-packages/airflow/example_dags/example_kubernetes_executor_config.py
[2021-07-14 20:15:36,375] {scheduler_job.py:643} INFO - DAG(s) dict_keys(['example_kubernetes_executor_config']) retrieved from /home/airflow/.local/lib/python3.6/site-packages/airflow/example_dags/example_kubernetes_executor_config.py
[2021-07-14 20:15:36,398] {logging_mixin.py:104} INFO - [2021-07-14 20:15:36,398] {dag.py:1833} INFO - Sync 1 DAGs
[2021-07-14 20:15:36,416] {logging_mixin.py:104} INFO - [2021-07-14 20:15:36,416] {dag.py:2306} INFO - Setting next_dagrun for example_kubernetes_executor_config to None
[2021-07-14 20:15:36,427] {scheduler_job.py:190} INFO - Processing /home/airflow/.local/lib/python3.6/site-packages/airflow/example_dags/example_kubernetes_executor_config.py took 0.073 seconds
[2021-07-14 20:16:07,272] {scheduler_job.py:182} INFO - Started process (PID=2203) to work on /home/airflow/.local/lib/python3.6/site-packages/airflow/example_dags/example_kubernetes_executor_config.py
[2021-07-14 20:16:07,274] {scheduler_job.py:633} INFO - Processing file /home/airflow/.local/lib/python3.6/site-packages/airflow/example_dags/example_kubernetes_executor_config.py for tasks to queue
[2021-07-14 20:16:07,275] {logging_mixin.py:104} INFO - [2021-07-14 20:16:07,274] {dagbag.py:496} INFO - Filling up the DagBag from /home/airflow/.local/lib/python3.6/site-packages/airflow/example_dags/example_kubernetes_executor_config.py
[2021-07-14 20:16:07,291] {scheduler_job.py:643} INFO - DAG(s) dict_keys(['example_kubernetes_executor_config']) retrieved from /home/airflow/.local/lib/python3.6/site-packages/airflow/example_dags/example_kubernetes_executor_config.py
[2021-07-14 20:16:07,315] {logging_mixin.py:104} INFO - [2021-07-14 20:16:07,314] {dag.py:1833} INFO - Sync 1 DAGs
[2021-07-14 20:16:07,333] {logging_mixin.py:104} INFO - [2021-07-14 20:16:07,332] {dag.py:2306} INFO - Setting next_dagrun for example_kubernetes_executor_config to None
[2021-07-14 20:16:07,348] {scheduler_job.py:190} INFO - Processing /home/airflow/.local/lib/python3.6/site-packages/airflow/example_dags/example_kubernetes_executor_config.py took 0.079 seconds
[2021-07-14 20:16:37,771] {scheduler_job.py:182} INFO - Started process (PID=2265) to work on /home/airflow/.local/lib/python3.6/site-packages/airflow/example_dags/example_kubernetes_executor_config.py
[2021-07-14 20:16:37,772] {scheduler_job.py:633} INFO - Processing file /home/airflow/.local/lib/python3.6/site-packages/airflow/example_dags/example_kubernetes_executor_config.py for tasks to queue
[2021-07-14 20:16:37,773] {logging_mixin.py:104} INFO - [2021-07-14 20:16:37,773] {dagbag.py:496} INFO - Filling up the DagBag from /home/airflow/.local/lib/python3.6/site-packages/airflow/example_dags/example_kubernetes_executor_config.py
[2021-07-14 20:16:37,791] {scheduler_job.py:643} INFO - DAG(s) dict_keys(['example_kubernetes_executor_config']) retrieved from /home/airflow/.local/lib/python3.6/site-packages/airflow/example_dags/example_kubernetes_executor_config.py
[2021-07-14 20:16:37,822] {logging_mixin.py:104} INFO - [2021-07-14 20:16:37,821] {dag.py:1833} INFO - Sync 1 DAGs
[2021-07-14 20:16:37,845] {logging_mixin.py:104} INFO - [2021-07-14 20:16:37,845] {dag.py:2306} INFO - Setting next_dagrun for example_kubernetes_executor_config to None
[2021-07-14 20:16:37,860] {scheduler_job.py:190} INFO - Processing /home/airflow/.local/lib/python3.6/site-packages/airflow/example_dags/example_kubernetes_executor_config.py took 0.093 seconds
[2021-07-14 20:17:07,880] {scheduler_job.py:182} INFO - Started process (PID=2317) to work on /home/airflow/.local/lib/python3.6/site-packages/airflow/example_dags/example_kubernetes_executor_config.py
[2021-07-14 20:17:07,881] {scheduler_job.py:633} INFO - Processing file /home/airflow/.local/lib/python3.6/site-packages/airflow/example_dags/example_kubernetes_executor_config.py for tasks to queue
[2021-07-14 20:17:07,881] {logging_mixin.py:104} INFO - [2021-07-14 20:17:07,881] {dagbag.py:496} INFO - Filling up the DagBag from /home/airflow/.local/lib/python3.6/site-packages/airflow/example_dags/example_kubernetes_executor_config.py
[2021-07-14 20:17:07,898] {scheduler_job.py:643} INFO - DAG(s) dict_keys(['example_kubernetes_executor_config']) retrieved from /home/airflow/.local/lib/python3.6/site-packages/airflow/example_dags/example_kubernetes_executor_config.py
[2021-07-14 20:17:07,924] {logging_mixin.py:104} INFO - [2021-07-14 20:17:07,924] {dag.py:1833} INFO - Sync 1 DAGs
[2021-07-14 20:17:07,946] {logging_mixin.py:104} INFO - [2021-07-14 20:17:07,946] {dag.py:2306} INFO - Setting next_dagrun for example_kubernetes_executor_config to None
[2021-07-14 20:17:07,958] {scheduler_job.py:190} INFO - Processing /home/airflow/.local/lib/python3.6/site-packages/airflow/example_dags/example_kubernetes_executor_config.py took 0.082 seconds
[2021-07-14 20:17:38,670] {scheduler_job.py:182} INFO - Started process (PID=2381) to work on /home/airflow/.local/lib/python3.6/site-packages/airflow/example_dags/example_kubernetes_executor_config.py
[2021-07-14 20:17:38,672] {scheduler_job.py:633} INFO - Processing file /home/airflow/.local/lib/python3.6/site-packages/airflow/example_dags/example_kubernetes_executor_config.py for tasks to queue
[2021-07-14 20:17:38,672] {logging_mixin.py:104} INFO - [2021-07-14 20:17:38,672] {dagbag.py:496} INFO - Filling up the DagBag from /home/airflow/.local/lib/python3.6/site-packages/airflow/example_dags/example_kubernetes_executor_config.py
[2021-07-14 20:17:38,696] {scheduler_job.py:643} INFO - DAG(s) dict_keys(['example_kubernetes_executor_config']) retrieved from /home/airflow/.local/lib/python3.6/site-packages/airflow/example_dags/example_kubernetes_executor_config.py
[2021-07-14 20:17:38,726] {logging_mixin.py:104} INFO - [2021-07-14 20:17:38,726] {dag.py:1833} INFO - Sync 1 DAGs
[2021-07-14 20:17:38,749] {logging_mixin.py:104} INFO - [2021-07-14 20:17:38,749] {dag.py:2306} INFO - Setting next_dagrun for example_kubernetes_executor_config to None
[2021-07-14 20:17:38,760] {scheduler_job.py:190} INFO - Processing /home/airflow/.local/lib/python3.6/site-packages/airflow/example_dags/example_kubernetes_executor_config.py took 0.096 seconds
[2021-07-14 20:18:09,383] {scheduler_job.py:182} INFO - Started process (PID=2437) to work on /home/airflow/.local/lib/python3.6/site-packages/airflow/example_dags/example_kubernetes_executor_config.py
[2021-07-14 20:18:09,385] {scheduler_job.py:633} INFO - Processing file /home/airflow/.local/lib/python3.6/site-packages/airflow/example_dags/example_kubernetes_executor_config.py for tasks to queue
[2021-07-14 20:18:09,387] {logging_mixin.py:104} INFO - [2021-07-14 20:18:09,386] {dagbag.py:496} INFO - Filling up the DagBag from /home/airflow/.local/lib/python3.6/site-packages/airflow/example_dags/example_kubernetes_executor_config.py
[2021-07-14 20:18:09,414] {scheduler_job.py:643} INFO - DAG(s) dict_keys(['example_kubernetes_executor_config']) retrieved from /home/airflow/.local/lib/python3.6/site-packages/airflow/example_dags/example_kubernetes_executor_config.py
[2021-07-14 20:18:09,453] {logging_mixin.py:104} INFO - [2021-07-14 20:18:09,453] {dag.py:1833} INFO - Sync 1 DAGs
[2021-07-14 20:18:09,477] {logging_mixin.py:104} INFO - [2021-07-14 20:18:09,477] {dag.py:2306} INFO - Setting next_dagrun for example_kubernetes_executor_config to None
[2021-07-14 20:18:09,494] {scheduler_job.py:190} INFO - Processing /home/airflow/.local/lib/python3.6/site-packages/airflow/example_dags/example_kubernetes_executor_config.py took 0.119 seconds
[2021-07-14 20:18:40,051] {scheduler_job.py:182} INFO - Started process (PID=2500) to work on /home/airflow/.local/lib/python3.6/site-packages/airflow/example_dags/example_kubernetes_executor_config.py
[2021-07-14 20:18:40,052] {scheduler_job.py:633} INFO - Processing file /home/airflow/.local/lib/python3.6/site-packages/airflow/example_dags/example_kubernetes_executor_config.py for tasks to queue
[2021-07-14 20:18:40,053] {logging_mixin.py:104} INFO - [2021-07-14 20:18:40,053] {dagbag.py:496} INFO - Filling up the DagBag from /home/airflow/.local/lib/python3.6/site-packages/airflow/example_dags/example_kubernetes_executor_config.py
[2021-07-14 20:18:40,067] {scheduler_job.py:643} INFO - DAG(s) dict_keys(['example_kubernetes_executor_config']) retrieved from /home/airflow/.local/lib/python3.6/site-packages/airflow/example_dags/example_kubernetes_executor_config.py
[2021-07-14 20:18:40,090] {logging_mixin.py:104} INFO - [2021-07-14 20:18:40,089] {dag.py:1833} INFO - Sync 1 DAGs
[2021-07-14 20:18:40,107] {logging_mixin.py:104} INFO - [2021-07-14 20:18:40,107] {dag.py:2306} INFO - Setting next_dagrun for example_kubernetes_executor_config to None
[2021-07-14 20:18:40,117] {scheduler_job.py:190} INFO - Processing /home/airflow/.local/lib/python3.6/site-packages/airflow/example_dags/example_kubernetes_executor_config.py took 0.069 seconds
[2021-07-14 20:19:10,187] {scheduler_job.py:182} INFO - Started process (PID=2552) to work on /home/airflow/.local/lib/python3.6/site-packages/airflow/example_dags/example_kubernetes_executor_config.py
[2021-07-14 20:19:10,188] {scheduler_job.py:633} INFO - Processing file /home/airflow/.local/lib/python3.6/site-packages/airflow/example_dags/example_kubernetes_executor_config.py for tasks to queue
[2021-07-14 20:19:10,189] {logging_mixin.py:104} INFO - [2021-07-14 20:19:10,189] {dagbag.py:496} INFO - Filling up the DagBag from /home/airflow/.local/lib/python3.6/site-packages/airflow/example_dags/example_kubernetes_executor_config.py
[2021-07-14 20:19:10,211] {scheduler_job.py:643} INFO - DAG(s) dict_keys(['example_kubernetes_executor_config']) retrieved from /home/airflow/.local/lib/python3.6/site-packages/airflow/example_dags/example_kubernetes_executor_config.py
[2021-07-14 20:19:10,247] {logging_mixin.py:104} INFO - [2021-07-14 20:19:10,247] {dag.py:1833} INFO - Sync 1 DAGs
[2021-07-14 20:19:10,262] {logging_mixin.py:104} INFO - [2021-07-14 20:19:10,262] {dag.py:2306} INFO - Setting next_dagrun for example_kubernetes_executor_config to None
[2021-07-14 20:19:10,273] {scheduler_job.py:190} INFO - Processing /home/airflow/.local/lib/python3.6/site-packages/airflow/example_dags/example_kubernetes_executor_config.py took 0.088 seconds
[2021-07-14 20:19:40,615] {scheduler_job.py:182} INFO - Started process (PID=2616) to work on /home/airflow/.local/lib/python3.6/site-packages/airflow/example_dags/example_kubernetes_executor_config.py
[2021-07-14 20:19:40,616] {scheduler_job.py:633} INFO - Processing file /home/airflow/.local/lib/python3.6/site-packages/airflow/example_dags/example_kubernetes_executor_config.py for tasks to queue
[2021-07-14 20:19:40,619] {logging_mixin.py:104} INFO - [2021-07-14 20:19:40,619] {dagbag.py:496} INFO - Filling up the DagBag from /home/airflow/.local/lib/python3.6/site-packages/airflow/example_dags/example_kubernetes_executor_config.py
[2021-07-14 20:19:40,647] {scheduler_job.py:643} INFO - DAG(s) dict_keys(['example_kubernetes_executor_config']) retrieved from /home/airflow/.local/lib/python3.6/site-packages/airflow/example_dags/example_kubernetes_executor_config.py
[2021-07-14 20:19:40,684] {logging_mixin.py:104} INFO - [2021-07-14 20:19:40,684] {dag.py:1833} INFO - Sync 1 DAGs
[2021-07-14 20:19:40,707] {logging_mixin.py:104} INFO - [2021-07-14 20:19:40,707] {dag.py:2306} INFO - Setting next_dagrun for example_kubernetes_executor_config to None
[2021-07-14 20:19:40,722] {scheduler_job.py:190} INFO - Processing /home/airflow/.local/lib/python3.6/site-packages/airflow/example_dags/example_kubernetes_executor_config.py took 0.111 seconds
[2021-07-14 20:20:11,612] {scheduler_job.py:182} INFO - Started process (PID=2669) to work on /home/airflow/.local/lib/python3.6/site-packages/airflow/example_dags/example_kubernetes_executor_config.py
[2021-07-14 20:20:11,616] {scheduler_job.py:633} INFO - Processing file /home/airflow/.local/lib/python3.6/site-packages/airflow/example_dags/example_kubernetes_executor_config.py for tasks to queue
[2021-07-14 20:20:11,617] {logging_mixin.py:104} INFO - [2021-07-14 20:20:11,617] {dagbag.py:496} INFO - Filling up the DagBag from /home/airflow/.local/lib/python3.6/site-packages/airflow/example_dags/example_kubernetes_executor_config.py
[2021-07-14 20:20:11,639] {scheduler_job.py:643} INFO - DAG(s) dict_keys(['example_kubernetes_executor_config']) retrieved from /home/airflow/.local/lib/python3.6/site-packages/airflow/example_dags/example_kubernetes_executor_config.py
[2021-07-14 20:20:11,696] {logging_mixin.py:104} INFO - [2021-07-14 20:20:11,695] {dag.py:1833} INFO - Sync 1 DAGs
[2021-07-14 20:20:11,726] {logging_mixin.py:104} INFO - [2021-07-14 20:20:11,726] {dag.py:2306} INFO - Setting next_dagrun for example_kubernetes_executor_config to None
[2021-07-14 20:20:11,746] {scheduler_job.py:190} INFO - Processing /home/airflow/.local/lib/python3.6/site-packages/airflow/example_dags/example_kubernetes_executor_config.py took 0.138 seconds
[2021-07-14 20:20:42,660] {scheduler_job.py:182} INFO - Started process (PID=2733) to work on /home/airflow/.local/lib/python3.6/site-packages/airflow/example_dags/example_kubernetes_executor_config.py
[2021-07-14 20:20:42,661] {scheduler_job.py:633} INFO - Processing file /home/airflow/.local/lib/python3.6/site-packages/airflow/example_dags/example_kubernetes_executor_config.py for tasks to queue
[2021-07-14 20:20:42,662] {logging_mixin.py:104} INFO - [2021-07-14 20:20:42,662] {dagbag.py:496} INFO - Filling up the DagBag from /home/airflow/.local/lib/python3.6/site-packages/airflow/example_dags/example_kubernetes_executor_config.py
[2021-07-14 20:20:42,678] {scheduler_job.py:643} INFO - DAG(s) dict_keys(['example_kubernetes_executor_config']) retrieved from /home/airflow/.local/lib/python3.6/site-packages/airflow/example_dags/example_kubernetes_executor_config.py
[2021-07-14 20:20:42,703] {logging_mixin.py:104} INFO - [2021-07-14 20:20:42,703] {dag.py:1833} INFO - Sync 1 DAGs
[2021-07-14 20:20:42,724] {logging_mixin.py:104} INFO - [2021-07-14 20:20:42,724] {dag.py:2306} INFO - Setting next_dagrun for example_kubernetes_executor_config to None
[2021-07-14 20:20:42,739] {scheduler_job.py:190} INFO - Processing /home/airflow/.local/lib/python3.6/site-packages/airflow/example_dags/example_kubernetes_executor_config.py took 0.083 seconds
[2021-07-14 20:21:12,962] {scheduler_job.py:182} INFO - Started process (PID=2787) to work on /home/airflow/.local/lib/python3.6/site-packages/airflow/example_dags/example_kubernetes_executor_config.py
[2021-07-14 20:21:12,964] {scheduler_job.py:633} INFO - Processing file /home/airflow/.local/lib/python3.6/site-packages/airflow/example_dags/example_kubernetes_executor_config.py for tasks to queue
[2021-07-14 20:21:12,965] {logging_mixin.py:104} INFO - [2021-07-14 20:21:12,965] {dagbag.py:496} INFO - Filling up the DagBag from /home/airflow/.local/lib/python3.6/site-packages/airflow/example_dags/example_kubernetes_executor_config.py
[2021-07-14 20:21:12,984] {scheduler_job.py:643} INFO - DAG(s) dict_keys(['example_kubernetes_executor_config']) retrieved from /home/airflow/.local/lib/python3.6/site-packages/airflow/example_dags/example_kubernetes_executor_config.py
[2021-07-14 20:21:13,019] {logging_mixin.py:104} INFO - [2021-07-14 20:21:13,018] {dag.py:1833} INFO - Sync 1 DAGs
[2021-07-14 20:21:13,041] {logging_mixin.py:104} INFO - [2021-07-14 20:21:13,041] {dag.py:2306} INFO - Setting next_dagrun for example_kubernetes_executor_config to None
[2021-07-14 20:21:13,061] {scheduler_job.py:190} INFO - Processing /home/airflow/.local/lib/python3.6/site-packages/airflow/example_dags/example_kubernetes_executor_config.py took 0.103 seconds
[2021-07-14 20:21:43,632] {scheduler_job.py:182} INFO - Started process (PID=2854) to work on /home/airflow/.local/lib/python3.6/site-packages/airflow/example_dags/example_kubernetes_executor_config.py
[2021-07-14 20:21:43,634] {scheduler_job.py:633} INFO - Processing file /home/airflow/.local/lib/python3.6/site-packages/airflow/example_dags/example_kubernetes_executor_config.py for tasks to queue
[2021-07-14 20:21:43,634] {logging_mixin.py:104} INFO - [2021-07-14 20:21:43,634] {dagbag.py:496} INFO - Filling up the DagBag from /home/airflow/.local/lib/python3.6/site-packages/airflow/example_dags/example_kubernetes_executor_config.py
[2021-07-14 20:21:43,648] {scheduler_job.py:643} INFO - DAG(s) dict_keys(['example_kubernetes_executor_config']) retrieved from /home/airflow/.local/lib/python3.6/site-packages/airflow/example_dags/example_kubernetes_executor_config.py
[2021-07-14 20:21:43,671] {logging_mixin.py:104} INFO - [2021-07-14 20:21:43,671] {dag.py:1833} INFO - Sync 1 DAGs
[2021-07-14 20:21:43,690] {logging_mixin.py:104} INFO - [2021-07-14 20:21:43,690] {dag.py:2306} INFO - Setting next_dagrun for example_kubernetes_executor_config to None
[2021-07-14 20:21:43,701] {scheduler_job.py:190} INFO - Processing /home/airflow/.local/lib/python3.6/site-packages/airflow/example_dags/example_kubernetes_executor_config.py took 0.071 seconds
[2021-07-14 20:22:14,449] {scheduler_job.py:182} INFO - Started process (PID=2908) to work on /home/airflow/.local/lib/python3.6/site-packages/airflow/example_dags/example_kubernetes_executor_config.py
[2021-07-14 20:22:14,450] {scheduler_job.py:633} INFO - Processing file /home/airflow/.local/lib/python3.6/site-packages/airflow/example_dags/example_kubernetes_executor_config.py for tasks to queue
[2021-07-14 20:22:14,451] {logging_mixin.py:104} INFO - [2021-07-14 20:22:14,451] {dagbag.py:496} INFO - Filling up the DagBag from /home/airflow/.local/lib/python3.6/site-packages/airflow/example_dags/example_kubernetes_executor_config.py
[2021-07-14 20:22:14,478] {scheduler_job.py:643} INFO - DAG(s) dict_keys(['example_kubernetes_executor_config']) retrieved from /home/airflow/.local/lib/python3.6/site-packages/airflow/example_dags/example_kubernetes_executor_config.py
[2021-07-14 20:22:14,524] {logging_mixin.py:104} INFO - [2021-07-14 20:22:14,524] {dag.py:1833} INFO - Sync 1 DAGs
[2021-07-14 20:22:14,550] {logging_mixin.py:104} INFO - [2021-07-14 20:22:14,550] {dag.py:2306} INFO - Setting next_dagrun for example_kubernetes_executor_config to None
[2021-07-14 20:22:14,567] {scheduler_job.py:190} INFO - Processing /home/airflow/.local/lib/python3.6/site-packages/airflow/example_dags/example_kubernetes_executor_config.py took 0.123 seconds
