[2021-07-14 19:05:16,380] {scheduler_job.py:182} INFO - Started process (PID=80) to work on /home/airflow/.local/lib/python3.6/site-packages/airflow/example_dags/example_branch_python_dop_operator_3.py
[2021-07-14 19:05:16,382] {scheduler_job.py:633} INFO - Processing file /home/airflow/.local/lib/python3.6/site-packages/airflow/example_dags/example_branch_python_dop_operator_3.py for tasks to queue
[2021-07-14 19:05:16,383] {logging_mixin.py:104} INFO - [2021-07-14 19:05:16,383] {dagbag.py:496} INFO - Filling up the DagBag from /home/airflow/.local/lib/python3.6/site-packages/airflow/example_dags/example_branch_python_dop_operator_3.py
[2021-07-14 19:05:16,426] {scheduler_job.py:643} INFO - DAG(s) dict_keys(['example_branch_dop_operator_v3']) retrieved from /home/airflow/.local/lib/python3.6/site-packages/airflow/example_dags/example_branch_python_dop_operator_3.py
[2021-07-14 19:05:17,090] {logging_mixin.py:104} INFO - [2021-07-14 19:05:17,090] {dag.py:1833} INFO - Sync 1 DAGs
[2021-07-14 19:05:17,177] {logging_mixin.py:104} INFO - [2021-07-14 19:05:17,176] {dag.py:2306} INFO - Setting next_dagrun for example_branch_dop_operator_v3 to 2021-07-12 00:00:00+00:00
[2021-07-14 19:05:17,201] {scheduler_job.py:190} INFO - Processing /home/airflow/.local/lib/python3.6/site-packages/airflow/example_dags/example_branch_python_dop_operator_3.py took 0.832 seconds
[2021-07-14 19:05:48,041] {scheduler_job.py:182} INFO - Started process (PID=135) to work on /home/airflow/.local/lib/python3.6/site-packages/airflow/example_dags/example_branch_python_dop_operator_3.py
[2021-07-14 19:05:48,049] {scheduler_job.py:633} INFO - Processing file /home/airflow/.local/lib/python3.6/site-packages/airflow/example_dags/example_branch_python_dop_operator_3.py for tasks to queue
[2021-07-14 19:05:48,050] {logging_mixin.py:104} INFO - [2021-07-14 19:05:48,050] {dagbag.py:496} INFO - Filling up the DagBag from /home/airflow/.local/lib/python3.6/site-packages/airflow/example_dags/example_branch_python_dop_operator_3.py
[2021-07-14 19:05:48,135] {scheduler_job.py:643} INFO - DAG(s) dict_keys(['example_branch_dop_operator_v3']) retrieved from /home/airflow/.local/lib/python3.6/site-packages/airflow/example_dags/example_branch_python_dop_operator_3.py
[2021-07-14 19:05:48,234] {logging_mixin.py:104} INFO - [2021-07-14 19:05:48,233] {dag.py:1833} INFO - Sync 1 DAGs
[2021-07-14 19:05:48,425] {logging_mixin.py:104} INFO - [2021-07-14 19:05:48,424] {dag.py:2306} INFO - Setting next_dagrun for example_branch_dop_operator_v3 to 2021-07-12 00:00:00+00:00
[2021-07-14 19:05:48,480] {scheduler_job.py:190} INFO - Processing /home/airflow/.local/lib/python3.6/site-packages/airflow/example_dags/example_branch_python_dop_operator_3.py took 0.448 seconds
[2021-07-14 19:06:19,008] {scheduler_job.py:182} INFO - Started process (PID=188) to work on /home/airflow/.local/lib/python3.6/site-packages/airflow/example_dags/example_branch_python_dop_operator_3.py
[2021-07-14 19:06:19,010] {scheduler_job.py:633} INFO - Processing file /home/airflow/.local/lib/python3.6/site-packages/airflow/example_dags/example_branch_python_dop_operator_3.py for tasks to queue
[2021-07-14 19:06:19,012] {logging_mixin.py:104} INFO - [2021-07-14 19:06:19,011] {dagbag.py:496} INFO - Filling up the DagBag from /home/airflow/.local/lib/python3.6/site-packages/airflow/example_dags/example_branch_python_dop_operator_3.py
[2021-07-14 19:06:19,052] {scheduler_job.py:643} INFO - DAG(s) dict_keys(['example_branch_dop_operator_v3']) retrieved from /home/airflow/.local/lib/python3.6/site-packages/airflow/example_dags/example_branch_python_dop_operator_3.py
[2021-07-14 19:06:19,084] {logging_mixin.py:104} INFO - [2021-07-14 19:06:19,084] {dag.py:1833} INFO - Sync 1 DAGs
[2021-07-14 19:06:19,127] {logging_mixin.py:104} INFO - [2021-07-14 19:06:19,126] {dag.py:2306} INFO - Setting next_dagrun for example_branch_dop_operator_v3 to 2021-07-12 00:00:00+00:00
[2021-07-14 19:06:19,144] {scheduler_job.py:190} INFO - Processing /home/airflow/.local/lib/python3.6/site-packages/airflow/example_dags/example_branch_python_dop_operator_3.py took 0.140 seconds
[2021-07-14 19:06:49,399] {scheduler_job.py:182} INFO - Started process (PID=241) to work on /home/airflow/.local/lib/python3.6/site-packages/airflow/example_dags/example_branch_python_dop_operator_3.py
[2021-07-14 19:06:49,402] {scheduler_job.py:633} INFO - Processing file /home/airflow/.local/lib/python3.6/site-packages/airflow/example_dags/example_branch_python_dop_operator_3.py for tasks to queue
[2021-07-14 19:06:49,404] {logging_mixin.py:104} INFO - [2021-07-14 19:06:49,404] {dagbag.py:496} INFO - Filling up the DagBag from /home/airflow/.local/lib/python3.6/site-packages/airflow/example_dags/example_branch_python_dop_operator_3.py
[2021-07-14 19:06:49,449] {scheduler_job.py:643} INFO - DAG(s) dict_keys(['example_branch_dop_operator_v3']) retrieved from /home/airflow/.local/lib/python3.6/site-packages/airflow/example_dags/example_branch_python_dop_operator_3.py
[2021-07-14 19:06:49,486] {logging_mixin.py:104} INFO - [2021-07-14 19:06:49,486] {dag.py:1833} INFO - Sync 1 DAGs
[2021-07-14 19:06:49,523] {logging_mixin.py:104} INFO - [2021-07-14 19:06:49,523] {dag.py:2306} INFO - Setting next_dagrun for example_branch_dop_operator_v3 to 2021-07-12 00:00:00+00:00
[2021-07-14 19:06:49,541] {scheduler_job.py:190} INFO - Processing /home/airflow/.local/lib/python3.6/site-packages/airflow/example_dags/example_branch_python_dop_operator_3.py took 0.147 seconds
[2021-07-14 19:07:20,399] {scheduler_job.py:182} INFO - Started process (PID=305) to work on /home/airflow/.local/lib/python3.6/site-packages/airflow/example_dags/example_branch_python_dop_operator_3.py
[2021-07-14 19:07:20,405] {scheduler_job.py:633} INFO - Processing file /home/airflow/.local/lib/python3.6/site-packages/airflow/example_dags/example_branch_python_dop_operator_3.py for tasks to queue
[2021-07-14 19:07:20,406] {logging_mixin.py:104} INFO - [2021-07-14 19:07:20,406] {dagbag.py:496} INFO - Filling up the DagBag from /home/airflow/.local/lib/python3.6/site-packages/airflow/example_dags/example_branch_python_dop_operator_3.py
[2021-07-14 19:07:20,450] {scheduler_job.py:643} INFO - DAG(s) dict_keys(['example_branch_dop_operator_v3']) retrieved from /home/airflow/.local/lib/python3.6/site-packages/airflow/example_dags/example_branch_python_dop_operator_3.py
[2021-07-14 19:07:20,517] {logging_mixin.py:104} INFO - [2021-07-14 19:07:20,516] {dag.py:1833} INFO - Sync 1 DAGs
[2021-07-14 19:07:20,583] {logging_mixin.py:104} INFO - [2021-07-14 19:07:20,583] {dag.py:2306} INFO - Setting next_dagrun for example_branch_dop_operator_v3 to 2021-07-12 00:00:00+00:00
[2021-07-14 19:07:20,615] {scheduler_job.py:190} INFO - Processing /home/airflow/.local/lib/python3.6/site-packages/airflow/example_dags/example_branch_python_dop_operator_3.py took 0.229 seconds
[2021-07-14 19:07:50,835] {scheduler_job.py:182} INFO - Started process (PID=358) to work on /home/airflow/.local/lib/python3.6/site-packages/airflow/example_dags/example_branch_python_dop_operator_3.py
[2021-07-14 19:07:50,838] {scheduler_job.py:633} INFO - Processing file /home/airflow/.local/lib/python3.6/site-packages/airflow/example_dags/example_branch_python_dop_operator_3.py for tasks to queue
[2021-07-14 19:07:50,839] {logging_mixin.py:104} INFO - [2021-07-14 19:07:50,839] {dagbag.py:496} INFO - Filling up the DagBag from /home/airflow/.local/lib/python3.6/site-packages/airflow/example_dags/example_branch_python_dop_operator_3.py
[2021-07-14 19:07:50,864] {scheduler_job.py:643} INFO - DAG(s) dict_keys(['example_branch_dop_operator_v3']) retrieved from /home/airflow/.local/lib/python3.6/site-packages/airflow/example_dags/example_branch_python_dop_operator_3.py
[2021-07-14 19:07:50,903] {logging_mixin.py:104} INFO - [2021-07-14 19:07:50,902] {dag.py:1833} INFO - Sync 1 DAGs
[2021-07-14 19:07:50,956] {logging_mixin.py:104} INFO - [2021-07-14 19:07:50,956] {dag.py:2306} INFO - Setting next_dagrun for example_branch_dop_operator_v3 to 2021-07-12 00:00:00+00:00
[2021-07-14 19:07:50,976] {scheduler_job.py:190} INFO - Processing /home/airflow/.local/lib/python3.6/site-packages/airflow/example_dags/example_branch_python_dop_operator_3.py took 0.146 seconds
[2021-07-14 19:08:57,308] {scheduler_job.py:182} INFO - Started process (PID=52) to work on /home/airflow/.local/lib/python3.6/site-packages/airflow/example_dags/example_branch_python_dop_operator_3.py
[2021-07-14 19:08:57,309] {scheduler_job.py:633} INFO - Processing file /home/airflow/.local/lib/python3.6/site-packages/airflow/example_dags/example_branch_python_dop_operator_3.py for tasks to queue
[2021-07-14 19:08:57,310] {logging_mixin.py:104} INFO - [2021-07-14 19:08:57,310] {dagbag.py:496} INFO - Filling up the DagBag from /home/airflow/.local/lib/python3.6/site-packages/airflow/example_dags/example_branch_python_dop_operator_3.py
[2021-07-14 19:08:57,328] {scheduler_job.py:643} INFO - DAG(s) dict_keys(['example_branch_dop_operator_v3']) retrieved from /home/airflow/.local/lib/python3.6/site-packages/airflow/example_dags/example_branch_python_dop_operator_3.py
[2021-07-14 19:08:57,353] {logging_mixin.py:104} INFO - [2021-07-14 19:08:57,353] {dag.py:1833} INFO - Sync 1 DAGs
[2021-07-14 19:08:57,390] {logging_mixin.py:104} INFO - [2021-07-14 19:08:57,389] {dag.py:2306} INFO - Setting next_dagrun for example_branch_dop_operator_v3 to 2021-07-12 00:00:00+00:00
[2021-07-14 19:08:57,404] {scheduler_job.py:190} INFO - Processing /home/airflow/.local/lib/python3.6/site-packages/airflow/example_dags/example_branch_python_dop_operator_3.py took 0.100 seconds
[2021-07-14 19:09:29,325] {scheduler_job.py:182} INFO - Started process (PID=117) to work on /home/airflow/.local/lib/python3.6/site-packages/airflow/example_dags/example_branch_python_dop_operator_3.py
[2021-07-14 19:09:29,327] {scheduler_job.py:633} INFO - Processing file /home/airflow/.local/lib/python3.6/site-packages/airflow/example_dags/example_branch_python_dop_operator_3.py for tasks to queue
[2021-07-14 19:09:29,328] {logging_mixin.py:104} INFO - [2021-07-14 19:09:29,328] {dagbag.py:496} INFO - Filling up the DagBag from /home/airflow/.local/lib/python3.6/site-packages/airflow/example_dags/example_branch_python_dop_operator_3.py
[2021-07-14 19:09:29,366] {scheduler_job.py:643} INFO - DAG(s) dict_keys(['example_branch_dop_operator_v3']) retrieved from /home/airflow/.local/lib/python3.6/site-packages/airflow/example_dags/example_branch_python_dop_operator_3.py
[2021-07-14 19:09:29,411] {logging_mixin.py:104} INFO - [2021-07-14 19:09:29,410] {dag.py:1833} INFO - Sync 1 DAGs
[2021-07-14 19:09:29,469] {logging_mixin.py:104} INFO - [2021-07-14 19:09:29,469] {dag.py:2306} INFO - Setting next_dagrun for example_branch_dop_operator_v3 to 2021-07-12 00:00:00+00:00
[2021-07-14 19:09:29,487] {scheduler_job.py:190} INFO - Processing /home/airflow/.local/lib/python3.6/site-packages/airflow/example_dags/example_branch_python_dop_operator_3.py took 0.169 seconds
[2021-07-14 19:10:00,442] {scheduler_job.py:182} INFO - Started process (PID=171) to work on /home/airflow/.local/lib/python3.6/site-packages/airflow/example_dags/example_branch_python_dop_operator_3.py
[2021-07-14 19:10:00,444] {scheduler_job.py:633} INFO - Processing file /home/airflow/.local/lib/python3.6/site-packages/airflow/example_dags/example_branch_python_dop_operator_3.py for tasks to queue
[2021-07-14 19:10:00,445] {logging_mixin.py:104} INFO - [2021-07-14 19:10:00,445] {dagbag.py:496} INFO - Filling up the DagBag from /home/airflow/.local/lib/python3.6/site-packages/airflow/example_dags/example_branch_python_dop_operator_3.py
[2021-07-14 19:10:00,470] {scheduler_job.py:643} INFO - DAG(s) dict_keys(['example_branch_dop_operator_v3']) retrieved from /home/airflow/.local/lib/python3.6/site-packages/airflow/example_dags/example_branch_python_dop_operator_3.py
[2021-07-14 19:10:00,515] {logging_mixin.py:104} INFO - [2021-07-14 19:10:00,515] {dag.py:1833} INFO - Sync 1 DAGs
[2021-07-14 19:10:00,585] {logging_mixin.py:104} INFO - [2021-07-14 19:10:00,585] {dag.py:2306} INFO - Setting next_dagrun for example_branch_dop_operator_v3 to 2021-07-12 00:00:00+00:00
[2021-07-14 19:10:00,632] {scheduler_job.py:190} INFO - Processing /home/airflow/.local/lib/python3.6/site-packages/airflow/example_dags/example_branch_python_dop_operator_3.py took 0.194 seconds
[2021-07-14 19:10:31,529] {scheduler_job.py:182} INFO - Started process (PID=230) to work on /home/airflow/.local/lib/python3.6/site-packages/airflow/example_dags/example_branch_python_dop_operator_3.py
[2021-07-14 19:10:31,535] {scheduler_job.py:633} INFO - Processing file /home/airflow/.local/lib/python3.6/site-packages/airflow/example_dags/example_branch_python_dop_operator_3.py for tasks to queue
[2021-07-14 19:10:31,536] {logging_mixin.py:104} INFO - [2021-07-14 19:10:31,536] {dagbag.py:496} INFO - Filling up the DagBag from /home/airflow/.local/lib/python3.6/site-packages/airflow/example_dags/example_branch_python_dop_operator_3.py
[2021-07-14 19:10:31,582] {scheduler_job.py:643} INFO - DAG(s) dict_keys(['example_branch_dop_operator_v3']) retrieved from /home/airflow/.local/lib/python3.6/site-packages/airflow/example_dags/example_branch_python_dop_operator_3.py
[2021-07-14 19:10:31,661] {logging_mixin.py:104} INFO - [2021-07-14 19:10:31,660] {dag.py:1833} INFO - Sync 1 DAGs
[2021-07-14 19:10:31,709] {logging_mixin.py:104} INFO - [2021-07-14 19:10:31,708] {dag.py:2306} INFO - Setting next_dagrun for example_branch_dop_operator_v3 to 2021-07-12 00:00:00+00:00
[2021-07-14 19:10:31,725] {scheduler_job.py:190} INFO - Processing /home/airflow/.local/lib/python3.6/site-packages/airflow/example_dags/example_branch_python_dop_operator_3.py took 0.202 seconds
[2021-07-14 19:11:02,235] {scheduler_job.py:182} INFO - Started process (PID=293) to work on /home/airflow/.local/lib/python3.6/site-packages/airflow/example_dags/example_branch_python_dop_operator_3.py
[2021-07-14 19:11:02,236] {scheduler_job.py:633} INFO - Processing file /home/airflow/.local/lib/python3.6/site-packages/airflow/example_dags/example_branch_python_dop_operator_3.py for tasks to queue
[2021-07-14 19:11:02,237] {logging_mixin.py:104} INFO - [2021-07-14 19:11:02,237] {dagbag.py:496} INFO - Filling up the DagBag from /home/airflow/.local/lib/python3.6/site-packages/airflow/example_dags/example_branch_python_dop_operator_3.py
[2021-07-14 19:11:02,258] {scheduler_job.py:643} INFO - DAG(s) dict_keys(['example_branch_dop_operator_v3']) retrieved from /home/airflow/.local/lib/python3.6/site-packages/airflow/example_dags/example_branch_python_dop_operator_3.py
[2021-07-14 19:11:02,287] {logging_mixin.py:104} INFO - [2021-07-14 19:11:02,287] {dag.py:1833} INFO - Sync 1 DAGs
[2021-07-14 19:11:02,321] {logging_mixin.py:104} INFO - [2021-07-14 19:11:02,321] {dag.py:2306} INFO - Setting next_dagrun for example_branch_dop_operator_v3 to 2021-07-12 00:00:00+00:00
[2021-07-14 19:11:02,334] {scheduler_job.py:190} INFO - Processing /home/airflow/.local/lib/python3.6/site-packages/airflow/example_dags/example_branch_python_dop_operator_3.py took 0.102 seconds
[2021-07-14 19:11:33,063] {scheduler_job.py:182} INFO - Started process (PID=346) to work on /home/airflow/.local/lib/python3.6/site-packages/airflow/example_dags/example_branch_python_dop_operator_3.py
[2021-07-14 19:11:33,070] {scheduler_job.py:633} INFO - Processing file /home/airflow/.local/lib/python3.6/site-packages/airflow/example_dags/example_branch_python_dop_operator_3.py for tasks to queue
[2021-07-14 19:11:33,071] {logging_mixin.py:104} INFO - [2021-07-14 19:11:33,071] {dagbag.py:496} INFO - Filling up the DagBag from /home/airflow/.local/lib/python3.6/site-packages/airflow/example_dags/example_branch_python_dop_operator_3.py
[2021-07-14 19:11:33,095] {scheduler_job.py:643} INFO - DAG(s) dict_keys(['example_branch_dop_operator_v3']) retrieved from /home/airflow/.local/lib/python3.6/site-packages/airflow/example_dags/example_branch_python_dop_operator_3.py
[2021-07-14 19:11:33,129] {logging_mixin.py:104} INFO - [2021-07-14 19:11:33,129] {dag.py:1833} INFO - Sync 1 DAGs
[2021-07-14 19:11:33,172] {logging_mixin.py:104} INFO - [2021-07-14 19:11:33,172] {dag.py:2306} INFO - Setting next_dagrun for example_branch_dop_operator_v3 to 2021-07-12 00:00:00+00:00
[2021-07-14 19:11:33,189] {scheduler_job.py:190} INFO - Processing /home/airflow/.local/lib/python3.6/site-packages/airflow/example_dags/example_branch_python_dop_operator_3.py took 0.130 seconds
[2021-07-14 19:12:03,904] {scheduler_job.py:182} INFO - Started process (PID=410) to work on /home/airflow/.local/lib/python3.6/site-packages/airflow/example_dags/example_branch_python_dop_operator_3.py
[2021-07-14 19:12:03,906] {scheduler_job.py:633} INFO - Processing file /home/airflow/.local/lib/python3.6/site-packages/airflow/example_dags/example_branch_python_dop_operator_3.py for tasks to queue
[2021-07-14 19:12:03,907] {logging_mixin.py:104} INFO - [2021-07-14 19:12:03,906] {dagbag.py:496} INFO - Filling up the DagBag from /home/airflow/.local/lib/python3.6/site-packages/airflow/example_dags/example_branch_python_dop_operator_3.py
[2021-07-14 19:12:03,922] {scheduler_job.py:643} INFO - DAG(s) dict_keys(['example_branch_dop_operator_v3']) retrieved from /home/airflow/.local/lib/python3.6/site-packages/airflow/example_dags/example_branch_python_dop_operator_3.py
[2021-07-14 19:12:03,946] {logging_mixin.py:104} INFO - [2021-07-14 19:12:03,946] {dag.py:1833} INFO - Sync 1 DAGs
[2021-07-14 19:12:03,975] {logging_mixin.py:104} INFO - [2021-07-14 19:12:03,975] {dag.py:2306} INFO - Setting next_dagrun for example_branch_dop_operator_v3 to 2021-07-12 00:00:00+00:00
[2021-07-14 19:12:03,987] {scheduler_job.py:190} INFO - Processing /home/airflow/.local/lib/python3.6/site-packages/airflow/example_dags/example_branch_python_dop_operator_3.py took 0.085 seconds
[2021-07-14 19:12:34,620] {scheduler_job.py:182} INFO - Started process (PID=463) to work on /home/airflow/.local/lib/python3.6/site-packages/airflow/example_dags/example_branch_python_dop_operator_3.py
[2021-07-14 19:12:34,621] {scheduler_job.py:633} INFO - Processing file /home/airflow/.local/lib/python3.6/site-packages/airflow/example_dags/example_branch_python_dop_operator_3.py for tasks to queue
[2021-07-14 19:12:34,622] {logging_mixin.py:104} INFO - [2021-07-14 19:12:34,622] {dagbag.py:496} INFO - Filling up the DagBag from /home/airflow/.local/lib/python3.6/site-packages/airflow/example_dags/example_branch_python_dop_operator_3.py
[2021-07-14 19:12:34,636] {scheduler_job.py:643} INFO - DAG(s) dict_keys(['example_branch_dop_operator_v3']) retrieved from /home/airflow/.local/lib/python3.6/site-packages/airflow/example_dags/example_branch_python_dop_operator_3.py
[2021-07-14 19:12:34,659] {logging_mixin.py:104} INFO - [2021-07-14 19:12:34,659] {dag.py:1833} INFO - Sync 1 DAGs
[2021-07-14 19:12:34,689] {logging_mixin.py:104} INFO - [2021-07-14 19:12:34,689] {dag.py:2306} INFO - Setting next_dagrun for example_branch_dop_operator_v3 to 2021-07-12 00:00:00+00:00
[2021-07-14 19:12:34,702] {scheduler_job.py:190} INFO - Processing /home/airflow/.local/lib/python3.6/site-packages/airflow/example_dags/example_branch_python_dop_operator_3.py took 0.084 seconds
[2021-07-14 19:57:45,355] {scheduler_job.py:182} INFO - Started process (PID=52) to work on /home/airflow/.local/lib/python3.6/site-packages/airflow/example_dags/example_branch_python_dop_operator_3.py
[2021-07-14 19:57:45,357] {scheduler_job.py:633} INFO - Processing file /home/airflow/.local/lib/python3.6/site-packages/airflow/example_dags/example_branch_python_dop_operator_3.py for tasks to queue
[2021-07-14 19:57:45,358] {logging_mixin.py:104} INFO - [2021-07-14 19:57:45,358] {dagbag.py:496} INFO - Filling up the DagBag from /home/airflow/.local/lib/python3.6/site-packages/airflow/example_dags/example_branch_python_dop_operator_3.py
[2021-07-14 19:57:45,413] {scheduler_job.py:643} INFO - DAG(s) dict_keys(['example_branch_dop_operator_v3']) retrieved from /home/airflow/.local/lib/python3.6/site-packages/airflow/example_dags/example_branch_python_dop_operator_3.py
[2021-07-14 19:57:45,564] {logging_mixin.py:104} INFO - [2021-07-14 19:57:45,564] {dag.py:1833} INFO - Sync 1 DAGs
[2021-07-14 19:57:45,623] {logging_mixin.py:104} INFO - [2021-07-14 19:57:45,623] {dag.py:2306} INFO - Setting next_dagrun for example_branch_dop_operator_v3 to 2021-07-12 00:00:00+00:00
[2021-07-14 19:57:45,648] {scheduler_job.py:190} INFO - Processing /home/airflow/.local/lib/python3.6/site-packages/airflow/example_dags/example_branch_python_dop_operator_3.py took 0.299 seconds
[2021-07-14 19:58:15,856] {scheduler_job.py:182} INFO - Started process (PID=114) to work on /home/airflow/.local/lib/python3.6/site-packages/airflow/example_dags/example_branch_python_dop_operator_3.py
[2021-07-14 19:58:15,859] {scheduler_job.py:633} INFO - Processing file /home/airflow/.local/lib/python3.6/site-packages/airflow/example_dags/example_branch_python_dop_operator_3.py for tasks to queue
[2021-07-14 19:58:15,860] {logging_mixin.py:104} INFO - [2021-07-14 19:58:15,860] {dagbag.py:496} INFO - Filling up the DagBag from /home/airflow/.local/lib/python3.6/site-packages/airflow/example_dags/example_branch_python_dop_operator_3.py
[2021-07-14 19:58:15,897] {scheduler_job.py:643} INFO - DAG(s) dict_keys(['example_branch_dop_operator_v3']) retrieved from /home/airflow/.local/lib/python3.6/site-packages/airflow/example_dags/example_branch_python_dop_operator_3.py
[2021-07-14 19:58:15,936] {logging_mixin.py:104} INFO - [2021-07-14 19:58:15,935] {dag.py:1833} INFO - Sync 1 DAGs
[2021-07-14 19:58:15,987] {logging_mixin.py:104} INFO - [2021-07-14 19:58:15,987] {dag.py:2306} INFO - Setting next_dagrun for example_branch_dop_operator_v3 to 2021-07-12 00:00:00+00:00
[2021-07-14 19:58:16,007] {scheduler_job.py:190} INFO - Processing /home/airflow/.local/lib/python3.6/site-packages/airflow/example_dags/example_branch_python_dop_operator_3.py took 0.159 seconds
[2021-07-14 19:58:46,703] {scheduler_job.py:182} INFO - Started process (PID=170) to work on /home/airflow/.local/lib/python3.6/site-packages/airflow/example_dags/example_branch_python_dop_operator_3.py
[2021-07-14 19:58:46,704] {scheduler_job.py:633} INFO - Processing file /home/airflow/.local/lib/python3.6/site-packages/airflow/example_dags/example_branch_python_dop_operator_3.py for tasks to queue
[2021-07-14 19:58:46,706] {logging_mixin.py:104} INFO - [2021-07-14 19:58:46,706] {dagbag.py:496} INFO - Filling up the DagBag from /home/airflow/.local/lib/python3.6/site-packages/airflow/example_dags/example_branch_python_dop_operator_3.py
[2021-07-14 19:58:46,726] {scheduler_job.py:643} INFO - DAG(s) dict_keys(['example_branch_dop_operator_v3']) retrieved from /home/airflow/.local/lib/python3.6/site-packages/airflow/example_dags/example_branch_python_dop_operator_3.py
[2021-07-14 19:58:46,749] {logging_mixin.py:104} INFO - [2021-07-14 19:58:46,749] {dag.py:1833} INFO - Sync 1 DAGs
[2021-07-14 19:58:46,789] {logging_mixin.py:104} INFO - [2021-07-14 19:58:46,789] {dag.py:2306} INFO - Setting next_dagrun for example_branch_dop_operator_v3 to 2021-07-12 00:00:00+00:00
[2021-07-14 19:58:46,801] {scheduler_job.py:190} INFO - Processing /home/airflow/.local/lib/python3.6/site-packages/airflow/example_dags/example_branch_python_dop_operator_3.py took 0.101 seconds
[2021-07-14 19:59:17,674] {scheduler_job.py:182} INFO - Started process (PID=236) to work on /home/airflow/.local/lib/python3.6/site-packages/airflow/example_dags/example_branch_python_dop_operator_3.py
[2021-07-14 19:59:17,676] {scheduler_job.py:633} INFO - Processing file /home/airflow/.local/lib/python3.6/site-packages/airflow/example_dags/example_branch_python_dop_operator_3.py for tasks to queue
[2021-07-14 19:59:17,677] {logging_mixin.py:104} INFO - [2021-07-14 19:59:17,677] {dagbag.py:496} INFO - Filling up the DagBag from /home/airflow/.local/lib/python3.6/site-packages/airflow/example_dags/example_branch_python_dop_operator_3.py
[2021-07-14 19:59:17,704] {scheduler_job.py:643} INFO - DAG(s) dict_keys(['example_branch_dop_operator_v3']) retrieved from /home/airflow/.local/lib/python3.6/site-packages/airflow/example_dags/example_branch_python_dop_operator_3.py
[2021-07-14 19:59:17,734] {logging_mixin.py:104} INFO - [2021-07-14 19:59:17,734] {dag.py:1833} INFO - Sync 1 DAGs
[2021-07-14 19:59:17,776] {logging_mixin.py:104} INFO - [2021-07-14 19:59:17,776] {dag.py:2306} INFO - Setting next_dagrun for example_branch_dop_operator_v3 to 2021-07-12 00:00:00+00:00
[2021-07-14 19:59:17,792] {scheduler_job.py:190} INFO - Processing /home/airflow/.local/lib/python3.6/site-packages/airflow/example_dags/example_branch_python_dop_operator_3.py took 0.123 seconds
[2021-07-14 19:59:48,528] {scheduler_job.py:182} INFO - Started process (PID=289) to work on /home/airflow/.local/lib/python3.6/site-packages/airflow/example_dags/example_branch_python_dop_operator_3.py
[2021-07-14 19:59:48,529] {scheduler_job.py:633} INFO - Processing file /home/airflow/.local/lib/python3.6/site-packages/airflow/example_dags/example_branch_python_dop_operator_3.py for tasks to queue
[2021-07-14 19:59:48,530] {logging_mixin.py:104} INFO - [2021-07-14 19:59:48,529] {dagbag.py:496} INFO - Filling up the DagBag from /home/airflow/.local/lib/python3.6/site-packages/airflow/example_dags/example_branch_python_dop_operator_3.py
[2021-07-14 19:59:48,546] {scheduler_job.py:643} INFO - DAG(s) dict_keys(['example_branch_dop_operator_v3']) retrieved from /home/airflow/.local/lib/python3.6/site-packages/airflow/example_dags/example_branch_python_dop_operator_3.py
[2021-07-14 19:59:48,565] {logging_mixin.py:104} INFO - [2021-07-14 19:59:48,565] {dag.py:1833} INFO - Sync 1 DAGs
[2021-07-14 19:59:48,590] {logging_mixin.py:104} INFO - [2021-07-14 19:59:48,589] {dag.py:2306} INFO - Setting next_dagrun for example_branch_dop_operator_v3 to 2021-07-12 00:00:00+00:00
[2021-07-14 19:59:48,600] {scheduler_job.py:190} INFO - Processing /home/airflow/.local/lib/python3.6/site-packages/airflow/example_dags/example_branch_python_dop_operator_3.py took 0.076 seconds
[2021-07-14 20:00:18,808] {scheduler_job.py:182} INFO - Started process (PID=351) to work on /home/airflow/.local/lib/python3.6/site-packages/airflow/example_dags/example_branch_python_dop_operator_3.py
[2021-07-14 20:00:18,814] {scheduler_job.py:633} INFO - Processing file /home/airflow/.local/lib/python3.6/site-packages/airflow/example_dags/example_branch_python_dop_operator_3.py for tasks to queue
[2021-07-14 20:00:18,815] {logging_mixin.py:104} INFO - [2021-07-14 20:00:18,815] {dagbag.py:496} INFO - Filling up the DagBag from /home/airflow/.local/lib/python3.6/site-packages/airflow/example_dags/example_branch_python_dop_operator_3.py
[2021-07-14 20:00:18,832] {scheduler_job.py:643} INFO - DAG(s) dict_keys(['example_branch_dop_operator_v3']) retrieved from /home/airflow/.local/lib/python3.6/site-packages/airflow/example_dags/example_branch_python_dop_operator_3.py
[2021-07-14 20:00:18,855] {logging_mixin.py:104} INFO - [2021-07-14 20:00:18,855] {dag.py:1833} INFO - Sync 1 DAGs
[2021-07-14 20:00:18,882] {logging_mixin.py:104} INFO - [2021-07-14 20:00:18,882] {dag.py:2306} INFO - Setting next_dagrun for example_branch_dop_operator_v3 to 2021-07-12 00:00:00+00:00
[2021-07-14 20:00:18,893] {scheduler_job.py:190} INFO - Processing /home/airflow/.local/lib/python3.6/site-packages/airflow/example_dags/example_branch_python_dop_operator_3.py took 0.088 seconds
[2021-07-14 20:00:49,357] {scheduler_job.py:182} INFO - Started process (PID=404) to work on /home/airflow/.local/lib/python3.6/site-packages/airflow/example_dags/example_branch_python_dop_operator_3.py
[2021-07-14 20:00:49,358] {scheduler_job.py:633} INFO - Processing file /home/airflow/.local/lib/python3.6/site-packages/airflow/example_dags/example_branch_python_dop_operator_3.py for tasks to queue
[2021-07-14 20:00:49,359] {logging_mixin.py:104} INFO - [2021-07-14 20:00:49,359] {dagbag.py:496} INFO - Filling up the DagBag from /home/airflow/.local/lib/python3.6/site-packages/airflow/example_dags/example_branch_python_dop_operator_3.py
[2021-07-14 20:00:49,377] {scheduler_job.py:643} INFO - DAG(s) dict_keys(['example_branch_dop_operator_v3']) retrieved from /home/airflow/.local/lib/python3.6/site-packages/airflow/example_dags/example_branch_python_dop_operator_3.py
[2021-07-14 20:00:49,402] {logging_mixin.py:104} INFO - [2021-07-14 20:00:49,402] {dag.py:1833} INFO - Sync 1 DAGs
[2021-07-14 20:00:49,436] {logging_mixin.py:104} INFO - [2021-07-14 20:00:49,436] {dag.py:2306} INFO - Setting next_dagrun for example_branch_dop_operator_v3 to 2021-07-12 00:00:00+00:00
[2021-07-14 20:00:49,447] {scheduler_job.py:190} INFO - Processing /home/airflow/.local/lib/python3.6/site-packages/airflow/example_dags/example_branch_python_dop_operator_3.py took 0.094 seconds
[2021-07-14 20:01:19,709] {scheduler_job.py:182} INFO - Started process (PID=467) to work on /home/airflow/.local/lib/python3.6/site-packages/airflow/example_dags/example_branch_python_dop_operator_3.py
[2021-07-14 20:01:19,711] {scheduler_job.py:633} INFO - Processing file /home/airflow/.local/lib/python3.6/site-packages/airflow/example_dags/example_branch_python_dop_operator_3.py for tasks to queue
[2021-07-14 20:01:19,712] {logging_mixin.py:104} INFO - [2021-07-14 20:01:19,712] {dagbag.py:496} INFO - Filling up the DagBag from /home/airflow/.local/lib/python3.6/site-packages/airflow/example_dags/example_branch_python_dop_operator_3.py
[2021-07-14 20:01:19,739] {scheduler_job.py:643} INFO - DAG(s) dict_keys(['example_branch_dop_operator_v3']) retrieved from /home/airflow/.local/lib/python3.6/site-packages/airflow/example_dags/example_branch_python_dop_operator_3.py
[2021-07-14 20:01:19,773] {logging_mixin.py:104} INFO - [2021-07-14 20:01:19,772] {dag.py:1833} INFO - Sync 1 DAGs
[2021-07-14 20:01:19,814] {logging_mixin.py:104} INFO - [2021-07-14 20:01:19,814] {dag.py:2306} INFO - Setting next_dagrun for example_branch_dop_operator_v3 to 2021-07-12 00:00:00+00:00
[2021-07-14 20:01:19,828] {scheduler_job.py:190} INFO - Processing /home/airflow/.local/lib/python3.6/site-packages/airflow/example_dags/example_branch_python_dop_operator_3.py took 0.125 seconds
[2021-07-14 20:01:50,032] {scheduler_job.py:182} INFO - Started process (PID=521) to work on /home/airflow/.local/lib/python3.6/site-packages/airflow/example_dags/example_branch_python_dop_operator_3.py
[2021-07-14 20:01:50,034] {scheduler_job.py:633} INFO - Processing file /home/airflow/.local/lib/python3.6/site-packages/airflow/example_dags/example_branch_python_dop_operator_3.py for tasks to queue
[2021-07-14 20:01:50,035] {logging_mixin.py:104} INFO - [2021-07-14 20:01:50,035] {dagbag.py:496} INFO - Filling up the DagBag from /home/airflow/.local/lib/python3.6/site-packages/airflow/example_dags/example_branch_python_dop_operator_3.py
[2021-07-14 20:01:50,051] {scheduler_job.py:643} INFO - DAG(s) dict_keys(['example_branch_dop_operator_v3']) retrieved from /home/airflow/.local/lib/python3.6/site-packages/airflow/example_dags/example_branch_python_dop_operator_3.py
[2021-07-14 20:01:50,074] {logging_mixin.py:104} INFO - [2021-07-14 20:01:50,073] {dag.py:1833} INFO - Sync 1 DAGs
[2021-07-14 20:01:50,108] {logging_mixin.py:104} INFO - [2021-07-14 20:01:50,108] {dag.py:2306} INFO - Setting next_dagrun for example_branch_dop_operator_v3 to 2021-07-12 00:00:00+00:00
[2021-07-14 20:01:50,121] {scheduler_job.py:190} INFO - Processing /home/airflow/.local/lib/python3.6/site-packages/airflow/example_dags/example_branch_python_dop_operator_3.py took 0.091 seconds
[2021-07-14 20:02:20,482] {scheduler_job.py:182} INFO - Started process (PID=588) to work on /home/airflow/.local/lib/python3.6/site-packages/airflow/example_dags/example_branch_python_dop_operator_3.py
[2021-07-14 20:02:20,484] {scheduler_job.py:633} INFO - Processing file /home/airflow/.local/lib/python3.6/site-packages/airflow/example_dags/example_branch_python_dop_operator_3.py for tasks to queue
[2021-07-14 20:02:20,485] {logging_mixin.py:104} INFO - [2021-07-14 20:02:20,485] {dagbag.py:496} INFO - Filling up the DagBag from /home/airflow/.local/lib/python3.6/site-packages/airflow/example_dags/example_branch_python_dop_operator_3.py
[2021-07-14 20:02:20,502] {scheduler_job.py:643} INFO - DAG(s) dict_keys(['example_branch_dop_operator_v3']) retrieved from /home/airflow/.local/lib/python3.6/site-packages/airflow/example_dags/example_branch_python_dop_operator_3.py
[2021-07-14 20:02:20,531] {logging_mixin.py:104} INFO - [2021-07-14 20:02:20,531] {dag.py:1833} INFO - Sync 1 DAGs
[2021-07-14 20:02:20,570] {logging_mixin.py:104} INFO - [2021-07-14 20:02:20,570] {dag.py:2306} INFO - Setting next_dagrun for example_branch_dop_operator_v3 to 2021-07-12 00:00:00+00:00
[2021-07-14 20:02:20,584] {scheduler_job.py:190} INFO - Processing /home/airflow/.local/lib/python3.6/site-packages/airflow/example_dags/example_branch_python_dop_operator_3.py took 0.106 seconds
[2021-07-14 20:02:51,148] {scheduler_job.py:182} INFO - Started process (PID=641) to work on /home/airflow/.local/lib/python3.6/site-packages/airflow/example_dags/example_branch_python_dop_operator_3.py
[2021-07-14 20:02:51,149] {scheduler_job.py:633} INFO - Processing file /home/airflow/.local/lib/python3.6/site-packages/airflow/example_dags/example_branch_python_dop_operator_3.py for tasks to queue
[2021-07-14 20:02:51,150] {logging_mixin.py:104} INFO - [2021-07-14 20:02:51,150] {dagbag.py:496} INFO - Filling up the DagBag from /home/airflow/.local/lib/python3.6/site-packages/airflow/example_dags/example_branch_python_dop_operator_3.py
[2021-07-14 20:02:51,164] {scheduler_job.py:643} INFO - DAG(s) dict_keys(['example_branch_dop_operator_v3']) retrieved from /home/airflow/.local/lib/python3.6/site-packages/airflow/example_dags/example_branch_python_dop_operator_3.py
[2021-07-14 20:02:51,186] {logging_mixin.py:104} INFO - [2021-07-14 20:02:51,186] {dag.py:1833} INFO - Sync 1 DAGs
[2021-07-14 20:02:51,214] {logging_mixin.py:104} INFO - [2021-07-14 20:02:51,213] {dag.py:2306} INFO - Setting next_dagrun for example_branch_dop_operator_v3 to 2021-07-12 00:00:00+00:00
[2021-07-14 20:02:51,224] {scheduler_job.py:190} INFO - Processing /home/airflow/.local/lib/python3.6/site-packages/airflow/example_dags/example_branch_python_dop_operator_3.py took 0.079 seconds
[2021-07-14 20:03:22,479] {scheduler_job.py:182} INFO - Started process (PID=706) to work on /home/airflow/.local/lib/python3.6/site-packages/airflow/example_dags/example_branch_python_dop_operator_3.py
[2021-07-14 20:03:22,480] {scheduler_job.py:633} INFO - Processing file /home/airflow/.local/lib/python3.6/site-packages/airflow/example_dags/example_branch_python_dop_operator_3.py for tasks to queue
[2021-07-14 20:03:22,481] {logging_mixin.py:104} INFO - [2021-07-14 20:03:22,481] {dagbag.py:496} INFO - Filling up the DagBag from /home/airflow/.local/lib/python3.6/site-packages/airflow/example_dags/example_branch_python_dop_operator_3.py
[2021-07-14 20:03:22,497] {scheduler_job.py:643} INFO - DAG(s) dict_keys(['example_branch_dop_operator_v3']) retrieved from /home/airflow/.local/lib/python3.6/site-packages/airflow/example_dags/example_branch_python_dop_operator_3.py
[2021-07-14 20:03:22,521] {logging_mixin.py:104} INFO - [2021-07-14 20:03:22,520] {dag.py:1833} INFO - Sync 1 DAGs
[2021-07-14 20:03:22,549] {logging_mixin.py:104} INFO - [2021-07-14 20:03:22,549] {dag.py:2306} INFO - Setting next_dagrun for example_branch_dop_operator_v3 to 2021-07-12 00:00:00+00:00
[2021-07-14 20:03:22,560] {scheduler_job.py:190} INFO - Processing /home/airflow/.local/lib/python3.6/site-packages/airflow/example_dags/example_branch_python_dop_operator_3.py took 0.084 seconds
[2021-07-14 20:03:53,076] {scheduler_job.py:182} INFO - Started process (PID=769) to work on /home/airflow/.local/lib/python3.6/site-packages/airflow/example_dags/example_branch_python_dop_operator_3.py
[2021-07-14 20:03:53,078] {scheduler_job.py:633} INFO - Processing file /home/airflow/.local/lib/python3.6/site-packages/airflow/example_dags/example_branch_python_dop_operator_3.py for tasks to queue
[2021-07-14 20:03:53,079] {logging_mixin.py:104} INFO - [2021-07-14 20:03:53,079] {dagbag.py:496} INFO - Filling up the DagBag from /home/airflow/.local/lib/python3.6/site-packages/airflow/example_dags/example_branch_python_dop_operator_3.py
[2021-07-14 20:03:53,096] {scheduler_job.py:643} INFO - DAG(s) dict_keys(['example_branch_dop_operator_v3']) retrieved from /home/airflow/.local/lib/python3.6/site-packages/airflow/example_dags/example_branch_python_dop_operator_3.py
[2021-07-14 20:03:53,120] {logging_mixin.py:104} INFO - [2021-07-14 20:03:53,120] {dag.py:1833} INFO - Sync 1 DAGs
[2021-07-14 20:03:53,156] {logging_mixin.py:104} INFO - [2021-07-14 20:03:53,156] {dag.py:2306} INFO - Setting next_dagrun for example_branch_dop_operator_v3 to 2021-07-12 00:00:00+00:00
[2021-07-14 20:03:53,168] {scheduler_job.py:190} INFO - Processing /home/airflow/.local/lib/python3.6/site-packages/airflow/example_dags/example_branch_python_dop_operator_3.py took 0.095 seconds
[2021-07-14 20:04:24,139] {scheduler_job.py:182} INFO - Started process (PID=824) to work on /home/airflow/.local/lib/python3.6/site-packages/airflow/example_dags/example_branch_python_dop_operator_3.py
[2021-07-14 20:04:24,141] {scheduler_job.py:633} INFO - Processing file /home/airflow/.local/lib/python3.6/site-packages/airflow/example_dags/example_branch_python_dop_operator_3.py for tasks to queue
[2021-07-14 20:04:24,141] {logging_mixin.py:104} INFO - [2021-07-14 20:04:24,141] {dagbag.py:496} INFO - Filling up the DagBag from /home/airflow/.local/lib/python3.6/site-packages/airflow/example_dags/example_branch_python_dop_operator_3.py
[2021-07-14 20:04:24,158] {scheduler_job.py:643} INFO - DAG(s) dict_keys(['example_branch_dop_operator_v3']) retrieved from /home/airflow/.local/lib/python3.6/site-packages/airflow/example_dags/example_branch_python_dop_operator_3.py
[2021-07-14 20:04:24,193] {logging_mixin.py:104} INFO - [2021-07-14 20:04:24,193] {dag.py:1833} INFO - Sync 1 DAGs
[2021-07-14 20:04:24,247] {logging_mixin.py:104} INFO - [2021-07-14 20:04:24,246] {dag.py:2306} INFO - Setting next_dagrun for example_branch_dop_operator_v3 to 2021-07-12 00:00:00+00:00
[2021-07-14 20:04:24,266] {scheduler_job.py:190} INFO - Processing /home/airflow/.local/lib/python3.6/site-packages/airflow/example_dags/example_branch_python_dop_operator_3.py took 0.130 seconds
[2021-07-14 20:04:54,317] {scheduler_job.py:182} INFO - Started process (PID=890) to work on /home/airflow/.local/lib/python3.6/site-packages/airflow/example_dags/example_branch_python_dop_operator_3.py
[2021-07-14 20:04:54,318] {scheduler_job.py:633} INFO - Processing file /home/airflow/.local/lib/python3.6/site-packages/airflow/example_dags/example_branch_python_dop_operator_3.py for tasks to queue
[2021-07-14 20:04:54,319] {logging_mixin.py:104} INFO - [2021-07-14 20:04:54,319] {dagbag.py:496} INFO - Filling up the DagBag from /home/airflow/.local/lib/python3.6/site-packages/airflow/example_dags/example_branch_python_dop_operator_3.py
[2021-07-14 20:04:54,334] {scheduler_job.py:643} INFO - DAG(s) dict_keys(['example_branch_dop_operator_v3']) retrieved from /home/airflow/.local/lib/python3.6/site-packages/airflow/example_dags/example_branch_python_dop_operator_3.py
[2021-07-14 20:04:54,362] {logging_mixin.py:104} INFO - [2021-07-14 20:04:54,362] {dag.py:1833} INFO - Sync 1 DAGs
[2021-07-14 20:04:54,393] {logging_mixin.py:104} INFO - [2021-07-14 20:04:54,393] {dag.py:2306} INFO - Setting next_dagrun for example_branch_dop_operator_v3 to 2021-07-12 00:00:00+00:00
[2021-07-14 20:04:54,403] {scheduler_job.py:190} INFO - Processing /home/airflow/.local/lib/python3.6/site-packages/airflow/example_dags/example_branch_python_dop_operator_3.py took 0.090 seconds
[2021-07-14 20:05:24,810] {scheduler_job.py:182} INFO - Started process (PID=944) to work on /home/airflow/.local/lib/python3.6/site-packages/airflow/example_dags/example_branch_python_dop_operator_3.py
[2021-07-14 20:05:24,811] {scheduler_job.py:633} INFO - Processing file /home/airflow/.local/lib/python3.6/site-packages/airflow/example_dags/example_branch_python_dop_operator_3.py for tasks to queue
[2021-07-14 20:05:24,812] {logging_mixin.py:104} INFO - [2021-07-14 20:05:24,812] {dagbag.py:496} INFO - Filling up the DagBag from /home/airflow/.local/lib/python3.6/site-packages/airflow/example_dags/example_branch_python_dop_operator_3.py
[2021-07-14 20:05:24,830] {scheduler_job.py:643} INFO - DAG(s) dict_keys(['example_branch_dop_operator_v3']) retrieved from /home/airflow/.local/lib/python3.6/site-packages/airflow/example_dags/example_branch_python_dop_operator_3.py
[2021-07-14 20:05:24,853] {logging_mixin.py:104} INFO - [2021-07-14 20:05:24,853] {dag.py:1833} INFO - Sync 1 DAGs
[2021-07-14 20:05:24,894] {logging_mixin.py:104} INFO - [2021-07-14 20:05:24,894] {dag.py:2306} INFO - Setting next_dagrun for example_branch_dop_operator_v3 to 2021-07-12 00:00:00+00:00
[2021-07-14 20:05:24,910] {scheduler_job.py:190} INFO - Processing /home/airflow/.local/lib/python3.6/site-packages/airflow/example_dags/example_branch_python_dop_operator_3.py took 0.103 seconds
[2021-07-14 20:05:54,961] {scheduler_job.py:182} INFO - Started process (PID=1007) to work on /home/airflow/.local/lib/python3.6/site-packages/airflow/example_dags/example_branch_python_dop_operator_3.py
[2021-07-14 20:05:54,962] {scheduler_job.py:633} INFO - Processing file /home/airflow/.local/lib/python3.6/site-packages/airflow/example_dags/example_branch_python_dop_operator_3.py for tasks to queue
[2021-07-14 20:05:54,963] {logging_mixin.py:104} INFO - [2021-07-14 20:05:54,963] {dagbag.py:496} INFO - Filling up the DagBag from /home/airflow/.local/lib/python3.6/site-packages/airflow/example_dags/example_branch_python_dop_operator_3.py
[2021-07-14 20:05:54,984] {scheduler_job.py:643} INFO - DAG(s) dict_keys(['example_branch_dop_operator_v3']) retrieved from /home/airflow/.local/lib/python3.6/site-packages/airflow/example_dags/example_branch_python_dop_operator_3.py
[2021-07-14 20:05:55,015] {logging_mixin.py:104} INFO - [2021-07-14 20:05:55,014] {dag.py:1833} INFO - Sync 1 DAGs
[2021-07-14 20:05:55,050] {logging_mixin.py:104} INFO - [2021-07-14 20:05:55,050] {dag.py:2306} INFO - Setting next_dagrun for example_branch_dop_operator_v3 to 2021-07-12 00:00:00+00:00
[2021-07-14 20:05:55,065] {scheduler_job.py:190} INFO - Processing /home/airflow/.local/lib/python3.6/site-packages/airflow/example_dags/example_branch_python_dop_operator_3.py took 0.109 seconds
[2021-07-14 20:06:25,275] {scheduler_job.py:182} INFO - Started process (PID=1060) to work on /home/airflow/.local/lib/python3.6/site-packages/airflow/example_dags/example_branch_python_dop_operator_3.py
[2021-07-14 20:06:25,276] {scheduler_job.py:633} INFO - Processing file /home/airflow/.local/lib/python3.6/site-packages/airflow/example_dags/example_branch_python_dop_operator_3.py for tasks to queue
[2021-07-14 20:06:25,277] {logging_mixin.py:104} INFO - [2021-07-14 20:06:25,277] {dagbag.py:496} INFO - Filling up the DagBag from /home/airflow/.local/lib/python3.6/site-packages/airflow/example_dags/example_branch_python_dop_operator_3.py
[2021-07-14 20:06:25,291] {scheduler_job.py:643} INFO - DAG(s) dict_keys(['example_branch_dop_operator_v3']) retrieved from /home/airflow/.local/lib/python3.6/site-packages/airflow/example_dags/example_branch_python_dop_operator_3.py
[2021-07-14 20:06:25,314] {logging_mixin.py:104} INFO - [2021-07-14 20:06:25,313] {dag.py:1833} INFO - Sync 1 DAGs
[2021-07-14 20:06:25,340] {logging_mixin.py:104} INFO - [2021-07-14 20:06:25,340] {dag.py:2306} INFO - Setting next_dagrun for example_branch_dop_operator_v3 to 2021-07-12 00:00:00+00:00
[2021-07-14 20:06:25,352] {scheduler_job.py:190} INFO - Processing /home/airflow/.local/lib/python3.6/site-packages/airflow/example_dags/example_branch_python_dop_operator_3.py took 0.080 seconds
[2021-07-14 20:06:55,867] {scheduler_job.py:182} INFO - Started process (PID=1123) to work on /home/airflow/.local/lib/python3.6/site-packages/airflow/example_dags/example_branch_python_dop_operator_3.py
[2021-07-14 20:06:55,868] {scheduler_job.py:633} INFO - Processing file /home/airflow/.local/lib/python3.6/site-packages/airflow/example_dags/example_branch_python_dop_operator_3.py for tasks to queue
[2021-07-14 20:06:55,869] {logging_mixin.py:104} INFO - [2021-07-14 20:06:55,869] {dagbag.py:496} INFO - Filling up the DagBag from /home/airflow/.local/lib/python3.6/site-packages/airflow/example_dags/example_branch_python_dop_operator_3.py
[2021-07-14 20:06:55,888] {scheduler_job.py:643} INFO - DAG(s) dict_keys(['example_branch_dop_operator_v3']) retrieved from /home/airflow/.local/lib/python3.6/site-packages/airflow/example_dags/example_branch_python_dop_operator_3.py
[2021-07-14 20:06:55,923] {logging_mixin.py:104} INFO - [2021-07-14 20:06:55,923] {dag.py:1833} INFO - Sync 1 DAGs
[2021-07-14 20:06:55,962] {logging_mixin.py:104} INFO - [2021-07-14 20:06:55,962] {dag.py:2306} INFO - Setting next_dagrun for example_branch_dop_operator_v3 to 2021-07-12 00:00:00+00:00
[2021-07-14 20:06:55,978] {scheduler_job.py:190} INFO - Processing /home/airflow/.local/lib/python3.6/site-packages/airflow/example_dags/example_branch_python_dop_operator_3.py took 0.115 seconds
[2021-07-14 20:07:26,659] {scheduler_job.py:182} INFO - Started process (PID=1177) to work on /home/airflow/.local/lib/python3.6/site-packages/airflow/example_dags/example_branch_python_dop_operator_3.py
[2021-07-14 20:07:26,660] {scheduler_job.py:633} INFO - Processing file /home/airflow/.local/lib/python3.6/site-packages/airflow/example_dags/example_branch_python_dop_operator_3.py for tasks to queue
[2021-07-14 20:07:26,661] {logging_mixin.py:104} INFO - [2021-07-14 20:07:26,660] {dagbag.py:496} INFO - Filling up the DagBag from /home/airflow/.local/lib/python3.6/site-packages/airflow/example_dags/example_branch_python_dop_operator_3.py
[2021-07-14 20:07:26,676] {scheduler_job.py:643} INFO - DAG(s) dict_keys(['example_branch_dop_operator_v3']) retrieved from /home/airflow/.local/lib/python3.6/site-packages/airflow/example_dags/example_branch_python_dop_operator_3.py
[2021-07-14 20:07:26,698] {logging_mixin.py:104} INFO - [2021-07-14 20:07:26,697] {dag.py:1833} INFO - Sync 1 DAGs
[2021-07-14 20:07:26,726] {logging_mixin.py:104} INFO - [2021-07-14 20:07:26,726] {dag.py:2306} INFO - Setting next_dagrun for example_branch_dop_operator_v3 to 2021-07-12 00:00:00+00:00
[2021-07-14 20:07:26,738] {scheduler_job.py:190} INFO - Processing /home/airflow/.local/lib/python3.6/site-packages/airflow/example_dags/example_branch_python_dop_operator_3.py took 0.082 seconds
[2021-07-14 20:07:57,175] {scheduler_job.py:182} INFO - Started process (PID=1242) to work on /home/airflow/.local/lib/python3.6/site-packages/airflow/example_dags/example_branch_python_dop_operator_3.py
[2021-07-14 20:07:57,176] {scheduler_job.py:633} INFO - Processing file /home/airflow/.local/lib/python3.6/site-packages/airflow/example_dags/example_branch_python_dop_operator_3.py for tasks to queue
[2021-07-14 20:07:57,177] {logging_mixin.py:104} INFO - [2021-07-14 20:07:57,177] {dagbag.py:496} INFO - Filling up the DagBag from /home/airflow/.local/lib/python3.6/site-packages/airflow/example_dags/example_branch_python_dop_operator_3.py
[2021-07-14 20:07:57,191] {scheduler_job.py:643} INFO - DAG(s) dict_keys(['example_branch_dop_operator_v3']) retrieved from /home/airflow/.local/lib/python3.6/site-packages/airflow/example_dags/example_branch_python_dop_operator_3.py
[2021-07-14 20:07:57,215] {logging_mixin.py:104} INFO - [2021-07-14 20:07:57,215] {dag.py:1833} INFO - Sync 1 DAGs
[2021-07-14 20:07:57,244] {logging_mixin.py:104} INFO - [2021-07-14 20:07:57,244] {dag.py:2306} INFO - Setting next_dagrun for example_branch_dop_operator_v3 to 2021-07-12 00:00:00+00:00
[2021-07-14 20:07:57,256] {scheduler_job.py:190} INFO - Processing /home/airflow/.local/lib/python3.6/site-packages/airflow/example_dags/example_branch_python_dop_operator_3.py took 0.084 seconds
[2021-07-14 20:08:27,775] {scheduler_job.py:182} INFO - Started process (PID=1306) to work on /home/airflow/.local/lib/python3.6/site-packages/airflow/example_dags/example_branch_python_dop_operator_3.py
[2021-07-14 20:08:27,777] {scheduler_job.py:633} INFO - Processing file /home/airflow/.local/lib/python3.6/site-packages/airflow/example_dags/example_branch_python_dop_operator_3.py for tasks to queue
[2021-07-14 20:08:27,779] {logging_mixin.py:104} INFO - [2021-07-14 20:08:27,778] {dagbag.py:496} INFO - Filling up the DagBag from /home/airflow/.local/lib/python3.6/site-packages/airflow/example_dags/example_branch_python_dop_operator_3.py
[2021-07-14 20:08:27,800] {scheduler_job.py:643} INFO - DAG(s) dict_keys(['example_branch_dop_operator_v3']) retrieved from /home/airflow/.local/lib/python3.6/site-packages/airflow/example_dags/example_branch_python_dop_operator_3.py
[2021-07-14 20:08:27,829] {logging_mixin.py:104} INFO - [2021-07-14 20:08:27,829] {dag.py:1833} INFO - Sync 1 DAGs
[2021-07-14 20:08:27,868] {logging_mixin.py:104} INFO - [2021-07-14 20:08:27,868] {dag.py:2306} INFO - Setting next_dagrun for example_branch_dop_operator_v3 to 2021-07-12 00:00:00+00:00
[2021-07-14 20:08:27,885] {scheduler_job.py:190} INFO - Processing /home/airflow/.local/lib/python3.6/site-packages/airflow/example_dags/example_branch_python_dop_operator_3.py took 0.113 seconds
[2021-07-14 20:08:58,084] {scheduler_job.py:182} INFO - Started process (PID=1360) to work on /home/airflow/.local/lib/python3.6/site-packages/airflow/example_dags/example_branch_python_dop_operator_3.py
[2021-07-14 20:08:58,085] {scheduler_job.py:633} INFO - Processing file /home/airflow/.local/lib/python3.6/site-packages/airflow/example_dags/example_branch_python_dop_operator_3.py for tasks to queue
[2021-07-14 20:08:58,086] {logging_mixin.py:104} INFO - [2021-07-14 20:08:58,086] {dagbag.py:496} INFO - Filling up the DagBag from /home/airflow/.local/lib/python3.6/site-packages/airflow/example_dags/example_branch_python_dop_operator_3.py
[2021-07-14 20:08:58,110] {scheduler_job.py:643} INFO - DAG(s) dict_keys(['example_branch_dop_operator_v3']) retrieved from /home/airflow/.local/lib/python3.6/site-packages/airflow/example_dags/example_branch_python_dop_operator_3.py
[2021-07-14 20:08:58,147] {logging_mixin.py:104} INFO - [2021-07-14 20:08:58,146] {dag.py:1833} INFO - Sync 1 DAGs
[2021-07-14 20:08:58,191] {logging_mixin.py:104} INFO - [2021-07-14 20:08:58,191] {dag.py:2306} INFO - Setting next_dagrun for example_branch_dop_operator_v3 to 2021-07-12 00:00:00+00:00
[2021-07-14 20:08:58,208] {scheduler_job.py:190} INFO - Processing /home/airflow/.local/lib/python3.6/site-packages/airflow/example_dags/example_branch_python_dop_operator_3.py took 0.128 seconds
[2021-07-14 20:09:28,729] {scheduler_job.py:182} INFO - Started process (PID=1424) to work on /home/airflow/.local/lib/python3.6/site-packages/airflow/example_dags/example_branch_python_dop_operator_3.py
[2021-07-14 20:09:28,730] {scheduler_job.py:633} INFO - Processing file /home/airflow/.local/lib/python3.6/site-packages/airflow/example_dags/example_branch_python_dop_operator_3.py for tasks to queue
[2021-07-14 20:09:28,731] {logging_mixin.py:104} INFO - [2021-07-14 20:09:28,731] {dagbag.py:496} INFO - Filling up the DagBag from /home/airflow/.local/lib/python3.6/site-packages/airflow/example_dags/example_branch_python_dop_operator_3.py
[2021-07-14 20:09:28,748] {scheduler_job.py:643} INFO - DAG(s) dict_keys(['example_branch_dop_operator_v3']) retrieved from /home/airflow/.local/lib/python3.6/site-packages/airflow/example_dags/example_branch_python_dop_operator_3.py
[2021-07-14 20:09:28,771] {logging_mixin.py:104} INFO - [2021-07-14 20:09:28,771] {dag.py:1833} INFO - Sync 1 DAGs
[2021-07-14 20:09:28,808] {logging_mixin.py:104} INFO - [2021-07-14 20:09:28,808] {dag.py:2306} INFO - Setting next_dagrun for example_branch_dop_operator_v3 to 2021-07-12 00:00:00+00:00
[2021-07-14 20:09:28,820] {scheduler_job.py:190} INFO - Processing /home/airflow/.local/lib/python3.6/site-packages/airflow/example_dags/example_branch_python_dop_operator_3.py took 0.095 seconds
[2021-07-14 20:09:59,146] {scheduler_job.py:182} INFO - Started process (PID=1479) to work on /home/airflow/.local/lib/python3.6/site-packages/airflow/example_dags/example_branch_python_dop_operator_3.py
[2021-07-14 20:09:59,147] {scheduler_job.py:633} INFO - Processing file /home/airflow/.local/lib/python3.6/site-packages/airflow/example_dags/example_branch_python_dop_operator_3.py for tasks to queue
[2021-07-14 20:09:59,148] {logging_mixin.py:104} INFO - [2021-07-14 20:09:59,148] {dagbag.py:496} INFO - Filling up the DagBag from /home/airflow/.local/lib/python3.6/site-packages/airflow/example_dags/example_branch_python_dop_operator_3.py
[2021-07-14 20:09:59,163] {scheduler_job.py:643} INFO - DAG(s) dict_keys(['example_branch_dop_operator_v3']) retrieved from /home/airflow/.local/lib/python3.6/site-packages/airflow/example_dags/example_branch_python_dop_operator_3.py
[2021-07-14 20:09:59,187] {logging_mixin.py:104} INFO - [2021-07-14 20:09:59,187] {dag.py:1833} INFO - Sync 1 DAGs
[2021-07-14 20:09:59,219] {logging_mixin.py:104} INFO - [2021-07-14 20:09:59,219] {dag.py:2306} INFO - Setting next_dagrun for example_branch_dop_operator_v3 to 2021-07-12 00:00:00+00:00
[2021-07-14 20:09:59,231] {scheduler_job.py:190} INFO - Processing /home/airflow/.local/lib/python3.6/site-packages/airflow/example_dags/example_branch_python_dop_operator_3.py took 0.088 seconds
[2021-07-14 20:10:29,547] {scheduler_job.py:182} INFO - Started process (PID=1542) to work on /home/airflow/.local/lib/python3.6/site-packages/airflow/example_dags/example_branch_python_dop_operator_3.py
[2021-07-14 20:10:29,549] {scheduler_job.py:633} INFO - Processing file /home/airflow/.local/lib/python3.6/site-packages/airflow/example_dags/example_branch_python_dop_operator_3.py for tasks to queue
[2021-07-14 20:10:29,549] {logging_mixin.py:104} INFO - [2021-07-14 20:10:29,549] {dagbag.py:496} INFO - Filling up the DagBag from /home/airflow/.local/lib/python3.6/site-packages/airflow/example_dags/example_branch_python_dop_operator_3.py
[2021-07-14 20:10:29,564] {scheduler_job.py:643} INFO - DAG(s) dict_keys(['example_branch_dop_operator_v3']) retrieved from /home/airflow/.local/lib/python3.6/site-packages/airflow/example_dags/example_branch_python_dop_operator_3.py
[2021-07-14 20:10:29,588] {logging_mixin.py:104} INFO - [2021-07-14 20:10:29,588] {dag.py:1833} INFO - Sync 1 DAGs
[2021-07-14 20:10:29,618] {logging_mixin.py:104} INFO - [2021-07-14 20:10:29,617] {dag.py:2306} INFO - Setting next_dagrun for example_branch_dop_operator_v3 to 2021-07-12 00:00:00+00:00
[2021-07-14 20:10:29,628] {scheduler_job.py:190} INFO - Processing /home/airflow/.local/lib/python3.6/site-packages/airflow/example_dags/example_branch_python_dop_operator_3.py took 0.084 seconds
[2021-07-14 20:10:59,985] {scheduler_job.py:182} INFO - Started process (PID=1597) to work on /home/airflow/.local/lib/python3.6/site-packages/airflow/example_dags/example_branch_python_dop_operator_3.py
[2021-07-14 20:10:59,987] {scheduler_job.py:633} INFO - Processing file /home/airflow/.local/lib/python3.6/site-packages/airflow/example_dags/example_branch_python_dop_operator_3.py for tasks to queue
[2021-07-14 20:10:59,988] {logging_mixin.py:104} INFO - [2021-07-14 20:10:59,988] {dagbag.py:496} INFO - Filling up the DagBag from /home/airflow/.local/lib/python3.6/site-packages/airflow/example_dags/example_branch_python_dop_operator_3.py
[2021-07-14 20:11:00,011] {scheduler_job.py:643} INFO - DAG(s) dict_keys(['example_branch_dop_operator_v3']) retrieved from /home/airflow/.local/lib/python3.6/site-packages/airflow/example_dags/example_branch_python_dop_operator_3.py
[2021-07-14 20:11:00,042] {logging_mixin.py:104} INFO - [2021-07-14 20:11:00,042] {dag.py:1833} INFO - Sync 1 DAGs
[2021-07-14 20:11:00,079] {logging_mixin.py:104} INFO - [2021-07-14 20:11:00,079] {dag.py:2306} INFO - Setting next_dagrun for example_branch_dop_operator_v3 to 2021-07-12 00:00:00+00:00
[2021-07-14 20:11:00,092] {scheduler_job.py:190} INFO - Processing /home/airflow/.local/lib/python3.6/site-packages/airflow/example_dags/example_branch_python_dop_operator_3.py took 0.112 seconds
[2021-07-14 20:11:30,407] {scheduler_job.py:182} INFO - Started process (PID=1661) to work on /home/airflow/.local/lib/python3.6/site-packages/airflow/example_dags/example_branch_python_dop_operator_3.py
[2021-07-14 20:11:30,408] {scheduler_job.py:633} INFO - Processing file /home/airflow/.local/lib/python3.6/site-packages/airflow/example_dags/example_branch_python_dop_operator_3.py for tasks to queue
[2021-07-14 20:11:30,409] {logging_mixin.py:104} INFO - [2021-07-14 20:11:30,409] {dagbag.py:496} INFO - Filling up the DagBag from /home/airflow/.local/lib/python3.6/site-packages/airflow/example_dags/example_branch_python_dop_operator_3.py
[2021-07-14 20:11:30,424] {scheduler_job.py:643} INFO - DAG(s) dict_keys(['example_branch_dop_operator_v3']) retrieved from /home/airflow/.local/lib/python3.6/site-packages/airflow/example_dags/example_branch_python_dop_operator_3.py
[2021-07-14 20:11:30,446] {logging_mixin.py:104} INFO - [2021-07-14 20:11:30,445] {dag.py:1833} INFO - Sync 1 DAGs
[2021-07-14 20:11:30,476] {logging_mixin.py:104} INFO - [2021-07-14 20:11:30,475] {dag.py:2306} INFO - Setting next_dagrun for example_branch_dop_operator_v3 to 2021-07-12 00:00:00+00:00
[2021-07-14 20:11:30,488] {scheduler_job.py:190} INFO - Processing /home/airflow/.local/lib/python3.6/site-packages/airflow/example_dags/example_branch_python_dop_operator_3.py took 0.084 seconds
[2021-07-14 20:12:00,811] {scheduler_job.py:182} INFO - Started process (PID=1716) to work on /home/airflow/.local/lib/python3.6/site-packages/airflow/example_dags/example_branch_python_dop_operator_3.py
[2021-07-14 20:12:00,812] {scheduler_job.py:633} INFO - Processing file /home/airflow/.local/lib/python3.6/site-packages/airflow/example_dags/example_branch_python_dop_operator_3.py for tasks to queue
[2021-07-14 20:12:00,813] {logging_mixin.py:104} INFO - [2021-07-14 20:12:00,813] {dagbag.py:496} INFO - Filling up the DagBag from /home/airflow/.local/lib/python3.6/site-packages/airflow/example_dags/example_branch_python_dop_operator_3.py
[2021-07-14 20:12:00,830] {scheduler_job.py:643} INFO - DAG(s) dict_keys(['example_branch_dop_operator_v3']) retrieved from /home/airflow/.local/lib/python3.6/site-packages/airflow/example_dags/example_branch_python_dop_operator_3.py
[2021-07-14 20:12:00,852] {logging_mixin.py:104} INFO - [2021-07-14 20:12:00,852] {dag.py:1833} INFO - Sync 1 DAGs
[2021-07-14 20:12:00,881] {logging_mixin.py:104} INFO - [2021-07-14 20:12:00,881] {dag.py:2306} INFO - Setting next_dagrun for example_branch_dop_operator_v3 to 2021-07-12 00:00:00+00:00
[2021-07-14 20:12:00,893] {scheduler_job.py:190} INFO - Processing /home/airflow/.local/lib/python3.6/site-packages/airflow/example_dags/example_branch_python_dop_operator_3.py took 0.084 seconds
[2021-07-14 20:12:31,162] {scheduler_job.py:182} INFO - Started process (PID=1781) to work on /home/airflow/.local/lib/python3.6/site-packages/airflow/example_dags/example_branch_python_dop_operator_3.py
[2021-07-14 20:12:31,163] {scheduler_job.py:633} INFO - Processing file /home/airflow/.local/lib/python3.6/site-packages/airflow/example_dags/example_branch_python_dop_operator_3.py for tasks to queue
[2021-07-14 20:12:31,163] {logging_mixin.py:104} INFO - [2021-07-14 20:12:31,163] {dagbag.py:496} INFO - Filling up the DagBag from /home/airflow/.local/lib/python3.6/site-packages/airflow/example_dags/example_branch_python_dop_operator_3.py
[2021-07-14 20:12:31,180] {scheduler_job.py:643} INFO - DAG(s) dict_keys(['example_branch_dop_operator_v3']) retrieved from /home/airflow/.local/lib/python3.6/site-packages/airflow/example_dags/example_branch_python_dop_operator_3.py
[2021-07-14 20:12:31,205] {logging_mixin.py:104} INFO - [2021-07-14 20:12:31,204] {dag.py:1833} INFO - Sync 1 DAGs
[2021-07-14 20:12:31,237] {logging_mixin.py:104} INFO - [2021-07-14 20:12:31,237] {dag.py:2306} INFO - Setting next_dagrun for example_branch_dop_operator_v3 to 2021-07-12 00:00:00+00:00
[2021-07-14 20:12:31,248] {scheduler_job.py:190} INFO - Processing /home/airflow/.local/lib/python3.6/site-packages/airflow/example_dags/example_branch_python_dop_operator_3.py took 0.089 seconds
[2021-07-14 20:13:01,630] {scheduler_job.py:182} INFO - Started process (PID=1846) to work on /home/airflow/.local/lib/python3.6/site-packages/airflow/example_dags/example_branch_python_dop_operator_3.py
[2021-07-14 20:13:01,631] {scheduler_job.py:633} INFO - Processing file /home/airflow/.local/lib/python3.6/site-packages/airflow/example_dags/example_branch_python_dop_operator_3.py for tasks to queue
[2021-07-14 20:13:01,632] {logging_mixin.py:104} INFO - [2021-07-14 20:13:01,632] {dagbag.py:496} INFO - Filling up the DagBag from /home/airflow/.local/lib/python3.6/site-packages/airflow/example_dags/example_branch_python_dop_operator_3.py
[2021-07-14 20:13:01,651] {scheduler_job.py:643} INFO - DAG(s) dict_keys(['example_branch_dop_operator_v3']) retrieved from /home/airflow/.local/lib/python3.6/site-packages/airflow/example_dags/example_branch_python_dop_operator_3.py
[2021-07-14 20:13:01,677] {logging_mixin.py:104} INFO - [2021-07-14 20:13:01,677] {dag.py:1833} INFO - Sync 1 DAGs
[2021-07-14 20:13:01,712] {logging_mixin.py:104} INFO - [2021-07-14 20:13:01,712] {dag.py:2306} INFO - Setting next_dagrun for example_branch_dop_operator_v3 to 2021-07-12 00:00:00+00:00
[2021-07-14 20:13:01,727] {scheduler_job.py:190} INFO - Processing /home/airflow/.local/lib/python3.6/site-packages/airflow/example_dags/example_branch_python_dop_operator_3.py took 0.100 seconds
[2021-07-14 20:13:32,610] {scheduler_job.py:182} INFO - Started process (PID=1900) to work on /home/airflow/.local/lib/python3.6/site-packages/airflow/example_dags/example_branch_python_dop_operator_3.py
[2021-07-14 20:13:32,611] {scheduler_job.py:633} INFO - Processing file /home/airflow/.local/lib/python3.6/site-packages/airflow/example_dags/example_branch_python_dop_operator_3.py for tasks to queue
[2021-07-14 20:13:32,612] {logging_mixin.py:104} INFO - [2021-07-14 20:13:32,611] {dagbag.py:496} INFO - Filling up the DagBag from /home/airflow/.local/lib/python3.6/site-packages/airflow/example_dags/example_branch_python_dop_operator_3.py
[2021-07-14 20:13:32,626] {scheduler_job.py:643} INFO - DAG(s) dict_keys(['example_branch_dop_operator_v3']) retrieved from /home/airflow/.local/lib/python3.6/site-packages/airflow/example_dags/example_branch_python_dop_operator_3.py
[2021-07-14 20:13:32,646] {logging_mixin.py:104} INFO - [2021-07-14 20:13:32,645] {dag.py:1833} INFO - Sync 1 DAGs
[2021-07-14 20:13:32,673] {logging_mixin.py:104} INFO - [2021-07-14 20:13:32,673] {dag.py:2306} INFO - Setting next_dagrun for example_branch_dop_operator_v3 to 2021-07-12 00:00:00+00:00
[2021-07-14 20:13:32,684] {scheduler_job.py:190} INFO - Processing /home/airflow/.local/lib/python3.6/site-packages/airflow/example_dags/example_branch_python_dop_operator_3.py took 0.077 seconds
[2021-07-14 20:14:03,829] {scheduler_job.py:182} INFO - Started process (PID=1965) to work on /home/airflow/.local/lib/python3.6/site-packages/airflow/example_dags/example_branch_python_dop_operator_3.py
[2021-07-14 20:14:03,830] {scheduler_job.py:633} INFO - Processing file /home/airflow/.local/lib/python3.6/site-packages/airflow/example_dags/example_branch_python_dop_operator_3.py for tasks to queue
[2021-07-14 20:14:03,831] {logging_mixin.py:104} INFO - [2021-07-14 20:14:03,831] {dagbag.py:496} INFO - Filling up the DagBag from /home/airflow/.local/lib/python3.6/site-packages/airflow/example_dags/example_branch_python_dop_operator_3.py
[2021-07-14 20:14:03,855] {scheduler_job.py:643} INFO - DAG(s) dict_keys(['example_branch_dop_operator_v3']) retrieved from /home/airflow/.local/lib/python3.6/site-packages/airflow/example_dags/example_branch_python_dop_operator_3.py
[2021-07-14 20:14:03,883] {logging_mixin.py:104} INFO - [2021-07-14 20:14:03,883] {dag.py:1833} INFO - Sync 1 DAGs
[2021-07-14 20:14:03,924] {logging_mixin.py:104} INFO - [2021-07-14 20:14:03,923] {dag.py:2306} INFO - Setting next_dagrun for example_branch_dop_operator_v3 to 2021-07-12 00:00:00+00:00
[2021-07-14 20:14:03,935] {scheduler_job.py:190} INFO - Processing /home/airflow/.local/lib/python3.6/site-packages/airflow/example_dags/example_branch_python_dop_operator_3.py took 0.110 seconds
[2021-07-14 20:14:35,220] {scheduler_job.py:182} INFO - Started process (PID=2026) to work on /home/airflow/.local/lib/python3.6/site-packages/airflow/example_dags/example_branch_python_dop_operator_3.py
[2021-07-14 20:14:35,221] {scheduler_job.py:633} INFO - Processing file /home/airflow/.local/lib/python3.6/site-packages/airflow/example_dags/example_branch_python_dop_operator_3.py for tasks to queue
[2021-07-14 20:14:35,222] {logging_mixin.py:104} INFO - [2021-07-14 20:14:35,221] {dagbag.py:496} INFO - Filling up the DagBag from /home/airflow/.local/lib/python3.6/site-packages/airflow/example_dags/example_branch_python_dop_operator_3.py
[2021-07-14 20:14:35,239] {scheduler_job.py:643} INFO - DAG(s) dict_keys(['example_branch_dop_operator_v3']) retrieved from /home/airflow/.local/lib/python3.6/site-packages/airflow/example_dags/example_branch_python_dop_operator_3.py
[2021-07-14 20:14:35,266] {logging_mixin.py:104} INFO - [2021-07-14 20:14:35,266] {dag.py:1833} INFO - Sync 1 DAGs
[2021-07-14 20:14:35,307] {logging_mixin.py:104} INFO - [2021-07-14 20:14:35,307] {dag.py:2306} INFO - Setting next_dagrun for example_branch_dop_operator_v3 to 2021-07-12 00:00:00+00:00
[2021-07-14 20:14:35,321] {scheduler_job.py:190} INFO - Processing /home/airflow/.local/lib/python3.6/site-packages/airflow/example_dags/example_branch_python_dop_operator_3.py took 0.105 seconds
[2021-07-14 20:15:05,651] {scheduler_job.py:182} INFO - Started process (PID=2083) to work on /home/airflow/.local/lib/python3.6/site-packages/airflow/example_dags/example_branch_python_dop_operator_3.py
[2021-07-14 20:15:05,653] {scheduler_job.py:633} INFO - Processing file /home/airflow/.local/lib/python3.6/site-packages/airflow/example_dags/example_branch_python_dop_operator_3.py for tasks to queue
[2021-07-14 20:15:05,654] {logging_mixin.py:104} INFO - [2021-07-14 20:15:05,654] {dagbag.py:496} INFO - Filling up the DagBag from /home/airflow/.local/lib/python3.6/site-packages/airflow/example_dags/example_branch_python_dop_operator_3.py
[2021-07-14 20:15:05,670] {scheduler_job.py:643} INFO - DAG(s) dict_keys(['example_branch_dop_operator_v3']) retrieved from /home/airflow/.local/lib/python3.6/site-packages/airflow/example_dags/example_branch_python_dop_operator_3.py
[2021-07-14 20:15:05,693] {logging_mixin.py:104} INFO - [2021-07-14 20:15:05,693] {dag.py:1833} INFO - Sync 1 DAGs
[2021-07-14 20:15:05,725] {logging_mixin.py:104} INFO - [2021-07-14 20:15:05,724] {dag.py:2306} INFO - Setting next_dagrun for example_branch_dop_operator_v3 to 2021-07-12 00:00:00+00:00
[2021-07-14 20:15:05,736] {scheduler_job.py:190} INFO - Processing /home/airflow/.local/lib/python3.6/site-packages/airflow/example_dags/example_branch_python_dop_operator_3.py took 0.089 seconds
[2021-07-14 20:15:36,149] {scheduler_job.py:182} INFO - Started process (PID=2147) to work on /home/airflow/.local/lib/python3.6/site-packages/airflow/example_dags/example_branch_python_dop_operator_3.py
[2021-07-14 20:15:36,158] {scheduler_job.py:633} INFO - Processing file /home/airflow/.local/lib/python3.6/site-packages/airflow/example_dags/example_branch_python_dop_operator_3.py for tasks to queue
[2021-07-14 20:15:36,159] {logging_mixin.py:104} INFO - [2021-07-14 20:15:36,159] {dagbag.py:496} INFO - Filling up the DagBag from /home/airflow/.local/lib/python3.6/site-packages/airflow/example_dags/example_branch_python_dop_operator_3.py
[2021-07-14 20:15:36,177] {scheduler_job.py:643} INFO - DAG(s) dict_keys(['example_branch_dop_operator_v3']) retrieved from /home/airflow/.local/lib/python3.6/site-packages/airflow/example_dags/example_branch_python_dop_operator_3.py
[2021-07-14 20:15:36,214] {logging_mixin.py:104} INFO - [2021-07-14 20:15:36,214] {dag.py:1833} INFO - Sync 1 DAGs
[2021-07-14 20:15:36,245] {logging_mixin.py:104} INFO - [2021-07-14 20:15:36,245] {dag.py:2306} INFO - Setting next_dagrun for example_branch_dop_operator_v3 to 2021-07-12 00:00:00+00:00
[2021-07-14 20:15:36,257] {scheduler_job.py:190} INFO - Processing /home/airflow/.local/lib/python3.6/site-packages/airflow/example_dags/example_branch_python_dop_operator_3.py took 0.116 seconds
[2021-07-14 20:16:07,171] {scheduler_job.py:182} INFO - Started process (PID=2201) to work on /home/airflow/.local/lib/python3.6/site-packages/airflow/example_dags/example_branch_python_dop_operator_3.py
[2021-07-14 20:16:07,172] {scheduler_job.py:633} INFO - Processing file /home/airflow/.local/lib/python3.6/site-packages/airflow/example_dags/example_branch_python_dop_operator_3.py for tasks to queue
[2021-07-14 20:16:07,173] {logging_mixin.py:104} INFO - [2021-07-14 20:16:07,172] {dagbag.py:496} INFO - Filling up the DagBag from /home/airflow/.local/lib/python3.6/site-packages/airflow/example_dags/example_branch_python_dop_operator_3.py
[2021-07-14 20:16:07,187] {scheduler_job.py:643} INFO - DAG(s) dict_keys(['example_branch_dop_operator_v3']) retrieved from /home/airflow/.local/lib/python3.6/site-packages/airflow/example_dags/example_branch_python_dop_operator_3.py
[2021-07-14 20:16:07,209] {logging_mixin.py:104} INFO - [2021-07-14 20:16:07,209] {dag.py:1833} INFO - Sync 1 DAGs
[2021-07-14 20:16:07,237] {logging_mixin.py:104} INFO - [2021-07-14 20:16:07,237] {dag.py:2306} INFO - Setting next_dagrun for example_branch_dop_operator_v3 to 2021-07-12 00:00:00+00:00
[2021-07-14 20:16:07,249] {scheduler_job.py:190} INFO - Processing /home/airflow/.local/lib/python3.6/site-packages/airflow/example_dags/example_branch_python_dop_operator_3.py took 0.083 seconds
[2021-07-14 20:16:37,540] {scheduler_job.py:182} INFO - Started process (PID=2263) to work on /home/airflow/.local/lib/python3.6/site-packages/airflow/example_dags/example_branch_python_dop_operator_3.py
[2021-07-14 20:16:37,542] {scheduler_job.py:633} INFO - Processing file /home/airflow/.local/lib/python3.6/site-packages/airflow/example_dags/example_branch_python_dop_operator_3.py for tasks to queue
[2021-07-14 20:16:37,543] {logging_mixin.py:104} INFO - [2021-07-14 20:16:37,542] {dagbag.py:496} INFO - Filling up the DagBag from /home/airflow/.local/lib/python3.6/site-packages/airflow/example_dags/example_branch_python_dop_operator_3.py
[2021-07-14 20:16:37,565] {scheduler_job.py:643} INFO - DAG(s) dict_keys(['example_branch_dop_operator_v3']) retrieved from /home/airflow/.local/lib/python3.6/site-packages/airflow/example_dags/example_branch_python_dop_operator_3.py
[2021-07-14 20:16:37,597] {logging_mixin.py:104} INFO - [2021-07-14 20:16:37,597] {dag.py:1833} INFO - Sync 1 DAGs
[2021-07-14 20:16:37,629] {logging_mixin.py:104} INFO - [2021-07-14 20:16:37,629] {dag.py:2306} INFO - Setting next_dagrun for example_branch_dop_operator_v3 to 2021-07-12 00:00:00+00:00
[2021-07-14 20:16:37,642] {scheduler_job.py:190} INFO - Processing /home/airflow/.local/lib/python3.6/site-packages/airflow/example_dags/example_branch_python_dop_operator_3.py took 0.106 seconds
[2021-07-14 20:17:07,676] {scheduler_job.py:182} INFO - Started process (PID=2315) to work on /home/airflow/.local/lib/python3.6/site-packages/airflow/example_dags/example_branch_python_dop_operator_3.py
[2021-07-14 20:17:07,678] {scheduler_job.py:633} INFO - Processing file /home/airflow/.local/lib/python3.6/site-packages/airflow/example_dags/example_branch_python_dop_operator_3.py for tasks to queue
[2021-07-14 20:17:07,679] {logging_mixin.py:104} INFO - [2021-07-14 20:17:07,679] {dagbag.py:496} INFO - Filling up the DagBag from /home/airflow/.local/lib/python3.6/site-packages/airflow/example_dags/example_branch_python_dop_operator_3.py
[2021-07-14 20:17:07,699] {scheduler_job.py:643} INFO - DAG(s) dict_keys(['example_branch_dop_operator_v3']) retrieved from /home/airflow/.local/lib/python3.6/site-packages/airflow/example_dags/example_branch_python_dop_operator_3.py
[2021-07-14 20:17:07,726] {logging_mixin.py:104} INFO - [2021-07-14 20:17:07,726] {dag.py:1833} INFO - Sync 1 DAGs
[2021-07-14 20:17:07,758] {logging_mixin.py:104} INFO - [2021-07-14 20:17:07,758] {dag.py:2306} INFO - Setting next_dagrun for example_branch_dop_operator_v3 to 2021-07-12 00:00:00+00:00
[2021-07-14 20:17:07,770] {scheduler_job.py:190} INFO - Processing /home/airflow/.local/lib/python3.6/site-packages/airflow/example_dags/example_branch_python_dop_operator_3.py took 0.098 seconds
[2021-07-14 20:17:38,384] {scheduler_job.py:182} INFO - Started process (PID=2379) to work on /home/airflow/.local/lib/python3.6/site-packages/airflow/example_dags/example_branch_python_dop_operator_3.py
[2021-07-14 20:17:38,385] {scheduler_job.py:633} INFO - Processing file /home/airflow/.local/lib/python3.6/site-packages/airflow/example_dags/example_branch_python_dop_operator_3.py for tasks to queue
[2021-07-14 20:17:38,386] {logging_mixin.py:104} INFO - [2021-07-14 20:17:38,386] {dagbag.py:496} INFO - Filling up the DagBag from /home/airflow/.local/lib/python3.6/site-packages/airflow/example_dags/example_branch_python_dop_operator_3.py
[2021-07-14 20:17:38,408] {scheduler_job.py:643} INFO - DAG(s) dict_keys(['example_branch_dop_operator_v3']) retrieved from /home/airflow/.local/lib/python3.6/site-packages/airflow/example_dags/example_branch_python_dop_operator_3.py
[2021-07-14 20:17:38,435] {logging_mixin.py:104} INFO - [2021-07-14 20:17:38,435] {dag.py:1833} INFO - Sync 1 DAGs
[2021-07-14 20:17:38,479] {logging_mixin.py:104} INFO - [2021-07-14 20:17:38,479] {dag.py:2306} INFO - Setting next_dagrun for example_branch_dop_operator_v3 to 2021-07-12 00:00:00+00:00
[2021-07-14 20:17:38,494] {scheduler_job.py:190} INFO - Processing /home/airflow/.local/lib/python3.6/site-packages/airflow/example_dags/example_branch_python_dop_operator_3.py took 0.115 seconds
[2021-07-14 20:18:09,023] {scheduler_job.py:182} INFO - Started process (PID=2435) to work on /home/airflow/.local/lib/python3.6/site-packages/airflow/example_dags/example_branch_python_dop_operator_3.py
[2021-07-14 20:18:09,024] {scheduler_job.py:633} INFO - Processing file /home/airflow/.local/lib/python3.6/site-packages/airflow/example_dags/example_branch_python_dop_operator_3.py for tasks to queue
[2021-07-14 20:18:09,024] {logging_mixin.py:104} INFO - [2021-07-14 20:18:09,024] {dagbag.py:496} INFO - Filling up the DagBag from /home/airflow/.local/lib/python3.6/site-packages/airflow/example_dags/example_branch_python_dop_operator_3.py
[2021-07-14 20:18:09,039] {scheduler_job.py:643} INFO - DAG(s) dict_keys(['example_branch_dop_operator_v3']) retrieved from /home/airflow/.local/lib/python3.6/site-packages/airflow/example_dags/example_branch_python_dop_operator_3.py
[2021-07-14 20:18:09,063] {logging_mixin.py:104} INFO - [2021-07-14 20:18:09,063] {dag.py:1833} INFO - Sync 1 DAGs
[2021-07-14 20:18:09,099] {logging_mixin.py:104} INFO - [2021-07-14 20:18:09,099] {dag.py:2306} INFO - Setting next_dagrun for example_branch_dop_operator_v3 to 2021-07-12 00:00:00+00:00
[2021-07-14 20:18:09,112] {scheduler_job.py:190} INFO - Processing /home/airflow/.local/lib/python3.6/site-packages/airflow/example_dags/example_branch_python_dop_operator_3.py took 0.093 seconds
[2021-07-14 20:18:39,806] {scheduler_job.py:182} INFO - Started process (PID=2498) to work on /home/airflow/.local/lib/python3.6/site-packages/airflow/example_dags/example_branch_python_dop_operator_3.py
[2021-07-14 20:18:39,807] {scheduler_job.py:633} INFO - Processing file /home/airflow/.local/lib/python3.6/site-packages/airflow/example_dags/example_branch_python_dop_operator_3.py for tasks to queue
[2021-07-14 20:18:39,808] {logging_mixin.py:104} INFO - [2021-07-14 20:18:39,808] {dagbag.py:496} INFO - Filling up the DagBag from /home/airflow/.local/lib/python3.6/site-packages/airflow/example_dags/example_branch_python_dop_operator_3.py
[2021-07-14 20:18:39,829] {scheduler_job.py:643} INFO - DAG(s) dict_keys(['example_branch_dop_operator_v3']) retrieved from /home/airflow/.local/lib/python3.6/site-packages/airflow/example_dags/example_branch_python_dop_operator_3.py
[2021-07-14 20:18:39,868] {logging_mixin.py:104} INFO - [2021-07-14 20:18:39,868] {dag.py:1833} INFO - Sync 1 DAGs
[2021-07-14 20:18:39,926] {logging_mixin.py:104} INFO - [2021-07-14 20:18:39,926] {dag.py:2306} INFO - Setting next_dagrun for example_branch_dop_operator_v3 to 2021-07-12 00:00:00+00:00
[2021-07-14 20:18:39,947] {scheduler_job.py:190} INFO - Processing /home/airflow/.local/lib/python3.6/site-packages/airflow/example_dags/example_branch_python_dop_operator_3.py took 0.147 seconds
[2021-07-14 20:19:09,974] {scheduler_job.py:182} INFO - Started process (PID=2550) to work on /home/airflow/.local/lib/python3.6/site-packages/airflow/example_dags/example_branch_python_dop_operator_3.py
[2021-07-14 20:19:09,975] {scheduler_job.py:633} INFO - Processing file /home/airflow/.local/lib/python3.6/site-packages/airflow/example_dags/example_branch_python_dop_operator_3.py for tasks to queue
[2021-07-14 20:19:09,976] {logging_mixin.py:104} INFO - [2021-07-14 20:19:09,976] {dagbag.py:496} INFO - Filling up the DagBag from /home/airflow/.local/lib/python3.6/site-packages/airflow/example_dags/example_branch_python_dop_operator_3.py
[2021-07-14 20:19:09,989] {scheduler_job.py:643} INFO - DAG(s) dict_keys(['example_branch_dop_operator_v3']) retrieved from /home/airflow/.local/lib/python3.6/site-packages/airflow/example_dags/example_branch_python_dop_operator_3.py
[2021-07-14 20:19:10,013] {logging_mixin.py:104} INFO - [2021-07-14 20:19:10,012] {dag.py:1833} INFO - Sync 1 DAGs
[2021-07-14 20:19:10,045] {logging_mixin.py:104} INFO - [2021-07-14 20:19:10,045] {dag.py:2306} INFO - Setting next_dagrun for example_branch_dop_operator_v3 to 2021-07-12 00:00:00+00:00
[2021-07-14 20:19:10,060] {scheduler_job.py:190} INFO - Processing /home/airflow/.local/lib/python3.6/site-packages/airflow/example_dags/example_branch_python_dop_operator_3.py took 0.089 seconds
[2021-07-14 20:19:40,446] {scheduler_job.py:182} INFO - Started process (PID=2614) to work on /home/airflow/.local/lib/python3.6/site-packages/airflow/example_dags/example_branch_python_dop_operator_3.py
[2021-07-14 20:19:40,448] {scheduler_job.py:633} INFO - Processing file /home/airflow/.local/lib/python3.6/site-packages/airflow/example_dags/example_branch_python_dop_operator_3.py for tasks to queue
[2021-07-14 20:19:40,448] {logging_mixin.py:104} INFO - [2021-07-14 20:19:40,448] {dagbag.py:496} INFO - Filling up the DagBag from /home/airflow/.local/lib/python3.6/site-packages/airflow/example_dags/example_branch_python_dop_operator_3.py
[2021-07-14 20:19:40,468] {scheduler_job.py:643} INFO - DAG(s) dict_keys(['example_branch_dop_operator_v3']) retrieved from /home/airflow/.local/lib/python3.6/site-packages/airflow/example_dags/example_branch_python_dop_operator_3.py
[2021-07-14 20:19:40,530] {logging_mixin.py:104} INFO - [2021-07-14 20:19:40,530] {dag.py:1833} INFO - Sync 1 DAGs
[2021-07-14 20:19:40,570] {logging_mixin.py:104} INFO - [2021-07-14 20:19:40,570] {dag.py:2306} INFO - Setting next_dagrun for example_branch_dop_operator_v3 to 2021-07-12 00:00:00+00:00
[2021-07-14 20:19:40,589] {scheduler_job.py:190} INFO - Processing /home/airflow/.local/lib/python3.6/site-packages/airflow/example_dags/example_branch_python_dop_operator_3.py took 0.147 seconds
[2021-07-14 20:20:11,337] {scheduler_job.py:182} INFO - Started process (PID=2667) to work on /home/airflow/.local/lib/python3.6/site-packages/airflow/example_dags/example_branch_python_dop_operator_3.py
[2021-07-14 20:20:11,340] {scheduler_job.py:633} INFO - Processing file /home/airflow/.local/lib/python3.6/site-packages/airflow/example_dags/example_branch_python_dop_operator_3.py for tasks to queue
[2021-07-14 20:20:11,341] {logging_mixin.py:104} INFO - [2021-07-14 20:20:11,341] {dagbag.py:496} INFO - Filling up the DagBag from /home/airflow/.local/lib/python3.6/site-packages/airflow/example_dags/example_branch_python_dop_operator_3.py
[2021-07-14 20:20:11,361] {scheduler_job.py:643} INFO - DAG(s) dict_keys(['example_branch_dop_operator_v3']) retrieved from /home/airflow/.local/lib/python3.6/site-packages/airflow/example_dags/example_branch_python_dop_operator_3.py
[2021-07-14 20:20:11,394] {logging_mixin.py:104} INFO - [2021-07-14 20:20:11,394] {dag.py:1833} INFO - Sync 1 DAGs
[2021-07-14 20:20:11,430] {logging_mixin.py:104} INFO - [2021-07-14 20:20:11,429] {dag.py:2306} INFO - Setting next_dagrun for example_branch_dop_operator_v3 to 2021-07-12 00:00:00+00:00
[2021-07-14 20:20:11,445] {scheduler_job.py:190} INFO - Processing /home/airflow/.local/lib/python3.6/site-packages/airflow/example_dags/example_branch_python_dop_operator_3.py took 0.113 seconds
[2021-07-14 20:20:41,503] {scheduler_job.py:182} INFO - Started process (PID=2730) to work on /home/airflow/.local/lib/python3.6/site-packages/airflow/example_dags/example_branch_python_dop_operator_3.py
[2021-07-14 20:20:41,505] {scheduler_job.py:633} INFO - Processing file /home/airflow/.local/lib/python3.6/site-packages/airflow/example_dags/example_branch_python_dop_operator_3.py for tasks to queue
[2021-07-14 20:20:41,505] {logging_mixin.py:104} INFO - [2021-07-14 20:20:41,505] {dagbag.py:496} INFO - Filling up the DagBag from /home/airflow/.local/lib/python3.6/site-packages/airflow/example_dags/example_branch_python_dop_operator_3.py
[2021-07-14 20:20:41,519] {scheduler_job.py:643} INFO - DAG(s) dict_keys(['example_branch_dop_operator_v3']) retrieved from /home/airflow/.local/lib/python3.6/site-packages/airflow/example_dags/example_branch_python_dop_operator_3.py
[2021-07-14 20:20:41,542] {logging_mixin.py:104} INFO - [2021-07-14 20:20:41,542] {dag.py:1833} INFO - Sync 1 DAGs
[2021-07-14 20:20:41,571] {logging_mixin.py:104} INFO - [2021-07-14 20:20:41,571] {dag.py:2306} INFO - Setting next_dagrun for example_branch_dop_operator_v3 to 2021-07-12 00:00:00+00:00
[2021-07-14 20:20:41,581] {scheduler_job.py:190} INFO - Processing /home/airflow/.local/lib/python3.6/site-packages/airflow/example_dags/example_branch_python_dop_operator_3.py took 0.081 seconds
[2021-07-14 20:21:11,928] {scheduler_job.py:182} INFO - Started process (PID=2785) to work on /home/airflow/.local/lib/python3.6/site-packages/airflow/example_dags/example_branch_python_dop_operator_3.py
[2021-07-14 20:21:11,930] {scheduler_job.py:633} INFO - Processing file /home/airflow/.local/lib/python3.6/site-packages/airflow/example_dags/example_branch_python_dop_operator_3.py for tasks to queue
[2021-07-14 20:21:11,930] {logging_mixin.py:104} INFO - [2021-07-14 20:21:11,930] {dagbag.py:496} INFO - Filling up the DagBag from /home/airflow/.local/lib/python3.6/site-packages/airflow/example_dags/example_branch_python_dop_operator_3.py
[2021-07-14 20:21:11,949] {scheduler_job.py:643} INFO - DAG(s) dict_keys(['example_branch_dop_operator_v3']) retrieved from /home/airflow/.local/lib/python3.6/site-packages/airflow/example_dags/example_branch_python_dop_operator_3.py
[2021-07-14 20:21:11,976] {logging_mixin.py:104} INFO - [2021-07-14 20:21:11,976] {dag.py:1833} INFO - Sync 1 DAGs
[2021-07-14 20:21:12,016] {logging_mixin.py:104} INFO - [2021-07-14 20:21:12,015] {dag.py:2306} INFO - Setting next_dagrun for example_branch_dop_operator_v3 to 2021-07-12 00:00:00+00:00
[2021-07-14 20:21:12,029] {scheduler_job.py:190} INFO - Processing /home/airflow/.local/lib/python3.6/site-packages/airflow/example_dags/example_branch_python_dop_operator_3.py took 0.105 seconds
[2021-07-14 20:21:42,520] {scheduler_job.py:182} INFO - Started process (PID=2851) to work on /home/airflow/.local/lib/python3.6/site-packages/airflow/example_dags/example_branch_python_dop_operator_3.py
[2021-07-14 20:21:42,521] {scheduler_job.py:633} INFO - Processing file /home/airflow/.local/lib/python3.6/site-packages/airflow/example_dags/example_branch_python_dop_operator_3.py for tasks to queue
[2021-07-14 20:21:42,522] {logging_mixin.py:104} INFO - [2021-07-14 20:21:42,522] {dagbag.py:496} INFO - Filling up the DagBag from /home/airflow/.local/lib/python3.6/site-packages/airflow/example_dags/example_branch_python_dop_operator_3.py
[2021-07-14 20:21:42,537] {scheduler_job.py:643} INFO - DAG(s) dict_keys(['example_branch_dop_operator_v3']) retrieved from /home/airflow/.local/lib/python3.6/site-packages/airflow/example_dags/example_branch_python_dop_operator_3.py
[2021-07-14 20:21:42,558] {logging_mixin.py:104} INFO - [2021-07-14 20:21:42,558] {dag.py:1833} INFO - Sync 1 DAGs
[2021-07-14 20:21:42,585] {logging_mixin.py:104} INFO - [2021-07-14 20:21:42,585] {dag.py:2306} INFO - Setting next_dagrun for example_branch_dop_operator_v3 to 2021-07-12 00:00:00+00:00
[2021-07-14 20:21:42,595] {scheduler_job.py:190} INFO - Processing /home/airflow/.local/lib/python3.6/site-packages/airflow/example_dags/example_branch_python_dop_operator_3.py took 0.079 seconds
[2021-07-14 20:22:13,270] {scheduler_job.py:182} INFO - Started process (PID=2905) to work on /home/airflow/.local/lib/python3.6/site-packages/airflow/example_dags/example_branch_python_dop_operator_3.py
[2021-07-14 20:22:13,272] {scheduler_job.py:633} INFO - Processing file /home/airflow/.local/lib/python3.6/site-packages/airflow/example_dags/example_branch_python_dop_operator_3.py for tasks to queue
[2021-07-14 20:22:13,273] {logging_mixin.py:104} INFO - [2021-07-14 20:22:13,272] {dagbag.py:496} INFO - Filling up the DagBag from /home/airflow/.local/lib/python3.6/site-packages/airflow/example_dags/example_branch_python_dop_operator_3.py
[2021-07-14 20:22:13,289] {scheduler_job.py:643} INFO - DAG(s) dict_keys(['example_branch_dop_operator_v3']) retrieved from /home/airflow/.local/lib/python3.6/site-packages/airflow/example_dags/example_branch_python_dop_operator_3.py
[2021-07-14 20:22:13,314] {logging_mixin.py:104} INFO - [2021-07-14 20:22:13,314] {dag.py:1833} INFO - Sync 1 DAGs
[2021-07-14 20:22:13,341] {logging_mixin.py:104} INFO - [2021-07-14 20:22:13,341] {dag.py:2306} INFO - Setting next_dagrun for example_branch_dop_operator_v3 to 2021-07-12 00:00:00+00:00
[2021-07-14 20:22:13,353] {scheduler_job.py:190} INFO - Processing /home/airflow/.local/lib/python3.6/site-packages/airflow/example_dags/example_branch_python_dop_operator_3.py took 0.086 seconds
