[2021-07-14 19:05:11,575] {scheduler_job.py:182} INFO - Started process (PID=63) to work on /home/airflow/.local/lib/python3.6/site-packages/airflow/example_dags/example_xcom.py
[2021-07-14 19:05:11,589] {scheduler_job.py:633} INFO - Processing file /home/airflow/.local/lib/python3.6/site-packages/airflow/example_dags/example_xcom.py for tasks to queue
[2021-07-14 19:05:11,590] {logging_mixin.py:104} INFO - [2021-07-14 19:05:11,590] {dagbag.py:496} INFO - Filling up the DagBag from /home/airflow/.local/lib/python3.6/site-packages/airflow/example_dags/example_xcom.py
[2021-07-14 19:05:11,733] {scheduler_job.py:643} INFO - DAG(s) dict_keys(['example_xcom']) retrieved from /home/airflow/.local/lib/python3.6/site-packages/airflow/example_dags/example_xcom.py
[2021-07-14 19:05:13,173] {logging_mixin.py:104} INFO - [2021-07-14 19:05:13,171] {dag.py:1833} INFO - Sync 1 DAGs
[2021-07-14 19:05:13,235] {logging_mixin.py:104} INFO - [2021-07-14 19:05:13,235] {dag.py:2306} INFO - Setting next_dagrun for example_xcom to 2021-07-12 00:00:00+00:00
[2021-07-14 19:05:13,307] {scheduler_job.py:190} INFO - Processing /home/airflow/.local/lib/python3.6/site-packages/airflow/example_dags/example_xcom.py took 1.746 seconds
[2021-07-14 19:05:43,456] {scheduler_job.py:182} INFO - Started process (PID=118) to work on /home/airflow/.local/lib/python3.6/site-packages/airflow/example_dags/example_xcom.py
[2021-07-14 19:05:43,458] {scheduler_job.py:633} INFO - Processing file /home/airflow/.local/lib/python3.6/site-packages/airflow/example_dags/example_xcom.py for tasks to queue
[2021-07-14 19:05:43,460] {logging_mixin.py:104} INFO - [2021-07-14 19:05:43,459] {dagbag.py:496} INFO - Filling up the DagBag from /home/airflow/.local/lib/python3.6/site-packages/airflow/example_dags/example_xcom.py
[2021-07-14 19:05:43,488] {scheduler_job.py:643} INFO - DAG(s) dict_keys(['example_xcom']) retrieved from /home/airflow/.local/lib/python3.6/site-packages/airflow/example_dags/example_xcom.py
[2021-07-14 19:05:43,569] {logging_mixin.py:104} INFO - [2021-07-14 19:05:43,568] {dag.py:1833} INFO - Sync 1 DAGs
[2021-07-14 19:05:43,597] {logging_mixin.py:104} INFO - [2021-07-14 19:05:43,597] {dag.py:2306} INFO - Setting next_dagrun for example_xcom to 2021-07-12 00:00:00+00:00
[2021-07-14 19:05:43,615] {scheduler_job.py:190} INFO - Processing /home/airflow/.local/lib/python3.6/site-packages/airflow/example_dags/example_xcom.py took 0.165 seconds
[2021-07-14 19:06:14,063] {scheduler_job.py:182} INFO - Started process (PID=178) to work on /home/airflow/.local/lib/python3.6/site-packages/airflow/example_dags/example_xcom.py
[2021-07-14 19:06:14,065] {scheduler_job.py:633} INFO - Processing file /home/airflow/.local/lib/python3.6/site-packages/airflow/example_dags/example_xcom.py for tasks to queue
[2021-07-14 19:06:14,068] {logging_mixin.py:104} INFO - [2021-07-14 19:06:14,067] {dagbag.py:496} INFO - Filling up the DagBag from /home/airflow/.local/lib/python3.6/site-packages/airflow/example_dags/example_xcom.py
[2021-07-14 19:06:14,100] {scheduler_job.py:643} INFO - DAG(s) dict_keys(['example_xcom']) retrieved from /home/airflow/.local/lib/python3.6/site-packages/airflow/example_dags/example_xcom.py
[2021-07-14 19:06:14,146] {logging_mixin.py:104} INFO - [2021-07-14 19:06:14,146] {dag.py:1833} INFO - Sync 1 DAGs
[2021-07-14 19:06:14,180] {logging_mixin.py:104} INFO - [2021-07-14 19:06:14,180] {dag.py:2306} INFO - Setting next_dagrun for example_xcom to 2021-07-12 00:00:00+00:00
[2021-07-14 19:06:14,201] {scheduler_job.py:190} INFO - Processing /home/airflow/.local/lib/python3.6/site-packages/airflow/example_dags/example_xcom.py took 0.145 seconds
[2021-07-14 19:06:44,522] {scheduler_job.py:182} INFO - Started process (PID=234) to work on /home/airflow/.local/lib/python3.6/site-packages/airflow/example_dags/example_xcom.py
[2021-07-14 19:06:44,523] {scheduler_job.py:633} INFO - Processing file /home/airflow/.local/lib/python3.6/site-packages/airflow/example_dags/example_xcom.py for tasks to queue
[2021-07-14 19:06:44,525] {logging_mixin.py:104} INFO - [2021-07-14 19:06:44,524] {dagbag.py:496} INFO - Filling up the DagBag from /home/airflow/.local/lib/python3.6/site-packages/airflow/example_dags/example_xcom.py
[2021-07-14 19:06:44,550] {scheduler_job.py:643} INFO - DAG(s) dict_keys(['example_xcom']) retrieved from /home/airflow/.local/lib/python3.6/site-packages/airflow/example_dags/example_xcom.py
[2021-07-14 19:06:44,596] {logging_mixin.py:104} INFO - [2021-07-14 19:06:44,596] {dag.py:1833} INFO - Sync 1 DAGs
[2021-07-14 19:06:44,623] {logging_mixin.py:104} INFO - [2021-07-14 19:06:44,623] {dag.py:2306} INFO - Setting next_dagrun for example_xcom to 2021-07-12 00:00:00+00:00
[2021-07-14 19:06:44,641] {scheduler_job.py:190} INFO - Processing /home/airflow/.local/lib/python3.6/site-packages/airflow/example_dags/example_xcom.py took 0.125 seconds
[2021-07-14 19:07:15,067] {scheduler_job.py:182} INFO - Started process (PID=288) to work on /home/airflow/.local/lib/python3.6/site-packages/airflow/example_dags/example_xcom.py
[2021-07-14 19:07:15,069] {scheduler_job.py:633} INFO - Processing file /home/airflow/.local/lib/python3.6/site-packages/airflow/example_dags/example_xcom.py for tasks to queue
[2021-07-14 19:07:15,070] {logging_mixin.py:104} INFO - [2021-07-14 19:07:15,070] {dagbag.py:496} INFO - Filling up the DagBag from /home/airflow/.local/lib/python3.6/site-packages/airflow/example_dags/example_xcom.py
[2021-07-14 19:07:15,095] {scheduler_job.py:643} INFO - DAG(s) dict_keys(['example_xcom']) retrieved from /home/airflow/.local/lib/python3.6/site-packages/airflow/example_dags/example_xcom.py
[2021-07-14 19:07:15,125] {logging_mixin.py:104} INFO - [2021-07-14 19:07:15,124] {dag.py:1833} INFO - Sync 1 DAGs
[2021-07-14 19:07:15,149] {logging_mixin.py:104} INFO - [2021-07-14 19:07:15,149] {dag.py:2306} INFO - Setting next_dagrun for example_xcom to 2021-07-12 00:00:00+00:00
[2021-07-14 19:07:15,165] {scheduler_job.py:190} INFO - Processing /home/airflow/.local/lib/python3.6/site-packages/airflow/example_dags/example_xcom.py took 0.103 seconds
[2021-07-14 19:07:45,627] {scheduler_job.py:182} INFO - Started process (PID=351) to work on /home/airflow/.local/lib/python3.6/site-packages/airflow/example_dags/example_xcom.py
[2021-07-14 19:07:45,646] {scheduler_job.py:633} INFO - Processing file /home/airflow/.local/lib/python3.6/site-packages/airflow/example_dags/example_xcom.py for tasks to queue
[2021-07-14 19:07:45,647] {logging_mixin.py:104} INFO - [2021-07-14 19:07:45,647] {dagbag.py:496} INFO - Filling up the DagBag from /home/airflow/.local/lib/python3.6/site-packages/airflow/example_dags/example_xcom.py
[2021-07-14 19:07:45,681] {scheduler_job.py:643} INFO - DAG(s) dict_keys(['example_xcom']) retrieved from /home/airflow/.local/lib/python3.6/site-packages/airflow/example_dags/example_xcom.py
[2021-07-14 19:07:45,728] {logging_mixin.py:104} INFO - [2021-07-14 19:07:45,728] {dag.py:1833} INFO - Sync 1 DAGs
[2021-07-14 19:07:45,785] {logging_mixin.py:104} INFO - [2021-07-14 19:07:45,784] {dag.py:2306} INFO - Setting next_dagrun for example_xcom to 2021-07-12 00:00:00+00:00
[2021-07-14 19:07:45,808] {scheduler_job.py:190} INFO - Processing /home/airflow/.local/lib/python3.6/site-packages/airflow/example_dags/example_xcom.py took 0.193 seconds
[2021-07-14 19:08:56,452] {scheduler_job.py:182} INFO - Started process (PID=45) to work on /home/airflow/.local/lib/python3.6/site-packages/airflow/example_dags/example_xcom.py
[2021-07-14 19:08:56,453] {scheduler_job.py:633} INFO - Processing file /home/airflow/.local/lib/python3.6/site-packages/airflow/example_dags/example_xcom.py for tasks to queue
[2021-07-14 19:08:56,454] {logging_mixin.py:104} INFO - [2021-07-14 19:08:56,454] {dagbag.py:496} INFO - Filling up the DagBag from /home/airflow/.local/lib/python3.6/site-packages/airflow/example_dags/example_xcom.py
[2021-07-14 19:08:56,470] {scheduler_job.py:643} INFO - DAG(s) dict_keys(['example_xcom']) retrieved from /home/airflow/.local/lib/python3.6/site-packages/airflow/example_dags/example_xcom.py
[2021-07-14 19:08:56,492] {logging_mixin.py:104} INFO - [2021-07-14 19:08:56,491] {dag.py:1833} INFO - Sync 1 DAGs
[2021-07-14 19:08:56,512] {logging_mixin.py:104} INFO - [2021-07-14 19:08:56,512] {dag.py:2306} INFO - Setting next_dagrun for example_xcom to 2021-07-12 00:00:00+00:00
[2021-07-14 19:08:56,530] {scheduler_job.py:190} INFO - Processing /home/airflow/.local/lib/python3.6/site-packages/airflow/example_dags/example_xcom.py took 0.082 seconds
[2021-07-14 19:09:27,923] {scheduler_job.py:182} INFO - Started process (PID=110) to work on /home/airflow/.local/lib/python3.6/site-packages/airflow/example_dags/example_xcom.py
[2021-07-14 19:09:27,925] {scheduler_job.py:633} INFO - Processing file /home/airflow/.local/lib/python3.6/site-packages/airflow/example_dags/example_xcom.py for tasks to queue
[2021-07-14 19:09:27,927] {logging_mixin.py:104} INFO - [2021-07-14 19:09:27,926] {dagbag.py:496} INFO - Filling up the DagBag from /home/airflow/.local/lib/python3.6/site-packages/airflow/example_dags/example_xcom.py
[2021-07-14 19:09:27,952] {scheduler_job.py:643} INFO - DAG(s) dict_keys(['example_xcom']) retrieved from /home/airflow/.local/lib/python3.6/site-packages/airflow/example_dags/example_xcom.py
[2021-07-14 19:09:27,989] {logging_mixin.py:104} INFO - [2021-07-14 19:09:27,988] {dag.py:1833} INFO - Sync 1 DAGs
[2021-07-14 19:09:28,021] {logging_mixin.py:104} INFO - [2021-07-14 19:09:28,021] {dag.py:2306} INFO - Setting next_dagrun for example_xcom to 2021-07-12 00:00:00+00:00
[2021-07-14 19:09:28,043] {scheduler_job.py:190} INFO - Processing /home/airflow/.local/lib/python3.6/site-packages/airflow/example_dags/example_xcom.py took 0.124 seconds
[2021-07-14 19:09:58,981] {scheduler_job.py:182} INFO - Started process (PID=164) to work on /home/airflow/.local/lib/python3.6/site-packages/airflow/example_dags/example_xcom.py
[2021-07-14 19:09:58,982] {scheduler_job.py:633} INFO - Processing file /home/airflow/.local/lib/python3.6/site-packages/airflow/example_dags/example_xcom.py for tasks to queue
[2021-07-14 19:09:58,983] {logging_mixin.py:104} INFO - [2021-07-14 19:09:58,983] {dagbag.py:496} INFO - Filling up the DagBag from /home/airflow/.local/lib/python3.6/site-packages/airflow/example_dags/example_xcom.py
[2021-07-14 19:09:59,005] {scheduler_job.py:643} INFO - DAG(s) dict_keys(['example_xcom']) retrieved from /home/airflow/.local/lib/python3.6/site-packages/airflow/example_dags/example_xcom.py
[2021-07-14 19:09:59,040] {logging_mixin.py:104} INFO - [2021-07-14 19:09:59,040] {dag.py:1833} INFO - Sync 1 DAGs
[2021-07-14 19:09:59,064] {logging_mixin.py:104} INFO - [2021-07-14 19:09:59,064] {dag.py:2306} INFO - Setting next_dagrun for example_xcom to 2021-07-12 00:00:00+00:00
[2021-07-14 19:09:59,079] {scheduler_job.py:190} INFO - Processing /home/airflow/.local/lib/python3.6/site-packages/airflow/example_dags/example_xcom.py took 0.102 seconds
[2021-07-14 19:10:29,958] {scheduler_job.py:182} INFO - Started process (PID=223) to work on /home/airflow/.local/lib/python3.6/site-packages/airflow/example_dags/example_xcom.py
[2021-07-14 19:10:29,960] {scheduler_job.py:633} INFO - Processing file /home/airflow/.local/lib/python3.6/site-packages/airflow/example_dags/example_xcom.py for tasks to queue
[2021-07-14 19:10:29,962] {logging_mixin.py:104} INFO - [2021-07-14 19:10:29,961] {dagbag.py:496} INFO - Filling up the DagBag from /home/airflow/.local/lib/python3.6/site-packages/airflow/example_dags/example_xcom.py
[2021-07-14 19:10:29,991] {scheduler_job.py:643} INFO - DAG(s) dict_keys(['example_xcom']) retrieved from /home/airflow/.local/lib/python3.6/site-packages/airflow/example_dags/example_xcom.py
[2021-07-14 19:10:30,038] {logging_mixin.py:104} INFO - [2021-07-14 19:10:30,037] {dag.py:1833} INFO - Sync 1 DAGs
[2021-07-14 19:10:30,066] {logging_mixin.py:104} INFO - [2021-07-14 19:10:30,066] {dag.py:2306} INFO - Setting next_dagrun for example_xcom to 2021-07-12 00:00:00+00:00
[2021-07-14 19:10:30,089] {scheduler_job.py:190} INFO - Processing /home/airflow/.local/lib/python3.6/site-packages/airflow/example_dags/example_xcom.py took 0.137 seconds
[2021-07-14 19:11:00,230] {scheduler_job.py:182} INFO - Started process (PID=285) to work on /home/airflow/.local/lib/python3.6/site-packages/airflow/example_dags/example_xcom.py
[2021-07-14 19:11:00,232] {scheduler_job.py:633} INFO - Processing file /home/airflow/.local/lib/python3.6/site-packages/airflow/example_dags/example_xcom.py for tasks to queue
[2021-07-14 19:11:00,233] {logging_mixin.py:104} INFO - [2021-07-14 19:11:00,232] {dagbag.py:496} INFO - Filling up the DagBag from /home/airflow/.local/lib/python3.6/site-packages/airflow/example_dags/example_xcom.py
[2021-07-14 19:11:00,292] {scheduler_job.py:643} INFO - DAG(s) dict_keys(['example_xcom']) retrieved from /home/airflow/.local/lib/python3.6/site-packages/airflow/example_dags/example_xcom.py
[2021-07-14 19:11:00,362] {logging_mixin.py:104} INFO - [2021-07-14 19:11:00,361] {dag.py:1833} INFO - Sync 1 DAGs
[2021-07-14 19:11:00,386] {logging_mixin.py:104} INFO - [2021-07-14 19:11:00,386] {dag.py:2306} INFO - Setting next_dagrun for example_xcom to 2021-07-12 00:00:00+00:00
[2021-07-14 19:11:00,399] {scheduler_job.py:190} INFO - Processing /home/airflow/.local/lib/python3.6/site-packages/airflow/example_dags/example_xcom.py took 0.173 seconds
[2021-07-14 19:11:30,521] {scheduler_job.py:182} INFO - Started process (PID=338) to work on /home/airflow/.local/lib/python3.6/site-packages/airflow/example_dags/example_xcom.py
[2021-07-14 19:11:30,530] {scheduler_job.py:633} INFO - Processing file /home/airflow/.local/lib/python3.6/site-packages/airflow/example_dags/example_xcom.py for tasks to queue
[2021-07-14 19:11:30,532] {logging_mixin.py:104} INFO - [2021-07-14 19:11:30,531] {dagbag.py:496} INFO - Filling up the DagBag from /home/airflow/.local/lib/python3.6/site-packages/airflow/example_dags/example_xcom.py
[2021-07-14 19:11:30,551] {scheduler_job.py:643} INFO - DAG(s) dict_keys(['example_xcom']) retrieved from /home/airflow/.local/lib/python3.6/site-packages/airflow/example_dags/example_xcom.py
[2021-07-14 19:11:30,575] {logging_mixin.py:104} INFO - [2021-07-14 19:11:30,575] {dag.py:1833} INFO - Sync 1 DAGs
[2021-07-14 19:11:30,594] {logging_mixin.py:104} INFO - [2021-07-14 19:11:30,594] {dag.py:2306} INFO - Setting next_dagrun for example_xcom to 2021-07-12 00:00:00+00:00
[2021-07-14 19:11:30,605] {scheduler_job.py:190} INFO - Processing /home/airflow/.local/lib/python3.6/site-packages/airflow/example_dags/example_xcom.py took 0.088 seconds
[2021-07-14 19:12:00,945] {scheduler_job.py:182} INFO - Started process (PID=401) to work on /home/airflow/.local/lib/python3.6/site-packages/airflow/example_dags/example_xcom.py
[2021-07-14 19:12:00,946] {scheduler_job.py:633} INFO - Processing file /home/airflow/.local/lib/python3.6/site-packages/airflow/example_dags/example_xcom.py for tasks to queue
[2021-07-14 19:12:00,947] {logging_mixin.py:104} INFO - [2021-07-14 19:12:00,947] {dagbag.py:496} INFO - Filling up the DagBag from /home/airflow/.local/lib/python3.6/site-packages/airflow/example_dags/example_xcom.py
[2021-07-14 19:12:00,963] {scheduler_job.py:643} INFO - DAG(s) dict_keys(['example_xcom']) retrieved from /home/airflow/.local/lib/python3.6/site-packages/airflow/example_dags/example_xcom.py
[2021-07-14 19:12:00,988] {logging_mixin.py:104} INFO - [2021-07-14 19:12:00,988] {dag.py:1833} INFO - Sync 1 DAGs
[2021-07-14 19:12:01,009] {logging_mixin.py:104} INFO - [2021-07-14 19:12:01,009] {dag.py:2306} INFO - Setting next_dagrun for example_xcom to 2021-07-12 00:00:00+00:00
[2021-07-14 19:12:01,021] {scheduler_job.py:190} INFO - Processing /home/airflow/.local/lib/python3.6/site-packages/airflow/example_dags/example_xcom.py took 0.079 seconds
[2021-07-14 19:12:31,875] {scheduler_job.py:182} INFO - Started process (PID=455) to work on /home/airflow/.local/lib/python3.6/site-packages/airflow/example_dags/example_xcom.py
[2021-07-14 19:12:31,876] {scheduler_job.py:633} INFO - Processing file /home/airflow/.local/lib/python3.6/site-packages/airflow/example_dags/example_xcom.py for tasks to queue
[2021-07-14 19:12:31,877] {logging_mixin.py:104} INFO - [2021-07-14 19:12:31,877] {dagbag.py:496} INFO - Filling up the DagBag from /home/airflow/.local/lib/python3.6/site-packages/airflow/example_dags/example_xcom.py
[2021-07-14 19:12:31,889] {scheduler_job.py:643} INFO - DAG(s) dict_keys(['example_xcom']) retrieved from /home/airflow/.local/lib/python3.6/site-packages/airflow/example_dags/example_xcom.py
[2021-07-14 19:12:31,910] {logging_mixin.py:104} INFO - [2021-07-14 19:12:31,910] {dag.py:1833} INFO - Sync 1 DAGs
[2021-07-14 19:12:31,929] {logging_mixin.py:104} INFO - [2021-07-14 19:12:31,928] {dag.py:2306} INFO - Setting next_dagrun for example_xcom to 2021-07-12 00:00:00+00:00
[2021-07-14 19:12:31,940] {scheduler_job.py:190} INFO - Processing /home/airflow/.local/lib/python3.6/site-packages/airflow/example_dags/example_xcom.py took 0.068 seconds
[2021-07-14 19:57:43,910] {scheduler_job.py:182} INFO - Started process (PID=45) to work on /home/airflow/.local/lib/python3.6/site-packages/airflow/example_dags/example_xcom.py
[2021-07-14 19:57:43,912] {scheduler_job.py:633} INFO - Processing file /home/airflow/.local/lib/python3.6/site-packages/airflow/example_dags/example_xcom.py for tasks to queue
[2021-07-14 19:57:43,913] {logging_mixin.py:104} INFO - [2021-07-14 19:57:43,913] {dagbag.py:496} INFO - Filling up the DagBag from /home/airflow/.local/lib/python3.6/site-packages/airflow/example_dags/example_xcom.py
[2021-07-14 19:57:43,941] {scheduler_job.py:643} INFO - DAG(s) dict_keys(['example_xcom']) retrieved from /home/airflow/.local/lib/python3.6/site-packages/airflow/example_dags/example_xcom.py
[2021-07-14 19:57:43,983] {logging_mixin.py:104} INFO - [2021-07-14 19:57:43,983] {dag.py:1833} INFO - Sync 1 DAGs
[2021-07-14 19:57:44,021] {logging_mixin.py:104} INFO - [2021-07-14 19:57:44,021] {dag.py:2306} INFO - Setting next_dagrun for example_xcom to 2021-07-12 00:00:00+00:00
[2021-07-14 19:57:44,043] {scheduler_job.py:190} INFO - Processing /home/airflow/.local/lib/python3.6/site-packages/airflow/example_dags/example_xcom.py took 0.138 seconds
[2021-07-14 19:58:14,735] {scheduler_job.py:182} INFO - Started process (PID=107) to work on /home/airflow/.local/lib/python3.6/site-packages/airflow/example_dags/example_xcom.py
[2021-07-14 19:58:14,736] {scheduler_job.py:633} INFO - Processing file /home/airflow/.local/lib/python3.6/site-packages/airflow/example_dags/example_xcom.py for tasks to queue
[2021-07-14 19:58:14,737] {logging_mixin.py:104} INFO - [2021-07-14 19:58:14,737] {dagbag.py:496} INFO - Filling up the DagBag from /home/airflow/.local/lib/python3.6/site-packages/airflow/example_dags/example_xcom.py
[2021-07-14 19:58:14,753] {scheduler_job.py:643} INFO - DAG(s) dict_keys(['example_xcom']) retrieved from /home/airflow/.local/lib/python3.6/site-packages/airflow/example_dags/example_xcom.py
[2021-07-14 19:58:14,778] {logging_mixin.py:104} INFO - [2021-07-14 19:58:14,778] {dag.py:1833} INFO - Sync 1 DAGs
[2021-07-14 19:58:14,800] {logging_mixin.py:104} INFO - [2021-07-14 19:58:14,800] {dag.py:2306} INFO - Setting next_dagrun for example_xcom to 2021-07-12 00:00:00+00:00
[2021-07-14 19:58:14,813] {scheduler_job.py:190} INFO - Processing /home/airflow/.local/lib/python3.6/site-packages/airflow/example_dags/example_xcom.py took 0.081 seconds
[2021-07-14 19:58:45,066] {scheduler_job.py:182} INFO - Started process (PID=163) to work on /home/airflow/.local/lib/python3.6/site-packages/airflow/example_dags/example_xcom.py
[2021-07-14 19:58:45,067] {scheduler_job.py:633} INFO - Processing file /home/airflow/.local/lib/python3.6/site-packages/airflow/example_dags/example_xcom.py for tasks to queue
[2021-07-14 19:58:45,068] {logging_mixin.py:104} INFO - [2021-07-14 19:58:45,068] {dagbag.py:496} INFO - Filling up the DagBag from /home/airflow/.local/lib/python3.6/site-packages/airflow/example_dags/example_xcom.py
[2021-07-14 19:58:45,084] {scheduler_job.py:643} INFO - DAG(s) dict_keys(['example_xcom']) retrieved from /home/airflow/.local/lib/python3.6/site-packages/airflow/example_dags/example_xcom.py
[2021-07-14 19:58:45,106] {logging_mixin.py:104} INFO - [2021-07-14 19:58:45,106] {dag.py:1833} INFO - Sync 1 DAGs
[2021-07-14 19:58:45,123] {logging_mixin.py:104} INFO - [2021-07-14 19:58:45,123] {dag.py:2306} INFO - Setting next_dagrun for example_xcom to 2021-07-12 00:00:00+00:00
[2021-07-14 19:58:45,136] {scheduler_job.py:190} INFO - Processing /home/airflow/.local/lib/python3.6/site-packages/airflow/example_dags/example_xcom.py took 0.073 seconds
[2021-07-14 19:59:16,236] {scheduler_job.py:182} INFO - Started process (PID=229) to work on /home/airflow/.local/lib/python3.6/site-packages/airflow/example_dags/example_xcom.py
[2021-07-14 19:59:16,238] {scheduler_job.py:633} INFO - Processing file /home/airflow/.local/lib/python3.6/site-packages/airflow/example_dags/example_xcom.py for tasks to queue
[2021-07-14 19:59:16,240] {logging_mixin.py:104} INFO - [2021-07-14 19:59:16,239] {dagbag.py:496} INFO - Filling up the DagBag from /home/airflow/.local/lib/python3.6/site-packages/airflow/example_dags/example_xcom.py
[2021-07-14 19:59:16,269] {scheduler_job.py:643} INFO - DAG(s) dict_keys(['example_xcom']) retrieved from /home/airflow/.local/lib/python3.6/site-packages/airflow/example_dags/example_xcom.py
[2021-07-14 19:59:16,305] {logging_mixin.py:104} INFO - [2021-07-14 19:59:16,305] {dag.py:1833} INFO - Sync 1 DAGs
[2021-07-14 19:59:16,332] {logging_mixin.py:104} INFO - [2021-07-14 19:59:16,332] {dag.py:2306} INFO - Setting next_dagrun for example_xcom to 2021-07-12 00:00:00+00:00
[2021-07-14 19:59:16,348] {scheduler_job.py:190} INFO - Processing /home/airflow/.local/lib/python3.6/site-packages/airflow/example_dags/example_xcom.py took 0.117 seconds
[2021-07-14 19:59:46,614] {scheduler_job.py:182} INFO - Started process (PID=282) to work on /home/airflow/.local/lib/python3.6/site-packages/airflow/example_dags/example_xcom.py
[2021-07-14 19:59:46,615] {scheduler_job.py:633} INFO - Processing file /home/airflow/.local/lib/python3.6/site-packages/airflow/example_dags/example_xcom.py for tasks to queue
[2021-07-14 19:59:46,616] {logging_mixin.py:104} INFO - [2021-07-14 19:59:46,616] {dagbag.py:496} INFO - Filling up the DagBag from /home/airflow/.local/lib/python3.6/site-packages/airflow/example_dags/example_xcom.py
[2021-07-14 19:59:46,631] {scheduler_job.py:643} INFO - DAG(s) dict_keys(['example_xcom']) retrieved from /home/airflow/.local/lib/python3.6/site-packages/airflow/example_dags/example_xcom.py
[2021-07-14 19:59:46,651] {logging_mixin.py:104} INFO - [2021-07-14 19:59:46,651] {dag.py:1833} INFO - Sync 1 DAGs
[2021-07-14 19:59:46,668] {logging_mixin.py:104} INFO - [2021-07-14 19:59:46,668] {dag.py:2306} INFO - Setting next_dagrun for example_xcom to 2021-07-12 00:00:00+00:00
[2021-07-14 19:59:46,679] {scheduler_job.py:190} INFO - Processing /home/airflow/.local/lib/python3.6/site-packages/airflow/example_dags/example_xcom.py took 0.068 seconds
[2021-07-14 20:00:17,239] {scheduler_job.py:182} INFO - Started process (PID=345) to work on /home/airflow/.local/lib/python3.6/site-packages/airflow/example_dags/example_xcom.py
[2021-07-14 20:00:17,248] {scheduler_job.py:633} INFO - Processing file /home/airflow/.local/lib/python3.6/site-packages/airflow/example_dags/example_xcom.py for tasks to queue
[2021-07-14 20:00:17,249] {logging_mixin.py:104} INFO - [2021-07-14 20:00:17,248] {dagbag.py:496} INFO - Filling up the DagBag from /home/airflow/.local/lib/python3.6/site-packages/airflow/example_dags/example_xcom.py
[2021-07-14 20:00:17,267] {scheduler_job.py:643} INFO - DAG(s) dict_keys(['example_xcom']) retrieved from /home/airflow/.local/lib/python3.6/site-packages/airflow/example_dags/example_xcom.py
[2021-07-14 20:00:17,317] {logging_mixin.py:104} INFO - [2021-07-14 20:00:17,317] {dag.py:1833} INFO - Sync 1 DAGs
[2021-07-14 20:00:17,347] {logging_mixin.py:104} INFO - [2021-07-14 20:00:17,346] {dag.py:2306} INFO - Setting next_dagrun for example_xcom to 2021-07-12 00:00:00+00:00
[2021-07-14 20:00:17,362] {scheduler_job.py:190} INFO - Processing /home/airflow/.local/lib/python3.6/site-packages/airflow/example_dags/example_xcom.py took 0.127 seconds
[2021-07-14 20:00:47,433] {scheduler_job.py:182} INFO - Started process (PID=397) to work on /home/airflow/.local/lib/python3.6/site-packages/airflow/example_dags/example_xcom.py
[2021-07-14 20:00:47,434] {scheduler_job.py:633} INFO - Processing file /home/airflow/.local/lib/python3.6/site-packages/airflow/example_dags/example_xcom.py for tasks to queue
[2021-07-14 20:00:47,435] {logging_mixin.py:104} INFO - [2021-07-14 20:00:47,435] {dagbag.py:496} INFO - Filling up the DagBag from /home/airflow/.local/lib/python3.6/site-packages/airflow/example_dags/example_xcom.py
[2021-07-14 20:00:47,448] {scheduler_job.py:643} INFO - DAG(s) dict_keys(['example_xcom']) retrieved from /home/airflow/.local/lib/python3.6/site-packages/airflow/example_dags/example_xcom.py
[2021-07-14 20:00:47,470] {logging_mixin.py:104} INFO - [2021-07-14 20:00:47,470] {dag.py:1833} INFO - Sync 1 DAGs
[2021-07-14 20:00:47,487] {logging_mixin.py:104} INFO - [2021-07-14 20:00:47,487] {dag.py:2306} INFO - Setting next_dagrun for example_xcom to 2021-07-12 00:00:00+00:00
[2021-07-14 20:00:47,497] {scheduler_job.py:190} INFO - Processing /home/airflow/.local/lib/python3.6/site-packages/airflow/example_dags/example_xcom.py took 0.068 seconds
[2021-07-14 20:01:17,845] {scheduler_job.py:182} INFO - Started process (PID=460) to work on /home/airflow/.local/lib/python3.6/site-packages/airflow/example_dags/example_xcom.py
[2021-07-14 20:01:17,847] {scheduler_job.py:633} INFO - Processing file /home/airflow/.local/lib/python3.6/site-packages/airflow/example_dags/example_xcom.py for tasks to queue
[2021-07-14 20:01:17,847] {logging_mixin.py:104} INFO - [2021-07-14 20:01:17,847] {dagbag.py:496} INFO - Filling up the DagBag from /home/airflow/.local/lib/python3.6/site-packages/airflow/example_dags/example_xcom.py
[2021-07-14 20:01:17,861] {scheduler_job.py:643} INFO - DAG(s) dict_keys(['example_xcom']) retrieved from /home/airflow/.local/lib/python3.6/site-packages/airflow/example_dags/example_xcom.py
[2021-07-14 20:01:17,882] {logging_mixin.py:104} INFO - [2021-07-14 20:01:17,882] {dag.py:1833} INFO - Sync 1 DAGs
[2021-07-14 20:01:17,900] {logging_mixin.py:104} INFO - [2021-07-14 20:01:17,900] {dag.py:2306} INFO - Setting next_dagrun for example_xcom to 2021-07-12 00:00:00+00:00
[2021-07-14 20:01:17,913] {scheduler_job.py:190} INFO - Processing /home/airflow/.local/lib/python3.6/site-packages/airflow/example_dags/example_xcom.py took 0.070 seconds
[2021-07-14 20:01:48,208] {scheduler_job.py:182} INFO - Started process (PID=514) to work on /home/airflow/.local/lib/python3.6/site-packages/airflow/example_dags/example_xcom.py
[2021-07-14 20:01:48,209] {scheduler_job.py:633} INFO - Processing file /home/airflow/.local/lib/python3.6/site-packages/airflow/example_dags/example_xcom.py for tasks to queue
[2021-07-14 20:01:48,209] {logging_mixin.py:104} INFO - [2021-07-14 20:01:48,209] {dagbag.py:496} INFO - Filling up the DagBag from /home/airflow/.local/lib/python3.6/site-packages/airflow/example_dags/example_xcom.py
[2021-07-14 20:01:48,223] {scheduler_job.py:643} INFO - DAG(s) dict_keys(['example_xcom']) retrieved from /home/airflow/.local/lib/python3.6/site-packages/airflow/example_dags/example_xcom.py
[2021-07-14 20:01:48,250] {logging_mixin.py:104} INFO - [2021-07-14 20:01:48,250] {dag.py:1833} INFO - Sync 1 DAGs
[2021-07-14 20:01:48,270] {logging_mixin.py:104} INFO - [2021-07-14 20:01:48,270] {dag.py:2306} INFO - Setting next_dagrun for example_xcom to 2021-07-12 00:00:00+00:00
[2021-07-14 20:01:48,282] {scheduler_job.py:190} INFO - Processing /home/airflow/.local/lib/python3.6/site-packages/airflow/example_dags/example_xcom.py took 0.078 seconds
[2021-07-14 20:02:18,885] {scheduler_job.py:182} INFO - Started process (PID=581) to work on /home/airflow/.local/lib/python3.6/site-packages/airflow/example_dags/example_xcom.py
[2021-07-14 20:02:18,886] {scheduler_job.py:633} INFO - Processing file /home/airflow/.local/lib/python3.6/site-packages/airflow/example_dags/example_xcom.py for tasks to queue
[2021-07-14 20:02:18,887] {logging_mixin.py:104} INFO - [2021-07-14 20:02:18,887] {dagbag.py:496} INFO - Filling up the DagBag from /home/airflow/.local/lib/python3.6/site-packages/airflow/example_dags/example_xcom.py
[2021-07-14 20:02:18,903] {scheduler_job.py:643} INFO - DAG(s) dict_keys(['example_xcom']) retrieved from /home/airflow/.local/lib/python3.6/site-packages/airflow/example_dags/example_xcom.py
[2021-07-14 20:02:18,924] {logging_mixin.py:104} INFO - [2021-07-14 20:02:18,924] {dag.py:1833} INFO - Sync 1 DAGs
[2021-07-14 20:02:18,945] {logging_mixin.py:104} INFO - [2021-07-14 20:02:18,945] {dag.py:2306} INFO - Setting next_dagrun for example_xcom to 2021-07-12 00:00:00+00:00
[2021-07-14 20:02:18,956] {scheduler_job.py:190} INFO - Processing /home/airflow/.local/lib/python3.6/site-packages/airflow/example_dags/example_xcom.py took 0.076 seconds
[2021-07-14 20:02:49,656] {scheduler_job.py:182} INFO - Started process (PID=635) to work on /home/airflow/.local/lib/python3.6/site-packages/airflow/example_dags/example_xcom.py
[2021-07-14 20:02:49,658] {scheduler_job.py:633} INFO - Processing file /home/airflow/.local/lib/python3.6/site-packages/airflow/example_dags/example_xcom.py for tasks to queue
[2021-07-14 20:02:49,659] {logging_mixin.py:104} INFO - [2021-07-14 20:02:49,659] {dagbag.py:496} INFO - Filling up the DagBag from /home/airflow/.local/lib/python3.6/site-packages/airflow/example_dags/example_xcom.py
[2021-07-14 20:02:49,673] {scheduler_job.py:643} INFO - DAG(s) dict_keys(['example_xcom']) retrieved from /home/airflow/.local/lib/python3.6/site-packages/airflow/example_dags/example_xcom.py
[2021-07-14 20:02:49,696] {logging_mixin.py:104} INFO - [2021-07-14 20:02:49,696] {dag.py:1833} INFO - Sync 1 DAGs
[2021-07-14 20:02:49,714] {logging_mixin.py:104} INFO - [2021-07-14 20:02:49,714] {dag.py:2306} INFO - Setting next_dagrun for example_xcom to 2021-07-12 00:00:00+00:00
[2021-07-14 20:02:49,725] {scheduler_job.py:190} INFO - Processing /home/airflow/.local/lib/python3.6/site-packages/airflow/example_dags/example_xcom.py took 0.071 seconds
[2021-07-14 20:03:20,742] {scheduler_job.py:182} INFO - Started process (PID=699) to work on /home/airflow/.local/lib/python3.6/site-packages/airflow/example_dags/example_xcom.py
[2021-07-14 20:03:20,743] {scheduler_job.py:633} INFO - Processing file /home/airflow/.local/lib/python3.6/site-packages/airflow/example_dags/example_xcom.py for tasks to queue
[2021-07-14 20:03:20,744] {logging_mixin.py:104} INFO - [2021-07-14 20:03:20,744] {dagbag.py:496} INFO - Filling up the DagBag from /home/airflow/.local/lib/python3.6/site-packages/airflow/example_dags/example_xcom.py
[2021-07-14 20:03:20,758] {scheduler_job.py:643} INFO - DAG(s) dict_keys(['example_xcom']) retrieved from /home/airflow/.local/lib/python3.6/site-packages/airflow/example_dags/example_xcom.py
[2021-07-14 20:03:20,782] {logging_mixin.py:104} INFO - [2021-07-14 20:03:20,781] {dag.py:1833} INFO - Sync 1 DAGs
[2021-07-14 20:03:20,800] {logging_mixin.py:104} INFO - [2021-07-14 20:03:20,800] {dag.py:2306} INFO - Setting next_dagrun for example_xcom to 2021-07-12 00:00:00+00:00
[2021-07-14 20:03:20,811] {scheduler_job.py:190} INFO - Processing /home/airflow/.local/lib/python3.6/site-packages/airflow/example_dags/example_xcom.py took 0.072 seconds
[2021-07-14 20:03:51,297] {scheduler_job.py:182} INFO - Started process (PID=752) to work on /home/airflow/.local/lib/python3.6/site-packages/airflow/example_dags/example_xcom.py
[2021-07-14 20:03:51,298] {scheduler_job.py:633} INFO - Processing file /home/airflow/.local/lib/python3.6/site-packages/airflow/example_dags/example_xcom.py for tasks to queue
[2021-07-14 20:03:51,299] {logging_mixin.py:104} INFO - [2021-07-14 20:03:51,299] {dagbag.py:496} INFO - Filling up the DagBag from /home/airflow/.local/lib/python3.6/site-packages/airflow/example_dags/example_xcom.py
[2021-07-14 20:03:51,311] {scheduler_job.py:643} INFO - DAG(s) dict_keys(['example_xcom']) retrieved from /home/airflow/.local/lib/python3.6/site-packages/airflow/example_dags/example_xcom.py
[2021-07-14 20:03:51,333] {logging_mixin.py:104} INFO - [2021-07-14 20:03:51,332] {dag.py:1833} INFO - Sync 1 DAGs
[2021-07-14 20:03:51,351] {logging_mixin.py:104} INFO - [2021-07-14 20:03:51,351] {dag.py:2306} INFO - Setting next_dagrun for example_xcom to 2021-07-12 00:00:00+00:00
[2021-07-14 20:03:51,363] {scheduler_job.py:190} INFO - Processing /home/airflow/.local/lib/python3.6/site-packages/airflow/example_dags/example_xcom.py took 0.069 seconds
[2021-07-14 20:04:21,417] {scheduler_job.py:182} INFO - Started process (PID=817) to work on /home/airflow/.local/lib/python3.6/site-packages/airflow/example_dags/example_xcom.py
[2021-07-14 20:04:21,418] {scheduler_job.py:633} INFO - Processing file /home/airflow/.local/lib/python3.6/site-packages/airflow/example_dags/example_xcom.py for tasks to queue
[2021-07-14 20:04:21,419] {logging_mixin.py:104} INFO - [2021-07-14 20:04:21,419] {dagbag.py:496} INFO - Filling up the DagBag from /home/airflow/.local/lib/python3.6/site-packages/airflow/example_dags/example_xcom.py
[2021-07-14 20:04:21,430] {scheduler_job.py:643} INFO - DAG(s) dict_keys(['example_xcom']) retrieved from /home/airflow/.local/lib/python3.6/site-packages/airflow/example_dags/example_xcom.py
[2021-07-14 20:04:21,450] {logging_mixin.py:104} INFO - [2021-07-14 20:04:21,450] {dag.py:1833} INFO - Sync 1 DAGs
[2021-07-14 20:04:21,467] {logging_mixin.py:104} INFO - [2021-07-14 20:04:21,466] {dag.py:2306} INFO - Setting next_dagrun for example_xcom to 2021-07-12 00:00:00+00:00
[2021-07-14 20:04:21,477] {scheduler_job.py:190} INFO - Processing /home/airflow/.local/lib/python3.6/site-packages/airflow/example_dags/example_xcom.py took 0.063 seconds
[2021-07-14 20:04:51,825] {scheduler_job.py:182} INFO - Started process (PID=872) to work on /home/airflow/.local/lib/python3.6/site-packages/airflow/example_dags/example_xcom.py
[2021-07-14 20:04:51,827] {scheduler_job.py:633} INFO - Processing file /home/airflow/.local/lib/python3.6/site-packages/airflow/example_dags/example_xcom.py for tasks to queue
[2021-07-14 20:04:51,828] {logging_mixin.py:104} INFO - [2021-07-14 20:04:51,828] {dagbag.py:496} INFO - Filling up the DagBag from /home/airflow/.local/lib/python3.6/site-packages/airflow/example_dags/example_xcom.py
[2021-07-14 20:04:51,841] {scheduler_job.py:643} INFO - DAG(s) dict_keys(['example_xcom']) retrieved from /home/airflow/.local/lib/python3.6/site-packages/airflow/example_dags/example_xcom.py
[2021-07-14 20:04:51,863] {logging_mixin.py:104} INFO - [2021-07-14 20:04:51,863] {dag.py:1833} INFO - Sync 1 DAGs
[2021-07-14 20:04:51,883] {logging_mixin.py:104} INFO - [2021-07-14 20:04:51,883] {dag.py:2306} INFO - Setting next_dagrun for example_xcom to 2021-07-12 00:00:00+00:00
[2021-07-14 20:04:51,894] {scheduler_job.py:190} INFO - Processing /home/airflow/.local/lib/python3.6/site-packages/airflow/example_dags/example_xcom.py took 0.073 seconds
[2021-07-14 20:05:22,267] {scheduler_job.py:182} INFO - Started process (PID=937) to work on /home/airflow/.local/lib/python3.6/site-packages/airflow/example_dags/example_xcom.py
[2021-07-14 20:05:22,268] {scheduler_job.py:633} INFO - Processing file /home/airflow/.local/lib/python3.6/site-packages/airflow/example_dags/example_xcom.py for tasks to queue
[2021-07-14 20:05:22,268] {logging_mixin.py:104} INFO - [2021-07-14 20:05:22,268] {dagbag.py:496} INFO - Filling up the DagBag from /home/airflow/.local/lib/python3.6/site-packages/airflow/example_dags/example_xcom.py
[2021-07-14 20:05:22,280] {scheduler_job.py:643} INFO - DAG(s) dict_keys(['example_xcom']) retrieved from /home/airflow/.local/lib/python3.6/site-packages/airflow/example_dags/example_xcom.py
[2021-07-14 20:05:22,300] {logging_mixin.py:104} INFO - [2021-07-14 20:05:22,300] {dag.py:1833} INFO - Sync 1 DAGs
[2021-07-14 20:05:22,320] {logging_mixin.py:104} INFO - [2021-07-14 20:05:22,320] {dag.py:2306} INFO - Setting next_dagrun for example_xcom to 2021-07-12 00:00:00+00:00
[2021-07-14 20:05:22,332] {scheduler_job.py:190} INFO - Processing /home/airflow/.local/lib/python3.6/site-packages/airflow/example_dags/example_xcom.py took 0.068 seconds
[2021-07-14 20:05:52,516] {scheduler_job.py:182} INFO - Started process (PID=1001) to work on /home/airflow/.local/lib/python3.6/site-packages/airflow/example_dags/example_xcom.py
[2021-07-14 20:05:52,517] {scheduler_job.py:633} INFO - Processing file /home/airflow/.local/lib/python3.6/site-packages/airflow/example_dags/example_xcom.py for tasks to queue
[2021-07-14 20:05:52,518] {logging_mixin.py:104} INFO - [2021-07-14 20:05:52,518] {dagbag.py:496} INFO - Filling up the DagBag from /home/airflow/.local/lib/python3.6/site-packages/airflow/example_dags/example_xcom.py
[2021-07-14 20:05:52,534] {scheduler_job.py:643} INFO - DAG(s) dict_keys(['example_xcom']) retrieved from /home/airflow/.local/lib/python3.6/site-packages/airflow/example_dags/example_xcom.py
[2021-07-14 20:05:52,565] {logging_mixin.py:104} INFO - [2021-07-14 20:05:52,565] {dag.py:1833} INFO - Sync 1 DAGs
[2021-07-14 20:05:52,590] {logging_mixin.py:104} INFO - [2021-07-14 20:05:52,590] {dag.py:2306} INFO - Setting next_dagrun for example_xcom to 2021-07-12 00:00:00+00:00
[2021-07-14 20:05:52,607] {scheduler_job.py:190} INFO - Processing /home/airflow/.local/lib/python3.6/site-packages/airflow/example_dags/example_xcom.py took 0.095 seconds
[2021-07-14 20:06:23,040] {scheduler_job.py:182} INFO - Started process (PID=1054) to work on /home/airflow/.local/lib/python3.6/site-packages/airflow/example_dags/example_xcom.py
[2021-07-14 20:06:23,042] {scheduler_job.py:633} INFO - Processing file /home/airflow/.local/lib/python3.6/site-packages/airflow/example_dags/example_xcom.py for tasks to queue
[2021-07-14 20:06:23,043] {logging_mixin.py:104} INFO - [2021-07-14 20:06:23,042] {dagbag.py:496} INFO - Filling up the DagBag from /home/airflow/.local/lib/python3.6/site-packages/airflow/example_dags/example_xcom.py
[2021-07-14 20:06:23,061] {scheduler_job.py:643} INFO - DAG(s) dict_keys(['example_xcom']) retrieved from /home/airflow/.local/lib/python3.6/site-packages/airflow/example_dags/example_xcom.py
[2021-07-14 20:06:23,097] {logging_mixin.py:104} INFO - [2021-07-14 20:06:23,097] {dag.py:1833} INFO - Sync 1 DAGs
[2021-07-14 20:06:23,123] {logging_mixin.py:104} INFO - [2021-07-14 20:06:23,123] {dag.py:2306} INFO - Setting next_dagrun for example_xcom to 2021-07-12 00:00:00+00:00
[2021-07-14 20:06:23,141] {scheduler_job.py:190} INFO - Processing /home/airflow/.local/lib/python3.6/site-packages/airflow/example_dags/example_xcom.py took 0.105 seconds
[2021-07-14 20:06:53,442] {scheduler_job.py:182} INFO - Started process (PID=1117) to work on /home/airflow/.local/lib/python3.6/site-packages/airflow/example_dags/example_xcom.py
[2021-07-14 20:06:53,443] {scheduler_job.py:633} INFO - Processing file /home/airflow/.local/lib/python3.6/site-packages/airflow/example_dags/example_xcom.py for tasks to queue
[2021-07-14 20:06:53,444] {logging_mixin.py:104} INFO - [2021-07-14 20:06:53,443] {dagbag.py:496} INFO - Filling up the DagBag from /home/airflow/.local/lib/python3.6/site-packages/airflow/example_dags/example_xcom.py
[2021-07-14 20:06:53,454] {scheduler_job.py:643} INFO - DAG(s) dict_keys(['example_xcom']) retrieved from /home/airflow/.local/lib/python3.6/site-packages/airflow/example_dags/example_xcom.py
[2021-07-14 20:06:53,476] {logging_mixin.py:104} INFO - [2021-07-14 20:06:53,476] {dag.py:1833} INFO - Sync 1 DAGs
[2021-07-14 20:06:53,492] {logging_mixin.py:104} INFO - [2021-07-14 20:06:53,492] {dag.py:2306} INFO - Setting next_dagrun for example_xcom to 2021-07-12 00:00:00+00:00
[2021-07-14 20:06:53,502] {scheduler_job.py:190} INFO - Processing /home/airflow/.local/lib/python3.6/site-packages/airflow/example_dags/example_xcom.py took 0.063 seconds
[2021-07-14 20:07:24,095] {scheduler_job.py:182} INFO - Started process (PID=1171) to work on /home/airflow/.local/lib/python3.6/site-packages/airflow/example_dags/example_xcom.py
[2021-07-14 20:07:24,097] {scheduler_job.py:633} INFO - Processing file /home/airflow/.local/lib/python3.6/site-packages/airflow/example_dags/example_xcom.py for tasks to queue
[2021-07-14 20:07:24,098] {logging_mixin.py:104} INFO - [2021-07-14 20:07:24,098] {dagbag.py:496} INFO - Filling up the DagBag from /home/airflow/.local/lib/python3.6/site-packages/airflow/example_dags/example_xcom.py
[2021-07-14 20:07:24,115] {scheduler_job.py:643} INFO - DAG(s) dict_keys(['example_xcom']) retrieved from /home/airflow/.local/lib/python3.6/site-packages/airflow/example_dags/example_xcom.py
[2021-07-14 20:07:24,142] {logging_mixin.py:104} INFO - [2021-07-14 20:07:24,142] {dag.py:1833} INFO - Sync 1 DAGs
[2021-07-14 20:07:24,161] {logging_mixin.py:104} INFO - [2021-07-14 20:07:24,161] {dag.py:2306} INFO - Setting next_dagrun for example_xcom to 2021-07-12 00:00:00+00:00
[2021-07-14 20:07:24,170] {scheduler_job.py:190} INFO - Processing /home/airflow/.local/lib/python3.6/site-packages/airflow/example_dags/example_xcom.py took 0.078 seconds
[2021-07-14 20:07:54,648] {scheduler_job.py:182} INFO - Started process (PID=1236) to work on /home/airflow/.local/lib/python3.6/site-packages/airflow/example_dags/example_xcom.py
[2021-07-14 20:07:54,650] {scheduler_job.py:633} INFO - Processing file /home/airflow/.local/lib/python3.6/site-packages/airflow/example_dags/example_xcom.py for tasks to queue
[2021-07-14 20:07:54,651] {logging_mixin.py:104} INFO - [2021-07-14 20:07:54,651] {dagbag.py:496} INFO - Filling up the DagBag from /home/airflow/.local/lib/python3.6/site-packages/airflow/example_dags/example_xcom.py
[2021-07-14 20:07:54,674] {scheduler_job.py:643} INFO - DAG(s) dict_keys(['example_xcom']) retrieved from /home/airflow/.local/lib/python3.6/site-packages/airflow/example_dags/example_xcom.py
[2021-07-14 20:07:54,707] {logging_mixin.py:104} INFO - [2021-07-14 20:07:54,707] {dag.py:1833} INFO - Sync 1 DAGs
[2021-07-14 20:07:54,728] {logging_mixin.py:104} INFO - [2021-07-14 20:07:54,727] {dag.py:2306} INFO - Setting next_dagrun for example_xcom to 2021-07-12 00:00:00+00:00
[2021-07-14 20:07:54,740] {scheduler_job.py:190} INFO - Processing /home/airflow/.local/lib/python3.6/site-packages/airflow/example_dags/example_xcom.py took 0.096 seconds
[2021-07-14 20:08:25,118] {scheduler_job.py:182} INFO - Started process (PID=1291) to work on /home/airflow/.local/lib/python3.6/site-packages/airflow/example_dags/example_xcom.py
[2021-07-14 20:08:25,120] {scheduler_job.py:633} INFO - Processing file /home/airflow/.local/lib/python3.6/site-packages/airflow/example_dags/example_xcom.py for tasks to queue
[2021-07-14 20:08:25,121] {logging_mixin.py:104} INFO - [2021-07-14 20:08:25,121] {dagbag.py:496} INFO - Filling up the DagBag from /home/airflow/.local/lib/python3.6/site-packages/airflow/example_dags/example_xcom.py
[2021-07-14 20:08:25,136] {scheduler_job.py:643} INFO - DAG(s) dict_keys(['example_xcom']) retrieved from /home/airflow/.local/lib/python3.6/site-packages/airflow/example_dags/example_xcom.py
[2021-07-14 20:08:25,164] {logging_mixin.py:104} INFO - [2021-07-14 20:08:25,164] {dag.py:1833} INFO - Sync 1 DAGs
[2021-07-14 20:08:25,189] {logging_mixin.py:104} INFO - [2021-07-14 20:08:25,188] {dag.py:2306} INFO - Setting next_dagrun for example_xcom to 2021-07-12 00:00:00+00:00
[2021-07-14 20:08:25,203] {scheduler_job.py:190} INFO - Processing /home/airflow/.local/lib/python3.6/site-packages/airflow/example_dags/example_xcom.py took 0.088 seconds
[2021-07-14 20:08:55,634] {scheduler_job.py:182} INFO - Started process (PID=1354) to work on /home/airflow/.local/lib/python3.6/site-packages/airflow/example_dags/example_xcom.py
[2021-07-14 20:08:55,635] {scheduler_job.py:633} INFO - Processing file /home/airflow/.local/lib/python3.6/site-packages/airflow/example_dags/example_xcom.py for tasks to queue
[2021-07-14 20:08:55,635] {logging_mixin.py:104} INFO - [2021-07-14 20:08:55,635] {dagbag.py:496} INFO - Filling up the DagBag from /home/airflow/.local/lib/python3.6/site-packages/airflow/example_dags/example_xcom.py
[2021-07-14 20:08:55,647] {scheduler_job.py:643} INFO - DAG(s) dict_keys(['example_xcom']) retrieved from /home/airflow/.local/lib/python3.6/site-packages/airflow/example_dags/example_xcom.py
[2021-07-14 20:08:55,668] {logging_mixin.py:104} INFO - [2021-07-14 20:08:55,668] {dag.py:1833} INFO - Sync 1 DAGs
[2021-07-14 20:08:55,684] {logging_mixin.py:104} INFO - [2021-07-14 20:08:55,684] {dag.py:2306} INFO - Setting next_dagrun for example_xcom to 2021-07-12 00:00:00+00:00
[2021-07-14 20:08:55,694] {scheduler_job.py:190} INFO - Processing /home/airflow/.local/lib/python3.6/site-packages/airflow/example_dags/example_xcom.py took 0.063 seconds
[2021-07-14 20:09:26,190] {scheduler_job.py:182} INFO - Started process (PID=1408) to work on /home/airflow/.local/lib/python3.6/site-packages/airflow/example_dags/example_xcom.py
[2021-07-14 20:09:26,192] {scheduler_job.py:633} INFO - Processing file /home/airflow/.local/lib/python3.6/site-packages/airflow/example_dags/example_xcom.py for tasks to queue
[2021-07-14 20:09:26,192] {logging_mixin.py:104} INFO - [2021-07-14 20:09:26,192] {dagbag.py:496} INFO - Filling up the DagBag from /home/airflow/.local/lib/python3.6/site-packages/airflow/example_dags/example_xcom.py
[2021-07-14 20:09:26,206] {scheduler_job.py:643} INFO - DAG(s) dict_keys(['example_xcom']) retrieved from /home/airflow/.local/lib/python3.6/site-packages/airflow/example_dags/example_xcom.py
[2021-07-14 20:09:26,227] {logging_mixin.py:104} INFO - [2021-07-14 20:09:26,226] {dag.py:1833} INFO - Sync 1 DAGs
[2021-07-14 20:09:26,242] {logging_mixin.py:104} INFO - [2021-07-14 20:09:26,242] {dag.py:2306} INFO - Setting next_dagrun for example_xcom to 2021-07-12 00:00:00+00:00
[2021-07-14 20:09:26,252] {scheduler_job.py:190} INFO - Processing /home/airflow/.local/lib/python3.6/site-packages/airflow/example_dags/example_xcom.py took 0.065 seconds
[2021-07-14 20:09:56,651] {scheduler_job.py:182} INFO - Started process (PID=1473) to work on /home/airflow/.local/lib/python3.6/site-packages/airflow/example_dags/example_xcom.py
[2021-07-14 20:09:56,653] {scheduler_job.py:633} INFO - Processing file /home/airflow/.local/lib/python3.6/site-packages/airflow/example_dags/example_xcom.py for tasks to queue
[2021-07-14 20:09:56,654] {logging_mixin.py:104} INFO - [2021-07-14 20:09:56,654] {dagbag.py:496} INFO - Filling up the DagBag from /home/airflow/.local/lib/python3.6/site-packages/airflow/example_dags/example_xcom.py
[2021-07-14 20:09:56,666] {scheduler_job.py:643} INFO - DAG(s) dict_keys(['example_xcom']) retrieved from /home/airflow/.local/lib/python3.6/site-packages/airflow/example_dags/example_xcom.py
[2021-07-14 20:09:56,691] {logging_mixin.py:104} INFO - [2021-07-14 20:09:56,690] {dag.py:1833} INFO - Sync 1 DAGs
[2021-07-14 20:09:56,712] {logging_mixin.py:104} INFO - [2021-07-14 20:09:56,712] {dag.py:2306} INFO - Setting next_dagrun for example_xcom to 2021-07-12 00:00:00+00:00
[2021-07-14 20:09:56,723] {scheduler_job.py:190} INFO - Processing /home/airflow/.local/lib/python3.6/site-packages/airflow/example_dags/example_xcom.py took 0.074 seconds
[2021-07-14 20:10:27,030] {scheduler_job.py:182} INFO - Started process (PID=1536) to work on /home/airflow/.local/lib/python3.6/site-packages/airflow/example_dags/example_xcom.py
[2021-07-14 20:10:27,031] {scheduler_job.py:633} INFO - Processing file /home/airflow/.local/lib/python3.6/site-packages/airflow/example_dags/example_xcom.py for tasks to queue
[2021-07-14 20:10:27,032] {logging_mixin.py:104} INFO - [2021-07-14 20:10:27,032] {dagbag.py:496} INFO - Filling up the DagBag from /home/airflow/.local/lib/python3.6/site-packages/airflow/example_dags/example_xcom.py
[2021-07-14 20:10:27,045] {scheduler_job.py:643} INFO - DAG(s) dict_keys(['example_xcom']) retrieved from /home/airflow/.local/lib/python3.6/site-packages/airflow/example_dags/example_xcom.py
[2021-07-14 20:10:27,068] {logging_mixin.py:104} INFO - [2021-07-14 20:10:27,068] {dag.py:1833} INFO - Sync 1 DAGs
[2021-07-14 20:10:27,087] {logging_mixin.py:104} INFO - [2021-07-14 20:10:27,086] {dag.py:2306} INFO - Setting next_dagrun for example_xcom to 2021-07-12 00:00:00+00:00
[2021-07-14 20:10:27,099] {scheduler_job.py:190} INFO - Processing /home/airflow/.local/lib/python3.6/site-packages/airflow/example_dags/example_xcom.py took 0.073 seconds
[2021-07-14 20:10:57,412] {scheduler_job.py:182} INFO - Started process (PID=1591) to work on /home/airflow/.local/lib/python3.6/site-packages/airflow/example_dags/example_xcom.py
[2021-07-14 20:10:57,413] {scheduler_job.py:633} INFO - Processing file /home/airflow/.local/lib/python3.6/site-packages/airflow/example_dags/example_xcom.py for tasks to queue
[2021-07-14 20:10:57,414] {logging_mixin.py:104} INFO - [2021-07-14 20:10:57,414] {dagbag.py:496} INFO - Filling up the DagBag from /home/airflow/.local/lib/python3.6/site-packages/airflow/example_dags/example_xcom.py
[2021-07-14 20:10:57,432] {scheduler_job.py:643} INFO - DAG(s) dict_keys(['example_xcom']) retrieved from /home/airflow/.local/lib/python3.6/site-packages/airflow/example_dags/example_xcom.py
[2021-07-14 20:10:57,462] {logging_mixin.py:104} INFO - [2021-07-14 20:10:57,461] {dag.py:1833} INFO - Sync 1 DAGs
[2021-07-14 20:10:57,482] {logging_mixin.py:104} INFO - [2021-07-14 20:10:57,482] {dag.py:2306} INFO - Setting next_dagrun for example_xcom to 2021-07-12 00:00:00+00:00
[2021-07-14 20:10:57,499] {scheduler_job.py:190} INFO - Processing /home/airflow/.local/lib/python3.6/site-packages/airflow/example_dags/example_xcom.py took 0.090 seconds
[2021-07-14 20:11:27,829] {scheduler_job.py:182} INFO - Started process (PID=1655) to work on /home/airflow/.local/lib/python3.6/site-packages/airflow/example_dags/example_xcom.py
[2021-07-14 20:11:27,830] {scheduler_job.py:633} INFO - Processing file /home/airflow/.local/lib/python3.6/site-packages/airflow/example_dags/example_xcom.py for tasks to queue
[2021-07-14 20:11:27,831] {logging_mixin.py:104} INFO - [2021-07-14 20:11:27,831] {dagbag.py:496} INFO - Filling up the DagBag from /home/airflow/.local/lib/python3.6/site-packages/airflow/example_dags/example_xcom.py
[2021-07-14 20:11:27,852] {scheduler_job.py:643} INFO - DAG(s) dict_keys(['example_xcom']) retrieved from /home/airflow/.local/lib/python3.6/site-packages/airflow/example_dags/example_xcom.py
[2021-07-14 20:11:27,893] {logging_mixin.py:104} INFO - [2021-07-14 20:11:27,893] {dag.py:1833} INFO - Sync 1 DAGs
[2021-07-14 20:11:27,919] {logging_mixin.py:104} INFO - [2021-07-14 20:11:27,919] {dag.py:2306} INFO - Setting next_dagrun for example_xcom to 2021-07-12 00:00:00+00:00
[2021-07-14 20:11:27,931] {scheduler_job.py:190} INFO - Processing /home/airflow/.local/lib/python3.6/site-packages/airflow/example_dags/example_xcom.py took 0.107 seconds
[2021-07-14 20:11:58,612] {scheduler_job.py:182} INFO - Started process (PID=1710) to work on /home/airflow/.local/lib/python3.6/site-packages/airflow/example_dags/example_xcom.py
[2021-07-14 20:11:58,613] {scheduler_job.py:633} INFO - Processing file /home/airflow/.local/lib/python3.6/site-packages/airflow/example_dags/example_xcom.py for tasks to queue
[2021-07-14 20:11:58,615] {logging_mixin.py:104} INFO - [2021-07-14 20:11:58,614] {dagbag.py:496} INFO - Filling up the DagBag from /home/airflow/.local/lib/python3.6/site-packages/airflow/example_dags/example_xcom.py
[2021-07-14 20:11:58,629] {scheduler_job.py:643} INFO - DAG(s) dict_keys(['example_xcom']) retrieved from /home/airflow/.local/lib/python3.6/site-packages/airflow/example_dags/example_xcom.py
[2021-07-14 20:11:58,649] {logging_mixin.py:104} INFO - [2021-07-14 20:11:58,648] {dag.py:1833} INFO - Sync 1 DAGs
[2021-07-14 20:11:58,664] {logging_mixin.py:104} INFO - [2021-07-14 20:11:58,664] {dag.py:2306} INFO - Setting next_dagrun for example_xcom to 2021-07-12 00:00:00+00:00
[2021-07-14 20:11:58,675] {scheduler_job.py:190} INFO - Processing /home/airflow/.local/lib/python3.6/site-packages/airflow/example_dags/example_xcom.py took 0.067 seconds
[2021-07-14 20:12:29,641] {scheduler_job.py:182} INFO - Started process (PID=1775) to work on /home/airflow/.local/lib/python3.6/site-packages/airflow/example_dags/example_xcom.py
[2021-07-14 20:12:29,642] {scheduler_job.py:633} INFO - Processing file /home/airflow/.local/lib/python3.6/site-packages/airflow/example_dags/example_xcom.py for tasks to queue
[2021-07-14 20:12:29,643] {logging_mixin.py:104} INFO - [2021-07-14 20:12:29,643] {dagbag.py:496} INFO - Filling up the DagBag from /home/airflow/.local/lib/python3.6/site-packages/airflow/example_dags/example_xcom.py
[2021-07-14 20:12:29,654] {scheduler_job.py:643} INFO - DAG(s) dict_keys(['example_xcom']) retrieved from /home/airflow/.local/lib/python3.6/site-packages/airflow/example_dags/example_xcom.py
[2021-07-14 20:12:29,675] {logging_mixin.py:104} INFO - [2021-07-14 20:12:29,675] {dag.py:1833} INFO - Sync 1 DAGs
[2021-07-14 20:12:29,692] {logging_mixin.py:104} INFO - [2021-07-14 20:12:29,691] {dag.py:2306} INFO - Setting next_dagrun for example_xcom to 2021-07-12 00:00:00+00:00
[2021-07-14 20:12:29,703] {scheduler_job.py:190} INFO - Processing /home/airflow/.local/lib/python3.6/site-packages/airflow/example_dags/example_xcom.py took 0.065 seconds
[2021-07-14 20:12:59,852] {scheduler_job.py:182} INFO - Started process (PID=1828) to work on /home/airflow/.local/lib/python3.6/site-packages/airflow/example_dags/example_xcom.py
[2021-07-14 20:12:59,853] {scheduler_job.py:633} INFO - Processing file /home/airflow/.local/lib/python3.6/site-packages/airflow/example_dags/example_xcom.py for tasks to queue
[2021-07-14 20:12:59,854] {logging_mixin.py:104} INFO - [2021-07-14 20:12:59,854] {dagbag.py:496} INFO - Filling up the DagBag from /home/airflow/.local/lib/python3.6/site-packages/airflow/example_dags/example_xcom.py
[2021-07-14 20:12:59,867] {scheduler_job.py:643} INFO - DAG(s) dict_keys(['example_xcom']) retrieved from /home/airflow/.local/lib/python3.6/site-packages/airflow/example_dags/example_xcom.py
[2021-07-14 20:12:59,888] {logging_mixin.py:104} INFO - [2021-07-14 20:12:59,888] {dag.py:1833} INFO - Sync 1 DAGs
[2021-07-14 20:12:59,908] {logging_mixin.py:104} INFO - [2021-07-14 20:12:59,907] {dag.py:2306} INFO - Setting next_dagrun for example_xcom to 2021-07-12 00:00:00+00:00
[2021-07-14 20:12:59,919] {scheduler_job.py:190} INFO - Processing /home/airflow/.local/lib/python3.6/site-packages/airflow/example_dags/example_xcom.py took 0.070 seconds
[2021-07-14 20:13:30,080] {scheduler_job.py:182} INFO - Started process (PID=1893) to work on /home/airflow/.local/lib/python3.6/site-packages/airflow/example_dags/example_xcom.py
[2021-07-14 20:13:30,081] {scheduler_job.py:633} INFO - Processing file /home/airflow/.local/lib/python3.6/site-packages/airflow/example_dags/example_xcom.py for tasks to queue
[2021-07-14 20:13:30,082] {logging_mixin.py:104} INFO - [2021-07-14 20:13:30,082] {dagbag.py:496} INFO - Filling up the DagBag from /home/airflow/.local/lib/python3.6/site-packages/airflow/example_dags/example_xcom.py
[2021-07-14 20:13:30,093] {scheduler_job.py:643} INFO - DAG(s) dict_keys(['example_xcom']) retrieved from /home/airflow/.local/lib/python3.6/site-packages/airflow/example_dags/example_xcom.py
[2021-07-14 20:13:30,112] {logging_mixin.py:104} INFO - [2021-07-14 20:13:30,112] {dag.py:1833} INFO - Sync 1 DAGs
[2021-07-14 20:13:30,128] {logging_mixin.py:104} INFO - [2021-07-14 20:13:30,128] {dag.py:2306} INFO - Setting next_dagrun for example_xcom to 2021-07-12 00:00:00+00:00
[2021-07-14 20:13:30,138] {scheduler_job.py:190} INFO - Processing /home/airflow/.local/lib/python3.6/site-packages/airflow/example_dags/example_xcom.py took 0.060 seconds
[2021-07-14 20:14:01,236] {scheduler_job.py:182} INFO - Started process (PID=1959) to work on /home/airflow/.local/lib/python3.6/site-packages/airflow/example_dags/example_xcom.py
[2021-07-14 20:14:01,237] {scheduler_job.py:633} INFO - Processing file /home/airflow/.local/lib/python3.6/site-packages/airflow/example_dags/example_xcom.py for tasks to queue
[2021-07-14 20:14:01,238] {logging_mixin.py:104} INFO - [2021-07-14 20:14:01,238] {dagbag.py:496} INFO - Filling up the DagBag from /home/airflow/.local/lib/python3.6/site-packages/airflow/example_dags/example_xcom.py
[2021-07-14 20:14:01,252] {scheduler_job.py:643} INFO - DAG(s) dict_keys(['example_xcom']) retrieved from /home/airflow/.local/lib/python3.6/site-packages/airflow/example_dags/example_xcom.py
[2021-07-14 20:14:01,274] {logging_mixin.py:104} INFO - [2021-07-14 20:14:01,274] {dag.py:1833} INFO - Sync 1 DAGs
[2021-07-14 20:14:01,292] {logging_mixin.py:104} INFO - [2021-07-14 20:14:01,292] {dag.py:2306} INFO - Setting next_dagrun for example_xcom to 2021-07-12 00:00:00+00:00
[2021-07-14 20:14:01,304] {scheduler_job.py:190} INFO - Processing /home/airflow/.local/lib/python3.6/site-packages/airflow/example_dags/example_xcom.py took 0.071 seconds
[2021-07-14 20:14:31,493] {scheduler_job.py:182} INFO - Started process (PID=2012) to work on /home/airflow/.local/lib/python3.6/site-packages/airflow/example_dags/example_xcom.py
[2021-07-14 20:14:31,494] {scheduler_job.py:633} INFO - Processing file /home/airflow/.local/lib/python3.6/site-packages/airflow/example_dags/example_xcom.py for tasks to queue
[2021-07-14 20:14:31,495] {logging_mixin.py:104} INFO - [2021-07-14 20:14:31,495] {dagbag.py:496} INFO - Filling up the DagBag from /home/airflow/.local/lib/python3.6/site-packages/airflow/example_dags/example_xcom.py
[2021-07-14 20:14:31,510] {scheduler_job.py:643} INFO - DAG(s) dict_keys(['example_xcom']) retrieved from /home/airflow/.local/lib/python3.6/site-packages/airflow/example_dags/example_xcom.py
[2021-07-14 20:14:31,531] {logging_mixin.py:104} INFO - [2021-07-14 20:14:31,531] {dag.py:1833} INFO - Sync 1 DAGs
[2021-07-14 20:14:31,549] {logging_mixin.py:104} INFO - [2021-07-14 20:14:31,549] {dag.py:2306} INFO - Setting next_dagrun for example_xcom to 2021-07-12 00:00:00+00:00
[2021-07-14 20:14:31,560] {scheduler_job.py:190} INFO - Processing /home/airflow/.local/lib/python3.6/site-packages/airflow/example_dags/example_xcom.py took 0.070 seconds
[2021-07-14 20:15:01,907] {scheduler_job.py:182} INFO - Started process (PID=2076) to work on /home/airflow/.local/lib/python3.6/site-packages/airflow/example_dags/example_xcom.py
[2021-07-14 20:15:01,909] {scheduler_job.py:633} INFO - Processing file /home/airflow/.local/lib/python3.6/site-packages/airflow/example_dags/example_xcom.py for tasks to queue
[2021-07-14 20:15:01,910] {logging_mixin.py:104} INFO - [2021-07-14 20:15:01,909] {dagbag.py:496} INFO - Filling up the DagBag from /home/airflow/.local/lib/python3.6/site-packages/airflow/example_dags/example_xcom.py
[2021-07-14 20:15:01,921] {scheduler_job.py:643} INFO - DAG(s) dict_keys(['example_xcom']) retrieved from /home/airflow/.local/lib/python3.6/site-packages/airflow/example_dags/example_xcom.py
[2021-07-14 20:15:01,946] {logging_mixin.py:104} INFO - [2021-07-14 20:15:01,946] {dag.py:1833} INFO - Sync 1 DAGs
[2021-07-14 20:15:01,963] {logging_mixin.py:104} INFO - [2021-07-14 20:15:01,963] {dag.py:2306} INFO - Setting next_dagrun for example_xcom to 2021-07-12 00:00:00+00:00
[2021-07-14 20:15:01,975] {scheduler_job.py:190} INFO - Processing /home/airflow/.local/lib/python3.6/site-packages/airflow/example_dags/example_xcom.py took 0.072 seconds
[2021-07-14 20:15:32,474] {scheduler_job.py:182} INFO - Started process (PID=2130) to work on /home/airflow/.local/lib/python3.6/site-packages/airflow/example_dags/example_xcom.py
[2021-07-14 20:15:32,476] {scheduler_job.py:633} INFO - Processing file /home/airflow/.local/lib/python3.6/site-packages/airflow/example_dags/example_xcom.py for tasks to queue
[2021-07-14 20:15:32,477] {logging_mixin.py:104} INFO - [2021-07-14 20:15:32,476] {dagbag.py:496} INFO - Filling up the DagBag from /home/airflow/.local/lib/python3.6/site-packages/airflow/example_dags/example_xcom.py
[2021-07-14 20:15:32,494] {scheduler_job.py:643} INFO - DAG(s) dict_keys(['example_xcom']) retrieved from /home/airflow/.local/lib/python3.6/site-packages/airflow/example_dags/example_xcom.py
[2021-07-14 20:15:32,523] {logging_mixin.py:104} INFO - [2021-07-14 20:15:32,523] {dag.py:1833} INFO - Sync 1 DAGs
[2021-07-14 20:15:32,549] {logging_mixin.py:104} INFO - [2021-07-14 20:15:32,548] {dag.py:2306} INFO - Setting next_dagrun for example_xcom to 2021-07-12 00:00:00+00:00
[2021-07-14 20:15:32,562] {scheduler_job.py:190} INFO - Processing /home/airflow/.local/lib/python3.6/site-packages/airflow/example_dags/example_xcom.py took 0.092 seconds
[2021-07-14 20:16:02,829] {scheduler_job.py:182} INFO - Started process (PID=2194) to work on /home/airflow/.local/lib/python3.6/site-packages/airflow/example_dags/example_xcom.py
[2021-07-14 20:16:02,831] {scheduler_job.py:633} INFO - Processing file /home/airflow/.local/lib/python3.6/site-packages/airflow/example_dags/example_xcom.py for tasks to queue
[2021-07-14 20:16:02,831] {logging_mixin.py:104} INFO - [2021-07-14 20:16:02,831] {dagbag.py:496} INFO - Filling up the DagBag from /home/airflow/.local/lib/python3.6/site-packages/airflow/example_dags/example_xcom.py
[2021-07-14 20:16:02,844] {scheduler_job.py:643} INFO - DAG(s) dict_keys(['example_xcom']) retrieved from /home/airflow/.local/lib/python3.6/site-packages/airflow/example_dags/example_xcom.py
[2021-07-14 20:16:02,865] {logging_mixin.py:104} INFO - [2021-07-14 20:16:02,865] {dag.py:1833} INFO - Sync 1 DAGs
[2021-07-14 20:16:02,882] {logging_mixin.py:104} INFO - [2021-07-14 20:16:02,882] {dag.py:2306} INFO - Setting next_dagrun for example_xcom to 2021-07-12 00:00:00+00:00
[2021-07-14 20:16:02,895] {scheduler_job.py:190} INFO - Processing /home/airflow/.local/lib/python3.6/site-packages/airflow/example_dags/example_xcom.py took 0.069 seconds
[2021-07-14 20:16:33,921] {scheduler_job.py:182} INFO - Started process (PID=2247) to work on /home/airflow/.local/lib/python3.6/site-packages/airflow/example_dags/example_xcom.py
[2021-07-14 20:16:33,922] {scheduler_job.py:633} INFO - Processing file /home/airflow/.local/lib/python3.6/site-packages/airflow/example_dags/example_xcom.py for tasks to queue
[2021-07-14 20:16:33,922] {logging_mixin.py:104} INFO - [2021-07-14 20:16:33,922] {dagbag.py:496} INFO - Filling up the DagBag from /home/airflow/.local/lib/python3.6/site-packages/airflow/example_dags/example_xcom.py
[2021-07-14 20:16:33,935] {scheduler_job.py:643} INFO - DAG(s) dict_keys(['example_xcom']) retrieved from /home/airflow/.local/lib/python3.6/site-packages/airflow/example_dags/example_xcom.py
[2021-07-14 20:16:33,955] {logging_mixin.py:104} INFO - [2021-07-14 20:16:33,955] {dag.py:1833} INFO - Sync 1 DAGs
[2021-07-14 20:16:33,976] {logging_mixin.py:104} INFO - [2021-07-14 20:16:33,975] {dag.py:2306} INFO - Setting next_dagrun for example_xcom to 2021-07-12 00:00:00+00:00
[2021-07-14 20:16:33,990] {scheduler_job.py:190} INFO - Processing /home/airflow/.local/lib/python3.6/site-packages/airflow/example_dags/example_xcom.py took 0.072 seconds
[2021-07-14 20:17:04,388] {scheduler_job.py:182} INFO - Started process (PID=2309) to work on /home/airflow/.local/lib/python3.6/site-packages/airflow/example_dags/example_xcom.py
[2021-07-14 20:17:04,390] {scheduler_job.py:633} INFO - Processing file /home/airflow/.local/lib/python3.6/site-packages/airflow/example_dags/example_xcom.py for tasks to queue
[2021-07-14 20:17:04,391] {logging_mixin.py:104} INFO - [2021-07-14 20:17:04,390] {dagbag.py:496} INFO - Filling up the DagBag from /home/airflow/.local/lib/python3.6/site-packages/airflow/example_dags/example_xcom.py
[2021-07-14 20:17:04,407] {scheduler_job.py:643} INFO - DAG(s) dict_keys(['example_xcom']) retrieved from /home/airflow/.local/lib/python3.6/site-packages/airflow/example_dags/example_xcom.py
[2021-07-14 20:17:04,436] {logging_mixin.py:104} INFO - [2021-07-14 20:17:04,436] {dag.py:1833} INFO - Sync 1 DAGs
[2021-07-14 20:17:04,458] {logging_mixin.py:104} INFO - [2021-07-14 20:17:04,458] {dag.py:2306} INFO - Setting next_dagrun for example_xcom to 2021-07-12 00:00:00+00:00
[2021-07-14 20:17:04,475] {scheduler_job.py:190} INFO - Processing /home/airflow/.local/lib/python3.6/site-packages/airflow/example_dags/example_xcom.py took 0.091 seconds
[2021-07-14 20:17:34,929] {scheduler_job.py:182} INFO - Started process (PID=2362) to work on /home/airflow/.local/lib/python3.6/site-packages/airflow/example_dags/example_xcom.py
[2021-07-14 20:17:34,931] {scheduler_job.py:633} INFO - Processing file /home/airflow/.local/lib/python3.6/site-packages/airflow/example_dags/example_xcom.py for tasks to queue
[2021-07-14 20:17:34,932] {logging_mixin.py:104} INFO - [2021-07-14 20:17:34,932] {dagbag.py:496} INFO - Filling up the DagBag from /home/airflow/.local/lib/python3.6/site-packages/airflow/example_dags/example_xcom.py
[2021-07-14 20:17:34,950] {scheduler_job.py:643} INFO - DAG(s) dict_keys(['example_xcom']) retrieved from /home/airflow/.local/lib/python3.6/site-packages/airflow/example_dags/example_xcom.py
[2021-07-14 20:17:34,982] {logging_mixin.py:104} INFO - [2021-07-14 20:17:34,982] {dag.py:1833} INFO - Sync 1 DAGs
[2021-07-14 20:17:35,010] {logging_mixin.py:104} INFO - [2021-07-14 20:17:35,010] {dag.py:2306} INFO - Setting next_dagrun for example_xcom to 2021-07-12 00:00:00+00:00
[2021-07-14 20:17:35,027] {scheduler_job.py:190} INFO - Processing /home/airflow/.local/lib/python3.6/site-packages/airflow/example_dags/example_xcom.py took 0.102 seconds
[2021-07-14 20:18:05,358] {scheduler_job.py:182} INFO - Started process (PID=2428) to work on /home/airflow/.local/lib/python3.6/site-packages/airflow/example_dags/example_xcom.py
[2021-07-14 20:18:05,359] {scheduler_job.py:633} INFO - Processing file /home/airflow/.local/lib/python3.6/site-packages/airflow/example_dags/example_xcom.py for tasks to queue
[2021-07-14 20:18:05,360] {logging_mixin.py:104} INFO - [2021-07-14 20:18:05,360] {dagbag.py:496} INFO - Filling up the DagBag from /home/airflow/.local/lib/python3.6/site-packages/airflow/example_dags/example_xcom.py
[2021-07-14 20:18:05,372] {scheduler_job.py:643} INFO - DAG(s) dict_keys(['example_xcom']) retrieved from /home/airflow/.local/lib/python3.6/site-packages/airflow/example_dags/example_xcom.py
[2021-07-14 20:18:05,394] {logging_mixin.py:104} INFO - [2021-07-14 20:18:05,394] {dag.py:1833} INFO - Sync 1 DAGs
[2021-07-14 20:18:05,414] {logging_mixin.py:104} INFO - [2021-07-14 20:18:05,414] {dag.py:2306} INFO - Setting next_dagrun for example_xcom to 2021-07-12 00:00:00+00:00
[2021-07-14 20:18:05,426] {scheduler_job.py:190} INFO - Processing /home/airflow/.local/lib/python3.6/site-packages/airflow/example_dags/example_xcom.py took 0.071 seconds
[2021-07-14 20:18:36,194] {scheduler_job.py:182} INFO - Started process (PID=2480) to work on /home/airflow/.local/lib/python3.6/site-packages/airflow/example_dags/example_xcom.py
[2021-07-14 20:18:36,196] {scheduler_job.py:633} INFO - Processing file /home/airflow/.local/lib/python3.6/site-packages/airflow/example_dags/example_xcom.py for tasks to queue
[2021-07-14 20:18:36,196] {logging_mixin.py:104} INFO - [2021-07-14 20:18:36,196] {dagbag.py:496} INFO - Filling up the DagBag from /home/airflow/.local/lib/python3.6/site-packages/airflow/example_dags/example_xcom.py
[2021-07-14 20:18:36,213] {scheduler_job.py:643} INFO - DAG(s) dict_keys(['example_xcom']) retrieved from /home/airflow/.local/lib/python3.6/site-packages/airflow/example_dags/example_xcom.py
[2021-07-14 20:18:36,250] {logging_mixin.py:104} INFO - [2021-07-14 20:18:36,249] {dag.py:1833} INFO - Sync 1 DAGs
[2021-07-14 20:18:36,269] {logging_mixin.py:104} INFO - [2021-07-14 20:18:36,268] {dag.py:2306} INFO - Setting next_dagrun for example_xcom to 2021-07-12 00:00:00+00:00
[2021-07-14 20:18:36,282] {scheduler_job.py:190} INFO - Processing /home/airflow/.local/lib/python3.6/site-packages/airflow/example_dags/example_xcom.py took 0.092 seconds
[2021-07-14 20:19:06,642] {scheduler_job.py:182} INFO - Started process (PID=2544) to work on /home/airflow/.local/lib/python3.6/site-packages/airflow/example_dags/example_xcom.py
[2021-07-14 20:19:06,643] {scheduler_job.py:633} INFO - Processing file /home/airflow/.local/lib/python3.6/site-packages/airflow/example_dags/example_xcom.py for tasks to queue
[2021-07-14 20:19:06,644] {logging_mixin.py:104} INFO - [2021-07-14 20:19:06,644] {dagbag.py:496} INFO - Filling up the DagBag from /home/airflow/.local/lib/python3.6/site-packages/airflow/example_dags/example_xcom.py
[2021-07-14 20:19:06,656] {scheduler_job.py:643} INFO - DAG(s) dict_keys(['example_xcom']) retrieved from /home/airflow/.local/lib/python3.6/site-packages/airflow/example_dags/example_xcom.py
[2021-07-14 20:19:06,678] {logging_mixin.py:104} INFO - [2021-07-14 20:19:06,677] {dag.py:1833} INFO - Sync 1 DAGs
[2021-07-14 20:19:06,695] {logging_mixin.py:104} INFO - [2021-07-14 20:19:06,695] {dag.py:2306} INFO - Setting next_dagrun for example_xcom to 2021-07-12 00:00:00+00:00
[2021-07-14 20:19:06,706] {scheduler_job.py:190} INFO - Processing /home/airflow/.local/lib/python3.6/site-packages/airflow/example_dags/example_xcom.py took 0.066 seconds
[2021-07-14 20:19:37,090] {scheduler_job.py:182} INFO - Started process (PID=2598) to work on /home/airflow/.local/lib/python3.6/site-packages/airflow/example_dags/example_xcom.py
[2021-07-14 20:19:37,091] {scheduler_job.py:633} INFO - Processing file /home/airflow/.local/lib/python3.6/site-packages/airflow/example_dags/example_xcom.py for tasks to queue
[2021-07-14 20:19:37,092] {logging_mixin.py:104} INFO - [2021-07-14 20:19:37,092] {dagbag.py:496} INFO - Filling up the DagBag from /home/airflow/.local/lib/python3.6/site-packages/airflow/example_dags/example_xcom.py
[2021-07-14 20:19:37,105] {scheduler_job.py:643} INFO - DAG(s) dict_keys(['example_xcom']) retrieved from /home/airflow/.local/lib/python3.6/site-packages/airflow/example_dags/example_xcom.py
[2021-07-14 20:19:37,127] {logging_mixin.py:104} INFO - [2021-07-14 20:19:37,127] {dag.py:1833} INFO - Sync 1 DAGs
[2021-07-14 20:19:37,146] {logging_mixin.py:104} INFO - [2021-07-14 20:19:37,145] {dag.py:2306} INFO - Setting next_dagrun for example_xcom to 2021-07-12 00:00:00+00:00
[2021-07-14 20:19:37,157] {scheduler_job.py:190} INFO - Processing /home/airflow/.local/lib/python3.6/site-packages/airflow/example_dags/example_xcom.py took 0.070 seconds
[2021-07-14 20:20:07,701] {scheduler_job.py:182} INFO - Started process (PID=2660) to work on /home/airflow/.local/lib/python3.6/site-packages/airflow/example_dags/example_xcom.py
[2021-07-14 20:20:07,703] {scheduler_job.py:633} INFO - Processing file /home/airflow/.local/lib/python3.6/site-packages/airflow/example_dags/example_xcom.py for tasks to queue
[2021-07-14 20:20:07,704] {logging_mixin.py:104} INFO - [2021-07-14 20:20:07,703] {dagbag.py:496} INFO - Filling up the DagBag from /home/airflow/.local/lib/python3.6/site-packages/airflow/example_dags/example_xcom.py
[2021-07-14 20:20:07,715] {scheduler_job.py:643} INFO - DAG(s) dict_keys(['example_xcom']) retrieved from /home/airflow/.local/lib/python3.6/site-packages/airflow/example_dags/example_xcom.py
[2021-07-14 20:20:07,737] {logging_mixin.py:104} INFO - [2021-07-14 20:20:07,737] {dag.py:1833} INFO - Sync 1 DAGs
[2021-07-14 20:20:07,756] {logging_mixin.py:104} INFO - [2021-07-14 20:20:07,756] {dag.py:2306} INFO - Setting next_dagrun for example_xcom to 2021-07-12 00:00:00+00:00
[2021-07-14 20:20:07,768] {scheduler_job.py:190} INFO - Processing /home/airflow/.local/lib/python3.6/site-packages/airflow/example_dags/example_xcom.py took 0.070 seconds
[2021-07-14 20:20:38,001] {scheduler_job.py:182} INFO - Started process (PID=2714) to work on /home/airflow/.local/lib/python3.6/site-packages/airflow/example_dags/example_xcom.py
[2021-07-14 20:20:38,003] {scheduler_job.py:633} INFO - Processing file /home/airflow/.local/lib/python3.6/site-packages/airflow/example_dags/example_xcom.py for tasks to queue
[2021-07-14 20:20:38,003] {logging_mixin.py:104} INFO - [2021-07-14 20:20:38,003] {dagbag.py:496} INFO - Filling up the DagBag from /home/airflow/.local/lib/python3.6/site-packages/airflow/example_dags/example_xcom.py
[2021-07-14 20:20:38,018] {scheduler_job.py:643} INFO - DAG(s) dict_keys(['example_xcom']) retrieved from /home/airflow/.local/lib/python3.6/site-packages/airflow/example_dags/example_xcom.py
[2021-07-14 20:20:38,047] {logging_mixin.py:104} INFO - [2021-07-14 20:20:38,047] {dag.py:1833} INFO - Sync 1 DAGs
[2021-07-14 20:20:38,072] {logging_mixin.py:104} INFO - [2021-07-14 20:20:38,072] {dag.py:2306} INFO - Setting next_dagrun for example_xcom to 2021-07-12 00:00:00+00:00
[2021-07-14 20:20:38,087] {scheduler_job.py:190} INFO - Processing /home/airflow/.local/lib/python3.6/site-packages/airflow/example_dags/example_xcom.py took 0.089 seconds
[2021-07-14 20:21:08,501] {scheduler_job.py:182} INFO - Started process (PID=2779) to work on /home/airflow/.local/lib/python3.6/site-packages/airflow/example_dags/example_xcom.py
[2021-07-14 20:21:08,505] {scheduler_job.py:633} INFO - Processing file /home/airflow/.local/lib/python3.6/site-packages/airflow/example_dags/example_xcom.py for tasks to queue
[2021-07-14 20:21:08,507] {logging_mixin.py:104} INFO - [2021-07-14 20:21:08,506] {dagbag.py:496} INFO - Filling up the DagBag from /home/airflow/.local/lib/python3.6/site-packages/airflow/example_dags/example_xcom.py
[2021-07-14 20:21:08,532] {scheduler_job.py:643} INFO - DAG(s) dict_keys(['example_xcom']) retrieved from /home/airflow/.local/lib/python3.6/site-packages/airflow/example_dags/example_xcom.py
[2021-07-14 20:21:08,567] {logging_mixin.py:104} INFO - [2021-07-14 20:21:08,567] {dag.py:1833} INFO - Sync 1 DAGs
[2021-07-14 20:21:08,592] {logging_mixin.py:104} INFO - [2021-07-14 20:21:08,592] {dag.py:2306} INFO - Setting next_dagrun for example_xcom to 2021-07-12 00:00:00+00:00
[2021-07-14 20:21:08,609] {scheduler_job.py:190} INFO - Processing /home/airflow/.local/lib/python3.6/site-packages/airflow/example_dags/example_xcom.py took 0.114 seconds
[2021-07-14 20:21:40,013] {scheduler_job.py:182} INFO - Started process (PID=2844) to work on /home/airflow/.local/lib/python3.6/site-packages/airflow/example_dags/example_xcom.py
[2021-07-14 20:21:40,015] {scheduler_job.py:633} INFO - Processing file /home/airflow/.local/lib/python3.6/site-packages/airflow/example_dags/example_xcom.py for tasks to queue
[2021-07-14 20:21:40,015] {logging_mixin.py:104} INFO - [2021-07-14 20:21:40,015] {dagbag.py:496} INFO - Filling up the DagBag from /home/airflow/.local/lib/python3.6/site-packages/airflow/example_dags/example_xcom.py
[2021-07-14 20:21:40,030] {scheduler_job.py:643} INFO - DAG(s) dict_keys(['example_xcom']) retrieved from /home/airflow/.local/lib/python3.6/site-packages/airflow/example_dags/example_xcom.py
[2021-07-14 20:21:40,057] {logging_mixin.py:104} INFO - [2021-07-14 20:21:40,057] {dag.py:1833} INFO - Sync 1 DAGs
[2021-07-14 20:21:40,081] {logging_mixin.py:104} INFO - [2021-07-14 20:21:40,081] {dag.py:2306} INFO - Setting next_dagrun for example_xcom to 2021-07-12 00:00:00+00:00
[2021-07-14 20:21:40,094] {scheduler_job.py:190} INFO - Processing /home/airflow/.local/lib/python3.6/site-packages/airflow/example_dags/example_xcom.py took 0.084 seconds
[2021-07-14 20:22:11,009] {scheduler_job.py:182} INFO - Started process (PID=2899) to work on /home/airflow/.local/lib/python3.6/site-packages/airflow/example_dags/example_xcom.py
[2021-07-14 20:22:11,010] {scheduler_job.py:633} INFO - Processing file /home/airflow/.local/lib/python3.6/site-packages/airflow/example_dags/example_xcom.py for tasks to queue
[2021-07-14 20:22:11,011] {logging_mixin.py:104} INFO - [2021-07-14 20:22:11,011] {dagbag.py:496} INFO - Filling up the DagBag from /home/airflow/.local/lib/python3.6/site-packages/airflow/example_dags/example_xcom.py
[2021-07-14 20:22:11,023] {scheduler_job.py:643} INFO - DAG(s) dict_keys(['example_xcom']) retrieved from /home/airflow/.local/lib/python3.6/site-packages/airflow/example_dags/example_xcom.py
[2021-07-14 20:22:11,043] {logging_mixin.py:104} INFO - [2021-07-14 20:22:11,043] {dag.py:1833} INFO - Sync 1 DAGs
[2021-07-14 20:22:11,062] {logging_mixin.py:104} INFO - [2021-07-14 20:22:11,062] {dag.py:2306} INFO - Setting next_dagrun for example_xcom to 2021-07-12 00:00:00+00:00
[2021-07-14 20:22:11,075] {scheduler_job.py:190} INFO - Processing /home/airflow/.local/lib/python3.6/site-packages/airflow/example_dags/example_xcom.py took 0.069 seconds
