[2021-07-14 19:05:00,841] {scheduler_job.py:182} INFO - Started process (PID=45) to work on /home/airflow/.local/lib/python3.6/site-packages/airflow/example_dags/example_short_circuit_operator.py
[2021-07-14 19:05:00,843] {scheduler_job.py:633} INFO - Processing file /home/airflow/.local/lib/python3.6/site-packages/airflow/example_dags/example_short_circuit_operator.py for tasks to queue
[2021-07-14 19:05:00,846] {logging_mixin.py:104} INFO - [2021-07-14 19:05:00,846] {dagbag.py:496} INFO - Filling up the DagBag from /home/airflow/.local/lib/python3.6/site-packages/airflow/example_dags/example_short_circuit_operator.py
[2021-07-14 19:05:00,929] {scheduler_job.py:643} INFO - DAG(s) dict_keys(['example_short_circuit_operator']) retrieved from /home/airflow/.local/lib/python3.6/site-packages/airflow/example_dags/example_short_circuit_operator.py
[2021-07-14 19:05:01,577] {logging_mixin.py:104} INFO - [2021-07-14 19:05:01,576] {dag.py:1833} INFO - Sync 1 DAGs
[2021-07-14 19:05:01,612] {logging_mixin.py:104} INFO - [2021-07-14 19:05:01,612] {dag.py:2306} INFO - Setting next_dagrun for example_short_circuit_operator to 2021-07-12 00:00:00+00:00
[2021-07-14 19:05:01,647] {scheduler_job.py:190} INFO - Processing /home/airflow/.local/lib/python3.6/site-packages/airflow/example_dags/example_short_circuit_operator.py took 0.815 seconds
[2021-07-14 19:05:32,432] {scheduler_job.py:182} INFO - Started process (PID=105) to work on /home/airflow/.local/lib/python3.6/site-packages/airflow/example_dags/example_short_circuit_operator.py
[2021-07-14 19:05:32,434] {scheduler_job.py:633} INFO - Processing file /home/airflow/.local/lib/python3.6/site-packages/airflow/example_dags/example_short_circuit_operator.py for tasks to queue
[2021-07-14 19:05:32,436] {logging_mixin.py:104} INFO - [2021-07-14 19:05:32,436] {dagbag.py:496} INFO - Filling up the DagBag from /home/airflow/.local/lib/python3.6/site-packages/airflow/example_dags/example_short_circuit_operator.py
[2021-07-14 19:05:32,478] {scheduler_job.py:643} INFO - DAG(s) dict_keys(['example_short_circuit_operator']) retrieved from /home/airflow/.local/lib/python3.6/site-packages/airflow/example_dags/example_short_circuit_operator.py
[2021-07-14 19:05:32,534] {logging_mixin.py:104} INFO - [2021-07-14 19:05:32,534] {dag.py:1833} INFO - Sync 1 DAGs
[2021-07-14 19:05:32,571] {logging_mixin.py:104} INFO - [2021-07-14 19:05:32,571] {dag.py:2306} INFO - Setting next_dagrun for example_short_circuit_operator to 2021-07-12 00:00:00+00:00
[2021-07-14 19:05:32,592] {scheduler_job.py:190} INFO - Processing /home/airflow/.local/lib/python3.6/site-packages/airflow/example_dags/example_short_circuit_operator.py took 0.168 seconds
[2021-07-14 19:06:03,073] {scheduler_job.py:182} INFO - Started process (PID=159) to work on /home/airflow/.local/lib/python3.6/site-packages/airflow/example_dags/example_short_circuit_operator.py
[2021-07-14 19:06:03,075] {scheduler_job.py:633} INFO - Processing file /home/airflow/.local/lib/python3.6/site-packages/airflow/example_dags/example_short_circuit_operator.py for tasks to queue
[2021-07-14 19:06:03,076] {logging_mixin.py:104} INFO - [2021-07-14 19:06:03,076] {dagbag.py:496} INFO - Filling up the DagBag from /home/airflow/.local/lib/python3.6/site-packages/airflow/example_dags/example_short_circuit_operator.py
[2021-07-14 19:06:03,105] {scheduler_job.py:643} INFO - DAG(s) dict_keys(['example_short_circuit_operator']) retrieved from /home/airflow/.local/lib/python3.6/site-packages/airflow/example_dags/example_short_circuit_operator.py
[2021-07-14 19:06:03,143] {logging_mixin.py:104} INFO - [2021-07-14 19:06:03,143] {dag.py:1833} INFO - Sync 1 DAGs
[2021-07-14 19:06:03,182] {logging_mixin.py:104} INFO - [2021-07-14 19:06:03,181] {dag.py:2306} INFO - Setting next_dagrun for example_short_circuit_operator to 2021-07-12 00:00:00+00:00
[2021-07-14 19:06:03,200] {scheduler_job.py:190} INFO - Processing /home/airflow/.local/lib/python3.6/site-packages/airflow/example_dags/example_short_circuit_operator.py took 0.133 seconds
[2021-07-14 19:06:33,543] {scheduler_job.py:182} INFO - Started process (PID=213) to work on /home/airflow/.local/lib/python3.6/site-packages/airflow/example_dags/example_short_circuit_operator.py
[2021-07-14 19:06:33,545] {scheduler_job.py:633} INFO - Processing file /home/airflow/.local/lib/python3.6/site-packages/airflow/example_dags/example_short_circuit_operator.py for tasks to queue
[2021-07-14 19:06:33,546] {logging_mixin.py:104} INFO - [2021-07-14 19:06:33,546] {dagbag.py:496} INFO - Filling up the DagBag from /home/airflow/.local/lib/python3.6/site-packages/airflow/example_dags/example_short_circuit_operator.py
[2021-07-14 19:06:33,571] {scheduler_job.py:643} INFO - DAG(s) dict_keys(['example_short_circuit_operator']) retrieved from /home/airflow/.local/lib/python3.6/site-packages/airflow/example_dags/example_short_circuit_operator.py
[2021-07-14 19:06:33,599] {logging_mixin.py:104} INFO - [2021-07-14 19:06:33,598] {dag.py:1833} INFO - Sync 1 DAGs
[2021-07-14 19:06:33,622] {logging_mixin.py:104} INFO - [2021-07-14 19:06:33,622] {dag.py:2306} INFO - Setting next_dagrun for example_short_circuit_operator to 2021-07-12 00:00:00+00:00
[2021-07-14 19:06:33,636] {scheduler_job.py:190} INFO - Processing /home/airflow/.local/lib/python3.6/site-packages/airflow/example_dags/example_short_circuit_operator.py took 0.097 seconds
[2021-07-14 19:07:03,781] {scheduler_job.py:182} INFO - Started process (PID=265) to work on /home/airflow/.local/lib/python3.6/site-packages/airflow/example_dags/example_short_circuit_operator.py
[2021-07-14 19:07:03,783] {scheduler_job.py:633} INFO - Processing file /home/airflow/.local/lib/python3.6/site-packages/airflow/example_dags/example_short_circuit_operator.py for tasks to queue
[2021-07-14 19:07:03,784] {logging_mixin.py:104} INFO - [2021-07-14 19:07:03,784] {dagbag.py:496} INFO - Filling up the DagBag from /home/airflow/.local/lib/python3.6/site-packages/airflow/example_dags/example_short_circuit_operator.py
[2021-07-14 19:07:03,823] {scheduler_job.py:643} INFO - DAG(s) dict_keys(['example_short_circuit_operator']) retrieved from /home/airflow/.local/lib/python3.6/site-packages/airflow/example_dags/example_short_circuit_operator.py
[2021-07-14 19:07:03,872] {logging_mixin.py:104} INFO - [2021-07-14 19:07:03,871] {dag.py:1833} INFO - Sync 1 DAGs
[2021-07-14 19:07:03,896] {logging_mixin.py:104} INFO - [2021-07-14 19:07:03,896] {dag.py:2306} INFO - Setting next_dagrun for example_short_circuit_operator to 2021-07-12 00:00:00+00:00
[2021-07-14 19:07:03,911] {scheduler_job.py:190} INFO - Processing /home/airflow/.local/lib/python3.6/site-packages/airflow/example_dags/example_short_circuit_operator.py took 0.136 seconds
[2021-07-14 19:07:34,446] {scheduler_job.py:182} INFO - Started process (PID=329) to work on /home/airflow/.local/lib/python3.6/site-packages/airflow/example_dags/example_short_circuit_operator.py
[2021-07-14 19:07:34,454] {scheduler_job.py:633} INFO - Processing file /home/airflow/.local/lib/python3.6/site-packages/airflow/example_dags/example_short_circuit_operator.py for tasks to queue
[2021-07-14 19:07:34,455] {logging_mixin.py:104} INFO - [2021-07-14 19:07:34,455] {dagbag.py:496} INFO - Filling up the DagBag from /home/airflow/.local/lib/python3.6/site-packages/airflow/example_dags/example_short_circuit_operator.py
[2021-07-14 19:07:34,472] {scheduler_job.py:643} INFO - DAG(s) dict_keys(['example_short_circuit_operator']) retrieved from /home/airflow/.local/lib/python3.6/site-packages/airflow/example_dags/example_short_circuit_operator.py
[2021-07-14 19:07:34,558] {logging_mixin.py:104} INFO - [2021-07-14 19:07:34,558] {dag.py:1833} INFO - Sync 1 DAGs
[2021-07-14 19:07:34,597] {logging_mixin.py:104} INFO - [2021-07-14 19:07:34,597] {dag.py:2306} INFO - Setting next_dagrun for example_short_circuit_operator to 2021-07-12 00:00:00+00:00
[2021-07-14 19:07:34,621] {scheduler_job.py:190} INFO - Processing /home/airflow/.local/lib/python3.6/site-packages/airflow/example_dags/example_short_circuit_operator.py took 0.180 seconds
[2021-07-14 19:08:55,505] {scheduler_job.py:182} INFO - Started process (PID=33) to work on /home/airflow/.local/lib/python3.6/site-packages/airflow/example_dags/example_short_circuit_operator.py
[2021-07-14 19:08:55,506] {scheduler_job.py:633} INFO - Processing file /home/airflow/.local/lib/python3.6/site-packages/airflow/example_dags/example_short_circuit_operator.py for tasks to queue
[2021-07-14 19:08:55,507] {logging_mixin.py:104} INFO - [2021-07-14 19:08:55,507] {dagbag.py:496} INFO - Filling up the DagBag from /home/airflow/.local/lib/python3.6/site-packages/airflow/example_dags/example_short_circuit_operator.py
[2021-07-14 19:08:55,526] {scheduler_job.py:643} INFO - DAG(s) dict_keys(['example_short_circuit_operator']) retrieved from /home/airflow/.local/lib/python3.6/site-packages/airflow/example_dags/example_short_circuit_operator.py
[2021-07-14 19:08:55,550] {logging_mixin.py:104} INFO - [2021-07-14 19:08:55,550] {dag.py:1833} INFO - Sync 1 DAGs
[2021-07-14 19:08:55,567] {logging_mixin.py:104} INFO - [2021-07-14 19:08:55,567] {dag.py:2306} INFO - Setting next_dagrun for example_short_circuit_operator to 2021-07-12 00:00:00+00:00
[2021-07-14 19:08:55,579] {scheduler_job.py:190} INFO - Processing /home/airflow/.local/lib/python3.6/site-packages/airflow/example_dags/example_short_circuit_operator.py took 0.078 seconds
[2021-07-14 19:09:26,666] {scheduler_job.py:182} INFO - Started process (PID=97) to work on /home/airflow/.local/lib/python3.6/site-packages/airflow/example_dags/example_short_circuit_operator.py
[2021-07-14 19:09:26,668] {scheduler_job.py:633} INFO - Processing file /home/airflow/.local/lib/python3.6/site-packages/airflow/example_dags/example_short_circuit_operator.py for tasks to queue
[2021-07-14 19:09:26,669] {logging_mixin.py:104} INFO - [2021-07-14 19:09:26,669] {dagbag.py:496} INFO - Filling up the DagBag from /home/airflow/.local/lib/python3.6/site-packages/airflow/example_dags/example_short_circuit_operator.py
[2021-07-14 19:09:26,700] {scheduler_job.py:643} INFO - DAG(s) dict_keys(['example_short_circuit_operator']) retrieved from /home/airflow/.local/lib/python3.6/site-packages/airflow/example_dags/example_short_circuit_operator.py
[2021-07-14 19:09:26,736] {logging_mixin.py:104} INFO - [2021-07-14 19:09:26,736] {dag.py:1833} INFO - Sync 1 DAGs
[2021-07-14 19:09:26,766] {logging_mixin.py:104} INFO - [2021-07-14 19:09:26,766] {dag.py:2306} INFO - Setting next_dagrun for example_short_circuit_operator to 2021-07-12 00:00:00+00:00
[2021-07-14 19:09:26,785] {scheduler_job.py:190} INFO - Processing /home/airflow/.local/lib/python3.6/site-packages/airflow/example_dags/example_short_circuit_operator.py took 0.125 seconds
[2021-07-14 19:09:57,277] {scheduler_job.py:182} INFO - Started process (PID=151) to work on /home/airflow/.local/lib/python3.6/site-packages/airflow/example_dags/example_short_circuit_operator.py
[2021-07-14 19:09:57,278] {scheduler_job.py:633} INFO - Processing file /home/airflow/.local/lib/python3.6/site-packages/airflow/example_dags/example_short_circuit_operator.py for tasks to queue
[2021-07-14 19:09:57,279] {logging_mixin.py:104} INFO - [2021-07-14 19:09:57,279] {dagbag.py:496} INFO - Filling up the DagBag from /home/airflow/.local/lib/python3.6/site-packages/airflow/example_dags/example_short_circuit_operator.py
[2021-07-14 19:09:57,296] {scheduler_job.py:643} INFO - DAG(s) dict_keys(['example_short_circuit_operator']) retrieved from /home/airflow/.local/lib/python3.6/site-packages/airflow/example_dags/example_short_circuit_operator.py
[2021-07-14 19:09:57,319] {logging_mixin.py:104} INFO - [2021-07-14 19:09:57,319] {dag.py:1833} INFO - Sync 1 DAGs
[2021-07-14 19:09:57,336] {logging_mixin.py:104} INFO - [2021-07-14 19:09:57,336] {dag.py:2306} INFO - Setting next_dagrun for example_short_circuit_operator to 2021-07-12 00:00:00+00:00
[2021-07-14 19:09:57,347] {scheduler_job.py:190} INFO - Processing /home/airflow/.local/lib/python3.6/site-packages/airflow/example_dags/example_short_circuit_operator.py took 0.073 seconds
[2021-07-14 19:10:27,882] {scheduler_job.py:182} INFO - Started process (PID=210) to work on /home/airflow/.local/lib/python3.6/site-packages/airflow/example_dags/example_short_circuit_operator.py
[2021-07-14 19:10:27,884] {scheduler_job.py:633} INFO - Processing file /home/airflow/.local/lib/python3.6/site-packages/airflow/example_dags/example_short_circuit_operator.py for tasks to queue
[2021-07-14 19:10:27,885] {logging_mixin.py:104} INFO - [2021-07-14 19:10:27,885] {dagbag.py:496} INFO - Filling up the DagBag from /home/airflow/.local/lib/python3.6/site-packages/airflow/example_dags/example_short_circuit_operator.py
[2021-07-14 19:10:27,910] {scheduler_job.py:643} INFO - DAG(s) dict_keys(['example_short_circuit_operator']) retrieved from /home/airflow/.local/lib/python3.6/site-packages/airflow/example_dags/example_short_circuit_operator.py
[2021-07-14 19:10:27,945] {logging_mixin.py:104} INFO - [2021-07-14 19:10:27,945] {dag.py:1833} INFO - Sync 1 DAGs
[2021-07-14 19:10:27,973] {logging_mixin.py:104} INFO - [2021-07-14 19:10:27,973] {dag.py:2306} INFO - Setting next_dagrun for example_short_circuit_operator to 2021-07-12 00:00:00+00:00
[2021-07-14 19:10:27,993] {scheduler_job.py:190} INFO - Processing /home/airflow/.local/lib/python3.6/site-packages/airflow/example_dags/example_short_circuit_operator.py took 0.116 seconds
[2021-07-14 19:10:58,941] {scheduler_job.py:182} INFO - Started process (PID=274) to work on /home/airflow/.local/lib/python3.6/site-packages/airflow/example_dags/example_short_circuit_operator.py
[2021-07-14 19:10:58,942] {scheduler_job.py:633} INFO - Processing file /home/airflow/.local/lib/python3.6/site-packages/airflow/example_dags/example_short_circuit_operator.py for tasks to queue
[2021-07-14 19:10:58,943] {logging_mixin.py:104} INFO - [2021-07-14 19:10:58,942] {dagbag.py:496} INFO - Filling up the DagBag from /home/airflow/.local/lib/python3.6/site-packages/airflow/example_dags/example_short_circuit_operator.py
[2021-07-14 19:10:58,962] {scheduler_job.py:643} INFO - DAG(s) dict_keys(['example_short_circuit_operator']) retrieved from /home/airflow/.local/lib/python3.6/site-packages/airflow/example_dags/example_short_circuit_operator.py
[2021-07-14 19:10:58,990] {logging_mixin.py:104} INFO - [2021-07-14 19:10:58,990] {dag.py:1833} INFO - Sync 1 DAGs
[2021-07-14 19:10:59,011] {logging_mixin.py:104} INFO - [2021-07-14 19:10:59,011] {dag.py:2306} INFO - Setting next_dagrun for example_short_circuit_operator to 2021-07-12 00:00:00+00:00
[2021-07-14 19:10:59,024] {scheduler_job.py:190} INFO - Processing /home/airflow/.local/lib/python3.6/site-packages/airflow/example_dags/example_short_circuit_operator.py took 0.087 seconds
[2021-07-14 19:11:29,387] {scheduler_job.py:182} INFO - Started process (PID=326) to work on /home/airflow/.local/lib/python3.6/site-packages/airflow/example_dags/example_short_circuit_operator.py
[2021-07-14 19:11:29,396] {scheduler_job.py:633} INFO - Processing file /home/airflow/.local/lib/python3.6/site-packages/airflow/example_dags/example_short_circuit_operator.py for tasks to queue
[2021-07-14 19:11:29,397] {logging_mixin.py:104} INFO - [2021-07-14 19:11:29,397] {dagbag.py:496} INFO - Filling up the DagBag from /home/airflow/.local/lib/python3.6/site-packages/airflow/example_dags/example_short_circuit_operator.py
[2021-07-14 19:11:29,419] {scheduler_job.py:643} INFO - DAG(s) dict_keys(['example_short_circuit_operator']) retrieved from /home/airflow/.local/lib/python3.6/site-packages/airflow/example_dags/example_short_circuit_operator.py
[2021-07-14 19:11:29,454] {logging_mixin.py:104} INFO - [2021-07-14 19:11:29,454] {dag.py:1833} INFO - Sync 1 DAGs
[2021-07-14 19:11:29,481] {logging_mixin.py:104} INFO - [2021-07-14 19:11:29,480] {dag.py:2306} INFO - Setting next_dagrun for example_short_circuit_operator to 2021-07-12 00:00:00+00:00
[2021-07-14 19:11:29,497] {scheduler_job.py:190} INFO - Processing /home/airflow/.local/lib/python3.6/site-packages/airflow/example_dags/example_short_circuit_operator.py took 0.114 seconds
[2021-07-14 19:12:00,154] {scheduler_job.py:182} INFO - Started process (PID=391) to work on /home/airflow/.local/lib/python3.6/site-packages/airflow/example_dags/example_short_circuit_operator.py
[2021-07-14 19:12:00,156] {scheduler_job.py:633} INFO - Processing file /home/airflow/.local/lib/python3.6/site-packages/airflow/example_dags/example_short_circuit_operator.py for tasks to queue
[2021-07-14 19:12:00,157] {logging_mixin.py:104} INFO - [2021-07-14 19:12:00,157] {dagbag.py:496} INFO - Filling up the DagBag from /home/airflow/.local/lib/python3.6/site-packages/airflow/example_dags/example_short_circuit_operator.py
[2021-07-14 19:12:00,174] {scheduler_job.py:643} INFO - DAG(s) dict_keys(['example_short_circuit_operator']) retrieved from /home/airflow/.local/lib/python3.6/site-packages/airflow/example_dags/example_short_circuit_operator.py
[2021-07-14 19:12:00,207] {logging_mixin.py:104} INFO - [2021-07-14 19:12:00,207] {dag.py:1833} INFO - Sync 1 DAGs
[2021-07-14 19:12:00,230] {logging_mixin.py:104} INFO - [2021-07-14 19:12:00,230] {dag.py:2306} INFO - Setting next_dagrun for example_short_circuit_operator to 2021-07-12 00:00:00+00:00
[2021-07-14 19:12:00,248] {scheduler_job.py:190} INFO - Processing /home/airflow/.local/lib/python3.6/site-packages/airflow/example_dags/example_short_circuit_operator.py took 0.100 seconds
[2021-07-14 19:12:30,862] {scheduler_job.py:182} INFO - Started process (PID=444) to work on /home/airflow/.local/lib/python3.6/site-packages/airflow/example_dags/example_short_circuit_operator.py
[2021-07-14 19:12:30,864] {scheduler_job.py:633} INFO - Processing file /home/airflow/.local/lib/python3.6/site-packages/airflow/example_dags/example_short_circuit_operator.py for tasks to queue
[2021-07-14 19:12:30,865] {logging_mixin.py:104} INFO - [2021-07-14 19:12:30,865] {dagbag.py:496} INFO - Filling up the DagBag from /home/airflow/.local/lib/python3.6/site-packages/airflow/example_dags/example_short_circuit_operator.py
[2021-07-14 19:12:30,884] {scheduler_job.py:643} INFO - DAG(s) dict_keys(['example_short_circuit_operator']) retrieved from /home/airflow/.local/lib/python3.6/site-packages/airflow/example_dags/example_short_circuit_operator.py
[2021-07-14 19:12:30,914] {logging_mixin.py:104} INFO - [2021-07-14 19:12:30,913] {dag.py:1833} INFO - Sync 1 DAGs
[2021-07-14 19:12:30,940] {logging_mixin.py:104} INFO - [2021-07-14 19:12:30,940] {dag.py:2306} INFO - Setting next_dagrun for example_short_circuit_operator to 2021-07-12 00:00:00+00:00
[2021-07-14 19:12:30,955] {scheduler_job.py:190} INFO - Processing /home/airflow/.local/lib/python3.6/site-packages/airflow/example_dags/example_short_circuit_operator.py took 0.096 seconds
[2021-07-14 19:57:42,732] {scheduler_job.py:182} INFO - Started process (PID=33) to work on /home/airflow/.local/lib/python3.6/site-packages/airflow/example_dags/example_short_circuit_operator.py
[2021-07-14 19:57:42,736] {scheduler_job.py:633} INFO - Processing file /home/airflow/.local/lib/python3.6/site-packages/airflow/example_dags/example_short_circuit_operator.py for tasks to queue
[2021-07-14 19:57:42,737] {logging_mixin.py:104} INFO - [2021-07-14 19:57:42,737] {dagbag.py:496} INFO - Filling up the DagBag from /home/airflow/.local/lib/python3.6/site-packages/airflow/example_dags/example_short_circuit_operator.py
[2021-07-14 19:57:42,772] {scheduler_job.py:643} INFO - DAG(s) dict_keys(['example_short_circuit_operator']) retrieved from /home/airflow/.local/lib/python3.6/site-packages/airflow/example_dags/example_short_circuit_operator.py
[2021-07-14 19:57:42,819] {logging_mixin.py:104} INFO - [2021-07-14 19:57:42,819] {dag.py:1833} INFO - Sync 1 DAGs
[2021-07-14 19:57:42,844] {logging_mixin.py:104} INFO - [2021-07-14 19:57:42,844] {dag.py:2306} INFO - Setting next_dagrun for example_short_circuit_operator to 2021-07-12 00:00:00+00:00
[2021-07-14 19:57:42,863] {scheduler_job.py:190} INFO - Processing /home/airflow/.local/lib/python3.6/site-packages/airflow/example_dags/example_short_circuit_operator.py took 0.135 seconds
[2021-07-14 19:58:13,397] {scheduler_job.py:182} INFO - Started process (PID=86) to work on /home/airflow/.local/lib/python3.6/site-packages/airflow/example_dags/example_short_circuit_operator.py
[2021-07-14 19:58:13,399] {scheduler_job.py:633} INFO - Processing file /home/airflow/.local/lib/python3.6/site-packages/airflow/example_dags/example_short_circuit_operator.py for tasks to queue
[2021-07-14 19:58:13,400] {logging_mixin.py:104} INFO - [2021-07-14 19:58:13,400] {dagbag.py:496} INFO - Filling up the DagBag from /home/airflow/.local/lib/python3.6/site-packages/airflow/example_dags/example_short_circuit_operator.py
[2021-07-14 19:58:13,434] {scheduler_job.py:643} INFO - DAG(s) dict_keys(['example_short_circuit_operator']) retrieved from /home/airflow/.local/lib/python3.6/site-packages/airflow/example_dags/example_short_circuit_operator.py
[2021-07-14 19:58:13,497] {logging_mixin.py:104} INFO - [2021-07-14 19:58:13,497] {dag.py:1833} INFO - Sync 1 DAGs
[2021-07-14 19:58:13,530] {logging_mixin.py:104} INFO - [2021-07-14 19:58:13,530] {dag.py:2306} INFO - Setting next_dagrun for example_short_circuit_operator to 2021-07-12 00:00:00+00:00
[2021-07-14 19:58:13,547] {scheduler_job.py:190} INFO - Processing /home/airflow/.local/lib/python3.6/site-packages/airflow/example_dags/example_short_circuit_operator.py took 0.154 seconds
[2021-07-14 19:58:44,138] {scheduler_job.py:182} INFO - Started process (PID=150) to work on /home/airflow/.local/lib/python3.6/site-packages/airflow/example_dags/example_short_circuit_operator.py
[2021-07-14 19:58:44,139] {scheduler_job.py:633} INFO - Processing file /home/airflow/.local/lib/python3.6/site-packages/airflow/example_dags/example_short_circuit_operator.py for tasks to queue
[2021-07-14 19:58:44,140] {logging_mixin.py:104} INFO - [2021-07-14 19:58:44,140] {dagbag.py:496} INFO - Filling up the DagBag from /home/airflow/.local/lib/python3.6/site-packages/airflow/example_dags/example_short_circuit_operator.py
[2021-07-14 19:58:44,163] {scheduler_job.py:643} INFO - DAG(s) dict_keys(['example_short_circuit_operator']) retrieved from /home/airflow/.local/lib/python3.6/site-packages/airflow/example_dags/example_short_circuit_operator.py
[2021-07-14 19:58:44,188] {logging_mixin.py:104} INFO - [2021-07-14 19:58:44,188] {dag.py:1833} INFO - Sync 1 DAGs
[2021-07-14 19:58:44,206] {logging_mixin.py:104} INFO - [2021-07-14 19:58:44,205] {dag.py:2306} INFO - Setting next_dagrun for example_short_circuit_operator to 2021-07-12 00:00:00+00:00
[2021-07-14 19:58:44,216] {scheduler_job.py:190} INFO - Processing /home/airflow/.local/lib/python3.6/site-packages/airflow/example_dags/example_short_circuit_operator.py took 0.082 seconds
[2021-07-14 19:59:14,969] {scheduler_job.py:182} INFO - Started process (PID=216) to work on /home/airflow/.local/lib/python3.6/site-packages/airflow/example_dags/example_short_circuit_operator.py
[2021-07-14 19:59:14,971] {scheduler_job.py:633} INFO - Processing file /home/airflow/.local/lib/python3.6/site-packages/airflow/example_dags/example_short_circuit_operator.py for tasks to queue
[2021-07-14 19:59:14,972] {logging_mixin.py:104} INFO - [2021-07-14 19:59:14,971] {dagbag.py:496} INFO - Filling up the DagBag from /home/airflow/.local/lib/python3.6/site-packages/airflow/example_dags/example_short_circuit_operator.py
[2021-07-14 19:59:15,003] {scheduler_job.py:643} INFO - DAG(s) dict_keys(['example_short_circuit_operator']) retrieved from /home/airflow/.local/lib/python3.6/site-packages/airflow/example_dags/example_short_circuit_operator.py
[2021-07-14 19:59:15,038] {logging_mixin.py:104} INFO - [2021-07-14 19:59:15,037] {dag.py:1833} INFO - Sync 1 DAGs
[2021-07-14 19:59:15,067] {logging_mixin.py:104} INFO - [2021-07-14 19:59:15,067] {dag.py:2306} INFO - Setting next_dagrun for example_short_circuit_operator to 2021-07-12 00:00:00+00:00
[2021-07-14 19:59:15,084] {scheduler_job.py:190} INFO - Processing /home/airflow/.local/lib/python3.6/site-packages/airflow/example_dags/example_short_circuit_operator.py took 0.119 seconds
[2021-07-14 19:59:45,791] {scheduler_job.py:182} INFO - Started process (PID=269) to work on /home/airflow/.local/lib/python3.6/site-packages/airflow/example_dags/example_short_circuit_operator.py
[2021-07-14 19:59:45,793] {scheduler_job.py:633} INFO - Processing file /home/airflow/.local/lib/python3.6/site-packages/airflow/example_dags/example_short_circuit_operator.py for tasks to queue
[2021-07-14 19:59:45,794] {logging_mixin.py:104} INFO - [2021-07-14 19:59:45,794] {dagbag.py:496} INFO - Filling up the DagBag from /home/airflow/.local/lib/python3.6/site-packages/airflow/example_dags/example_short_circuit_operator.py
[2021-07-14 19:59:45,817] {scheduler_job.py:643} INFO - DAG(s) dict_keys(['example_short_circuit_operator']) retrieved from /home/airflow/.local/lib/python3.6/site-packages/airflow/example_dags/example_short_circuit_operator.py
[2021-07-14 19:59:45,840] {logging_mixin.py:104} INFO - [2021-07-14 19:59:45,840] {dag.py:1833} INFO - Sync 1 DAGs
[2021-07-14 19:59:45,857] {logging_mixin.py:104} INFO - [2021-07-14 19:59:45,856] {dag.py:2306} INFO - Setting next_dagrun for example_short_circuit_operator to 2021-07-12 00:00:00+00:00
[2021-07-14 19:59:45,867] {scheduler_job.py:190} INFO - Processing /home/airflow/.local/lib/python3.6/site-packages/airflow/example_dags/example_short_circuit_operator.py took 0.081 seconds
[2021-07-14 20:00:16,506] {scheduler_job.py:182} INFO - Started process (PID=332) to work on /home/airflow/.local/lib/python3.6/site-packages/airflow/example_dags/example_short_circuit_operator.py
[2021-07-14 20:00:16,512] {scheduler_job.py:633} INFO - Processing file /home/airflow/.local/lib/python3.6/site-packages/airflow/example_dags/example_short_circuit_operator.py for tasks to queue
[2021-07-14 20:00:16,513] {logging_mixin.py:104} INFO - [2021-07-14 20:00:16,513] {dagbag.py:496} INFO - Filling up the DagBag from /home/airflow/.local/lib/python3.6/site-packages/airflow/example_dags/example_short_circuit_operator.py
[2021-07-14 20:00:16,526] {scheduler_job.py:643} INFO - DAG(s) dict_keys(['example_short_circuit_operator']) retrieved from /home/airflow/.local/lib/python3.6/site-packages/airflow/example_dags/example_short_circuit_operator.py
[2021-07-14 20:00:16,546] {logging_mixin.py:104} INFO - [2021-07-14 20:00:16,546] {dag.py:1833} INFO - Sync 1 DAGs
[2021-07-14 20:00:16,562] {logging_mixin.py:104} INFO - [2021-07-14 20:00:16,562] {dag.py:2306} INFO - Setting next_dagrun for example_short_circuit_operator to 2021-07-12 00:00:00+00:00
[2021-07-14 20:00:16,572] {scheduler_job.py:190} INFO - Processing /home/airflow/.local/lib/python3.6/site-packages/airflow/example_dags/example_short_circuit_operator.py took 0.069 seconds
[2021-07-14 20:00:46,806] {scheduler_job.py:182} INFO - Started process (PID=385) to work on /home/airflow/.local/lib/python3.6/site-packages/airflow/example_dags/example_short_circuit_operator.py
[2021-07-14 20:00:46,807] {scheduler_job.py:633} INFO - Processing file /home/airflow/.local/lib/python3.6/site-packages/airflow/example_dags/example_short_circuit_operator.py for tasks to queue
[2021-07-14 20:00:46,808] {logging_mixin.py:104} INFO - [2021-07-14 20:00:46,807] {dagbag.py:496} INFO - Filling up the DagBag from /home/airflow/.local/lib/python3.6/site-packages/airflow/example_dags/example_short_circuit_operator.py
[2021-07-14 20:00:46,821] {scheduler_job.py:643} INFO - DAG(s) dict_keys(['example_short_circuit_operator']) retrieved from /home/airflow/.local/lib/python3.6/site-packages/airflow/example_dags/example_short_circuit_operator.py
[2021-07-14 20:00:46,842] {logging_mixin.py:104} INFO - [2021-07-14 20:00:46,842] {dag.py:1833} INFO - Sync 1 DAGs
[2021-07-14 20:00:46,861] {logging_mixin.py:104} INFO - [2021-07-14 20:00:46,861] {dag.py:2306} INFO - Setting next_dagrun for example_short_circuit_operator to 2021-07-12 00:00:00+00:00
[2021-07-14 20:00:46,873] {scheduler_job.py:190} INFO - Processing /home/airflow/.local/lib/python3.6/site-packages/airflow/example_dags/example_short_circuit_operator.py took 0.070 seconds
[2021-07-14 20:01:17,115] {scheduler_job.py:182} INFO - Started process (PID=448) to work on /home/airflow/.local/lib/python3.6/site-packages/airflow/example_dags/example_short_circuit_operator.py
[2021-07-14 20:01:17,116] {scheduler_job.py:633} INFO - Processing file /home/airflow/.local/lib/python3.6/site-packages/airflow/example_dags/example_short_circuit_operator.py for tasks to queue
[2021-07-14 20:01:17,117] {logging_mixin.py:104} INFO - [2021-07-14 20:01:17,117] {dagbag.py:496} INFO - Filling up the DagBag from /home/airflow/.local/lib/python3.6/site-packages/airflow/example_dags/example_short_circuit_operator.py
[2021-07-14 20:01:17,131] {scheduler_job.py:643} INFO - DAG(s) dict_keys(['example_short_circuit_operator']) retrieved from /home/airflow/.local/lib/python3.6/site-packages/airflow/example_dags/example_short_circuit_operator.py
[2021-07-14 20:01:17,156] {logging_mixin.py:104} INFO - [2021-07-14 20:01:17,155] {dag.py:1833} INFO - Sync 1 DAGs
[2021-07-14 20:01:17,175] {logging_mixin.py:104} INFO - [2021-07-14 20:01:17,175] {dag.py:2306} INFO - Setting next_dagrun for example_short_circuit_operator to 2021-07-12 00:00:00+00:00
[2021-07-14 20:01:17,187] {scheduler_job.py:190} INFO - Processing /home/airflow/.local/lib/python3.6/site-packages/airflow/example_dags/example_short_circuit_operator.py took 0.075 seconds
[2021-07-14 20:01:47,688] {scheduler_job.py:182} INFO - Started process (PID=502) to work on /home/airflow/.local/lib/python3.6/site-packages/airflow/example_dags/example_short_circuit_operator.py
[2021-07-14 20:01:47,689] {scheduler_job.py:633} INFO - Processing file /home/airflow/.local/lib/python3.6/site-packages/airflow/example_dags/example_short_circuit_operator.py for tasks to queue
[2021-07-14 20:01:47,689] {logging_mixin.py:104} INFO - [2021-07-14 20:01:47,689] {dagbag.py:496} INFO - Filling up the DagBag from /home/airflow/.local/lib/python3.6/site-packages/airflow/example_dags/example_short_circuit_operator.py
[2021-07-14 20:01:47,706] {scheduler_job.py:643} INFO - DAG(s) dict_keys(['example_short_circuit_operator']) retrieved from /home/airflow/.local/lib/python3.6/site-packages/airflow/example_dags/example_short_circuit_operator.py
[2021-07-14 20:01:47,730] {logging_mixin.py:104} INFO - [2021-07-14 20:01:47,730] {dag.py:1833} INFO - Sync 1 DAGs
[2021-07-14 20:01:47,750] {logging_mixin.py:104} INFO - [2021-07-14 20:01:47,750] {dag.py:2306} INFO - Setting next_dagrun for example_short_circuit_operator to 2021-07-12 00:00:00+00:00
[2021-07-14 20:01:47,762] {scheduler_job.py:190} INFO - Processing /home/airflow/.local/lib/python3.6/site-packages/airflow/example_dags/example_short_circuit_operator.py took 0.077 seconds
[2021-07-14 20:02:17,916] {scheduler_job.py:182} INFO - Started process (PID=569) to work on /home/airflow/.local/lib/python3.6/site-packages/airflow/example_dags/example_short_circuit_operator.py
[2021-07-14 20:02:17,917] {scheduler_job.py:633} INFO - Processing file /home/airflow/.local/lib/python3.6/site-packages/airflow/example_dags/example_short_circuit_operator.py for tasks to queue
[2021-07-14 20:02:17,917] {logging_mixin.py:104} INFO - [2021-07-14 20:02:17,917] {dagbag.py:496} INFO - Filling up the DagBag from /home/airflow/.local/lib/python3.6/site-packages/airflow/example_dags/example_short_circuit_operator.py
[2021-07-14 20:02:17,932] {scheduler_job.py:643} INFO - DAG(s) dict_keys(['example_short_circuit_operator']) retrieved from /home/airflow/.local/lib/python3.6/site-packages/airflow/example_dags/example_short_circuit_operator.py
[2021-07-14 20:02:17,958] {logging_mixin.py:104} INFO - [2021-07-14 20:02:17,957] {dag.py:1833} INFO - Sync 1 DAGs
[2021-07-14 20:02:17,977] {logging_mixin.py:104} INFO - [2021-07-14 20:02:17,977] {dag.py:2306} INFO - Setting next_dagrun for example_short_circuit_operator to 2021-07-12 00:00:00+00:00
[2021-07-14 20:02:17,988] {scheduler_job.py:190} INFO - Processing /home/airflow/.local/lib/python3.6/site-packages/airflow/example_dags/example_short_circuit_operator.py took 0.076 seconds
[2021-07-14 20:02:48,921] {scheduler_job.py:182} INFO - Started process (PID=624) to work on /home/airflow/.local/lib/python3.6/site-packages/airflow/example_dags/example_short_circuit_operator.py
[2021-07-14 20:02:48,923] {scheduler_job.py:633} INFO - Processing file /home/airflow/.local/lib/python3.6/site-packages/airflow/example_dags/example_short_circuit_operator.py for tasks to queue
[2021-07-14 20:02:48,924] {logging_mixin.py:104} INFO - [2021-07-14 20:02:48,924] {dagbag.py:496} INFO - Filling up the DagBag from /home/airflow/.local/lib/python3.6/site-packages/airflow/example_dags/example_short_circuit_operator.py
[2021-07-14 20:02:48,944] {scheduler_job.py:643} INFO - DAG(s) dict_keys(['example_short_circuit_operator']) retrieved from /home/airflow/.local/lib/python3.6/site-packages/airflow/example_dags/example_short_circuit_operator.py
[2021-07-14 20:02:48,975] {logging_mixin.py:104} INFO - [2021-07-14 20:02:48,975] {dag.py:1833} INFO - Sync 1 DAGs
[2021-07-14 20:02:49,000] {logging_mixin.py:104} INFO - [2021-07-14 20:02:49,000] {dag.py:2306} INFO - Setting next_dagrun for example_short_circuit_operator to 2021-07-12 00:00:00+00:00
[2021-07-14 20:02:49,017] {scheduler_job.py:190} INFO - Processing /home/airflow/.local/lib/python3.6/site-packages/airflow/example_dags/example_short_circuit_operator.py took 0.100 seconds
[2021-07-14 20:03:19,164] {scheduler_job.py:182} INFO - Started process (PID=688) to work on /home/airflow/.local/lib/python3.6/site-packages/airflow/example_dags/example_short_circuit_operator.py
[2021-07-14 20:03:19,165] {scheduler_job.py:633} INFO - Processing file /home/airflow/.local/lib/python3.6/site-packages/airflow/example_dags/example_short_circuit_operator.py for tasks to queue
[2021-07-14 20:03:19,166] {logging_mixin.py:104} INFO - [2021-07-14 20:03:19,166] {dagbag.py:496} INFO - Filling up the DagBag from /home/airflow/.local/lib/python3.6/site-packages/airflow/example_dags/example_short_circuit_operator.py
[2021-07-14 20:03:19,180] {scheduler_job.py:643} INFO - DAG(s) dict_keys(['example_short_circuit_operator']) retrieved from /home/airflow/.local/lib/python3.6/site-packages/airflow/example_dags/example_short_circuit_operator.py
[2021-07-14 20:03:19,201] {logging_mixin.py:104} INFO - [2021-07-14 20:03:19,201] {dag.py:1833} INFO - Sync 1 DAGs
[2021-07-14 20:03:19,218] {logging_mixin.py:104} INFO - [2021-07-14 20:03:19,218] {dag.py:2306} INFO - Setting next_dagrun for example_short_circuit_operator to 2021-07-12 00:00:00+00:00
[2021-07-14 20:03:19,228] {scheduler_job.py:190} INFO - Processing /home/airflow/.local/lib/python3.6/site-packages/airflow/example_dags/example_short_circuit_operator.py took 0.067 seconds
[2021-07-14 20:03:49,557] {scheduler_job.py:182} INFO - Started process (PID=741) to work on /home/airflow/.local/lib/python3.6/site-packages/airflow/example_dags/example_short_circuit_operator.py
[2021-07-14 20:03:49,558] {scheduler_job.py:633} INFO - Processing file /home/airflow/.local/lib/python3.6/site-packages/airflow/example_dags/example_short_circuit_operator.py for tasks to queue
[2021-07-14 20:03:49,559] {logging_mixin.py:104} INFO - [2021-07-14 20:03:49,559] {dagbag.py:496} INFO - Filling up the DagBag from /home/airflow/.local/lib/python3.6/site-packages/airflow/example_dags/example_short_circuit_operator.py
[2021-07-14 20:03:49,573] {scheduler_job.py:643} INFO - DAG(s) dict_keys(['example_short_circuit_operator']) retrieved from /home/airflow/.local/lib/python3.6/site-packages/airflow/example_dags/example_short_circuit_operator.py
[2021-07-14 20:03:49,603] {logging_mixin.py:104} INFO - [2021-07-14 20:03:49,603] {dag.py:1833} INFO - Sync 1 DAGs
[2021-07-14 20:03:49,625] {logging_mixin.py:104} INFO - [2021-07-14 20:03:49,625] {dag.py:2306} INFO - Setting next_dagrun for example_short_circuit_operator to 2021-07-12 00:00:00+00:00
[2021-07-14 20:03:49,638] {scheduler_job.py:190} INFO - Processing /home/airflow/.local/lib/python3.6/site-packages/airflow/example_dags/example_short_circuit_operator.py took 0.084 seconds
[2021-07-14 20:04:19,890] {scheduler_job.py:182} INFO - Started process (PID=806) to work on /home/airflow/.local/lib/python3.6/site-packages/airflow/example_dags/example_short_circuit_operator.py
[2021-07-14 20:04:19,891] {scheduler_job.py:633} INFO - Processing file /home/airflow/.local/lib/python3.6/site-packages/airflow/example_dags/example_short_circuit_operator.py for tasks to queue
[2021-07-14 20:04:19,891] {logging_mixin.py:104} INFO - [2021-07-14 20:04:19,891] {dagbag.py:496} INFO - Filling up the DagBag from /home/airflow/.local/lib/python3.6/site-packages/airflow/example_dags/example_short_circuit_operator.py
[2021-07-14 20:04:19,904] {scheduler_job.py:643} INFO - DAG(s) dict_keys(['example_short_circuit_operator']) retrieved from /home/airflow/.local/lib/python3.6/site-packages/airflow/example_dags/example_short_circuit_operator.py
[2021-07-14 20:04:19,924] {logging_mixin.py:104} INFO - [2021-07-14 20:04:19,924] {dag.py:1833} INFO - Sync 1 DAGs
[2021-07-14 20:04:19,943] {logging_mixin.py:104} INFO - [2021-07-14 20:04:19,943] {dag.py:2306} INFO - Setting next_dagrun for example_short_circuit_operator to 2021-07-12 00:00:00+00:00
[2021-07-14 20:04:19,952] {scheduler_job.py:190} INFO - Processing /home/airflow/.local/lib/python3.6/site-packages/airflow/example_dags/example_short_circuit_operator.py took 0.065 seconds
[2021-07-14 20:04:50,312] {scheduler_job.py:182} INFO - Started process (PID=861) to work on /home/airflow/.local/lib/python3.6/site-packages/airflow/example_dags/example_short_circuit_operator.py
[2021-07-14 20:04:50,314] {scheduler_job.py:633} INFO - Processing file /home/airflow/.local/lib/python3.6/site-packages/airflow/example_dags/example_short_circuit_operator.py for tasks to queue
[2021-07-14 20:04:50,314] {logging_mixin.py:104} INFO - [2021-07-14 20:04:50,314] {dagbag.py:496} INFO - Filling up the DagBag from /home/airflow/.local/lib/python3.6/site-packages/airflow/example_dags/example_short_circuit_operator.py
[2021-07-14 20:04:50,329] {scheduler_job.py:643} INFO - DAG(s) dict_keys(['example_short_circuit_operator']) retrieved from /home/airflow/.local/lib/python3.6/site-packages/airflow/example_dags/example_short_circuit_operator.py
[2021-07-14 20:04:50,352] {logging_mixin.py:104} INFO - [2021-07-14 20:04:50,352] {dag.py:1833} INFO - Sync 1 DAGs
[2021-07-14 20:04:50,369] {logging_mixin.py:104} INFO - [2021-07-14 20:04:50,369] {dag.py:2306} INFO - Setting next_dagrun for example_short_circuit_operator to 2021-07-12 00:00:00+00:00
[2021-07-14 20:04:50,380] {scheduler_job.py:190} INFO - Processing /home/airflow/.local/lib/python3.6/site-packages/airflow/example_dags/example_short_circuit_operator.py took 0.071 seconds
[2021-07-14 20:05:20,581] {scheduler_job.py:182} INFO - Started process (PID=926) to work on /home/airflow/.local/lib/python3.6/site-packages/airflow/example_dags/example_short_circuit_operator.py
[2021-07-14 20:05:20,582] {scheduler_job.py:633} INFO - Processing file /home/airflow/.local/lib/python3.6/site-packages/airflow/example_dags/example_short_circuit_operator.py for tasks to queue
[2021-07-14 20:05:20,583] {logging_mixin.py:104} INFO - [2021-07-14 20:05:20,583] {dagbag.py:496} INFO - Filling up the DagBag from /home/airflow/.local/lib/python3.6/site-packages/airflow/example_dags/example_short_circuit_operator.py
[2021-07-14 20:05:20,605] {scheduler_job.py:643} INFO - DAG(s) dict_keys(['example_short_circuit_operator']) retrieved from /home/airflow/.local/lib/python3.6/site-packages/airflow/example_dags/example_short_circuit_operator.py
[2021-07-14 20:05:20,634] {logging_mixin.py:104} INFO - [2021-07-14 20:05:20,634] {dag.py:1833} INFO - Sync 1 DAGs
[2021-07-14 20:05:20,659] {logging_mixin.py:104} INFO - [2021-07-14 20:05:20,659] {dag.py:2306} INFO - Setting next_dagrun for example_short_circuit_operator to 2021-07-12 00:00:00+00:00
[2021-07-14 20:05:20,671] {scheduler_job.py:190} INFO - Processing /home/airflow/.local/lib/python3.6/site-packages/airflow/example_dags/example_short_circuit_operator.py took 0.094 seconds
[2021-07-14 20:05:50,794] {scheduler_job.py:182} INFO - Started process (PID=979) to work on /home/airflow/.local/lib/python3.6/site-packages/airflow/example_dags/example_short_circuit_operator.py
[2021-07-14 20:05:50,795] {scheduler_job.py:633} INFO - Processing file /home/airflow/.local/lib/python3.6/site-packages/airflow/example_dags/example_short_circuit_operator.py for tasks to queue
[2021-07-14 20:05:50,796] {logging_mixin.py:104} INFO - [2021-07-14 20:05:50,796] {dagbag.py:496} INFO - Filling up the DagBag from /home/airflow/.local/lib/python3.6/site-packages/airflow/example_dags/example_short_circuit_operator.py
[2021-07-14 20:05:50,812] {scheduler_job.py:643} INFO - DAG(s) dict_keys(['example_short_circuit_operator']) retrieved from /home/airflow/.local/lib/python3.6/site-packages/airflow/example_dags/example_short_circuit_operator.py
[2021-07-14 20:05:50,836] {logging_mixin.py:104} INFO - [2021-07-14 20:05:50,836] {dag.py:1833} INFO - Sync 1 DAGs
[2021-07-14 20:05:50,856] {logging_mixin.py:104} INFO - [2021-07-14 20:05:50,856] {dag.py:2306} INFO - Setting next_dagrun for example_short_circuit_operator to 2021-07-12 00:00:00+00:00
[2021-07-14 20:05:50,867] {scheduler_job.py:190} INFO - Processing /home/airflow/.local/lib/python3.6/site-packages/airflow/example_dags/example_short_circuit_operator.py took 0.077 seconds
[2021-07-14 20:06:21,257] {scheduler_job.py:182} INFO - Started process (PID=1042) to work on /home/airflow/.local/lib/python3.6/site-packages/airflow/example_dags/example_short_circuit_operator.py
[2021-07-14 20:06:21,258] {scheduler_job.py:633} INFO - Processing file /home/airflow/.local/lib/python3.6/site-packages/airflow/example_dags/example_short_circuit_operator.py for tasks to queue
[2021-07-14 20:06:21,259] {logging_mixin.py:104} INFO - [2021-07-14 20:06:21,259] {dagbag.py:496} INFO - Filling up the DagBag from /home/airflow/.local/lib/python3.6/site-packages/airflow/example_dags/example_short_circuit_operator.py
[2021-07-14 20:06:21,279] {scheduler_job.py:643} INFO - DAG(s) dict_keys(['example_short_circuit_operator']) retrieved from /home/airflow/.local/lib/python3.6/site-packages/airflow/example_dags/example_short_circuit_operator.py
[2021-07-14 20:06:21,302] {logging_mixin.py:104} INFO - [2021-07-14 20:06:21,302] {dag.py:1833} INFO - Sync 1 DAGs
[2021-07-14 20:06:21,321] {logging_mixin.py:104} INFO - [2021-07-14 20:06:21,321] {dag.py:2306} INFO - Setting next_dagrun for example_short_circuit_operator to 2021-07-12 00:00:00+00:00
[2021-07-14 20:06:21,332] {scheduler_job.py:190} INFO - Processing /home/airflow/.local/lib/python3.6/site-packages/airflow/example_dags/example_short_circuit_operator.py took 0.078 seconds
[2021-07-14 20:06:52,585] {scheduler_job.py:182} INFO - Started process (PID=1106) to work on /home/airflow/.local/lib/python3.6/site-packages/airflow/example_dags/example_short_circuit_operator.py
[2021-07-14 20:06:52,586] {scheduler_job.py:633} INFO - Processing file /home/airflow/.local/lib/python3.6/site-packages/airflow/example_dags/example_short_circuit_operator.py for tasks to queue
[2021-07-14 20:06:52,587] {logging_mixin.py:104} INFO - [2021-07-14 20:06:52,587] {dagbag.py:496} INFO - Filling up the DagBag from /home/airflow/.local/lib/python3.6/site-packages/airflow/example_dags/example_short_circuit_operator.py
[2021-07-14 20:06:52,601] {scheduler_job.py:643} INFO - DAG(s) dict_keys(['example_short_circuit_operator']) retrieved from /home/airflow/.local/lib/python3.6/site-packages/airflow/example_dags/example_short_circuit_operator.py
[2021-07-14 20:06:52,623] {logging_mixin.py:104} INFO - [2021-07-14 20:06:52,623] {dag.py:1833} INFO - Sync 1 DAGs
[2021-07-14 20:06:52,641] {logging_mixin.py:104} INFO - [2021-07-14 20:06:52,641] {dag.py:2306} INFO - Setting next_dagrun for example_short_circuit_operator to 2021-07-12 00:00:00+00:00
[2021-07-14 20:06:52,653] {scheduler_job.py:190} INFO - Processing /home/airflow/.local/lib/python3.6/site-packages/airflow/example_dags/example_short_circuit_operator.py took 0.071 seconds
[2021-07-14 20:07:23,096] {scheduler_job.py:182} INFO - Started process (PID=1159) to work on /home/airflow/.local/lib/python3.6/site-packages/airflow/example_dags/example_short_circuit_operator.py
[2021-07-14 20:07:23,097] {scheduler_job.py:633} INFO - Processing file /home/airflow/.local/lib/python3.6/site-packages/airflow/example_dags/example_short_circuit_operator.py for tasks to queue
[2021-07-14 20:07:23,098] {logging_mixin.py:104} INFO - [2021-07-14 20:07:23,098] {dagbag.py:496} INFO - Filling up the DagBag from /home/airflow/.local/lib/python3.6/site-packages/airflow/example_dags/example_short_circuit_operator.py
[2021-07-14 20:07:23,113] {scheduler_job.py:643} INFO - DAG(s) dict_keys(['example_short_circuit_operator']) retrieved from /home/airflow/.local/lib/python3.6/site-packages/airflow/example_dags/example_short_circuit_operator.py
[2021-07-14 20:07:23,141] {logging_mixin.py:104} INFO - [2021-07-14 20:07:23,141] {dag.py:1833} INFO - Sync 1 DAGs
[2021-07-14 20:07:23,162] {logging_mixin.py:104} INFO - [2021-07-14 20:07:23,161] {dag.py:2306} INFO - Setting next_dagrun for example_short_circuit_operator to 2021-07-12 00:00:00+00:00
[2021-07-14 20:07:23,175] {scheduler_job.py:190} INFO - Processing /home/airflow/.local/lib/python3.6/site-packages/airflow/example_dags/example_short_circuit_operator.py took 0.083 seconds
[2021-07-14 20:07:53,876] {scheduler_job.py:182} INFO - Started process (PID=1224) to work on /home/airflow/.local/lib/python3.6/site-packages/airflow/example_dags/example_short_circuit_operator.py
[2021-07-14 20:07:53,877] {scheduler_job.py:633} INFO - Processing file /home/airflow/.local/lib/python3.6/site-packages/airflow/example_dags/example_short_circuit_operator.py for tasks to queue
[2021-07-14 20:07:53,878] {logging_mixin.py:104} INFO - [2021-07-14 20:07:53,878] {dagbag.py:496} INFO - Filling up the DagBag from /home/airflow/.local/lib/python3.6/site-packages/airflow/example_dags/example_short_circuit_operator.py
[2021-07-14 20:07:53,896] {scheduler_job.py:643} INFO - DAG(s) dict_keys(['example_short_circuit_operator']) retrieved from /home/airflow/.local/lib/python3.6/site-packages/airflow/example_dags/example_short_circuit_operator.py
[2021-07-14 20:07:53,923] {logging_mixin.py:104} INFO - [2021-07-14 20:07:53,923] {dag.py:1833} INFO - Sync 1 DAGs
[2021-07-14 20:07:53,945] {logging_mixin.py:104} INFO - [2021-07-14 20:07:53,945] {dag.py:2306} INFO - Setting next_dagrun for example_short_circuit_operator to 2021-07-12 00:00:00+00:00
[2021-07-14 20:07:53,957] {scheduler_job.py:190} INFO - Processing /home/airflow/.local/lib/python3.6/site-packages/airflow/example_dags/example_short_circuit_operator.py took 0.085 seconds
[2021-07-14 20:08:24,299] {scheduler_job.py:182} INFO - Started process (PID=1279) to work on /home/airflow/.local/lib/python3.6/site-packages/airflow/example_dags/example_short_circuit_operator.py
[2021-07-14 20:08:24,301] {scheduler_job.py:633} INFO - Processing file /home/airflow/.local/lib/python3.6/site-packages/airflow/example_dags/example_short_circuit_operator.py for tasks to queue
[2021-07-14 20:08:24,302] {logging_mixin.py:104} INFO - [2021-07-14 20:08:24,302] {dagbag.py:496} INFO - Filling up the DagBag from /home/airflow/.local/lib/python3.6/site-packages/airflow/example_dags/example_short_circuit_operator.py
[2021-07-14 20:08:24,325] {scheduler_job.py:643} INFO - DAG(s) dict_keys(['example_short_circuit_operator']) retrieved from /home/airflow/.local/lib/python3.6/site-packages/airflow/example_dags/example_short_circuit_operator.py
[2021-07-14 20:08:24,362] {logging_mixin.py:104} INFO - [2021-07-14 20:08:24,361] {dag.py:1833} INFO - Sync 1 DAGs
[2021-07-14 20:08:24,388] {logging_mixin.py:104} INFO - [2021-07-14 20:08:24,388] {dag.py:2306} INFO - Setting next_dagrun for example_short_circuit_operator to 2021-07-12 00:00:00+00:00
[2021-07-14 20:08:24,401] {scheduler_job.py:190} INFO - Processing /home/airflow/.local/lib/python3.6/site-packages/airflow/example_dags/example_short_circuit_operator.py took 0.106 seconds
[2021-07-14 20:08:54,872] {scheduler_job.py:182} INFO - Started process (PID=1342) to work on /home/airflow/.local/lib/python3.6/site-packages/airflow/example_dags/example_short_circuit_operator.py
[2021-07-14 20:08:54,873] {scheduler_job.py:633} INFO - Processing file /home/airflow/.local/lib/python3.6/site-packages/airflow/example_dags/example_short_circuit_operator.py for tasks to queue
[2021-07-14 20:08:54,874] {logging_mixin.py:104} INFO - [2021-07-14 20:08:54,873] {dagbag.py:496} INFO - Filling up the DagBag from /home/airflow/.local/lib/python3.6/site-packages/airflow/example_dags/example_short_circuit_operator.py
[2021-07-14 20:08:54,892] {scheduler_job.py:643} INFO - DAG(s) dict_keys(['example_short_circuit_operator']) retrieved from /home/airflow/.local/lib/python3.6/site-packages/airflow/example_dags/example_short_circuit_operator.py
[2021-07-14 20:08:54,920] {logging_mixin.py:104} INFO - [2021-07-14 20:08:54,920] {dag.py:1833} INFO - Sync 1 DAGs
[2021-07-14 20:08:54,945] {logging_mixin.py:104} INFO - [2021-07-14 20:08:54,945] {dag.py:2306} INFO - Setting next_dagrun for example_short_circuit_operator to 2021-07-12 00:00:00+00:00
[2021-07-14 20:08:54,960] {scheduler_job.py:190} INFO - Processing /home/airflow/.local/lib/python3.6/site-packages/airflow/example_dags/example_short_circuit_operator.py took 0.092 seconds
[2021-07-14 20:09:25,518] {scheduler_job.py:182} INFO - Started process (PID=1396) to work on /home/airflow/.local/lib/python3.6/site-packages/airflow/example_dags/example_short_circuit_operator.py
[2021-07-14 20:09:25,520] {scheduler_job.py:633} INFO - Processing file /home/airflow/.local/lib/python3.6/site-packages/airflow/example_dags/example_short_circuit_operator.py for tasks to queue
[2021-07-14 20:09:25,521] {logging_mixin.py:104} INFO - [2021-07-14 20:09:25,521] {dagbag.py:496} INFO - Filling up the DagBag from /home/airflow/.local/lib/python3.6/site-packages/airflow/example_dags/example_short_circuit_operator.py
[2021-07-14 20:09:25,535] {scheduler_job.py:643} INFO - DAG(s) dict_keys(['example_short_circuit_operator']) retrieved from /home/airflow/.local/lib/python3.6/site-packages/airflow/example_dags/example_short_circuit_operator.py
[2021-07-14 20:09:25,557] {logging_mixin.py:104} INFO - [2021-07-14 20:09:25,557] {dag.py:1833} INFO - Sync 1 DAGs
[2021-07-14 20:09:25,575] {logging_mixin.py:104} INFO - [2021-07-14 20:09:25,575] {dag.py:2306} INFO - Setting next_dagrun for example_short_circuit_operator to 2021-07-12 00:00:00+00:00
[2021-07-14 20:09:25,585] {scheduler_job.py:190} INFO - Processing /home/airflow/.local/lib/python3.6/site-packages/airflow/example_dags/example_short_circuit_operator.py took 0.069 seconds
[2021-07-14 20:09:55,827] {scheduler_job.py:182} INFO - Started process (PID=1461) to work on /home/airflow/.local/lib/python3.6/site-packages/airflow/example_dags/example_short_circuit_operator.py
[2021-07-14 20:09:55,829] {scheduler_job.py:633} INFO - Processing file /home/airflow/.local/lib/python3.6/site-packages/airflow/example_dags/example_short_circuit_operator.py for tasks to queue
[2021-07-14 20:09:55,830] {logging_mixin.py:104} INFO - [2021-07-14 20:09:55,829] {dagbag.py:496} INFO - Filling up the DagBag from /home/airflow/.local/lib/python3.6/site-packages/airflow/example_dags/example_short_circuit_operator.py
[2021-07-14 20:09:55,843] {scheduler_job.py:643} INFO - DAG(s) dict_keys(['example_short_circuit_operator']) retrieved from /home/airflow/.local/lib/python3.6/site-packages/airflow/example_dags/example_short_circuit_operator.py
[2021-07-14 20:09:55,865] {logging_mixin.py:104} INFO - [2021-07-14 20:09:55,865] {dag.py:1833} INFO - Sync 1 DAGs
[2021-07-14 20:09:55,882] {logging_mixin.py:104} INFO - [2021-07-14 20:09:55,882] {dag.py:2306} INFO - Setting next_dagrun for example_short_circuit_operator to 2021-07-12 00:00:00+00:00
[2021-07-14 20:09:55,893] {scheduler_job.py:190} INFO - Processing /home/airflow/.local/lib/python3.6/site-packages/airflow/example_dags/example_short_circuit_operator.py took 0.069 seconds
[2021-07-14 20:10:26,208] {scheduler_job.py:182} INFO - Started process (PID=1520) to work on /home/airflow/.local/lib/python3.6/site-packages/airflow/example_dags/example_short_circuit_operator.py
[2021-07-14 20:10:26,210] {scheduler_job.py:633} INFO - Processing file /home/airflow/.local/lib/python3.6/site-packages/airflow/example_dags/example_short_circuit_operator.py for tasks to queue
[2021-07-14 20:10:26,211] {logging_mixin.py:104} INFO - [2021-07-14 20:10:26,210] {dagbag.py:496} INFO - Filling up the DagBag from /home/airflow/.local/lib/python3.6/site-packages/airflow/example_dags/example_short_circuit_operator.py
[2021-07-14 20:10:26,229] {scheduler_job.py:643} INFO - DAG(s) dict_keys(['example_short_circuit_operator']) retrieved from /home/airflow/.local/lib/python3.6/site-packages/airflow/example_dags/example_short_circuit_operator.py
[2021-07-14 20:10:26,260] {logging_mixin.py:104} INFO - [2021-07-14 20:10:26,260] {dag.py:1833} INFO - Sync 1 DAGs
[2021-07-14 20:10:26,282] {logging_mixin.py:104} INFO - [2021-07-14 20:10:26,282] {dag.py:2306} INFO - Setting next_dagrun for example_short_circuit_operator to 2021-07-12 00:00:00+00:00
[2021-07-14 20:10:26,295] {scheduler_job.py:190} INFO - Processing /home/airflow/.local/lib/python3.6/site-packages/airflow/example_dags/example_short_circuit_operator.py took 0.090 seconds
[2021-07-14 20:10:56,565] {scheduler_job.py:182} INFO - Started process (PID=1579) to work on /home/airflow/.local/lib/python3.6/site-packages/airflow/example_dags/example_short_circuit_operator.py
[2021-07-14 20:10:56,567] {scheduler_job.py:633} INFO - Processing file /home/airflow/.local/lib/python3.6/site-packages/airflow/example_dags/example_short_circuit_operator.py for tasks to queue
[2021-07-14 20:10:56,567] {logging_mixin.py:104} INFO - [2021-07-14 20:10:56,567] {dagbag.py:496} INFO - Filling up the DagBag from /home/airflow/.local/lib/python3.6/site-packages/airflow/example_dags/example_short_circuit_operator.py
[2021-07-14 20:10:56,585] {scheduler_job.py:643} INFO - DAG(s) dict_keys(['example_short_circuit_operator']) retrieved from /home/airflow/.local/lib/python3.6/site-packages/airflow/example_dags/example_short_circuit_operator.py
[2021-07-14 20:10:56,617] {logging_mixin.py:104} INFO - [2021-07-14 20:10:56,617] {dag.py:1833} INFO - Sync 1 DAGs
[2021-07-14 20:10:56,641] {logging_mixin.py:104} INFO - [2021-07-14 20:10:56,641] {dag.py:2306} INFO - Setting next_dagrun for example_short_circuit_operator to 2021-07-12 00:00:00+00:00
[2021-07-14 20:10:56,656] {scheduler_job.py:190} INFO - Processing /home/airflow/.local/lib/python3.6/site-packages/airflow/example_dags/example_short_circuit_operator.py took 0.094 seconds
[2021-07-14 20:11:26,844] {scheduler_job.py:182} INFO - Started process (PID=1642) to work on /home/airflow/.local/lib/python3.6/site-packages/airflow/example_dags/example_short_circuit_operator.py
[2021-07-14 20:11:26,846] {scheduler_job.py:633} INFO - Processing file /home/airflow/.local/lib/python3.6/site-packages/airflow/example_dags/example_short_circuit_operator.py for tasks to queue
[2021-07-14 20:11:26,847] {logging_mixin.py:104} INFO - [2021-07-14 20:11:26,847] {dagbag.py:496} INFO - Filling up the DagBag from /home/airflow/.local/lib/python3.6/site-packages/airflow/example_dags/example_short_circuit_operator.py
[2021-07-14 20:11:26,874] {scheduler_job.py:643} INFO - DAG(s) dict_keys(['example_short_circuit_operator']) retrieved from /home/airflow/.local/lib/python3.6/site-packages/airflow/example_dags/example_short_circuit_operator.py
[2021-07-14 20:11:26,916] {logging_mixin.py:104} INFO - [2021-07-14 20:11:26,916] {dag.py:1833} INFO - Sync 1 DAGs
[2021-07-14 20:11:26,949] {logging_mixin.py:104} INFO - [2021-07-14 20:11:26,949] {dag.py:2306} INFO - Setting next_dagrun for example_short_circuit_operator to 2021-07-12 00:00:00+00:00
[2021-07-14 20:11:26,968] {scheduler_job.py:190} INFO - Processing /home/airflow/.local/lib/python3.6/site-packages/airflow/example_dags/example_short_circuit_operator.py took 0.129 seconds
[2021-07-14 20:11:57,727] {scheduler_job.py:182} INFO - Started process (PID=1698) to work on /home/airflow/.local/lib/python3.6/site-packages/airflow/example_dags/example_short_circuit_operator.py
[2021-07-14 20:11:57,728] {scheduler_job.py:633} INFO - Processing file /home/airflow/.local/lib/python3.6/site-packages/airflow/example_dags/example_short_circuit_operator.py for tasks to queue
[2021-07-14 20:11:57,728] {logging_mixin.py:104} INFO - [2021-07-14 20:11:57,728] {dagbag.py:496} INFO - Filling up the DagBag from /home/airflow/.local/lib/python3.6/site-packages/airflow/example_dags/example_short_circuit_operator.py
[2021-07-14 20:11:57,742] {scheduler_job.py:643} INFO - DAG(s) dict_keys(['example_short_circuit_operator']) retrieved from /home/airflow/.local/lib/python3.6/site-packages/airflow/example_dags/example_short_circuit_operator.py
[2021-07-14 20:11:57,765] {logging_mixin.py:104} INFO - [2021-07-14 20:11:57,765] {dag.py:1833} INFO - Sync 1 DAGs
[2021-07-14 20:11:57,783] {logging_mixin.py:104} INFO - [2021-07-14 20:11:57,783] {dag.py:2306} INFO - Setting next_dagrun for example_short_circuit_operator to 2021-07-12 00:00:00+00:00
[2021-07-14 20:11:57,793] {scheduler_job.py:190} INFO - Processing /home/airflow/.local/lib/python3.6/site-packages/airflow/example_dags/example_short_circuit_operator.py took 0.070 seconds
[2021-07-14 20:12:27,877] {scheduler_job.py:182} INFO - Started process (PID=1763) to work on /home/airflow/.local/lib/python3.6/site-packages/airflow/example_dags/example_short_circuit_operator.py
[2021-07-14 20:12:27,878] {scheduler_job.py:633} INFO - Processing file /home/airflow/.local/lib/python3.6/site-packages/airflow/example_dags/example_short_circuit_operator.py for tasks to queue
[2021-07-14 20:12:27,879] {logging_mixin.py:104} INFO - [2021-07-14 20:12:27,879] {dagbag.py:496} INFO - Filling up the DagBag from /home/airflow/.local/lib/python3.6/site-packages/airflow/example_dags/example_short_circuit_operator.py
[2021-07-14 20:12:27,892] {scheduler_job.py:643} INFO - DAG(s) dict_keys(['example_short_circuit_operator']) retrieved from /home/airflow/.local/lib/python3.6/site-packages/airflow/example_dags/example_short_circuit_operator.py
[2021-07-14 20:12:27,913] {logging_mixin.py:104} INFO - [2021-07-14 20:12:27,913] {dag.py:1833} INFO - Sync 1 DAGs
[2021-07-14 20:12:27,929] {logging_mixin.py:104} INFO - [2021-07-14 20:12:27,929] {dag.py:2306} INFO - Setting next_dagrun for example_short_circuit_operator to 2021-07-12 00:00:00+00:00
[2021-07-14 20:12:27,940] {scheduler_job.py:190} INFO - Processing /home/airflow/.local/lib/python3.6/site-packages/airflow/example_dags/example_short_circuit_operator.py took 0.065 seconds
[2021-07-14 20:12:58,123] {scheduler_job.py:182} INFO - Started process (PID=1816) to work on /home/airflow/.local/lib/python3.6/site-packages/airflow/example_dags/example_short_circuit_operator.py
[2021-07-14 20:12:58,124] {scheduler_job.py:633} INFO - Processing file /home/airflow/.local/lib/python3.6/site-packages/airflow/example_dags/example_short_circuit_operator.py for tasks to queue
[2021-07-14 20:12:58,124] {logging_mixin.py:104} INFO - [2021-07-14 20:12:58,124] {dagbag.py:496} INFO - Filling up the DagBag from /home/airflow/.local/lib/python3.6/site-packages/airflow/example_dags/example_short_circuit_operator.py
[2021-07-14 20:12:58,141] {scheduler_job.py:643} INFO - DAG(s) dict_keys(['example_short_circuit_operator']) retrieved from /home/airflow/.local/lib/python3.6/site-packages/airflow/example_dags/example_short_circuit_operator.py
[2021-07-14 20:12:58,175] {logging_mixin.py:104} INFO - [2021-07-14 20:12:58,175] {dag.py:1833} INFO - Sync 1 DAGs
[2021-07-14 20:12:58,197] {logging_mixin.py:104} INFO - [2021-07-14 20:12:58,197] {dag.py:2306} INFO - Setting next_dagrun for example_short_circuit_operator to 2021-07-12 00:00:00+00:00
[2021-07-14 20:12:58,208] {scheduler_job.py:190} INFO - Processing /home/airflow/.local/lib/python3.6/site-packages/airflow/example_dags/example_short_circuit_operator.py took 0.088 seconds
[2021-07-14 20:13:28,569] {scheduler_job.py:182} INFO - Started process (PID=1882) to work on /home/airflow/.local/lib/python3.6/site-packages/airflow/example_dags/example_short_circuit_operator.py
[2021-07-14 20:13:28,570] {scheduler_job.py:633} INFO - Processing file /home/airflow/.local/lib/python3.6/site-packages/airflow/example_dags/example_short_circuit_operator.py for tasks to queue
[2021-07-14 20:13:28,571] {logging_mixin.py:104} INFO - [2021-07-14 20:13:28,571] {dagbag.py:496} INFO - Filling up the DagBag from /home/airflow/.local/lib/python3.6/site-packages/airflow/example_dags/example_short_circuit_operator.py
[2021-07-14 20:13:28,584] {scheduler_job.py:643} INFO - DAG(s) dict_keys(['example_short_circuit_operator']) retrieved from /home/airflow/.local/lib/python3.6/site-packages/airflow/example_dags/example_short_circuit_operator.py
[2021-07-14 20:13:28,605] {logging_mixin.py:104} INFO - [2021-07-14 20:13:28,605] {dag.py:1833} INFO - Sync 1 DAGs
[2021-07-14 20:13:28,622] {logging_mixin.py:104} INFO - [2021-07-14 20:13:28,622] {dag.py:2306} INFO - Setting next_dagrun for example_short_circuit_operator to 2021-07-12 00:00:00+00:00
[2021-07-14 20:13:28,632] {scheduler_job.py:190} INFO - Processing /home/airflow/.local/lib/python3.6/site-packages/airflow/example_dags/example_short_circuit_operator.py took 0.067 seconds
[2021-07-14 20:13:59,593] {scheduler_job.py:182} INFO - Started process (PID=1944) to work on /home/airflow/.local/lib/python3.6/site-packages/airflow/example_dags/example_short_circuit_operator.py
[2021-07-14 20:13:59,594] {scheduler_job.py:633} INFO - Processing file /home/airflow/.local/lib/python3.6/site-packages/airflow/example_dags/example_short_circuit_operator.py for tasks to queue
[2021-07-14 20:13:59,595] {logging_mixin.py:104} INFO - [2021-07-14 20:13:59,595] {dagbag.py:496} INFO - Filling up the DagBag from /home/airflow/.local/lib/python3.6/site-packages/airflow/example_dags/example_short_circuit_operator.py
[2021-07-14 20:13:59,609] {scheduler_job.py:643} INFO - DAG(s) dict_keys(['example_short_circuit_operator']) retrieved from /home/airflow/.local/lib/python3.6/site-packages/airflow/example_dags/example_short_circuit_operator.py
[2021-07-14 20:13:59,631] {logging_mixin.py:104} INFO - [2021-07-14 20:13:59,631] {dag.py:1833} INFO - Sync 1 DAGs
[2021-07-14 20:13:59,650] {logging_mixin.py:104} INFO - [2021-07-14 20:13:59,649] {dag.py:2306} INFO - Setting next_dagrun for example_short_circuit_operator to 2021-07-12 00:00:00+00:00
[2021-07-14 20:13:59,661] {scheduler_job.py:190} INFO - Processing /home/airflow/.local/lib/python3.6/site-packages/airflow/example_dags/example_short_circuit_operator.py took 0.071 seconds
[2021-07-14 20:14:29,710] {scheduler_job.py:182} INFO - Started process (PID=2000) to work on /home/airflow/.local/lib/python3.6/site-packages/airflow/example_dags/example_short_circuit_operator.py
[2021-07-14 20:14:29,712] {scheduler_job.py:633} INFO - Processing file /home/airflow/.local/lib/python3.6/site-packages/airflow/example_dags/example_short_circuit_operator.py for tasks to queue
[2021-07-14 20:14:29,712] {logging_mixin.py:104} INFO - [2021-07-14 20:14:29,712] {dagbag.py:496} INFO - Filling up the DagBag from /home/airflow/.local/lib/python3.6/site-packages/airflow/example_dags/example_short_circuit_operator.py
[2021-07-14 20:14:29,731] {scheduler_job.py:643} INFO - DAG(s) dict_keys(['example_short_circuit_operator']) retrieved from /home/airflow/.local/lib/python3.6/site-packages/airflow/example_dags/example_short_circuit_operator.py
[2021-07-14 20:14:29,754] {logging_mixin.py:104} INFO - [2021-07-14 20:14:29,753] {dag.py:1833} INFO - Sync 1 DAGs
[2021-07-14 20:14:29,771] {logging_mixin.py:104} INFO - [2021-07-14 20:14:29,771] {dag.py:2306} INFO - Setting next_dagrun for example_short_circuit_operator to 2021-07-12 00:00:00+00:00
[2021-07-14 20:14:29,782] {scheduler_job.py:190} INFO - Processing /home/airflow/.local/lib/python3.6/site-packages/airflow/example_dags/example_short_circuit_operator.py took 0.075 seconds
[2021-07-14 20:15:00,238] {scheduler_job.py:182} INFO - Started process (PID=2064) to work on /home/airflow/.local/lib/python3.6/site-packages/airflow/example_dags/example_short_circuit_operator.py
[2021-07-14 20:15:00,240] {scheduler_job.py:633} INFO - Processing file /home/airflow/.local/lib/python3.6/site-packages/airflow/example_dags/example_short_circuit_operator.py for tasks to queue
[2021-07-14 20:15:00,240] {logging_mixin.py:104} INFO - [2021-07-14 20:15:00,240] {dagbag.py:496} INFO - Filling up the DagBag from /home/airflow/.local/lib/python3.6/site-packages/airflow/example_dags/example_short_circuit_operator.py
[2021-07-14 20:15:00,254] {scheduler_job.py:643} INFO - DAG(s) dict_keys(['example_short_circuit_operator']) retrieved from /home/airflow/.local/lib/python3.6/site-packages/airflow/example_dags/example_short_circuit_operator.py
[2021-07-14 20:15:00,278] {logging_mixin.py:104} INFO - [2021-07-14 20:15:00,278] {dag.py:1833} INFO - Sync 1 DAGs
[2021-07-14 20:15:00,299] {logging_mixin.py:104} INFO - [2021-07-14 20:15:00,299] {dag.py:2306} INFO - Setting next_dagrun for example_short_circuit_operator to 2021-07-12 00:00:00+00:00
[2021-07-14 20:15:00,316] {scheduler_job.py:190} INFO - Processing /home/airflow/.local/lib/python3.6/site-packages/airflow/example_dags/example_short_circuit_operator.py took 0.082 seconds
[2021-07-14 20:15:30,731] {scheduler_job.py:182} INFO - Started process (PID=2118) to work on /home/airflow/.local/lib/python3.6/site-packages/airflow/example_dags/example_short_circuit_operator.py
[2021-07-14 20:15:30,732] {scheduler_job.py:633} INFO - Processing file /home/airflow/.local/lib/python3.6/site-packages/airflow/example_dags/example_short_circuit_operator.py for tasks to queue
[2021-07-14 20:15:30,734] {logging_mixin.py:104} INFO - [2021-07-14 20:15:30,733] {dagbag.py:496} INFO - Filling up the DagBag from /home/airflow/.local/lib/python3.6/site-packages/airflow/example_dags/example_short_circuit_operator.py
[2021-07-14 20:15:30,752] {scheduler_job.py:643} INFO - DAG(s) dict_keys(['example_short_circuit_operator']) retrieved from /home/airflow/.local/lib/python3.6/site-packages/airflow/example_dags/example_short_circuit_operator.py
[2021-07-14 20:15:30,786] {logging_mixin.py:104} INFO - [2021-07-14 20:15:30,786] {dag.py:1833} INFO - Sync 1 DAGs
[2021-07-14 20:15:30,814] {logging_mixin.py:104} INFO - [2021-07-14 20:15:30,814] {dag.py:2306} INFO - Setting next_dagrun for example_short_circuit_operator to 2021-07-12 00:00:00+00:00
[2021-07-14 20:15:30,830] {scheduler_job.py:190} INFO - Processing /home/airflow/.local/lib/python3.6/site-packages/airflow/example_dags/example_short_circuit_operator.py took 0.104 seconds
[2021-07-14 20:16:01,087] {scheduler_job.py:182} INFO - Started process (PID=2182) to work on /home/airflow/.local/lib/python3.6/site-packages/airflow/example_dags/example_short_circuit_operator.py
[2021-07-14 20:16:01,088] {scheduler_job.py:633} INFO - Processing file /home/airflow/.local/lib/python3.6/site-packages/airflow/example_dags/example_short_circuit_operator.py for tasks to queue
[2021-07-14 20:16:01,089] {logging_mixin.py:104} INFO - [2021-07-14 20:16:01,089] {dagbag.py:496} INFO - Filling up the DagBag from /home/airflow/.local/lib/python3.6/site-packages/airflow/example_dags/example_short_circuit_operator.py
[2021-07-14 20:16:01,108] {scheduler_job.py:643} INFO - DAG(s) dict_keys(['example_short_circuit_operator']) retrieved from /home/airflow/.local/lib/python3.6/site-packages/airflow/example_dags/example_short_circuit_operator.py
[2021-07-14 20:16:01,135] {logging_mixin.py:104} INFO - [2021-07-14 20:16:01,135] {dag.py:1833} INFO - Sync 1 DAGs
[2021-07-14 20:16:01,155] {logging_mixin.py:104} INFO - [2021-07-14 20:16:01,155] {dag.py:2306} INFO - Setting next_dagrun for example_short_circuit_operator to 2021-07-12 00:00:00+00:00
[2021-07-14 20:16:01,167] {scheduler_job.py:190} INFO - Processing /home/airflow/.local/lib/python3.6/site-packages/airflow/example_dags/example_short_circuit_operator.py took 0.084 seconds
[2021-07-14 20:16:32,037] {scheduler_job.py:182} INFO - Started process (PID=2235) to work on /home/airflow/.local/lib/python3.6/site-packages/airflow/example_dags/example_short_circuit_operator.py
[2021-07-14 20:16:32,038] {scheduler_job.py:633} INFO - Processing file /home/airflow/.local/lib/python3.6/site-packages/airflow/example_dags/example_short_circuit_operator.py for tasks to queue
[2021-07-14 20:16:32,039] {logging_mixin.py:104} INFO - [2021-07-14 20:16:32,039] {dagbag.py:496} INFO - Filling up the DagBag from /home/airflow/.local/lib/python3.6/site-packages/airflow/example_dags/example_short_circuit_operator.py
[2021-07-14 20:16:32,062] {scheduler_job.py:643} INFO - DAG(s) dict_keys(['example_short_circuit_operator']) retrieved from /home/airflow/.local/lib/python3.6/site-packages/airflow/example_dags/example_short_circuit_operator.py
[2021-07-14 20:16:32,095] {logging_mixin.py:104} INFO - [2021-07-14 20:16:32,095] {dag.py:1833} INFO - Sync 1 DAGs
[2021-07-14 20:16:32,119] {logging_mixin.py:104} INFO - [2021-07-14 20:16:32,119] {dag.py:2306} INFO - Setting next_dagrun for example_short_circuit_operator to 2021-07-12 00:00:00+00:00
[2021-07-14 20:16:32,133] {scheduler_job.py:190} INFO - Processing /home/airflow/.local/lib/python3.6/site-packages/airflow/example_dags/example_short_circuit_operator.py took 0.099 seconds
[2021-07-14 20:17:02,531] {scheduler_job.py:182} INFO - Started process (PID=2297) to work on /home/airflow/.local/lib/python3.6/site-packages/airflow/example_dags/example_short_circuit_operator.py
[2021-07-14 20:17:02,532] {scheduler_job.py:633} INFO - Processing file /home/airflow/.local/lib/python3.6/site-packages/airflow/example_dags/example_short_circuit_operator.py for tasks to queue
[2021-07-14 20:17:02,532] {logging_mixin.py:104} INFO - [2021-07-14 20:17:02,532] {dagbag.py:496} INFO - Filling up the DagBag from /home/airflow/.local/lib/python3.6/site-packages/airflow/example_dags/example_short_circuit_operator.py
[2021-07-14 20:17:02,546] {scheduler_job.py:643} INFO - DAG(s) dict_keys(['example_short_circuit_operator']) retrieved from /home/airflow/.local/lib/python3.6/site-packages/airflow/example_dags/example_short_circuit_operator.py
[2021-07-14 20:17:02,568] {logging_mixin.py:104} INFO - [2021-07-14 20:17:02,568] {dag.py:1833} INFO - Sync 1 DAGs
[2021-07-14 20:17:02,589] {logging_mixin.py:104} INFO - [2021-07-14 20:17:02,588] {dag.py:2306} INFO - Setting next_dagrun for example_short_circuit_operator to 2021-07-12 00:00:00+00:00
[2021-07-14 20:17:02,602] {scheduler_job.py:190} INFO - Processing /home/airflow/.local/lib/python3.6/site-packages/airflow/example_dags/example_short_circuit_operator.py took 0.074 seconds
[2021-07-14 20:17:32,933] {scheduler_job.py:182} INFO - Started process (PID=2350) to work on /home/airflow/.local/lib/python3.6/site-packages/airflow/example_dags/example_short_circuit_operator.py
[2021-07-14 20:17:32,935] {scheduler_job.py:633} INFO - Processing file /home/airflow/.local/lib/python3.6/site-packages/airflow/example_dags/example_short_circuit_operator.py for tasks to queue
[2021-07-14 20:17:32,936] {logging_mixin.py:104} INFO - [2021-07-14 20:17:32,936] {dagbag.py:496} INFO - Filling up the DagBag from /home/airflow/.local/lib/python3.6/site-packages/airflow/example_dags/example_short_circuit_operator.py
[2021-07-14 20:17:32,956] {scheduler_job.py:643} INFO - DAG(s) dict_keys(['example_short_circuit_operator']) retrieved from /home/airflow/.local/lib/python3.6/site-packages/airflow/example_dags/example_short_circuit_operator.py
[2021-07-14 20:17:32,993] {logging_mixin.py:104} INFO - [2021-07-14 20:17:32,993] {dag.py:1833} INFO - Sync 1 DAGs
[2021-07-14 20:17:33,018] {logging_mixin.py:104} INFO - [2021-07-14 20:17:33,017] {dag.py:2306} INFO - Setting next_dagrun for example_short_circuit_operator to 2021-07-12 00:00:00+00:00
[2021-07-14 20:17:33,034] {scheduler_job.py:190} INFO - Processing /home/airflow/.local/lib/python3.6/site-packages/airflow/example_dags/example_short_circuit_operator.py took 0.104 seconds
[2021-07-14 20:18:03,636] {scheduler_job.py:182} INFO - Started process (PID=2416) to work on /home/airflow/.local/lib/python3.6/site-packages/airflow/example_dags/example_short_circuit_operator.py
[2021-07-14 20:18:03,637] {scheduler_job.py:633} INFO - Processing file /home/airflow/.local/lib/python3.6/site-packages/airflow/example_dags/example_short_circuit_operator.py for tasks to queue
[2021-07-14 20:18:03,638] {logging_mixin.py:104} INFO - [2021-07-14 20:18:03,638] {dagbag.py:496} INFO - Filling up the DagBag from /home/airflow/.local/lib/python3.6/site-packages/airflow/example_dags/example_short_circuit_operator.py
[2021-07-14 20:18:03,652] {scheduler_job.py:643} INFO - DAG(s) dict_keys(['example_short_circuit_operator']) retrieved from /home/airflow/.local/lib/python3.6/site-packages/airflow/example_dags/example_short_circuit_operator.py
[2021-07-14 20:18:03,674] {logging_mixin.py:104} INFO - [2021-07-14 20:18:03,674] {dag.py:1833} INFO - Sync 1 DAGs
[2021-07-14 20:18:03,691] {logging_mixin.py:104} INFO - [2021-07-14 20:18:03,691] {dag.py:2306} INFO - Setting next_dagrun for example_short_circuit_operator to 2021-07-12 00:00:00+00:00
[2021-07-14 20:18:03,701] {scheduler_job.py:190} INFO - Processing /home/airflow/.local/lib/python3.6/site-packages/airflow/example_dags/example_short_circuit_operator.py took 0.068 seconds
[2021-07-14 20:18:34,203] {scheduler_job.py:182} INFO - Started process (PID=2469) to work on /home/airflow/.local/lib/python3.6/site-packages/airflow/example_dags/example_short_circuit_operator.py
[2021-07-14 20:18:34,204] {scheduler_job.py:633} INFO - Processing file /home/airflow/.local/lib/python3.6/site-packages/airflow/example_dags/example_short_circuit_operator.py for tasks to queue
[2021-07-14 20:18:34,206] {logging_mixin.py:104} INFO - [2021-07-14 20:18:34,206] {dagbag.py:496} INFO - Filling up the DagBag from /home/airflow/.local/lib/python3.6/site-packages/airflow/example_dags/example_short_circuit_operator.py
[2021-07-14 20:18:34,232] {scheduler_job.py:643} INFO - DAG(s) dict_keys(['example_short_circuit_operator']) retrieved from /home/airflow/.local/lib/python3.6/site-packages/airflow/example_dags/example_short_circuit_operator.py
[2021-07-14 20:18:34,262] {logging_mixin.py:104} INFO - [2021-07-14 20:18:34,262] {dag.py:1833} INFO - Sync 1 DAGs
[2021-07-14 20:18:34,288] {logging_mixin.py:104} INFO - [2021-07-14 20:18:34,288] {dag.py:2306} INFO - Setting next_dagrun for example_short_circuit_operator to 2021-07-12 00:00:00+00:00
[2021-07-14 20:18:34,303] {scheduler_job.py:190} INFO - Processing /home/airflow/.local/lib/python3.6/site-packages/airflow/example_dags/example_short_circuit_operator.py took 0.104 seconds
[2021-07-14 20:19:04,951] {scheduler_job.py:182} INFO - Started process (PID=2532) to work on /home/airflow/.local/lib/python3.6/site-packages/airflow/example_dags/example_short_circuit_operator.py
[2021-07-14 20:19:04,952] {scheduler_job.py:633} INFO - Processing file /home/airflow/.local/lib/python3.6/site-packages/airflow/example_dags/example_short_circuit_operator.py for tasks to queue
[2021-07-14 20:19:04,952] {logging_mixin.py:104} INFO - [2021-07-14 20:19:04,952] {dagbag.py:496} INFO - Filling up the DagBag from /home/airflow/.local/lib/python3.6/site-packages/airflow/example_dags/example_short_circuit_operator.py
[2021-07-14 20:19:04,966] {scheduler_job.py:643} INFO - DAG(s) dict_keys(['example_short_circuit_operator']) retrieved from /home/airflow/.local/lib/python3.6/site-packages/airflow/example_dags/example_short_circuit_operator.py
[2021-07-14 20:19:04,990] {logging_mixin.py:104} INFO - [2021-07-14 20:19:04,990] {dag.py:1833} INFO - Sync 1 DAGs
[2021-07-14 20:19:05,012] {logging_mixin.py:104} INFO - [2021-07-14 20:19:05,012] {dag.py:2306} INFO - Setting next_dagrun for example_short_circuit_operator to 2021-07-12 00:00:00+00:00
[2021-07-14 20:19:05,023] {scheduler_job.py:190} INFO - Processing /home/airflow/.local/lib/python3.6/site-packages/airflow/example_dags/example_short_circuit_operator.py took 0.075 seconds
[2021-07-14 20:19:35,258] {scheduler_job.py:182} INFO - Started process (PID=2586) to work on /home/airflow/.local/lib/python3.6/site-packages/airflow/example_dags/example_short_circuit_operator.py
[2021-07-14 20:19:35,259] {scheduler_job.py:633} INFO - Processing file /home/airflow/.local/lib/python3.6/site-packages/airflow/example_dags/example_short_circuit_operator.py for tasks to queue
[2021-07-14 20:19:35,260] {logging_mixin.py:104} INFO - [2021-07-14 20:19:35,260] {dagbag.py:496} INFO - Filling up the DagBag from /home/airflow/.local/lib/python3.6/site-packages/airflow/example_dags/example_short_circuit_operator.py
[2021-07-14 20:19:35,273] {scheduler_job.py:643} INFO - DAG(s) dict_keys(['example_short_circuit_operator']) retrieved from /home/airflow/.local/lib/python3.6/site-packages/airflow/example_dags/example_short_circuit_operator.py
[2021-07-14 20:19:35,296] {logging_mixin.py:104} INFO - [2021-07-14 20:19:35,296] {dag.py:1833} INFO - Sync 1 DAGs
[2021-07-14 20:19:35,322] {logging_mixin.py:104} INFO - [2021-07-14 20:19:35,322] {dag.py:2306} INFO - Setting next_dagrun for example_short_circuit_operator to 2021-07-12 00:00:00+00:00
[2021-07-14 20:19:35,337] {scheduler_job.py:190} INFO - Processing /home/airflow/.local/lib/python3.6/site-packages/airflow/example_dags/example_short_circuit_operator.py took 0.082 seconds
[2021-07-14 20:20:05,616] {scheduler_job.py:182} INFO - Started process (PID=2648) to work on /home/airflow/.local/lib/python3.6/site-packages/airflow/example_dags/example_short_circuit_operator.py
[2021-07-14 20:20:05,618] {scheduler_job.py:633} INFO - Processing file /home/airflow/.local/lib/python3.6/site-packages/airflow/example_dags/example_short_circuit_operator.py for tasks to queue
[2021-07-14 20:20:05,619] {logging_mixin.py:104} INFO - [2021-07-14 20:20:05,619] {dagbag.py:496} INFO - Filling up the DagBag from /home/airflow/.local/lib/python3.6/site-packages/airflow/example_dags/example_short_circuit_operator.py
[2021-07-14 20:20:05,634] {scheduler_job.py:643} INFO - DAG(s) dict_keys(['example_short_circuit_operator']) retrieved from /home/airflow/.local/lib/python3.6/site-packages/airflow/example_dags/example_short_circuit_operator.py
[2021-07-14 20:20:05,662] {logging_mixin.py:104} INFO - [2021-07-14 20:20:05,662] {dag.py:1833} INFO - Sync 1 DAGs
[2021-07-14 20:20:05,690] {logging_mixin.py:104} INFO - [2021-07-14 20:20:05,690] {dag.py:2306} INFO - Setting next_dagrun for example_short_circuit_operator to 2021-07-12 00:00:00+00:00
[2021-07-14 20:20:05,707] {scheduler_job.py:190} INFO - Processing /home/airflow/.local/lib/python3.6/site-packages/airflow/example_dags/example_short_circuit_operator.py took 0.094 seconds
[2021-07-14 20:20:35,880] {scheduler_job.py:182} INFO - Started process (PID=2702) to work on /home/airflow/.local/lib/python3.6/site-packages/airflow/example_dags/example_short_circuit_operator.py
[2021-07-14 20:20:35,883] {scheduler_job.py:633} INFO - Processing file /home/airflow/.local/lib/python3.6/site-packages/airflow/example_dags/example_short_circuit_operator.py for tasks to queue
[2021-07-14 20:20:35,884] {logging_mixin.py:104} INFO - [2021-07-14 20:20:35,884] {dagbag.py:496} INFO - Filling up the DagBag from /home/airflow/.local/lib/python3.6/site-packages/airflow/example_dags/example_short_circuit_operator.py
[2021-07-14 20:20:35,908] {scheduler_job.py:643} INFO - DAG(s) dict_keys(['example_short_circuit_operator']) retrieved from /home/airflow/.local/lib/python3.6/site-packages/airflow/example_dags/example_short_circuit_operator.py
[2021-07-14 20:20:35,948] {logging_mixin.py:104} INFO - [2021-07-14 20:20:35,948] {dag.py:1833} INFO - Sync 1 DAGs
[2021-07-14 20:20:35,978] {logging_mixin.py:104} INFO - [2021-07-14 20:20:35,978] {dag.py:2306} INFO - Setting next_dagrun for example_short_circuit_operator to 2021-07-12 00:00:00+00:00
[2021-07-14 20:20:36,001] {scheduler_job.py:190} INFO - Processing /home/airflow/.local/lib/python3.6/site-packages/airflow/example_dags/example_short_circuit_operator.py took 0.127 seconds
[2021-07-14 20:21:06,378] {scheduler_job.py:182} INFO - Started process (PID=2767) to work on /home/airflow/.local/lib/python3.6/site-packages/airflow/example_dags/example_short_circuit_operator.py
[2021-07-14 20:21:06,379] {scheduler_job.py:633} INFO - Processing file /home/airflow/.local/lib/python3.6/site-packages/airflow/example_dags/example_short_circuit_operator.py for tasks to queue
[2021-07-14 20:21:06,380] {logging_mixin.py:104} INFO - [2021-07-14 20:21:06,380] {dagbag.py:496} INFO - Filling up the DagBag from /home/airflow/.local/lib/python3.6/site-packages/airflow/example_dags/example_short_circuit_operator.py
[2021-07-14 20:21:06,393] {scheduler_job.py:643} INFO - DAG(s) dict_keys(['example_short_circuit_operator']) retrieved from /home/airflow/.local/lib/python3.6/site-packages/airflow/example_dags/example_short_circuit_operator.py
[2021-07-14 20:21:06,413] {logging_mixin.py:104} INFO - [2021-07-14 20:21:06,413] {dag.py:1833} INFO - Sync 1 DAGs
[2021-07-14 20:21:06,432] {logging_mixin.py:104} INFO - [2021-07-14 20:21:06,432] {dag.py:2306} INFO - Setting next_dagrun for example_short_circuit_operator to 2021-07-12 00:00:00+00:00
[2021-07-14 20:21:06,444] {scheduler_job.py:190} INFO - Processing /home/airflow/.local/lib/python3.6/site-packages/airflow/example_dags/example_short_circuit_operator.py took 0.069 seconds
[2021-07-14 20:21:36,798] {scheduler_job.py:182} INFO - Started process (PID=2822) to work on /home/airflow/.local/lib/python3.6/site-packages/airflow/example_dags/example_short_circuit_operator.py
[2021-07-14 20:21:36,799] {scheduler_job.py:633} INFO - Processing file /home/airflow/.local/lib/python3.6/site-packages/airflow/example_dags/example_short_circuit_operator.py for tasks to queue
[2021-07-14 20:21:36,799] {logging_mixin.py:104} INFO - [2021-07-14 20:21:36,799] {dagbag.py:496} INFO - Filling up the DagBag from /home/airflow/.local/lib/python3.6/site-packages/airflow/example_dags/example_short_circuit_operator.py
[2021-07-14 20:21:36,813] {scheduler_job.py:643} INFO - DAG(s) dict_keys(['example_short_circuit_operator']) retrieved from /home/airflow/.local/lib/python3.6/site-packages/airflow/example_dags/example_short_circuit_operator.py
[2021-07-14 20:21:36,837] {logging_mixin.py:104} INFO - [2021-07-14 20:21:36,837] {dag.py:1833} INFO - Sync 1 DAGs
[2021-07-14 20:21:36,855] {logging_mixin.py:104} INFO - [2021-07-14 20:21:36,854] {dag.py:2306} INFO - Setting next_dagrun for example_short_circuit_operator to 2021-07-12 00:00:00+00:00
[2021-07-14 20:21:36,865] {scheduler_job.py:190} INFO - Processing /home/airflow/.local/lib/python3.6/site-packages/airflow/example_dags/example_short_circuit_operator.py took 0.070 seconds
[2021-07-14 20:22:07,373] {scheduler_job.py:182} INFO - Started process (PID=2887) to work on /home/airflow/.local/lib/python3.6/site-packages/airflow/example_dags/example_short_circuit_operator.py
[2021-07-14 20:22:07,374] {scheduler_job.py:633} INFO - Processing file /home/airflow/.local/lib/python3.6/site-packages/airflow/example_dags/example_short_circuit_operator.py for tasks to queue
[2021-07-14 20:22:07,374] {logging_mixin.py:104} INFO - [2021-07-14 20:22:07,374] {dagbag.py:496} INFO - Filling up the DagBag from /home/airflow/.local/lib/python3.6/site-packages/airflow/example_dags/example_short_circuit_operator.py
[2021-07-14 20:22:07,388] {scheduler_job.py:643} INFO - DAG(s) dict_keys(['example_short_circuit_operator']) retrieved from /home/airflow/.local/lib/python3.6/site-packages/airflow/example_dags/example_short_circuit_operator.py
[2021-07-14 20:22:07,409] {logging_mixin.py:104} INFO - [2021-07-14 20:22:07,409] {dag.py:1833} INFO - Sync 1 DAGs
[2021-07-14 20:22:07,426] {logging_mixin.py:104} INFO - [2021-07-14 20:22:07,426] {dag.py:2306} INFO - Setting next_dagrun for example_short_circuit_operator to 2021-07-12 00:00:00+00:00
[2021-07-14 20:22:07,436] {scheduler_job.py:190} INFO - Processing /home/airflow/.local/lib/python3.6/site-packages/airflow/example_dags/example_short_circuit_operator.py took 0.066 seconds
