[2021-07-14 19:05:10,034] {scheduler_job.py:182} INFO - Started process (PID=61) to work on /home/airflow/.local/lib/python3.6/site-packages/airflow/example_dags/tutorial_taskflow_api_etl.py
[2021-07-14 19:05:10,036] {scheduler_job.py:633} INFO - Processing file /home/airflow/.local/lib/python3.6/site-packages/airflow/example_dags/tutorial_taskflow_api_etl.py for tasks to queue
[2021-07-14 19:05:10,037] {logging_mixin.py:104} INFO - [2021-07-14 19:05:10,037] {dagbag.py:496} INFO - Filling up the DagBag from /home/airflow/.local/lib/python3.6/site-packages/airflow/example_dags/tutorial_taskflow_api_etl.py
[2021-07-14 19:05:10,084] {scheduler_job.py:643} INFO - DAG(s) dict_keys(['tutorial_taskflow_api_etl']) retrieved from /home/airflow/.local/lib/python3.6/site-packages/airflow/example_dags/tutorial_taskflow_api_etl.py
[2021-07-14 19:05:11,382] {logging_mixin.py:104} INFO - [2021-07-14 19:05:11,381] {dag.py:1833} INFO - Sync 1 DAGs
[2021-07-14 19:05:11,420] {logging_mixin.py:104} INFO - [2021-07-14 19:05:11,420] {dag.py:2306} INFO - Setting next_dagrun for tutorial_taskflow_api_etl to None
[2021-07-14 19:05:11,469] {scheduler_job.py:190} INFO - Processing /home/airflow/.local/lib/python3.6/site-packages/airflow/example_dags/tutorial_taskflow_api_etl.py took 1.444 seconds
[2021-07-14 19:05:41,770] {scheduler_job.py:182} INFO - Started process (PID=116) to work on /home/airflow/.local/lib/python3.6/site-packages/airflow/example_dags/tutorial_taskflow_api_etl.py
[2021-07-14 19:05:41,773] {scheduler_job.py:633} INFO - Processing file /home/airflow/.local/lib/python3.6/site-packages/airflow/example_dags/tutorial_taskflow_api_etl.py for tasks to queue
[2021-07-14 19:05:41,774] {logging_mixin.py:104} INFO - [2021-07-14 19:05:41,774] {dagbag.py:496} INFO - Filling up the DagBag from /home/airflow/.local/lib/python3.6/site-packages/airflow/example_dags/tutorial_taskflow_api_etl.py
[2021-07-14 19:05:41,826] {scheduler_job.py:643} INFO - DAG(s) dict_keys(['tutorial_taskflow_api_etl']) retrieved from /home/airflow/.local/lib/python3.6/site-packages/airflow/example_dags/tutorial_taskflow_api_etl.py
[2021-07-14 19:05:42,351] {logging_mixin.py:104} INFO - [2021-07-14 19:05:42,350] {dag.py:1833} INFO - Sync 1 DAGs
[2021-07-14 19:05:42,385] {logging_mixin.py:104} INFO - [2021-07-14 19:05:42,385] {dag.py:2306} INFO - Setting next_dagrun for tutorial_taskflow_api_etl to None
[2021-07-14 19:05:42,411] {scheduler_job.py:190} INFO - Processing /home/airflow/.local/lib/python3.6/site-packages/airflow/example_dags/tutorial_taskflow_api_etl.py took 0.646 seconds
[2021-07-14 19:06:12,958] {scheduler_job.py:182} INFO - Started process (PID=169) to work on /home/airflow/.local/lib/python3.6/site-packages/airflow/example_dags/tutorial_taskflow_api_etl.py
[2021-07-14 19:06:12,959] {scheduler_job.py:633} INFO - Processing file /home/airflow/.local/lib/python3.6/site-packages/airflow/example_dags/tutorial_taskflow_api_etl.py for tasks to queue
[2021-07-14 19:06:12,960] {logging_mixin.py:104} INFO - [2021-07-14 19:06:12,960] {dagbag.py:496} INFO - Filling up the DagBag from /home/airflow/.local/lib/python3.6/site-packages/airflow/example_dags/tutorial_taskflow_api_etl.py
[2021-07-14 19:06:12,991] {scheduler_job.py:643} INFO - DAG(s) dict_keys(['tutorial_taskflow_api_etl']) retrieved from /home/airflow/.local/lib/python3.6/site-packages/airflow/example_dags/tutorial_taskflow_api_etl.py
[2021-07-14 19:06:13,308] {logging_mixin.py:104} INFO - [2021-07-14 19:06:13,308] {dag.py:1833} INFO - Sync 1 DAGs
[2021-07-14 19:06:13,328] {logging_mixin.py:104} INFO - [2021-07-14 19:06:13,328] {dag.py:2306} INFO - Setting next_dagrun for tutorial_taskflow_api_etl to None
[2021-07-14 19:06:13,345] {scheduler_job.py:190} INFO - Processing /home/airflow/.local/lib/python3.6/site-packages/airflow/example_dags/tutorial_taskflow_api_etl.py took 0.393 seconds
[2021-07-14 19:06:43,397] {scheduler_job.py:182} INFO - Started process (PID=232) to work on /home/airflow/.local/lib/python3.6/site-packages/airflow/example_dags/tutorial_taskflow_api_etl.py
[2021-07-14 19:06:43,398] {scheduler_job.py:633} INFO - Processing file /home/airflow/.local/lib/python3.6/site-packages/airflow/example_dags/tutorial_taskflow_api_etl.py for tasks to queue
[2021-07-14 19:06:43,398] {logging_mixin.py:104} INFO - [2021-07-14 19:06:43,398] {dagbag.py:496} INFO - Filling up the DagBag from /home/airflow/.local/lib/python3.6/site-packages/airflow/example_dags/tutorial_taskflow_api_etl.py
[2021-07-14 19:06:43,423] {scheduler_job.py:643} INFO - DAG(s) dict_keys(['tutorial_taskflow_api_etl']) retrieved from /home/airflow/.local/lib/python3.6/site-packages/airflow/example_dags/tutorial_taskflow_api_etl.py
[2021-07-14 19:06:43,712] {logging_mixin.py:104} INFO - [2021-07-14 19:06:43,712] {dag.py:1833} INFO - Sync 1 DAGs
[2021-07-14 19:06:43,730] {logging_mixin.py:104} INFO - [2021-07-14 19:06:43,730] {dag.py:2306} INFO - Setting next_dagrun for tutorial_taskflow_api_etl to None
[2021-07-14 19:06:43,743] {scheduler_job.py:190} INFO - Processing /home/airflow/.local/lib/python3.6/site-packages/airflow/example_dags/tutorial_taskflow_api_etl.py took 0.349 seconds
[2021-07-14 19:07:13,960] {scheduler_job.py:182} INFO - Started process (PID=286) to work on /home/airflow/.local/lib/python3.6/site-packages/airflow/example_dags/tutorial_taskflow_api_etl.py
[2021-07-14 19:07:13,962] {scheduler_job.py:633} INFO - Processing file /home/airflow/.local/lib/python3.6/site-packages/airflow/example_dags/tutorial_taskflow_api_etl.py for tasks to queue
[2021-07-14 19:07:13,963] {logging_mixin.py:104} INFO - [2021-07-14 19:07:13,963] {dagbag.py:496} INFO - Filling up the DagBag from /home/airflow/.local/lib/python3.6/site-packages/airflow/example_dags/tutorial_taskflow_api_etl.py
[2021-07-14 19:07:13,999] {scheduler_job.py:643} INFO - DAG(s) dict_keys(['tutorial_taskflow_api_etl']) retrieved from /home/airflow/.local/lib/python3.6/site-packages/airflow/example_dags/tutorial_taskflow_api_etl.py
[2021-07-14 19:07:14,379] {logging_mixin.py:104} INFO - [2021-07-14 19:07:14,379] {dag.py:1833} INFO - Sync 1 DAGs
[2021-07-14 19:07:14,396] {logging_mixin.py:104} INFO - [2021-07-14 19:07:14,396] {dag.py:2306} INFO - Setting next_dagrun for tutorial_taskflow_api_etl to None
[2021-07-14 19:07:14,410] {scheduler_job.py:190} INFO - Processing /home/airflow/.local/lib/python3.6/site-packages/airflow/example_dags/tutorial_taskflow_api_etl.py took 0.453 seconds
[2021-07-14 19:07:45,381] {scheduler_job.py:182} INFO - Started process (PID=349) to work on /home/airflow/.local/lib/python3.6/site-packages/airflow/example_dags/tutorial_taskflow_api_etl.py
[2021-07-14 19:07:45,421] {scheduler_job.py:633} INFO - Processing file /home/airflow/.local/lib/python3.6/site-packages/airflow/example_dags/tutorial_taskflow_api_etl.py for tasks to queue
[2021-07-14 19:07:45,428] {logging_mixin.py:104} INFO - [2021-07-14 19:07:45,428] {dagbag.py:496} INFO - Filling up the DagBag from /home/airflow/.local/lib/python3.6/site-packages/airflow/example_dags/tutorial_taskflow_api_etl.py
[2021-07-14 19:07:45,488] {scheduler_job.py:643} INFO - DAG(s) dict_keys(['tutorial_taskflow_api_etl']) retrieved from /home/airflow/.local/lib/python3.6/site-packages/airflow/example_dags/tutorial_taskflow_api_etl.py
[2021-07-14 19:07:46,261] {logging_mixin.py:104} INFO - [2021-07-14 19:07:46,260] {dag.py:1833} INFO - Sync 1 DAGs
[2021-07-14 19:07:46,310] {logging_mixin.py:104} INFO - [2021-07-14 19:07:46,310] {dag.py:2306} INFO - Setting next_dagrun for tutorial_taskflow_api_etl to None
[2021-07-14 19:07:46,343] {scheduler_job.py:190} INFO - Processing /home/airflow/.local/lib/python3.6/site-packages/airflow/example_dags/tutorial_taskflow_api_etl.py took 0.972 seconds
[2021-07-14 19:08:56,268] {scheduler_job.py:182} INFO - Started process (PID=43) to work on /home/airflow/.local/lib/python3.6/site-packages/airflow/example_dags/tutorial_taskflow_api_etl.py
[2021-07-14 19:08:56,269] {scheduler_job.py:633} INFO - Processing file /home/airflow/.local/lib/python3.6/site-packages/airflow/example_dags/tutorial_taskflow_api_etl.py for tasks to queue
[2021-07-14 19:08:56,270] {logging_mixin.py:104} INFO - [2021-07-14 19:08:56,270] {dagbag.py:496} INFO - Filling up the DagBag from /home/airflow/.local/lib/python3.6/site-packages/airflow/example_dags/tutorial_taskflow_api_etl.py
[2021-07-14 19:08:56,292] {scheduler_job.py:643} INFO - DAG(s) dict_keys(['tutorial_taskflow_api_etl']) retrieved from /home/airflow/.local/lib/python3.6/site-packages/airflow/example_dags/tutorial_taskflow_api_etl.py
[2021-07-14 19:08:56,609] {logging_mixin.py:104} INFO - [2021-07-14 19:08:56,609] {dag.py:1833} INFO - Sync 1 DAGs
[2021-07-14 19:08:56,629] {logging_mixin.py:104} INFO - [2021-07-14 19:08:56,629] {dag.py:2306} INFO - Setting next_dagrun for tutorial_taskflow_api_etl to None
[2021-07-14 19:08:56,648] {scheduler_job.py:190} INFO - Processing /home/airflow/.local/lib/python3.6/site-packages/airflow/example_dags/tutorial_taskflow_api_etl.py took 0.383 seconds
[2021-07-14 19:09:27,586] {scheduler_job.py:182} INFO - Started process (PID=108) to work on /home/airflow/.local/lib/python3.6/site-packages/airflow/example_dags/tutorial_taskflow_api_etl.py
[2021-07-14 19:09:27,588] {scheduler_job.py:633} INFO - Processing file /home/airflow/.local/lib/python3.6/site-packages/airflow/example_dags/tutorial_taskflow_api_etl.py for tasks to queue
[2021-07-14 19:09:27,589] {logging_mixin.py:104} INFO - [2021-07-14 19:09:27,588] {dagbag.py:496} INFO - Filling up the DagBag from /home/airflow/.local/lib/python3.6/site-packages/airflow/example_dags/tutorial_taskflow_api_etl.py
[2021-07-14 19:09:27,625] {scheduler_job.py:643} INFO - DAG(s) dict_keys(['tutorial_taskflow_api_etl']) retrieved from /home/airflow/.local/lib/python3.6/site-packages/airflow/example_dags/tutorial_taskflow_api_etl.py
[2021-07-14 19:09:28,074] {logging_mixin.py:104} INFO - [2021-07-14 19:09:28,073] {dag.py:1833} INFO - Sync 1 DAGs
[2021-07-14 19:09:28,100] {logging_mixin.py:104} INFO - [2021-07-14 19:09:28,100] {dag.py:2306} INFO - Setting next_dagrun for tutorial_taskflow_api_etl to None
[2021-07-14 19:09:28,121] {scheduler_job.py:190} INFO - Processing /home/airflow/.local/lib/python3.6/site-packages/airflow/example_dags/tutorial_taskflow_api_etl.py took 0.539 seconds
[2021-07-14 19:09:58,976] {scheduler_job.py:182} INFO - Started process (PID=163) to work on /home/airflow/.local/lib/python3.6/site-packages/airflow/example_dags/tutorial_taskflow_api_etl.py
[2021-07-14 19:09:58,977] {scheduler_job.py:633} INFO - Processing file /home/airflow/.local/lib/python3.6/site-packages/airflow/example_dags/tutorial_taskflow_api_etl.py for tasks to queue
[2021-07-14 19:09:58,978] {logging_mixin.py:104} INFO - [2021-07-14 19:09:58,978] {dagbag.py:496} INFO - Filling up the DagBag from /home/airflow/.local/lib/python3.6/site-packages/airflow/example_dags/tutorial_taskflow_api_etl.py
[2021-07-14 19:09:59,002] {scheduler_job.py:643} INFO - DAG(s) dict_keys(['tutorial_taskflow_api_etl']) retrieved from /home/airflow/.local/lib/python3.6/site-packages/airflow/example_dags/tutorial_taskflow_api_etl.py
[2021-07-14 19:09:59,469] {logging_mixin.py:104} INFO - [2021-07-14 19:09:59,469] {dag.py:1833} INFO - Sync 1 DAGs
[2021-07-14 19:09:59,497] {logging_mixin.py:104} INFO - [2021-07-14 19:09:59,496] {dag.py:2306} INFO - Setting next_dagrun for tutorial_taskflow_api_etl to None
[2021-07-14 19:09:59,519] {scheduler_job.py:190} INFO - Processing /home/airflow/.local/lib/python3.6/site-packages/airflow/example_dags/tutorial_taskflow_api_etl.py took 0.546 seconds
[2021-07-14 19:10:29,952] {scheduler_job.py:182} INFO - Started process (PID=222) to work on /home/airflow/.local/lib/python3.6/site-packages/airflow/example_dags/tutorial_taskflow_api_etl.py
[2021-07-14 19:10:29,954] {scheduler_job.py:633} INFO - Processing file /home/airflow/.local/lib/python3.6/site-packages/airflow/example_dags/tutorial_taskflow_api_etl.py for tasks to queue
[2021-07-14 19:10:29,956] {logging_mixin.py:104} INFO - [2021-07-14 19:10:29,956] {dagbag.py:496} INFO - Filling up the DagBag from /home/airflow/.local/lib/python3.6/site-packages/airflow/example_dags/tutorial_taskflow_api_etl.py
[2021-07-14 19:10:29,999] {scheduler_job.py:643} INFO - DAG(s) dict_keys(['tutorial_taskflow_api_etl']) retrieved from /home/airflow/.local/lib/python3.6/site-packages/airflow/example_dags/tutorial_taskflow_api_etl.py
[2021-07-14 19:10:30,456] {logging_mixin.py:104} INFO - [2021-07-14 19:10:30,456] {dag.py:1833} INFO - Sync 1 DAGs
[2021-07-14 19:10:30,481] {logging_mixin.py:104} INFO - [2021-07-14 19:10:30,481] {dag.py:2306} INFO - Setting next_dagrun for tutorial_taskflow_api_etl to None
[2021-07-14 19:10:30,510] {scheduler_job.py:190} INFO - Processing /home/airflow/.local/lib/python3.6/site-packages/airflow/example_dags/tutorial_taskflow_api_etl.py took 0.563 seconds
[2021-07-14 19:11:01,235] {scheduler_job.py:182} INFO - Started process (PID=286) to work on /home/airflow/.local/lib/python3.6/site-packages/airflow/example_dags/tutorial_taskflow_api_etl.py
[2021-07-14 19:11:01,237] {scheduler_job.py:633} INFO - Processing file /home/airflow/.local/lib/python3.6/site-packages/airflow/example_dags/tutorial_taskflow_api_etl.py for tasks to queue
[2021-07-14 19:11:01,238] {logging_mixin.py:104} INFO - [2021-07-14 19:11:01,237] {dagbag.py:496} INFO - Filling up the DagBag from /home/airflow/.local/lib/python3.6/site-packages/airflow/example_dags/tutorial_taskflow_api_etl.py
[2021-07-14 19:11:01,274] {scheduler_job.py:643} INFO - DAG(s) dict_keys(['tutorial_taskflow_api_etl']) retrieved from /home/airflow/.local/lib/python3.6/site-packages/airflow/example_dags/tutorial_taskflow_api_etl.py
[2021-07-14 19:11:01,626] {logging_mixin.py:104} INFO - [2021-07-14 19:11:01,626] {dag.py:1833} INFO - Sync 1 DAGs
[2021-07-14 19:11:01,648] {logging_mixin.py:104} INFO - [2021-07-14 19:11:01,647] {dag.py:2306} INFO - Setting next_dagrun for tutorial_taskflow_api_etl to None
[2021-07-14 19:11:01,665] {scheduler_job.py:190} INFO - Processing /home/airflow/.local/lib/python3.6/site-packages/airflow/example_dags/tutorial_taskflow_api_etl.py took 0.433 seconds
[2021-07-14 19:11:31,934] {scheduler_job.py:182} INFO - Started process (PID=339) to work on /home/airflow/.local/lib/python3.6/site-packages/airflow/example_dags/tutorial_taskflow_api_etl.py
[2021-07-14 19:11:31,943] {scheduler_job.py:633} INFO - Processing file /home/airflow/.local/lib/python3.6/site-packages/airflow/example_dags/tutorial_taskflow_api_etl.py for tasks to queue
[2021-07-14 19:11:31,944] {logging_mixin.py:104} INFO - [2021-07-14 19:11:31,944] {dagbag.py:496} INFO - Filling up the DagBag from /home/airflow/.local/lib/python3.6/site-packages/airflow/example_dags/tutorial_taskflow_api_etl.py
[2021-07-14 19:11:31,967] {scheduler_job.py:643} INFO - DAG(s) dict_keys(['tutorial_taskflow_api_etl']) retrieved from /home/airflow/.local/lib/python3.6/site-packages/airflow/example_dags/tutorial_taskflow_api_etl.py
[2021-07-14 19:11:32,302] {logging_mixin.py:104} INFO - [2021-07-14 19:11:32,302] {dag.py:1833} INFO - Sync 1 DAGs
[2021-07-14 19:11:32,326] {logging_mixin.py:104} INFO - [2021-07-14 19:11:32,326] {dag.py:2306} INFO - Setting next_dagrun for tutorial_taskflow_api_etl to None
[2021-07-14 19:11:32,345] {scheduler_job.py:190} INFO - Processing /home/airflow/.local/lib/python3.6/site-packages/airflow/example_dags/tutorial_taskflow_api_etl.py took 0.415 seconds
[2021-07-14 19:12:03,048] {scheduler_job.py:182} INFO - Started process (PID=403) to work on /home/airflow/.local/lib/python3.6/site-packages/airflow/example_dags/tutorial_taskflow_api_etl.py
[2021-07-14 19:12:03,049] {scheduler_job.py:633} INFO - Processing file /home/airflow/.local/lib/python3.6/site-packages/airflow/example_dags/tutorial_taskflow_api_etl.py for tasks to queue
[2021-07-14 19:12:03,050] {logging_mixin.py:104} INFO - [2021-07-14 19:12:03,050] {dagbag.py:496} INFO - Filling up the DagBag from /home/airflow/.local/lib/python3.6/site-packages/airflow/example_dags/tutorial_taskflow_api_etl.py
[2021-07-14 19:12:03,072] {scheduler_job.py:643} INFO - DAG(s) dict_keys(['tutorial_taskflow_api_etl']) retrieved from /home/airflow/.local/lib/python3.6/site-packages/airflow/example_dags/tutorial_taskflow_api_etl.py
[2021-07-14 19:12:03,388] {logging_mixin.py:104} INFO - [2021-07-14 19:12:03,388] {dag.py:1833} INFO - Sync 1 DAGs
[2021-07-14 19:12:03,404] {logging_mixin.py:104} INFO - [2021-07-14 19:12:03,404] {dag.py:2306} INFO - Setting next_dagrun for tutorial_taskflow_api_etl to None
[2021-07-14 19:12:03,417] {scheduler_job.py:190} INFO - Processing /home/airflow/.local/lib/python3.6/site-packages/airflow/example_dags/tutorial_taskflow_api_etl.py took 0.374 seconds
[2021-07-14 19:12:33,889] {scheduler_job.py:182} INFO - Started process (PID=456) to work on /home/airflow/.local/lib/python3.6/site-packages/airflow/example_dags/tutorial_taskflow_api_etl.py
[2021-07-14 19:12:33,891] {scheduler_job.py:633} INFO - Processing file /home/airflow/.local/lib/python3.6/site-packages/airflow/example_dags/tutorial_taskflow_api_etl.py for tasks to queue
[2021-07-14 19:12:33,892] {logging_mixin.py:104} INFO - [2021-07-14 19:12:33,891] {dagbag.py:496} INFO - Filling up the DagBag from /home/airflow/.local/lib/python3.6/site-packages/airflow/example_dags/tutorial_taskflow_api_etl.py
[2021-07-14 19:12:33,911] {scheduler_job.py:643} INFO - DAG(s) dict_keys(['tutorial_taskflow_api_etl']) retrieved from /home/airflow/.local/lib/python3.6/site-packages/airflow/example_dags/tutorial_taskflow_api_etl.py
[2021-07-14 19:12:34,143] {logging_mixin.py:104} INFO - [2021-07-14 19:12:34,143] {dag.py:1833} INFO - Sync 1 DAGs
[2021-07-14 19:12:34,160] {logging_mixin.py:104} INFO - [2021-07-14 19:12:34,159] {dag.py:2306} INFO - Setting next_dagrun for tutorial_taskflow_api_etl to None
[2021-07-14 19:12:34,175] {scheduler_job.py:190} INFO - Processing /home/airflow/.local/lib/python3.6/site-packages/airflow/example_dags/tutorial_taskflow_api_etl.py took 0.289 seconds
[2021-07-14 19:57:43,504] {scheduler_job.py:182} INFO - Started process (PID=43) to work on /home/airflow/.local/lib/python3.6/site-packages/airflow/example_dags/tutorial_taskflow_api_etl.py
[2021-07-14 19:57:43,506] {scheduler_job.py:633} INFO - Processing file /home/airflow/.local/lib/python3.6/site-packages/airflow/example_dags/tutorial_taskflow_api_etl.py for tasks to queue
[2021-07-14 19:57:43,507] {logging_mixin.py:104} INFO - [2021-07-14 19:57:43,507] {dagbag.py:496} INFO - Filling up the DagBag from /home/airflow/.local/lib/python3.6/site-packages/airflow/example_dags/tutorial_taskflow_api_etl.py
[2021-07-14 19:57:43,537] {scheduler_job.py:643} INFO - DAG(s) dict_keys(['tutorial_taskflow_api_etl']) retrieved from /home/airflow/.local/lib/python3.6/site-packages/airflow/example_dags/tutorial_taskflow_api_etl.py
[2021-07-14 19:57:43,851] {logging_mixin.py:104} INFO - [2021-07-14 19:57:43,851] {dag.py:1833} INFO - Sync 1 DAGs
[2021-07-14 19:57:43,882] {logging_mixin.py:104} INFO - [2021-07-14 19:57:43,882] {dag.py:2306} INFO - Setting next_dagrun for tutorial_taskflow_api_etl to None
[2021-07-14 19:57:43,904] {scheduler_job.py:190} INFO - Processing /home/airflow/.local/lib/python3.6/site-packages/airflow/example_dags/tutorial_taskflow_api_etl.py took 0.404 seconds
[2021-07-14 19:58:14,478] {scheduler_job.py:182} INFO - Started process (PID=104) to work on /home/airflow/.local/lib/python3.6/site-packages/airflow/example_dags/tutorial_taskflow_api_etl.py
[2021-07-14 19:58:14,480] {scheduler_job.py:633} INFO - Processing file /home/airflow/.local/lib/python3.6/site-packages/airflow/example_dags/tutorial_taskflow_api_etl.py for tasks to queue
[2021-07-14 19:58:14,480] {logging_mixin.py:104} INFO - [2021-07-14 19:58:14,480] {dagbag.py:496} INFO - Filling up the DagBag from /home/airflow/.local/lib/python3.6/site-packages/airflow/example_dags/tutorial_taskflow_api_etl.py
[2021-07-14 19:58:14,503] {scheduler_job.py:643} INFO - DAG(s) dict_keys(['tutorial_taskflow_api_etl']) retrieved from /home/airflow/.local/lib/python3.6/site-packages/airflow/example_dags/tutorial_taskflow_api_etl.py
[2021-07-14 19:58:14,794] {logging_mixin.py:104} INFO - [2021-07-14 19:58:14,793] {dag.py:1833} INFO - Sync 1 DAGs
[2021-07-14 19:58:14,814] {logging_mixin.py:104} INFO - [2021-07-14 19:58:14,813] {dag.py:2306} INFO - Setting next_dagrun for tutorial_taskflow_api_etl to None
[2021-07-14 19:58:14,833] {scheduler_job.py:190} INFO - Processing /home/airflow/.local/lib/python3.6/site-packages/airflow/example_dags/tutorial_taskflow_api_etl.py took 0.358 seconds
[2021-07-14 19:58:44,869] {scheduler_job.py:182} INFO - Started process (PID=162) to work on /home/airflow/.local/lib/python3.6/site-packages/airflow/example_dags/tutorial_taskflow_api_etl.py
[2021-07-14 19:58:44,870] {scheduler_job.py:633} INFO - Processing file /home/airflow/.local/lib/python3.6/site-packages/airflow/example_dags/tutorial_taskflow_api_etl.py for tasks to queue
[2021-07-14 19:58:44,871] {logging_mixin.py:104} INFO - [2021-07-14 19:58:44,871] {dagbag.py:496} INFO - Filling up the DagBag from /home/airflow/.local/lib/python3.6/site-packages/airflow/example_dags/tutorial_taskflow_api_etl.py
[2021-07-14 19:58:44,891] {scheduler_job.py:643} INFO - DAG(s) dict_keys(['tutorial_taskflow_api_etl']) retrieved from /home/airflow/.local/lib/python3.6/site-packages/airflow/example_dags/tutorial_taskflow_api_etl.py
[2021-07-14 19:58:45,143] {logging_mixin.py:104} INFO - [2021-07-14 19:58:45,143] {dag.py:1833} INFO - Sync 1 DAGs
[2021-07-14 19:58:45,160] {logging_mixin.py:104} INFO - [2021-07-14 19:58:45,160] {dag.py:2306} INFO - Setting next_dagrun for tutorial_taskflow_api_etl to None
[2021-07-14 19:58:45,172] {scheduler_job.py:190} INFO - Processing /home/airflow/.local/lib/python3.6/site-packages/airflow/example_dags/tutorial_taskflow_api_etl.py took 0.306 seconds
[2021-07-14 19:59:15,755] {scheduler_job.py:182} INFO - Started process (PID=227) to work on /home/airflow/.local/lib/python3.6/site-packages/airflow/example_dags/tutorial_taskflow_api_etl.py
[2021-07-14 19:59:15,757] {scheduler_job.py:633} INFO - Processing file /home/airflow/.local/lib/python3.6/site-packages/airflow/example_dags/tutorial_taskflow_api_etl.py for tasks to queue
[2021-07-14 19:59:15,758] {logging_mixin.py:104} INFO - [2021-07-14 19:59:15,758] {dagbag.py:496} INFO - Filling up the DagBag from /home/airflow/.local/lib/python3.6/site-packages/airflow/example_dags/tutorial_taskflow_api_etl.py
[2021-07-14 19:59:15,791] {scheduler_job.py:643} INFO - DAG(s) dict_keys(['tutorial_taskflow_api_etl']) retrieved from /home/airflow/.local/lib/python3.6/site-packages/airflow/example_dags/tutorial_taskflow_api_etl.py
[2021-07-14 19:59:16,137] {logging_mixin.py:104} INFO - [2021-07-14 19:59:16,136] {dag.py:1833} INFO - Sync 1 DAGs
[2021-07-14 19:59:16,179] {logging_mixin.py:104} INFO - [2021-07-14 19:59:16,179] {dag.py:2306} INFO - Setting next_dagrun for tutorial_taskflow_api_etl to None
[2021-07-14 19:59:16,205] {scheduler_job.py:190} INFO - Processing /home/airflow/.local/lib/python3.6/site-packages/airflow/example_dags/tutorial_taskflow_api_etl.py took 0.454 seconds
[2021-07-14 19:59:46,520] {scheduler_job.py:182} INFO - Started process (PID=280) to work on /home/airflow/.local/lib/python3.6/site-packages/airflow/example_dags/tutorial_taskflow_api_etl.py
[2021-07-14 19:59:46,521] {scheduler_job.py:633} INFO - Processing file /home/airflow/.local/lib/python3.6/site-packages/airflow/example_dags/tutorial_taskflow_api_etl.py for tasks to queue
[2021-07-14 19:59:46,522] {logging_mixin.py:104} INFO - [2021-07-14 19:59:46,522] {dagbag.py:496} INFO - Filling up the DagBag from /home/airflow/.local/lib/python3.6/site-packages/airflow/example_dags/tutorial_taskflow_api_etl.py
[2021-07-14 19:59:46,557] {scheduler_job.py:643} INFO - DAG(s) dict_keys(['tutorial_taskflow_api_etl']) retrieved from /home/airflow/.local/lib/python3.6/site-packages/airflow/example_dags/tutorial_taskflow_api_etl.py
[2021-07-14 19:59:46,796] {logging_mixin.py:104} INFO - [2021-07-14 19:59:46,796] {dag.py:1833} INFO - Sync 1 DAGs
[2021-07-14 19:59:46,812] {logging_mixin.py:104} INFO - [2021-07-14 19:59:46,812] {dag.py:2306} INFO - Setting next_dagrun for tutorial_taskflow_api_etl to None
[2021-07-14 19:59:46,826] {scheduler_job.py:190} INFO - Processing /home/airflow/.local/lib/python3.6/site-packages/airflow/example_dags/tutorial_taskflow_api_etl.py took 0.310 seconds
[2021-07-14 20:00:17,100] {scheduler_job.py:182} INFO - Started process (PID=343) to work on /home/airflow/.local/lib/python3.6/site-packages/airflow/example_dags/tutorial_taskflow_api_etl.py
[2021-07-14 20:00:17,106] {scheduler_job.py:633} INFO - Processing file /home/airflow/.local/lib/python3.6/site-packages/airflow/example_dags/tutorial_taskflow_api_etl.py for tasks to queue
[2021-07-14 20:00:17,107] {logging_mixin.py:104} INFO - [2021-07-14 20:00:17,107] {dagbag.py:496} INFO - Filling up the DagBag from /home/airflow/.local/lib/python3.6/site-packages/airflow/example_dags/tutorial_taskflow_api_etl.py
[2021-07-14 20:00:17,134] {scheduler_job.py:643} INFO - DAG(s) dict_keys(['tutorial_taskflow_api_etl']) retrieved from /home/airflow/.local/lib/python3.6/site-packages/airflow/example_dags/tutorial_taskflow_api_etl.py
[2021-07-14 20:00:17,502] {logging_mixin.py:104} INFO - [2021-07-14 20:00:17,502] {dag.py:1833} INFO - Sync 1 DAGs
[2021-07-14 20:00:17,524] {logging_mixin.py:104} INFO - [2021-07-14 20:00:17,523] {dag.py:2306} INFO - Setting next_dagrun for tutorial_taskflow_api_etl to None
[2021-07-14 20:00:17,540] {scheduler_job.py:190} INFO - Processing /home/airflow/.local/lib/python3.6/site-packages/airflow/example_dags/tutorial_taskflow_api_etl.py took 0.445 seconds
[2021-07-14 20:00:48,481] {scheduler_job.py:182} INFO - Started process (PID=398) to work on /home/airflow/.local/lib/python3.6/site-packages/airflow/example_dags/tutorial_taskflow_api_etl.py
[2021-07-14 20:00:48,482] {scheduler_job.py:633} INFO - Processing file /home/airflow/.local/lib/python3.6/site-packages/airflow/example_dags/tutorial_taskflow_api_etl.py for tasks to queue
[2021-07-14 20:00:48,483] {logging_mixin.py:104} INFO - [2021-07-14 20:00:48,483] {dagbag.py:496} INFO - Filling up the DagBag from /home/airflow/.local/lib/python3.6/site-packages/airflow/example_dags/tutorial_taskflow_api_etl.py
[2021-07-14 20:00:48,500] {scheduler_job.py:643} INFO - DAG(s) dict_keys(['tutorial_taskflow_api_etl']) retrieved from /home/airflow/.local/lib/python3.6/site-packages/airflow/example_dags/tutorial_taskflow_api_etl.py
[2021-07-14 20:00:48,754] {logging_mixin.py:104} INFO - [2021-07-14 20:00:48,754] {dag.py:1833} INFO - Sync 1 DAGs
[2021-07-14 20:00:48,769] {logging_mixin.py:104} INFO - [2021-07-14 20:00:48,769] {dag.py:2306} INFO - Setting next_dagrun for tutorial_taskflow_api_etl to None
[2021-07-14 20:00:48,781] {scheduler_job.py:190} INFO - Processing /home/airflow/.local/lib/python3.6/site-packages/airflow/example_dags/tutorial_taskflow_api_etl.py took 0.305 seconds
[2021-07-14 20:01:18,878] {scheduler_job.py:182} INFO - Started process (PID=461) to work on /home/airflow/.local/lib/python3.6/site-packages/airflow/example_dags/tutorial_taskflow_api_etl.py
[2021-07-14 20:01:18,880] {scheduler_job.py:633} INFO - Processing file /home/airflow/.local/lib/python3.6/site-packages/airflow/example_dags/tutorial_taskflow_api_etl.py for tasks to queue
[2021-07-14 20:01:18,881] {logging_mixin.py:104} INFO - [2021-07-14 20:01:18,881] {dagbag.py:496} INFO - Filling up the DagBag from /home/airflow/.local/lib/python3.6/site-packages/airflow/example_dags/tutorial_taskflow_api_etl.py
[2021-07-14 20:01:18,902] {scheduler_job.py:643} INFO - DAG(s) dict_keys(['tutorial_taskflow_api_etl']) retrieved from /home/airflow/.local/lib/python3.6/site-packages/airflow/example_dags/tutorial_taskflow_api_etl.py
[2021-07-14 20:01:19,205] {logging_mixin.py:104} INFO - [2021-07-14 20:01:19,205] {dag.py:1833} INFO - Sync 1 DAGs
[2021-07-14 20:01:19,227] {logging_mixin.py:104} INFO - [2021-07-14 20:01:19,227] {dag.py:2306} INFO - Setting next_dagrun for tutorial_taskflow_api_etl to None
[2021-07-14 20:01:19,244] {scheduler_job.py:190} INFO - Processing /home/airflow/.local/lib/python3.6/site-packages/airflow/example_dags/tutorial_taskflow_api_etl.py took 0.370 seconds
[2021-07-14 20:01:49,301] {scheduler_job.py:182} INFO - Started process (PID=515) to work on /home/airflow/.local/lib/python3.6/site-packages/airflow/example_dags/tutorial_taskflow_api_etl.py
[2021-07-14 20:01:49,303] {scheduler_job.py:633} INFO - Processing file /home/airflow/.local/lib/python3.6/site-packages/airflow/example_dags/tutorial_taskflow_api_etl.py for tasks to queue
[2021-07-14 20:01:49,304] {logging_mixin.py:104} INFO - [2021-07-14 20:01:49,304] {dagbag.py:496} INFO - Filling up the DagBag from /home/airflow/.local/lib/python3.6/site-packages/airflow/example_dags/tutorial_taskflow_api_etl.py
[2021-07-14 20:01:49,320] {scheduler_job.py:643} INFO - DAG(s) dict_keys(['tutorial_taskflow_api_etl']) retrieved from /home/airflow/.local/lib/python3.6/site-packages/airflow/example_dags/tutorial_taskflow_api_etl.py
[2021-07-14 20:01:49,529] {logging_mixin.py:104} INFO - [2021-07-14 20:01:49,529] {dag.py:1833} INFO - Sync 1 DAGs
[2021-07-14 20:01:49,544] {logging_mixin.py:104} INFO - [2021-07-14 20:01:49,544] {dag.py:2306} INFO - Setting next_dagrun for tutorial_taskflow_api_etl to None
[2021-07-14 20:01:49,558] {scheduler_job.py:190} INFO - Processing /home/airflow/.local/lib/python3.6/site-packages/airflow/example_dags/tutorial_taskflow_api_etl.py took 0.261 seconds
[2021-07-14 20:02:19,916] {scheduler_job.py:182} INFO - Started process (PID=582) to work on /home/airflow/.local/lib/python3.6/site-packages/airflow/example_dags/tutorial_taskflow_api_etl.py
[2021-07-14 20:02:19,918] {scheduler_job.py:633} INFO - Processing file /home/airflow/.local/lib/python3.6/site-packages/airflow/example_dags/tutorial_taskflow_api_etl.py for tasks to queue
[2021-07-14 20:02:19,919] {logging_mixin.py:104} INFO - [2021-07-14 20:02:19,918] {dagbag.py:496} INFO - Filling up the DagBag from /home/airflow/.local/lib/python3.6/site-packages/airflow/example_dags/tutorial_taskflow_api_etl.py
[2021-07-14 20:02:19,944] {scheduler_job.py:643} INFO - DAG(s) dict_keys(['tutorial_taskflow_api_etl']) retrieved from /home/airflow/.local/lib/python3.6/site-packages/airflow/example_dags/tutorial_taskflow_api_etl.py
[2021-07-14 20:02:20,218] {logging_mixin.py:104} INFO - [2021-07-14 20:02:20,218] {dag.py:1833} INFO - Sync 1 DAGs
[2021-07-14 20:02:20,234] {logging_mixin.py:104} INFO - [2021-07-14 20:02:20,234] {dag.py:2306} INFO - Setting next_dagrun for tutorial_taskflow_api_etl to None
[2021-07-14 20:02:20,247] {scheduler_job.py:190} INFO - Processing /home/airflow/.local/lib/python3.6/site-packages/airflow/example_dags/tutorial_taskflow_api_etl.py took 0.335 seconds
[2021-07-14 20:02:50,663] {scheduler_job.py:182} INFO - Started process (PID=636) to work on /home/airflow/.local/lib/python3.6/site-packages/airflow/example_dags/tutorial_taskflow_api_etl.py
[2021-07-14 20:02:50,664] {scheduler_job.py:633} INFO - Processing file /home/airflow/.local/lib/python3.6/site-packages/airflow/example_dags/tutorial_taskflow_api_etl.py for tasks to queue
[2021-07-14 20:02:50,665] {logging_mixin.py:104} INFO - [2021-07-14 20:02:50,665] {dagbag.py:496} INFO - Filling up the DagBag from /home/airflow/.local/lib/python3.6/site-packages/airflow/example_dags/tutorial_taskflow_api_etl.py
[2021-07-14 20:02:50,685] {scheduler_job.py:643} INFO - DAG(s) dict_keys(['tutorial_taskflow_api_etl']) retrieved from /home/airflow/.local/lib/python3.6/site-packages/airflow/example_dags/tutorial_taskflow_api_etl.py
[2021-07-14 20:02:50,923] {logging_mixin.py:104} INFO - [2021-07-14 20:02:50,923] {dag.py:1833} INFO - Sync 1 DAGs
[2021-07-14 20:02:50,951] {logging_mixin.py:104} INFO - [2021-07-14 20:02:50,951] {dag.py:2306} INFO - Setting next_dagrun for tutorial_taskflow_api_etl to None
[2021-07-14 20:02:50,973] {scheduler_job.py:190} INFO - Processing /home/airflow/.local/lib/python3.6/site-packages/airflow/example_dags/tutorial_taskflow_api_etl.py took 0.313 seconds
[2021-07-14 20:03:21,805] {scheduler_job.py:182} INFO - Started process (PID=700) to work on /home/airflow/.local/lib/python3.6/site-packages/airflow/example_dags/tutorial_taskflow_api_etl.py
[2021-07-14 20:03:21,806] {scheduler_job.py:633} INFO - Processing file /home/airflow/.local/lib/python3.6/site-packages/airflow/example_dags/tutorial_taskflow_api_etl.py for tasks to queue
[2021-07-14 20:03:21,807] {logging_mixin.py:104} INFO - [2021-07-14 20:03:21,807] {dagbag.py:496} INFO - Filling up the DagBag from /home/airflow/.local/lib/python3.6/site-packages/airflow/example_dags/tutorial_taskflow_api_etl.py
[2021-07-14 20:03:21,824] {scheduler_job.py:643} INFO - DAG(s) dict_keys(['tutorial_taskflow_api_etl']) retrieved from /home/airflow/.local/lib/python3.6/site-packages/airflow/example_dags/tutorial_taskflow_api_etl.py
[2021-07-14 20:03:22,028] {logging_mixin.py:104} INFO - [2021-07-14 20:03:22,028] {dag.py:1833} INFO - Sync 1 DAGs
[2021-07-14 20:03:22,043] {logging_mixin.py:104} INFO - [2021-07-14 20:03:22,043] {dag.py:2306} INFO - Setting next_dagrun for tutorial_taskflow_api_etl to None
[2021-07-14 20:03:22,059] {scheduler_job.py:190} INFO - Processing /home/airflow/.local/lib/python3.6/site-packages/airflow/example_dags/tutorial_taskflow_api_etl.py took 0.257 seconds
[2021-07-14 20:03:52,370] {scheduler_job.py:182} INFO - Started process (PID=760) to work on /home/airflow/.local/lib/python3.6/site-packages/airflow/example_dags/tutorial_taskflow_api_etl.py
[2021-07-14 20:03:52,371] {scheduler_job.py:633} INFO - Processing file /home/airflow/.local/lib/python3.6/site-packages/airflow/example_dags/tutorial_taskflow_api_etl.py for tasks to queue
[2021-07-14 20:03:52,372] {logging_mixin.py:104} INFO - [2021-07-14 20:03:52,372] {dagbag.py:496} INFO - Filling up the DagBag from /home/airflow/.local/lib/python3.6/site-packages/airflow/example_dags/tutorial_taskflow_api_etl.py
[2021-07-14 20:03:52,397] {scheduler_job.py:643} INFO - DAG(s) dict_keys(['tutorial_taskflow_api_etl']) retrieved from /home/airflow/.local/lib/python3.6/site-packages/airflow/example_dags/tutorial_taskflow_api_etl.py
[2021-07-14 20:03:52,696] {logging_mixin.py:104} INFO - [2021-07-14 20:03:52,696] {dag.py:1833} INFO - Sync 1 DAGs
[2021-07-14 20:03:52,721] {logging_mixin.py:104} INFO - [2021-07-14 20:03:52,721] {dag.py:2306} INFO - Setting next_dagrun for tutorial_taskflow_api_etl to None
[2021-07-14 20:03:52,738] {scheduler_job.py:190} INFO - Processing /home/airflow/.local/lib/python3.6/site-packages/airflow/example_dags/tutorial_taskflow_api_etl.py took 0.372 seconds
[2021-07-14 20:04:23,503] {scheduler_job.py:182} INFO - Started process (PID=818) to work on /home/airflow/.local/lib/python3.6/site-packages/airflow/example_dags/tutorial_taskflow_api_etl.py
[2021-07-14 20:04:23,505] {scheduler_job.py:633} INFO - Processing file /home/airflow/.local/lib/python3.6/site-packages/airflow/example_dags/tutorial_taskflow_api_etl.py for tasks to queue
[2021-07-14 20:04:23,506] {logging_mixin.py:104} INFO - [2021-07-14 20:04:23,506] {dagbag.py:496} INFO - Filling up the DagBag from /home/airflow/.local/lib/python3.6/site-packages/airflow/example_dags/tutorial_taskflow_api_etl.py
[2021-07-14 20:04:23,533] {scheduler_job.py:643} INFO - DAG(s) dict_keys(['tutorial_taskflow_api_etl']) retrieved from /home/airflow/.local/lib/python3.6/site-packages/airflow/example_dags/tutorial_taskflow_api_etl.py
[2021-07-14 20:04:23,794] {logging_mixin.py:104} INFO - [2021-07-14 20:04:23,793] {dag.py:1833} INFO - Sync 1 DAGs
[2021-07-14 20:04:23,820] {logging_mixin.py:104} INFO - [2021-07-14 20:04:23,820] {dag.py:2306} INFO - Setting next_dagrun for tutorial_taskflow_api_etl to None
[2021-07-14 20:04:23,841] {scheduler_job.py:190} INFO - Processing /home/airflow/.local/lib/python3.6/site-packages/airflow/example_dags/tutorial_taskflow_api_etl.py took 0.342 seconds
[2021-07-14 20:04:53,913] {scheduler_job.py:182} INFO - Started process (PID=884) to work on /home/airflow/.local/lib/python3.6/site-packages/airflow/example_dags/tutorial_taskflow_api_etl.py
[2021-07-14 20:04:53,915] {scheduler_job.py:633} INFO - Processing file /home/airflow/.local/lib/python3.6/site-packages/airflow/example_dags/tutorial_taskflow_api_etl.py for tasks to queue
[2021-07-14 20:04:53,916] {logging_mixin.py:104} INFO - [2021-07-14 20:04:53,915] {dagbag.py:496} INFO - Filling up the DagBag from /home/airflow/.local/lib/python3.6/site-packages/airflow/example_dags/tutorial_taskflow_api_etl.py
[2021-07-14 20:04:53,934] {scheduler_job.py:643} INFO - DAG(s) dict_keys(['tutorial_taskflow_api_etl']) retrieved from /home/airflow/.local/lib/python3.6/site-packages/airflow/example_dags/tutorial_taskflow_api_etl.py
[2021-07-14 20:04:53,979] {logging_mixin.py:104} INFO - [2021-07-14 20:04:53,979] {dag.py:1833} INFO - Sync 1 DAGs
[2021-07-14 20:04:54,004] {logging_mixin.py:104} INFO - [2021-07-14 20:04:54,004] {dag.py:2306} INFO - Setting next_dagrun for tutorial_taskflow_api_etl to None
[2021-07-14 20:04:54,017] {scheduler_job.py:190} INFO - Processing /home/airflow/.local/lib/python3.6/site-packages/airflow/example_dags/tutorial_taskflow_api_etl.py took 0.108 seconds
[2021-07-14 20:05:24,275] {scheduler_job.py:182} INFO - Started process (PID=938) to work on /home/airflow/.local/lib/python3.6/site-packages/airflow/example_dags/tutorial_taskflow_api_etl.py
[2021-07-14 20:05:24,276] {scheduler_job.py:633} INFO - Processing file /home/airflow/.local/lib/python3.6/site-packages/airflow/example_dags/tutorial_taskflow_api_etl.py for tasks to queue
[2021-07-14 20:05:24,277] {logging_mixin.py:104} INFO - [2021-07-14 20:05:24,277] {dagbag.py:496} INFO - Filling up the DagBag from /home/airflow/.local/lib/python3.6/site-packages/airflow/example_dags/tutorial_taskflow_api_etl.py
[2021-07-14 20:05:24,295] {scheduler_job.py:643} INFO - DAG(s) dict_keys(['tutorial_taskflow_api_etl']) retrieved from /home/airflow/.local/lib/python3.6/site-packages/airflow/example_dags/tutorial_taskflow_api_etl.py
[2021-07-14 20:05:24,518] {logging_mixin.py:104} INFO - [2021-07-14 20:05:24,518] {dag.py:1833} INFO - Sync 1 DAGs
[2021-07-14 20:05:24,535] {logging_mixin.py:104} INFO - [2021-07-14 20:05:24,535] {dag.py:2306} INFO - Setting next_dagrun for tutorial_taskflow_api_etl to None
[2021-07-14 20:05:24,548] {scheduler_job.py:190} INFO - Processing /home/airflow/.local/lib/python3.6/site-packages/airflow/example_dags/tutorial_taskflow_api_etl.py took 0.276 seconds
[2021-07-14 20:05:54,631] {scheduler_job.py:182} INFO - Started process (PID=1002) to work on /home/airflow/.local/lib/python3.6/site-packages/airflow/example_dags/tutorial_taskflow_api_etl.py
[2021-07-14 20:05:54,633] {scheduler_job.py:633} INFO - Processing file /home/airflow/.local/lib/python3.6/site-packages/airflow/example_dags/tutorial_taskflow_api_etl.py for tasks to queue
[2021-07-14 20:05:54,634] {logging_mixin.py:104} INFO - [2021-07-14 20:05:54,634] {dagbag.py:496} INFO - Filling up the DagBag from /home/airflow/.local/lib/python3.6/site-packages/airflow/example_dags/tutorial_taskflow_api_etl.py
[2021-07-14 20:05:54,651] {scheduler_job.py:643} INFO - DAG(s) dict_keys(['tutorial_taskflow_api_etl']) retrieved from /home/airflow/.local/lib/python3.6/site-packages/airflow/example_dags/tutorial_taskflow_api_etl.py
[2021-07-14 20:05:54,672] {logging_mixin.py:104} INFO - [2021-07-14 20:05:54,672] {dag.py:1833} INFO - Sync 1 DAGs
[2021-07-14 20:05:54,689] {logging_mixin.py:104} INFO - [2021-07-14 20:05:54,689] {dag.py:2306} INFO - Setting next_dagrun for tutorial_taskflow_api_etl to None
[2021-07-14 20:05:54,700] {scheduler_job.py:190} INFO - Processing /home/airflow/.local/lib/python3.6/site-packages/airflow/example_dags/tutorial_taskflow_api_etl.py took 0.072 seconds
[2021-07-14 20:06:25,047] {scheduler_job.py:182} INFO - Started process (PID=1055) to work on /home/airflow/.local/lib/python3.6/site-packages/airflow/example_dags/tutorial_taskflow_api_etl.py
[2021-07-14 20:06:25,048] {scheduler_job.py:633} INFO - Processing file /home/airflow/.local/lib/python3.6/site-packages/airflow/example_dags/tutorial_taskflow_api_etl.py for tasks to queue
[2021-07-14 20:06:25,048] {logging_mixin.py:104} INFO - [2021-07-14 20:06:25,048] {dagbag.py:496} INFO - Filling up the DagBag from /home/airflow/.local/lib/python3.6/site-packages/airflow/example_dags/tutorial_taskflow_api_etl.py
[2021-07-14 20:06:25,073] {scheduler_job.py:643} INFO - DAG(s) dict_keys(['tutorial_taskflow_api_etl']) retrieved from /home/airflow/.local/lib/python3.6/site-packages/airflow/example_dags/tutorial_taskflow_api_etl.py
[2021-07-14 20:06:25,100] {logging_mixin.py:104} INFO - [2021-07-14 20:06:25,100] {dag.py:1833} INFO - Sync 1 DAGs
[2021-07-14 20:06:25,122] {logging_mixin.py:104} INFO - [2021-07-14 20:06:25,122] {dag.py:2306} INFO - Setting next_dagrun for tutorial_taskflow_api_etl to None
[2021-07-14 20:06:25,134] {scheduler_job.py:190} INFO - Processing /home/airflow/.local/lib/python3.6/site-packages/airflow/example_dags/tutorial_taskflow_api_etl.py took 0.090 seconds
[2021-07-14 20:06:55,459] {scheduler_job.py:182} INFO - Started process (PID=1118) to work on /home/airflow/.local/lib/python3.6/site-packages/airflow/example_dags/tutorial_taskflow_api_etl.py
[2021-07-14 20:06:55,460] {scheduler_job.py:633} INFO - Processing file /home/airflow/.local/lib/python3.6/site-packages/airflow/example_dags/tutorial_taskflow_api_etl.py for tasks to queue
[2021-07-14 20:06:55,460] {logging_mixin.py:104} INFO - [2021-07-14 20:06:55,460] {dagbag.py:496} INFO - Filling up the DagBag from /home/airflow/.local/lib/python3.6/site-packages/airflow/example_dags/tutorial_taskflow_api_etl.py
[2021-07-14 20:06:55,479] {scheduler_job.py:643} INFO - DAG(s) dict_keys(['tutorial_taskflow_api_etl']) retrieved from /home/airflow/.local/lib/python3.6/site-packages/airflow/example_dags/tutorial_taskflow_api_etl.py
[2021-07-14 20:06:55,705] {logging_mixin.py:104} INFO - [2021-07-14 20:06:55,704] {dag.py:1833} INFO - Sync 1 DAGs
[2021-07-14 20:06:55,721] {logging_mixin.py:104} INFO - [2021-07-14 20:06:55,721] {dag.py:2306} INFO - Setting next_dagrun for tutorial_taskflow_api_etl to None
[2021-07-14 20:06:55,733] {scheduler_job.py:190} INFO - Processing /home/airflow/.local/lib/python3.6/site-packages/airflow/example_dags/tutorial_taskflow_api_etl.py took 0.277 seconds
[2021-07-14 20:07:26,128] {scheduler_job.py:182} INFO - Started process (PID=1172) to work on /home/airflow/.local/lib/python3.6/site-packages/airflow/example_dags/tutorial_taskflow_api_etl.py
[2021-07-14 20:07:26,129] {scheduler_job.py:633} INFO - Processing file /home/airflow/.local/lib/python3.6/site-packages/airflow/example_dags/tutorial_taskflow_api_etl.py for tasks to queue
[2021-07-14 20:07:26,130] {logging_mixin.py:104} INFO - [2021-07-14 20:07:26,130] {dagbag.py:496} INFO - Filling up the DagBag from /home/airflow/.local/lib/python3.6/site-packages/airflow/example_dags/tutorial_taskflow_api_etl.py
[2021-07-14 20:07:26,150] {scheduler_job.py:643} INFO - DAG(s) dict_keys(['tutorial_taskflow_api_etl']) retrieved from /home/airflow/.local/lib/python3.6/site-packages/airflow/example_dags/tutorial_taskflow_api_etl.py
[2021-07-14 20:07:26,470] {logging_mixin.py:104} INFO - [2021-07-14 20:07:26,470] {dag.py:1833} INFO - Sync 1 DAGs
[2021-07-14 20:07:26,493] {logging_mixin.py:104} INFO - [2021-07-14 20:07:26,493] {dag.py:2306} INFO - Setting next_dagrun for tutorial_taskflow_api_etl to None
[2021-07-14 20:07:26,509] {scheduler_job.py:190} INFO - Processing /home/airflow/.local/lib/python3.6/site-packages/airflow/example_dags/tutorial_taskflow_api_etl.py took 0.384 seconds
[2021-07-14 20:07:56,728] {scheduler_job.py:182} INFO - Started process (PID=1237) to work on /home/airflow/.local/lib/python3.6/site-packages/airflow/example_dags/tutorial_taskflow_api_etl.py
[2021-07-14 20:07:56,730] {scheduler_job.py:633} INFO - Processing file /home/airflow/.local/lib/python3.6/site-packages/airflow/example_dags/tutorial_taskflow_api_etl.py for tasks to queue
[2021-07-14 20:07:56,730] {logging_mixin.py:104} INFO - [2021-07-14 20:07:56,730] {dagbag.py:496} INFO - Filling up the DagBag from /home/airflow/.local/lib/python3.6/site-packages/airflow/example_dags/tutorial_taskflow_api_etl.py
[2021-07-14 20:07:56,751] {scheduler_job.py:643} INFO - DAG(s) dict_keys(['tutorial_taskflow_api_etl']) retrieved from /home/airflow/.local/lib/python3.6/site-packages/airflow/example_dags/tutorial_taskflow_api_etl.py
[2021-07-14 20:07:56,972] {logging_mixin.py:104} INFO - [2021-07-14 20:07:56,972] {dag.py:1833} INFO - Sync 1 DAGs
[2021-07-14 20:07:56,988] {logging_mixin.py:104} INFO - [2021-07-14 20:07:56,988] {dag.py:2306} INFO - Setting next_dagrun for tutorial_taskflow_api_etl to None
[2021-07-14 20:07:57,002] {scheduler_job.py:190} INFO - Processing /home/airflow/.local/lib/python3.6/site-packages/airflow/example_dags/tutorial_taskflow_api_etl.py took 0.277 seconds
[2021-07-14 20:08:27,217] {scheduler_job.py:182} INFO - Started process (PID=1299) to work on /home/airflow/.local/lib/python3.6/site-packages/airflow/example_dags/tutorial_taskflow_api_etl.py
[2021-07-14 20:08:27,219] {scheduler_job.py:633} INFO - Processing file /home/airflow/.local/lib/python3.6/site-packages/airflow/example_dags/tutorial_taskflow_api_etl.py for tasks to queue
[2021-07-14 20:08:27,220] {logging_mixin.py:104} INFO - [2021-07-14 20:08:27,220] {dagbag.py:496} INFO - Filling up the DagBag from /home/airflow/.local/lib/python3.6/site-packages/airflow/example_dags/tutorial_taskflow_api_etl.py
[2021-07-14 20:08:27,252] {scheduler_job.py:643} INFO - DAG(s) dict_keys(['tutorial_taskflow_api_etl']) retrieved from /home/airflow/.local/lib/python3.6/site-packages/airflow/example_dags/tutorial_taskflow_api_etl.py
[2021-07-14 20:08:27,586] {logging_mixin.py:104} INFO - [2021-07-14 20:08:27,586] {dag.py:1833} INFO - Sync 1 DAGs
[2021-07-14 20:08:27,608] {logging_mixin.py:104} INFO - [2021-07-14 20:08:27,608] {dag.py:2306} INFO - Setting next_dagrun for tutorial_taskflow_api_etl to None
[2021-07-14 20:08:27,623] {scheduler_job.py:190} INFO - Processing /home/airflow/.local/lib/python3.6/site-packages/airflow/example_dags/tutorial_taskflow_api_etl.py took 0.412 seconds
[2021-07-14 20:08:57,719] {scheduler_job.py:182} INFO - Started process (PID=1355) to work on /home/airflow/.local/lib/python3.6/site-packages/airflow/example_dags/tutorial_taskflow_api_etl.py
[2021-07-14 20:08:57,720] {scheduler_job.py:633} INFO - Processing file /home/airflow/.local/lib/python3.6/site-packages/airflow/example_dags/tutorial_taskflow_api_etl.py for tasks to queue
[2021-07-14 20:08:57,721] {logging_mixin.py:104} INFO - [2021-07-14 20:08:57,721] {dagbag.py:496} INFO - Filling up the DagBag from /home/airflow/.local/lib/python3.6/site-packages/airflow/example_dags/tutorial_taskflow_api_etl.py
[2021-07-14 20:08:57,747] {scheduler_job.py:643} INFO - DAG(s) dict_keys(['tutorial_taskflow_api_etl']) retrieved from /home/airflow/.local/lib/python3.6/site-packages/airflow/example_dags/tutorial_taskflow_api_etl.py
[2021-07-14 20:08:57,770] {logging_mixin.py:104} INFO - [2021-07-14 20:08:57,770] {dag.py:1833} INFO - Sync 1 DAGs
[2021-07-14 20:08:57,790] {logging_mixin.py:104} INFO - [2021-07-14 20:08:57,790] {dag.py:2306} INFO - Setting next_dagrun for tutorial_taskflow_api_etl to None
[2021-07-14 20:08:57,803] {scheduler_job.py:190} INFO - Processing /home/airflow/.local/lib/python3.6/site-packages/airflow/example_dags/tutorial_taskflow_api_etl.py took 0.088 seconds
[2021-07-14 20:09:28,235] {scheduler_job.py:182} INFO - Started process (PID=1419) to work on /home/airflow/.local/lib/python3.6/site-packages/airflow/example_dags/tutorial_taskflow_api_etl.py
[2021-07-14 20:09:28,236] {scheduler_job.py:633} INFO - Processing file /home/airflow/.local/lib/python3.6/site-packages/airflow/example_dags/tutorial_taskflow_api_etl.py for tasks to queue
[2021-07-14 20:09:28,237] {logging_mixin.py:104} INFO - [2021-07-14 20:09:28,237] {dagbag.py:496} INFO - Filling up the DagBag from /home/airflow/.local/lib/python3.6/site-packages/airflow/example_dags/tutorial_taskflow_api_etl.py
[2021-07-14 20:09:28,257] {scheduler_job.py:643} INFO - DAG(s) dict_keys(['tutorial_taskflow_api_etl']) retrieved from /home/airflow/.local/lib/python3.6/site-packages/airflow/example_dags/tutorial_taskflow_api_etl.py
[2021-07-14 20:09:28,535] {logging_mixin.py:104} INFO - [2021-07-14 20:09:28,535] {dag.py:1833} INFO - Sync 1 DAGs
[2021-07-14 20:09:28,558] {logging_mixin.py:104} INFO - [2021-07-14 20:09:28,558] {dag.py:2306} INFO - Setting next_dagrun for tutorial_taskflow_api_etl to None
[2021-07-14 20:09:28,573] {scheduler_job.py:190} INFO - Processing /home/airflow/.local/lib/python3.6/site-packages/airflow/example_dags/tutorial_taskflow_api_etl.py took 0.342 seconds
[2021-07-14 20:09:58,733] {scheduler_job.py:182} INFO - Started process (PID=1474) to work on /home/airflow/.local/lib/python3.6/site-packages/airflow/example_dags/tutorial_taskflow_api_etl.py
[2021-07-14 20:09:58,735] {scheduler_job.py:633} INFO - Processing file /home/airflow/.local/lib/python3.6/site-packages/airflow/example_dags/tutorial_taskflow_api_etl.py for tasks to queue
[2021-07-14 20:09:58,736] {logging_mixin.py:104} INFO - [2021-07-14 20:09:58,736] {dagbag.py:496} INFO - Filling up the DagBag from /home/airflow/.local/lib/python3.6/site-packages/airflow/example_dags/tutorial_taskflow_api_etl.py
[2021-07-14 20:09:58,753] {scheduler_job.py:643} INFO - DAG(s) dict_keys(['tutorial_taskflow_api_etl']) retrieved from /home/airflow/.local/lib/python3.6/site-packages/airflow/example_dags/tutorial_taskflow_api_etl.py
[2021-07-14 20:09:58,972] {logging_mixin.py:104} INFO - [2021-07-14 20:09:58,972] {dag.py:1833} INFO - Sync 1 DAGs
[2021-07-14 20:09:58,989] {logging_mixin.py:104} INFO - [2021-07-14 20:09:58,988] {dag.py:2306} INFO - Setting next_dagrun for tutorial_taskflow_api_etl to None
[2021-07-14 20:09:59,002] {scheduler_job.py:190} INFO - Processing /home/airflow/.local/lib/python3.6/site-packages/airflow/example_dags/tutorial_taskflow_api_etl.py took 0.272 seconds
[2021-07-14 20:10:29,055] {scheduler_job.py:182} INFO - Started process (PID=1537) to work on /home/airflow/.local/lib/python3.6/site-packages/airflow/example_dags/tutorial_taskflow_api_etl.py
[2021-07-14 20:10:29,056] {scheduler_job.py:633} INFO - Processing file /home/airflow/.local/lib/python3.6/site-packages/airflow/example_dags/tutorial_taskflow_api_etl.py for tasks to queue
[2021-07-14 20:10:29,057] {logging_mixin.py:104} INFO - [2021-07-14 20:10:29,056] {dagbag.py:496} INFO - Filling up the DagBag from /home/airflow/.local/lib/python3.6/site-packages/airflow/example_dags/tutorial_taskflow_api_etl.py
[2021-07-14 20:10:29,077] {scheduler_job.py:643} INFO - DAG(s) dict_keys(['tutorial_taskflow_api_etl']) retrieved from /home/airflow/.local/lib/python3.6/site-packages/airflow/example_dags/tutorial_taskflow_api_etl.py
[2021-07-14 20:10:29,369] {logging_mixin.py:104} INFO - [2021-07-14 20:10:29,368] {dag.py:1833} INFO - Sync 1 DAGs
[2021-07-14 20:10:29,392] {logging_mixin.py:104} INFO - [2021-07-14 20:10:29,391] {dag.py:2306} INFO - Setting next_dagrun for tutorial_taskflow_api_etl to None
[2021-07-14 20:10:29,410] {scheduler_job.py:190} INFO - Processing /home/airflow/.local/lib/python3.6/site-packages/airflow/example_dags/tutorial_taskflow_api_etl.py took 0.359 seconds
[2021-07-14 20:10:59,520] {scheduler_job.py:182} INFO - Started process (PID=1592) to work on /home/airflow/.local/lib/python3.6/site-packages/airflow/example_dags/tutorial_taskflow_api_etl.py
[2021-07-14 20:10:59,522] {scheduler_job.py:633} INFO - Processing file /home/airflow/.local/lib/python3.6/site-packages/airflow/example_dags/tutorial_taskflow_api_etl.py for tasks to queue
[2021-07-14 20:10:59,522] {logging_mixin.py:104} INFO - [2021-07-14 20:10:59,522] {dagbag.py:496} INFO - Filling up the DagBag from /home/airflow/.local/lib/python3.6/site-packages/airflow/example_dags/tutorial_taskflow_api_etl.py
[2021-07-14 20:10:59,541] {scheduler_job.py:643} INFO - DAG(s) dict_keys(['tutorial_taskflow_api_etl']) retrieved from /home/airflow/.local/lib/python3.6/site-packages/airflow/example_dags/tutorial_taskflow_api_etl.py
[2021-07-14 20:10:59,783] {logging_mixin.py:104} INFO - [2021-07-14 20:10:59,783] {dag.py:1833} INFO - Sync 1 DAGs
[2021-07-14 20:10:59,804] {logging_mixin.py:104} INFO - [2021-07-14 20:10:59,804] {dag.py:2306} INFO - Setting next_dagrun for tutorial_taskflow_api_etl to None
[2021-07-14 20:10:59,822] {scheduler_job.py:190} INFO - Processing /home/airflow/.local/lib/python3.6/site-packages/airflow/example_dags/tutorial_taskflow_api_etl.py took 0.305 seconds
[2021-07-14 20:11:29,842] {scheduler_job.py:182} INFO - Started process (PID=1656) to work on /home/airflow/.local/lib/python3.6/site-packages/airflow/example_dags/tutorial_taskflow_api_etl.py
[2021-07-14 20:11:29,843] {scheduler_job.py:633} INFO - Processing file /home/airflow/.local/lib/python3.6/site-packages/airflow/example_dags/tutorial_taskflow_api_etl.py for tasks to queue
[2021-07-14 20:11:29,844] {logging_mixin.py:104} INFO - [2021-07-14 20:11:29,844] {dagbag.py:496} INFO - Filling up the DagBag from /home/airflow/.local/lib/python3.6/site-packages/airflow/example_dags/tutorial_taskflow_api_etl.py
[2021-07-14 20:11:29,865] {scheduler_job.py:643} INFO - DAG(s) dict_keys(['tutorial_taskflow_api_etl']) retrieved from /home/airflow/.local/lib/python3.6/site-packages/airflow/example_dags/tutorial_taskflow_api_etl.py
[2021-07-14 20:11:30,154] {logging_mixin.py:104} INFO - [2021-07-14 20:11:30,154] {dag.py:1833} INFO - Sync 1 DAGs
[2021-07-14 20:11:30,184] {logging_mixin.py:104} INFO - [2021-07-14 20:11:30,184] {dag.py:2306} INFO - Setting next_dagrun for tutorial_taskflow_api_etl to None
[2021-07-14 20:11:30,211] {scheduler_job.py:190} INFO - Processing /home/airflow/.local/lib/python3.6/site-packages/airflow/example_dags/tutorial_taskflow_api_etl.py took 0.372 seconds
[2021-07-14 20:12:00,632] {scheduler_job.py:182} INFO - Started process (PID=1711) to work on /home/airflow/.local/lib/python3.6/site-packages/airflow/example_dags/tutorial_taskflow_api_etl.py
[2021-07-14 20:12:00,633] {scheduler_job.py:633} INFO - Processing file /home/airflow/.local/lib/python3.6/site-packages/airflow/example_dags/tutorial_taskflow_api_etl.py for tasks to queue
[2021-07-14 20:12:00,634] {logging_mixin.py:104} INFO - [2021-07-14 20:12:00,634] {dagbag.py:496} INFO - Filling up the DagBag from /home/airflow/.local/lib/python3.6/site-packages/airflow/example_dags/tutorial_taskflow_api_etl.py
[2021-07-14 20:12:00,650] {scheduler_job.py:643} INFO - DAG(s) dict_keys(['tutorial_taskflow_api_etl']) retrieved from /home/airflow/.local/lib/python3.6/site-packages/airflow/example_dags/tutorial_taskflow_api_etl.py
[2021-07-14 20:12:00,671] {logging_mixin.py:104} INFO - [2021-07-14 20:12:00,671] {dag.py:1833} INFO - Sync 1 DAGs
[2021-07-14 20:12:00,687] {logging_mixin.py:104} INFO - [2021-07-14 20:12:00,687] {dag.py:2306} INFO - Setting next_dagrun for tutorial_taskflow_api_etl to None
[2021-07-14 20:12:00,698] {scheduler_job.py:190} INFO - Processing /home/airflow/.local/lib/python3.6/site-packages/airflow/example_dags/tutorial_taskflow_api_etl.py took 0.069 seconds
[2021-07-14 20:12:30,718] {scheduler_job.py:182} INFO - Started process (PID=1776) to work on /home/airflow/.local/lib/python3.6/site-packages/airflow/example_dags/tutorial_taskflow_api_etl.py
[2021-07-14 20:12:30,719] {scheduler_job.py:633} INFO - Processing file /home/airflow/.local/lib/python3.6/site-packages/airflow/example_dags/tutorial_taskflow_api_etl.py for tasks to queue
[2021-07-14 20:12:30,720] {logging_mixin.py:104} INFO - [2021-07-14 20:12:30,720] {dagbag.py:496} INFO - Filling up the DagBag from /home/airflow/.local/lib/python3.6/site-packages/airflow/example_dags/tutorial_taskflow_api_etl.py
[2021-07-14 20:12:30,738] {scheduler_job.py:643} INFO - DAG(s) dict_keys(['tutorial_taskflow_api_etl']) retrieved from /home/airflow/.local/lib/python3.6/site-packages/airflow/example_dags/tutorial_taskflow_api_etl.py
[2021-07-14 20:12:30,959] {logging_mixin.py:104} INFO - [2021-07-14 20:12:30,959] {dag.py:1833} INFO - Sync 1 DAGs
[2021-07-14 20:12:30,976] {logging_mixin.py:104} INFO - [2021-07-14 20:12:30,976] {dag.py:2306} INFO - Setting next_dagrun for tutorial_taskflow_api_etl to None
[2021-07-14 20:12:30,990] {scheduler_job.py:190} INFO - Processing /home/airflow/.local/lib/python3.6/site-packages/airflow/example_dags/tutorial_taskflow_api_etl.py took 0.275 seconds
[2021-07-14 20:13:01,017] {scheduler_job.py:182} INFO - Started process (PID=1840) to work on /home/airflow/.local/lib/python3.6/site-packages/airflow/example_dags/tutorial_taskflow_api_etl.py
[2021-07-14 20:13:01,021] {scheduler_job.py:633} INFO - Processing file /home/airflow/.local/lib/python3.6/site-packages/airflow/example_dags/tutorial_taskflow_api_etl.py for tasks to queue
[2021-07-14 20:13:01,022] {logging_mixin.py:104} INFO - [2021-07-14 20:13:01,022] {dagbag.py:496} INFO - Filling up the DagBag from /home/airflow/.local/lib/python3.6/site-packages/airflow/example_dags/tutorial_taskflow_api_etl.py
[2021-07-14 20:13:01,053] {scheduler_job.py:643} INFO - DAG(s) dict_keys(['tutorial_taskflow_api_etl']) retrieved from /home/airflow/.local/lib/python3.6/site-packages/airflow/example_dags/tutorial_taskflow_api_etl.py
[2021-07-14 20:13:01,377] {logging_mixin.py:104} INFO - [2021-07-14 20:13:01,377] {dag.py:1833} INFO - Sync 1 DAGs
[2021-07-14 20:13:01,399] {logging_mixin.py:104} INFO - [2021-07-14 20:13:01,399] {dag.py:2306} INFO - Setting next_dagrun for tutorial_taskflow_api_etl to None
[2021-07-14 20:13:01,417] {scheduler_job.py:190} INFO - Processing /home/airflow/.local/lib/python3.6/site-packages/airflow/example_dags/tutorial_taskflow_api_etl.py took 0.404 seconds
[2021-07-14 20:13:32,242] {scheduler_job.py:182} INFO - Started process (PID=1895) to work on /home/airflow/.local/lib/python3.6/site-packages/airflow/example_dags/tutorial_taskflow_api_etl.py
[2021-07-14 20:13:32,243] {scheduler_job.py:633} INFO - Processing file /home/airflow/.local/lib/python3.6/site-packages/airflow/example_dags/tutorial_taskflow_api_etl.py for tasks to queue
[2021-07-14 20:13:32,244] {logging_mixin.py:104} INFO - [2021-07-14 20:13:32,244] {dagbag.py:496} INFO - Filling up the DagBag from /home/airflow/.local/lib/python3.6/site-packages/airflow/example_dags/tutorial_taskflow_api_etl.py
[2021-07-14 20:13:32,261] {scheduler_job.py:643} INFO - DAG(s) dict_keys(['tutorial_taskflow_api_etl']) retrieved from /home/airflow/.local/lib/python3.6/site-packages/airflow/example_dags/tutorial_taskflow_api_etl.py
[2021-07-14 20:13:32,462] {logging_mixin.py:104} INFO - [2021-07-14 20:13:32,462] {dag.py:1833} INFO - Sync 1 DAGs
[2021-07-14 20:13:32,477] {logging_mixin.py:104} INFO - [2021-07-14 20:13:32,477] {dag.py:2306} INFO - Setting next_dagrun for tutorial_taskflow_api_etl to None
[2021-07-14 20:13:32,494] {scheduler_job.py:190} INFO - Processing /home/airflow/.local/lib/python3.6/site-packages/airflow/example_dags/tutorial_taskflow_api_etl.py took 0.255 seconds
[2021-07-14 20:14:03,318] {scheduler_job.py:182} INFO - Started process (PID=1960) to work on /home/airflow/.local/lib/python3.6/site-packages/airflow/example_dags/tutorial_taskflow_api_etl.py
[2021-07-14 20:14:03,319] {scheduler_job.py:633} INFO - Processing file /home/airflow/.local/lib/python3.6/site-packages/airflow/example_dags/tutorial_taskflow_api_etl.py for tasks to queue
[2021-07-14 20:14:03,320] {logging_mixin.py:104} INFO - [2021-07-14 20:14:03,320] {dagbag.py:496} INFO - Filling up the DagBag from /home/airflow/.local/lib/python3.6/site-packages/airflow/example_dags/tutorial_taskflow_api_etl.py
[2021-07-14 20:14:03,338] {scheduler_job.py:643} INFO - DAG(s) dict_keys(['tutorial_taskflow_api_etl']) retrieved from /home/airflow/.local/lib/python3.6/site-packages/airflow/example_dags/tutorial_taskflow_api_etl.py
[2021-07-14 20:14:03,624] {logging_mixin.py:104} INFO - [2021-07-14 20:14:03,624] {dag.py:1833} INFO - Sync 1 DAGs
[2021-07-14 20:14:03,640] {logging_mixin.py:104} INFO - [2021-07-14 20:14:03,639] {dag.py:2306} INFO - Setting next_dagrun for tutorial_taskflow_api_etl to None
[2021-07-14 20:14:03,652] {scheduler_job.py:190} INFO - Processing /home/airflow/.local/lib/python3.6/site-packages/airflow/example_dags/tutorial_taskflow_api_etl.py took 0.337 seconds
[2021-07-14 20:14:34,532] {scheduler_job.py:182} INFO - Started process (PID=2013) to work on /home/airflow/.local/lib/python3.6/site-packages/airflow/example_dags/tutorial_taskflow_api_etl.py
[2021-07-14 20:14:34,533] {scheduler_job.py:633} INFO - Processing file /home/airflow/.local/lib/python3.6/site-packages/airflow/example_dags/tutorial_taskflow_api_etl.py for tasks to queue
[2021-07-14 20:14:34,534] {logging_mixin.py:104} INFO - [2021-07-14 20:14:34,534] {dagbag.py:496} INFO - Filling up the DagBag from /home/airflow/.local/lib/python3.6/site-packages/airflow/example_dags/tutorial_taskflow_api_etl.py
[2021-07-14 20:14:34,551] {scheduler_job.py:643} INFO - DAG(s) dict_keys(['tutorial_taskflow_api_etl']) retrieved from /home/airflow/.local/lib/python3.6/site-packages/airflow/example_dags/tutorial_taskflow_api_etl.py
[2021-07-14 20:14:34,763] {logging_mixin.py:104} INFO - [2021-07-14 20:14:34,763] {dag.py:1833} INFO - Sync 1 DAGs
[2021-07-14 20:14:34,778] {logging_mixin.py:104} INFO - [2021-07-14 20:14:34,778] {dag.py:2306} INFO - Setting next_dagrun for tutorial_taskflow_api_etl to None
[2021-07-14 20:14:34,793] {scheduler_job.py:190} INFO - Processing /home/airflow/.local/lib/python3.6/site-packages/airflow/example_dags/tutorial_taskflow_api_etl.py took 0.264 seconds
[2021-07-14 20:15:04,996] {scheduler_job.py:182} INFO - Started process (PID=2077) to work on /home/airflow/.local/lib/python3.6/site-packages/airflow/example_dags/tutorial_taskflow_api_etl.py
[2021-07-14 20:15:04,998] {scheduler_job.py:633} INFO - Processing file /home/airflow/.local/lib/python3.6/site-packages/airflow/example_dags/tutorial_taskflow_api_etl.py for tasks to queue
[2021-07-14 20:15:04,999] {logging_mixin.py:104} INFO - [2021-07-14 20:15:04,999] {dagbag.py:496} INFO - Filling up the DagBag from /home/airflow/.local/lib/python3.6/site-packages/airflow/example_dags/tutorial_taskflow_api_etl.py
[2021-07-14 20:15:05,016] {scheduler_job.py:643} INFO - DAG(s) dict_keys(['tutorial_taskflow_api_etl']) retrieved from /home/airflow/.local/lib/python3.6/site-packages/airflow/example_dags/tutorial_taskflow_api_etl.py
[2021-07-14 20:15:05,247] {logging_mixin.py:104} INFO - [2021-07-14 20:15:05,247] {dag.py:1833} INFO - Sync 1 DAGs
[2021-07-14 20:15:05,265] {logging_mixin.py:104} INFO - [2021-07-14 20:15:05,265] {dag.py:2306} INFO - Setting next_dagrun for tutorial_taskflow_api_etl to None
[2021-07-14 20:15:05,283] {scheduler_job.py:190} INFO - Processing /home/airflow/.local/lib/python3.6/site-packages/airflow/example_dags/tutorial_taskflow_api_etl.py took 0.292 seconds
[2021-07-14 20:15:35,570] {scheduler_job.py:182} INFO - Started process (PID=2140) to work on /home/airflow/.local/lib/python3.6/site-packages/airflow/example_dags/tutorial_taskflow_api_etl.py
[2021-07-14 20:15:35,576] {scheduler_job.py:633} INFO - Processing file /home/airflow/.local/lib/python3.6/site-packages/airflow/example_dags/tutorial_taskflow_api_etl.py for tasks to queue
[2021-07-14 20:15:35,577] {logging_mixin.py:104} INFO - [2021-07-14 20:15:35,577] {dagbag.py:496} INFO - Filling up the DagBag from /home/airflow/.local/lib/python3.6/site-packages/airflow/example_dags/tutorial_taskflow_api_etl.py
[2021-07-14 20:15:35,595] {scheduler_job.py:643} INFO - DAG(s) dict_keys(['tutorial_taskflow_api_etl']) retrieved from /home/airflow/.local/lib/python3.6/site-packages/airflow/example_dags/tutorial_taskflow_api_etl.py
[2021-07-14 20:15:35,837] {logging_mixin.py:104} INFO - [2021-07-14 20:15:35,837] {dag.py:1833} INFO - Sync 1 DAGs
[2021-07-14 20:15:35,855] {logging_mixin.py:104} INFO - [2021-07-14 20:15:35,855] {dag.py:2306} INFO - Setting next_dagrun for tutorial_taskflow_api_etl to None
[2021-07-14 20:15:35,871] {scheduler_job.py:190} INFO - Processing /home/airflow/.local/lib/python3.6/site-packages/airflow/example_dags/tutorial_taskflow_api_etl.py took 0.304 seconds
[2021-07-14 20:16:05,915] {scheduler_job.py:182} INFO - Started process (PID=2195) to work on /home/airflow/.local/lib/python3.6/site-packages/airflow/example_dags/tutorial_taskflow_api_etl.py
[2021-07-14 20:16:05,916] {scheduler_job.py:633} INFO - Processing file /home/airflow/.local/lib/python3.6/site-packages/airflow/example_dags/tutorial_taskflow_api_etl.py for tasks to queue
[2021-07-14 20:16:05,917] {logging_mixin.py:104} INFO - [2021-07-14 20:16:05,917] {dagbag.py:496} INFO - Filling up the DagBag from /home/airflow/.local/lib/python3.6/site-packages/airflow/example_dags/tutorial_taskflow_api_etl.py
[2021-07-14 20:16:05,934] {scheduler_job.py:643} INFO - DAG(s) dict_keys(['tutorial_taskflow_api_etl']) retrieved from /home/airflow/.local/lib/python3.6/site-packages/airflow/example_dags/tutorial_taskflow_api_etl.py
[2021-07-14 20:16:05,954] {logging_mixin.py:104} INFO - [2021-07-14 20:16:05,954] {dag.py:1833} INFO - Sync 1 DAGs
[2021-07-14 20:16:05,970] {logging_mixin.py:104} INFO - [2021-07-14 20:16:05,970] {dag.py:2306} INFO - Setting next_dagrun for tutorial_taskflow_api_etl to None
[2021-07-14 20:16:05,982] {scheduler_job.py:190} INFO - Processing /home/airflow/.local/lib/python3.6/site-packages/airflow/example_dags/tutorial_taskflow_api_etl.py took 0.069 seconds
[2021-07-14 20:16:36,015] {scheduler_job.py:182} INFO - Started process (PID=2253) to work on /home/airflow/.local/lib/python3.6/site-packages/airflow/example_dags/tutorial_taskflow_api_etl.py
[2021-07-14 20:16:36,018] {scheduler_job.py:633} INFO - Processing file /home/airflow/.local/lib/python3.6/site-packages/airflow/example_dags/tutorial_taskflow_api_etl.py for tasks to queue
[2021-07-14 20:16:36,020] {logging_mixin.py:104} INFO - [2021-07-14 20:16:36,019] {dagbag.py:496} INFO - Filling up the DagBag from /home/airflow/.local/lib/python3.6/site-packages/airflow/example_dags/tutorial_taskflow_api_etl.py
[2021-07-14 20:16:36,047] {scheduler_job.py:643} INFO - DAG(s) dict_keys(['tutorial_taskflow_api_etl']) retrieved from /home/airflow/.local/lib/python3.6/site-packages/airflow/example_dags/tutorial_taskflow_api_etl.py
[2021-07-14 20:16:36,331] {logging_mixin.py:104} INFO - [2021-07-14 20:16:36,330] {dag.py:1833} INFO - Sync 1 DAGs
[2021-07-14 20:16:36,347] {logging_mixin.py:104} INFO - [2021-07-14 20:16:36,347] {dag.py:2306} INFO - Setting next_dagrun for tutorial_taskflow_api_etl to None
[2021-07-14 20:16:36,369] {scheduler_job.py:190} INFO - Processing /home/airflow/.local/lib/python3.6/site-packages/airflow/example_dags/tutorial_taskflow_api_etl.py took 0.359 seconds
[2021-07-14 20:17:06,431] {scheduler_job.py:182} INFO - Started process (PID=2310) to work on /home/airflow/.local/lib/python3.6/site-packages/airflow/example_dags/tutorial_taskflow_api_etl.py
[2021-07-14 20:17:06,433] {scheduler_job.py:633} INFO - Processing file /home/airflow/.local/lib/python3.6/site-packages/airflow/example_dags/tutorial_taskflow_api_etl.py for tasks to queue
[2021-07-14 20:17:06,434] {logging_mixin.py:104} INFO - [2021-07-14 20:17:06,434] {dagbag.py:496} INFO - Filling up the DagBag from /home/airflow/.local/lib/python3.6/site-packages/airflow/example_dags/tutorial_taskflow_api_etl.py
[2021-07-14 20:17:06,460] {scheduler_job.py:643} INFO - DAG(s) dict_keys(['tutorial_taskflow_api_etl']) retrieved from /home/airflow/.local/lib/python3.6/site-packages/airflow/example_dags/tutorial_taskflow_api_etl.py
[2021-07-14 20:17:06,492] {logging_mixin.py:104} INFO - [2021-07-14 20:17:06,492] {dag.py:1833} INFO - Sync 1 DAGs
[2021-07-14 20:17:06,519] {logging_mixin.py:104} INFO - [2021-07-14 20:17:06,518] {dag.py:2306} INFO - Setting next_dagrun for tutorial_taskflow_api_etl to None
[2021-07-14 20:17:06,530] {scheduler_job.py:190} INFO - Processing /home/airflow/.local/lib/python3.6/site-packages/airflow/example_dags/tutorial_taskflow_api_etl.py took 0.102 seconds
[2021-07-14 20:17:37,051] {scheduler_job.py:182} INFO - Started process (PID=2372) to work on /home/airflow/.local/lib/python3.6/site-packages/airflow/example_dags/tutorial_taskflow_api_etl.py
[2021-07-14 20:17:37,057] {scheduler_job.py:633} INFO - Processing file /home/airflow/.local/lib/python3.6/site-packages/airflow/example_dags/tutorial_taskflow_api_etl.py for tasks to queue
[2021-07-14 20:17:37,058] {logging_mixin.py:104} INFO - [2021-07-14 20:17:37,057] {dagbag.py:496} INFO - Filling up the DagBag from /home/airflow/.local/lib/python3.6/site-packages/airflow/example_dags/tutorial_taskflow_api_etl.py
[2021-07-14 20:17:37,082] {scheduler_job.py:643} INFO - DAG(s) dict_keys(['tutorial_taskflow_api_etl']) retrieved from /home/airflow/.local/lib/python3.6/site-packages/airflow/example_dags/tutorial_taskflow_api_etl.py
[2021-07-14 20:17:37,111] {logging_mixin.py:104} INFO - [2021-07-14 20:17:37,111] {dag.py:1833} INFO - Sync 1 DAGs
[2021-07-14 20:17:37,134] {logging_mixin.py:104} INFO - [2021-07-14 20:17:37,134] {dag.py:2306} INFO - Setting next_dagrun for tutorial_taskflow_api_etl to None
[2021-07-14 20:17:37,147] {scheduler_job.py:190} INFO - Processing /home/airflow/.local/lib/python3.6/site-packages/airflow/example_dags/tutorial_taskflow_api_etl.py took 0.099 seconds
[2021-07-14 20:18:07,447] {scheduler_job.py:182} INFO - Started process (PID=2429) to work on /home/airflow/.local/lib/python3.6/site-packages/airflow/example_dags/tutorial_taskflow_api_etl.py
[2021-07-14 20:18:07,450] {scheduler_job.py:633} INFO - Processing file /home/airflow/.local/lib/python3.6/site-packages/airflow/example_dags/tutorial_taskflow_api_etl.py for tasks to queue
[2021-07-14 20:18:07,451] {logging_mixin.py:104} INFO - [2021-07-14 20:18:07,450] {dagbag.py:496} INFO - Filling up the DagBag from /home/airflow/.local/lib/python3.6/site-packages/airflow/example_dags/tutorial_taskflow_api_etl.py
[2021-07-14 20:18:07,469] {scheduler_job.py:643} INFO - DAG(s) dict_keys(['tutorial_taskflow_api_etl']) retrieved from /home/airflow/.local/lib/python3.6/site-packages/airflow/example_dags/tutorial_taskflow_api_etl.py
[2021-07-14 20:18:07,709] {logging_mixin.py:104} INFO - [2021-07-14 20:18:07,709] {dag.py:1833} INFO - Sync 1 DAGs
[2021-07-14 20:18:07,726] {logging_mixin.py:104} INFO - [2021-07-14 20:18:07,726] {dag.py:2306} INFO - Setting next_dagrun for tutorial_taskflow_api_etl to None
[2021-07-14 20:18:07,741] {scheduler_job.py:190} INFO - Processing /home/airflow/.local/lib/python3.6/site-packages/airflow/example_dags/tutorial_taskflow_api_etl.py took 0.296 seconds
[2021-07-14 20:18:38,304] {scheduler_job.py:182} INFO - Started process (PID=2491) to work on /home/airflow/.local/lib/python3.6/site-packages/airflow/example_dags/tutorial_taskflow_api_etl.py
[2021-07-14 20:18:38,306] {scheduler_job.py:633} INFO - Processing file /home/airflow/.local/lib/python3.6/site-packages/airflow/example_dags/tutorial_taskflow_api_etl.py for tasks to queue
[2021-07-14 20:18:38,307] {logging_mixin.py:104} INFO - [2021-07-14 20:18:38,307] {dagbag.py:496} INFO - Filling up the DagBag from /home/airflow/.local/lib/python3.6/site-packages/airflow/example_dags/tutorial_taskflow_api_etl.py
[2021-07-14 20:18:38,325] {scheduler_job.py:643} INFO - DAG(s) dict_keys(['tutorial_taskflow_api_etl']) retrieved from /home/airflow/.local/lib/python3.6/site-packages/airflow/example_dags/tutorial_taskflow_api_etl.py
[2021-07-14 20:18:38,613] {logging_mixin.py:104} INFO - [2021-07-14 20:18:38,613] {dag.py:1833} INFO - Sync 1 DAGs
[2021-07-14 20:18:38,630] {logging_mixin.py:104} INFO - [2021-07-14 20:18:38,630] {dag.py:2306} INFO - Setting next_dagrun for tutorial_taskflow_api_etl to None
[2021-07-14 20:18:38,645] {scheduler_job.py:190} INFO - Processing /home/airflow/.local/lib/python3.6/site-packages/airflow/example_dags/tutorial_taskflow_api_etl.py took 0.343 seconds
[2021-07-14 20:19:08,734] {scheduler_job.py:182} INFO - Started process (PID=2545) to work on /home/airflow/.local/lib/python3.6/site-packages/airflow/example_dags/tutorial_taskflow_api_etl.py
[2021-07-14 20:19:08,736] {scheduler_job.py:633} INFO - Processing file /home/airflow/.local/lib/python3.6/site-packages/airflow/example_dags/tutorial_taskflow_api_etl.py for tasks to queue
[2021-07-14 20:19:08,737] {logging_mixin.py:104} INFO - [2021-07-14 20:19:08,737] {dagbag.py:496} INFO - Filling up the DagBag from /home/airflow/.local/lib/python3.6/site-packages/airflow/example_dags/tutorial_taskflow_api_etl.py
[2021-07-14 20:19:08,759] {scheduler_job.py:643} INFO - DAG(s) dict_keys(['tutorial_taskflow_api_etl']) retrieved from /home/airflow/.local/lib/python3.6/site-packages/airflow/example_dags/tutorial_taskflow_api_etl.py
[2021-07-14 20:19:08,781] {logging_mixin.py:104} INFO - [2021-07-14 20:19:08,781] {dag.py:1833} INFO - Sync 1 DAGs
[2021-07-14 20:19:08,798] {logging_mixin.py:104} INFO - [2021-07-14 20:19:08,798] {dag.py:2306} INFO - Setting next_dagrun for tutorial_taskflow_api_etl to None
[2021-07-14 20:19:08,811] {scheduler_job.py:190} INFO - Processing /home/airflow/.local/lib/python3.6/site-packages/airflow/example_dags/tutorial_taskflow_api_etl.py took 0.082 seconds
[2021-07-14 20:19:39,180] {scheduler_job.py:182} INFO - Started process (PID=2609) to work on /home/airflow/.local/lib/python3.6/site-packages/airflow/example_dags/tutorial_taskflow_api_etl.py
[2021-07-14 20:19:39,182] {scheduler_job.py:633} INFO - Processing file /home/airflow/.local/lib/python3.6/site-packages/airflow/example_dags/tutorial_taskflow_api_etl.py for tasks to queue
[2021-07-14 20:19:39,183] {logging_mixin.py:104} INFO - [2021-07-14 20:19:39,183] {dagbag.py:496} INFO - Filling up the DagBag from /home/airflow/.local/lib/python3.6/site-packages/airflow/example_dags/tutorial_taskflow_api_etl.py
[2021-07-14 20:19:39,203] {scheduler_job.py:643} INFO - DAG(s) dict_keys(['tutorial_taskflow_api_etl']) retrieved from /home/airflow/.local/lib/python3.6/site-packages/airflow/example_dags/tutorial_taskflow_api_etl.py
[2021-07-14 20:19:39,229] {logging_mixin.py:104} INFO - [2021-07-14 20:19:39,229] {dag.py:1833} INFO - Sync 1 DAGs
[2021-07-14 20:19:39,252] {logging_mixin.py:104} INFO - [2021-07-14 20:19:39,252] {dag.py:2306} INFO - Setting next_dagrun for tutorial_taskflow_api_etl to None
[2021-07-14 20:19:39,266] {scheduler_job.py:190} INFO - Processing /home/airflow/.local/lib/python3.6/site-packages/airflow/example_dags/tutorial_taskflow_api_etl.py took 0.089 seconds
[2021-07-14 20:20:09,715] {scheduler_job.py:182} INFO - Started process (PID=2661) to work on /home/airflow/.local/lib/python3.6/site-packages/airflow/example_dags/tutorial_taskflow_api_etl.py
[2021-07-14 20:20:09,717] {scheduler_job.py:633} INFO - Processing file /home/airflow/.local/lib/python3.6/site-packages/airflow/example_dags/tutorial_taskflow_api_etl.py for tasks to queue
[2021-07-14 20:20:09,718] {logging_mixin.py:104} INFO - [2021-07-14 20:20:09,718] {dagbag.py:496} INFO - Filling up the DagBag from /home/airflow/.local/lib/python3.6/site-packages/airflow/example_dags/tutorial_taskflow_api_etl.py
[2021-07-14 20:20:09,741] {scheduler_job.py:643} INFO - DAG(s) dict_keys(['tutorial_taskflow_api_etl']) retrieved from /home/airflow/.local/lib/python3.6/site-packages/airflow/example_dags/tutorial_taskflow_api_etl.py
[2021-07-14 20:20:10,071] {logging_mixin.py:104} INFO - [2021-07-14 20:20:10,070] {dag.py:1833} INFO - Sync 1 DAGs
[2021-07-14 20:20:10,100] {logging_mixin.py:104} INFO - [2021-07-14 20:20:10,100] {dag.py:2306} INFO - Setting next_dagrun for tutorial_taskflow_api_etl to None
[2021-07-14 20:20:10,120] {scheduler_job.py:190} INFO - Processing /home/airflow/.local/lib/python3.6/site-packages/airflow/example_dags/tutorial_taskflow_api_etl.py took 0.409 seconds
[2021-07-14 20:20:41,013] {scheduler_job.py:182} INFO - Started process (PID=2725) to work on /home/airflow/.local/lib/python3.6/site-packages/airflow/example_dags/tutorial_taskflow_api_etl.py
[2021-07-14 20:20:41,015] {scheduler_job.py:633} INFO - Processing file /home/airflow/.local/lib/python3.6/site-packages/airflow/example_dags/tutorial_taskflow_api_etl.py for tasks to queue
[2021-07-14 20:20:41,015] {logging_mixin.py:104} INFO - [2021-07-14 20:20:41,015] {dagbag.py:496} INFO - Filling up the DagBag from /home/airflow/.local/lib/python3.6/site-packages/airflow/example_dags/tutorial_taskflow_api_etl.py
[2021-07-14 20:20:41,034] {scheduler_job.py:643} INFO - DAG(s) dict_keys(['tutorial_taskflow_api_etl']) retrieved from /home/airflow/.local/lib/python3.6/site-packages/airflow/example_dags/tutorial_taskflow_api_etl.py
[2021-07-14 20:20:41,341] {logging_mixin.py:104} INFO - [2021-07-14 20:20:41,341] {dag.py:1833} INFO - Sync 1 DAGs
[2021-07-14 20:20:41,362] {logging_mixin.py:104} INFO - [2021-07-14 20:20:41,362] {dag.py:2306} INFO - Setting next_dagrun for tutorial_taskflow_api_etl to None
[2021-07-14 20:20:41,383] {scheduler_job.py:190} INFO - Processing /home/airflow/.local/lib/python3.6/site-packages/airflow/example_dags/tutorial_taskflow_api_etl.py took 0.373 seconds
[2021-07-14 20:21:11,634] {scheduler_job.py:182} INFO - Started process (PID=2780) to work on /home/airflow/.local/lib/python3.6/site-packages/airflow/example_dags/tutorial_taskflow_api_etl.py
[2021-07-14 20:21:11,636] {scheduler_job.py:633} INFO - Processing file /home/airflow/.local/lib/python3.6/site-packages/airflow/example_dags/tutorial_taskflow_api_etl.py for tasks to queue
[2021-07-14 20:21:11,637] {logging_mixin.py:104} INFO - [2021-07-14 20:21:11,637] {dagbag.py:496} INFO - Filling up the DagBag from /home/airflow/.local/lib/python3.6/site-packages/airflow/example_dags/tutorial_taskflow_api_etl.py
[2021-07-14 20:21:11,662] {scheduler_job.py:643} INFO - DAG(s) dict_keys(['tutorial_taskflow_api_etl']) retrieved from /home/airflow/.local/lib/python3.6/site-packages/airflow/example_dags/tutorial_taskflow_api_etl.py
[2021-07-14 20:21:11,696] {logging_mixin.py:104} INFO - [2021-07-14 20:21:11,696] {dag.py:1833} INFO - Sync 1 DAGs
[2021-07-14 20:21:11,714] {logging_mixin.py:104} INFO - [2021-07-14 20:21:11,713] {dag.py:2306} INFO - Setting next_dagrun for tutorial_taskflow_api_etl to None
[2021-07-14 20:21:11,728] {scheduler_job.py:190} INFO - Processing /home/airflow/.local/lib/python3.6/site-packages/airflow/example_dags/tutorial_taskflow_api_etl.py took 0.098 seconds
[2021-07-14 20:21:42,024] {scheduler_job.py:182} INFO - Started process (PID=2846) to work on /home/airflow/.local/lib/python3.6/site-packages/airflow/example_dags/tutorial_taskflow_api_etl.py
[2021-07-14 20:21:42,026] {scheduler_job.py:633} INFO - Processing file /home/airflow/.local/lib/python3.6/site-packages/airflow/example_dags/tutorial_taskflow_api_etl.py for tasks to queue
[2021-07-14 20:21:42,027] {logging_mixin.py:104} INFO - [2021-07-14 20:21:42,027] {dagbag.py:496} INFO - Filling up the DagBag from /home/airflow/.local/lib/python3.6/site-packages/airflow/example_dags/tutorial_taskflow_api_etl.py
[2021-07-14 20:21:42,050] {scheduler_job.py:643} INFO - DAG(s) dict_keys(['tutorial_taskflow_api_etl']) retrieved from /home/airflow/.local/lib/python3.6/site-packages/airflow/example_dags/tutorial_taskflow_api_etl.py
[2021-07-14 20:21:42,322] {logging_mixin.py:104} INFO - [2021-07-14 20:21:42,322] {dag.py:1833} INFO - Sync 1 DAGs
[2021-07-14 20:21:42,337] {logging_mixin.py:104} INFO - [2021-07-14 20:21:42,337] {dag.py:2306} INFO - Setting next_dagrun for tutorial_taskflow_api_etl to None
[2021-07-14 20:21:42,351] {scheduler_job.py:190} INFO - Processing /home/airflow/.local/lib/python3.6/site-packages/airflow/example_dags/tutorial_taskflow_api_etl.py took 0.330 seconds
[2021-07-14 20:22:13,033] {scheduler_job.py:182} INFO - Started process (PID=2900) to work on /home/airflow/.local/lib/python3.6/site-packages/airflow/example_dags/tutorial_taskflow_api_etl.py
[2021-07-14 20:22:13,035] {scheduler_job.py:633} INFO - Processing file /home/airflow/.local/lib/python3.6/site-packages/airflow/example_dags/tutorial_taskflow_api_etl.py for tasks to queue
[2021-07-14 20:22:13,036] {logging_mixin.py:104} INFO - [2021-07-14 20:22:13,036] {dagbag.py:496} INFO - Filling up the DagBag from /home/airflow/.local/lib/python3.6/site-packages/airflow/example_dags/tutorial_taskflow_api_etl.py
[2021-07-14 20:22:13,062] {scheduler_job.py:643} INFO - DAG(s) dict_keys(['tutorial_taskflow_api_etl']) retrieved from /home/airflow/.local/lib/python3.6/site-packages/airflow/example_dags/tutorial_taskflow_api_etl.py
[2021-07-14 20:22:13,088] {logging_mixin.py:104} INFO - [2021-07-14 20:22:13,088] {dag.py:1833} INFO - Sync 1 DAGs
[2021-07-14 20:22:13,110] {logging_mixin.py:104} INFO - [2021-07-14 20:22:13,110] {dag.py:2306} INFO - Setting next_dagrun for tutorial_taskflow_api_etl to None
[2021-07-14 20:22:13,123] {scheduler_job.py:190} INFO - Processing /home/airflow/.local/lib/python3.6/site-packages/airflow/example_dags/tutorial_taskflow_api_etl.py took 0.092 seconds
