[2021-07-14 19:05:16,397] {scheduler_job.py:182} INFO - Started process (PID=81) to work on /home/airflow/.local/lib/python3.6/site-packages/airflow/example_dags/tutorial.py
[2021-07-14 19:05:16,399] {scheduler_job.py:633} INFO - Processing file /home/airflow/.local/lib/python3.6/site-packages/airflow/example_dags/tutorial.py for tasks to queue
[2021-07-14 19:05:16,401] {logging_mixin.py:104} INFO - [2021-07-14 19:05:16,400] {dagbag.py:496} INFO - Filling up the DagBag from /home/airflow/.local/lib/python3.6/site-packages/airflow/example_dags/tutorial.py
[2021-07-14 19:05:16,433] {scheduler_job.py:643} INFO - DAG(s) dict_keys(['tutorial']) retrieved from /home/airflow/.local/lib/python3.6/site-packages/airflow/example_dags/tutorial.py
[2021-07-14 19:05:17,101] {logging_mixin.py:104} INFO - [2021-07-14 19:05:17,101] {dag.py:1833} INFO - Sync 1 DAGs
[2021-07-14 19:05:17,193] {logging_mixin.py:104} INFO - [2021-07-14 19:05:17,180] {dag.py:2306} INFO - Setting next_dagrun for tutorial to 2021-07-12 00:00:00+00:00
[2021-07-14 19:05:17,243] {scheduler_job.py:190} INFO - Processing /home/airflow/.local/lib/python3.6/site-packages/airflow/example_dags/tutorial.py took 0.851 seconds
[2021-07-14 19:05:48,117] {scheduler_job.py:182} INFO - Started process (PID=136) to work on /home/airflow/.local/lib/python3.6/site-packages/airflow/example_dags/tutorial.py
[2021-07-14 19:05:48,124] {scheduler_job.py:633} INFO - Processing file /home/airflow/.local/lib/python3.6/site-packages/airflow/example_dags/tutorial.py for tasks to queue
[2021-07-14 19:05:48,125] {logging_mixin.py:104} INFO - [2021-07-14 19:05:48,125] {dagbag.py:496} INFO - Filling up the DagBag from /home/airflow/.local/lib/python3.6/site-packages/airflow/example_dags/tutorial.py
[2021-07-14 19:05:48,190] {scheduler_job.py:643} INFO - DAG(s) dict_keys(['tutorial']) retrieved from /home/airflow/.local/lib/python3.6/site-packages/airflow/example_dags/tutorial.py
[2021-07-14 19:05:48,239] {logging_mixin.py:104} INFO - [2021-07-14 19:05:48,239] {dag.py:1833} INFO - Sync 1 DAGs
[2021-07-14 19:05:48,280] {logging_mixin.py:104} INFO - [2021-07-14 19:05:48,280] {dag.py:2306} INFO - Setting next_dagrun for tutorial to 2021-07-12 00:00:00+00:00
[2021-07-14 19:05:48,311] {scheduler_job.py:190} INFO - Processing /home/airflow/.local/lib/python3.6/site-packages/airflow/example_dags/tutorial.py took 0.206 seconds
[2021-07-14 19:06:19,055] {scheduler_job.py:182} INFO - Started process (PID=189) to work on /home/airflow/.local/lib/python3.6/site-packages/airflow/example_dags/tutorial.py
[2021-07-14 19:06:19,061] {scheduler_job.py:633} INFO - Processing file /home/airflow/.local/lib/python3.6/site-packages/airflow/example_dags/tutorial.py for tasks to queue
[2021-07-14 19:06:19,062] {logging_mixin.py:104} INFO - [2021-07-14 19:06:19,062] {dagbag.py:496} INFO - Filling up the DagBag from /home/airflow/.local/lib/python3.6/site-packages/airflow/example_dags/tutorial.py
[2021-07-14 19:06:19,086] {scheduler_job.py:643} INFO - DAG(s) dict_keys(['tutorial']) retrieved from /home/airflow/.local/lib/python3.6/site-packages/airflow/example_dags/tutorial.py
[2021-07-14 19:06:19,117] {logging_mixin.py:104} INFO - [2021-07-14 19:06:19,116] {dag.py:1833} INFO - Sync 1 DAGs
[2021-07-14 19:06:19,145] {logging_mixin.py:104} INFO - [2021-07-14 19:06:19,144] {dag.py:2306} INFO - Setting next_dagrun for tutorial to 2021-07-12 00:00:00+00:00
[2021-07-14 19:06:19,163] {scheduler_job.py:190} INFO - Processing /home/airflow/.local/lib/python3.6/site-packages/airflow/example_dags/tutorial.py took 0.113 seconds
[2021-07-14 19:06:49,565] {scheduler_job.py:182} INFO - Started process (PID=242) to work on /home/airflow/.local/lib/python3.6/site-packages/airflow/example_dags/tutorial.py
[2021-07-14 19:06:49,566] {scheduler_job.py:633} INFO - Processing file /home/airflow/.local/lib/python3.6/site-packages/airflow/example_dags/tutorial.py for tasks to queue
[2021-07-14 19:06:49,567] {logging_mixin.py:104} INFO - [2021-07-14 19:06:49,567] {dagbag.py:496} INFO - Filling up the DagBag from /home/airflow/.local/lib/python3.6/site-packages/airflow/example_dags/tutorial.py
[2021-07-14 19:06:49,594] {scheduler_job.py:643} INFO - DAG(s) dict_keys(['tutorial']) retrieved from /home/airflow/.local/lib/python3.6/site-packages/airflow/example_dags/tutorial.py
[2021-07-14 19:06:49,629] {logging_mixin.py:104} INFO - [2021-07-14 19:06:49,629] {dag.py:1833} INFO - Sync 1 DAGs
[2021-07-14 19:06:49,659] {logging_mixin.py:104} INFO - [2021-07-14 19:06:49,659] {dag.py:2306} INFO - Setting next_dagrun for tutorial to 2021-07-12 00:00:00+00:00
[2021-07-14 19:06:49,674] {scheduler_job.py:190} INFO - Processing /home/airflow/.local/lib/python3.6/site-packages/airflow/example_dags/tutorial.py took 0.114 seconds
[2021-07-14 19:07:20,545] {scheduler_job.py:182} INFO - Started process (PID=306) to work on /home/airflow/.local/lib/python3.6/site-packages/airflow/example_dags/tutorial.py
[2021-07-14 19:07:20,547] {scheduler_job.py:633} INFO - Processing file /home/airflow/.local/lib/python3.6/site-packages/airflow/example_dags/tutorial.py for tasks to queue
[2021-07-14 19:07:20,555] {logging_mixin.py:104} INFO - [2021-07-14 19:07:20,548] {dagbag.py:496} INFO - Filling up the DagBag from /home/airflow/.local/lib/python3.6/site-packages/airflow/example_dags/tutorial.py
[2021-07-14 19:07:20,574] {scheduler_job.py:643} INFO - DAG(s) dict_keys(['tutorial']) retrieved from /home/airflow/.local/lib/python3.6/site-packages/airflow/example_dags/tutorial.py
[2021-07-14 19:07:20,621] {logging_mixin.py:104} INFO - [2021-07-14 19:07:20,620] {dag.py:1833} INFO - Sync 1 DAGs
[2021-07-14 19:07:20,657] {logging_mixin.py:104} INFO - [2021-07-14 19:07:20,657] {dag.py:2306} INFO - Setting next_dagrun for tutorial to 2021-07-12 00:00:00+00:00
[2021-07-14 19:07:20,676] {scheduler_job.py:190} INFO - Processing /home/airflow/.local/lib/python3.6/site-packages/airflow/example_dags/tutorial.py took 0.136 seconds
[2021-07-14 19:07:51,015] {scheduler_job.py:182} INFO - Started process (PID=359) to work on /home/airflow/.local/lib/python3.6/site-packages/airflow/example_dags/tutorial.py
[2021-07-14 19:07:51,017] {scheduler_job.py:633} INFO - Processing file /home/airflow/.local/lib/python3.6/site-packages/airflow/example_dags/tutorial.py for tasks to queue
[2021-07-14 19:07:51,018] {logging_mixin.py:104} INFO - [2021-07-14 19:07:51,018] {dagbag.py:496} INFO - Filling up the DagBag from /home/airflow/.local/lib/python3.6/site-packages/airflow/example_dags/tutorial.py
[2021-07-14 19:07:51,061] {scheduler_job.py:643} INFO - DAG(s) dict_keys(['tutorial']) retrieved from /home/airflow/.local/lib/python3.6/site-packages/airflow/example_dags/tutorial.py
[2021-07-14 19:07:51,127] {logging_mixin.py:104} INFO - [2021-07-14 19:07:51,127] {dag.py:1833} INFO - Sync 1 DAGs
[2021-07-14 19:07:51,172] {logging_mixin.py:104} INFO - [2021-07-14 19:07:51,172] {dag.py:2306} INFO - Setting next_dagrun for tutorial to 2021-07-12 00:00:00+00:00
[2021-07-14 19:07:51,194] {scheduler_job.py:190} INFO - Processing /home/airflow/.local/lib/python3.6/site-packages/airflow/example_dags/tutorial.py took 0.185 seconds
[2021-07-14 19:08:57,318] {scheduler_job.py:182} INFO - Started process (PID=53) to work on /home/airflow/.local/lib/python3.6/site-packages/airflow/example_dags/tutorial.py
[2021-07-14 19:08:57,319] {scheduler_job.py:633} INFO - Processing file /home/airflow/.local/lib/python3.6/site-packages/airflow/example_dags/tutorial.py for tasks to queue
[2021-07-14 19:08:57,320] {logging_mixin.py:104} INFO - [2021-07-14 19:08:57,320] {dagbag.py:496} INFO - Filling up the DagBag from /home/airflow/.local/lib/python3.6/site-packages/airflow/example_dags/tutorial.py
[2021-07-14 19:08:57,337] {scheduler_job.py:643} INFO - DAG(s) dict_keys(['tutorial']) retrieved from /home/airflow/.local/lib/python3.6/site-packages/airflow/example_dags/tutorial.py
[2021-07-14 19:08:57,358] {logging_mixin.py:104} INFO - [2021-07-14 19:08:57,358] {dag.py:1833} INFO - Sync 1 DAGs
[2021-07-14 19:08:57,376] {logging_mixin.py:104} INFO - [2021-07-14 19:08:57,376] {dag.py:2306} INFO - Setting next_dagrun for tutorial to 2021-07-12 00:00:00+00:00
[2021-07-14 19:08:57,389] {scheduler_job.py:190} INFO - Processing /home/airflow/.local/lib/python3.6/site-packages/airflow/example_dags/tutorial.py took 0.074 seconds
[2021-07-14 19:09:29,341] {scheduler_job.py:182} INFO - Started process (PID=118) to work on /home/airflow/.local/lib/python3.6/site-packages/airflow/example_dags/tutorial.py
[2021-07-14 19:09:29,343] {scheduler_job.py:633} INFO - Processing file /home/airflow/.local/lib/python3.6/site-packages/airflow/example_dags/tutorial.py for tasks to queue
[2021-07-14 19:09:29,345] {logging_mixin.py:104} INFO - [2021-07-14 19:09:29,344] {dagbag.py:496} INFO - Filling up the DagBag from /home/airflow/.local/lib/python3.6/site-packages/airflow/example_dags/tutorial.py
[2021-07-14 19:09:29,379] {scheduler_job.py:643} INFO - DAG(s) dict_keys(['tutorial']) retrieved from /home/airflow/.local/lib/python3.6/site-packages/airflow/example_dags/tutorial.py
[2021-07-14 19:09:29,438] {logging_mixin.py:104} INFO - [2021-07-14 19:09:29,438] {dag.py:1833} INFO - Sync 1 DAGs
[2021-07-14 19:09:29,472] {logging_mixin.py:104} INFO - [2021-07-14 19:09:29,471] {dag.py:2306} INFO - Setting next_dagrun for tutorial to 2021-07-12 00:00:00+00:00
[2021-07-14 19:09:29,488] {scheduler_job.py:190} INFO - Processing /home/airflow/.local/lib/python3.6/site-packages/airflow/example_dags/tutorial.py took 0.152 seconds
[2021-07-14 19:10:00,461] {scheduler_job.py:182} INFO - Started process (PID=172) to work on /home/airflow/.local/lib/python3.6/site-packages/airflow/example_dags/tutorial.py
[2021-07-14 19:10:00,463] {scheduler_job.py:633} INFO - Processing file /home/airflow/.local/lib/python3.6/site-packages/airflow/example_dags/tutorial.py for tasks to queue
[2021-07-14 19:10:00,464] {logging_mixin.py:104} INFO - [2021-07-14 19:10:00,464] {dagbag.py:496} INFO - Filling up the DagBag from /home/airflow/.local/lib/python3.6/site-packages/airflow/example_dags/tutorial.py
[2021-07-14 19:10:00,488] {scheduler_job.py:643} INFO - DAG(s) dict_keys(['tutorial']) retrieved from /home/airflow/.local/lib/python3.6/site-packages/airflow/example_dags/tutorial.py
[2021-07-14 19:10:00,530] {logging_mixin.py:104} INFO - [2021-07-14 19:10:00,529] {dag.py:1833} INFO - Sync 1 DAGs
[2021-07-14 19:10:00,558] {logging_mixin.py:104} INFO - [2021-07-14 19:10:00,558] {dag.py:2306} INFO - Setting next_dagrun for tutorial to 2021-07-12 00:00:00+00:00
[2021-07-14 19:10:00,577] {scheduler_job.py:190} INFO - Processing /home/airflow/.local/lib/python3.6/site-packages/airflow/example_dags/tutorial.py took 0.122 seconds
[2021-07-14 19:10:31,593] {scheduler_job.py:182} INFO - Started process (PID=231) to work on /home/airflow/.local/lib/python3.6/site-packages/airflow/example_dags/tutorial.py
[2021-07-14 19:10:31,604] {scheduler_job.py:633} INFO - Processing file /home/airflow/.local/lib/python3.6/site-packages/airflow/example_dags/tutorial.py for tasks to queue
[2021-07-14 19:10:31,605] {logging_mixin.py:104} INFO - [2021-07-14 19:10:31,605] {dagbag.py:496} INFO - Filling up the DagBag from /home/airflow/.local/lib/python3.6/site-packages/airflow/example_dags/tutorial.py
[2021-07-14 19:10:31,658] {scheduler_job.py:643} INFO - DAG(s) dict_keys(['tutorial']) retrieved from /home/airflow/.local/lib/python3.6/site-packages/airflow/example_dags/tutorial.py
[2021-07-14 19:10:31,707] {logging_mixin.py:104} INFO - [2021-07-14 19:10:31,706] {dag.py:1833} INFO - Sync 1 DAGs
[2021-07-14 19:10:31,736] {logging_mixin.py:104} INFO - [2021-07-14 19:10:31,735] {dag.py:2306} INFO - Setting next_dagrun for tutorial to 2021-07-12 00:00:00+00:00
[2021-07-14 19:10:31,753] {scheduler_job.py:190} INFO - Processing /home/airflow/.local/lib/python3.6/site-packages/airflow/example_dags/tutorial.py took 0.165 seconds
[2021-07-14 19:11:02,298] {scheduler_job.py:182} INFO - Started process (PID=294) to work on /home/airflow/.local/lib/python3.6/site-packages/airflow/example_dags/tutorial.py
[2021-07-14 19:11:02,299] {scheduler_job.py:633} INFO - Processing file /home/airflow/.local/lib/python3.6/site-packages/airflow/example_dags/tutorial.py for tasks to queue
[2021-07-14 19:11:02,300] {logging_mixin.py:104} INFO - [2021-07-14 19:11:02,300] {dagbag.py:496} INFO - Filling up the DagBag from /home/airflow/.local/lib/python3.6/site-packages/airflow/example_dags/tutorial.py
[2021-07-14 19:11:02,319] {scheduler_job.py:643} INFO - DAG(s) dict_keys(['tutorial']) retrieved from /home/airflow/.local/lib/python3.6/site-packages/airflow/example_dags/tutorial.py
[2021-07-14 19:11:02,345] {logging_mixin.py:104} INFO - [2021-07-14 19:11:02,345] {dag.py:1833} INFO - Sync 1 DAGs
[2021-07-14 19:11:02,369] {logging_mixin.py:104} INFO - [2021-07-14 19:11:02,369] {dag.py:2306} INFO - Setting next_dagrun for tutorial to 2021-07-12 00:00:00+00:00
[2021-07-14 19:11:02,381] {scheduler_job.py:190} INFO - Processing /home/airflow/.local/lib/python3.6/site-packages/airflow/example_dags/tutorial.py took 0.086 seconds
[2021-07-14 19:11:33,103] {scheduler_job.py:182} INFO - Started process (PID=347) to work on /home/airflow/.local/lib/python3.6/site-packages/airflow/example_dags/tutorial.py
[2021-07-14 19:11:33,113] {scheduler_job.py:633} INFO - Processing file /home/airflow/.local/lib/python3.6/site-packages/airflow/example_dags/tutorial.py for tasks to queue
[2021-07-14 19:11:33,114] {logging_mixin.py:104} INFO - [2021-07-14 19:11:33,114] {dagbag.py:496} INFO - Filling up the DagBag from /home/airflow/.local/lib/python3.6/site-packages/airflow/example_dags/tutorial.py
[2021-07-14 19:11:33,136] {scheduler_job.py:643} INFO - DAG(s) dict_keys(['tutorial']) retrieved from /home/airflow/.local/lib/python3.6/site-packages/airflow/example_dags/tutorial.py
[2021-07-14 19:11:33,169] {logging_mixin.py:104} INFO - [2021-07-14 19:11:33,169] {dag.py:1833} INFO - Sync 1 DAGs
[2021-07-14 19:11:33,197] {logging_mixin.py:104} INFO - [2021-07-14 19:11:33,197] {dag.py:2306} INFO - Setting next_dagrun for tutorial to 2021-07-12 00:00:00+00:00
[2021-07-14 19:11:33,213] {scheduler_job.py:190} INFO - Processing /home/airflow/.local/lib/python3.6/site-packages/airflow/example_dags/tutorial.py took 0.114 seconds
[2021-07-14 19:12:03,952] {scheduler_job.py:182} INFO - Started process (PID=411) to work on /home/airflow/.local/lib/python3.6/site-packages/airflow/example_dags/tutorial.py
[2021-07-14 19:12:03,953] {scheduler_job.py:633} INFO - Processing file /home/airflow/.local/lib/python3.6/site-packages/airflow/example_dags/tutorial.py for tasks to queue
[2021-07-14 19:12:03,954] {logging_mixin.py:104} INFO - [2021-07-14 19:12:03,954] {dagbag.py:496} INFO - Filling up the DagBag from /home/airflow/.local/lib/python3.6/site-packages/airflow/example_dags/tutorial.py
[2021-07-14 19:12:03,967] {scheduler_job.py:643} INFO - DAG(s) dict_keys(['tutorial']) retrieved from /home/airflow/.local/lib/python3.6/site-packages/airflow/example_dags/tutorial.py
[2021-07-14 19:12:03,991] {logging_mixin.py:104} INFO - [2021-07-14 19:12:03,991] {dag.py:1833} INFO - Sync 1 DAGs
[2021-07-14 19:12:04,019] {logging_mixin.py:104} INFO - [2021-07-14 19:12:04,018] {dag.py:2306} INFO - Setting next_dagrun for tutorial to 2021-07-12 00:00:00+00:00
[2021-07-14 19:12:04,031] {scheduler_job.py:190} INFO - Processing /home/airflow/.local/lib/python3.6/site-packages/airflow/example_dags/tutorial.py took 0.082 seconds
[2021-07-14 19:12:34,676] {scheduler_job.py:182} INFO - Started process (PID=464) to work on /home/airflow/.local/lib/python3.6/site-packages/airflow/example_dags/tutorial.py
[2021-07-14 19:12:34,677] {scheduler_job.py:633} INFO - Processing file /home/airflow/.local/lib/python3.6/site-packages/airflow/example_dags/tutorial.py for tasks to queue
[2021-07-14 19:12:34,678] {logging_mixin.py:104} INFO - [2021-07-14 19:12:34,678] {dagbag.py:496} INFO - Filling up the DagBag from /home/airflow/.local/lib/python3.6/site-packages/airflow/example_dags/tutorial.py
[2021-07-14 19:12:34,690] {scheduler_job.py:643} INFO - DAG(s) dict_keys(['tutorial']) retrieved from /home/airflow/.local/lib/python3.6/site-packages/airflow/example_dags/tutorial.py
[2021-07-14 19:12:34,714] {logging_mixin.py:104} INFO - [2021-07-14 19:12:34,714] {dag.py:1833} INFO - Sync 1 DAGs
[2021-07-14 19:12:34,733] {logging_mixin.py:104} INFO - [2021-07-14 19:12:34,733] {dag.py:2306} INFO - Setting next_dagrun for tutorial to 2021-07-12 00:00:00+00:00
[2021-07-14 19:12:34,747] {scheduler_job.py:190} INFO - Processing /home/airflow/.local/lib/python3.6/site-packages/airflow/example_dags/tutorial.py took 0.074 seconds
[2021-07-14 19:57:45,582] {scheduler_job.py:182} INFO - Started process (PID=59) to work on /home/airflow/.local/lib/python3.6/site-packages/airflow/example_dags/tutorial.py
[2021-07-14 19:57:45,607] {scheduler_job.py:633} INFO - Processing file /home/airflow/.local/lib/python3.6/site-packages/airflow/example_dags/tutorial.py for tasks to queue
[2021-07-14 19:57:45,608] {logging_mixin.py:104} INFO - [2021-07-14 19:57:45,608] {dagbag.py:496} INFO - Filling up the DagBag from /home/airflow/.local/lib/python3.6/site-packages/airflow/example_dags/tutorial.py
[2021-07-14 19:57:45,668] {scheduler_job.py:643} INFO - DAG(s) dict_keys(['tutorial']) retrieved from /home/airflow/.local/lib/python3.6/site-packages/airflow/example_dags/tutorial.py
[2021-07-14 19:57:45,746] {logging_mixin.py:104} INFO - [2021-07-14 19:57:45,746] {dag.py:1833} INFO - Sync 1 DAGs
[2021-07-14 19:57:45,852] {logging_mixin.py:104} INFO - [2021-07-14 19:57:45,851] {dag.py:2306} INFO - Setting next_dagrun for tutorial to 2021-07-12 00:00:00+00:00
[2021-07-14 19:57:45,872] {scheduler_job.py:190} INFO - Processing /home/airflow/.local/lib/python3.6/site-packages/airflow/example_dags/tutorial.py took 0.297 seconds
[2021-07-14 19:58:15,991] {scheduler_job.py:182} INFO - Started process (PID=115) to work on /home/airflow/.local/lib/python3.6/site-packages/airflow/example_dags/tutorial.py
[2021-07-14 19:58:15,993] {scheduler_job.py:633} INFO - Processing file /home/airflow/.local/lib/python3.6/site-packages/airflow/example_dags/tutorial.py for tasks to queue
[2021-07-14 19:58:15,995] {logging_mixin.py:104} INFO - [2021-07-14 19:58:15,994] {dagbag.py:496} INFO - Filling up the DagBag from /home/airflow/.local/lib/python3.6/site-packages/airflow/example_dags/tutorial.py
[2021-07-14 19:58:16,023] {scheduler_job.py:643} INFO - DAG(s) dict_keys(['tutorial']) retrieved from /home/airflow/.local/lib/python3.6/site-packages/airflow/example_dags/tutorial.py
[2021-07-14 19:58:16,063] {logging_mixin.py:104} INFO - [2021-07-14 19:58:16,063] {dag.py:1833} INFO - Sync 1 DAGs
[2021-07-14 19:58:16,097] {logging_mixin.py:104} INFO - [2021-07-14 19:58:16,097] {dag.py:2306} INFO - Setting next_dagrun for tutorial to 2021-07-12 00:00:00+00:00
[2021-07-14 19:58:16,118] {scheduler_job.py:190} INFO - Processing /home/airflow/.local/lib/python3.6/site-packages/airflow/example_dags/tutorial.py took 0.131 seconds
[2021-07-14 19:58:46,818] {scheduler_job.py:182} INFO - Started process (PID=171) to work on /home/airflow/.local/lib/python3.6/site-packages/airflow/example_dags/tutorial.py
[2021-07-14 19:58:46,819] {scheduler_job.py:633} INFO - Processing file /home/airflow/.local/lib/python3.6/site-packages/airflow/example_dags/tutorial.py for tasks to queue
[2021-07-14 19:58:46,820] {logging_mixin.py:104} INFO - [2021-07-14 19:58:46,820] {dagbag.py:496} INFO - Filling up the DagBag from /home/airflow/.local/lib/python3.6/site-packages/airflow/example_dags/tutorial.py
[2021-07-14 19:58:46,838] {scheduler_job.py:643} INFO - DAG(s) dict_keys(['tutorial']) retrieved from /home/airflow/.local/lib/python3.6/site-packages/airflow/example_dags/tutorial.py
[2021-07-14 19:58:46,862] {logging_mixin.py:104} INFO - [2021-07-14 19:58:46,862] {dag.py:1833} INFO - Sync 1 DAGs
[2021-07-14 19:58:46,885] {logging_mixin.py:104} INFO - [2021-07-14 19:58:46,885] {dag.py:2306} INFO - Setting next_dagrun for tutorial to 2021-07-12 00:00:00+00:00
[2021-07-14 19:58:46,897] {scheduler_job.py:190} INFO - Processing /home/airflow/.local/lib/python3.6/site-packages/airflow/example_dags/tutorial.py took 0.082 seconds
[2021-07-14 19:59:17,816] {scheduler_job.py:182} INFO - Started process (PID=237) to work on /home/airflow/.local/lib/python3.6/site-packages/airflow/example_dags/tutorial.py
[2021-07-14 19:59:17,817] {scheduler_job.py:633} INFO - Processing file /home/airflow/.local/lib/python3.6/site-packages/airflow/example_dags/tutorial.py for tasks to queue
[2021-07-14 19:59:17,818] {logging_mixin.py:104} INFO - [2021-07-14 19:59:17,818] {dagbag.py:496} INFO - Filling up the DagBag from /home/airflow/.local/lib/python3.6/site-packages/airflow/example_dags/tutorial.py
[2021-07-14 19:59:17,841] {scheduler_job.py:643} INFO - DAG(s) dict_keys(['tutorial']) retrieved from /home/airflow/.local/lib/python3.6/site-packages/airflow/example_dags/tutorial.py
[2021-07-14 19:59:17,877] {logging_mixin.py:104} INFO - [2021-07-14 19:59:17,876] {dag.py:1833} INFO - Sync 1 DAGs
[2021-07-14 19:59:17,904] {logging_mixin.py:104} INFO - [2021-07-14 19:59:17,903] {dag.py:2306} INFO - Setting next_dagrun for tutorial to 2021-07-12 00:00:00+00:00
[2021-07-14 19:59:17,923] {scheduler_job.py:190} INFO - Processing /home/airflow/.local/lib/python3.6/site-packages/airflow/example_dags/tutorial.py took 0.111 seconds
[2021-07-14 19:59:48,614] {scheduler_job.py:182} INFO - Started process (PID=290) to work on /home/airflow/.local/lib/python3.6/site-packages/airflow/example_dags/tutorial.py
[2021-07-14 19:59:48,615] {scheduler_job.py:633} INFO - Processing file /home/airflow/.local/lib/python3.6/site-packages/airflow/example_dags/tutorial.py for tasks to queue
[2021-07-14 19:59:48,616] {logging_mixin.py:104} INFO - [2021-07-14 19:59:48,616] {dagbag.py:496} INFO - Filling up the DagBag from /home/airflow/.local/lib/python3.6/site-packages/airflow/example_dags/tutorial.py
[2021-07-14 19:59:48,632] {scheduler_job.py:643} INFO - DAG(s) dict_keys(['tutorial']) retrieved from /home/airflow/.local/lib/python3.6/site-packages/airflow/example_dags/tutorial.py
[2021-07-14 19:59:48,653] {logging_mixin.py:104} INFO - [2021-07-14 19:59:48,652] {dag.py:1833} INFO - Sync 1 DAGs
[2021-07-14 19:59:48,669] {logging_mixin.py:104} INFO - [2021-07-14 19:59:48,669] {dag.py:2306} INFO - Setting next_dagrun for tutorial to 2021-07-12 00:00:00+00:00
[2021-07-14 19:59:48,681] {scheduler_job.py:190} INFO - Processing /home/airflow/.local/lib/python3.6/site-packages/airflow/example_dags/tutorial.py took 0.069 seconds
[2021-07-14 20:00:18,852] {scheduler_job.py:182} INFO - Started process (PID=352) to work on /home/airflow/.local/lib/python3.6/site-packages/airflow/example_dags/tutorial.py
[2021-07-14 20:00:18,858] {scheduler_job.py:633} INFO - Processing file /home/airflow/.local/lib/python3.6/site-packages/airflow/example_dags/tutorial.py for tasks to queue
[2021-07-14 20:00:18,859] {logging_mixin.py:104} INFO - [2021-07-14 20:00:18,859] {dagbag.py:496} INFO - Filling up the DagBag from /home/airflow/.local/lib/python3.6/site-packages/airflow/example_dags/tutorial.py
[2021-07-14 20:00:18,871] {scheduler_job.py:643} INFO - DAG(s) dict_keys(['tutorial']) retrieved from /home/airflow/.local/lib/python3.6/site-packages/airflow/example_dags/tutorial.py
[2021-07-14 20:00:18,892] {logging_mixin.py:104} INFO - [2021-07-14 20:00:18,892] {dag.py:1833} INFO - Sync 1 DAGs
[2021-07-14 20:00:18,910] {logging_mixin.py:104} INFO - [2021-07-14 20:00:18,910] {dag.py:2306} INFO - Setting next_dagrun for tutorial to 2021-07-12 00:00:00+00:00
[2021-07-14 20:00:18,922] {scheduler_job.py:190} INFO - Processing /home/airflow/.local/lib/python3.6/site-packages/airflow/example_dags/tutorial.py took 0.073 seconds
[2021-07-14 20:00:49,384] {scheduler_job.py:182} INFO - Started process (PID=405) to work on /home/airflow/.local/lib/python3.6/site-packages/airflow/example_dags/tutorial.py
[2021-07-14 20:00:49,385] {scheduler_job.py:633} INFO - Processing file /home/airflow/.local/lib/python3.6/site-packages/airflow/example_dags/tutorial.py for tasks to queue
[2021-07-14 20:00:49,386] {logging_mixin.py:104} INFO - [2021-07-14 20:00:49,386] {dagbag.py:496} INFO - Filling up the DagBag from /home/airflow/.local/lib/python3.6/site-packages/airflow/example_dags/tutorial.py
[2021-07-14 20:00:49,404] {scheduler_job.py:643} INFO - DAG(s) dict_keys(['tutorial']) retrieved from /home/airflow/.local/lib/python3.6/site-packages/airflow/example_dags/tutorial.py
[2021-07-14 20:00:49,428] {logging_mixin.py:104} INFO - [2021-07-14 20:00:49,428] {dag.py:1833} INFO - Sync 1 DAGs
[2021-07-14 20:00:49,445] {logging_mixin.py:104} INFO - [2021-07-14 20:00:49,445] {dag.py:2306} INFO - Setting next_dagrun for tutorial to 2021-07-12 00:00:00+00:00
[2021-07-14 20:00:49,456] {scheduler_job.py:190} INFO - Processing /home/airflow/.local/lib/python3.6/site-packages/airflow/example_dags/tutorial.py took 0.076 seconds
[2021-07-14 20:01:19,729] {scheduler_job.py:182} INFO - Started process (PID=468) to work on /home/airflow/.local/lib/python3.6/site-packages/airflow/example_dags/tutorial.py
[2021-07-14 20:01:19,731] {scheduler_job.py:633} INFO - Processing file /home/airflow/.local/lib/python3.6/site-packages/airflow/example_dags/tutorial.py for tasks to queue
[2021-07-14 20:01:19,733] {logging_mixin.py:104} INFO - [2021-07-14 20:01:19,732] {dagbag.py:496} INFO - Filling up the DagBag from /home/airflow/.local/lib/python3.6/site-packages/airflow/example_dags/tutorial.py
[2021-07-14 20:01:19,756] {scheduler_job.py:643} INFO - DAG(s) dict_keys(['tutorial']) retrieved from /home/airflow/.local/lib/python3.6/site-packages/airflow/example_dags/tutorial.py
[2021-07-14 20:01:19,788] {logging_mixin.py:104} INFO - [2021-07-14 20:01:19,787] {dag.py:1833} INFO - Sync 1 DAGs
[2021-07-14 20:01:19,813] {logging_mixin.py:104} INFO - [2021-07-14 20:01:19,812] {dag.py:2306} INFO - Setting next_dagrun for tutorial to 2021-07-12 00:00:00+00:00
[2021-07-14 20:01:19,830] {scheduler_job.py:190} INFO - Processing /home/airflow/.local/lib/python3.6/site-packages/airflow/example_dags/tutorial.py took 0.105 seconds
[2021-07-14 20:01:50,132] {scheduler_job.py:182} INFO - Started process (PID=522) to work on /home/airflow/.local/lib/python3.6/site-packages/airflow/example_dags/tutorial.py
[2021-07-14 20:01:50,133] {scheduler_job.py:633} INFO - Processing file /home/airflow/.local/lib/python3.6/site-packages/airflow/example_dags/tutorial.py for tasks to queue
[2021-07-14 20:01:50,135] {logging_mixin.py:104} INFO - [2021-07-14 20:01:50,134] {dagbag.py:496} INFO - Filling up the DagBag from /home/airflow/.local/lib/python3.6/site-packages/airflow/example_dags/tutorial.py
[2021-07-14 20:01:50,152] {scheduler_job.py:643} INFO - DAG(s) dict_keys(['tutorial']) retrieved from /home/airflow/.local/lib/python3.6/site-packages/airflow/example_dags/tutorial.py
[2021-07-14 20:01:50,179] {logging_mixin.py:104} INFO - [2021-07-14 20:01:50,179] {dag.py:1833} INFO - Sync 1 DAGs
[2021-07-14 20:01:50,204] {logging_mixin.py:104} INFO - [2021-07-14 20:01:50,204] {dag.py:2306} INFO - Setting next_dagrun for tutorial to 2021-07-12 00:00:00+00:00
[2021-07-14 20:01:50,217] {scheduler_job.py:190} INFO - Processing /home/airflow/.local/lib/python3.6/site-packages/airflow/example_dags/tutorial.py took 0.088 seconds
[2021-07-14 20:02:20,603] {scheduler_job.py:182} INFO - Started process (PID=589) to work on /home/airflow/.local/lib/python3.6/site-packages/airflow/example_dags/tutorial.py
[2021-07-14 20:02:20,606] {scheduler_job.py:633} INFO - Processing file /home/airflow/.local/lib/python3.6/site-packages/airflow/example_dags/tutorial.py for tasks to queue
[2021-07-14 20:02:20,607] {logging_mixin.py:104} INFO - [2021-07-14 20:02:20,607] {dagbag.py:496} INFO - Filling up the DagBag from /home/airflow/.local/lib/python3.6/site-packages/airflow/example_dags/tutorial.py
[2021-07-14 20:02:20,624] {scheduler_job.py:643} INFO - DAG(s) dict_keys(['tutorial']) retrieved from /home/airflow/.local/lib/python3.6/site-packages/airflow/example_dags/tutorial.py
[2021-07-14 20:02:20,653] {logging_mixin.py:104} INFO - [2021-07-14 20:02:20,652] {dag.py:1833} INFO - Sync 1 DAGs
[2021-07-14 20:02:20,675] {logging_mixin.py:104} INFO - [2021-07-14 20:02:20,675] {dag.py:2306} INFO - Setting next_dagrun for tutorial to 2021-07-12 00:00:00+00:00
[2021-07-14 20:02:20,690] {scheduler_job.py:190} INFO - Processing /home/airflow/.local/lib/python3.6/site-packages/airflow/example_dags/tutorial.py took 0.091 seconds
[2021-07-14 20:02:51,240] {scheduler_job.py:182} INFO - Started process (PID=643) to work on /home/airflow/.local/lib/python3.6/site-packages/airflow/example_dags/tutorial.py
[2021-07-14 20:02:51,242] {scheduler_job.py:633} INFO - Processing file /home/airflow/.local/lib/python3.6/site-packages/airflow/example_dags/tutorial.py for tasks to queue
[2021-07-14 20:02:51,242] {logging_mixin.py:104} INFO - [2021-07-14 20:02:51,242] {dagbag.py:496} INFO - Filling up the DagBag from /home/airflow/.local/lib/python3.6/site-packages/airflow/example_dags/tutorial.py
[2021-07-14 20:02:51,255] {scheduler_job.py:643} INFO - DAG(s) dict_keys(['tutorial']) retrieved from /home/airflow/.local/lib/python3.6/site-packages/airflow/example_dags/tutorial.py
[2021-07-14 20:02:51,279] {logging_mixin.py:104} INFO - [2021-07-14 20:02:51,279] {dag.py:1833} INFO - Sync 1 DAGs
[2021-07-14 20:02:51,305] {logging_mixin.py:104} INFO - [2021-07-14 20:02:51,305] {dag.py:2306} INFO - Setting next_dagrun for tutorial to 2021-07-12 00:00:00+00:00
[2021-07-14 20:02:51,322] {scheduler_job.py:190} INFO - Processing /home/airflow/.local/lib/python3.6/site-packages/airflow/example_dags/tutorial.py took 0.085 seconds
[2021-07-14 20:03:22,531] {scheduler_job.py:182} INFO - Started process (PID=707) to work on /home/airflow/.local/lib/python3.6/site-packages/airflow/example_dags/tutorial.py
[2021-07-14 20:03:22,532] {scheduler_job.py:633} INFO - Processing file /home/airflow/.local/lib/python3.6/site-packages/airflow/example_dags/tutorial.py for tasks to queue
[2021-07-14 20:03:22,533] {logging_mixin.py:104} INFO - [2021-07-14 20:03:22,533] {dagbag.py:496} INFO - Filling up the DagBag from /home/airflow/.local/lib/python3.6/site-packages/airflow/example_dags/tutorial.py
[2021-07-14 20:03:22,546] {scheduler_job.py:643} INFO - DAG(s) dict_keys(['tutorial']) retrieved from /home/airflow/.local/lib/python3.6/site-packages/airflow/example_dags/tutorial.py
[2021-07-14 20:03:22,568] {logging_mixin.py:104} INFO - [2021-07-14 20:03:22,568] {dag.py:1833} INFO - Sync 1 DAGs
[2021-07-14 20:03:22,586] {logging_mixin.py:104} INFO - [2021-07-14 20:03:22,586] {dag.py:2306} INFO - Setting next_dagrun for tutorial to 2021-07-12 00:00:00+00:00
[2021-07-14 20:03:22,598] {scheduler_job.py:190} INFO - Processing /home/airflow/.local/lib/python3.6/site-packages/airflow/example_dags/tutorial.py took 0.071 seconds
[2021-07-14 20:03:53,138] {scheduler_job.py:182} INFO - Started process (PID=770) to work on /home/airflow/.local/lib/python3.6/site-packages/airflow/example_dags/tutorial.py
[2021-07-14 20:03:53,140] {scheduler_job.py:633} INFO - Processing file /home/airflow/.local/lib/python3.6/site-packages/airflow/example_dags/tutorial.py for tasks to queue
[2021-07-14 20:03:53,140] {logging_mixin.py:104} INFO - [2021-07-14 20:03:53,140] {dagbag.py:496} INFO - Filling up the DagBag from /home/airflow/.local/lib/python3.6/site-packages/airflow/example_dags/tutorial.py
[2021-07-14 20:03:53,154] {scheduler_job.py:643} INFO - DAG(s) dict_keys(['tutorial']) retrieved from /home/airflow/.local/lib/python3.6/site-packages/airflow/example_dags/tutorial.py
[2021-07-14 20:03:53,179] {logging_mixin.py:104} INFO - [2021-07-14 20:03:53,179] {dag.py:1833} INFO - Sync 1 DAGs
[2021-07-14 20:03:53,198] {logging_mixin.py:104} INFO - [2021-07-14 20:03:53,197] {dag.py:2306} INFO - Setting next_dagrun for tutorial to 2021-07-12 00:00:00+00:00
[2021-07-14 20:03:53,209] {scheduler_job.py:190} INFO - Processing /home/airflow/.local/lib/python3.6/site-packages/airflow/example_dags/tutorial.py took 0.075 seconds
[2021-07-14 20:04:24,242] {scheduler_job.py:182} INFO - Started process (PID=825) to work on /home/airflow/.local/lib/python3.6/site-packages/airflow/example_dags/tutorial.py
[2021-07-14 20:04:24,244] {scheduler_job.py:633} INFO - Processing file /home/airflow/.local/lib/python3.6/site-packages/airflow/example_dags/tutorial.py for tasks to queue
[2021-07-14 20:04:24,245] {logging_mixin.py:104} INFO - [2021-07-14 20:04:24,245] {dagbag.py:496} INFO - Filling up the DagBag from /home/airflow/.local/lib/python3.6/site-packages/airflow/example_dags/tutorial.py
[2021-07-14 20:04:24,272] {scheduler_job.py:643} INFO - DAG(s) dict_keys(['tutorial']) retrieved from /home/airflow/.local/lib/python3.6/site-packages/airflow/example_dags/tutorial.py
[2021-07-14 20:04:24,309] {logging_mixin.py:104} INFO - [2021-07-14 20:04:24,309] {dag.py:1833} INFO - Sync 1 DAGs
[2021-07-14 20:04:24,341] {logging_mixin.py:104} INFO - [2021-07-14 20:04:24,340] {dag.py:2306} INFO - Setting next_dagrun for tutorial to 2021-07-12 00:00:00+00:00
[2021-07-14 20:04:24,360] {scheduler_job.py:190} INFO - Processing /home/airflow/.local/lib/python3.6/site-packages/airflow/example_dags/tutorial.py took 0.123 seconds
[2021-07-14 20:04:54,419] {scheduler_job.py:182} INFO - Started process (PID=891) to work on /home/airflow/.local/lib/python3.6/site-packages/airflow/example_dags/tutorial.py
[2021-07-14 20:04:54,421] {scheduler_job.py:633} INFO - Processing file /home/airflow/.local/lib/python3.6/site-packages/airflow/example_dags/tutorial.py for tasks to queue
[2021-07-14 20:04:54,421] {logging_mixin.py:104} INFO - [2021-07-14 20:04:54,421] {dagbag.py:496} INFO - Filling up the DagBag from /home/airflow/.local/lib/python3.6/site-packages/airflow/example_dags/tutorial.py
[2021-07-14 20:04:54,434] {scheduler_job.py:643} INFO - DAG(s) dict_keys(['tutorial']) retrieved from /home/airflow/.local/lib/python3.6/site-packages/airflow/example_dags/tutorial.py
[2021-07-14 20:04:54,455] {logging_mixin.py:104} INFO - [2021-07-14 20:04:54,454] {dag.py:1833} INFO - Sync 1 DAGs
[2021-07-14 20:04:54,472] {logging_mixin.py:104} INFO - [2021-07-14 20:04:54,472] {dag.py:2306} INFO - Setting next_dagrun for tutorial to 2021-07-12 00:00:00+00:00
[2021-07-14 20:04:54,483] {scheduler_job.py:190} INFO - Processing /home/airflow/.local/lib/python3.6/site-packages/airflow/example_dags/tutorial.py took 0.067 seconds
[2021-07-14 20:05:24,926] {scheduler_job.py:182} INFO - Started process (PID=945) to work on /home/airflow/.local/lib/python3.6/site-packages/airflow/example_dags/tutorial.py
[2021-07-14 20:05:24,927] {scheduler_job.py:633} INFO - Processing file /home/airflow/.local/lib/python3.6/site-packages/airflow/example_dags/tutorial.py for tasks to queue
[2021-07-14 20:05:24,928] {logging_mixin.py:104} INFO - [2021-07-14 20:05:24,928] {dagbag.py:496} INFO - Filling up the DagBag from /home/airflow/.local/lib/python3.6/site-packages/airflow/example_dags/tutorial.py
[2021-07-14 20:05:24,941] {scheduler_job.py:643} INFO - DAG(s) dict_keys(['tutorial']) retrieved from /home/airflow/.local/lib/python3.6/site-packages/airflow/example_dags/tutorial.py
[2021-07-14 20:05:24,961] {logging_mixin.py:104} INFO - [2021-07-14 20:05:24,961] {dag.py:1833} INFO - Sync 1 DAGs
[2021-07-14 20:05:24,977] {logging_mixin.py:104} INFO - [2021-07-14 20:05:24,976] {dag.py:2306} INFO - Setting next_dagrun for tutorial to 2021-07-12 00:00:00+00:00
[2021-07-14 20:05:24,987] {scheduler_job.py:190} INFO - Processing /home/airflow/.local/lib/python3.6/site-packages/airflow/example_dags/tutorial.py took 0.064 seconds
[2021-07-14 20:05:55,087] {scheduler_job.py:182} INFO - Started process (PID=1009) to work on /home/airflow/.local/lib/python3.6/site-packages/airflow/example_dags/tutorial.py
[2021-07-14 20:05:55,088] {scheduler_job.py:633} INFO - Processing file /home/airflow/.local/lib/python3.6/site-packages/airflow/example_dags/tutorial.py for tasks to queue
[2021-07-14 20:05:55,089] {logging_mixin.py:104} INFO - [2021-07-14 20:05:55,089] {dagbag.py:496} INFO - Filling up the DagBag from /home/airflow/.local/lib/python3.6/site-packages/airflow/example_dags/tutorial.py
[2021-07-14 20:05:55,104] {scheduler_job.py:643} INFO - DAG(s) dict_keys(['tutorial']) retrieved from /home/airflow/.local/lib/python3.6/site-packages/airflow/example_dags/tutorial.py
[2021-07-14 20:05:55,132] {logging_mixin.py:104} INFO - [2021-07-14 20:05:55,132] {dag.py:1833} INFO - Sync 1 DAGs
[2021-07-14 20:05:55,154] {logging_mixin.py:104} INFO - [2021-07-14 20:05:55,154] {dag.py:2306} INFO - Setting next_dagrun for tutorial to 2021-07-12 00:00:00+00:00
[2021-07-14 20:05:55,167] {scheduler_job.py:190} INFO - Processing /home/airflow/.local/lib/python3.6/site-packages/airflow/example_dags/tutorial.py took 0.084 seconds
[2021-07-14 20:06:25,318] {scheduler_job.py:182} INFO - Started process (PID=1061) to work on /home/airflow/.local/lib/python3.6/site-packages/airflow/example_dags/tutorial.py
[2021-07-14 20:06:25,319] {scheduler_job.py:633} INFO - Processing file /home/airflow/.local/lib/python3.6/site-packages/airflow/example_dags/tutorial.py for tasks to queue
[2021-07-14 20:06:25,320] {logging_mixin.py:104} INFO - [2021-07-14 20:06:25,319] {dagbag.py:496} INFO - Filling up the DagBag from /home/airflow/.local/lib/python3.6/site-packages/airflow/example_dags/tutorial.py
[2021-07-14 20:06:25,332] {scheduler_job.py:643} INFO - DAG(s) dict_keys(['tutorial']) retrieved from /home/airflow/.local/lib/python3.6/site-packages/airflow/example_dags/tutorial.py
[2021-07-14 20:06:25,355] {logging_mixin.py:104} INFO - [2021-07-14 20:06:25,355] {dag.py:1833} INFO - Sync 1 DAGs
[2021-07-14 20:06:25,375] {logging_mixin.py:104} INFO - [2021-07-14 20:06:25,375] {dag.py:2306} INFO - Setting next_dagrun for tutorial to 2021-07-12 00:00:00+00:00
[2021-07-14 20:06:25,387] {scheduler_job.py:190} INFO - Processing /home/airflow/.local/lib/python3.6/site-packages/airflow/example_dags/tutorial.py took 0.072 seconds
[2021-07-14 20:06:55,916] {scheduler_job.py:182} INFO - Started process (PID=1124) to work on /home/airflow/.local/lib/python3.6/site-packages/airflow/example_dags/tutorial.py
[2021-07-14 20:06:55,918] {scheduler_job.py:633} INFO - Processing file /home/airflow/.local/lib/python3.6/site-packages/airflow/example_dags/tutorial.py for tasks to queue
[2021-07-14 20:06:55,919] {logging_mixin.py:104} INFO - [2021-07-14 20:06:55,919] {dagbag.py:496} INFO - Filling up the DagBag from /home/airflow/.local/lib/python3.6/site-packages/airflow/example_dags/tutorial.py
[2021-07-14 20:06:55,940] {scheduler_job.py:643} INFO - DAG(s) dict_keys(['tutorial']) retrieved from /home/airflow/.local/lib/python3.6/site-packages/airflow/example_dags/tutorial.py
[2021-07-14 20:06:55,971] {logging_mixin.py:104} INFO - [2021-07-14 20:06:55,971] {dag.py:1833} INFO - Sync 1 DAGs
[2021-07-14 20:06:55,993] {logging_mixin.py:104} INFO - [2021-07-14 20:06:55,993] {dag.py:2306} INFO - Setting next_dagrun for tutorial to 2021-07-12 00:00:00+00:00
[2021-07-14 20:06:56,005] {scheduler_job.py:190} INFO - Processing /home/airflow/.local/lib/python3.6/site-packages/airflow/example_dags/tutorial.py took 0.095 seconds
[2021-07-14 20:07:26,712] {scheduler_job.py:182} INFO - Started process (PID=1178) to work on /home/airflow/.local/lib/python3.6/site-packages/airflow/example_dags/tutorial.py
[2021-07-14 20:07:26,713] {scheduler_job.py:633} INFO - Processing file /home/airflow/.local/lib/python3.6/site-packages/airflow/example_dags/tutorial.py for tasks to queue
[2021-07-14 20:07:26,714] {logging_mixin.py:104} INFO - [2021-07-14 20:07:26,714] {dagbag.py:496} INFO - Filling up the DagBag from /home/airflow/.local/lib/python3.6/site-packages/airflow/example_dags/tutorial.py
[2021-07-14 20:07:26,727] {scheduler_job.py:643} INFO - DAG(s) dict_keys(['tutorial']) retrieved from /home/airflow/.local/lib/python3.6/site-packages/airflow/example_dags/tutorial.py
[2021-07-14 20:07:26,751] {logging_mixin.py:104} INFO - [2021-07-14 20:07:26,751] {dag.py:1833} INFO - Sync 1 DAGs
[2021-07-14 20:07:26,769] {logging_mixin.py:104} INFO - [2021-07-14 20:07:26,769] {dag.py:2306} INFO - Setting next_dagrun for tutorial to 2021-07-12 00:00:00+00:00
[2021-07-14 20:07:26,781] {scheduler_job.py:190} INFO - Processing /home/airflow/.local/lib/python3.6/site-packages/airflow/example_dags/tutorial.py took 0.072 seconds
[2021-07-14 20:07:57,189] {scheduler_job.py:182} INFO - Started process (PID=1243) to work on /home/airflow/.local/lib/python3.6/site-packages/airflow/example_dags/tutorial.py
[2021-07-14 20:07:57,191] {scheduler_job.py:633} INFO - Processing file /home/airflow/.local/lib/python3.6/site-packages/airflow/example_dags/tutorial.py for tasks to queue
[2021-07-14 20:07:57,192] {logging_mixin.py:104} INFO - [2021-07-14 20:07:57,191] {dagbag.py:496} INFO - Filling up the DagBag from /home/airflow/.local/lib/python3.6/site-packages/airflow/example_dags/tutorial.py
[2021-07-14 20:07:57,207] {scheduler_job.py:643} INFO - DAG(s) dict_keys(['tutorial']) retrieved from /home/airflow/.local/lib/python3.6/site-packages/airflow/example_dags/tutorial.py
[2021-07-14 20:07:57,230] {logging_mixin.py:104} INFO - [2021-07-14 20:07:57,230] {dag.py:1833} INFO - Sync 1 DAGs
[2021-07-14 20:07:57,248] {logging_mixin.py:104} INFO - [2021-07-14 20:07:57,248] {dag.py:2306} INFO - Setting next_dagrun for tutorial to 2021-07-12 00:00:00+00:00
[2021-07-14 20:07:57,263] {scheduler_job.py:190} INFO - Processing /home/airflow/.local/lib/python3.6/site-packages/airflow/example_dags/tutorial.py took 0.076 seconds
[2021-07-14 20:08:27,799] {scheduler_job.py:182} INFO - Started process (PID=1307) to work on /home/airflow/.local/lib/python3.6/site-packages/airflow/example_dags/tutorial.py
[2021-07-14 20:08:27,800] {scheduler_job.py:633} INFO - Processing file /home/airflow/.local/lib/python3.6/site-packages/airflow/example_dags/tutorial.py for tasks to queue
[2021-07-14 20:08:27,801] {logging_mixin.py:104} INFO - [2021-07-14 20:08:27,801] {dagbag.py:496} INFO - Filling up the DagBag from /home/airflow/.local/lib/python3.6/site-packages/airflow/example_dags/tutorial.py
[2021-07-14 20:08:27,819] {scheduler_job.py:643} INFO - DAG(s) dict_keys(['tutorial']) retrieved from /home/airflow/.local/lib/python3.6/site-packages/airflow/example_dags/tutorial.py
[2021-07-14 20:08:27,849] {logging_mixin.py:104} INFO - [2021-07-14 20:08:27,849] {dag.py:1833} INFO - Sync 1 DAGs
[2021-07-14 20:08:27,877] {logging_mixin.py:104} INFO - [2021-07-14 20:08:27,877] {dag.py:2306} INFO - Setting next_dagrun for tutorial to 2021-07-12 00:00:00+00:00
[2021-07-14 20:08:27,893] {scheduler_job.py:190} INFO - Processing /home/airflow/.local/lib/python3.6/site-packages/airflow/example_dags/tutorial.py took 0.098 seconds
[2021-07-14 20:08:58,105] {scheduler_job.py:182} INFO - Started process (PID=1361) to work on /home/airflow/.local/lib/python3.6/site-packages/airflow/example_dags/tutorial.py
[2021-07-14 20:08:58,106] {scheduler_job.py:633} INFO - Processing file /home/airflow/.local/lib/python3.6/site-packages/airflow/example_dags/tutorial.py for tasks to queue
[2021-07-14 20:08:58,108] {logging_mixin.py:104} INFO - [2021-07-14 20:08:58,108] {dagbag.py:496} INFO - Filling up the DagBag from /home/airflow/.local/lib/python3.6/site-packages/airflow/example_dags/tutorial.py
[2021-07-14 20:08:58,127] {scheduler_job.py:643} INFO - DAG(s) dict_keys(['tutorial']) retrieved from /home/airflow/.local/lib/python3.6/site-packages/airflow/example_dags/tutorial.py
[2021-07-14 20:08:58,158] {logging_mixin.py:104} INFO - [2021-07-14 20:08:58,158] {dag.py:1833} INFO - Sync 1 DAGs
[2021-07-14 20:08:58,183] {logging_mixin.py:104} INFO - [2021-07-14 20:08:58,182] {dag.py:2306} INFO - Setting next_dagrun for tutorial to 2021-07-12 00:00:00+00:00
[2021-07-14 20:08:58,198] {scheduler_job.py:190} INFO - Processing /home/airflow/.local/lib/python3.6/site-packages/airflow/example_dags/tutorial.py took 0.097 seconds
[2021-07-14 20:09:28,774] {scheduler_job.py:182} INFO - Started process (PID=1425) to work on /home/airflow/.local/lib/python3.6/site-packages/airflow/example_dags/tutorial.py
[2021-07-14 20:09:28,775] {scheduler_job.py:633} INFO - Processing file /home/airflow/.local/lib/python3.6/site-packages/airflow/example_dags/tutorial.py for tasks to queue
[2021-07-14 20:09:28,775] {logging_mixin.py:104} INFO - [2021-07-14 20:09:28,775] {dagbag.py:496} INFO - Filling up the DagBag from /home/airflow/.local/lib/python3.6/site-packages/airflow/example_dags/tutorial.py
[2021-07-14 20:09:28,790] {scheduler_job.py:643} INFO - DAG(s) dict_keys(['tutorial']) retrieved from /home/airflow/.local/lib/python3.6/site-packages/airflow/example_dags/tutorial.py
[2021-07-14 20:09:28,818] {logging_mixin.py:104} INFO - [2021-07-14 20:09:28,817] {dag.py:1833} INFO - Sync 1 DAGs
[2021-07-14 20:09:28,837] {logging_mixin.py:104} INFO - [2021-07-14 20:09:28,837] {dag.py:2306} INFO - Setting next_dagrun for tutorial to 2021-07-12 00:00:00+00:00
[2021-07-14 20:09:28,849] {scheduler_job.py:190} INFO - Processing /home/airflow/.local/lib/python3.6/site-packages/airflow/example_dags/tutorial.py took 0.078 seconds
[2021-07-14 20:09:59,196] {scheduler_job.py:182} INFO - Started process (PID=1480) to work on /home/airflow/.local/lib/python3.6/site-packages/airflow/example_dags/tutorial.py
[2021-07-14 20:09:59,198] {scheduler_job.py:633} INFO - Processing file /home/airflow/.local/lib/python3.6/site-packages/airflow/example_dags/tutorial.py for tasks to queue
[2021-07-14 20:09:59,199] {logging_mixin.py:104} INFO - [2021-07-14 20:09:59,198] {dagbag.py:496} INFO - Filling up the DagBag from /home/airflow/.local/lib/python3.6/site-packages/airflow/example_dags/tutorial.py
[2021-07-14 20:09:59,212] {scheduler_job.py:643} INFO - DAG(s) dict_keys(['tutorial']) retrieved from /home/airflow/.local/lib/python3.6/site-packages/airflow/example_dags/tutorial.py
[2021-07-14 20:09:59,236] {logging_mixin.py:104} INFO - [2021-07-14 20:09:59,236] {dag.py:1833} INFO - Sync 1 DAGs
[2021-07-14 20:09:59,254] {logging_mixin.py:104} INFO - [2021-07-14 20:09:59,253] {dag.py:2306} INFO - Setting next_dagrun for tutorial to 2021-07-12 00:00:00+00:00
[2021-07-14 20:09:59,264] {scheduler_job.py:190} INFO - Processing /home/airflow/.local/lib/python3.6/site-packages/airflow/example_dags/tutorial.py took 0.072 seconds
[2021-07-14 20:10:29,590] {scheduler_job.py:182} INFO - Started process (PID=1543) to work on /home/airflow/.local/lib/python3.6/site-packages/airflow/example_dags/tutorial.py
[2021-07-14 20:10:29,591] {scheduler_job.py:633} INFO - Processing file /home/airflow/.local/lib/python3.6/site-packages/airflow/example_dags/tutorial.py for tasks to queue
[2021-07-14 20:10:29,593] {logging_mixin.py:104} INFO - [2021-07-14 20:10:29,592] {dagbag.py:496} INFO - Filling up the DagBag from /home/airflow/.local/lib/python3.6/site-packages/airflow/example_dags/tutorial.py
[2021-07-14 20:10:29,607] {scheduler_job.py:643} INFO - DAG(s) dict_keys(['tutorial']) retrieved from /home/airflow/.local/lib/python3.6/site-packages/airflow/example_dags/tutorial.py
[2021-07-14 20:10:29,630] {logging_mixin.py:104} INFO - [2021-07-14 20:10:29,630] {dag.py:1833} INFO - Sync 1 DAGs
[2021-07-14 20:10:29,650] {logging_mixin.py:104} INFO - [2021-07-14 20:10:29,650] {dag.py:2306} INFO - Setting next_dagrun for tutorial to 2021-07-12 00:00:00+00:00
[2021-07-14 20:10:29,663] {scheduler_job.py:190} INFO - Processing /home/airflow/.local/lib/python3.6/site-packages/airflow/example_dags/tutorial.py took 0.077 seconds
[2021-07-14 20:11:00,048] {scheduler_job.py:182} INFO - Started process (PID=1598) to work on /home/airflow/.local/lib/python3.6/site-packages/airflow/example_dags/tutorial.py
[2021-07-14 20:11:00,049] {scheduler_job.py:633} INFO - Processing file /home/airflow/.local/lib/python3.6/site-packages/airflow/example_dags/tutorial.py for tasks to queue
[2021-07-14 20:11:00,050] {logging_mixin.py:104} INFO - [2021-07-14 20:11:00,049] {dagbag.py:496} INFO - Filling up the DagBag from /home/airflow/.local/lib/python3.6/site-packages/airflow/example_dags/tutorial.py
[2021-07-14 20:11:00,066] {scheduler_job.py:643} INFO - DAG(s) dict_keys(['tutorial']) retrieved from /home/airflow/.local/lib/python3.6/site-packages/airflow/example_dags/tutorial.py
[2021-07-14 20:11:00,096] {logging_mixin.py:104} INFO - [2021-07-14 20:11:00,096] {dag.py:1833} INFO - Sync 1 DAGs
[2021-07-14 20:11:00,113] {logging_mixin.py:104} INFO - [2021-07-14 20:11:00,113] {dag.py:2306} INFO - Setting next_dagrun for tutorial to 2021-07-12 00:00:00+00:00
[2021-07-14 20:11:00,124] {scheduler_job.py:190} INFO - Processing /home/airflow/.local/lib/python3.6/site-packages/airflow/example_dags/tutorial.py took 0.080 seconds
[2021-07-14 20:11:30,468] {scheduler_job.py:182} INFO - Started process (PID=1662) to work on /home/airflow/.local/lib/python3.6/site-packages/airflow/example_dags/tutorial.py
[2021-07-14 20:11:30,469] {scheduler_job.py:633} INFO - Processing file /home/airflow/.local/lib/python3.6/site-packages/airflow/example_dags/tutorial.py for tasks to queue
[2021-07-14 20:11:30,470] {logging_mixin.py:104} INFO - [2021-07-14 20:11:30,470] {dagbag.py:496} INFO - Filling up the DagBag from /home/airflow/.local/lib/python3.6/site-packages/airflow/example_dags/tutorial.py
[2021-07-14 20:11:30,486] {scheduler_job.py:643} INFO - DAG(s) dict_keys(['tutorial']) retrieved from /home/airflow/.local/lib/python3.6/site-packages/airflow/example_dags/tutorial.py
[2021-07-14 20:11:30,534] {logging_mixin.py:104} INFO - [2021-07-14 20:11:30,533] {dag.py:1833} INFO - Sync 1 DAGs
[2021-07-14 20:11:30,565] {logging_mixin.py:104} INFO - [2021-07-14 20:11:30,564] {dag.py:2306} INFO - Setting next_dagrun for tutorial to 2021-07-12 00:00:00+00:00
[2021-07-14 20:11:30,590] {scheduler_job.py:190} INFO - Processing /home/airflow/.local/lib/python3.6/site-packages/airflow/example_dags/tutorial.py took 0.125 seconds
[2021-07-14 20:12:00,870] {scheduler_job.py:182} INFO - Started process (PID=1717) to work on /home/airflow/.local/lib/python3.6/site-packages/airflow/example_dags/tutorial.py
[2021-07-14 20:12:00,871] {scheduler_job.py:633} INFO - Processing file /home/airflow/.local/lib/python3.6/site-packages/airflow/example_dags/tutorial.py for tasks to queue
[2021-07-14 20:12:00,871] {logging_mixin.py:104} INFO - [2021-07-14 20:12:00,871] {dagbag.py:496} INFO - Filling up the DagBag from /home/airflow/.local/lib/python3.6/site-packages/airflow/example_dags/tutorial.py
[2021-07-14 20:12:00,883] {scheduler_job.py:643} INFO - DAG(s) dict_keys(['tutorial']) retrieved from /home/airflow/.local/lib/python3.6/site-packages/airflow/example_dags/tutorial.py
[2021-07-14 20:12:00,905] {logging_mixin.py:104} INFO - [2021-07-14 20:12:00,905] {dag.py:1833} INFO - Sync 1 DAGs
[2021-07-14 20:12:00,922] {logging_mixin.py:104} INFO - [2021-07-14 20:12:00,922] {dag.py:2306} INFO - Setting next_dagrun for tutorial to 2021-07-12 00:00:00+00:00
[2021-07-14 20:12:00,932] {scheduler_job.py:190} INFO - Processing /home/airflow/.local/lib/python3.6/site-packages/airflow/example_dags/tutorial.py took 0.066 seconds
[2021-07-14 20:12:31,179] {scheduler_job.py:182} INFO - Started process (PID=1782) to work on /home/airflow/.local/lib/python3.6/site-packages/airflow/example_dags/tutorial.py
[2021-07-14 20:12:31,180] {scheduler_job.py:633} INFO - Processing file /home/airflow/.local/lib/python3.6/site-packages/airflow/example_dags/tutorial.py for tasks to queue
[2021-07-14 20:12:31,181] {logging_mixin.py:104} INFO - [2021-07-14 20:12:31,181] {dagbag.py:496} INFO - Filling up the DagBag from /home/airflow/.local/lib/python3.6/site-packages/airflow/example_dags/tutorial.py
[2021-07-14 20:12:31,197] {scheduler_job.py:643} INFO - DAG(s) dict_keys(['tutorial']) retrieved from /home/airflow/.local/lib/python3.6/site-packages/airflow/example_dags/tutorial.py
[2021-07-14 20:12:31,220] {logging_mixin.py:104} INFO - [2021-07-14 20:12:31,220] {dag.py:1833} INFO - Sync 1 DAGs
[2021-07-14 20:12:31,237] {logging_mixin.py:104} INFO - [2021-07-14 20:12:31,237] {dag.py:2306} INFO - Setting next_dagrun for tutorial to 2021-07-12 00:00:00+00:00
[2021-07-14 20:12:31,248] {scheduler_job.py:190} INFO - Processing /home/airflow/.local/lib/python3.6/site-packages/airflow/example_dags/tutorial.py took 0.072 seconds
[2021-07-14 20:13:01,656] {scheduler_job.py:182} INFO - Started process (PID=1847) to work on /home/airflow/.local/lib/python3.6/site-packages/airflow/example_dags/tutorial.py
[2021-07-14 20:13:01,657] {scheduler_job.py:633} INFO - Processing file /home/airflow/.local/lib/python3.6/site-packages/airflow/example_dags/tutorial.py for tasks to queue
[2021-07-14 20:13:01,658] {logging_mixin.py:104} INFO - [2021-07-14 20:13:01,658] {dagbag.py:496} INFO - Filling up the DagBag from /home/airflow/.local/lib/python3.6/site-packages/airflow/example_dags/tutorial.py
[2021-07-14 20:13:01,674] {scheduler_job.py:643} INFO - DAG(s) dict_keys(['tutorial']) retrieved from /home/airflow/.local/lib/python3.6/site-packages/airflow/example_dags/tutorial.py
[2021-07-14 20:13:01,703] {logging_mixin.py:104} INFO - [2021-07-14 20:13:01,703] {dag.py:1833} INFO - Sync 1 DAGs
[2021-07-14 20:13:01,727] {logging_mixin.py:104} INFO - [2021-07-14 20:13:01,726] {dag.py:2306} INFO - Setting next_dagrun for tutorial to 2021-07-12 00:00:00+00:00
[2021-07-14 20:13:01,745] {scheduler_job.py:190} INFO - Processing /home/airflow/.local/lib/python3.6/site-packages/airflow/example_dags/tutorial.py took 0.094 seconds
[2021-07-14 20:13:32,662] {scheduler_job.py:182} INFO - Started process (PID=1901) to work on /home/airflow/.local/lib/python3.6/site-packages/airflow/example_dags/tutorial.py
[2021-07-14 20:13:32,663] {scheduler_job.py:633} INFO - Processing file /home/airflow/.local/lib/python3.6/site-packages/airflow/example_dags/tutorial.py for tasks to queue
[2021-07-14 20:13:32,664] {logging_mixin.py:104} INFO - [2021-07-14 20:13:32,664] {dagbag.py:496} INFO - Filling up the DagBag from /home/airflow/.local/lib/python3.6/site-packages/airflow/example_dags/tutorial.py
[2021-07-14 20:13:32,676] {scheduler_job.py:643} INFO - DAG(s) dict_keys(['tutorial']) retrieved from /home/airflow/.local/lib/python3.6/site-packages/airflow/example_dags/tutorial.py
[2021-07-14 20:13:32,697] {logging_mixin.py:104} INFO - [2021-07-14 20:13:32,697] {dag.py:1833} INFO - Sync 1 DAGs
[2021-07-14 20:13:32,714] {logging_mixin.py:104} INFO - [2021-07-14 20:13:32,714] {dag.py:2306} INFO - Setting next_dagrun for tutorial to 2021-07-12 00:00:00+00:00
[2021-07-14 20:13:32,724] {scheduler_job.py:190} INFO - Processing /home/airflow/.local/lib/python3.6/site-packages/airflow/example_dags/tutorial.py took 0.065 seconds
[2021-07-14 20:14:03,887] {scheduler_job.py:182} INFO - Started process (PID=1966) to work on /home/airflow/.local/lib/python3.6/site-packages/airflow/example_dags/tutorial.py
[2021-07-14 20:14:03,888] {scheduler_job.py:633} INFO - Processing file /home/airflow/.local/lib/python3.6/site-packages/airflow/example_dags/tutorial.py for tasks to queue
[2021-07-14 20:14:03,889] {logging_mixin.py:104} INFO - [2021-07-14 20:14:03,889] {dagbag.py:496} INFO - Filling up the DagBag from /home/airflow/.local/lib/python3.6/site-packages/airflow/example_dags/tutorial.py
[2021-07-14 20:14:03,905] {scheduler_job.py:643} INFO - DAG(s) dict_keys(['tutorial']) retrieved from /home/airflow/.local/lib/python3.6/site-packages/airflow/example_dags/tutorial.py
[2021-07-14 20:14:03,938] {logging_mixin.py:104} INFO - [2021-07-14 20:14:03,938] {dag.py:1833} INFO - Sync 1 DAGs
[2021-07-14 20:14:03,959] {logging_mixin.py:104} INFO - [2021-07-14 20:14:03,959] {dag.py:2306} INFO - Setting next_dagrun for tutorial to 2021-07-12 00:00:00+00:00
[2021-07-14 20:14:03,971] {scheduler_job.py:190} INFO - Processing /home/airflow/.local/lib/python3.6/site-packages/airflow/example_dags/tutorial.py took 0.089 seconds
[2021-07-14 20:14:35,325] {scheduler_job.py:182} INFO - Started process (PID=2027) to work on /home/airflow/.local/lib/python3.6/site-packages/airflow/example_dags/tutorial.py
[2021-07-14 20:14:35,326] {scheduler_job.py:633} INFO - Processing file /home/airflow/.local/lib/python3.6/site-packages/airflow/example_dags/tutorial.py for tasks to queue
[2021-07-14 20:14:35,327] {logging_mixin.py:104} INFO - [2021-07-14 20:14:35,327] {dagbag.py:496} INFO - Filling up the DagBag from /home/airflow/.local/lib/python3.6/site-packages/airflow/example_dags/tutorial.py
[2021-07-14 20:14:35,344] {scheduler_job.py:643} INFO - DAG(s) dict_keys(['tutorial']) retrieved from /home/airflow/.local/lib/python3.6/site-packages/airflow/example_dags/tutorial.py
[2021-07-14 20:14:35,367] {logging_mixin.py:104} INFO - [2021-07-14 20:14:35,367] {dag.py:1833} INFO - Sync 1 DAGs
[2021-07-14 20:14:35,385] {logging_mixin.py:104} INFO - [2021-07-14 20:14:35,384] {dag.py:2306} INFO - Setting next_dagrun for tutorial to 2021-07-12 00:00:00+00:00
[2021-07-14 20:14:35,396] {scheduler_job.py:190} INFO - Processing /home/airflow/.local/lib/python3.6/site-packages/airflow/example_dags/tutorial.py took 0.077 seconds
[2021-07-14 20:15:05,703] {scheduler_job.py:182} INFO - Started process (PID=2084) to work on /home/airflow/.local/lib/python3.6/site-packages/airflow/example_dags/tutorial.py
[2021-07-14 20:15:05,705] {scheduler_job.py:633} INFO - Processing file /home/airflow/.local/lib/python3.6/site-packages/airflow/example_dags/tutorial.py for tasks to queue
[2021-07-14 20:15:05,706] {logging_mixin.py:104} INFO - [2021-07-14 20:15:05,705] {dagbag.py:496} INFO - Filling up the DagBag from /home/airflow/.local/lib/python3.6/site-packages/airflow/example_dags/tutorial.py
[2021-07-14 20:15:05,718] {scheduler_job.py:643} INFO - DAG(s) dict_keys(['tutorial']) retrieved from /home/airflow/.local/lib/python3.6/site-packages/airflow/example_dags/tutorial.py
[2021-07-14 20:15:05,741] {logging_mixin.py:104} INFO - [2021-07-14 20:15:05,741] {dag.py:1833} INFO - Sync 1 DAGs
[2021-07-14 20:15:05,759] {logging_mixin.py:104} INFO - [2021-07-14 20:15:05,759] {dag.py:2306} INFO - Setting next_dagrun for tutorial to 2021-07-12 00:00:00+00:00
[2021-07-14 20:15:05,768] {scheduler_job.py:190} INFO - Processing /home/airflow/.local/lib/python3.6/site-packages/airflow/example_dags/tutorial.py took 0.069 seconds
[2021-07-14 20:15:36,271] {scheduler_job.py:182} INFO - Started process (PID=2148) to work on /home/airflow/.local/lib/python3.6/site-packages/airflow/example_dags/tutorial.py
[2021-07-14 20:15:36,273] {scheduler_job.py:633} INFO - Processing file /home/airflow/.local/lib/python3.6/site-packages/airflow/example_dags/tutorial.py for tasks to queue
[2021-07-14 20:15:36,273] {logging_mixin.py:104} INFO - [2021-07-14 20:15:36,273] {dagbag.py:496} INFO - Filling up the DagBag from /home/airflow/.local/lib/python3.6/site-packages/airflow/example_dags/tutorial.py
[2021-07-14 20:15:36,288] {scheduler_job.py:643} INFO - DAG(s) dict_keys(['tutorial']) retrieved from /home/airflow/.local/lib/python3.6/site-packages/airflow/example_dags/tutorial.py
[2021-07-14 20:15:36,311] {logging_mixin.py:104} INFO - [2021-07-14 20:15:36,311] {dag.py:1833} INFO - Sync 1 DAGs
[2021-07-14 20:15:36,329] {logging_mixin.py:104} INFO - [2021-07-14 20:15:36,329] {dag.py:2306} INFO - Setting next_dagrun for tutorial to 2021-07-12 00:00:00+00:00
[2021-07-14 20:15:36,342] {scheduler_job.py:190} INFO - Processing /home/airflow/.local/lib/python3.6/site-packages/airflow/example_dags/tutorial.py took 0.073 seconds
[2021-07-14 20:16:07,264] {scheduler_job.py:182} INFO - Started process (PID=2202) to work on /home/airflow/.local/lib/python3.6/site-packages/airflow/example_dags/tutorial.py
[2021-07-14 20:16:07,265] {scheduler_job.py:633} INFO - Processing file /home/airflow/.local/lib/python3.6/site-packages/airflow/example_dags/tutorial.py for tasks to queue
[2021-07-14 20:16:07,266] {logging_mixin.py:104} INFO - [2021-07-14 20:16:07,266] {dagbag.py:496} INFO - Filling up the DagBag from /home/airflow/.local/lib/python3.6/site-packages/airflow/example_dags/tutorial.py
[2021-07-14 20:16:07,279] {scheduler_job.py:643} INFO - DAG(s) dict_keys(['tutorial']) retrieved from /home/airflow/.local/lib/python3.6/site-packages/airflow/example_dags/tutorial.py
[2021-07-14 20:16:07,301] {logging_mixin.py:104} INFO - [2021-07-14 20:16:07,301] {dag.py:1833} INFO - Sync 1 DAGs
[2021-07-14 20:16:07,319] {logging_mixin.py:104} INFO - [2021-07-14 20:16:07,319] {dag.py:2306} INFO - Setting next_dagrun for tutorial to 2021-07-12 00:00:00+00:00
[2021-07-14 20:16:07,330] {scheduler_job.py:190} INFO - Processing /home/airflow/.local/lib/python3.6/site-packages/airflow/example_dags/tutorial.py took 0.069 seconds
[2021-07-14 20:16:37,659] {scheduler_job.py:182} INFO - Started process (PID=2264) to work on /home/airflow/.local/lib/python3.6/site-packages/airflow/example_dags/tutorial.py
[2021-07-14 20:16:37,661] {scheduler_job.py:633} INFO - Processing file /home/airflow/.local/lib/python3.6/site-packages/airflow/example_dags/tutorial.py for tasks to queue
[2021-07-14 20:16:37,662] {logging_mixin.py:104} INFO - [2021-07-14 20:16:37,662] {dagbag.py:496} INFO - Filling up the DagBag from /home/airflow/.local/lib/python3.6/site-packages/airflow/example_dags/tutorial.py
[2021-07-14 20:16:37,680] {scheduler_job.py:643} INFO - DAG(s) dict_keys(['tutorial']) retrieved from /home/airflow/.local/lib/python3.6/site-packages/airflow/example_dags/tutorial.py
[2021-07-14 20:16:37,717] {logging_mixin.py:104} INFO - [2021-07-14 20:16:37,717] {dag.py:1833} INFO - Sync 1 DAGs
[2021-07-14 20:16:37,741] {logging_mixin.py:104} INFO - [2021-07-14 20:16:37,741] {dag.py:2306} INFO - Setting next_dagrun for tutorial to 2021-07-12 00:00:00+00:00
[2021-07-14 20:16:37,755] {scheduler_job.py:190} INFO - Processing /home/airflow/.local/lib/python3.6/site-packages/airflow/example_dags/tutorial.py took 0.099 seconds
[2021-07-14 20:17:07,788] {scheduler_job.py:182} INFO - Started process (PID=2316) to work on /home/airflow/.local/lib/python3.6/site-packages/airflow/example_dags/tutorial.py
[2021-07-14 20:17:07,789] {scheduler_job.py:633} INFO - Processing file /home/airflow/.local/lib/python3.6/site-packages/airflow/example_dags/tutorial.py for tasks to queue
[2021-07-14 20:17:07,790] {logging_mixin.py:104} INFO - [2021-07-14 20:17:07,790] {dagbag.py:496} INFO - Filling up the DagBag from /home/airflow/.local/lib/python3.6/site-packages/airflow/example_dags/tutorial.py
[2021-07-14 20:17:07,805] {scheduler_job.py:643} INFO - DAG(s) dict_keys(['tutorial']) retrieved from /home/airflow/.local/lib/python3.6/site-packages/airflow/example_dags/tutorial.py
[2021-07-14 20:17:07,832] {logging_mixin.py:104} INFO - [2021-07-14 20:17:07,832] {dag.py:1833} INFO - Sync 1 DAGs
[2021-07-14 20:17:07,851] {logging_mixin.py:104} INFO - [2021-07-14 20:17:07,851] {dag.py:2306} INFO - Setting next_dagrun for tutorial to 2021-07-12 00:00:00+00:00
[2021-07-14 20:17:07,863] {scheduler_job.py:190} INFO - Processing /home/airflow/.local/lib/python3.6/site-packages/airflow/example_dags/tutorial.py took 0.079 seconds
[2021-07-14 20:17:38,513] {scheduler_job.py:182} INFO - Started process (PID=2380) to work on /home/airflow/.local/lib/python3.6/site-packages/airflow/example_dags/tutorial.py
[2021-07-14 20:17:38,515] {scheduler_job.py:633} INFO - Processing file /home/airflow/.local/lib/python3.6/site-packages/airflow/example_dags/tutorial.py for tasks to queue
[2021-07-14 20:17:38,516] {logging_mixin.py:104} INFO - [2021-07-14 20:17:38,516] {dagbag.py:496} INFO - Filling up the DagBag from /home/airflow/.local/lib/python3.6/site-packages/airflow/example_dags/tutorial.py
[2021-07-14 20:17:38,538] {scheduler_job.py:643} INFO - DAG(s) dict_keys(['tutorial']) retrieved from /home/airflow/.local/lib/python3.6/site-packages/airflow/example_dags/tutorial.py
[2021-07-14 20:17:38,588] {logging_mixin.py:104} INFO - [2021-07-14 20:17:38,588] {dag.py:1833} INFO - Sync 1 DAGs
[2021-07-14 20:17:38,619] {logging_mixin.py:104} INFO - [2021-07-14 20:17:38,618] {dag.py:2306} INFO - Setting next_dagrun for tutorial to 2021-07-12 00:00:00+00:00
[2021-07-14 20:17:38,642] {scheduler_job.py:190} INFO - Processing /home/airflow/.local/lib/python3.6/site-packages/airflow/example_dags/tutorial.py took 0.133 seconds
[2021-07-14 20:18:09,132] {scheduler_job.py:182} INFO - Started process (PID=2436) to work on /home/airflow/.local/lib/python3.6/site-packages/airflow/example_dags/tutorial.py
[2021-07-14 20:18:09,134] {scheduler_job.py:633} INFO - Processing file /home/airflow/.local/lib/python3.6/site-packages/airflow/example_dags/tutorial.py for tasks to queue
[2021-07-14 20:18:09,138] {logging_mixin.py:104} INFO - [2021-07-14 20:18:09,137] {dagbag.py:496} INFO - Filling up the DagBag from /home/airflow/.local/lib/python3.6/site-packages/airflow/example_dags/tutorial.py
[2021-07-14 20:18:09,162] {scheduler_job.py:643} INFO - DAG(s) dict_keys(['tutorial']) retrieved from /home/airflow/.local/lib/python3.6/site-packages/airflow/example_dags/tutorial.py
[2021-07-14 20:18:09,235] {logging_mixin.py:104} INFO - [2021-07-14 20:18:09,235] {dag.py:1833} INFO - Sync 1 DAGs
[2021-07-14 20:18:09,291] {logging_mixin.py:104} INFO - [2021-07-14 20:18:09,290] {dag.py:2306} INFO - Setting next_dagrun for tutorial to 2021-07-12 00:00:00+00:00
[2021-07-14 20:18:09,349] {scheduler_job.py:190} INFO - Processing /home/airflow/.local/lib/python3.6/site-packages/airflow/example_dags/tutorial.py took 0.222 seconds
[2021-07-14 20:18:39,964] {scheduler_job.py:182} INFO - Started process (PID=2499) to work on /home/airflow/.local/lib/python3.6/site-packages/airflow/example_dags/tutorial.py
[2021-07-14 20:18:39,965] {scheduler_job.py:633} INFO - Processing file /home/airflow/.local/lib/python3.6/site-packages/airflow/example_dags/tutorial.py for tasks to queue
[2021-07-14 20:18:39,966] {logging_mixin.py:104} INFO - [2021-07-14 20:18:39,966] {dagbag.py:496} INFO - Filling up the DagBag from /home/airflow/.local/lib/python3.6/site-packages/airflow/example_dags/tutorial.py
[2021-07-14 20:18:39,981] {scheduler_job.py:643} INFO - DAG(s) dict_keys(['tutorial']) retrieved from /home/airflow/.local/lib/python3.6/site-packages/airflow/example_dags/tutorial.py
[2021-07-14 20:18:40,006] {logging_mixin.py:104} INFO - [2021-07-14 20:18:40,006] {dag.py:1833} INFO - Sync 1 DAGs
[2021-07-14 20:18:40,024] {logging_mixin.py:104} INFO - [2021-07-14 20:18:40,024] {dag.py:2306} INFO - Setting next_dagrun for tutorial to 2021-07-12 00:00:00+00:00
[2021-07-14 20:18:40,035] {scheduler_job.py:190} INFO - Processing /home/airflow/.local/lib/python3.6/site-packages/airflow/example_dags/tutorial.py took 0.075 seconds
[2021-07-14 20:19:10,083] {scheduler_job.py:182} INFO - Started process (PID=2551) to work on /home/airflow/.local/lib/python3.6/site-packages/airflow/example_dags/tutorial.py
[2021-07-14 20:19:10,084] {scheduler_job.py:633} INFO - Processing file /home/airflow/.local/lib/python3.6/site-packages/airflow/example_dags/tutorial.py for tasks to queue
[2021-07-14 20:19:10,086] {logging_mixin.py:104} INFO - [2021-07-14 20:19:10,085] {dagbag.py:496} INFO - Filling up the DagBag from /home/airflow/.local/lib/python3.6/site-packages/airflow/example_dags/tutorial.py
[2021-07-14 20:19:10,101] {scheduler_job.py:643} INFO - DAG(s) dict_keys(['tutorial']) retrieved from /home/airflow/.local/lib/python3.6/site-packages/airflow/example_dags/tutorial.py
[2021-07-14 20:19:10,130] {logging_mixin.py:104} INFO - [2021-07-14 20:19:10,129] {dag.py:1833} INFO - Sync 1 DAGs
[2021-07-14 20:19:10,160] {logging_mixin.py:104} INFO - [2021-07-14 20:19:10,160] {dag.py:2306} INFO - Setting next_dagrun for tutorial to 2021-07-12 00:00:00+00:00
[2021-07-14 20:19:10,172] {scheduler_job.py:190} INFO - Processing /home/airflow/.local/lib/python3.6/site-packages/airflow/example_dags/tutorial.py took 0.093 seconds
[2021-07-14 20:19:40,513] {scheduler_job.py:182} INFO - Started process (PID=2615) to work on /home/airflow/.local/lib/python3.6/site-packages/airflow/example_dags/tutorial.py
[2021-07-14 20:19:40,518] {scheduler_job.py:633} INFO - Processing file /home/airflow/.local/lib/python3.6/site-packages/airflow/example_dags/tutorial.py for tasks to queue
[2021-07-14 20:19:40,518] {logging_mixin.py:104} INFO - [2021-07-14 20:19:40,518] {dagbag.py:496} INFO - Filling up the DagBag from /home/airflow/.local/lib/python3.6/site-packages/airflow/example_dags/tutorial.py
[2021-07-14 20:19:40,544] {scheduler_job.py:643} INFO - DAG(s) dict_keys(['tutorial']) retrieved from /home/airflow/.local/lib/python3.6/site-packages/airflow/example_dags/tutorial.py
[2021-07-14 20:19:40,584] {logging_mixin.py:104} INFO - [2021-07-14 20:19:40,584] {dag.py:1833} INFO - Sync 1 DAGs
[2021-07-14 20:19:40,644] {logging_mixin.py:104} INFO - [2021-07-14 20:19:40,644] {dag.py:2306} INFO - Setting next_dagrun for tutorial to 2021-07-12 00:00:00+00:00
[2021-07-14 20:19:40,667] {scheduler_job.py:190} INFO - Processing /home/airflow/.local/lib/python3.6/site-packages/airflow/example_dags/tutorial.py took 0.158 seconds
[2021-07-14 20:20:11,464] {scheduler_job.py:182} INFO - Started process (PID=2668) to work on /home/airflow/.local/lib/python3.6/site-packages/airflow/example_dags/tutorial.py
[2021-07-14 20:20:11,466] {scheduler_job.py:633} INFO - Processing file /home/airflow/.local/lib/python3.6/site-packages/airflow/example_dags/tutorial.py for tasks to queue
[2021-07-14 20:20:11,468] {logging_mixin.py:104} INFO - [2021-07-14 20:20:11,468] {dagbag.py:496} INFO - Filling up the DagBag from /home/airflow/.local/lib/python3.6/site-packages/airflow/example_dags/tutorial.py
[2021-07-14 20:20:11,491] {scheduler_job.py:643} INFO - DAG(s) dict_keys(['tutorial']) retrieved from /home/airflow/.local/lib/python3.6/site-packages/airflow/example_dags/tutorial.py
[2021-07-14 20:20:11,540] {logging_mixin.py:104} INFO - [2021-07-14 20:20:11,540] {dag.py:1833} INFO - Sync 1 DAGs
[2021-07-14 20:20:11,566] {logging_mixin.py:104} INFO - [2021-07-14 20:20:11,566] {dag.py:2306} INFO - Setting next_dagrun for tutorial to 2021-07-12 00:00:00+00:00
[2021-07-14 20:20:11,587] {scheduler_job.py:190} INFO - Processing /home/airflow/.local/lib/python3.6/site-packages/airflow/example_dags/tutorial.py took 0.126 seconds
[2021-07-14 20:20:42,558] {scheduler_job.py:182} INFO - Started process (PID=2732) to work on /home/airflow/.local/lib/python3.6/site-packages/airflow/example_dags/tutorial.py
[2021-07-14 20:20:42,559] {scheduler_job.py:633} INFO - Processing file /home/airflow/.local/lib/python3.6/site-packages/airflow/example_dags/tutorial.py for tasks to queue
[2021-07-14 20:20:42,560] {logging_mixin.py:104} INFO - [2021-07-14 20:20:42,560] {dagbag.py:496} INFO - Filling up the DagBag from /home/airflow/.local/lib/python3.6/site-packages/airflow/example_dags/tutorial.py
[2021-07-14 20:20:42,574] {scheduler_job.py:643} INFO - DAG(s) dict_keys(['tutorial']) retrieved from /home/airflow/.local/lib/python3.6/site-packages/airflow/example_dags/tutorial.py
[2021-07-14 20:20:42,605] {logging_mixin.py:104} INFO - [2021-07-14 20:20:42,605] {dag.py:1833} INFO - Sync 1 DAGs
[2021-07-14 20:20:42,627] {logging_mixin.py:104} INFO - [2021-07-14 20:20:42,627] {dag.py:2306} INFO - Setting next_dagrun for tutorial to 2021-07-12 00:00:00+00:00
[2021-07-14 20:20:42,642] {scheduler_job.py:190} INFO - Processing /home/airflow/.local/lib/python3.6/site-packages/airflow/example_dags/tutorial.py took 0.088 seconds
[2021-07-14 20:21:12,957] {scheduler_job.py:182} INFO - Started process (PID=2786) to work on /home/airflow/.local/lib/python3.6/site-packages/airflow/example_dags/tutorial.py
[2021-07-14 20:21:12,960] {scheduler_job.py:633} INFO - Processing file /home/airflow/.local/lib/python3.6/site-packages/airflow/example_dags/tutorial.py for tasks to queue
[2021-07-14 20:21:12,961] {logging_mixin.py:104} INFO - [2021-07-14 20:21:12,961] {dagbag.py:496} INFO - Filling up the DagBag from /home/airflow/.local/lib/python3.6/site-packages/airflow/example_dags/tutorial.py
[2021-07-14 20:21:12,978] {scheduler_job.py:643} INFO - DAG(s) dict_keys(['tutorial']) retrieved from /home/airflow/.local/lib/python3.6/site-packages/airflow/example_dags/tutorial.py
[2021-07-14 20:21:13,009] {logging_mixin.py:104} INFO - [2021-07-14 20:21:13,009] {dag.py:1833} INFO - Sync 1 DAGs
[2021-07-14 20:21:13,030] {logging_mixin.py:104} INFO - [2021-07-14 20:21:13,030] {dag.py:2306} INFO - Setting next_dagrun for tutorial to 2021-07-12 00:00:00+00:00
[2021-07-14 20:21:13,043] {scheduler_job.py:190} INFO - Processing /home/airflow/.local/lib/python3.6/site-packages/airflow/example_dags/tutorial.py took 0.090 seconds
[2021-07-14 20:21:43,554] {scheduler_job.py:182} INFO - Started process (PID=2853) to work on /home/airflow/.local/lib/python3.6/site-packages/airflow/example_dags/tutorial.py
[2021-07-14 20:21:43,555] {scheduler_job.py:633} INFO - Processing file /home/airflow/.local/lib/python3.6/site-packages/airflow/example_dags/tutorial.py for tasks to queue
[2021-07-14 20:21:43,556] {logging_mixin.py:104} INFO - [2021-07-14 20:21:43,556] {dagbag.py:496} INFO - Filling up the DagBag from /home/airflow/.local/lib/python3.6/site-packages/airflow/example_dags/tutorial.py
[2021-07-14 20:21:43,569] {scheduler_job.py:643} INFO - DAG(s) dict_keys(['tutorial']) retrieved from /home/airflow/.local/lib/python3.6/site-packages/airflow/example_dags/tutorial.py
[2021-07-14 20:21:43,591] {logging_mixin.py:104} INFO - [2021-07-14 20:21:43,591] {dag.py:1833} INFO - Sync 1 DAGs
[2021-07-14 20:21:43,609] {logging_mixin.py:104} INFO - [2021-07-14 20:21:43,609] {dag.py:2306} INFO - Setting next_dagrun for tutorial to 2021-07-12 00:00:00+00:00
[2021-07-14 20:21:43,619] {scheduler_job.py:190} INFO - Processing /home/airflow/.local/lib/python3.6/site-packages/airflow/example_dags/tutorial.py took 0.070 seconds
[2021-07-14 20:22:14,332] {scheduler_job.py:182} INFO - Started process (PID=2907) to work on /home/airflow/.local/lib/python3.6/site-packages/airflow/example_dags/tutorial.py
[2021-07-14 20:22:14,333] {scheduler_job.py:633} INFO - Processing file /home/airflow/.local/lib/python3.6/site-packages/airflow/example_dags/tutorial.py for tasks to queue
[2021-07-14 20:22:14,334] {logging_mixin.py:104} INFO - [2021-07-14 20:22:14,334] {dagbag.py:496} INFO - Filling up the DagBag from /home/airflow/.local/lib/python3.6/site-packages/airflow/example_dags/tutorial.py
[2021-07-14 20:22:14,350] {scheduler_job.py:643} INFO - DAG(s) dict_keys(['tutorial']) retrieved from /home/airflow/.local/lib/python3.6/site-packages/airflow/example_dags/tutorial.py
[2021-07-14 20:22:14,381] {logging_mixin.py:104} INFO - [2021-07-14 20:22:14,381] {dag.py:1833} INFO - Sync 1 DAGs
[2021-07-14 20:22:14,409] {logging_mixin.py:104} INFO - [2021-07-14 20:22:14,409] {dag.py:2306} INFO - Setting next_dagrun for tutorial to 2021-07-12 00:00:00+00:00
[2021-07-14 20:22:14,427] {scheduler_job.py:190} INFO - Processing /home/airflow/.local/lib/python3.6/site-packages/airflow/example_dags/tutorial.py took 0.099 seconds
