[2021-10-21 18:52:12,004] {taskinstance.py:877} INFO - Dependencies all met for <TaskInstance: Fire_Incidents.Check_credentials 2021-10-21T18:52:11.286706+00:00 [queued]>
[2021-10-21 18:52:12,016] {taskinstance.py:877} INFO - Dependencies all met for <TaskInstance: Fire_Incidents.Check_credentials 2021-10-21T18:52:11.286706+00:00 [queued]>
[2021-10-21 18:52:12,016] {taskinstance.py:1068} INFO - 
--------------------------------------------------------------------------------
[2021-10-21 18:52:12,016] {taskinstance.py:1069} INFO - Starting attempt 1 of 2
[2021-10-21 18:52:12,016] {taskinstance.py:1070} INFO - 
--------------------------------------------------------------------------------
[2021-10-21 18:52:12,022] {taskinstance.py:1089} INFO - Executing <Task(PythonOperator): Check_credentials> on 2021-10-21T18:52:11.286706+00:00
[2021-10-21 18:52:12,026] {standard_task_runner.py:52} INFO - Started process 60 to run task
[2021-10-21 18:52:12,028] {standard_task_runner.py:76} INFO - Running: ['airflow', 'tasks', 'run', 'Fire_Incidents', 'Check_credentials', '2021-10-21T18:52:11.286706+00:00', '--job-id', '8', '--pool', 'default_pool', '--raw', '--subdir', 'DAGS_FOLDER/tutorial.py', '--cfg-path', '/tmp/tmpphbbw58z', '--error-file', '/tmp/tmpo1k8fuit']
[2021-10-21 18:52:12,029] {standard_task_runner.py:77} INFO - Job 8: Subtask Check_credentials
[2021-10-21 18:52:12,061] {logging_mixin.py:104} INFO - Running <TaskInstance: Fire_Incidents.Check_credentials 2021-10-21T18:52:11.286706+00:00 [running]> on host 8ad12bb33883
[2021-10-21 18:52:12,093] {taskinstance.py:1283} INFO - Exporting the following env vars:
AIRFLOW_CTX_DAG_EMAIL=airflow@example.com
AIRFLOW_CTX_DAG_OWNER=airflow
AIRFLOW_CTX_DAG_ID=Fire_Incidents
AIRFLOW_CTX_TASK_ID=Check_credentials
AIRFLOW_CTX_EXECUTION_DATE=2021-10-21T18:52:11.286706+00:00
AIRFLOW_CTX_DAG_RUN_ID=manual__2021-10-21T18:52:11.286706+00:00
[2021-10-21 18:52:12,093] {logging_mixin.py:104} INFO - The Connection is:
[2021-10-21 18:52:12,093] {logging_mixin.py:104} INFO - {'region_name': 'us-west-2', 'aws_session_token': 'FwoGZXIvYXdzEGoaDJReBSrOlfC09PeS7SKGAZYj8TJ17+aoC63as7iG5hoBR6sd977vDzKvgWTMf7J1mFWT3CBpgmPbT2hsPhjLMqX6qepk+EEKQgPTWaApYSUDed6XjBkZHt1mKVAH8TpjdS9+8MgDcEZJbapU8wizUZPzy0Yer2ot+23uFsHEWmWBJ9Oaf/mtLOmzdf/1uz3TsCOcbXRIKMvhwosGMij2XzeTshWnu45hR8qAGzfLMl4Zqr9PrjEI3oI7wOhJJWhks7mxcYAB'}
[2021-10-21 18:52:12,093] {logging_mixin.py:104} INFO - us-west-2
[2021-10-21 18:52:12,094] {logging_mixin.py:104} INFO - FwoGZXIvYXdzEGoaDJReBSrOlfC09PeS7SKGAZYj8TJ17+aoC63as7iG5hoBR6sd977vDzKvgWTMf7J1mFWT3CBpgmPbT2hsPhjLMqX6qepk+EEKQgPTWaApYSUDed6XjBkZHt1mKVAH8TpjdS9+8MgDcEZJbapU8wizUZPzy0Yer2ot+23uFsHEWmWBJ9Oaf/mtLOmzdf/1uz3TsCOcbXRIKMvhwosGMij2XzeTshWnu45hR8qAGzfLMl4Zqr9PrjEI3oI7wOhJJWhks7mxcYAB
[2021-10-21 18:52:12,094] {python.py:118} INFO - Done. Returned value was: None
[2021-10-21 18:52:12,102] {taskinstance.py:1192} INFO - Marking task as SUCCESS. dag_id=Fire_Incidents, task_id=Check_credentials, execution_date=20211021T185211, start_date=20211021T185212, end_date=20211021T185212
[2021-10-21 18:52:12,124] {taskinstance.py:1246} INFO - 1 downstream tasks scheduled from follow-on schedule check
[2021-10-21 18:52:12,161] {local_task_job.py:146} INFO - Task exited with return code 0
